ERROR - 2021-10-25 08:23:56 --> Error connecting to the database: No connection could be made because the target machine actively refused it.

CRITICAL - 2021-10-25 08:23:56 --> Unable to connect to the database.
#0 C:\xampp\htdocs\github\master\vendor\codeigniter4\framework\system\Database\BaseConnection.php(618): CodeIgniter\Database\BaseConnection->initialize()
#1 C:\xampp\htdocs\github\master\vendor\codeigniter4\framework\system\Database\BaseBuilder.php(1866): CodeIgniter\Database\BaseConnection->query('SELECT *\nFROM `...', Array, false)
#2 C:\xampp\htdocs\github\master\vendor\codeigniter4\framework\system\Model.php(247): CodeIgniter\Database\BaseBuilder->get()
#3 C:\xampp\htdocs\github\master\vendor\codeigniter4\framework\system\BaseModel.php(624): CodeIgniter\Model->doFirst()
#4 C:\xampp\htdocs\github\master\vendor\myth\auth\src\Authentication\LocalAuthenticator.php(202): CodeIgniter\BaseModel->first()
#5 C:\xampp\htdocs\github\master\vendor\myth\auth\src\Authentication\LocalAuthenticator.php(66): Myth\Auth\Authentication\LocalAuthenticator->validate(Array, true)
#6 C:\xampp\htdocs\github\master\vendor\myth\auth\src\Controllers\AuthController.php(88): Myth\Auth\Authentication\LocalAuthenticator->attempt(Array, false)
#7 C:\xampp\htdocs\github\master\vendor\codeigniter4\framework\system\CodeIgniter.php(940): Myth\Auth\Controllers\AuthController->attemptLogin()
#8 C:\xampp\htdocs\github\master\vendor\codeigniter4\framework\system\CodeIgniter.php(436): CodeIgniter\CodeIgniter->runController(Object(Myth\Auth\Controllers\AuthController))
#9 C:\xampp\htdocs\github\master\vendor\codeigniter4\framework\system\CodeIgniter.php(337): CodeIgniter\CodeIgniter->handleRequest(NULL, Object(Config\Cache), false)
#10 C:\xampp\htdocs\github\master\public\index.php(44): CodeIgniter\CodeIgniter->run()
#11 C:\xampp\htdocs\github\master\vendor\codeigniter4\framework\system\Commands\Server\rewrite.php(45): require_once('C:\\xampp\\htdocs...')
#12 {main}
CRITICAL - 2021-10-25 09:53:52 --> Undefined index: search
#0 C:\xampp\htdocs\github\master\modules\Sosmed\Models\ModelSosmed.php(31): CodeIgniter\Debug\Exceptions->errorHandler(8, 'Undefined index...', 'C:\\xampp\\htdocs...', 31, Array)
#1 C:\xampp\htdocs\github\master\modules\Sosmed\Models\ModelSosmed.php(56): Modules\Sosmed\Models\ModelSosmed->_get_datatables_query()
#2 C:\xampp\htdocs\github\master\modules\Sosmed\Controllers\DataSosmed.php(250): Modules\Sosmed\Models\ModelSosmed->get_datatables()
#3 C:\xampp\htdocs\github\master\vendor\codeigniter4\framework\system\CodeIgniter.php(940): Modules\Sosmed\Controllers\DataSosmed->view_sosmed_data()
#4 C:\xampp\htdocs\github\master\vendor\codeigniter4\framework\system\CodeIgniter.php(436): CodeIgniter\CodeIgniter->runController(Object(Modules\Sosmed\Controllers\DataSosmed))
#5 C:\xampp\htdocs\github\master\vendor\codeigniter4\framework\system\CodeIgniter.php(337): CodeIgniter\CodeIgniter->handleRequest(NULL, Object(Config\Cache), false)
#6 C:\xampp\htdocs\github\master\public\index.php(44): CodeIgniter\CodeIgniter->run()
#7 C:\xampp\htdocs\github\master\vendor\codeigniter4\framework\system\Commands\Server\rewrite.php(45): require_once('C:\\xampp\\htdocs...')
#8 {main}
CRITICAL - 2021-10-25 09:53:56 --> Undefined index: search
#0 C:\xampp\htdocs\github\master\modules\Sosmed\Models\ModelSosmed.php(31): CodeIgniter\Debug\Exceptions->errorHandler(8, 'Undefined index...', 'C:\\xampp\\htdocs...', 31, Array)
#1 C:\xampp\htdocs\github\master\modules\Sosmed\Models\ModelSosmed.php(56): Modules\Sosmed\Models\ModelSosmed->_get_datatables_query()
#2 C:\xampp\htdocs\github\master\modules\Sosmed\Controllers\DataSosmed.php(250): Modules\Sosmed\Models\ModelSosmed->get_datatables()
#3 C:\xampp\htdocs\github\master\vendor\codeigniter4\framework\system\CodeIgniter.php(940): Modules\Sosmed\Controllers\DataSosmed->view_sosmed_data()
#4 C:\xampp\htdocs\github\master\vendor\codeigniter4\framework\system\CodeIgniter.php(436): CodeIgniter\CodeIgniter->runController(Object(Modules\Sosmed\Controllers\DataSosmed))
#5 C:\xampp\htdocs\github\master\vendor\codeigniter4\framework\system\CodeIgniter.php(337): CodeIgniter\CodeIgniter->handleRequest(NULL, Object(Config\Cache), false)
#6 C:\xampp\htdocs\github\master\public\index.php(44): CodeIgniter\CodeIgniter->run()
#7 C:\xampp\htdocs\github\master\vendor\codeigniter4\framework\system\Commands\Server\rewrite.php(45): require_once('C:\\xampp\\htdocs...')
#8 {main}
CRITICAL - 2021-10-25 10:00:17 --> Trying to get property 'id' of non-object
#0 C:\xampp\htdocs\github\master\modules\Sosmed\Controllers\DataSosmed.php(252): CodeIgniter\Debug\Exceptions->errorHandler(8, 'Trying to get p...', 'C:\\xampp\\htdocs...', 252, Array)
#1 C:\xampp\htdocs\github\master\vendor\codeigniter4\framework\system\CodeIgniter.php(940): Modules\Sosmed\Controllers\DataSosmed->view_sosmed_data()
#2 C:\xampp\htdocs\github\master\vendor\codeigniter4\framework\system\CodeIgniter.php(436): CodeIgniter\CodeIgniter->runController(Object(Modules\Sosmed\Controllers\DataSosmed))
#3 C:\xampp\htdocs\github\master\vendor\codeigniter4\framework\system\CodeIgniter.php(337): CodeIgniter\CodeIgniter->handleRequest(NULL, Object(Config\Cache), false)
#4 C:\xampp\htdocs\github\master\public\index.php(44): CodeIgniter\CodeIgniter->run()
#5 C:\xampp\htdocs\github\master\vendor\codeigniter4\framework\system\Commands\Server\rewrite.php(45): require_once('C:\\xampp\\htdocs...')
#6 {main}
CRITICAL - 2021-10-25 10:00:44 --> Undefined variable: data_model
#0 C:\xampp\htdocs\github\master\modules\Sosmed\Controllers\DataSosmed.php(254): CodeIgniter\Debug\Exceptions->errorHandler(8, 'Undefined varia...', 'C:\\xampp\\htdocs...', 254, Array)
#1 C:\xampp\htdocs\github\master\vendor\codeigniter4\framework\system\CodeIgniter.php(940): Modules\Sosmed\Controllers\DataSosmed->view_sosmed_data()
#2 C:\xampp\htdocs\github\master\vendor\codeigniter4\framework\system\CodeIgniter.php(436): CodeIgniter\CodeIgniter->runController(Object(Modules\Sosmed\Controllers\DataSosmed))
#3 C:\xampp\htdocs\github\master\vendor\codeigniter4\framework\system\CodeIgniter.php(337): CodeIgniter\CodeIgniter->handleRequest(NULL, Object(Config\Cache), false)
#4 C:\xampp\htdocs\github\master\public\index.php(44): CodeIgniter\CodeIgniter->run()
#5 C:\xampp\htdocs\github\master\vendor\codeigniter4\framework\system\Commands\Server\rewrite.php(45): require_once('C:\\xampp\\htdocs...')
#6 {main}
CRITICAL - 2021-10-25 11:04:18 --> Undefined index: search
#0 C:\xampp\htdocs\github\master\modules\Sosmed\Models\ModelSosmed.php(31): CodeIgniter\Debug\Exceptions->errorHandler(8, 'Undefined index...', 'C:\\xampp\\htdocs...', 31, Array)
#1 C:\xampp\htdocs\github\master\modules\Sosmed\Models\ModelSosmed.php(56): Modules\Sosmed\Models\ModelSosmed->_get_datatables_query()
#2 C:\xampp\htdocs\github\master\modules\Sosmed\Controllers\DataSosmed.php(237): Modules\Sosmed\Models\ModelSosmed->get_datatables()
#3 C:\xampp\htdocs\github\master\vendor\codeigniter4\framework\system\CodeIgniter.php(940): Modules\Sosmed\Controllers\DataSosmed->view_sosmed_data()
#4 C:\xampp\htdocs\github\master\vendor\codeigniter4\framework\system\CodeIgniter.php(436): CodeIgniter\CodeIgniter->runController(Object(Modules\Sosmed\Controllers\DataSosmed))
#5 C:\xampp\htdocs\github\master\vendor\codeigniter4\framework\system\CodeIgniter.php(337): CodeIgniter\CodeIgniter->handleRequest(NULL, Object(Config\Cache), false)
#6 C:\xampp\htdocs\github\master\public\index.php(44): CodeIgniter\CodeIgniter->run()
#7 C:\xampp\htdocs\github\master\vendor\codeigniter4\framework\system\Commands\Server\rewrite.php(45): require_once('C:\\xampp\\htdocs...')
#8 {main}
CRITICAL - 2021-10-25 11:04:50 --> Undefined index: search
#0 C:\xampp\htdocs\github\master\modules\Sosmed\Models\ModelSosmed.php(31): CodeIgniter\Debug\Exceptions->errorHandler(8, 'Undefined index...', 'C:\\xampp\\htdocs...', 31, Array)
#1 C:\xampp\htdocs\github\master\modules\Sosmed\Models\ModelSosmed.php(56): Modules\Sosmed\Models\ModelSosmed->_get_datatables_query()
#2 C:\xampp\htdocs\github\master\modules\Sosmed\Controllers\DataSosmed.php(237): Modules\Sosmed\Models\ModelSosmed->get_datatables()
#3 C:\xampp\htdocs\github\master\vendor\codeigniter4\framework\system\CodeIgniter.php(940): Modules\Sosmed\Controllers\DataSosmed->view_sosmed_data()
#4 C:\xampp\htdocs\github\master\vendor\codeigniter4\framework\system\CodeIgniter.php(436): CodeIgniter\CodeIgniter->runController(Object(Modules\Sosmed\Controllers\DataSosmed))
#5 C:\xampp\htdocs\github\master\vendor\codeigniter4\framework\system\CodeIgniter.php(337): CodeIgniter\CodeIgniter->handleRequest(NULL, Object(Config\Cache), false)
#6 C:\xampp\htdocs\github\master\public\index.php(44): CodeIgniter\CodeIgniter->run()
#7 C:\xampp\htdocs\github\master\vendor\codeigniter4\framework\system\Commands\Server\rewrite.php(45): require_once('C:\\xampp\\htdocs...')
#8 {main}
CRITICAL - 2021-10-25 11:19:38 --> Call to undefined method Modules\Sosmed\Models\ModelSosmed::count_all
#0 C:\xampp\htdocs\github\master\modules\Sosmed\Controllers\DataSosmed.php(293): CodeIgniter\Model->__call('count_all', Array)
#1 C:\xampp\htdocs\github\master\vendor\codeigniter4\framework\system\CodeIgniter.php(940): Modules\Sosmed\Controllers\DataSosmed->view_sosmed_data()
#2 C:\xampp\htdocs\github\master\vendor\codeigniter4\framework\system\CodeIgniter.php(436): CodeIgniter\CodeIgniter->runController(Object(Modules\Sosmed\Controllers\DataSosmed))
#3 C:\xampp\htdocs\github\master\vendor\codeigniter4\framework\system\CodeIgniter.php(337): CodeIgniter\CodeIgniter->handleRequest(NULL, Object(Config\Cache), false)
#4 C:\xampp\htdocs\github\master\public\index.php(44): CodeIgniter\CodeIgniter->run()
#5 C:\xampp\htdocs\github\master\vendor\codeigniter4\framework\system\Commands\Server\rewrite.php(45): require_once('C:\\xampp\\htdocs...')
#6 {main}
CRITICAL - 2021-10-25 11:20:19 --> Call to undefined method Modules\Sosmed\Models\ModelSosmed::count_all
#0 C:\xampp\htdocs\github\master\modules\Sosmed\Controllers\DataSosmed.php(293): CodeIgniter\Model->__call('count_all', Array)
#1 C:\xampp\htdocs\github\master\vendor\codeigniter4\framework\system\CodeIgniter.php(940): Modules\Sosmed\Controllers\DataSosmed->view_sosmed_data()
#2 C:\xampp\htdocs\github\master\vendor\codeigniter4\framework\system\CodeIgniter.php(436): CodeIgniter\CodeIgniter->runController(Object(Modules\Sosmed\Controllers\DataSosmed))
#3 C:\xampp\htdocs\github\master\vendor\codeigniter4\framework\system\CodeIgniter.php(337): CodeIgniter\CodeIgniter->handleRequest(NULL, Object(Config\Cache), false)
#4 C:\xampp\htdocs\github\master\public\index.php(44): CodeIgniter\CodeIgniter->run()
#5 C:\xampp\htdocs\github\master\vendor\codeigniter4\framework\system\Commands\Server\rewrite.php(45): require_once('C:\\xampp\\htdocs...')
#6 {main}
CRITICAL - 2021-10-25 11:37:38 --> Undefined variable: r
#0 C:\xampp\htdocs\github\master\modules\Sosmed\Controllers\DataSosmed.php(137): CodeIgniter\Debug\Exceptions->errorHandler(8, 'Undefined varia...', 'C:\\xampp\\htdocs...', 137, Array)
#1 C:\xampp\htdocs\github\master\vendor\codeigniter4\framework\system\CodeIgniter.php(940): Modules\Sosmed\Controllers\DataSosmed->datatabel()
#2 C:\xampp\htdocs\github\master\vendor\codeigniter4\framework\system\CodeIgniter.php(436): CodeIgniter\CodeIgniter->runController(Object(Modules\Sosmed\Controllers\DataSosmed))
#3 C:\xampp\htdocs\github\master\vendor\codeigniter4\framework\system\CodeIgniter.php(337): CodeIgniter\CodeIgniter->handleRequest(NULL, Object(Config\Cache), false)
#4 C:\xampp\htdocs\github\master\public\index.php(44): CodeIgniter\CodeIgniter->run()
#5 C:\xampp\htdocs\github\master\vendor\codeigniter4\framework\system\Commands\Server\rewrite.php(45): require_once('C:\\xampp\\htdocs...')
#6 {main}
CRITICAL - 2021-10-25 12:00:19 --> Trying to access array offset on value of type null
#0 C:\xampp\htdocs\github\master\modules\Layout\Views\sidebar.php(100): CodeIgniter\Debug\Exceptions->errorHandler(8, 'Trying to acces...', 'C:\\xampp\\htdocs...', 100, Array)
#1 C:\xampp\htdocs\github\master\vendor\codeigniter4\framework\system\View\View.php(220): include('C:\\xampp\\htdocs...')
#2 C:\xampp\htdocs\github\master\vendor\codeigniter4\framework\system\View\View.php(222): CodeIgniter\View\View->CodeIgniter\View\{closure}()
#3 C:\xampp\htdocs\github\master\vendor\codeigniter4\framework\system\View\View.php(468): CodeIgniter\View\View->render('Modules\\Layout\\...', NULL, true)
#4 C:\xampp\htdocs\github\master\modules\Layout\Views\layout.php(62): CodeIgniter\View\View->include('Modules\\Layout\\...')
#5 C:\xampp\htdocs\github\master\vendor\codeigniter4\framework\system\View\View.php(220): include('C:\\xampp\\htdocs...')
#6 C:\xampp\htdocs\github\master\vendor\codeigniter4\framework\system\View\View.php(222): CodeIgniter\View\View->CodeIgniter\View\{closure}()
#7 C:\xampp\htdocs\github\master\vendor\codeigniter4\framework\system\View\View.php(236): CodeIgniter\View\View->render('Modules\\Layout\\...', Array, true)
#8 C:\xampp\htdocs\github\master\vendor\codeigniter4\framework\system\Common.php(1217): CodeIgniter\View\View->render('Modules\\Sosmed\\...', Array, true)
#9 C:\xampp\htdocs\github\master\modules\Sosmed\Controllers\DataOperatorSosmed.php(34): view('Modules\\Sosmed\\...', Array)
#10 C:\xampp\htdocs\github\master\vendor\codeigniter4\framework\system\CodeIgniter.php(940): Modules\Sosmed\Controllers\DataOperatorSosmed->sosmed()
#11 C:\xampp\htdocs\github\master\vendor\codeigniter4\framework\system\CodeIgniter.php(436): CodeIgniter\CodeIgniter->runController(Object(Modules\Sosmed\Controllers\DataOperatorSosmed))
#12 C:\xampp\htdocs\github\master\vendor\codeigniter4\framework\system\CodeIgniter.php(337): CodeIgniter\CodeIgniter->handleRequest(NULL, Object(Config\Cache), false)
#13 C:\xampp\htdocs\github\master\public\index.php(44): CodeIgniter\CodeIgniter->run()
#14 C:\xampp\htdocs\github\master\vendor\codeigniter4\framework\system\Commands\Server\rewrite.php(45): require_once('C:\\xampp\\htdocs...')
#15 {main}
CRITICAL - 2021-10-25 12:00:37 --> Trying to access array offset on value of type null
#0 C:\xampp\htdocs\github\master\modules\Layout\Views\sidebar.php(100): CodeIgniter\Debug\Exceptions->errorHandler(8, 'Trying to acces...', 'C:\\xampp\\htdocs...', 100, Array)
#1 C:\xampp\htdocs\github\master\vendor\codeigniter4\framework\system\View\View.php(220): include('C:\\xampp\\htdocs...')
#2 C:\xampp\htdocs\github\master\vendor\codeigniter4\framework\system\View\View.php(222): CodeIgniter\View\View->CodeIgniter\View\{closure}()
#3 C:\xampp\htdocs\github\master\vendor\codeigniter4\framework\system\View\View.php(468): CodeIgniter\View\View->render('Modules\\Layout\\...', NULL, true)
#4 C:\xampp\htdocs\github\master\modules\Layout\Views\layout.php(62): CodeIgniter\View\View->include('Modules\\Layout\\...')
#5 C:\xampp\htdocs\github\master\vendor\codeigniter4\framework\system\View\View.php(220): include('C:\\xampp\\htdocs...')
#6 C:\xampp\htdocs\github\master\vendor\codeigniter4\framework\system\View\View.php(222): CodeIgniter\View\View->CodeIgniter\View\{closure}()
#7 C:\xampp\htdocs\github\master\vendor\codeigniter4\framework\system\View\View.php(236): CodeIgniter\View\View->render('Modules\\Layout\\...', Array, true)
#8 C:\xampp\htdocs\github\master\vendor\codeigniter4\framework\system\Common.php(1217): CodeIgniter\View\View->render('Modules\\Sosmed\\...', Array, true)
#9 C:\xampp\htdocs\github\master\modules\Sosmed\Controllers\DataOperatorSosmed.php(34): view('Modules\\Sosmed\\...', Array)
#10 C:\xampp\htdocs\github\master\vendor\codeigniter4\framework\system\CodeIgniter.php(940): Modules\Sosmed\Controllers\DataOperatorSosmed->sosmed()
#11 C:\xampp\htdocs\github\master\vendor\codeigniter4\framework\system\CodeIgniter.php(436): CodeIgniter\CodeIgniter->runController(Object(Modules\Sosmed\Controllers\DataOperatorSosmed))
#12 C:\xampp\htdocs\github\master\vendor\codeigniter4\framework\system\CodeIgniter.php(337): CodeIgniter\CodeIgniter->handleRequest(NULL, Object(Config\Cache), false)
#13 C:\xampp\htdocs\github\master\public\index.php(44): CodeIgniter\CodeIgniter->run()
#14 C:\xampp\htdocs\github\master\vendor\codeigniter4\framework\system\Commands\Server\rewrite.php(45): require_once('C:\\xampp\\htdocs...')
#15 {main}
CRITICAL - 2021-10-25 12:07:36 --> Trying to access array offset on value of type null
#0 C:\xampp\htdocs\github\master\modules\Layout\Views\sidebar.php(100): CodeIgniter\Debug\Exceptions->errorHandler(8, 'Trying to acces...', 'C:\\xampp\\htdocs...', 100, Array)
#1 C:\xampp\htdocs\github\master\vendor\codeigniter4\framework\system\View\View.php(220): include('C:\\xampp\\htdocs...')
#2 C:\xampp\htdocs\github\master\vendor\codeigniter4\framework\system\View\View.php(222): CodeIgniter\View\View->CodeIgniter\View\{closure}()
#3 C:\xampp\htdocs\github\master\vendor\codeigniter4\framework\system\View\View.php(468): CodeIgniter\View\View->render('Modules\\Layout\\...', NULL, true)
#4 C:\xampp\htdocs\github\master\modules\Layout\Views\layout.php(62): CodeIgniter\View\View->include('Modules\\Layout\\...')
#5 C:\xampp\htdocs\github\master\vendor\codeigniter4\framework\system\View\View.php(220): include('C:\\xampp\\htdocs...')
#6 C:\xampp\htdocs\github\master\vendor\codeigniter4\framework\system\View\View.php(222): CodeIgniter\View\View->CodeIgniter\View\{closure}()
#7 C:\xampp\htdocs\github\master\vendor\codeigniter4\framework\system\View\View.php(236): CodeIgniter\View\View->render('Modules\\Layout\\...', Array, true)
#8 C:\xampp\htdocs\github\master\vendor\codeigniter4\framework\system\Common.php(1217): CodeIgniter\View\View->render('Modules\\Sosmed\\...', Array, true)
#9 C:\xampp\htdocs\github\master\modules\Sosmed\Controllers\DataOperatorSosmed.php(34): view('Modules\\Sosmed\\...', Array)
#10 C:\xampp\htdocs\github\master\vendor\codeigniter4\framework\system\CodeIgniter.php(940): Modules\Sosmed\Controllers\DataOperatorSosmed->sosmed()
#11 C:\xampp\htdocs\github\master\vendor\codeigniter4\framework\system\CodeIgniter.php(436): CodeIgniter\CodeIgniter->runController(Object(Modules\Sosmed\Controllers\DataOperatorSosmed))
#12 C:\xampp\htdocs\github\master\vendor\codeigniter4\framework\system\CodeIgniter.php(337): CodeIgniter\CodeIgniter->handleRequest(NULL, Object(Config\Cache), false)
#13 C:\xampp\htdocs\github\master\public\index.php(44): CodeIgniter\CodeIgniter->run()
#14 C:\xampp\htdocs\github\master\vendor\codeigniter4\framework\system\Commands\Server\rewrite.php(45): require_once('C:\\xampp\\htdocs...')
#15 {main}
CRITICAL - 2021-10-25 12:08:24 --> Trying to access array offset on value of type null
#0 C:\xampp\htdocs\github\master\modules\Layout\Views\sidebar.php(100): CodeIgniter\Debug\Exceptions->errorHandler(8, 'Trying to acces...', 'C:\\xampp\\htdocs...', 100, Array)
#1 C:\xampp\htdocs\github\master\vendor\codeigniter4\framework\system\View\View.php(220): include('C:\\xampp\\htdocs...')
#2 C:\xampp\htdocs\github\master\vendor\codeigniter4\framework\system\View\View.php(222): CodeIgniter\View\View->CodeIgniter\View\{closure}()
#3 C:\xampp\htdocs\github\master\vendor\codeigniter4\framework\system\View\View.php(468): CodeIgniter\View\View->render('Modules\\Layout\\...', NULL, true)
#4 C:\xampp\htdocs\github\master\modules\Layout\Views\layout.php(62): CodeIgniter\View\View->include('Modules\\Layout\\...')
#5 C:\xampp\htdocs\github\master\vendor\codeigniter4\framework\system\View\View.php(220): include('C:\\xampp\\htdocs...')
#6 C:\xampp\htdocs\github\master\vendor\codeigniter4\framework\system\View\View.php(222): CodeIgniter\View\View->CodeIgniter\View\{closure}()
#7 C:\xampp\htdocs\github\master\vendor\codeigniter4\framework\system\View\View.php(236): CodeIgniter\View\View->render('Modules\\Layout\\...', Array, true)
#8 C:\xampp\htdocs\github\master\vendor\codeigniter4\framework\system\Common.php(1217): CodeIgniter\View\View->render('Modules\\Sosmed\\...', Array, true)
#9 C:\xampp\htdocs\github\master\modules\Sosmed\Controllers\DataOperatorSosmed.php(34): view('Modules\\Sosmed\\...', Array)
#10 C:\xampp\htdocs\github\master\vendor\codeigniter4\framework\system\CodeIgniter.php(940): Modules\Sosmed\Controllers\DataOperatorSosmed->sosmed()
#11 C:\xampp\htdocs\github\master\vendor\codeigniter4\framework\system\CodeIgniter.php(436): CodeIgniter\CodeIgniter->runController(Object(Modules\Sosmed\Controllers\DataOperatorSosmed))
#12 C:\xampp\htdocs\github\master\vendor\codeigniter4\framework\system\CodeIgniter.php(337): CodeIgniter\CodeIgniter->handleRequest(NULL, Object(Config\Cache), false)
#13 C:\xampp\htdocs\github\master\public\index.php(44): CodeIgniter\CodeIgniter->run()
#14 C:\xampp\htdocs\github\master\vendor\codeigniter4\framework\system\Commands\Server\rewrite.php(45): require_once('C:\\xampp\\htdocs...')
#15 {main}
CRITICAL - 2021-10-25 12:08:29 --> Trying to access array offset on value of type null
#0 C:\xampp\htdocs\github\master\modules\Layout\Views\sidebar.php(100): CodeIgniter\Debug\Exceptions->errorHandler(8, 'Trying to acces...', 'C:\\xampp\\htdocs...', 100, Array)
#1 C:\xampp\htdocs\github\master\vendor\codeigniter4\framework\system\View\View.php(220): include('C:\\xampp\\htdocs...')
#2 C:\xampp\htdocs\github\master\vendor\codeigniter4\framework\system\View\View.php(222): CodeIgniter\View\View->CodeIgniter\View\{closure}()
#3 C:\xampp\htdocs\github\master\vendor\codeigniter4\framework\system\View\View.php(468): CodeIgniter\View\View->render('Modules\\Layout\\...', NULL, true)
#4 C:\xampp\htdocs\github\master\modules\Layout\Views\layout.php(62): CodeIgniter\View\View->include('Modules\\Layout\\...')
#5 C:\xampp\htdocs\github\master\vendor\codeigniter4\framework\system\View\View.php(220): include('C:\\xampp\\htdocs...')
#6 C:\xampp\htdocs\github\master\vendor\codeigniter4\framework\system\View\View.php(222): CodeIgniter\View\View->CodeIgniter\View\{closure}()
#7 C:\xampp\htdocs\github\master\vendor\codeigniter4\framework\system\View\View.php(236): CodeIgniter\View\View->render('Modules\\Layout\\...', Array, true)
#8 C:\xampp\htdocs\github\master\vendor\codeigniter4\framework\system\Common.php(1217): CodeIgniter\View\View->render('Modules\\Sosmed\\...', Array, true)
#9 C:\xampp\htdocs\github\master\modules\Sosmed\Controllers\DataOperatorSosmed.php(34): view('Modules\\Sosmed\\...', Array)
#10 C:\xampp\htdocs\github\master\vendor\codeigniter4\framework\system\CodeIgniter.php(940): Modules\Sosmed\Controllers\DataOperatorSosmed->sosmed()
#11 C:\xampp\htdocs\github\master\vendor\codeigniter4\framework\system\CodeIgniter.php(436): CodeIgniter\CodeIgniter->runController(Object(Modules\Sosmed\Controllers\DataOperatorSosmed))
#12 C:\xampp\htdocs\github\master\vendor\codeigniter4\framework\system\CodeIgniter.php(337): CodeIgniter\CodeIgniter->handleRequest(NULL, Object(Config\Cache), false)
#13 C:\xampp\htdocs\github\master\public\index.php(44): CodeIgniter\CodeIgniter->run()
#14 C:\xampp\htdocs\github\master\vendor\codeigniter4\framework\system\Commands\Server\rewrite.php(45): require_once('C:\\xampp\\htdocs...')
#15 {main}
CRITICAL - 2021-10-25 12:37:00 --> Trying to access array offset on value of type null
#0 C:\xampp\htdocs\github\master\modules\Layout\Views\sidebar.php(100): CodeIgniter\Debug\Exceptions->errorHandler(8, 'Trying to acces...', 'C:\\xampp\\htdocs...', 100, Array)
#1 C:\xampp\htdocs\github\master\vendor\codeigniter4\framework\system\View\View.php(220): include('C:\\xampp\\htdocs...')
#2 C:\xampp\htdocs\github\master\vendor\codeigniter4\framework\system\View\View.php(222): CodeIgniter\View\View->CodeIgniter\View\{closure}()
#3 C:\xampp\htdocs\github\master\vendor\codeigniter4\framework\system\View\View.php(468): CodeIgniter\View\View->render('Modules\\Layout\\...', NULL, true)
#4 C:\xampp\htdocs\github\master\modules\Layout\Views\layout.php(62): CodeIgniter\View\View->include('Modules\\Layout\\...')
#5 C:\xampp\htdocs\github\master\vendor\codeigniter4\framework\system\View\View.php(220): include('C:\\xampp\\htdocs...')
#6 C:\xampp\htdocs\github\master\vendor\codeigniter4\framework\system\View\View.php(222): CodeIgniter\View\View->CodeIgniter\View\{closure}()
#7 C:\xampp\htdocs\github\master\vendor\codeigniter4\framework\system\View\View.php(236): CodeIgniter\View\View->render('Modules\\Layout\\...', Array, true)
#8 C:\xampp\htdocs\github\master\vendor\codeigniter4\framework\system\Common.php(1217): CodeIgniter\View\View->render('Modules\\Sosmed\\...', Array, true)
#9 C:\xampp\htdocs\github\master\modules\Sosmed\Controllers\DataOperatorSosmed.php(34): view('Modules\\Sosmed\\...', Array)
#10 C:\xampp\htdocs\github\master\vendor\codeigniter4\framework\system\CodeIgniter.php(940): Modules\Sosmed\Controllers\DataOperatorSosmed->sosmed()
#11 C:\xampp\htdocs\github\master\vendor\codeigniter4\framework\system\CodeIgniter.php(436): CodeIgniter\CodeIgniter->runController(Object(Modules\Sosmed\Controllers\DataOperatorSosmed))
#12 C:\xampp\htdocs\github\master\vendor\codeigniter4\framework\system\CodeIgniter.php(337): CodeIgniter\CodeIgniter->handleRequest(NULL, Object(Config\Cache), false)
#13 C:\xampp\htdocs\github\master\public\index.php(44): CodeIgniter\CodeIgniter->run()
#14 C:\xampp\htdocs\github\master\vendor\codeigniter4\framework\system\Commands\Server\rewrite.php(45): require_once('C:\\xampp\\htdocs...')
#15 {main}
CRITICAL - 2021-10-25 12:37:07 --> Trying to access array offset on value of type null
#0 C:\xampp\htdocs\github\master\modules\Layout\Views\sidebar.php(100): CodeIgniter\Debug\Exceptions->errorHandler(8, 'Trying to acces...', 'C:\\xampp\\htdocs...', 100, Array)
#1 C:\xampp\htdocs\github\master\vendor\codeigniter4\framework\system\View\View.php(220): include('C:\\xampp\\htdocs...')
#2 C:\xampp\htdocs\github\master\vendor\codeigniter4\framework\system\View\View.php(222): CodeIgniter\View\View->CodeIgniter\View\{closure}()
#3 C:\xampp\htdocs\github\master\vendor\codeigniter4\framework\system\View\View.php(468): CodeIgniter\View\View->render('Modules\\Layout\\...', NULL, true)
#4 C:\xampp\htdocs\github\master\modules\Layout\Views\layout.php(62): CodeIgniter\View\View->include('Modules\\Layout\\...')
#5 C:\xampp\htdocs\github\master\vendor\codeigniter4\framework\system\View\View.php(220): include('C:\\xampp\\htdocs...')
#6 C:\xampp\htdocs\github\master\vendor\codeigniter4\framework\system\View\View.php(222): CodeIgniter\View\View->CodeIgniter\View\{closure}()
#7 C:\xampp\htdocs\github\master\vendor\codeigniter4\framework\system\View\View.php(236): CodeIgniter\View\View->render('Modules\\Layout\\...', Array, true)
#8 C:\xampp\htdocs\github\master\vendor\codeigniter4\framework\system\Common.php(1217): CodeIgniter\View\View->render('Modules\\Sosmed\\...', Array, true)
#9 C:\xampp\htdocs\github\master\modules\Sosmed\Controllers\DataOperatorSosmed.php(34): view('Modules\\Sosmed\\...', Array)
#10 C:\xampp\htdocs\github\master\vendor\codeigniter4\framework\system\CodeIgniter.php(940): Modules\Sosmed\Controllers\DataOperatorSosmed->sosmed()
#11 C:\xampp\htdocs\github\master\vendor\codeigniter4\framework\system\CodeIgniter.php(436): CodeIgniter\CodeIgniter->runController(Object(Modules\Sosmed\Controllers\DataOperatorSosmed))
#12 C:\xampp\htdocs\github\master\vendor\codeigniter4\framework\system\CodeIgniter.php(337): CodeIgniter\CodeIgniter->handleRequest(NULL, Object(Config\Cache), false)
#13 C:\xampp\htdocs\github\master\public\index.php(44): CodeIgniter\CodeIgniter->run()
#14 C:\xampp\htdocs\github\master\vendor\codeigniter4\framework\system\Commands\Server\rewrite.php(45): require_once('C:\\xampp\\htdocs...')
#15 {main}
CRITICAL - 2021-10-25 13:59:29 --> Class 'Modules\Sosmed\Models\ModelDataOperatorSosmed' not found
#0 C:\xampp\htdocs\github\master\vendor\codeigniter4\framework\system\CodeIgniter.php(912): Modules\Sosmed\Controllers\DataOperatorSosmed->__construct()
#1 C:\xampp\htdocs\github\master\vendor\codeigniter4\framework\system\CodeIgniter.php(426): CodeIgniter\CodeIgniter->createController()
#2 C:\xampp\htdocs\github\master\vendor\codeigniter4\framework\system\CodeIgniter.php(337): CodeIgniter\CodeIgniter->handleRequest(NULL, Object(Config\Cache), false)
#3 C:\xampp\htdocs\github\master\public\index.php(44): CodeIgniter\CodeIgniter->run()
#4 C:\xampp\htdocs\github\master\vendor\codeigniter4\framework\system\Commands\Server\rewrite.php(45): require_once('C:\\xampp\\htdocs...')
#5 {main}
ERROR - 2021-10-25 14:00:18 --> mysqli_sql_exception: Unknown column 'auth_groups.name' in 'order clause' in C:\xampp\htdocs\github\master\vendor\codeigniter4\framework\system\Database\MySQLi\Connection.php:314
Stack trace:
#0 C:\xampp\htdocs\github\master\vendor\codeigniter4\framework\system\Database\MySQLi\Connection.php(314): mysqli->query('SELECT `sosmedo...')
#1 C:\xampp\htdocs\github\master\vendor\codeigniter4\framework\system\Database\BaseConnection.php(713): CodeIgniter\Database\MySQLi\Connection->execute('SELECT `sosmedo...')
#2 C:\xampp\htdocs\github\master\vendor\codeigniter4\framework\system\Database\BaseConnection.php(641): CodeIgniter\Database\BaseConnection->simpleQuery('SELECT `sosmedo...')
#3 C:\xampp\htdocs\github\master\vendor\codeigniter4\framework\system\Database\BaseBuilder.php(1866): CodeIgniter\Database\BaseConnection->query('SELECT `sosmedo...', Array, false)
#4 C:\xampp\htdocs\github\master\modules\Sosmed\Models\ModelDataOperatorSosmed.php(63): CodeIgniter\Database\BaseBuilder->get()
#5 C:\xampp\htdocs\github\master\modules\Sosmed\Controllers\DataOperatorSosmed.php(39): Modules\Sosmed\Models\ModelDataOperatorSosmed->get_datatables()
#6 C:\xampp\htdocs\github\master\vendor\codeigniter4\framework\system\CodeIgniter.php(940): Modules\Sosmed\Controllers\DataOperatorSosmed->datatabel()
#7 C:\xampp\htdocs\github\master\vendor\codeigniter4\framework\system\CodeIgniter.php(436): CodeIgniter\CodeIgniter->runController(Object(Modules\Sosmed\Controllers\DataOperatorSosmed))
#8 C:\xampp\htdocs\github\master\vendor\codeigniter4\framework\system\CodeIgniter.php(337): CodeIgniter\CodeIgniter->handleRequest(NULL, Object(Config\Cache), false)
#9 C:\xampp\htdocs\github\master\public\index.php(44): CodeIgniter\CodeIgniter->run()
#10 C:\xampp\htdocs\github\master\vendor\codeigniter4\framework\system\Commands\Server\rewrite.php(45): require_once('C:\\xampp\\htdocs...')
#11 {main}
CRITICAL - 2021-10-25 14:00:18 --> Unknown column 'auth_groups.name' in 'order clause'
#0 C:\xampp\htdocs\github\master\vendor\codeigniter4\framework\system\Database\MySQLi\Connection.php(314): mysqli->query('SELECT `sosmedo...')
#1 C:\xampp\htdocs\github\master\vendor\codeigniter4\framework\system\Database\BaseConnection.php(713): CodeIgniter\Database\MySQLi\Connection->execute('SELECT `sosmedo...')
#2 C:\xampp\htdocs\github\master\vendor\codeigniter4\framework\system\Database\BaseConnection.php(641): CodeIgniter\Database\BaseConnection->simpleQuery('SELECT `sosmedo...')
#3 C:\xampp\htdocs\github\master\vendor\codeigniter4\framework\system\Database\BaseBuilder.php(1866): CodeIgniter\Database\BaseConnection->query('SELECT `sosmedo...', Array, false)
#4 C:\xampp\htdocs\github\master\modules\Sosmed\Models\ModelDataOperatorSosmed.php(63): CodeIgniter\Database\BaseBuilder->get()
#5 C:\xampp\htdocs\github\master\modules\Sosmed\Controllers\DataOperatorSosmed.php(39): Modules\Sosmed\Models\ModelDataOperatorSosmed->get_datatables()
#6 C:\xampp\htdocs\github\master\vendor\codeigniter4\framework\system\CodeIgniter.php(940): Modules\Sosmed\Controllers\DataOperatorSosmed->datatabel()
#7 C:\xampp\htdocs\github\master\vendor\codeigniter4\framework\system\CodeIgniter.php(436): CodeIgniter\CodeIgniter->runController(Object(Modules\Sosmed\Controllers\DataOperatorSosmed))
#8 C:\xampp\htdocs\github\master\vendor\codeigniter4\framework\system\CodeIgniter.php(337): CodeIgniter\CodeIgniter->handleRequest(NULL, Object(Config\Cache), false)
#9 C:\xampp\htdocs\github\master\public\index.php(44): CodeIgniter\CodeIgniter->run()
#10 C:\xampp\htdocs\github\master\vendor\codeigniter4\framework\system\Commands\Server\rewrite.php(45): require_once('C:\\xampp\\htdocs...')
#11 {main}
ERROR - 2021-10-25 14:01:38 --> mysqli_sql_exception: Unknown column 'auth_groups.name' in 'order clause' in C:\xampp\htdocs\github\master\vendor\codeigniter4\framework\system\Database\MySQLi\Connection.php:314
Stack trace:
#0 C:\xampp\htdocs\github\master\vendor\codeigniter4\framework\system\Database\MySQLi\Connection.php(314): mysqli->query('SELECT `sosmedo...')
#1 C:\xampp\htdocs\github\master\vendor\codeigniter4\framework\system\Database\BaseConnection.php(713): CodeIgniter\Database\MySQLi\Connection->execute('SELECT `sosmedo...')
#2 C:\xampp\htdocs\github\master\vendor\codeigniter4\framework\system\Database\BaseConnection.php(641): CodeIgniter\Database\BaseConnection->simpleQuery('SELECT `sosmedo...')
#3 C:\xampp\htdocs\github\master\vendor\codeigniter4\framework\system\Database\BaseBuilder.php(1866): CodeIgniter\Database\BaseConnection->query('SELECT `sosmedo...', Array, false)
#4 C:\xampp\htdocs\github\master\modules\Sosmed\Models\ModelDataOperatorSosmed.php(63): CodeIgniter\Database\BaseBuilder->get()
#5 C:\xampp\htdocs\github\master\modules\Sosmed\Controllers\DataOperatorSosmed.php(39): Modules\Sosmed\Models\ModelDataOperatorSosmed->get_datatables()
#6 C:\xampp\htdocs\github\master\vendor\codeigniter4\framework\system\CodeIgniter.php(940): Modules\Sosmed\Controllers\DataOperatorSosmed->datatabel()
#7 C:\xampp\htdocs\github\master\vendor\codeigniter4\framework\system\CodeIgniter.php(436): CodeIgniter\CodeIgniter->runController(Object(Modules\Sosmed\Controllers\DataOperatorSosmed))
#8 C:\xampp\htdocs\github\master\vendor\codeigniter4\framework\system\CodeIgniter.php(337): CodeIgniter\CodeIgniter->handleRequest(NULL, Object(Config\Cache), false)
#9 C:\xampp\htdocs\github\master\public\index.php(44): CodeIgniter\CodeIgniter->run()
#10 C:\xampp\htdocs\github\master\vendor\codeigniter4\framework\system\Commands\Server\rewrite.php(45): require_once('C:\\xampp\\htdocs...')
#11 {main}
CRITICAL - 2021-10-25 14:01:38 --> Unknown column 'auth_groups.name' in 'order clause'
#0 C:\xampp\htdocs\github\master\vendor\codeigniter4\framework\system\Database\MySQLi\Connection.php(314): mysqli->query('SELECT `sosmedo...')
#1 C:\xampp\htdocs\github\master\vendor\codeigniter4\framework\system\Database\BaseConnection.php(713): CodeIgniter\Database\MySQLi\Connection->execute('SELECT `sosmedo...')
#2 C:\xampp\htdocs\github\master\vendor\codeigniter4\framework\system\Database\BaseConnection.php(641): CodeIgniter\Database\BaseConnection->simpleQuery('SELECT `sosmedo...')
#3 C:\xampp\htdocs\github\master\vendor\codeigniter4\framework\system\Database\BaseBuilder.php(1866): CodeIgniter\Database\BaseConnection->query('SELECT `sosmedo...', Array, false)
#4 C:\xampp\htdocs\github\master\modules\Sosmed\Models\ModelDataOperatorSosmed.php(63): CodeIgniter\Database\BaseBuilder->get()
#5 C:\xampp\htdocs\github\master\modules\Sosmed\Controllers\DataOperatorSosmed.php(39): Modules\Sosmed\Models\ModelDataOperatorSosmed->get_datatables()
#6 C:\xampp\htdocs\github\master\vendor\codeigniter4\framework\system\CodeIgniter.php(940): Modules\Sosmed\Controllers\DataOperatorSosmed->datatabel()
#7 C:\xampp\htdocs\github\master\vendor\codeigniter4\framework\system\CodeIgniter.php(436): CodeIgniter\CodeIgniter->runController(Object(Modules\Sosmed\Controllers\DataOperatorSosmed))
#8 C:\xampp\htdocs\github\master\vendor\codeigniter4\framework\system\CodeIgniter.php(337): CodeIgniter\CodeIgniter->handleRequest(NULL, Object(Config\Cache), false)
#9 C:\xampp\htdocs\github\master\public\index.php(44): CodeIgniter\CodeIgniter->run()
#10 C:\xampp\htdocs\github\master\vendor\codeigniter4\framework\system\Commands\Server\rewrite.php(45): require_once('C:\\xampp\\htdocs...')
#11 {main}
ERROR - 2021-10-25 14:01:45 --> mysqli_sql_exception: Unknown column 'auth_groups.name' in 'order clause' in C:\xampp\htdocs\github\master\vendor\codeigniter4\framework\system\Database\MySQLi\Connection.php:314
Stack trace:
#0 C:\xampp\htdocs\github\master\vendor\codeigniter4\framework\system\Database\MySQLi\Connection.php(314): mysqli->query('SELECT `sosmedo...')
#1 C:\xampp\htdocs\github\master\vendor\codeigniter4\framework\system\Database\BaseConnection.php(713): CodeIgniter\Database\MySQLi\Connection->execute('SELECT `sosmedo...')
#2 C:\xampp\htdocs\github\master\vendor\codeigniter4\framework\system\Database\BaseConnection.php(641): CodeIgniter\Database\BaseConnection->simpleQuery('SELECT `sosmedo...')
#3 C:\xampp\htdocs\github\master\vendor\codeigniter4\framework\system\Database\BaseBuilder.php(1866): CodeIgniter\Database\BaseConnection->query('SELECT `sosmedo...', Array, false)
#4 C:\xampp\htdocs\github\master\modules\Sosmed\Models\ModelDataOperatorSosmed.php(63): CodeIgniter\Database\BaseBuilder->get()
#5 C:\xampp\htdocs\github\master\modules\Sosmed\Controllers\DataOperatorSosmed.php(39): Modules\Sosmed\Models\ModelDataOperatorSosmed->get_datatables()
#6 C:\xampp\htdocs\github\master\vendor\codeigniter4\framework\system\CodeIgniter.php(940): Modules\Sosmed\Controllers\DataOperatorSosmed->datatabel()
#7 C:\xampp\htdocs\github\master\vendor\codeigniter4\framework\system\CodeIgniter.php(436): CodeIgniter\CodeIgniter->runController(Object(Modules\Sosmed\Controllers\DataOperatorSosmed))
#8 C:\xampp\htdocs\github\master\vendor\codeigniter4\framework\system\CodeIgniter.php(337): CodeIgniter\CodeIgniter->handleRequest(NULL, Object(Config\Cache), false)
#9 C:\xampp\htdocs\github\master\public\index.php(44): CodeIgniter\CodeIgniter->run()
#10 C:\xampp\htdocs\github\master\vendor\codeigniter4\framework\system\Commands\Server\rewrite.php(45): require_once('C:\\xampp\\htdocs...')
#11 {main}
CRITICAL - 2021-10-25 14:01:45 --> Unknown column 'auth_groups.name' in 'order clause'
#0 C:\xampp\htdocs\github\master\vendor\codeigniter4\framework\system\Database\MySQLi\Connection.php(314): mysqli->query('SELECT `sosmedo...')
#1 C:\xampp\htdocs\github\master\vendor\codeigniter4\framework\system\Database\BaseConnection.php(713): CodeIgniter\Database\MySQLi\Connection->execute('SELECT `sosmedo...')
#2 C:\xampp\htdocs\github\master\vendor\codeigniter4\framework\system\Database\BaseConnection.php(641): CodeIgniter\Database\BaseConnection->simpleQuery('SELECT `sosmedo...')
#3 C:\xampp\htdocs\github\master\vendor\codeigniter4\framework\system\Database\BaseBuilder.php(1866): CodeIgniter\Database\BaseConnection->query('SELECT `sosmedo...', Array, false)
#4 C:\xampp\htdocs\github\master\modules\Sosmed\Models\ModelDataOperatorSosmed.php(63): CodeIgniter\Database\BaseBuilder->get()
#5 C:\xampp\htdocs\github\master\modules\Sosmed\Controllers\DataOperatorSosmed.php(39): Modules\Sosmed\Models\ModelDataOperatorSosmed->get_datatables()
#6 C:\xampp\htdocs\github\master\vendor\codeigniter4\framework\system\CodeIgniter.php(940): Modules\Sosmed\Controllers\DataOperatorSosmed->datatabel()
#7 C:\xampp\htdocs\github\master\vendor\codeigniter4\framework\system\CodeIgniter.php(436): CodeIgniter\CodeIgniter->runController(Object(Modules\Sosmed\Controllers\DataOperatorSosmed))
#8 C:\xampp\htdocs\github\master\vendor\codeigniter4\framework\system\CodeIgniter.php(337): CodeIgniter\CodeIgniter->handleRequest(NULL, Object(Config\Cache), false)
#9 C:\xampp\htdocs\github\master\public\index.php(44): CodeIgniter\CodeIgniter->run()
#10 C:\xampp\htdocs\github\master\vendor\codeigniter4\framework\system\Commands\Server\rewrite.php(45): require_once('C:\\xampp\\htdocs...')
#11 {main}
CRITICAL - 2021-10-25 14:02:30 --> Call to undefined method Modules\Sosmed\Models\ModelDataOperatorSosmed::count_all
#0 C:\xampp\htdocs\github\master\modules\Sosmed\Controllers\DataOperatorSosmed.php(60): CodeIgniter\Model->__call('count_all', Array)
#1 C:\xampp\htdocs\github\master\vendor\codeigniter4\framework\system\CodeIgniter.php(940): Modules\Sosmed\Controllers\DataOperatorSosmed->datatabel()
#2 C:\xampp\htdocs\github\master\vendor\codeigniter4\framework\system\CodeIgniter.php(436): CodeIgniter\CodeIgniter->runController(Object(Modules\Sosmed\Controllers\DataOperatorSosmed))
#3 C:\xampp\htdocs\github\master\vendor\codeigniter4\framework\system\CodeIgniter.php(337): CodeIgniter\CodeIgniter->handleRequest(NULL, Object(Config\Cache), false)
#4 C:\xampp\htdocs\github\master\public\index.php(44): CodeIgniter\CodeIgniter->run()
#5 C:\xampp\htdocs\github\master\vendor\codeigniter4\framework\system\Commands\Server\rewrite.php(45): require_once('C:\\xampp\\htdocs...')
#6 {main}
CRITICAL - 2021-10-25 14:04:48 --> Undefined variable: idsosmedofficial
#0 C:\xampp\htdocs\github\master\modules\Sosmed\Controllers\DataOperatorSosmed.php(45): CodeIgniter\Debug\Exceptions->errorHandler(8, 'Undefined varia...', 'C:\\xampp\\htdocs...', 45, Array)
#1 C:\xampp\htdocs\github\master\vendor\codeigniter4\framework\system\CodeIgniter.php(940): Modules\Sosmed\Controllers\DataOperatorSosmed->datatabel()
#2 C:\xampp\htdocs\github\master\vendor\codeigniter4\framework\system\CodeIgniter.php(436): CodeIgniter\CodeIgniter->runController(Object(Modules\Sosmed\Controllers\DataOperatorSosmed))
#3 C:\xampp\htdocs\github\master\vendor\codeigniter4\framework\system\CodeIgniter.php(337): CodeIgniter\CodeIgniter->handleRequest(NULL, Object(Config\Cache), false)
#4 C:\xampp\htdocs\github\master\public\index.php(44): CodeIgniter\CodeIgniter->run()
#5 C:\xampp\htdocs\github\master\vendor\codeigniter4\framework\system\Commands\Server\rewrite.php(45): require_once('C:\\xampp\\htdocs...')
#6 {main}
CRITICAL - 2021-10-25 14:05:01 --> Undefined variable: idsosmedofficial
#0 C:\xampp\htdocs\github\master\modules\Sosmed\Controllers\DataOperatorSosmed.php(45): CodeIgniter\Debug\Exceptions->errorHandler(8, 'Undefined varia...', 'C:\\xampp\\htdocs...', 45, Array)
#1 C:\xampp\htdocs\github\master\vendor\codeigniter4\framework\system\CodeIgniter.php(940): Modules\Sosmed\Controllers\DataOperatorSosmed->datatabel()
#2 C:\xampp\htdocs\github\master\vendor\codeigniter4\framework\system\CodeIgniter.php(436): CodeIgniter\CodeIgniter->runController(Object(Modules\Sosmed\Controllers\DataOperatorSosmed))
#3 C:\xampp\htdocs\github\master\vendor\codeigniter4\framework\system\CodeIgniter.php(337): CodeIgniter\CodeIgniter->handleRequest(NULL, Object(Config\Cache), false)
#4 C:\xampp\htdocs\github\master\public\index.php(44): CodeIgniter\CodeIgniter->run()
#5 C:\xampp\htdocs\github\master\vendor\codeigniter4\framework\system\Commands\Server\rewrite.php(45): require_once('C:\\xampp\\htdocs...')
#6 {main}
CRITICAL - 2021-10-25 14:06:03 --> Undefined variable: idsosmedofficial
#0 C:\xampp\htdocs\github\master\modules\Sosmed\Controllers\DataOperatorSosmed.php(45): CodeIgniter\Debug\Exceptions->errorHandler(8, 'Undefined varia...', 'C:\\xampp\\htdocs...', 45, Array)
#1 C:\xampp\htdocs\github\master\vendor\codeigniter4\framework\system\CodeIgniter.php(940): Modules\Sosmed\Controllers\DataOperatorSosmed->datatabel()
#2 C:\xampp\htdocs\github\master\vendor\codeigniter4\framework\system\CodeIgniter.php(436): CodeIgniter\CodeIgniter->runController(Object(Modules\Sosmed\Controllers\DataOperatorSosmed))
#3 C:\xampp\htdocs\github\master\vendor\codeigniter4\framework\system\CodeIgniter.php(337): CodeIgniter\CodeIgniter->handleRequest(NULL, Object(Config\Cache), false)
#4 C:\xampp\htdocs\github\master\public\index.php(44): CodeIgniter\CodeIgniter->run()
#5 C:\xampp\htdocs\github\master\vendor\codeigniter4\framework\system\Commands\Server\rewrite.php(45): require_once('C:\\xampp\\htdocs...')
#6 {main}
CRITICAL - 2021-10-25 14:06:10 --> Undefined variable: idsosmedofficial
#0 C:\xampp\htdocs\github\master\modules\Sosmed\Controllers\DataOperatorSosmed.php(45): CodeIgniter\Debug\Exceptions->errorHandler(8, 'Undefined varia...', 'C:\\xampp\\htdocs...', 45, Array)
#1 C:\xampp\htdocs\github\master\vendor\codeigniter4\framework\system\CodeIgniter.php(940): Modules\Sosmed\Controllers\DataOperatorSosmed->datatabel()
#2 C:\xampp\htdocs\github\master\vendor\codeigniter4\framework\system\CodeIgniter.php(436): CodeIgniter\CodeIgniter->runController(Object(Modules\Sosmed\Controllers\DataOperatorSosmed))
#3 C:\xampp\htdocs\github\master\vendor\codeigniter4\framework\system\CodeIgniter.php(337): CodeIgniter\CodeIgniter->handleRequest(NULL, Object(Config\Cache), false)
#4 C:\xampp\htdocs\github\master\public\index.php(44): CodeIgniter\CodeIgniter->run()
#5 C:\xampp\htdocs\github\master\vendor\codeigniter4\framework\system\Commands\Server\rewrite.php(45): require_once('C:\\xampp\\htdocs...')
#6 {main}
ERROR - 2021-10-25 15:04:44 --> mysqli_sql_exception: Column 'random' in where clause is ambiguous in C:\xampp\htdocs\github\master\vendor\codeigniter4\framework\system\Database\MySQLi\Connection.php:314
Stack trace:
#0 C:\xampp\htdocs\github\master\vendor\codeigniter4\framework\system\Database\MySQLi\Connection.php(314): mysqli->query('SELECT `sosmedo...')
#1 C:\xampp\htdocs\github\master\vendor\codeigniter4\framework\system\Database\BaseConnection.php(713): CodeIgniter\Database\MySQLi\Connection->execute('SELECT `sosmedo...')
#2 C:\xampp\htdocs\github\master\vendor\codeigniter4\framework\system\Database\BaseConnection.php(641): CodeIgniter\Database\BaseConnection->simpleQuery('SELECT `sosmedo...')
#3 C:\xampp\htdocs\github\master\vendor\codeigniter4\framework\system\Database\BaseBuilder.php(1866): CodeIgniter\Database\BaseConnection->query('SELECT `sosmedo...', Array, false)
#4 C:\xampp\htdocs\github\master\modules\Sosmed\Models\ModelDataOperatorSosmed.php(148): CodeIgniter\Database\BaseBuilder->get()
#5 C:\xampp\htdocs\github\master\modules\Sosmed\Controllers\DataOperatorSosmed.php(74): Modules\Sosmed\Models\ModelDataOperatorSosmed->getcekidsosmed('33342b6ddb7ee53...')
#6 C:\xampp\htdocs\github\master\vendor\codeigniter4\framework\system\CodeIgniter.php(940): Modules\Sosmed\Controllers\DataOperatorSosmed->sosmeddetail('33342b6ddb7ee53...')
#7 C:\xampp\htdocs\github\master\vendor\codeigniter4\framework\system\CodeIgniter.php(436): CodeIgniter\CodeIgniter->runController(Object(Modules\Sosmed\Controllers\DataOperatorSosmed))
#8 C:\xampp\htdocs\github\master\vendor\codeigniter4\framework\system\CodeIgniter.php(337): CodeIgniter\CodeIgniter->handleRequest(NULL, Object(Config\Cache), false)
#9 C:\xampp\htdocs\github\master\public\index.php(44): CodeIgniter\CodeIgniter->run()
#10 C:\xampp\htdocs\github\master\vendor\codeigniter4\framework\system\Commands\Server\rewrite.php(45): require_once('C:\\xampp\\htdocs...')
#11 {main}
CRITICAL - 2021-10-25 15:04:44 --> Column 'random' in where clause is ambiguous
#0 C:\xampp\htdocs\github\master\vendor\codeigniter4\framework\system\Database\MySQLi\Connection.php(314): mysqli->query('SELECT `sosmedo...')
#1 C:\xampp\htdocs\github\master\vendor\codeigniter4\framework\system\Database\BaseConnection.php(713): CodeIgniter\Database\MySQLi\Connection->execute('SELECT `sosmedo...')
#2 C:\xampp\htdocs\github\master\vendor\codeigniter4\framework\system\Database\BaseConnection.php(641): CodeIgniter\Database\BaseConnection->simpleQuery('SELECT `sosmedo...')
#3 C:\xampp\htdocs\github\master\vendor\codeigniter4\framework\system\Database\BaseBuilder.php(1866): CodeIgniter\Database\BaseConnection->query('SELECT `sosmedo...', Array, false)
#4 C:\xampp\htdocs\github\master\modules\Sosmed\Models\ModelDataOperatorSosmed.php(148): CodeIgniter\Database\BaseBuilder->get()
#5 C:\xampp\htdocs\github\master\modules\Sosmed\Controllers\DataOperatorSosmed.php(74): Modules\Sosmed\Models\ModelDataOperatorSosmed->getcekidsosmed('33342b6ddb7ee53...')
#6 C:\xampp\htdocs\github\master\vendor\codeigniter4\framework\system\CodeIgniter.php(940): Modules\Sosmed\Controllers\DataOperatorSosmed->sosmeddetail('33342b6ddb7ee53...')
#7 C:\xampp\htdocs\github\master\vendor\codeigniter4\framework\system\CodeIgniter.php(436): CodeIgniter\CodeIgniter->runController(Object(Modules\Sosmed\Controllers\DataOperatorSosmed))
#8 C:\xampp\htdocs\github\master\vendor\codeigniter4\framework\system\CodeIgniter.php(337): CodeIgniter\CodeIgniter->handleRequest(NULL, Object(Config\Cache), false)
#9 C:\xampp\htdocs\github\master\public\index.php(44): CodeIgniter\CodeIgniter->run()
#10 C:\xampp\htdocs\github\master\vendor\codeigniter4\framework\system\Commands\Server\rewrite.php(45): require_once('C:\\xampp\\htdocs...')
#11 {main}
ERROR - 2021-10-25 15:06:30 --> mysqli_sql_exception: Unknown column 'fullname' in 'order clause' in C:\xampp\htdocs\github\master\vendor\codeigniter4\framework\system\Database\MySQLi\Connection.php:314
Stack trace:
#0 C:\xampp\htdocs\github\master\vendor\codeigniter4\framework\system\Database\MySQLi\Connection.php(314): mysqli->query('SELECT *\nFROM `...')
#1 C:\xampp\htdocs\github\master\vendor\codeigniter4\framework\system\Database\BaseConnection.php(713): CodeIgniter\Database\MySQLi\Connection->execute('SELECT *\nFROM `...')
#2 C:\xampp\htdocs\github\master\vendor\codeigniter4\framework\system\Database\BaseConnection.php(641): CodeIgniter\Database\BaseConnection->simpleQuery('SELECT *\nFROM `...')
#3 C:\xampp\htdocs\github\master\vendor\codeigniter4\framework\system\Database\BaseBuilder.php(1866): CodeIgniter\Database\BaseConnection->query('SELECT *\nFROM `...', Array, false)
#4 C:\xampp\htdocs\github\master\modules\Sosmed\Models\ModelDataOperatorSosmed.php(124): CodeIgniter\Database\BaseBuilder->get()
#5 C:\xampp\htdocs\github\master\modules\Sosmed\Controllers\DataOperatorSosmed.php(95): Modules\Sosmed\Models\ModelDataOperatorSosmed->get_datatablesdetail('10')
#6 C:\xampp\htdocs\github\master\vendor\codeigniter4\framework\system\CodeIgniter.php(940): Modules\Sosmed\Controllers\DataOperatorSosmed->datatabeldetail()
#7 C:\xampp\htdocs\github\master\vendor\codeigniter4\framework\system\CodeIgniter.php(436): CodeIgniter\CodeIgniter->runController(Object(Modules\Sosmed\Controllers\DataOperatorSosmed))
#8 C:\xampp\htdocs\github\master\vendor\codeigniter4\framework\system\CodeIgniter.php(337): CodeIgniter\CodeIgniter->handleRequest(NULL, Object(Config\Cache), false)
#9 C:\xampp\htdocs\github\master\public\index.php(44): CodeIgniter\CodeIgniter->run()
#10 C:\xampp\htdocs\github\master\vendor\codeigniter4\framework\system\Commands\Server\rewrite.php(45): require_once('C:\\xampp\\htdocs...')
#11 {main}
CRITICAL - 2021-10-25 15:06:30 --> Unknown column 'fullname' in 'order clause'
#0 C:\xampp\htdocs\github\master\vendor\codeigniter4\framework\system\Database\MySQLi\Connection.php(314): mysqli->query('SELECT *\nFROM `...')
#1 C:\xampp\htdocs\github\master\vendor\codeigniter4\framework\system\Database\BaseConnection.php(713): CodeIgniter\Database\MySQLi\Connection->execute('SELECT *\nFROM `...')
#2 C:\xampp\htdocs\github\master\vendor\codeigniter4\framework\system\Database\BaseConnection.php(641): CodeIgniter\Database\BaseConnection->simpleQuery('SELECT *\nFROM `...')
#3 C:\xampp\htdocs\github\master\vendor\codeigniter4\framework\system\Database\BaseBuilder.php(1866): CodeIgniter\Database\BaseConnection->query('SELECT *\nFROM `...', Array, false)
#4 C:\xampp\htdocs\github\master\modules\Sosmed\Models\ModelDataOperatorSosmed.php(124): CodeIgniter\Database\BaseBuilder->get()
#5 C:\xampp\htdocs\github\master\modules\Sosmed\Controllers\DataOperatorSosmed.php(95): Modules\Sosmed\Models\ModelDataOperatorSosmed->get_datatablesdetail('10')
#6 C:\xampp\htdocs\github\master\vendor\codeigniter4\framework\system\CodeIgniter.php(940): Modules\Sosmed\Controllers\DataOperatorSosmed->datatabeldetail()
#7 C:\xampp\htdocs\github\master\vendor\codeigniter4\framework\system\CodeIgniter.php(436): CodeIgniter\CodeIgniter->runController(Object(Modules\Sosmed\Controllers\DataOperatorSosmed))
#8 C:\xampp\htdocs\github\master\vendor\codeigniter4\framework\system\CodeIgniter.php(337): CodeIgniter\CodeIgniter->handleRequest(NULL, Object(Config\Cache), false)
#9 C:\xampp\htdocs\github\master\public\index.php(44): CodeIgniter\CodeIgniter->run()
#10 C:\xampp\htdocs\github\master\vendor\codeigniter4\framework\system\Commands\Server\rewrite.php(45): require_once('C:\\xampp\\htdocs...')
#11 {main}
CRITICAL - 2021-10-25 15:07:08 --> Undefined index: fullname
#0 C:\xampp\htdocs\github\master\modules\Sosmed\Controllers\DataOperatorSosmed.php(75): CodeIgniter\Debug\Exceptions->errorHandler(8, 'Undefined index...', 'C:\\xampp\\htdocs...', 75, Array)
#1 C:\xampp\htdocs\github\master\vendor\codeigniter4\framework\system\CodeIgniter.php(940): Modules\Sosmed\Controllers\DataOperatorSosmed->sosmeddetail('33342b6ddb7ee53...')
#2 C:\xampp\htdocs\github\master\vendor\codeigniter4\framework\system\CodeIgniter.php(436): CodeIgniter\CodeIgniter->runController(Object(Modules\Sosmed\Controllers\DataOperatorSosmed))
#3 C:\xampp\htdocs\github\master\vendor\codeigniter4\framework\system\CodeIgniter.php(337): CodeIgniter\CodeIgniter->handleRequest(NULL, Object(Config\Cache), false)
#4 C:\xampp\htdocs\github\master\public\index.php(44): CodeIgniter\CodeIgniter->run()
#5 C:\xampp\htdocs\github\master\vendor\codeigniter4\framework\system\Commands\Server\rewrite.php(45): require_once('C:\\xampp\\htdocs...')
#6 {main}
ERROR - 2021-10-25 15:07:15 --> mysqli_sql_exception: Unknown column 'fullname' in 'order clause' in C:\xampp\htdocs\github\master\vendor\codeigniter4\framework\system\Database\MySQLi\Connection.php:314
Stack trace:
#0 C:\xampp\htdocs\github\master\vendor\codeigniter4\framework\system\Database\MySQLi\Connection.php(314): mysqli->query('SELECT *\nFROM `...')
#1 C:\xampp\htdocs\github\master\vendor\codeigniter4\framework\system\Database\BaseConnection.php(713): CodeIgniter\Database\MySQLi\Connection->execute('SELECT *\nFROM `...')
#2 C:\xampp\htdocs\github\master\vendor\codeigniter4\framework\system\Database\BaseConnection.php(641): CodeIgniter\Database\BaseConnection->simpleQuery('SELECT *\nFROM `...')
#3 C:\xampp\htdocs\github\master\vendor\codeigniter4\framework\system\Database\BaseBuilder.php(1866): CodeIgniter\Database\BaseConnection->query('SELECT *\nFROM `...', Array, false)
#4 C:\xampp\htdocs\github\master\modules\Sosmed\Models\ModelDataOperatorSosmed.php(124): CodeIgniter\Database\BaseBuilder->get()
#5 C:\xampp\htdocs\github\master\modules\Sosmed\Controllers\DataOperatorSosmed.php(95): Modules\Sosmed\Models\ModelDataOperatorSosmed->get_datatablesdetail('10')
#6 C:\xampp\htdocs\github\master\vendor\codeigniter4\framework\system\CodeIgniter.php(940): Modules\Sosmed\Controllers\DataOperatorSosmed->datatabeldetail()
#7 C:\xampp\htdocs\github\master\vendor\codeigniter4\framework\system\CodeIgniter.php(436): CodeIgniter\CodeIgniter->runController(Object(Modules\Sosmed\Controllers\DataOperatorSosmed))
#8 C:\xampp\htdocs\github\master\vendor\codeigniter4\framework\system\CodeIgniter.php(337): CodeIgniter\CodeIgniter->handleRequest(NULL, Object(Config\Cache), false)
#9 C:\xampp\htdocs\github\master\public\index.php(44): CodeIgniter\CodeIgniter->run()
#10 C:\xampp\htdocs\github\master\vendor\codeigniter4\framework\system\Commands\Server\rewrite.php(45): require_once('C:\\xampp\\htdocs...')
#11 {main}
CRITICAL - 2021-10-25 15:07:15 --> Unknown column 'fullname' in 'order clause'
#0 C:\xampp\htdocs\github\master\vendor\codeigniter4\framework\system\Database\MySQLi\Connection.php(314): mysqli->query('SELECT *\nFROM `...')
#1 C:\xampp\htdocs\github\master\vendor\codeigniter4\framework\system\Database\BaseConnection.php(713): CodeIgniter\Database\MySQLi\Connection->execute('SELECT *\nFROM `...')
#2 C:\xampp\htdocs\github\master\vendor\codeigniter4\framework\system\Database\BaseConnection.php(641): CodeIgniter\Database\BaseConnection->simpleQuery('SELECT *\nFROM `...')
#3 C:\xampp\htdocs\github\master\vendor\codeigniter4\framework\system\Database\BaseBuilder.php(1866): CodeIgniter\Database\BaseConnection->query('SELECT *\nFROM `...', Array, false)
#4 C:\xampp\htdocs\github\master\modules\Sosmed\Models\ModelDataOperatorSosmed.php(124): CodeIgniter\Database\BaseBuilder->get()
#5 C:\xampp\htdocs\github\master\modules\Sosmed\Controllers\DataOperatorSosmed.php(95): Modules\Sosmed\Models\ModelDataOperatorSosmed->get_datatablesdetail('10')
#6 C:\xampp\htdocs\github\master\vendor\codeigniter4\framework\system\CodeIgniter.php(940): Modules\Sosmed\Controllers\DataOperatorSosmed->datatabeldetail()
#7 C:\xampp\htdocs\github\master\vendor\codeigniter4\framework\system\CodeIgniter.php(436): CodeIgniter\CodeIgniter->runController(Object(Modules\Sosmed\Controllers\DataOperatorSosmed))
#8 C:\xampp\htdocs\github\master\vendor\codeigniter4\framework\system\CodeIgniter.php(337): CodeIgniter\CodeIgniter->handleRequest(NULL, Object(Config\Cache), false)
#9 C:\xampp\htdocs\github\master\public\index.php(44): CodeIgniter\CodeIgniter->run()
#10 C:\xampp\htdocs\github\master\vendor\codeigniter4\framework\system\Commands\Server\rewrite.php(45): require_once('C:\\xampp\\htdocs...')
#11 {main}
ERROR - 2021-10-25 15:36:23 --> mysqli_sql_exception: Unknown column 'pendaftaram' in 'field list' in C:\xampp\htdocs\github\master\vendor\codeigniter4\framework\system\Database\MySQLi\Connection.php:314
Stack trace:
#0 C:\xampp\htdocs\github\master\vendor\codeigniter4\framework\system\Database\MySQLi\Connection.php(314): mysqli->query('SELECT `sosmedn...')
#1 C:\xampp\htdocs\github\master\vendor\codeigniter4\framework\system\Database\BaseConnection.php(713): CodeIgniter\Database\MySQLi\Connection->execute('SELECT `sosmedn...')
#2 C:\xampp\htdocs\github\master\vendor\codeigniter4\framework\system\Database\BaseConnection.php(641): CodeIgniter\Database\BaseConnection->simpleQuery('SELECT `sosmedn...')
#3 C:\xampp\htdocs\github\master\vendor\codeigniter4\framework\system\Database\BaseBuilder.php(1866): CodeIgniter\Database\BaseConnection->query('SELECT `sosmedn...', Array, false)
#4 C:\xampp\htdocs\github\master\modules\Sosmed\Models\ModelDataOperatorSosmed.php(186): CodeIgniter\Database\BaseBuilder->get()
#5 C:\xampp\htdocs\github\master\modules\Sosmed\Controllers\DataOperatorSosmed.php(157): Modules\Sosmed\Models\ModelDataOperatorSosmed->get_datatablespendaftar('10')
#6 C:\xampp\htdocs\github\master\vendor\codeigniter4\framework\system\CodeIgniter.php(940): Modules\Sosmed\Controllers\DataOperatorSosmed->datatabelpendaftar()
#7 C:\xampp\htdocs\github\master\vendor\codeigniter4\framework\system\CodeIgniter.php(436): CodeIgniter\CodeIgniter->runController(Object(Modules\Sosmed\Controllers\DataOperatorSosmed))
#8 C:\xampp\htdocs\github\master\vendor\codeigniter4\framework\system\CodeIgniter.php(337): CodeIgniter\CodeIgniter->handleRequest(NULL, Object(Config\Cache), false)
#9 C:\xampp\htdocs\github\master\public\index.php(44): CodeIgniter\CodeIgniter->run()
#10 C:\xampp\htdocs\github\master\vendor\codeigniter4\framework\system\Commands\Server\rewrite.php(45): require_once('C:\\xampp\\htdocs...')
#11 {main}
CRITICAL - 2021-10-25 15:36:23 --> Unknown column 'pendaftaram' in 'field list'
#0 C:\xampp\htdocs\github\master\vendor\codeigniter4\framework\system\Database\MySQLi\Connection.php(314): mysqli->query('SELECT `sosmedn...')
#1 C:\xampp\htdocs\github\master\vendor\codeigniter4\framework\system\Database\BaseConnection.php(713): CodeIgniter\Database\MySQLi\Connection->execute('SELECT `sosmedn...')
#2 C:\xampp\htdocs\github\master\vendor\codeigniter4\framework\system\Database\BaseConnection.php(641): CodeIgniter\Database\BaseConnection->simpleQuery('SELECT `sosmedn...')
#3 C:\xampp\htdocs\github\master\vendor\codeigniter4\framework\system\Database\BaseBuilder.php(1866): CodeIgniter\Database\BaseConnection->query('SELECT `sosmedn...', Array, false)
#4 C:\xampp\htdocs\github\master\modules\Sosmed\Models\ModelDataOperatorSosmed.php(186): CodeIgniter\Database\BaseBuilder->get()
#5 C:\xampp\htdocs\github\master\modules\Sosmed\Controllers\DataOperatorSosmed.php(157): Modules\Sosmed\Models\ModelDataOperatorSosmed->get_datatablespendaftar('10')
#6 C:\xampp\htdocs\github\master\vendor\codeigniter4\framework\system\CodeIgniter.php(940): Modules\Sosmed\Controllers\DataOperatorSosmed->datatabelpendaftar()
#7 C:\xampp\htdocs\github\master\vendor\codeigniter4\framework\system\CodeIgniter.php(436): CodeIgniter\CodeIgniter->runController(Object(Modules\Sosmed\Controllers\DataOperatorSosmed))
#8 C:\xampp\htdocs\github\master\vendor\codeigniter4\framework\system\CodeIgniter.php(337): CodeIgniter\CodeIgniter->handleRequest(NULL, Object(Config\Cache), false)
#9 C:\xampp\htdocs\github\master\public\index.php(44): CodeIgniter\CodeIgniter->run()
#10 C:\xampp\htdocs\github\master\vendor\codeigniter4\framework\system\Commands\Server\rewrite.php(45): require_once('C:\\xampp\\htdocs...')
#11 {main}
ERROR - 2021-10-25 15:36:29 --> mysqli_sql_exception: Unknown column 'pendaftaram' in 'field list' in C:\xampp\htdocs\github\master\vendor\codeigniter4\framework\system\Database\MySQLi\Connection.php:314
Stack trace:
#0 C:\xampp\htdocs\github\master\vendor\codeigniter4\framework\system\Database\MySQLi\Connection.php(314): mysqli->query('SELECT `sosmedn...')
#1 C:\xampp\htdocs\github\master\vendor\codeigniter4\framework\system\Database\BaseConnection.php(713): CodeIgniter\Database\MySQLi\Connection->execute('SELECT `sosmedn...')
#2 C:\xampp\htdocs\github\master\vendor\codeigniter4\framework\system\Database\BaseConnection.php(641): CodeIgniter\Database\BaseConnection->simpleQuery('SELECT `sosmedn...')
#3 C:\xampp\htdocs\github\master\vendor\codeigniter4\framework\system\Database\BaseBuilder.php(1866): CodeIgniter\Database\BaseConnection->query('SELECT `sosmedn...', Array, false)
#4 C:\xampp\htdocs\github\master\modules\Sosmed\Models\ModelDataOperatorSosmed.php(186): CodeIgniter\Database\BaseBuilder->get()
#5 C:\xampp\htdocs\github\master\modules\Sosmed\Controllers\DataOperatorSosmed.php(157): Modules\Sosmed\Models\ModelDataOperatorSosmed->get_datatablespendaftar('10')
#6 C:\xampp\htdocs\github\master\vendor\codeigniter4\framework\system\CodeIgniter.php(940): Modules\Sosmed\Controllers\DataOperatorSosmed->datatabelpendaftar()
#7 C:\xampp\htdocs\github\master\vendor\codeigniter4\framework\system\CodeIgniter.php(436): CodeIgniter\CodeIgniter->runController(Object(Modules\Sosmed\Controllers\DataOperatorSosmed))
#8 C:\xampp\htdocs\github\master\vendor\codeigniter4\framework\system\CodeIgniter.php(337): CodeIgniter\CodeIgniter->handleRequest(NULL, Object(Config\Cache), false)
#9 C:\xampp\htdocs\github\master\public\index.php(44): CodeIgniter\CodeIgniter->run()
#10 C:\xampp\htdocs\github\master\vendor\codeigniter4\framework\system\Commands\Server\rewrite.php(45): require_once('C:\\xampp\\htdocs...')
#11 {main}
CRITICAL - 2021-10-25 15:36:29 --> Unknown column 'pendaftaram' in 'field list'
#0 C:\xampp\htdocs\github\master\vendor\codeigniter4\framework\system\Database\MySQLi\Connection.php(314): mysqli->query('SELECT `sosmedn...')
#1 C:\xampp\htdocs\github\master\vendor\codeigniter4\framework\system\Database\BaseConnection.php(713): CodeIgniter\Database\MySQLi\Connection->execute('SELECT `sosmedn...')
#2 C:\xampp\htdocs\github\master\vendor\codeigniter4\framework\system\Database\BaseConnection.php(641): CodeIgniter\Database\BaseConnection->simpleQuery('SELECT `sosmedn...')
#3 C:\xampp\htdocs\github\master\vendor\codeigniter4\framework\system\Database\BaseBuilder.php(1866): CodeIgniter\Database\BaseConnection->query('SELECT `sosmedn...', Array, false)
#4 C:\xampp\htdocs\github\master\modules\Sosmed\Models\ModelDataOperatorSosmed.php(186): CodeIgniter\Database\BaseBuilder->get()
#5 C:\xampp\htdocs\github\master\modules\Sosmed\Controllers\DataOperatorSosmed.php(157): Modules\Sosmed\Models\ModelDataOperatorSosmed->get_datatablespendaftar('10')
#6 C:\xampp\htdocs\github\master\vendor\codeigniter4\framework\system\CodeIgniter.php(940): Modules\Sosmed\Controllers\DataOperatorSosmed->datatabelpendaftar()
#7 C:\xampp\htdocs\github\master\vendor\codeigniter4\framework\system\CodeIgniter.php(436): CodeIgniter\CodeIgniter->runController(Object(Modules\Sosmed\Controllers\DataOperatorSosmed))
#8 C:\xampp\htdocs\github\master\vendor\codeigniter4\framework\system\CodeIgniter.php(337): CodeIgniter\CodeIgniter->handleRequest(NULL, Object(Config\Cache), false)
#9 C:\xampp\htdocs\github\master\public\index.php(44): CodeIgniter\CodeIgniter->run()
#10 C:\xampp\htdocs\github\master\vendor\codeigniter4\framework\system\Commands\Server\rewrite.php(45): require_once('C:\\xampp\\htdocs...')
#11 {main}
CRITICAL - 2021-10-25 15:37:21 --> Undefined property: stdClass::$id
#0 C:\xampp\htdocs\github\master\modules\Sosmed\Controllers\DataOperatorSosmed.php(162): CodeIgniter\Debug\Exceptions->errorHandler(8, 'Undefined prope...', 'C:\\xampp\\htdocs...', 162, Array)
#1 C:\xampp\htdocs\github\master\vendor\codeigniter4\framework\system\CodeIgniter.php(940): Modules\Sosmed\Controllers\DataOperatorSosmed->datatabelpendaftar()
#2 C:\xampp\htdocs\github\master\vendor\codeigniter4\framework\system\CodeIgniter.php(436): CodeIgniter\CodeIgniter->runController(Object(Modules\Sosmed\Controllers\DataOperatorSosmed))
#3 C:\xampp\htdocs\github\master\vendor\codeigniter4\framework\system\CodeIgniter.php(337): CodeIgniter\CodeIgniter->handleRequest(NULL, Object(Config\Cache), false)
#4 C:\xampp\htdocs\github\master\public\index.php(44): CodeIgniter\CodeIgniter->run()
#5 C:\xampp\htdocs\github\master\vendor\codeigniter4\framework\system\Commands\Server\rewrite.php(45): require_once('C:\\xampp\\htdocs...')
#6 {main}
CRITICAL - 2021-10-25 15:38:00 --> Undefined property: stdClass::$status
#0 C:\xampp\htdocs\github\master\modules\Sosmed\Controllers\DataOperatorSosmed.php(163): CodeIgniter\Debug\Exceptions->errorHandler(8, 'Undefined prope...', 'C:\\xampp\\htdocs...', 163, Array)
#1 C:\xampp\htdocs\github\master\vendor\codeigniter4\framework\system\CodeIgniter.php(940): Modules\Sosmed\Controllers\DataOperatorSosmed->datatabelpendaftar()
#2 C:\xampp\htdocs\github\master\vendor\codeigniter4\framework\system\CodeIgniter.php(436): CodeIgniter\CodeIgniter->runController(Object(Modules\Sosmed\Controllers\DataOperatorSosmed))
#3 C:\xampp\htdocs\github\master\vendor\codeigniter4\framework\system\CodeIgniter.php(337): CodeIgniter\CodeIgniter->handleRequest(NULL, Object(Config\Cache), false)
#4 C:\xampp\htdocs\github\master\public\index.php(44): CodeIgniter\CodeIgniter->run()
#5 C:\xampp\htdocs\github\master\vendor\codeigniter4\framework\system\Commands\Server\rewrite.php(45): require_once('C:\\xampp\\htdocs...')
#6 {main}
CRITICAL - 2021-10-25 15:53:19 --> Undefined variable: totalapprove
#0 C:\xampp\htdocs\github\master\modules\Sosmed\Controllers\DataOperatorSosmed.php(116): CodeIgniter\Debug\Exceptions->errorHandler(8, 'Undefined varia...', 'C:\\xampp\\htdocs...', 116, Array)
#1 C:\xampp\htdocs\github\master\vendor\codeigniter4\framework\system\CodeIgniter.php(940): Modules\Sosmed\Controllers\DataOperatorSosmed->datatabeldetail()
#2 C:\xampp\htdocs\github\master\vendor\codeigniter4\framework\system\CodeIgniter.php(436): CodeIgniter\CodeIgniter->runController(Object(Modules\Sosmed\Controllers\DataOperatorSosmed))
#3 C:\xampp\htdocs\github\master\vendor\codeigniter4\framework\system\CodeIgniter.php(337): CodeIgniter\CodeIgniter->handleRequest(NULL, Object(Config\Cache), false)
#4 C:\xampp\htdocs\github\master\public\index.php(44): CodeIgniter\CodeIgniter->run()
#5 C:\xampp\htdocs\github\master\vendor\codeigniter4\framework\system\Commands\Server\rewrite.php(45): require_once('C:\\xampp\\htdocs...')
#6 {main}
CRITICAL - 2021-10-25 15:53:27 --> Undefined variable: totalapprove
#0 C:\xampp\htdocs\github\master\modules\Sosmed\Controllers\DataOperatorSosmed.php(116): CodeIgniter\Debug\Exceptions->errorHandler(8, 'Undefined varia...', 'C:\\xampp\\htdocs...', 116, Array)
#1 C:\xampp\htdocs\github\master\vendor\codeigniter4\framework\system\CodeIgniter.php(940): Modules\Sosmed\Controllers\DataOperatorSosmed->datatabeldetail()
#2 C:\xampp\htdocs\github\master\vendor\codeigniter4\framework\system\CodeIgniter.php(436): CodeIgniter\CodeIgniter->runController(Object(Modules\Sosmed\Controllers\DataOperatorSosmed))
#3 C:\xampp\htdocs\github\master\vendor\codeigniter4\framework\system\CodeIgniter.php(337): CodeIgniter\CodeIgniter->handleRequest(NULL, Object(Config\Cache), false)
#4 C:\xampp\htdocs\github\master\public\index.php(44): CodeIgniter\CodeIgniter->run()
#5 C:\xampp\htdocs\github\master\vendor\codeigniter4\framework\system\Commands\Server\rewrite.php(45): require_once('C:\\xampp\\htdocs...')
#6 {main}
CRITICAL - 2021-10-25 16:07:15 --> Undefined variable: totalapproverejected
#0 C:\xampp\htdocs\github\master\modules\Sosmed\Controllers\DataSosmed.php(65): CodeIgniter\Debug\Exceptions->errorHandler(8, 'Undefined varia...', 'C:\\xampp\\htdocs...', 65, Array)
#1 C:\xampp\htdocs\github\master\vendor\codeigniter4\framework\system\CodeIgniter.php(940): Modules\Sosmed\Controllers\DataSosmed->datatabel()
#2 C:\xampp\htdocs\github\master\vendor\codeigniter4\framework\system\CodeIgniter.php(436): CodeIgniter\CodeIgniter->runController(Object(Modules\Sosmed\Controllers\DataSosmed))
#3 C:\xampp\htdocs\github\master\vendor\codeigniter4\framework\system\CodeIgniter.php(337): CodeIgniter\CodeIgniter->handleRequest(NULL, Object(Config\Cache), false)
#4 C:\xampp\htdocs\github\master\public\index.php(44): CodeIgniter\CodeIgniter->run()
#5 C:\xampp\htdocs\github\master\vendor\codeigniter4\framework\system\Commands\Server\rewrite.php(45): require_once('C:\\xampp\\htdocs...')
#6 {main}
CRITICAL - 2021-10-25 16:07:24 --> Undefined variable: totalapproverejected
#0 C:\xampp\htdocs\github\master\modules\Sosmed\Controllers\DataSosmed.php(65): CodeIgniter\Debug\Exceptions->errorHandler(8, 'Undefined varia...', 'C:\\xampp\\htdocs...', 65, Array)
#1 C:\xampp\htdocs\github\master\vendor\codeigniter4\framework\system\CodeIgniter.php(940): Modules\Sosmed\Controllers\DataSosmed->datatabel()
#2 C:\xampp\htdocs\github\master\vendor\codeigniter4\framework\system\CodeIgniter.php(436): CodeIgniter\CodeIgniter->runController(Object(Modules\Sosmed\Controllers\DataSosmed))
#3 C:\xampp\htdocs\github\master\vendor\codeigniter4\framework\system\CodeIgniter.php(337): CodeIgniter\CodeIgniter->handleRequest(NULL, Object(Config\Cache), false)
#4 C:\xampp\htdocs\github\master\public\index.php(44): CodeIgniter\CodeIgniter->run()
#5 C:\xampp\htdocs\github\master\vendor\codeigniter4\framework\system\Commands\Server\rewrite.php(45): require_once('C:\\xampp\\htdocs...')
#6 {main}
CRITICAL - 2021-10-25 16:24:32 --> Trying to get property 'id_user' of non-object
#0 C:\xampp\htdocs\github\master\modules\Sosmed\Controllers\DataOperatorSosmed.php(45): CodeIgniter\Debug\Exceptions->errorHandler(8, 'Trying to get p...', 'C:\\xampp\\htdocs...', 45, Array)
#1 C:\xampp\htdocs\github\master\vendor\codeigniter4\framework\system\CodeIgniter.php(940): Modules\Sosmed\Controllers\DataOperatorSosmed->datatabel()
#2 C:\xampp\htdocs\github\master\vendor\codeigniter4\framework\system\CodeIgniter.php(436): CodeIgniter\CodeIgniter->runController(Object(Modules\Sosmed\Controllers\DataOperatorSosmed))
#3 C:\xampp\htdocs\github\master\vendor\codeigniter4\framework\system\CodeIgniter.php(337): CodeIgniter\CodeIgniter->handleRequest(NULL, Object(Config\Cache), false)
#4 C:\xampp\htdocs\github\master\public\index.php(44): CodeIgniter\CodeIgniter->run()
#5 C:\xampp\htdocs\github\master\vendor\codeigniter4\framework\system\Commands\Server\rewrite.php(45): require_once('C:\\xampp\\htdocs...')
#6 {main}
CRITICAL - 2021-10-25 16:24:38 --> Trying to get property 'id_user' of non-object
#0 C:\xampp\htdocs\github\master\modules\Sosmed\Controllers\DataOperatorSosmed.php(45): CodeIgniter\Debug\Exceptions->errorHandler(8, 'Trying to get p...', 'C:\\xampp\\htdocs...', 45, Array)
#1 C:\xampp\htdocs\github\master\vendor\codeigniter4\framework\system\CodeIgniter.php(940): Modules\Sosmed\Controllers\DataOperatorSosmed->datatabel()
#2 C:\xampp\htdocs\github\master\vendor\codeigniter4\framework\system\CodeIgniter.php(436): CodeIgniter\CodeIgniter->runController(Object(Modules\Sosmed\Controllers\DataOperatorSosmed))
#3 C:\xampp\htdocs\github\master\vendor\codeigniter4\framework\system\CodeIgniter.php(337): CodeIgniter\CodeIgniter->handleRequest(NULL, Object(Config\Cache), false)
#4 C:\xampp\htdocs\github\master\public\index.php(44): CodeIgniter\CodeIgniter->run()
#5 C:\xampp\htdocs\github\master\vendor\codeigniter4\framework\system\Commands\Server\rewrite.php(45): require_once('C:\\xampp\\htdocs...')
#6 {main}
CRITICAL - 2021-10-25 16:27:16 --> Trying to get property 'id_user' of non-object
#0 C:\xampp\htdocs\github\master\modules\Sosmed\Controllers\DataOperatorSosmed.php(45): CodeIgniter\Debug\Exceptions->errorHandler(8, 'Trying to get p...', 'C:\\xampp\\htdocs...', 45, Array)
#1 C:\xampp\htdocs\github\master\vendor\codeigniter4\framework\system\CodeIgniter.php(940): Modules\Sosmed\Controllers\DataOperatorSosmed->datatabel()
#2 C:\xampp\htdocs\github\master\vendor\codeigniter4\framework\system\CodeIgniter.php(436): CodeIgniter\CodeIgniter->runController(Object(Modules\Sosmed\Controllers\DataOperatorSosmed))
#3 C:\xampp\htdocs\github\master\vendor\codeigniter4\framework\system\CodeIgniter.php(337): CodeIgniter\CodeIgniter->handleRequest(NULL, Object(Config\Cache), false)
#4 C:\xampp\htdocs\github\master\public\index.php(44): CodeIgniter\CodeIgniter->run()
#5 C:\xampp\htdocs\github\master\vendor\codeigniter4\framework\system\Commands\Server\rewrite.php(45): require_once('C:\\xampp\\htdocs...')
#6 {main}
CRITICAL - 2021-10-25 16:28:00 --> Trying to get property 'id_user' of non-object
#0 C:\xampp\htdocs\github\master\modules\Sosmed\Controllers\DataOperatorSosmed.php(45): CodeIgniter\Debug\Exceptions->errorHandler(8, 'Trying to get p...', 'C:\\xampp\\htdocs...', 45, Array)
#1 C:\xampp\htdocs\github\master\vendor\codeigniter4\framework\system\CodeIgniter.php(940): Modules\Sosmed\Controllers\DataOperatorSosmed->datatabel()
#2 C:\xampp\htdocs\github\master\vendor\codeigniter4\framework\system\CodeIgniter.php(436): CodeIgniter\CodeIgniter->runController(Object(Modules\Sosmed\Controllers\DataOperatorSosmed))
#3 C:\xampp\htdocs\github\master\vendor\codeigniter4\framework\system\CodeIgniter.php(337): CodeIgniter\CodeIgniter->handleRequest(NULL, Object(Config\Cache), false)
#4 C:\xampp\htdocs\github\master\public\index.php(44): CodeIgniter\CodeIgniter->run()
#5 C:\xampp\htdocs\github\master\vendor\codeigniter4\framework\system\Commands\Server\rewrite.php(45): require_once('C:\\xampp\\htdocs...')
#6 {main}
ERROR - 2021-10-25 16:29:16 --> mysqli_sql_exception: Unknown column 'sosmedofficial' in 'field list' in C:\xampp\htdocs\github\master\vendor\codeigniter4\framework\system\Database\MySQLi\Connection.php:314
Stack trace:
#0 C:\xampp\htdocs\github\master\vendor\codeigniter4\framework\system\Database\MySQLi\Connection.php(314): mysqli->query('SELECT `sosmedo...')
#1 C:\xampp\htdocs\github\master\vendor\codeigniter4\framework\system\Database\BaseConnection.php(713): CodeIgniter\Database\MySQLi\Connection->execute('SELECT `sosmedo...')
#2 C:\xampp\htdocs\github\master\vendor\codeigniter4\framework\system\Database\BaseConnection.php(641): CodeIgniter\Database\BaseConnection->simpleQuery('SELECT `sosmedo...')
#3 C:\xampp\htdocs\github\master\vendor\codeigniter4\framework\system\Database\BaseBuilder.php(1866): CodeIgniter\Database\BaseConnection->query('SELECT `sosmedo...', Array, false)
#4 C:\xampp\htdocs\github\master\modules\Sosmed\Models\ModelDataOperatorSosmed.php(63): CodeIgniter\Database\BaseBuilder->get()
#5 C:\xampp\htdocs\github\master\modules\Sosmed\Controllers\DataOperatorSosmed.php(39): Modules\Sosmed\Models\ModelDataOperatorSosmed->get_datatables()
#6 C:\xampp\htdocs\github\master\vendor\codeigniter4\framework\system\CodeIgniter.php(940): Modules\Sosmed\Controllers\DataOperatorSosmed->datatabel()
#7 C:\xampp\htdocs\github\master\vendor\codeigniter4\framework\system\CodeIgniter.php(436): CodeIgniter\CodeIgniter->runController(Object(Modules\Sosmed\Controllers\DataOperatorSosmed))
#8 C:\xampp\htdocs\github\master\vendor\codeigniter4\framework\system\CodeIgniter.php(337): CodeIgniter\CodeIgniter->handleRequest(NULL, Object(Config\Cache), false)
#9 C:\xampp\htdocs\github\master\public\index.php(44): CodeIgniter\CodeIgniter->run()
#10 C:\xampp\htdocs\github\master\vendor\codeigniter4\framework\system\Commands\Server\rewrite.php(45): require_once('C:\\xampp\\htdocs...')
#11 {main}
CRITICAL - 2021-10-25 16:29:16 --> Unknown column 'sosmedofficial' in 'field list'
#0 C:\xampp\htdocs\github\master\vendor\codeigniter4\framework\system\Database\MySQLi\Connection.php(314): mysqli->query('SELECT `sosmedo...')
#1 C:\xampp\htdocs\github\master\vendor\codeigniter4\framework\system\Database\BaseConnection.php(713): CodeIgniter\Database\MySQLi\Connection->execute('SELECT `sosmedo...')
#2 C:\xampp\htdocs\github\master\vendor\codeigniter4\framework\system\Database\BaseConnection.php(641): CodeIgniter\Database\BaseConnection->simpleQuery('SELECT `sosmedo...')
#3 C:\xampp\htdocs\github\master\vendor\codeigniter4\framework\system\Database\BaseBuilder.php(1866): CodeIgniter\Database\BaseConnection->query('SELECT `sosmedo...', Array, false)
#4 C:\xampp\htdocs\github\master\modules\Sosmed\Models\ModelDataOperatorSosmed.php(63): CodeIgniter\Database\BaseBuilder->get()
#5 C:\xampp\htdocs\github\master\modules\Sosmed\Controllers\DataOperatorSosmed.php(39): Modules\Sosmed\Models\ModelDataOperatorSosmed->get_datatables()
#6 C:\xampp\htdocs\github\master\vendor\codeigniter4\framework\system\CodeIgniter.php(940): Modules\Sosmed\Controllers\DataOperatorSosmed->datatabel()
#7 C:\xampp\htdocs\github\master\vendor\codeigniter4\framework\system\CodeIgniter.php(436): CodeIgniter\CodeIgniter->runController(Object(Modules\Sosmed\Controllers\DataOperatorSosmed))
#8 C:\xampp\htdocs\github\master\vendor\codeigniter4\framework\system\CodeIgniter.php(337): CodeIgniter\CodeIgniter->handleRequest(NULL, Object(Config\Cache), false)
#9 C:\xampp\htdocs\github\master\public\index.php(44): CodeIgniter\CodeIgniter->run()
#10 C:\xampp\htdocs\github\master\vendor\codeigniter4\framework\system\Commands\Server\rewrite.php(45): require_once('C:\\xampp\\htdocs...')
#11 {main}
ERROR - 2021-10-25 16:29:22 --> mysqli_sql_exception: Unknown column 'sosmedofficial' in 'field list' in C:\xampp\htdocs\github\master\vendor\codeigniter4\framework\system\Database\MySQLi\Connection.php:314
Stack trace:
#0 C:\xampp\htdocs\github\master\vendor\codeigniter4\framework\system\Database\MySQLi\Connection.php(314): mysqli->query('SELECT `sosmedo...')
#1 C:\xampp\htdocs\github\master\vendor\codeigniter4\framework\system\Database\BaseConnection.php(713): CodeIgniter\Database\MySQLi\Connection->execute('SELECT `sosmedo...')
#2 C:\xampp\htdocs\github\master\vendor\codeigniter4\framework\system\Database\BaseConnection.php(641): CodeIgniter\Database\BaseConnection->simpleQuery('SELECT `sosmedo...')
#3 C:\xampp\htdocs\github\master\vendor\codeigniter4\framework\system\Database\BaseBuilder.php(1866): CodeIgniter\Database\BaseConnection->query('SELECT `sosmedo...', Array, false)
#4 C:\xampp\htdocs\github\master\modules\Sosmed\Models\ModelDataOperatorSosmed.php(63): CodeIgniter\Database\BaseBuilder->get()
#5 C:\xampp\htdocs\github\master\modules\Sosmed\Controllers\DataOperatorSosmed.php(39): Modules\Sosmed\Models\ModelDataOperatorSosmed->get_datatables()
#6 C:\xampp\htdocs\github\master\vendor\codeigniter4\framework\system\CodeIgniter.php(940): Modules\Sosmed\Controllers\DataOperatorSosmed->datatabel()
#7 C:\xampp\htdocs\github\master\vendor\codeigniter4\framework\system\CodeIgniter.php(436): CodeIgniter\CodeIgniter->runController(Object(Modules\Sosmed\Controllers\DataOperatorSosmed))
#8 C:\xampp\htdocs\github\master\vendor\codeigniter4\framework\system\CodeIgniter.php(337): CodeIgniter\CodeIgniter->handleRequest(NULL, Object(Config\Cache), false)
#9 C:\xampp\htdocs\github\master\public\index.php(44): CodeIgniter\CodeIgniter->run()
#10 C:\xampp\htdocs\github\master\vendor\codeigniter4\framework\system\Commands\Server\rewrite.php(45): require_once('C:\\xampp\\htdocs...')
#11 {main}
CRITICAL - 2021-10-25 16:29:22 --> Unknown column 'sosmedofficial' in 'field list'
#0 C:\xampp\htdocs\github\master\vendor\codeigniter4\framework\system\Database\MySQLi\Connection.php(314): mysqli->query('SELECT `sosmedo...')
#1 C:\xampp\htdocs\github\master\vendor\codeigniter4\framework\system\Database\BaseConnection.php(713): CodeIgniter\Database\MySQLi\Connection->execute('SELECT `sosmedo...')
#2 C:\xampp\htdocs\github\master\vendor\codeigniter4\framework\system\Database\BaseConnection.php(641): CodeIgniter\Database\BaseConnection->simpleQuery('SELECT `sosmedo...')
#3 C:\xampp\htdocs\github\master\vendor\codeigniter4\framework\system\Database\BaseBuilder.php(1866): CodeIgniter\Database\BaseConnection->query('SELECT `sosmedo...', Array, false)
#4 C:\xampp\htdocs\github\master\modules\Sosmed\Models\ModelDataOperatorSosmed.php(63): CodeIgniter\Database\BaseBuilder->get()
#5 C:\xampp\htdocs\github\master\modules\Sosmed\Controllers\DataOperatorSosmed.php(39): Modules\Sosmed\Models\ModelDataOperatorSosmed->get_datatables()
#6 C:\xampp\htdocs\github\master\vendor\codeigniter4\framework\system\CodeIgniter.php(940): Modules\Sosmed\Controllers\DataOperatorSosmed->datatabel()
#7 C:\xampp\htdocs\github\master\vendor\codeigniter4\framework\system\CodeIgniter.php(436): CodeIgniter\CodeIgniter->runController(Object(Modules\Sosmed\Controllers\DataOperatorSosmed))
#8 C:\xampp\htdocs\github\master\vendor\codeigniter4\framework\system\CodeIgniter.php(337): CodeIgniter\CodeIgniter->handleRequest(NULL, Object(Config\Cache), false)
#9 C:\xampp\htdocs\github\master\public\index.php(44): CodeIgniter\CodeIgniter->run()
#10 C:\xampp\htdocs\github\master\vendor\codeigniter4\framework\system\Commands\Server\rewrite.php(45): require_once('C:\\xampp\\htdocs...')
#11 {main}
CRITICAL - 2021-10-25 16:30:08 --> Trying to get property 'id_user' of non-object
#0 C:\xampp\htdocs\github\master\modules\Sosmed\Controllers\DataOperatorSosmed.php(45): CodeIgniter\Debug\Exceptions->errorHandler(8, 'Trying to get p...', 'C:\\xampp\\htdocs...', 45, Array)
#1 C:\xampp\htdocs\github\master\vendor\codeigniter4\framework\system\CodeIgniter.php(940): Modules\Sosmed\Controllers\DataOperatorSosmed->datatabel()
#2 C:\xampp\htdocs\github\master\vendor\codeigniter4\framework\system\CodeIgniter.php(436): CodeIgniter\CodeIgniter->runController(Object(Modules\Sosmed\Controllers\DataOperatorSosmed))
#3 C:\xampp\htdocs\github\master\vendor\codeigniter4\framework\system\CodeIgniter.php(337): CodeIgniter\CodeIgniter->handleRequest(NULL, Object(Config\Cache), false)
#4 C:\xampp\htdocs\github\master\public\index.php(44): CodeIgniter\CodeIgniter->run()
#5 C:\xampp\htdocs\github\master\vendor\codeigniter4\framework\system\Commands\Server\rewrite.php(45): require_once('C:\\xampp\\htdocs...')
#6 {main}
CRITICAL - 2021-10-25 16:30:25 --> Trying to get property 'id_user' of non-object
#0 C:\xampp\htdocs\github\master\modules\Sosmed\Controllers\DataOperatorSosmed.php(45): CodeIgniter\Debug\Exceptions->errorHandler(8, 'Trying to get p...', 'C:\\xampp\\htdocs...', 45, Array)
#1 C:\xampp\htdocs\github\master\vendor\codeigniter4\framework\system\CodeIgniter.php(940): Modules\Sosmed\Controllers\DataOperatorSosmed->datatabel()
#2 C:\xampp\htdocs\github\master\vendor\codeigniter4\framework\system\CodeIgniter.php(436): CodeIgniter\CodeIgniter->runController(Object(Modules\Sosmed\Controllers\DataOperatorSosmed))
#3 C:\xampp\htdocs\github\master\vendor\codeigniter4\framework\system\CodeIgniter.php(337): CodeIgniter\CodeIgniter->handleRequest(NULL, Object(Config\Cache), false)
#4 C:\xampp\htdocs\github\master\public\index.php(44): CodeIgniter\CodeIgniter->run()
#5 C:\xampp\htdocs\github\master\vendor\codeigniter4\framework\system\Commands\Server\rewrite.php(45): require_once('C:\\xampp\\htdocs...')
#6 {main}
CRITICAL - 2021-10-25 16:31:13 --> Trying to get property 'id_user' of non-object
#0 C:\xampp\htdocs\github\master\modules\Sosmed\Controllers\DataOperatorSosmed.php(45): CodeIgniter\Debug\Exceptions->errorHandler(8, 'Trying to get p...', 'C:\\xampp\\htdocs...', 45, Array)
#1 C:\xampp\htdocs\github\master\vendor\codeigniter4\framework\system\CodeIgniter.php(940): Modules\Sosmed\Controllers\DataOperatorSosmed->datatabel()
#2 C:\xampp\htdocs\github\master\vendor\codeigniter4\framework\system\CodeIgniter.php(436): CodeIgniter\CodeIgniter->runController(Object(Modules\Sosmed\Controllers\DataOperatorSosmed))
#3 C:\xampp\htdocs\github\master\vendor\codeigniter4\framework\system\CodeIgniter.php(337): CodeIgniter\CodeIgniter->handleRequest(NULL, Object(Config\Cache), false)
#4 C:\xampp\htdocs\github\master\public\index.php(44): CodeIgniter\CodeIgniter->run()
#5 C:\xampp\htdocs\github\master\vendor\codeigniter4\framework\system\Commands\Server\rewrite.php(45): require_once('C:\\xampp\\htdocs...')
#6 {main}
CRITICAL - 2021-10-25 16:31:22 --> Trying to get property 'id_user' of non-object
#0 C:\xampp\htdocs\github\master\modules\Sosmed\Controllers\DataOperatorSosmed.php(45): CodeIgniter\Debug\Exceptions->errorHandler(8, 'Trying to get p...', 'C:\\xampp\\htdocs...', 45, Array)
#1 C:\xampp\htdocs\github\master\vendor\codeigniter4\framework\system\CodeIgniter.php(940): Modules\Sosmed\Controllers\DataOperatorSosmed->datatabel()
#2 C:\xampp\htdocs\github\master\vendor\codeigniter4\framework\system\CodeIgniter.php(436): CodeIgniter\CodeIgniter->runController(Object(Modules\Sosmed\Controllers\DataOperatorSosmed))
#3 C:\xampp\htdocs\github\master\vendor\codeigniter4\framework\system\CodeIgniter.php(337): CodeIgniter\CodeIgniter->handleRequest(NULL, Object(Config\Cache), false)
#4 C:\xampp\htdocs\github\master\public\index.php(44): CodeIgniter\CodeIgniter->run()
#5 C:\xampp\htdocs\github\master\vendor\codeigniter4\framework\system\Commands\Server\rewrite.php(45): require_once('C:\\xampp\\htdocs...')
#6 {main}
