ERROR - 2022-06-04 15:00:10 --> mysqli_sql_exception: Table 'database_report.x_kampus' doesn't exist in C:\Users\PC Kantor-3\Documents\DOCUMENT KANTOR\PROJECT CI4\report\vendor\codeigniter4\framework\system\Database\MySQLi\Connection.php:314
Stack trace:
#0 C:\Users\PC Kantor-3\Documents\DOCUMENT KANTOR\PROJECT CI4\report\vendor\codeigniter4\framework\system\Database\MySQLi\Connection.php(314): mysqli->query('SELECT `namakam...')
#1 C:\Users\PC Kantor-3\Documents\DOCUMENT KANTOR\PROJECT CI4\report\vendor\codeigniter4\framework\system\Database\BaseConnection.php(713): CodeIgniter\Database\MySQLi\Connection->execute('SELECT `namakam...')
#2 C:\Users\PC Kantor-3\Documents\DOCUMENT KANTOR\PROJECT CI4\report\vendor\codeigniter4\framework\system\Database\BaseConnection.php(641): CodeIgniter\Database\BaseConnection->simpleQuery('SELECT `namakam...')
#3 C:\Users\PC Kantor-3\Documents\DOCUMENT KANTOR\PROJECT CI4\report\vendor\codeigniter4\framework\system\Database\BaseBuilder.php(1866): CodeIgniter\Database\BaseConnection->query('SELECT `namakam...', Array, false)
#4 C:\Users\PC Kantor-3\Documents\DOCUMENT KANTOR\PROJECT CI4\report\app\Models\ModelMaster.php(187): CodeIgniter\Database\BaseBuilder->get()
#5 C:\Users\PC Kantor-3\Documents\DOCUMENT KANTOR\PROJECT CI4\report\modules\Users\Controllers\DataUsers.php(32): App\Models\ModelMaster->tampildataresult('x_kampus', 'namakampus,id', Array, '', '')
#6 C:\Users\PC Kantor-3\Documents\DOCUMENT KANTOR\PROJECT CI4\report\vendor\codeigniter4\framework\system\CodeIgniter.php(940): Modules\Users\Controllers\DataUsers->index()
#7 C:\Users\PC Kantor-3\Documents\DOCUMENT KANTOR\PROJECT CI4\report\vendor\codeigniter4\framework\system\CodeIgniter.php(436): CodeIgniter\CodeIgniter->runController(Object(Modules\Users\Controllers\DataUsers))
#8 C:\Users\PC Kantor-3\Documents\DOCUMENT KANTOR\PROJECT CI4\report\vendor\codeigniter4\framework\system\CodeIgniter.php(337): CodeIgniter\CodeIgniter->handleRequest(NULL, Object(Config\Cache), false)
#9 C:\Users\PC Kantor-3\Documents\DOCUMENT KANTOR\PROJECT CI4\report\public\index.php(44): CodeIgniter\CodeIgniter->run()
#10 C:\Users\PC Kantor-3\Documents\DOCUMENT KANTOR\PROJECT CI4\report\vendor\codeigniter4\framework\system\Commands\Server\rewrite.php(45): require_once('C:\\Users\\PC Kan...')
#11 {main}
CRITICAL - 2022-06-04 15:00:10 --> Table 'database_report.x_kampus' doesn't exist
#0 C:\Users\PC Kantor-3\Documents\DOCUMENT KANTOR\PROJECT CI4\report\vendor\codeigniter4\framework\system\Database\MySQLi\Connection.php(314): mysqli->query('SELECT `namakam...')
#1 C:\Users\PC Kantor-3\Documents\DOCUMENT KANTOR\PROJECT CI4\report\vendor\codeigniter4\framework\system\Database\BaseConnection.php(713): CodeIgniter\Database\MySQLi\Connection->execute('SELECT `namakam...')
#2 C:\Users\PC Kantor-3\Documents\DOCUMENT KANTOR\PROJECT CI4\report\vendor\codeigniter4\framework\system\Database\BaseConnection.php(641): CodeIgniter\Database\BaseConnection->simpleQuery('SELECT `namakam...')
#3 C:\Users\PC Kantor-3\Documents\DOCUMENT KANTOR\PROJECT CI4\report\vendor\codeigniter4\framework\system\Database\BaseBuilder.php(1866): CodeIgniter\Database\BaseConnection->query('SELECT `namakam...', Array, false)
#4 C:\Users\PC Kantor-3\Documents\DOCUMENT KANTOR\PROJECT CI4\report\app\Models\ModelMaster.php(187): CodeIgniter\Database\BaseBuilder->get()
#5 C:\Users\PC Kantor-3\Documents\DOCUMENT KANTOR\PROJECT CI4\report\modules\Users\Controllers\DataUsers.php(32): App\Models\ModelMaster->tampildataresult('x_kampus', 'namakampus,id', Array, '', '')
#6 C:\Users\PC Kantor-3\Documents\DOCUMENT KANTOR\PROJECT CI4\report\vendor\codeigniter4\framework\system\CodeIgniter.php(940): Modules\Users\Controllers\DataUsers->index()
#7 C:\Users\PC Kantor-3\Documents\DOCUMENT KANTOR\PROJECT CI4\report\vendor\codeigniter4\framework\system\CodeIgniter.php(436): CodeIgniter\CodeIgniter->runController(Object(Modules\Users\Controllers\DataUsers))
#8 C:\Users\PC Kantor-3\Documents\DOCUMENT KANTOR\PROJECT CI4\report\vendor\codeigniter4\framework\system\CodeIgniter.php(337): CodeIgniter\CodeIgniter->handleRequest(NULL, Object(Config\Cache), false)
#9 C:\Users\PC Kantor-3\Documents\DOCUMENT KANTOR\PROJECT CI4\report\public\index.php(44): CodeIgniter\CodeIgniter->run()
#10 C:\Users\PC Kantor-3\Documents\DOCUMENT KANTOR\PROJECT CI4\report\vendor\codeigniter4\framework\system\Commands\Server\rewrite.php(45): require_once('C:\\Users\\PC Kan...')
#11 {main}
CRITICAL - 2022-06-04 15:09:09 --> syntax error, unexpected end of file
#0 C:\Users\PC Kantor-3\Documents\DOCUMENT KANTOR\PROJECT CI4\report\vendor\codeigniter4\framework\system\View\View.php(222): CodeIgniter\View\View->CodeIgniter\View\{closure}()
#1 C:\Users\PC Kantor-3\Documents\DOCUMENT KANTOR\PROJECT CI4\report\vendor\codeigniter4\framework\system\View\View.php(468): CodeIgniter\View\View->render('Modules\\Layout\\...', NULL, true)
#2 C:\Users\PC Kantor-3\Documents\DOCUMENT KANTOR\PROJECT CI4\report\modules\Layout\Views\layout.php(180): CodeIgniter\View\View->include('Modules\\Layout\\...')
#3 C:\Users\PC Kantor-3\Documents\DOCUMENT KANTOR\PROJECT CI4\report\vendor\codeigniter4\framework\system\View\View.php(220): include('C:\\Users\\PC Kan...')
#4 C:\Users\PC Kantor-3\Documents\DOCUMENT KANTOR\PROJECT CI4\report\vendor\codeigniter4\framework\system\View\View.php(222): CodeIgniter\View\View->CodeIgniter\View\{closure}()
#5 C:\Users\PC Kantor-3\Documents\DOCUMENT KANTOR\PROJECT CI4\report\vendor\codeigniter4\framework\system\View\View.php(236): CodeIgniter\View\View->render('Modules\\Layout\\...', Array, true)
#6 C:\Users\PC Kantor-3\Documents\DOCUMENT KANTOR\PROJECT CI4\report\vendor\codeigniter4\framework\system\Common.php(1217): CodeIgniter\View\View->render('Modules\\Layout\\...', Array, true)
#7 C:\Users\PC Kantor-3\Documents\DOCUMENT KANTOR\PROJECT CI4\report\modules\Layout\Controllers\Layout.php(43): view('Modules\\Layout\\...', Array)
#8 C:\Users\PC Kantor-3\Documents\DOCUMENT KANTOR\PROJECT CI4\report\vendor\codeigniter4\framework\system\CodeIgniter.php(940): Modules\Layout\Controllers\Layout->index()
#9 C:\Users\PC Kantor-3\Documents\DOCUMENT KANTOR\PROJECT CI4\report\vendor\codeigniter4\framework\system\CodeIgniter.php(436): CodeIgniter\CodeIgniter->runController(Object(Modules\Layout\Controllers\Layout))
#10 C:\Users\PC Kantor-3\Documents\DOCUMENT KANTOR\PROJECT CI4\report\vendor\codeigniter4\framework\system\CodeIgniter.php(337): CodeIgniter\CodeIgniter->handleRequest(NULL, Object(Config\Cache), false)
#11 C:\Users\PC Kantor-3\Documents\DOCUMENT KANTOR\PROJECT CI4\report\public\index.php(44): CodeIgniter\CodeIgniter->run()
#12 C:\Users\PC Kantor-3\Documents\DOCUMENT KANTOR\PROJECT CI4\report\vendor\codeigniter4\framework\system\Commands\Server\rewrite.php(45): require_once('C:\\Users\\PC Kan...')
#13 {main}
CRITICAL - 2022-06-04 15:23:13 --> syntax error, unexpected end of file
#0 C:\Users\PC Kantor-3\Documents\DOCUMENT KANTOR\PROJECT CI4\report\vendor\codeigniter4\framework\system\View\View.php(222): CodeIgniter\View\View->CodeIgniter\View\{closure}()
#1 C:\Users\PC Kantor-3\Documents\DOCUMENT KANTOR\PROJECT CI4\report\vendor\codeigniter4\framework\system\View\View.php(468): CodeIgniter\View\View->render('Modules\\Layout\\...', NULL, true)
#2 C:\Users\PC Kantor-3\Documents\DOCUMENT KANTOR\PROJECT CI4\report\modules\Layout\Views\layout.php(180): CodeIgniter\View\View->include('Modules\\Layout\\...')
#3 C:\Users\PC Kantor-3\Documents\DOCUMENT KANTOR\PROJECT CI4\report\vendor\codeigniter4\framework\system\View\View.php(220): include('C:\\Users\\PC Kan...')
#4 C:\Users\PC Kantor-3\Documents\DOCUMENT KANTOR\PROJECT CI4\report\vendor\codeigniter4\framework\system\View\View.php(222): CodeIgniter\View\View->CodeIgniter\View\{closure}()
#5 C:\Users\PC Kantor-3\Documents\DOCUMENT KANTOR\PROJECT CI4\report\vendor\codeigniter4\framework\system\View\View.php(236): CodeIgniter\View\View->render('Modules\\Layout\\...', Array, true)
#6 C:\Users\PC Kantor-3\Documents\DOCUMENT KANTOR\PROJECT CI4\report\vendor\codeigniter4\framework\system\Common.php(1217): CodeIgniter\View\View->render('Modules\\Menu\\Vi...', Array, true)
#7 C:\Users\PC Kantor-3\Documents\DOCUMENT KANTOR\PROJECT CI4\report\modules\Menu\Controllers\DataGroupMenu.php(35): view('Modules\\Menu\\Vi...', Array)
#8 C:\Users\PC Kantor-3\Documents\DOCUMENT KANTOR\PROJECT CI4\report\vendor\codeigniter4\framework\system\CodeIgniter.php(940): Modules\Menu\Controllers\DataGroupMenu->group_menu()
#9 C:\Users\PC Kantor-3\Documents\DOCUMENT KANTOR\PROJECT CI4\report\vendor\codeigniter4\framework\system\CodeIgniter.php(436): CodeIgniter\CodeIgniter->runController(Object(Modules\Menu\Controllers\DataGroupMenu))
#10 C:\Users\PC Kantor-3\Documents\DOCUMENT KANTOR\PROJECT CI4\report\vendor\codeigniter4\framework\system\CodeIgniter.php(337): CodeIgniter\CodeIgniter->handleRequest(NULL, Object(Config\Cache), false)
#11 C:\Users\PC Kantor-3\Documents\DOCUMENT KANTOR\PROJECT CI4\report\public\index.php(44): CodeIgniter\CodeIgniter->run()
#12 C:\Users\PC Kantor-3\Documents\DOCUMENT KANTOR\PROJECT CI4\report\vendor\codeigniter4\framework\system\Commands\Server\rewrite.php(45): require_once('C:\\Users\\PC Kan...')
#13 {main}
ERROR - 2022-06-04 15:43:59 --> mysqli_sql_exception: Table 'database_report.x_kategoritoko' doesn't exist in C:\Users\PC Kantor-3\Documents\DOCUMENT KANTOR\PROJECT CI4\report\vendor\codeigniter4\framework\system\Database\MySQLi\Connection.php:314
Stack trace:
#0 C:\Users\PC Kantor-3\Documents\DOCUMENT KANTOR\PROJECT CI4\report\vendor\codeigniter4\framework\system\Database\MySQLi\Connection.php(314): mysqli->query('SELECT *\nFROM `...')
#1 C:\Users\PC Kantor-3\Documents\DOCUMENT KANTOR\PROJECT CI4\report\vendor\codeigniter4\framework\system\Database\BaseConnection.php(713): CodeIgniter\Database\MySQLi\Connection->execute('SELECT *\nFROM `...')
#2 C:\Users\PC Kantor-3\Documents\DOCUMENT KANTOR\PROJECT CI4\report\vendor\codeigniter4\framework\system\Database\BaseConnection.php(641): CodeIgniter\Database\BaseConnection->simpleQuery('SELECT *\nFROM `...')
#3 C:\Users\PC Kantor-3\Documents\DOCUMENT KANTOR\PROJECT CI4\report\vendor\codeigniter4\framework\system\Database\BaseBuilder.php(1866): CodeIgniter\Database\BaseConnection->query('SELECT *\nFROM `...', Array, false)
#4 C:\Users\PC Kantor-3\Documents\DOCUMENT KANTOR\PROJECT CI4\report\app\Models\ModelMaster.php(187): CodeIgniter\Database\BaseBuilder->get()
#5 C:\Users\PC Kantor-3\Documents\DOCUMENT KANTOR\PROJECT CI4\report\modules\Master\Controllers\DataKategoriProduk.php(24): App\Models\ModelMaster->tampildataresult('x_kategoritoko', '', Array, Array, '')
#6 C:\Users\PC Kantor-3\Documents\DOCUMENT KANTOR\PROJECT CI4\report\vendor\codeigniter4\framework\system\CodeIgniter.php(940): Modules\Master\Controllers\DataKategoriProduk->kategori()
#7 C:\Users\PC Kantor-3\Documents\DOCUMENT KANTOR\PROJECT CI4\report\vendor\codeigniter4\framework\system\CodeIgniter.php(436): CodeIgniter\CodeIgniter->runController(Object(Modules\Master\Controllers\DataKategoriProduk))
#8 C:\Users\PC Kantor-3\Documents\DOCUMENT KANTOR\PROJECT CI4\report\vendor\codeigniter4\framework\system\CodeIgniter.php(337): CodeIgniter\CodeIgniter->handleRequest(NULL, Object(Config\Cache), false)
#9 C:\Users\PC Kantor-3\Documents\DOCUMENT KANTOR\PROJECT CI4\report\public\index.php(44): CodeIgniter\CodeIgniter->run()
#10 C:\Users\PC Kantor-3\Documents\DOCUMENT KANTOR\PROJECT CI4\report\vendor\codeigniter4\framework\system\Commands\Server\rewrite.php(45): require_once('C:\\Users\\PC Kan...')
#11 {main}
CRITICAL - 2022-06-04 15:43:59 --> Table 'database_report.x_kategoritoko' doesn't exist
#0 C:\Users\PC Kantor-3\Documents\DOCUMENT KANTOR\PROJECT CI4\report\vendor\codeigniter4\framework\system\Database\MySQLi\Connection.php(314): mysqli->query('SELECT *\nFROM `...')
#1 C:\Users\PC Kantor-3\Documents\DOCUMENT KANTOR\PROJECT CI4\report\vendor\codeigniter4\framework\system\Database\BaseConnection.php(713): CodeIgniter\Database\MySQLi\Connection->execute('SELECT *\nFROM `...')
#2 C:\Users\PC Kantor-3\Documents\DOCUMENT KANTOR\PROJECT CI4\report\vendor\codeigniter4\framework\system\Database\BaseConnection.php(641): CodeIgniter\Database\BaseConnection->simpleQuery('SELECT *\nFROM `...')
#3 C:\Users\PC Kantor-3\Documents\DOCUMENT KANTOR\PROJECT CI4\report\vendor\codeigniter4\framework\system\Database\BaseBuilder.php(1866): CodeIgniter\Database\BaseConnection->query('SELECT *\nFROM `...', Array, false)
#4 C:\Users\PC Kantor-3\Documents\DOCUMENT KANTOR\PROJECT CI4\report\app\Models\ModelMaster.php(187): CodeIgniter\Database\BaseBuilder->get()
#5 C:\Users\PC Kantor-3\Documents\DOCUMENT KANTOR\PROJECT CI4\report\modules\Master\Controllers\DataKategoriProduk.php(24): App\Models\ModelMaster->tampildataresult('x_kategoritoko', '', Array, Array, '')
#6 C:\Users\PC Kantor-3\Documents\DOCUMENT KANTOR\PROJECT CI4\report\vendor\codeigniter4\framework\system\CodeIgniter.php(940): Modules\Master\Controllers\DataKategoriProduk->kategori()
#7 C:\Users\PC Kantor-3\Documents\DOCUMENT KANTOR\PROJECT CI4\report\vendor\codeigniter4\framework\system\CodeIgniter.php(436): CodeIgniter\CodeIgniter->runController(Object(Modules\Master\Controllers\DataKategoriProduk))
#8 C:\Users\PC Kantor-3\Documents\DOCUMENT KANTOR\PROJECT CI4\report\vendor\codeigniter4\framework\system\CodeIgniter.php(337): CodeIgniter\CodeIgniter->handleRequest(NULL, Object(Config\Cache), false)
#9 C:\Users\PC Kantor-3\Documents\DOCUMENT KANTOR\PROJECT CI4\report\public\index.php(44): CodeIgniter\CodeIgniter->run()
#10 C:\Users\PC Kantor-3\Documents\DOCUMENT KANTOR\PROJECT CI4\report\vendor\codeigniter4\framework\system\Commands\Server\rewrite.php(45): require_once('C:\\Users\\PC Kan...')
#11 {main}
CRITICAL - 2022-06-04 15:56:11 --> Undefined property: CodeIgniter\Database\MySQLi\Result::$getRowArray
#0 C:\Users\PC Kantor-3\Documents\DOCUMENT KANTOR\PROJECT CI4\report\modules\Users\Controllers\DataUsers.php(228): CodeIgniter\Debug\Exceptions->errorHandler(8, 'Undefined prope...', 'C:\\Users\\PC Kan...', 228, Array)
#1 C:\Users\PC Kantor-3\Documents\DOCUMENT KANTOR\PROJECT CI4\report\vendor\codeigniter4\framework\system\CodeIgniter.php(940): Modules\Users\Controllers\DataUsers->tambah_users()
#2 C:\Users\PC Kantor-3\Documents\DOCUMENT KANTOR\PROJECT CI4\report\vendor\codeigniter4\framework\system\CodeIgniter.php(436): CodeIgniter\CodeIgniter->runController(Object(Modules\Users\Controllers\DataUsers))
#3 C:\Users\PC Kantor-3\Documents\DOCUMENT KANTOR\PROJECT CI4\report\vendor\codeigniter4\framework\system\CodeIgniter.php(337): CodeIgniter\CodeIgniter->handleRequest(NULL, Object(Config\Cache), false)
#4 C:\Users\PC Kantor-3\Documents\DOCUMENT KANTOR\PROJECT CI4\report\public\index.php(44): CodeIgniter\CodeIgniter->run()
#5 C:\Users\PC Kantor-3\Documents\DOCUMENT KANTOR\PROJECT CI4\report\vendor\codeigniter4\framework\system\Commands\Server\rewrite.php(45): require_once('C:\\Users\\PC Kan...')
#6 {main}
CRITICAL - 2022-06-04 15:56:43 --> Undefined property: CodeIgniter\Database\MySQLi\Result::$getRowArray
#0 C:\Users\PC Kantor-3\Documents\DOCUMENT KANTOR\PROJECT CI4\report\modules\Users\Controllers\DataUsers.php(228): CodeIgniter\Debug\Exceptions->errorHandler(8, 'Undefined prope...', 'C:\\Users\\PC Kan...', 228, Array)
#1 C:\Users\PC Kantor-3\Documents\DOCUMENT KANTOR\PROJECT CI4\report\vendor\codeigniter4\framework\system\CodeIgniter.php(940): Modules\Users\Controllers\DataUsers->tambah_users()
#2 C:\Users\PC Kantor-3\Documents\DOCUMENT KANTOR\PROJECT CI4\report\vendor\codeigniter4\framework\system\CodeIgniter.php(436): CodeIgniter\CodeIgniter->runController(Object(Modules\Users\Controllers\DataUsers))
#3 C:\Users\PC Kantor-3\Documents\DOCUMENT KANTOR\PROJECT CI4\report\vendor\codeigniter4\framework\system\CodeIgniter.php(337): CodeIgniter\CodeIgniter->handleRequest(NULL, Object(Config\Cache), false)
#4 C:\Users\PC Kantor-3\Documents\DOCUMENT KANTOR\PROJECT CI4\report\public\index.php(44): CodeIgniter\CodeIgniter->run()
#5 C:\Users\PC Kantor-3\Documents\DOCUMENT KANTOR\PROJECT CI4\report\vendor\codeigniter4\framework\system\Commands\Server\rewrite.php(45): require_once('C:\\Users\\PC Kan...')
#6 {main}
CRITICAL - 2022-06-04 16:01:40 --> Class 'Modules\Perusahaan\Models\ModelPerusahaan' not found
#0 C:\Users\PC Kantor-3\Documents\DOCUMENT KANTOR\PROJECT CI4\report\vendor\codeigniter4\framework\system\CodeIgniter.php(912): Modules\Perusahaan\Controllers\DataPerusahaan->__construct()
#1 C:\Users\PC Kantor-3\Documents\DOCUMENT KANTOR\PROJECT CI4\report\vendor\codeigniter4\framework\system\CodeIgniter.php(426): CodeIgniter\CodeIgniter->createController()
#2 C:\Users\PC Kantor-3\Documents\DOCUMENT KANTOR\PROJECT CI4\report\vendor\codeigniter4\framework\system\CodeIgniter.php(337): CodeIgniter\CodeIgniter->handleRequest(NULL, Object(Config\Cache), false)
#3 C:\Users\PC Kantor-3\Documents\DOCUMENT KANTOR\PROJECT CI4\report\public\index.php(44): CodeIgniter\CodeIgniter->run()
#4 C:\Users\PC Kantor-3\Documents\DOCUMENT KANTOR\PROJECT CI4\report\vendor\codeigniter4\framework\system\Commands\Server\rewrite.php(45): require_once('C:\\Users\\PC Kan...')
#5 {main}
CRITICAL - 2022-06-04 16:02:54 --> Class 'Modules\Perusahaan\Models\ModelPerusahaan' not found
#0 C:\Users\PC Kantor-3\Documents\DOCUMENT KANTOR\PROJECT CI4\report\vendor\codeigniter4\framework\system\CodeIgniter.php(912): Modules\Perusahaan\Controllers\DataPerusahaan->__construct()
#1 C:\Users\PC Kantor-3\Documents\DOCUMENT KANTOR\PROJECT CI4\report\vendor\codeigniter4\framework\system\CodeIgniter.php(426): CodeIgniter\CodeIgniter->createController()
#2 C:\Users\PC Kantor-3\Documents\DOCUMENT KANTOR\PROJECT CI4\report\vendor\codeigniter4\framework\system\CodeIgniter.php(337): CodeIgniter\CodeIgniter->handleRequest(NULL, Object(Config\Cache), false)
#3 C:\Users\PC Kantor-3\Documents\DOCUMENT KANTOR\PROJECT CI4\report\public\index.php(44): CodeIgniter\CodeIgniter->run()
#4 C:\Users\PC Kantor-3\Documents\DOCUMENT KANTOR\PROJECT CI4\report\vendor\codeigniter4\framework\system\Commands\Server\rewrite.php(45): require_once('C:\\Users\\PC Kan...')
#5 {main}
CRITICAL - 2022-06-04 16:04:27 --> Class 'Modules\Perusahaan\Models\ModelPerusahaan' not found
#0 C:\Users\PC Kantor-3\Documents\DOCUMENT KANTOR\PROJECT CI4\report\vendor\codeigniter4\framework\system\CodeIgniter.php(912): Modules\Perusahaan\Controllers\DataPerusahaan->__construct()
#1 C:\Users\PC Kantor-3\Documents\DOCUMENT KANTOR\PROJECT CI4\report\vendor\codeigniter4\framework\system\CodeIgniter.php(426): CodeIgniter\CodeIgniter->createController()
#2 C:\Users\PC Kantor-3\Documents\DOCUMENT KANTOR\PROJECT CI4\report\vendor\codeigniter4\framework\system\CodeIgniter.php(337): CodeIgniter\CodeIgniter->handleRequest(NULL, Object(Config\Cache), false)
#3 C:\Users\PC Kantor-3\Documents\DOCUMENT KANTOR\PROJECT CI4\report\public\index.php(44): CodeIgniter\CodeIgniter->run()
#4 C:\Users\PC Kantor-3\Documents\DOCUMENT KANTOR\PROJECT CI4\report\vendor\codeigniter4\framework\system\Commands\Server\rewrite.php(45): require_once('C:\\Users\\PC Kan...')
#5 {main}
CRITICAL - 2022-06-04 16:04:44 --> Undefined variable: kategori
#0 C:\Users\PC Kantor-3\Documents\DOCUMENT KANTOR\PROJECT CI4\report\modules\Produk\Views\tambahproduk.php(74): CodeIgniter\Debug\Exceptions->errorHandler(8, 'Undefined varia...', 'C:\\Users\\PC Kan...', 74, Array)
#1 C:\Users\PC Kantor-3\Documents\DOCUMENT KANTOR\PROJECT CI4\report\vendor\codeigniter4\framework\system\View\View.php(220): include('C:\\Users\\PC Kan...')
#2 C:\Users\PC Kantor-3\Documents\DOCUMENT KANTOR\PROJECT CI4\report\vendor\codeigniter4\framework\system\View\View.php(222): CodeIgniter\View\View->CodeIgniter\View\{closure}()
#3 C:\Users\PC Kantor-3\Documents\DOCUMENT KANTOR\PROJECT CI4\report\vendor\codeigniter4\framework\system\Common.php(1217): CodeIgniter\View\View->render('Modules\\Produk\\...', Array, true)
#4 C:\Users\PC Kantor-3\Documents\DOCUMENT KANTOR\PROJECT CI4\report\modules\Perusahaan\Controllers\DataPerusahaan.php(36): view('Modules\\Produk\\...', Array)
#5 C:\Users\PC Kantor-3\Documents\DOCUMENT KANTOR\PROJECT CI4\report\vendor\codeigniter4\framework\system\CodeIgniter.php(940): Modules\Perusahaan\Controllers\DataPerusahaan->inputlaporan()
#6 C:\Users\PC Kantor-3\Documents\DOCUMENT KANTOR\PROJECT CI4\report\vendor\codeigniter4\framework\system\CodeIgniter.php(436): CodeIgniter\CodeIgniter->runController(Object(Modules\Perusahaan\Controllers\DataPerusahaan))
#7 C:\Users\PC Kantor-3\Documents\DOCUMENT KANTOR\PROJECT CI4\report\vendor\codeigniter4\framework\system\CodeIgniter.php(337): CodeIgniter\CodeIgniter->handleRequest(NULL, Object(Config\Cache), false)
#8 C:\Users\PC Kantor-3\Documents\DOCUMENT KANTOR\PROJECT CI4\report\public\index.php(44): CodeIgniter\CodeIgniter->run()
#9 C:\Users\PC Kantor-3\Documents\DOCUMENT KANTOR\PROJECT CI4\report\vendor\codeigniter4\framework\system\Commands\Server\rewrite.php(45): require_once('C:\\Users\\PC Kan...')
#10 {main}
CRITICAL - 2022-06-04 16:06:01 --> Undefined variable: kategori
#0 C:\Users\PC Kantor-3\Documents\DOCUMENT KANTOR\PROJECT CI4\report\modules\Produk\Views\tambahproduk.php(74): CodeIgniter\Debug\Exceptions->errorHandler(8, 'Undefined varia...', 'C:\\Users\\PC Kan...', 74, Array)
#1 C:\Users\PC Kantor-3\Documents\DOCUMENT KANTOR\PROJECT CI4\report\vendor\codeigniter4\framework\system\View\View.php(220): include('C:\\Users\\PC Kan...')
#2 C:\Users\PC Kantor-3\Documents\DOCUMENT KANTOR\PROJECT CI4\report\vendor\codeigniter4\framework\system\View\View.php(222): CodeIgniter\View\View->CodeIgniter\View\{closure}()
#3 C:\Users\PC Kantor-3\Documents\DOCUMENT KANTOR\PROJECT CI4\report\vendor\codeigniter4\framework\system\Common.php(1217): CodeIgniter\View\View->render('Modules\\Produk\\...', Array, true)
#4 C:\Users\PC Kantor-3\Documents\DOCUMENT KANTOR\PROJECT CI4\report\modules\Perusahaan\Controllers\DataPerusahaan.php(36): view('Modules\\Produk\\...', Array)
#5 C:\Users\PC Kantor-3\Documents\DOCUMENT KANTOR\PROJECT CI4\report\vendor\codeigniter4\framework\system\CodeIgniter.php(940): Modules\Perusahaan\Controllers\DataPerusahaan->inputlaporan()
#6 C:\Users\PC Kantor-3\Documents\DOCUMENT KANTOR\PROJECT CI4\report\vendor\codeigniter4\framework\system\CodeIgniter.php(436): CodeIgniter\CodeIgniter->runController(Object(Modules\Perusahaan\Controllers\DataPerusahaan))
#7 C:\Users\PC Kantor-3\Documents\DOCUMENT KANTOR\PROJECT CI4\report\vendor\codeigniter4\framework\system\CodeIgniter.php(337): CodeIgniter\CodeIgniter->handleRequest(NULL, Object(Config\Cache), false)
#8 C:\Users\PC Kantor-3\Documents\DOCUMENT KANTOR\PROJECT CI4\report\public\index.php(44): CodeIgniter\CodeIgniter->run()
#9 C:\Users\PC Kantor-3\Documents\DOCUMENT KANTOR\PROJECT CI4\report\vendor\codeigniter4\framework\system\Commands\Server\rewrite.php(45): require_once('C:\\Users\\PC Kan...')
#10 {main}
CRITICAL - 2022-06-04 16:06:02 --> Undefined variable: kategori
#0 C:\Users\PC Kantor-3\Documents\DOCUMENT KANTOR\PROJECT CI4\report\modules\Produk\Views\tambahproduk.php(74): CodeIgniter\Debug\Exceptions->errorHandler(8, 'Undefined varia...', 'C:\\Users\\PC Kan...', 74, Array)
#1 C:\Users\PC Kantor-3\Documents\DOCUMENT KANTOR\PROJECT CI4\report\vendor\codeigniter4\framework\system\View\View.php(220): include('C:\\Users\\PC Kan...')
#2 C:\Users\PC Kantor-3\Documents\DOCUMENT KANTOR\PROJECT CI4\report\vendor\codeigniter4\framework\system\View\View.php(222): CodeIgniter\View\View->CodeIgniter\View\{closure}()
#3 C:\Users\PC Kantor-3\Documents\DOCUMENT KANTOR\PROJECT CI4\report\vendor\codeigniter4\framework\system\Common.php(1217): CodeIgniter\View\View->render('Modules\\Produk\\...', Array, true)
#4 C:\Users\PC Kantor-3\Documents\DOCUMENT KANTOR\PROJECT CI4\report\modules\Perusahaan\Controllers\DataPerusahaan.php(36): view('Modules\\Produk\\...', Array)
#5 C:\Users\PC Kantor-3\Documents\DOCUMENT KANTOR\PROJECT CI4\report\vendor\codeigniter4\framework\system\CodeIgniter.php(940): Modules\Perusahaan\Controllers\DataPerusahaan->inputlaporan()
#6 C:\Users\PC Kantor-3\Documents\DOCUMENT KANTOR\PROJECT CI4\report\vendor\codeigniter4\framework\system\CodeIgniter.php(436): CodeIgniter\CodeIgniter->runController(Object(Modules\Perusahaan\Controllers\DataPerusahaan))
#7 C:\Users\PC Kantor-3\Documents\DOCUMENT KANTOR\PROJECT CI4\report\vendor\codeigniter4\framework\system\CodeIgniter.php(337): CodeIgniter\CodeIgniter->handleRequest(NULL, Object(Config\Cache), false)
#8 C:\Users\PC Kantor-3\Documents\DOCUMENT KANTOR\PROJECT CI4\report\public\index.php(44): CodeIgniter\CodeIgniter->run()
#9 C:\Users\PC Kantor-3\Documents\DOCUMENT KANTOR\PROJECT CI4\report\vendor\codeigniter4\framework\system\Commands\Server\rewrite.php(45): require_once('C:\\Users\\PC Kan...')
#10 {main}
CRITICAL - 2022-06-04 16:06:16 --> Undefined variable: kategori
#0 C:\Users\PC Kantor-3\Documents\DOCUMENT KANTOR\PROJECT CI4\report\modules\Produk\Views\tambahproduk.php(74): CodeIgniter\Debug\Exceptions->errorHandler(8, 'Undefined varia...', 'C:\\Users\\PC Kan...', 74, Array)
#1 C:\Users\PC Kantor-3\Documents\DOCUMENT KANTOR\PROJECT CI4\report\vendor\codeigniter4\framework\system\View\View.php(220): include('C:\\Users\\PC Kan...')
#2 C:\Users\PC Kantor-3\Documents\DOCUMENT KANTOR\PROJECT CI4\report\vendor\codeigniter4\framework\system\View\View.php(222): CodeIgniter\View\View->CodeIgniter\View\{closure}()
#3 C:\Users\PC Kantor-3\Documents\DOCUMENT KANTOR\PROJECT CI4\report\vendor\codeigniter4\framework\system\Common.php(1217): CodeIgniter\View\View->render('Modules\\Produk\\...', Array, true)
#4 C:\Users\PC Kantor-3\Documents\DOCUMENT KANTOR\PROJECT CI4\report\modules\Perusahaan\Controllers\DataPerusahaan.php(36): view('Modules\\Produk\\...', Array)
#5 C:\Users\PC Kantor-3\Documents\DOCUMENT KANTOR\PROJECT CI4\report\vendor\codeigniter4\framework\system\CodeIgniter.php(940): Modules\Perusahaan\Controllers\DataPerusahaan->inputlaporan()
#6 C:\Users\PC Kantor-3\Documents\DOCUMENT KANTOR\PROJECT CI4\report\vendor\codeigniter4\framework\system\CodeIgniter.php(436): CodeIgniter\CodeIgniter->runController(Object(Modules\Perusahaan\Controllers\DataPerusahaan))
#7 C:\Users\PC Kantor-3\Documents\DOCUMENT KANTOR\PROJECT CI4\report\vendor\codeigniter4\framework\system\CodeIgniter.php(337): CodeIgniter\CodeIgniter->handleRequest(NULL, Object(Config\Cache), false)
#8 C:\Users\PC Kantor-3\Documents\DOCUMENT KANTOR\PROJECT CI4\report\public\index.php(44): CodeIgniter\CodeIgniter->run()
#9 C:\Users\PC Kantor-3\Documents\DOCUMENT KANTOR\PROJECT CI4\report\vendor\codeigniter4\framework\system\Commands\Server\rewrite.php(45): require_once('C:\\Users\\PC Kan...')
#10 {main}
CRITICAL - 2022-06-04 16:29:18 --> Undefined offset: 0
#0 C:\Users\PC Kantor-3\Documents\DOCUMENT KANTOR\PROJECT CI4\report\modules\Layout\Views\sidebar.php(305): CodeIgniter\Debug\Exceptions->errorHandler(8, 'Undefined offse...', 'C:\\Users\\PC Kan...', 305, Array)
#1 C:\Users\PC Kantor-3\Documents\DOCUMENT KANTOR\PROJECT CI4\report\vendor\codeigniter4\framework\system\View\View.php(220): include('C:\\Users\\PC Kan...')
#2 C:\Users\PC Kantor-3\Documents\DOCUMENT KANTOR\PROJECT CI4\report\vendor\codeigniter4\framework\system\View\View.php(222): CodeIgniter\View\View->CodeIgniter\View\{closure}()
#3 C:\Users\PC Kantor-3\Documents\DOCUMENT KANTOR\PROJECT CI4\report\vendor\codeigniter4\framework\system\View\View.php(468): CodeIgniter\View\View->render('Modules\\Layout\\...', NULL, true)
#4 C:\Users\PC Kantor-3\Documents\DOCUMENT KANTOR\PROJECT CI4\report\modules\Layout\Views\layout.php(180): CodeIgniter\View\View->include('Modules\\Layout\\...')
#5 C:\Users\PC Kantor-3\Documents\DOCUMENT KANTOR\PROJECT CI4\report\vendor\codeigniter4\framework\system\View\View.php(220): include('C:\\Users\\PC Kan...')
#6 C:\Users\PC Kantor-3\Documents\DOCUMENT KANTOR\PROJECT CI4\report\vendor\codeigniter4\framework\system\View\View.php(222): CodeIgniter\View\View->CodeIgniter\View\{closure}()
#7 C:\Users\PC Kantor-3\Documents\DOCUMENT KANTOR\PROJECT CI4\report\vendor\codeigniter4\framework\system\View\View.php(236): CodeIgniter\View\View->render('Modules\\Layout\\...', Array, true)
#8 C:\Users\PC Kantor-3\Documents\DOCUMENT KANTOR\PROJECT CI4\report\vendor\codeigniter4\framework\system\Common.php(1217): CodeIgniter\View\View->render('Modules\\Layout\\...', Array, true)
#9 C:\Users\PC Kantor-3\Documents\DOCUMENT KANTOR\PROJECT CI4\report\modules\Layout\Controllers\Layout.php(43): view('Modules\\Layout\\...', Array)
#10 C:\Users\PC Kantor-3\Documents\DOCUMENT KANTOR\PROJECT CI4\report\vendor\codeigniter4\framework\system\CodeIgniter.php(940): Modules\Layout\Controllers\Layout->index()
#11 C:\Users\PC Kantor-3\Documents\DOCUMENT KANTOR\PROJECT CI4\report\vendor\codeigniter4\framework\system\CodeIgniter.php(436): CodeIgniter\CodeIgniter->runController(Object(Modules\Layout\Controllers\Layout))
#12 C:\Users\PC Kantor-3\Documents\DOCUMENT KANTOR\PROJECT CI4\report\vendor\codeigniter4\framework\system\CodeIgniter.php(337): CodeIgniter\CodeIgniter->handleRequest(NULL, Object(Config\Cache), false)
#13 C:\Users\PC Kantor-3\Documents\DOCUMENT KANTOR\PROJECT CI4\report\public\index.php(44): CodeIgniter\CodeIgniter->run()
#14 C:\Users\PC Kantor-3\Documents\DOCUMENT KANTOR\PROJECT CI4\report\vendor\codeigniter4\framework\system\Commands\Server\rewrite.php(45): require_once('C:\\Users\\PC Kan...')
#15 {main}
CRITICAL - 2022-06-04 16:29:23 --> Undefined offset: 0
#0 C:\Users\PC Kantor-3\Documents\DOCUMENT KANTOR\PROJECT CI4\report\modules\Layout\Views\sidebar.php(305): CodeIgniter\Debug\Exceptions->errorHandler(8, 'Undefined offse...', 'C:\\Users\\PC Kan...', 305, Array)
#1 C:\Users\PC Kantor-3\Documents\DOCUMENT KANTOR\PROJECT CI4\report\vendor\codeigniter4\framework\system\View\View.php(220): include('C:\\Users\\PC Kan...')
#2 C:\Users\PC Kantor-3\Documents\DOCUMENT KANTOR\PROJECT CI4\report\vendor\codeigniter4\framework\system\View\View.php(222): CodeIgniter\View\View->CodeIgniter\View\{closure}()
#3 C:\Users\PC Kantor-3\Documents\DOCUMENT KANTOR\PROJECT CI4\report\vendor\codeigniter4\framework\system\View\View.php(468): CodeIgniter\View\View->render('Modules\\Layout\\...', NULL, true)
#4 C:\Users\PC Kantor-3\Documents\DOCUMENT KANTOR\PROJECT CI4\report\modules\Layout\Views\layout.php(180): CodeIgniter\View\View->include('Modules\\Layout\\...')
#5 C:\Users\PC Kantor-3\Documents\DOCUMENT KANTOR\PROJECT CI4\report\vendor\codeigniter4\framework\system\View\View.php(220): include('C:\\Users\\PC Kan...')
#6 C:\Users\PC Kantor-3\Documents\DOCUMENT KANTOR\PROJECT CI4\report\vendor\codeigniter4\framework\system\View\View.php(222): CodeIgniter\View\View->CodeIgniter\View\{closure}()
#7 C:\Users\PC Kantor-3\Documents\DOCUMENT KANTOR\PROJECT CI4\report\vendor\codeigniter4\framework\system\View\View.php(236): CodeIgniter\View\View->render('Modules\\Layout\\...', Array, true)
#8 C:\Users\PC Kantor-3\Documents\DOCUMENT KANTOR\PROJECT CI4\report\vendor\codeigniter4\framework\system\Common.php(1217): CodeIgniter\View\View->render('Modules\\Layout\\...', Array, true)
#9 C:\Users\PC Kantor-3\Documents\DOCUMENT KANTOR\PROJECT CI4\report\modules\Layout\Controllers\Layout.php(43): view('Modules\\Layout\\...', Array)
#10 C:\Users\PC Kantor-3\Documents\DOCUMENT KANTOR\PROJECT CI4\report\vendor\codeigniter4\framework\system\CodeIgniter.php(940): Modules\Layout\Controllers\Layout->index()
#11 C:\Users\PC Kantor-3\Documents\DOCUMENT KANTOR\PROJECT CI4\report\vendor\codeigniter4\framework\system\CodeIgniter.php(436): CodeIgniter\CodeIgniter->runController(Object(Modules\Layout\Controllers\Layout))
#12 C:\Users\PC Kantor-3\Documents\DOCUMENT KANTOR\PROJECT CI4\report\vendor\codeigniter4\framework\system\CodeIgniter.php(337): CodeIgniter\CodeIgniter->handleRequest(NULL, Object(Config\Cache), false)
#13 C:\Users\PC Kantor-3\Documents\DOCUMENT KANTOR\PROJECT CI4\report\public\index.php(44): CodeIgniter\CodeIgniter->run()
#14 C:\Users\PC Kantor-3\Documents\DOCUMENT KANTOR\PROJECT CI4\report\vendor\codeigniter4\framework\system\Commands\Server\rewrite.php(45): require_once('C:\\Users\\PC Kan...')
#15 {main}
CRITICAL - 2022-06-04 16:29:30 --> Undefined offset: 0
#0 C:\Users\PC Kantor-3\Documents\DOCUMENT KANTOR\PROJECT CI4\report\modules\Layout\Views\sidebar.php(305): CodeIgniter\Debug\Exceptions->errorHandler(8, 'Undefined offse...', 'C:\\Users\\PC Kan...', 305, Array)
#1 C:\Users\PC Kantor-3\Documents\DOCUMENT KANTOR\PROJECT CI4\report\vendor\codeigniter4\framework\system\View\View.php(220): include('C:\\Users\\PC Kan...')
#2 C:\Users\PC Kantor-3\Documents\DOCUMENT KANTOR\PROJECT CI4\report\vendor\codeigniter4\framework\system\View\View.php(222): CodeIgniter\View\View->CodeIgniter\View\{closure}()
#3 C:\Users\PC Kantor-3\Documents\DOCUMENT KANTOR\PROJECT CI4\report\vendor\codeigniter4\framework\system\View\View.php(468): CodeIgniter\View\View->render('Modules\\Layout\\...', NULL, true)
#4 C:\Users\PC Kantor-3\Documents\DOCUMENT KANTOR\PROJECT CI4\report\modules\Layout\Views\layout.php(180): CodeIgniter\View\View->include('Modules\\Layout\\...')
#5 C:\Users\PC Kantor-3\Documents\DOCUMENT KANTOR\PROJECT CI4\report\vendor\codeigniter4\framework\system\View\View.php(220): include('C:\\Users\\PC Kan...')
#6 C:\Users\PC Kantor-3\Documents\DOCUMENT KANTOR\PROJECT CI4\report\vendor\codeigniter4\framework\system\View\View.php(222): CodeIgniter\View\View->CodeIgniter\View\{closure}()
#7 C:\Users\PC Kantor-3\Documents\DOCUMENT KANTOR\PROJECT CI4\report\vendor\codeigniter4\framework\system\View\View.php(236): CodeIgniter\View\View->render('Modules\\Layout\\...', Array, true)
#8 C:\Users\PC Kantor-3\Documents\DOCUMENT KANTOR\PROJECT CI4\report\vendor\codeigniter4\framework\system\Common.php(1217): CodeIgniter\View\View->render('Modules\\Layout\\...', Array, true)
#9 C:\Users\PC Kantor-3\Documents\DOCUMENT KANTOR\PROJECT CI4\report\modules\Layout\Controllers\Layout.php(43): view('Modules\\Layout\\...', Array)
#10 C:\Users\PC Kantor-3\Documents\DOCUMENT KANTOR\PROJECT CI4\report\vendor\codeigniter4\framework\system\CodeIgniter.php(940): Modules\Layout\Controllers\Layout->index()
#11 C:\Users\PC Kantor-3\Documents\DOCUMENT KANTOR\PROJECT CI4\report\vendor\codeigniter4\framework\system\CodeIgniter.php(436): CodeIgniter\CodeIgniter->runController(Object(Modules\Layout\Controllers\Layout))
#12 C:\Users\PC Kantor-3\Documents\DOCUMENT KANTOR\PROJECT CI4\report\vendor\codeigniter4\framework\system\CodeIgniter.php(337): CodeIgniter\CodeIgniter->handleRequest(NULL, Object(Config\Cache), false)
#13 C:\Users\PC Kantor-3\Documents\DOCUMENT KANTOR\PROJECT CI4\report\public\index.php(44): CodeIgniter\CodeIgniter->run()
#14 C:\Users\PC Kantor-3\Documents\DOCUMENT KANTOR\PROJECT CI4\report\vendor\codeigniter4\framework\system\Commands\Server\rewrite.php(45): require_once('C:\\Users\\PC Kan...')
#15 {main}
CRITICAL - 2022-06-04 16:30:45 --> Cannot redeclare Modules\Layout\Controllers\Layout::index()
#0 [internal function]: CodeIgniter\Debug\Exceptions->shutdownHandler()
#1 {main}
