CRITICAL - 2021-05-30 13:22:10 --> Undefined variable: password_baru
#0 D:\WEBSITE\xampp-7.4\htdocs\company\modules\AdminUsers\Controllers\DataUsers.php(266): CodeIgniter\Debug\Exceptions->errorHandler(8, 'Undefined varia...', 'D:\\WEBSITE\\xamp...', 266, Array)
#1 D:\WEBSITE\xampp-7.4\htdocs\company\vendor\codeigniter4\framework\system\CodeIgniter.php(936): Modules\AdminUsers\Controllers\DataUsers->edit_password()
#2 D:\WEBSITE\xampp-7.4\htdocs\company\vendor\codeigniter4\framework\system\CodeIgniter.php(432): CodeIgniter\CodeIgniter->runController(Object(Modules\AdminUsers\Controllers\DataUsers))
#3 D:\WEBSITE\xampp-7.4\htdocs\company\vendor\codeigniter4\framework\system\CodeIgniter.php(333): CodeIgniter\CodeIgniter->handleRequest(NULL, Object(Config\Cache), false)
#4 D:\WEBSITE\xampp-7.4\htdocs\company\public\index.php(44): CodeIgniter\CodeIgniter->run()
#5 D:\WEBSITE\xampp-7.4\htdocs\company\vendor\codeigniter4\framework\system\Commands\Server\rewrite.php(45): require_once('D:\\WEBSITE\\xamp...')
#6 {main}
ERROR - 2021-05-30 13:30:07 --> mysqli_sql_exception: Unknown column 'password_has' in 'field list' in D:\WEBSITE\xampp-7.4\htdocs\company\vendor\codeigniter4\framework\system\Database\MySQLi\Connection.php:314
Stack trace:
#0 D:\WEBSITE\xampp-7.4\htdocs\company\vendor\codeigniter4\framework\system\Database\MySQLi\Connection.php(314): mysqli->query('UPDATE `users` ...')
#1 D:\WEBSITE\xampp-7.4\htdocs\company\vendor\codeigniter4\framework\system\Database\BaseConnection.php(713): CodeIgniter\Database\MySQLi\Connection->execute('UPDATE `users` ...')
#2 D:\WEBSITE\xampp-7.4\htdocs\company\vendor\codeigniter4\framework\system\Database\BaseConnection.php(641): CodeIgniter\Database\BaseConnection->simpleQuery('UPDATE `users` ...')
#3 D:\WEBSITE\xampp-7.4\htdocs\company\vendor\codeigniter4\framework\system\Database\BaseBuilder.php(2468): CodeIgniter\Database\BaseConnection->query('UPDATE `users` ...', Array, false)
#4 D:\WEBSITE\xampp-7.4\htdocs\company\modules\AdminUsers\Models\ModelUsers.php(190): CodeIgniter\Database\BaseBuilder->update(Array)
#5 D:\WEBSITE\xampp-7.4\htdocs\company\modules\AdminUsers\Controllers\DataUsers.php(303): Modules\AdminUsers\Models\ModelUsers->edit_password('819c1c268f1633e...', '$2y$10$7v6eswCl...')
#6 D:\WEBSITE\xampp-7.4\htdocs\company\vendor\codeigniter4\framework\system\CodeIgniter.php(936): Modules\AdminUsers\Controllers\DataUsers->edit_password()
#7 D:\WEBSITE\xampp-7.4\htdocs\company\vendor\codeigniter4\framework\system\CodeIgniter.php(432): CodeIgniter\CodeIgniter->runController(Object(Modules\AdminUsers\Controllers\DataUsers))
#8 D:\WEBSITE\xampp-7.4\htdocs\company\vendor\codeigniter4\framework\system\CodeIgniter.php(333): CodeIgniter\CodeIgniter->handleRequest(NULL, Object(Config\Cache), false)
#9 D:\WEBSITE\xampp-7.4\htdocs\company\public\index.php(44): CodeIgniter\CodeIgniter->run()
#10 D:\WEBSITE\xampp-7.4\htdocs\company\vendor\codeigniter4\framework\system\Commands\Server\rewrite.php(45): require_once('D:\\WEBSITE\\xamp...')
#11 {main}
CRITICAL - 2021-05-30 13:30:07 --> Unknown column 'password_has' in 'field list'
#0 D:\WEBSITE\xampp-7.4\htdocs\company\vendor\codeigniter4\framework\system\Database\MySQLi\Connection.php(314): mysqli->query('UPDATE `users` ...')
#1 D:\WEBSITE\xampp-7.4\htdocs\company\vendor\codeigniter4\framework\system\Database\BaseConnection.php(713): CodeIgniter\Database\MySQLi\Connection->execute('UPDATE `users` ...')
#2 D:\WEBSITE\xampp-7.4\htdocs\company\vendor\codeigniter4\framework\system\Database\BaseConnection.php(641): CodeIgniter\Database\BaseConnection->simpleQuery('UPDATE `users` ...')
#3 D:\WEBSITE\xampp-7.4\htdocs\company\vendor\codeigniter4\framework\system\Database\BaseBuilder.php(2468): CodeIgniter\Database\BaseConnection->query('UPDATE `users` ...', Array, false)
#4 D:\WEBSITE\xampp-7.4\htdocs\company\modules\AdminUsers\Models\ModelUsers.php(190): CodeIgniter\Database\BaseBuilder->update(Array)
#5 D:\WEBSITE\xampp-7.4\htdocs\company\modules\AdminUsers\Controllers\DataUsers.php(303): Modules\AdminUsers\Models\ModelUsers->edit_password('819c1c268f1633e...', '$2y$10$7v6eswCl...')
#6 D:\WEBSITE\xampp-7.4\htdocs\company\vendor\codeigniter4\framework\system\CodeIgniter.php(936): Modules\AdminUsers\Controllers\DataUsers->edit_password()
#7 D:\WEBSITE\xampp-7.4\htdocs\company\vendor\codeigniter4\framework\system\CodeIgniter.php(432): CodeIgniter\CodeIgniter->runController(Object(Modules\AdminUsers\Controllers\DataUsers))
#8 D:\WEBSITE\xampp-7.4\htdocs\company\vendor\codeigniter4\framework\system\CodeIgniter.php(333): CodeIgniter\CodeIgniter->handleRequest(NULL, Object(Config\Cache), false)
#9 D:\WEBSITE\xampp-7.4\htdocs\company\public\index.php(44): CodeIgniter\CodeIgniter->run()
#10 D:\WEBSITE\xampp-7.4\htdocs\company\vendor\codeigniter4\framework\system\Commands\Server\rewrite.php(45): require_once('D:\\WEBSITE\\xamp...')
#11 {main}
CRITICAL - 2021-05-30 13:46:14 --> You must set the database table to be used with your query.
#0 D:\WEBSITE\xampp-7.4\htdocs\company\vendor\codeigniter4\framework\system\Model.php(615): CodeIgniter\Database\BaseConnection->table(NULL)
#1 D:\WEBSITE\xampp-7.4\htdocs\company\vendor\codeigniter4\framework\system\Model.php(834): CodeIgniter\Model->builder()
#2 D:\WEBSITE\xampp-7.4\htdocs\company\modules\AdminContent\Controllers\DataContent.php(24): CodeIgniter\Model->__call('get_website', Array)
#3 D:\WEBSITE\xampp-7.4\htdocs\company\vendor\codeigniter4\framework\system\CodeIgniter.php(936): Modules\AdminContent\Controllers\DataContent->content()
#4 D:\WEBSITE\xampp-7.4\htdocs\company\vendor\codeigniter4\framework\system\CodeIgniter.php(432): CodeIgniter\CodeIgniter->runController(Object(Modules\AdminContent\Controllers\DataContent))
#5 D:\WEBSITE\xampp-7.4\htdocs\company\vendor\codeigniter4\framework\system\CodeIgniter.php(333): CodeIgniter\CodeIgniter->handleRequest(NULL, Object(Config\Cache), false)
#6 D:\WEBSITE\xampp-7.4\htdocs\company\public\index.php(44): CodeIgniter\CodeIgniter->run()
#7 D:\WEBSITE\xampp-7.4\htdocs\company\vendor\codeigniter4\framework\system\Commands\Server\rewrite.php(45): require_once('D:\\WEBSITE\\xamp...')
#8 {main}
CRITICAL - 2021-05-30 13:49:04 --> You must set the database table to be used with your query.
#0 D:\WEBSITE\xampp-7.4\htdocs\company\vendor\codeigniter4\framework\system\Model.php(615): CodeIgniter\Database\BaseConnection->table(NULL)
#1 D:\WEBSITE\xampp-7.4\htdocs\company\vendor\codeigniter4\framework\system\Model.php(834): CodeIgniter\Model->builder()
#2 D:\WEBSITE\xampp-7.4\htdocs\company\modules\AdminContent\Controllers\DataContent.php(24): CodeIgniter\Model->__call('get_website', Array)
#3 D:\WEBSITE\xampp-7.4\htdocs\company\vendor\codeigniter4\framework\system\CodeIgniter.php(936): Modules\AdminContent\Controllers\DataContent->content()
#4 D:\WEBSITE\xampp-7.4\htdocs\company\vendor\codeigniter4\framework\system\CodeIgniter.php(432): CodeIgniter\CodeIgniter->runController(Object(Modules\AdminContent\Controllers\DataContent))
#5 D:\WEBSITE\xampp-7.4\htdocs\company\vendor\codeigniter4\framework\system\CodeIgniter.php(333): CodeIgniter\CodeIgniter->handleRequest(NULL, Object(Config\Cache), false)
#6 D:\WEBSITE\xampp-7.4\htdocs\company\public\index.php(44): CodeIgniter\CodeIgniter->run()
#7 D:\WEBSITE\xampp-7.4\htdocs\company\vendor\codeigniter4\framework\system\Commands\Server\rewrite.php(45): require_once('D:\\WEBSITE\\xamp...')
#8 {main}
ERROR - 2021-05-30 14:09:05 --> mysqli_sql_exception: Unknown column 'nama_content' in 'field list' in D:\WEBSITE\xampp-7.4\htdocs\company\vendor\codeigniter4\framework\system\Database\MySQLi\Connection.php:314
Stack trace:
#0 D:\WEBSITE\xampp-7.4\htdocs\company\vendor\codeigniter4\framework\system\Database\MySQLi\Connection.php(314): mysqli->query('INSERT INTO `bl...')
#1 D:\WEBSITE\xampp-7.4\htdocs\company\vendor\codeigniter4\framework\system\Database\BaseConnection.php(713): CodeIgniter\Database\MySQLi\Connection->execute('INSERT INTO `bl...')
#2 D:\WEBSITE\xampp-7.4\htdocs\company\vendor\codeigniter4\framework\system\Database\BaseConnection.php(641): CodeIgniter\Database\BaseConnection->simpleQuery('INSERT INTO `bl...')
#3 D:\WEBSITE\xampp-7.4\htdocs\company\vendor\codeigniter4\framework\system\Database\BaseBuilder.php(2263): CodeIgniter\Database\BaseConnection->query('INSERT INTO `bl...', Array, false)
#4 D:\WEBSITE\xampp-7.4\htdocs\company\modules\AdminContent\Models\ModelContent.php(53): CodeIgniter\Database\BaseBuilder->insert(Array)
#5 D:\WEBSITE\xampp-7.4\htdocs\company\modules\AdminContent\Controllers\DataContent.php(127): Modules\AdminContent\Models\ModelContent->save_content_website('nama content', 'nama-content', '<p>content&nbsp...', '2021-05-10 14:0...', '1', 'default.svg')
#6 D:\WEBSITE\xampp-7.4\htdocs\company\vendor\codeigniter4\framework\system\CodeIgniter.php(936): Modules\AdminContent\Controllers\DataContent->content_save()
#7 D:\WEBSITE\xampp-7.4\htdocs\company\vendor\codeigniter4\framework\system\CodeIgniter.php(432): CodeIgniter\CodeIgniter->runController(Object(Modules\AdminContent\Controllers\DataContent))
#8 D:\WEBSITE\xampp-7.4\htdocs\company\vendor\codeigniter4\framework\system\CodeIgniter.php(333): CodeIgniter\CodeIgniter->handleRequest(NULL, Object(Config\Cache), false)
#9 D:\WEBSITE\xampp-7.4\htdocs\company\public\index.php(44): CodeIgniter\CodeIgniter->run()
#10 D:\WEBSITE\xampp-7.4\htdocs\company\vendor\codeigniter4\framework\system\Commands\Server\rewrite.php(45): require_once('D:\\WEBSITE\\xamp...')
#11 {main}
CRITICAL - 2021-05-30 14:09:05 --> Unknown column 'nama_content' in 'field list'
#0 D:\WEBSITE\xampp-7.4\htdocs\company\vendor\codeigniter4\framework\system\Database\MySQLi\Connection.php(314): mysqli->query('INSERT INTO `bl...')
#1 D:\WEBSITE\xampp-7.4\htdocs\company\vendor\codeigniter4\framework\system\Database\BaseConnection.php(713): CodeIgniter\Database\MySQLi\Connection->execute('INSERT INTO `bl...')
#2 D:\WEBSITE\xampp-7.4\htdocs\company\vendor\codeigniter4\framework\system\Database\BaseConnection.php(641): CodeIgniter\Database\BaseConnection->simpleQuery('INSERT INTO `bl...')
#3 D:\WEBSITE\xampp-7.4\htdocs\company\vendor\codeigniter4\framework\system\Database\BaseBuilder.php(2263): CodeIgniter\Database\BaseConnection->query('INSERT INTO `bl...', Array, false)
#4 D:\WEBSITE\xampp-7.4\htdocs\company\modules\AdminContent\Models\ModelContent.php(53): CodeIgniter\Database\BaseBuilder->insert(Array)
#5 D:\WEBSITE\xampp-7.4\htdocs\company\modules\AdminContent\Controllers\DataContent.php(127): Modules\AdminContent\Models\ModelContent->save_content_website('nama content', 'nama-content', '<p>content&nbsp...', '2021-05-10 14:0...', '1', 'default.svg')
#6 D:\WEBSITE\xampp-7.4\htdocs\company\vendor\codeigniter4\framework\system\CodeIgniter.php(936): Modules\AdminContent\Controllers\DataContent->content_save()
#7 D:\WEBSITE\xampp-7.4\htdocs\company\vendor\codeigniter4\framework\system\CodeIgniter.php(432): CodeIgniter\CodeIgniter->runController(Object(Modules\AdminContent\Controllers\DataContent))
#8 D:\WEBSITE\xampp-7.4\htdocs\company\vendor\codeigniter4\framework\system\CodeIgniter.php(333): CodeIgniter\CodeIgniter->handleRequest(NULL, Object(Config\Cache), false)
#9 D:\WEBSITE\xampp-7.4\htdocs\company\public\index.php(44): CodeIgniter\CodeIgniter->run()
#10 D:\WEBSITE\xampp-7.4\htdocs\company\vendor\codeigniter4\framework\system\Commands\Server\rewrite.php(45): require_once('D:\\WEBSITE\\xamp...')
#11 {main}
CRITICAL - 2021-05-30 16:22:03 --> Undefined index: content_website
#0 D:\WEBSITE\xampp-7.4\htdocs\company\modules\AdminContent\Views\content_edit.php(74): CodeIgniter\Debug\Exceptions->errorHandler(8, 'Undefined index...', 'D:\\WEBSITE\\xamp...', 74, Array)
#1 D:\WEBSITE\xampp-7.4\htdocs\company\vendor\codeigniter4\framework\system\View\View.php(220): include('D:\\WEBSITE\\xamp...')
#2 D:\WEBSITE\xampp-7.4\htdocs\company\vendor\codeigniter4\framework\system\View\View.php(222): CodeIgniter\View\View->CodeIgniter\View\{closure}()
#3 D:\WEBSITE\xampp-7.4\htdocs\company\vendor\codeigniter4\framework\system\Common.php(1217): CodeIgniter\View\View->render('Modules\\AdminCo...', Array, true)
#4 D:\WEBSITE\xampp-7.4\htdocs\company\modules\AdminContent\Controllers\DataContent.php(62): view('Modules\\AdminCo...', Array)
#5 D:\WEBSITE\xampp-7.4\htdocs\company\vendor\codeigniter4\framework\system\CodeIgniter.php(936): Modules\AdminContent\Controllers\DataContent->content_edit('61b94527028bfac...')
#6 D:\WEBSITE\xampp-7.4\htdocs\company\vendor\codeigniter4\framework\system\CodeIgniter.php(432): CodeIgniter\CodeIgniter->runController(Object(Modules\AdminContent\Controllers\DataContent))
#7 D:\WEBSITE\xampp-7.4\htdocs\company\vendor\codeigniter4\framework\system\CodeIgniter.php(333): CodeIgniter\CodeIgniter->handleRequest(NULL, Object(Config\Cache), false)
#8 D:\WEBSITE\xampp-7.4\htdocs\company\public\index.php(44): CodeIgniter\CodeIgniter->run()
#9 D:\WEBSITE\xampp-7.4\htdocs\company\vendor\codeigniter4\framework\system\Commands\Server\rewrite.php(45): require_once('D:\\WEBSITE\\xamp...')
#10 {main}
ERROR - 2021-05-30 22:03:46 --> mysqli_sql_exception: Table 'database_company_profie.services' doesn't exist in D:\WEBSITE\xampp-7.4\htdocs\company\vendor\codeigniter4\framework\system\Database\MySQLi\Connection.php:314
Stack trace:
#0 D:\WEBSITE\xampp-7.4\htdocs\company\vendor\codeigniter4\framework\system\Database\MySQLi\Connection.php(314): mysqli->query('SELECT *, `crea...')
#1 D:\WEBSITE\xampp-7.4\htdocs\company\vendor\codeigniter4\framework\system\Database\BaseConnection.php(713): CodeIgniter\Database\MySQLi\Connection->execute('SELECT *, `crea...')
#2 D:\WEBSITE\xampp-7.4\htdocs\company\vendor\codeigniter4\framework\system\Database\BaseConnection.php(641): CodeIgniter\Database\BaseConnection->simpleQuery('SELECT *, `crea...')
#3 D:\WEBSITE\xampp-7.4\htdocs\company\vendor\codeigniter4\framework\system\Database\BaseBuilder.php(1866): CodeIgniter\Database\BaseConnection->query('SELECT *, `crea...', Array, false)
#4 D:\WEBSITE\xampp-7.4\htdocs\company\modules\AdminServices\Models\ModelServices.php(23): CodeIgniter\Database\BaseBuilder->get()
#5 D:\WEBSITE\xampp-7.4\htdocs\company\modules\AdminServices\Controllers\DataServices.php(24): Modules\Adminservices\Models\Modelservices->get_services()
#6 D:\WEBSITE\xampp-7.4\htdocs\company\vendor\codeigniter4\framework\system\CodeIgniter.php(936): Modules\AdminServices\Controllers\DataServices->services()
#7 D:\WEBSITE\xampp-7.4\htdocs\company\vendor\codeigniter4\framework\system\CodeIgniter.php(432): CodeIgniter\CodeIgniter->runController(Object(Modules\AdminServices\Controllers\DataServices))
#8 D:\WEBSITE\xampp-7.4\htdocs\company\vendor\codeigniter4\framework\system\CodeIgniter.php(333): CodeIgniter\CodeIgniter->handleRequest(NULL, Object(Config\Cache), false)
#9 D:\WEBSITE\xampp-7.4\htdocs\company\public\index.php(44): CodeIgniter\CodeIgniter->run()
#10 D:\WEBSITE\xampp-7.4\htdocs\company\vendor\codeigniter4\framework\system\Commands\Server\rewrite.php(45): require_once('D:\\WEBSITE\\xamp...')
#11 {main}
CRITICAL - 2021-05-30 22:03:46 --> Table 'database_company_profie.services' doesn't exist
#0 D:\WEBSITE\xampp-7.4\htdocs\company\vendor\codeigniter4\framework\system\Database\MySQLi\Connection.php(314): mysqli->query('SELECT *, `crea...')
#1 D:\WEBSITE\xampp-7.4\htdocs\company\vendor\codeigniter4\framework\system\Database\BaseConnection.php(713): CodeIgniter\Database\MySQLi\Connection->execute('SELECT *, `crea...')
#2 D:\WEBSITE\xampp-7.4\htdocs\company\vendor\codeigniter4\framework\system\Database\BaseConnection.php(641): CodeIgniter\Database\BaseConnection->simpleQuery('SELECT *, `crea...')
#3 D:\WEBSITE\xampp-7.4\htdocs\company\vendor\codeigniter4\framework\system\Database\BaseBuilder.php(1866): CodeIgniter\Database\BaseConnection->query('SELECT *, `crea...', Array, false)
#4 D:\WEBSITE\xampp-7.4\htdocs\company\modules\AdminServices\Models\ModelServices.php(23): CodeIgniter\Database\BaseBuilder->get()
#5 D:\WEBSITE\xampp-7.4\htdocs\company\modules\AdminServices\Controllers\DataServices.php(24): Modules\Adminservices\Models\Modelservices->get_services()
#6 D:\WEBSITE\xampp-7.4\htdocs\company\vendor\codeigniter4\framework\system\CodeIgniter.php(936): Modules\AdminServices\Controllers\DataServices->services()
#7 D:\WEBSITE\xampp-7.4\htdocs\company\vendor\codeigniter4\framework\system\CodeIgniter.php(432): CodeIgniter\CodeIgniter->runController(Object(Modules\AdminServices\Controllers\DataServices))
#8 D:\WEBSITE\xampp-7.4\htdocs\company\vendor\codeigniter4\framework\system\CodeIgniter.php(333): CodeIgniter\CodeIgniter->handleRequest(NULL, Object(Config\Cache), false)
#9 D:\WEBSITE\xampp-7.4\htdocs\company\public\index.php(44): CodeIgniter\CodeIgniter->run()
#10 D:\WEBSITE\xampp-7.4\htdocs\company\vendor\codeigniter4\framework\system\Commands\Server\rewrite.php(45): require_once('D:\\WEBSITE\\xamp...')
#11 {main}
ERROR - 2021-05-30 22:08:57 --> mysqli_sql_exception: Table 'database_company_profie.jasa_produk' doesn't exist in D:\WEBSITE\xampp-7.4\htdocs\company\vendor\codeigniter4\framework\system\Database\MySQLi\Connection.php:314
Stack trace:
#0 D:\WEBSITE\xampp-7.4\htdocs\company\vendor\codeigniter4\framework\system\Database\MySQLi\Connection.php(314): mysqli->query('SELECT *\nFROM `...')
#1 D:\WEBSITE\xampp-7.4\htdocs\company\vendor\codeigniter4\framework\system\Database\BaseConnection.php(713): CodeIgniter\Database\MySQLi\Connection->execute('SELECT *\nFROM `...')
#2 D:\WEBSITE\xampp-7.4\htdocs\company\vendor\codeigniter4\framework\system\Database\BaseConnection.php(641): CodeIgniter\Database\BaseConnection->simpleQuery('SELECT *\nFROM `...')
#3 D:\WEBSITE\xampp-7.4\htdocs\company\vendor\codeigniter4\framework\system\Database\BaseBuilder.php(1866): CodeIgniter\Database\BaseConnection->query('SELECT *\nFROM `...', Array, false)
#4 D:\WEBSITE\xampp-7.4\htdocs\company\modules\FrontEndLayout\Models\ModelLayout.php(70): CodeIgniter\Database\BaseBuilder->get()
#5 D:\WEBSITE\xampp-7.4\htdocs\company\modules\FrontEndLayout\Controllers\Layout.php(26): Modules\FrontEndLayout\Models\ModelLayout->get_services()
#6 D:\WEBSITE\xampp-7.4\htdocs\company\vendor\codeigniter4\framework\system\CodeIgniter.php(936): Modules\FrontEndLayout\Controllers\Layout->index()
#7 D:\WEBSITE\xampp-7.4\htdocs\company\vendor\codeigniter4\framework\system\CodeIgniter.php(432): CodeIgniter\CodeIgniter->runController(Object(Modules\FrontEndLayout\Controllers\Layout))
#8 D:\WEBSITE\xampp-7.4\htdocs\company\vendor\codeigniter4\framework\system\CodeIgniter.php(333): CodeIgniter\CodeIgniter->handleRequest(NULL, Object(Config\Cache), false)
#9 D:\WEBSITE\xampp-7.4\htdocs\company\public\index.php(44): CodeIgniter\CodeIgniter->run()
#10 D:\WEBSITE\xampp-7.4\htdocs\company\vendor\codeigniter4\framework\system\Commands\Server\rewrite.php(45): require_once('D:\\WEBSITE\\xamp...')
#11 {main}
CRITICAL - 2021-05-30 22:08:57 --> Table 'database_company_profie.jasa_produk' doesn't exist
#0 D:\WEBSITE\xampp-7.4\htdocs\company\vendor\codeigniter4\framework\system\Database\MySQLi\Connection.php(314): mysqli->query('SELECT *\nFROM `...')
#1 D:\WEBSITE\xampp-7.4\htdocs\company\vendor\codeigniter4\framework\system\Database\BaseConnection.php(713): CodeIgniter\Database\MySQLi\Connection->execute('SELECT *\nFROM `...')
#2 D:\WEBSITE\xampp-7.4\htdocs\company\vendor\codeigniter4\framework\system\Database\BaseConnection.php(641): CodeIgniter\Database\BaseConnection->simpleQuery('SELECT *\nFROM `...')
#3 D:\WEBSITE\xampp-7.4\htdocs\company\vendor\codeigniter4\framework\system\Database\BaseBuilder.php(1866): CodeIgniter\Database\BaseConnection->query('SELECT *\nFROM `...', Array, false)
#4 D:\WEBSITE\xampp-7.4\htdocs\company\modules\FrontEndLayout\Models\ModelLayout.php(70): CodeIgniter\Database\BaseBuilder->get()
#5 D:\WEBSITE\xampp-7.4\htdocs\company\modules\FrontEndLayout\Controllers\Layout.php(26): Modules\FrontEndLayout\Models\ModelLayout->get_services()
#6 D:\WEBSITE\xampp-7.4\htdocs\company\vendor\codeigniter4\framework\system\CodeIgniter.php(936): Modules\FrontEndLayout\Controllers\Layout->index()
#7 D:\WEBSITE\xampp-7.4\htdocs\company\vendor\codeigniter4\framework\system\CodeIgniter.php(432): CodeIgniter\CodeIgniter->runController(Object(Modules\FrontEndLayout\Controllers\Layout))
#8 D:\WEBSITE\xampp-7.4\htdocs\company\vendor\codeigniter4\framework\system\CodeIgniter.php(333): CodeIgniter\CodeIgniter->handleRequest(NULL, Object(Config\Cache), false)
#9 D:\WEBSITE\xampp-7.4\htdocs\company\public\index.php(44): CodeIgniter\CodeIgniter->run()
#10 D:\WEBSITE\xampp-7.4\htdocs\company\vendor\codeigniter4\framework\system\Commands\Server\rewrite.php(45): require_once('D:\\WEBSITE\\xamp...')
#11 {main}
CRITICAL - 2021-05-30 22:23:55 --> Trying to access array offset on value of type null
#0 D:\WEBSITE\xampp-7.4\htdocs\company\modules\AdminServices\Views\services_edit.php(54): CodeIgniter\Debug\Exceptions->errorHandler(8, 'Trying to acces...', 'D:\\WEBSITE\\xamp...', 54, Array)
#1 D:\WEBSITE\xampp-7.4\htdocs\company\vendor\codeigniter4\framework\system\View\View.php(220): include('D:\\WEBSITE\\xamp...')
#2 D:\WEBSITE\xampp-7.4\htdocs\company\vendor\codeigniter4\framework\system\View\View.php(222): CodeIgniter\View\View->CodeIgniter\View\{closure}()
#3 D:\WEBSITE\xampp-7.4\htdocs\company\vendor\codeigniter4\framework\system\Common.php(1217): CodeIgniter\View\View->render('Modules\\AdminSe...', Array, true)
#4 D:\WEBSITE\xampp-7.4\htdocs\company\modules\AdminServices\Controllers\DataServices.php(61): view('Modules\\AdminSe...', Array)
#5 D:\WEBSITE\xampp-7.4\htdocs\company\vendor\codeigniter4\framework\system\CodeIgniter.php(936): Modules\AdminServices\Controllers\DataServices->services_edit('0894a6031fc4add...')
#6 D:\WEBSITE\xampp-7.4\htdocs\company\vendor\codeigniter4\framework\system\CodeIgniter.php(432): CodeIgniter\CodeIgniter->runController(Object(Modules\AdminServices\Controllers\DataServices))
#7 D:\WEBSITE\xampp-7.4\htdocs\company\vendor\codeigniter4\framework\system\CodeIgniter.php(333): CodeIgniter\CodeIgniter->handleRequest(NULL, Object(Config\Cache), false)
#8 D:\WEBSITE\xampp-7.4\htdocs\company\public\index.php(44): CodeIgniter\CodeIgniter->run()
#9 D:\WEBSITE\xampp-7.4\htdocs\company\vendor\codeigniter4\framework\system\Commands\Server\rewrite.php(45): require_once('D:\\WEBSITE\\xamp...')
#10 {main}
ERROR - 2021-05-30 22:25:49 --> mysqli_sql_exception: Table 'database_company_profie.jasa_produk' doesn't exist in D:\WEBSITE\xampp-7.4\htdocs\company\vendor\codeigniter4\framework\system\Database\MySQLi\Connection.php:314
Stack trace:
#0 D:\WEBSITE\xampp-7.4\htdocs\company\vendor\codeigniter4\framework\system\Database\MySQLi\Connection.php(314): mysqli->query('SELECT *\nFROM `...')
#1 D:\WEBSITE\xampp-7.4\htdocs\company\vendor\codeigniter4\framework\system\Database\BaseConnection.php(713): CodeIgniter\Database\MySQLi\Connection->execute('SELECT *\nFROM `...')
#2 D:\WEBSITE\xampp-7.4\htdocs\company\vendor\codeigniter4\framework\system\Database\BaseConnection.php(641): CodeIgniter\Database\BaseConnection->simpleQuery('SELECT *\nFROM `...')
#3 D:\WEBSITE\xampp-7.4\htdocs\company\vendor\codeigniter4\framework\system\Database\BaseBuilder.php(1866): CodeIgniter\Database\BaseConnection->query('SELECT *\nFROM `...', Array, false)
#4 D:\WEBSITE\xampp-7.4\htdocs\company\modules\FrontEndLayout\Models\ModelLayout.php(70): CodeIgniter\Database\BaseBuilder->get()
#5 D:\WEBSITE\xampp-7.4\htdocs\company\modules\FrontEndLayout\Controllers\Layout.php(26): Modules\FrontEndLayout\Models\ModelLayout->get_services()
#6 D:\WEBSITE\xampp-7.4\htdocs\company\vendor\codeigniter4\framework\system\CodeIgniter.php(936): Modules\FrontEndLayout\Controllers\Layout->index()
#7 D:\WEBSITE\xampp-7.4\htdocs\company\vendor\codeigniter4\framework\system\CodeIgniter.php(432): CodeIgniter\CodeIgniter->runController(Object(Modules\FrontEndLayout\Controllers\Layout))
#8 D:\WEBSITE\xampp-7.4\htdocs\company\vendor\codeigniter4\framework\system\CodeIgniter.php(333): CodeIgniter\CodeIgniter->handleRequest(NULL, Object(Config\Cache), false)
#9 D:\WEBSITE\xampp-7.4\htdocs\company\public\index.php(44): CodeIgniter\CodeIgniter->run()
#10 D:\WEBSITE\xampp-7.4\htdocs\company\vendor\codeigniter4\framework\system\Commands\Server\rewrite.php(45): require_once('D:\\WEBSITE\\xamp...')
#11 {main}
CRITICAL - 2021-05-30 22:25:49 --> Table 'database_company_profie.jasa_produk' doesn't exist
#0 D:\WEBSITE\xampp-7.4\htdocs\company\vendor\codeigniter4\framework\system\Database\MySQLi\Connection.php(314): mysqli->query('SELECT *\nFROM `...')
#1 D:\WEBSITE\xampp-7.4\htdocs\company\vendor\codeigniter4\framework\system\Database\BaseConnection.php(713): CodeIgniter\Database\MySQLi\Connection->execute('SELECT *\nFROM `...')
#2 D:\WEBSITE\xampp-7.4\htdocs\company\vendor\codeigniter4\framework\system\Database\BaseConnection.php(641): CodeIgniter\Database\BaseConnection->simpleQuery('SELECT *\nFROM `...')
#3 D:\WEBSITE\xampp-7.4\htdocs\company\vendor\codeigniter4\framework\system\Database\BaseBuilder.php(1866): CodeIgniter\Database\BaseConnection->query('SELECT *\nFROM `...', Array, false)
#4 D:\WEBSITE\xampp-7.4\htdocs\company\modules\FrontEndLayout\Models\ModelLayout.php(70): CodeIgniter\Database\BaseBuilder->get()
#5 D:\WEBSITE\xampp-7.4\htdocs\company\modules\FrontEndLayout\Controllers\Layout.php(26): Modules\FrontEndLayout\Models\ModelLayout->get_services()
#6 D:\WEBSITE\xampp-7.4\htdocs\company\vendor\codeigniter4\framework\system\CodeIgniter.php(936): Modules\FrontEndLayout\Controllers\Layout->index()
#7 D:\WEBSITE\xampp-7.4\htdocs\company\vendor\codeigniter4\framework\system\CodeIgniter.php(432): CodeIgniter\CodeIgniter->runController(Object(Modules\FrontEndLayout\Controllers\Layout))
#8 D:\WEBSITE\xampp-7.4\htdocs\company\vendor\codeigniter4\framework\system\CodeIgniter.php(333): CodeIgniter\CodeIgniter->handleRequest(NULL, Object(Config\Cache), false)
#9 D:\WEBSITE\xampp-7.4\htdocs\company\public\index.php(44): CodeIgniter\CodeIgniter->run()
#10 D:\WEBSITE\xampp-7.4\htdocs\company\vendor\codeigniter4\framework\system\Commands\Server\rewrite.php(45): require_once('D:\\WEBSITE\\xamp...')
#11 {main}
CRITICAL - 2021-05-30 22:31:02 --> syntax error, unexpected '$draf' (T_VARIABLE), expecting ')'
#0 D:\WEBSITE\xampp-7.4\htdocs\company\vendor\codeigniter4\framework\system\Autoloader\Autoloader.php(265): CodeIgniter\Autoloader\Autoloader->includeFile('D:\\WEBSITE\\xamp...')
#1 D:\WEBSITE\xampp-7.4\htdocs\company\vendor\codeigniter4\framework\system\Autoloader\Autoloader.php(228): CodeIgniter\Autoloader\Autoloader->loadInNamespace('Modules\\AdminCo...')
#2 [internal function]: CodeIgniter\Autoloader\Autoloader->loadClass('Modules\\AdminCo...')
#3 [internal function]: spl_autoload_call('Modules\\AdminCo...')
#4 D:\WEBSITE\xampp-7.4\htdocs\company\vendor\codeigniter4\framework\system\CodeIgniter.php(893): class_exists('\\Modules\\AdminC...', true)
#5 D:\WEBSITE\xampp-7.4\htdocs\company\vendor\codeigniter4\framework\system\CodeIgniter.php(417): CodeIgniter\CodeIgniter->startController()
#6 D:\WEBSITE\xampp-7.4\htdocs\company\vendor\codeigniter4\framework\system\CodeIgniter.php(333): CodeIgniter\CodeIgniter->handleRequest(NULL, Object(Config\Cache), false)
#7 D:\WEBSITE\xampp-7.4\htdocs\company\public\index.php(44): CodeIgniter\CodeIgniter->run()
#8 D:\WEBSITE\xampp-7.4\htdocs\company\vendor\codeigniter4\framework\system\Commands\Server\rewrite.php(45): require_once('D:\\WEBSITE\\xamp...')
#9 {main}
