ERROR - 2021-06-03 09:27:30 --> Error connecting to the database: Unknown database 'database_web_master'
CRITICAL - 2021-06-03 09:27:30 --> Unable to connect to the database.
#0 D:\WEBSITE\xampp-7.4\htdocs\master-web\vendor\codeigniter4\framework\system\Database\BaseConnection.php(618): CodeIgniter\Database\BaseConnection->initialize()
#1 D:\WEBSITE\xampp-7.4\htdocs\master-web\vendor\codeigniter4\framework\system\Database\BaseBuilder.php(1966): CodeIgniter\Database\BaseConnection->query('SELECT COUNT(*)...', Array, false)
#2 D:\WEBSITE\xampp-7.4\htdocs\master-web\vendor\codeigniter4\framework\system\Model.php(570): CodeIgniter\Database\BaseBuilder->countAllResults(false)
#3 D:\WEBSITE\xampp-7.4\htdocs\master-web\vendor\codeigniter4\framework\system\BaseModel.php(1140): CodeIgniter\Model->countAllResults(false)
#4 D:\WEBSITE\xampp-7.4\htdocs\master-web\modules\FrontEndPresma\Models\ModelPresma.php(22): CodeIgniter\BaseModel->paginate(8, 'blog')
#5 D:\WEBSITE\xampp-7.4\htdocs\master-web\modules\FrontEndPresma\Controllers\Presma.php(25): Modules\FrontEndPresma\Models\ModelPresma->get_blog(8)
#6 D:\WEBSITE\xampp-7.4\htdocs\master-web\vendor\codeigniter4\framework\system\CodeIgniter.php(936): Modules\FrontEndPresma\Controllers\Presma->index()
#7 D:\WEBSITE\xampp-7.4\htdocs\master-web\vendor\codeigniter4\framework\system\CodeIgniter.php(432): CodeIgniter\CodeIgniter->runController(Object(Modules\FrontEndPresma\Controllers\Presma))
#8 D:\WEBSITE\xampp-7.4\htdocs\master-web\vendor\codeigniter4\framework\system\CodeIgniter.php(333): CodeIgniter\CodeIgniter->handleRequest(NULL, Object(Config\Cache), false)
#9 D:\WEBSITE\xampp-7.4\htdocs\master-web\public\index.php(44): CodeIgniter\CodeIgniter->run()
#10 D:\WEBSITE\xampp-7.4\htdocs\master-web\vendor\codeigniter4\framework\system\Commands\Server\rewrite.php(45): require_once('D:\\WEBSITE\\xamp...')
#11 {main}
CRITICAL - 2021-06-03 09:41:32 --> syntax error, unexpected 'endif' (T_ENDIF), expecting end of file
#0 D:\WEBSITE\xampp-7.4\htdocs\master-web\vendor\codeigniter4\framework\system\View\View.php(222): CodeIgniter\View\View->CodeIgniter\View\{closure}()
#1 D:\WEBSITE\xampp-7.4\htdocs\master-web\vendor\codeigniter4\framework\system\View\View.php(468): CodeIgniter\View\View->render('Modules\\AdminLa...', NULL, true)
#2 D:\WEBSITE\xampp-7.4\htdocs\master-web\modules\AdminLayout\Views\layout.php(50): CodeIgniter\View\View->include('Modules\\AdminLa...')
#3 D:\WEBSITE\xampp-7.4\htdocs\master-web\vendor\codeigniter4\framework\system\View\View.php(220): include('D:\\WEBSITE\\xamp...')
#4 D:\WEBSITE\xampp-7.4\htdocs\master-web\vendor\codeigniter4\framework\system\View\View.php(222): CodeIgniter\View\View->CodeIgniter\View\{closure}()
#5 D:\WEBSITE\xampp-7.4\htdocs\master-web\vendor\codeigniter4\framework\system\View\View.php(236): CodeIgniter\View\View->render('Modules\\AdminLa...', Array, true)
#6 D:\WEBSITE\xampp-7.4\htdocs\master-web\vendor\codeigniter4\framework\system\Common.php(1217): CodeIgniter\View\View->render('Modules\\AdminPr...', Array, true)
#7 D:\WEBSITE\xampp-7.4\htdocs\master-web\modules\AdminPresma\Controllers\DataPresmaBidang.php(34): view('Modules\\AdminPr...', Array)
#8 D:\WEBSITE\xampp-7.4\htdocs\master-web\vendor\codeigniter4\framework\system\CodeIgniter.php(936): Modules\AdminPresma\Controllers\DataPresmaBidang->presma_bidang()
#9 D:\WEBSITE\xampp-7.4\htdocs\master-web\vendor\codeigniter4\framework\system\CodeIgniter.php(432): CodeIgniter\CodeIgniter->runController(Object(Modules\AdminPresma\Controllers\DataPresmaBidang))
#10 D:\WEBSITE\xampp-7.4\htdocs\master-web\vendor\codeigniter4\framework\system\CodeIgniter.php(333): CodeIgniter\CodeIgniter->handleRequest(NULL, Object(Config\Cache), false)
#11 D:\WEBSITE\xampp-7.4\htdocs\master-web\public\index.php(44): CodeIgniter\CodeIgniter->run()
#12 D:\WEBSITE\xampp-7.4\htdocs\master-web\vendor\codeigniter4\framework\system\Commands\Server\rewrite.php(45): require_once('D:\\WEBSITE\\xamp...')
#13 {main}
CRITICAL - 2021-06-03 09:42:47 --> Undefined variable: content
#0 D:\WEBSITE\xampp-7.4\htdocs\master-web\modules\AdminBerita\Views\berita.php(65): CodeIgniter\Debug\Exceptions->errorHandler(8, 'Undefined varia...', 'D:\\WEBSITE\\xamp...', 65, Array)
#1 D:\WEBSITE\xampp-7.4\htdocs\master-web\vendor\codeigniter4\framework\system\View\View.php(220): include('D:\\WEBSITE\\xamp...')
#2 D:\WEBSITE\xampp-7.4\htdocs\master-web\vendor\codeigniter4\framework\system\View\View.php(222): CodeIgniter\View\View->CodeIgniter\View\{closure}()
#3 D:\WEBSITE\xampp-7.4\htdocs\master-web\vendor\codeigniter4\framework\system\Common.php(1217): CodeIgniter\View\View->render('Modules\\AdminBe...', Array, true)
#4 D:\WEBSITE\xampp-7.4\htdocs\master-web\modules\AdminBerita\Controllers\DataBerita.php(34): view('Modules\\AdminBe...', Array)
#5 D:\WEBSITE\xampp-7.4\htdocs\master-web\vendor\codeigniter4\framework\system\CodeIgniter.php(936): Modules\AdminBerita\Controllers\DataBerita->berita()
#6 D:\WEBSITE\xampp-7.4\htdocs\master-web\vendor\codeigniter4\framework\system\CodeIgniter.php(432): CodeIgniter\CodeIgniter->runController(Object(Modules\AdminBerita\Controllers\DataBerita))
#7 D:\WEBSITE\xampp-7.4\htdocs\master-web\vendor\codeigniter4\framework\system\CodeIgniter.php(333): CodeIgniter\CodeIgniter->handleRequest(NULL, Object(Config\Cache), false)
#8 D:\WEBSITE\xampp-7.4\htdocs\master-web\public\index.php(44): CodeIgniter\CodeIgniter->run()
#9 D:\WEBSITE\xampp-7.4\htdocs\master-web\vendor\codeigniter4\framework\system\Commands\Server\rewrite.php(45): require_once('D:\\WEBSITE\\xamp...')
#10 {main}
CRITICAL - 2021-06-03 09:56:50 --> Undefined variable: content
#0 D:\WEBSITE\xampp-7.4\htdocs\master-web\modules\AdminBerita\Views\berita_edit.php(51): CodeIgniter\Debug\Exceptions->errorHandler(8, 'Undefined varia...', 'D:\\WEBSITE\\xamp...', 51, Array)
#1 D:\WEBSITE\xampp-7.4\htdocs\master-web\vendor\codeigniter4\framework\system\View\View.php(220): include('D:\\WEBSITE\\xamp...')
#2 D:\WEBSITE\xampp-7.4\htdocs\master-web\vendor\codeigniter4\framework\system\View\View.php(222): CodeIgniter\View\View->CodeIgniter\View\{closure}()
#3 D:\WEBSITE\xampp-7.4\htdocs\master-web\vendor\codeigniter4\framework\system\Common.php(1217): CodeIgniter\View\View->render('Modules\\AdminBe...', Array, true)
#4 D:\WEBSITE\xampp-7.4\htdocs\master-web\modules\AdminBerita\Controllers\DataBerita.php(62): view('Modules\\AdminBe...', Array)
#5 D:\WEBSITE\xampp-7.4\htdocs\master-web\vendor\codeigniter4\framework\system\CodeIgniter.php(936): Modules\AdminBerita\Controllers\DataBerita->berita_edit('8cfb93d2e656189...')
#6 D:\WEBSITE\xampp-7.4\htdocs\master-web\vendor\codeigniter4\framework\system\CodeIgniter.php(432): CodeIgniter\CodeIgniter->runController(Object(Modules\AdminBerita\Controllers\DataBerita))
#7 D:\WEBSITE\xampp-7.4\htdocs\master-web\vendor\codeigniter4\framework\system\CodeIgniter.php(333): CodeIgniter\CodeIgniter->handleRequest(NULL, Object(Config\Cache), false)
#8 D:\WEBSITE\xampp-7.4\htdocs\master-web\public\index.php(44): CodeIgniter\CodeIgniter->run()
#9 D:\WEBSITE\xampp-7.4\htdocs\master-web\vendor\codeigniter4\framework\system\Commands\Server\rewrite.php(45): require_once('D:\\WEBSITE\\xamp...')
#10 {main}
CRITICAL - 2021-06-03 09:57:04 --> Undefined index: nama_content
#0 D:\WEBSITE\xampp-7.4\htdocs\master-web\modules\AdminBerita\Views\berita_edit.php(65): CodeIgniter\Debug\Exceptions->errorHandler(8, 'Undefined index...', 'D:\\WEBSITE\\xamp...', 65, Array)
#1 D:\WEBSITE\xampp-7.4\htdocs\master-web\vendor\codeigniter4\framework\system\View\View.php(220): include('D:\\WEBSITE\\xamp...')
#2 D:\WEBSITE\xampp-7.4\htdocs\master-web\vendor\codeigniter4\framework\system\View\View.php(222): CodeIgniter\View\View->CodeIgniter\View\{closure}()
#3 D:\WEBSITE\xampp-7.4\htdocs\master-web\vendor\codeigniter4\framework\system\Common.php(1217): CodeIgniter\View\View->render('Modules\\AdminBe...', Array, true)
#4 D:\WEBSITE\xampp-7.4\htdocs\master-web\modules\AdminBerita\Controllers\DataBerita.php(62): view('Modules\\AdminBe...', Array)
#5 D:\WEBSITE\xampp-7.4\htdocs\master-web\vendor\codeigniter4\framework\system\CodeIgniter.php(936): Modules\AdminBerita\Controllers\DataBerita->berita_edit('8cfb93d2e656189...')
#6 D:\WEBSITE\xampp-7.4\htdocs\master-web\vendor\codeigniter4\framework\system\CodeIgniter.php(432): CodeIgniter\CodeIgniter->runController(Object(Modules\AdminBerita\Controllers\DataBerita))
#7 D:\WEBSITE\xampp-7.4\htdocs\master-web\vendor\codeigniter4\framework\system\CodeIgniter.php(333): CodeIgniter\CodeIgniter->handleRequest(NULL, Object(Config\Cache), false)
#8 D:\WEBSITE\xampp-7.4\htdocs\master-web\public\index.php(44): CodeIgniter\CodeIgniter->run()
#9 D:\WEBSITE\xampp-7.4\htdocs\master-web\vendor\codeigniter4\framework\system\Commands\Server\rewrite.php(45): require_once('D:\\WEBSITE\\xamp...')
#10 {main}
CRITICAL - 2021-06-03 09:58:50 --> Undefined variable: content
#0 D:\WEBSITE\xampp-7.4\htdocs\master-web\modules\AdminBerita\Views\berita_edit.php(51): CodeIgniter\Debug\Exceptions->errorHandler(8, 'Undefined varia...', 'D:\\WEBSITE\\xamp...', 51, Array)
#1 D:\WEBSITE\xampp-7.4\htdocs\master-web\vendor\codeigniter4\framework\system\View\View.php(220): include('D:\\WEBSITE\\xamp...')
#2 D:\WEBSITE\xampp-7.4\htdocs\master-web\vendor\codeigniter4\framework\system\View\View.php(222): CodeIgniter\View\View->CodeIgniter\View\{closure}()
#3 D:\WEBSITE\xampp-7.4\htdocs\master-web\vendor\codeigniter4\framework\system\Common.php(1217): CodeIgniter\View\View->render('Modules\\AdminBe...', Array, true)
#4 D:\WEBSITE\xampp-7.4\htdocs\master-web\modules\AdminBerita\Controllers\DataBerita.php(62): view('Modules\\AdminBe...', Array)
#5 D:\WEBSITE\xampp-7.4\htdocs\master-web\vendor\codeigniter4\framework\system\CodeIgniter.php(936): Modules\AdminBerita\Controllers\DataBerita->berita_edit('8cfb93d2e656189...')
#6 D:\WEBSITE\xampp-7.4\htdocs\master-web\vendor\codeigniter4\framework\system\CodeIgniter.php(432): CodeIgniter\CodeIgniter->runController(Object(Modules\AdminBerita\Controllers\DataBerita))
#7 D:\WEBSITE\xampp-7.4\htdocs\master-web\vendor\codeigniter4\framework\system\CodeIgniter.php(333): CodeIgniter\CodeIgniter->handleRequest(NULL, Object(Config\Cache), false)
#8 D:\WEBSITE\xampp-7.4\htdocs\master-web\public\index.php(44): CodeIgniter\CodeIgniter->run()
#9 D:\WEBSITE\xampp-7.4\htdocs\master-web\vendor\codeigniter4\framework\system\Commands\Server\rewrite.php(45): require_once('D:\\WEBSITE\\xamp...')
#10 {main}
CRITICAL - 2021-06-03 12:04:51 --> Undefined variable: bidang
#0 D:\WEBSITE\xampp-7.4\htdocs\master-web\modules\AdminPresma\Views\presma_predikat.php(121): CodeIgniter\Debug\Exceptions->errorHandler(8, 'Undefined varia...', 'D:\\WEBSITE\\xamp...', 121, Array)
#1 D:\WEBSITE\xampp-7.4\htdocs\master-web\vendor\codeigniter4\framework\system\View\View.php(220): include('D:\\WEBSITE\\xamp...')
#2 D:\WEBSITE\xampp-7.4\htdocs\master-web\vendor\codeigniter4\framework\system\View\View.php(222): CodeIgniter\View\View->CodeIgniter\View\{closure}()
#3 D:\WEBSITE\xampp-7.4\htdocs\master-web\vendor\codeigniter4\framework\system\Common.php(1217): CodeIgniter\View\View->render('Modules\\AdminPr...', Array, true)
#4 D:\WEBSITE\xampp-7.4\htdocs\master-web\modules\AdminPresma\Controllers\DataPresmaPredikat.php(34): view('Modules\\AdminPr...', Array)
#5 D:\WEBSITE\xampp-7.4\htdocs\master-web\vendor\codeigniter4\framework\system\CodeIgniter.php(936): Modules\AdminPresma\Controllers\DataPresmapredikat->presma_predikat()
#6 D:\WEBSITE\xampp-7.4\htdocs\master-web\vendor\codeigniter4\framework\system\CodeIgniter.php(432): CodeIgniter\CodeIgniter->runController(Object(Modules\AdminPresma\Controllers\DataPresmapredikat))
#7 D:\WEBSITE\xampp-7.4\htdocs\master-web\vendor\codeigniter4\framework\system\CodeIgniter.php(333): CodeIgniter\CodeIgniter->handleRequest(NULL, Object(Config\Cache), false)
#8 D:\WEBSITE\xampp-7.4\htdocs\master-web\public\index.php(44): CodeIgniter\CodeIgniter->run()
#9 D:\WEBSITE\xampp-7.4\htdocs\master-web\vendor\codeigniter4\framework\system\Commands\Server\rewrite.php(45): require_once('D:\\WEBSITE\\xamp...')
#10 {main}
CRITICAL - 2021-06-03 14:50:43 --> Undefined variable: kategori
#0 D:\WEBSITE\xampp-7.4\htdocs\master-web\modules\FrontEndPresma\Controllers\Presma.php(35): CodeIgniter\Debug\Exceptions->errorHandler(8, 'Undefined varia...', 'D:\\WEBSITE\\xamp...', 35, Array)
#1 D:\WEBSITE\xampp-7.4\htdocs\master-web\vendor\codeigniter4\framework\system\CodeIgniter.php(936): Modules\FrontEndPresma\Controllers\Presma->index()
#2 D:\WEBSITE\xampp-7.4\htdocs\master-web\vendor\codeigniter4\framework\system\CodeIgniter.php(432): CodeIgniter\CodeIgniter->runController(Object(Modules\FrontEndPresma\Controllers\Presma))
#3 D:\WEBSITE\xampp-7.4\htdocs\master-web\vendor\codeigniter4\framework\system\CodeIgniter.php(333): CodeIgniter\CodeIgniter->handleRequest(NULL, Object(Config\Cache), false)
#4 D:\WEBSITE\xampp-7.4\htdocs\master-web\public\index.php(44): CodeIgniter\CodeIgniter->run()
#5 D:\WEBSITE\xampp-7.4\htdocs\master-web\vendor\codeigniter4\framework\system\Commands\Server\rewrite.php(45): require_once('D:\\WEBSITE\\xamp...')
#6 {main}
CRITICAL - 2021-06-03 14:50:48 --> Undefined variable: kategori
#0 D:\WEBSITE\xampp-7.4\htdocs\master-web\modules\FrontEndPresma\Controllers\Presma.php(35): CodeIgniter\Debug\Exceptions->errorHandler(8, 'Undefined varia...', 'D:\\WEBSITE\\xamp...', 35, Array)
#1 D:\WEBSITE\xampp-7.4\htdocs\master-web\vendor\codeigniter4\framework\system\CodeIgniter.php(936): Modules\FrontEndPresma\Controllers\Presma->index()
#2 D:\WEBSITE\xampp-7.4\htdocs\master-web\vendor\codeigniter4\framework\system\CodeIgniter.php(432): CodeIgniter\CodeIgniter->runController(Object(Modules\FrontEndPresma\Controllers\Presma))
#3 D:\WEBSITE\xampp-7.4\htdocs\master-web\vendor\codeigniter4\framework\system\CodeIgniter.php(333): CodeIgniter\CodeIgniter->handleRequest(NULL, Object(Config\Cache), false)
#4 D:\WEBSITE\xampp-7.4\htdocs\master-web\public\index.php(44): CodeIgniter\CodeIgniter->run()
#5 D:\WEBSITE\xampp-7.4\htdocs\master-web\vendor\codeigniter4\framework\system\Commands\Server\rewrite.php(45): require_once('D:\\WEBSITE\\xamp...')
#6 {main}
CRITICAL - 2021-06-03 14:50:54 --> Undefined variable: kategori
#0 D:\WEBSITE\xampp-7.4\htdocs\master-web\modules\FrontEndPresma\Controllers\Presma.php(35): CodeIgniter\Debug\Exceptions->errorHandler(8, 'Undefined varia...', 'D:\\WEBSITE\\xamp...', 35, Array)
#1 D:\WEBSITE\xampp-7.4\htdocs\master-web\vendor\codeigniter4\framework\system\CodeIgniter.php(936): Modules\FrontEndPresma\Controllers\Presma->index()
#2 D:\WEBSITE\xampp-7.4\htdocs\master-web\vendor\codeigniter4\framework\system\CodeIgniter.php(432): CodeIgniter\CodeIgniter->runController(Object(Modules\FrontEndPresma\Controllers\Presma))
#3 D:\WEBSITE\xampp-7.4\htdocs\master-web\vendor\codeigniter4\framework\system\CodeIgniter.php(333): CodeIgniter\CodeIgniter->handleRequest(NULL, Object(Config\Cache), false)
#4 D:\WEBSITE\xampp-7.4\htdocs\master-web\public\index.php(44): CodeIgniter\CodeIgniter->run()
#5 D:\WEBSITE\xampp-7.4\htdocs\master-web\vendor\codeigniter4\framework\system\Commands\Server\rewrite.php(45): require_once('D:\\WEBSITE\\xamp...')
#6 {main}
CRITICAL - 2021-06-03 14:50:57 --> Undefined variable: kategori
#0 D:\WEBSITE\xampp-7.4\htdocs\master-web\modules\FrontEndPresma\Controllers\Presma.php(35): CodeIgniter\Debug\Exceptions->errorHandler(8, 'Undefined varia...', 'D:\\WEBSITE\\xamp...', 35, Array)
#1 D:\WEBSITE\xampp-7.4\htdocs\master-web\vendor\codeigniter4\framework\system\CodeIgniter.php(936): Modules\FrontEndPresma\Controllers\Presma->index()
#2 D:\WEBSITE\xampp-7.4\htdocs\master-web\vendor\codeigniter4\framework\system\CodeIgniter.php(432): CodeIgniter\CodeIgniter->runController(Object(Modules\FrontEndPresma\Controllers\Presma))
#3 D:\WEBSITE\xampp-7.4\htdocs\master-web\vendor\codeigniter4\framework\system\CodeIgniter.php(333): CodeIgniter\CodeIgniter->handleRequest(NULL, Object(Config\Cache), false)
#4 D:\WEBSITE\xampp-7.4\htdocs\master-web\public\index.php(44): CodeIgniter\CodeIgniter->run()
#5 D:\WEBSITE\xampp-7.4\htdocs\master-web\vendor\codeigniter4\framework\system\Commands\Server\rewrite.php(45): require_once('D:\\WEBSITE\\xamp...')
#6 {main}
CRITICAL - 2021-06-03 14:55:14 --> Undefined variable: blog
#0 D:\WEBSITE\xampp-7.4\htdocs\master-web\modules\FrontEndPresma\Views\presma.php(24): CodeIgniter\Debug\Exceptions->errorHandler(8, 'Undefined varia...', 'D:\\WEBSITE\\xamp...', 24, Array)
#1 D:\WEBSITE\xampp-7.4\htdocs\master-web\vendor\codeigniter4\framework\system\View\View.php(220): include('D:\\WEBSITE\\xamp...')
#2 D:\WEBSITE\xampp-7.4\htdocs\master-web\vendor\codeigniter4\framework\system\View\View.php(222): CodeIgniter\View\View->CodeIgniter\View\{closure}()
#3 D:\WEBSITE\xampp-7.4\htdocs\master-web\vendor\codeigniter4\framework\system\Common.php(1217): CodeIgniter\View\View->render('Modules\\FrontEn...', Array, true)
#4 D:\WEBSITE\xampp-7.4\htdocs\master-web\modules\FrontEndPresma\Controllers\Presma.php(39): view('Modules\\FrontEn...', Array)
#5 D:\WEBSITE\xampp-7.4\htdocs\master-web\vendor\codeigniter4\framework\system\CodeIgniter.php(936): Modules\FrontEndPresma\Controllers\Presma->index()
#6 D:\WEBSITE\xampp-7.4\htdocs\master-web\vendor\codeigniter4\framework\system\CodeIgniter.php(432): CodeIgniter\CodeIgniter->runController(Object(Modules\FrontEndPresma\Controllers\Presma))
#7 D:\WEBSITE\xampp-7.4\htdocs\master-web\vendor\codeigniter4\framework\system\CodeIgniter.php(333): CodeIgniter\CodeIgniter->handleRequest(NULL, Object(Config\Cache), false)
#8 D:\WEBSITE\xampp-7.4\htdocs\master-web\public\index.php(44): CodeIgniter\CodeIgniter->run()
#9 D:\WEBSITE\xampp-7.4\htdocs\master-web\vendor\codeigniter4\framework\system\Commands\Server\rewrite.php(45): require_once('D:\\WEBSITE\\xamp...')
#10 {main}
CRITICAL - 2021-06-03 14:57:19 --> Undefined index: nama
#0 D:\WEBSITE\xampp-7.4\htdocs\master-web\modules\FrontEndPresma\Views\presma.php(41): CodeIgniter\Debug\Exceptions->errorHandler(8, 'Undefined index...', 'D:\\WEBSITE\\xamp...', 41, Array)
#1 D:\WEBSITE\xampp-7.4\htdocs\master-web\vendor\codeigniter4\framework\system\View\View.php(220): include('D:\\WEBSITE\\xamp...')
#2 D:\WEBSITE\xampp-7.4\htdocs\master-web\vendor\codeigniter4\framework\system\View\View.php(222): CodeIgniter\View\View->CodeIgniter\View\{closure}()
#3 D:\WEBSITE\xampp-7.4\htdocs\master-web\vendor\codeigniter4\framework\system\Common.php(1217): CodeIgniter\View\View->render('Modules\\FrontEn...', Array, true)
#4 D:\WEBSITE\xampp-7.4\htdocs\master-web\modules\FrontEndPresma\Controllers\Presma.php(39): view('Modules\\FrontEn...', Array)
#5 D:\WEBSITE\xampp-7.4\htdocs\master-web\vendor\codeigniter4\framework\system\CodeIgniter.php(936): Modules\FrontEndPresma\Controllers\Presma->index()
#6 D:\WEBSITE\xampp-7.4\htdocs\master-web\vendor\codeigniter4\framework\system\CodeIgniter.php(432): CodeIgniter\CodeIgniter->runController(Object(Modules\FrontEndPresma\Controllers\Presma))
#7 D:\WEBSITE\xampp-7.4\htdocs\master-web\vendor\codeigniter4\framework\system\CodeIgniter.php(333): CodeIgniter\CodeIgniter->handleRequest(NULL, Object(Config\Cache), false)
#8 D:\WEBSITE\xampp-7.4\htdocs\master-web\public\index.php(44): CodeIgniter\CodeIgniter->run()
#9 D:\WEBSITE\xampp-7.4\htdocs\master-web\vendor\codeigniter4\framework\system\Commands\Server\rewrite.php(45): require_once('D:\\WEBSITE\\xamp...')
#10 {main}
CRITICAL - 2021-06-03 14:57:34 --> Undefined index: nama
#0 D:\WEBSITE\xampp-7.4\htdocs\master-web\modules\FrontEndPresma\Views\presma.php(41): CodeIgniter\Debug\Exceptions->errorHandler(8, 'Undefined index...', 'D:\\WEBSITE\\xamp...', 41, Array)
#1 D:\WEBSITE\xampp-7.4\htdocs\master-web\vendor\codeigniter4\framework\system\View\View.php(220): include('D:\\WEBSITE\\xamp...')
#2 D:\WEBSITE\xampp-7.4\htdocs\master-web\vendor\codeigniter4\framework\system\View\View.php(222): CodeIgniter\View\View->CodeIgniter\View\{closure}()
#3 D:\WEBSITE\xampp-7.4\htdocs\master-web\vendor\codeigniter4\framework\system\Common.php(1217): CodeIgniter\View\View->render('Modules\\FrontEn...', Array, true)
#4 D:\WEBSITE\xampp-7.4\htdocs\master-web\modules\FrontEndPresma\Controllers\Presma.php(39): view('Modules\\FrontEn...', Array)
#5 D:\WEBSITE\xampp-7.4\htdocs\master-web\vendor\codeigniter4\framework\system\CodeIgniter.php(936): Modules\FrontEndPresma\Controllers\Presma->index()
#6 D:\WEBSITE\xampp-7.4\htdocs\master-web\vendor\codeigniter4\framework\system\CodeIgniter.php(432): CodeIgniter\CodeIgniter->runController(Object(Modules\FrontEndPresma\Controllers\Presma))
#7 D:\WEBSITE\xampp-7.4\htdocs\master-web\vendor\codeigniter4\framework\system\CodeIgniter.php(333): CodeIgniter\CodeIgniter->handleRequest(NULL, Object(Config\Cache), false)
#8 D:\WEBSITE\xampp-7.4\htdocs\master-web\public\index.php(44): CodeIgniter\CodeIgniter->run()
#9 D:\WEBSITE\xampp-7.4\htdocs\master-web\vendor\codeigniter4\framework\system\Commands\Server\rewrite.php(45): require_once('D:\\WEBSITE\\xamp...')
#10 {main}
ERROR - 2021-06-03 15:05:51 --> mysqli_sql_exception: Unknown column 'tingakat' in 'field list' in D:\WEBSITE\xampp-7.4\htdocs\master-web\vendor\codeigniter4\framework\system\Database\MySQLi\Connection.php:314
Stack trace:
#0 D:\WEBSITE\xampp-7.4\htdocs\master-web\vendor\codeigniter4\framework\system\Database\MySQLi\Connection.php(314): mysqli->query('UPDATE `presma`...')
#1 D:\WEBSITE\xampp-7.4\htdocs\master-web\vendor\codeigniter4\framework\system\Database\BaseConnection.php(713): CodeIgniter\Database\MySQLi\Connection->execute('UPDATE `presma`...')
#2 D:\WEBSITE\xampp-7.4\htdocs\master-web\vendor\codeigniter4\framework\system\Database\BaseConnection.php(641): CodeIgniter\Database\BaseConnection->simpleQuery('UPDATE `presma`...')
#3 D:\WEBSITE\xampp-7.4\htdocs\master-web\vendor\codeigniter4\framework\system\Database\BaseBuilder.php(2468): CodeIgniter\Database\BaseConnection->query('UPDATE `presma`...', Array, false)
#4 D:\WEBSITE\xampp-7.4\htdocs\master-web\app\Database\Seeds\Presma.php(36): CodeIgniter\Database\BaseBuilder->update(Array)
#5 D:\WEBSITE\xampp-7.4\htdocs\master-web\vendor\codeigniter4\framework\system\Database\Seeder.php(171): App\Database\Seeds\Presma->run()
#6 D:\WEBSITE\xampp-7.4\htdocs\master-web\vendor\codeigniter4\framework\system\Commands\Database\Seed.php(83): CodeIgniter\Database\Seeder->call('App\\Database\\Se...')
#7 D:\WEBSITE\xampp-7.4\htdocs\master-web\vendor\codeigniter4\framework\system\CLI\Commands.php(70): CodeIgniter\Commands\Database\Seed->run(Array)
#8 D:\WEBSITE\xampp-7.4\htdocs\master-web\vendor\codeigniter4\framework\system\CLI\CommandRunner.php(80): CodeIgniter\CLI\Commands->run('db:seed', Array)
#9 D:\WEBSITE\xampp-7.4\htdocs\master-web\vendor\codeigniter4\framework\system\CLI\CommandRunner.php(58): CodeIgniter\CLI\CommandRunner->index(Array)
#10 D:\WEBSITE\xampp-7.4\htdocs\master-web\vendor\codeigniter4\framework\system\CodeIgniter.php(932): CodeIgniter\CLI\CommandRunner->_remap('index', 'db:seed', 'presma')
#11 D:\WEBSITE\xampp-7.4\htdocs\master-web\vendor\codeigniter4\framework\system\CodeIgniter.php(432): CodeIgniter\CodeIgniter->runController(Object(CodeIgniter\CLI\CommandRunner))
#12 D:\WEBSITE\xampp-7.4\htdocs\master-web\vendor\codeigniter4\framework\system\CodeIgniter.php(333): CodeIgniter\CodeIgniter->handleRequest(NULL, Object(Config\Cache), false)
#13 D:\WEBSITE\xampp-7.4\htdocs\master-web\vendor\codeigniter4\framework\system\CLI\Console.php(61): CodeIgniter\CodeIgniter->run()
#14 D:\WEBSITE\xampp-7.4\htdocs\master-web\spark(66): CodeIgniter\CLI\Console->run()
#15 {main}
CRITICAL - 2021-06-03 15:05:51 --> fwrite(): write of 8192 bytes failed with errno=22 Invalid argument
#0 [internal function]: CodeIgniter\Debug\Exceptions->errorHandler(8, 'fwrite(): write...', 'D:\\WEBSITE\\xamp...', 1174, Array)
#1 D:\WEBSITE\xampp-7.4\htdocs\master-web\vendor\codeigniter4\framework\system\CLI\CLI.php(1174): fwrite(Resource id #2, '\r\n')
#2 D:\WEBSITE\xampp-7.4\htdocs\master-web\vendor\codeigniter4\framework\system\CLI\CLI.php(351): CodeIgniter\CLI\CLI::fwrite(Resource id #2, '\r\n')
#3 D:\WEBSITE\xampp-7.4\htdocs\master-web\vendor\codeigniter4\framework\system\CLI\CLI.php(458): CodeIgniter\CLI\CLI::write()
#4 D:\WEBSITE\xampp-7.4\htdocs\master-web\app\Views\errors\cli\error_exception.php(70): CodeIgniter\CLI\CLI::newLine()
#5 D:\WEBSITE\xampp-7.4\htdocs\master-web\vendor\codeigniter4\framework\system\CLI\BaseCommand.php(133): require('D:\\WEBSITE\\xamp...')
#6 D:\WEBSITE\xampp-7.4\htdocs\master-web\vendor\codeigniter4\framework\system\Commands\Database\Seed.php(87): CodeIgniter\CLI\BaseCommand->showError(Object(mysqli_sql_exception))
#7 D:\WEBSITE\xampp-7.4\htdocs\master-web\vendor\codeigniter4\framework\system\CLI\Commands.php(70): CodeIgniter\Commands\Database\Seed->run(Array)
#8 D:\WEBSITE\xampp-7.4\htdocs\master-web\vendor\codeigniter4\framework\system\CLI\CommandRunner.php(80): CodeIgniter\CLI\Commands->run('db:seed', Array)
#9 D:\WEBSITE\xampp-7.4\htdocs\master-web\vendor\codeigniter4\framework\system\CLI\CommandRunner.php(58): CodeIgniter\CLI\CommandRunner->index(Array)
#10 D:\WEBSITE\xampp-7.4\htdocs\master-web\vendor\codeigniter4\framework\system\CodeIgniter.php(932): CodeIgniter\CLI\CommandRunner->_remap('index', 'db:seed', 'presma')
#11 D:\WEBSITE\xampp-7.4\htdocs\master-web\vendor\codeigniter4\framework\system\CodeIgniter.php(432): CodeIgniter\CodeIgniter->runController(Object(CodeIgniter\CLI\CommandRunner))
#12 D:\WEBSITE\xampp-7.4\htdocs\master-web\vendor\codeigniter4\framework\system\CodeIgniter.php(333): CodeIgniter\CodeIgniter->handleRequest(NULL, Object(Config\Cache), false)
#13 D:\WEBSITE\xampp-7.4\htdocs\master-web\vendor\codeigniter4\framework\system\CLI\Console.php(61): CodeIgniter\CodeIgniter->run()
#14 D:\WEBSITE\xampp-7.4\htdocs\master-web\spark(66): CodeIgniter\CLI\Console->run()
#15 {main}
CRITICAL - 2021-06-03 15:05:51 --> Uncaught ErrorException: fwrite(): write of 8192 bytes failed with errno=22 Invalid argument in D:\WEBSITE\xampp-7.4\htdocs\master-web\vendor\codeigniter4\framework\system\CLI\CLI.php:1174
Stack trace:
#0 [internal function]: CodeIgniter\Debug\Exceptions->errorHandler(8, 'fwrite(): write...', 'D:\\WEBSITE\\xamp...', 1174, Array)
#1 D:\WEBSITE\xampp-7.4\htdocs\master-web\vendor\codeigniter4\framework\system\CLI\CLI.php(1174): fwrite(Resource id #2, '  5    \e[0;33mA...')
#2 D:\WEBSITE\xampp-7.4\htdocs\master-web\vendor\codeigniter4\framework\system\CLI\CLI.php(351): CodeIgniter\CLI\CLI::fwrite(Resource id #2, '  5    \e[0;33mA...')
#3 D:\WEBSITE\xampp-7.4\htdocs\master-web\app\Views\errors\cli\error_exception.php(34): CodeIgniter\CLI\CLI::write('  5    \e[0;33mA...')
#4 D:\WEBSITE\xampp-7.4\htdocs\master-web\vendor\codeigniter4\framework\system\Debug\Exceptions.php(281): include('D:\\WEBSITE\\xamp...')
#5 D:\WEBSITE\xampp-7.4\htdocs\master-web\vendor\codeigniter4\framework\system\Debug\Exceptions.php(147): Cod
#0 [internal function]: CodeIgniter\Debug\Exceptions->shutdownHandler()
#1 {main}
ERROR - 2021-06-03 15:13:35 --> mysqli_sql_exception: Not unique table/alias: 'mahasiswa' in D:\WEBSITE\xampp-7.4\htdocs\master-web\vendor\codeigniter4\framework\system\Database\MySQLi\Connection.php:314
Stack trace:
#0 D:\WEBSITE\xampp-7.4\htdocs\master-web\vendor\codeigniter4\framework\system\Database\MySQLi\Connection.php(314): mysqli->query('SELECT COUNT(*)...')
#1 D:\WEBSITE\xampp-7.4\htdocs\master-web\vendor\codeigniter4\framework\system\Database\BaseConnection.php(713): CodeIgniter\Database\MySQLi\Connection->execute('SELECT COUNT(*)...')
#2 D:\WEBSITE\xampp-7.4\htdocs\master-web\vendor\codeigniter4\framework\system\Database\BaseConnection.php(641): CodeIgniter\Database\BaseConnection->simpleQuery('SELECT COUNT(*)...')
#3 D:\WEBSITE\xampp-7.4\htdocs\master-web\vendor\codeigniter4\framework\system\Database\BaseBuilder.php(1966): CodeIgniter\Database\BaseConnection->query('SELECT COUNT(*)...', Array, false)
#4 D:\WEBSITE\xampp-7.4\htdocs\master-web\vendor\codeigniter4\framework\system\Model.php(570): CodeIgniter\Database\BaseBuilder->countAllResults(false)
#5 D:\WEBSITE\xampp-7.4\htdocs\master-web\vendor\codeigniter4\framework\system\BaseModel.php(1140): CodeIgniter\Model->countAllResults(false)
#6 D:\WEBSITE\xampp-7.4\htdocs\master-web\modules\FrontEndPresma\Models\ModelPresma.php(19): CodeIgniter\BaseModel->paginate(50, 'presma')
#7 D:\WEBSITE\xampp-7.4\htdocs\master-web\modules\FrontEndPresma\Controllers\Presma.php(25): Modules\FrontEndPresma\Models\ModelPresma->get_presma(50)
#8 D:\WEBSITE\xampp-7.4\htdocs\master-web\vendor\codeigniter4\framework\system\CodeIgniter.php(936): Modules\FrontEndPresma\Controllers\Presma->index()
#9 D:\WEBSITE\xampp-7.4\htdocs\master-web\vendor\codeigniter4\framework\system\CodeIgniter.php(432): CodeIgniter\CodeIgniter->runController(Object(Modules\FrontEndPresma\Controllers\Presma))
#10 D:\WEBSITE\xampp-7.4\htdocs\master-web\vendor\codeigniter4\framework\system\CodeIgniter.php(333): CodeIgniter\CodeIgniter->handleRequest(NULL, Object(Config\Cache), false)
#11 D:\WEBSITE\xampp-7.4\htdocs\master-web\public\index.php(44): CodeIgniter\CodeIgniter->run()
#12 D:\WEBSITE\xampp-7.4\htdocs\master-web\vendor\codeigniter4\framework\system\Commands\Server\rewrite.php(45): require_once('D:\\WEBSITE\\xamp...')
#13 {main}
CRITICAL - 2021-06-03 15:13:35 --> Not unique table/alias: 'mahasiswa'
#0 D:\WEBSITE\xampp-7.4\htdocs\master-web\vendor\codeigniter4\framework\system\Database\MySQLi\Connection.php(314): mysqli->query('SELECT COUNT(*)...')
#1 D:\WEBSITE\xampp-7.4\htdocs\master-web\vendor\codeigniter4\framework\system\Database\BaseConnection.php(713): CodeIgniter\Database\MySQLi\Connection->execute('SELECT COUNT(*)...')
#2 D:\WEBSITE\xampp-7.4\htdocs\master-web\vendor\codeigniter4\framework\system\Database\BaseConnection.php(641): CodeIgniter\Database\BaseConnection->simpleQuery('SELECT COUNT(*)...')
#3 D:\WEBSITE\xampp-7.4\htdocs\master-web\vendor\codeigniter4\framework\system\Database\BaseBuilder.php(1966): CodeIgniter\Database\BaseConnection->query('SELECT COUNT(*)...', Array, false)
#4 D:\WEBSITE\xampp-7.4\htdocs\master-web\vendor\codeigniter4\framework\system\Model.php(570): CodeIgniter\Database\BaseBuilder->countAllResults(false)
#5 D:\WEBSITE\xampp-7.4\htdocs\master-web\vendor\codeigniter4\framework\system\BaseModel.php(1140): CodeIgniter\Model->countAllResults(false)
#6 D:\WEBSITE\xampp-7.4\htdocs\master-web\modules\FrontEndPresma\Models\ModelPresma.php(19): CodeIgniter\BaseModel->paginate(50, 'presma')
#7 D:\WEBSITE\xampp-7.4\htdocs\master-web\modules\FrontEndPresma\Controllers\Presma.php(25): Modules\FrontEndPresma\Models\ModelPresma->get_presma(50)
#8 D:\WEBSITE\xampp-7.4\htdocs\master-web\vendor\codeigniter4\framework\system\CodeIgniter.php(936): Modules\FrontEndPresma\Controllers\Presma->index()
#9 D:\WEBSITE\xampp-7.4\htdocs\master-web\vendor\codeigniter4\framework\system\CodeIgniter.php(432): CodeIgniter\CodeIgniter->runController(Object(Modules\FrontEndPresma\Controllers\Presma))
#10 D:\WEBSITE\xampp-7.4\htdocs\master-web\vendor\codeigniter4\framework\system\CodeIgniter.php(333): CodeIgniter\CodeIgniter->handleRequest(NULL, Object(Config\Cache), false)
#11 D:\WEBSITE\xampp-7.4\htdocs\master-web\public\index.php(44): CodeIgniter\CodeIgniter->run()
#12 D:\WEBSITE\xampp-7.4\htdocs\master-web\vendor\codeigniter4\framework\system\Commands\Server\rewrite.php(45): require_once('D:\\WEBSITE\\xamp...')
#13 {main}
ERROR - 2021-06-03 15:15:06 --> mysqli_sql_exception: Not unique table/alias: 'mahasiswa' in D:\WEBSITE\xampp-7.4\htdocs\master-web\vendor\codeigniter4\framework\system\Database\MySQLi\Connection.php:314
Stack trace:
#0 D:\WEBSITE\xampp-7.4\htdocs\master-web\vendor\codeigniter4\framework\system\Database\MySQLi\Connection.php(314): mysqli->query('SELECT COUNT(*)...')
#1 D:\WEBSITE\xampp-7.4\htdocs\master-web\vendor\codeigniter4\framework\system\Database\BaseConnection.php(713): CodeIgniter\Database\MySQLi\Connection->execute('SELECT COUNT(*)...')
#2 D:\WEBSITE\xampp-7.4\htdocs\master-web\vendor\codeigniter4\framework\system\Database\BaseConnection.php(641): CodeIgniter\Database\BaseConnection->simpleQuery('SELECT COUNT(*)...')
#3 D:\WEBSITE\xampp-7.4\htdocs\master-web\vendor\codeigniter4\framework\system\Database\BaseBuilder.php(1966): CodeIgniter\Database\BaseConnection->query('SELECT COUNT(*)...', Array, false)
#4 D:\WEBSITE\xampp-7.4\htdocs\master-web\vendor\codeigniter4\framework\system\Model.php(570): CodeIgniter\Database\BaseBuilder->countAllResults(false)
#5 D:\WEBSITE\xampp-7.4\htdocs\master-web\vendor\codeigniter4\framework\system\BaseModel.php(1140): CodeIgniter\Model->countAllResults(false)
#6 D:\WEBSITE\xampp-7.4\htdocs\master-web\modules\FrontEndPresma\Models\ModelPresma.php(19): CodeIgniter\BaseModel->paginate(50, 'presma')
#7 D:\WEBSITE\xampp-7.4\htdocs\master-web\modules\FrontEndPresma\Controllers\Presma.php(25): Modules\FrontEndPresma\Models\ModelPresma->get_presma(50)
#8 D:\WEBSITE\xampp-7.4\htdocs\master-web\vendor\codeigniter4\framework\system\CodeIgniter.php(936): Modules\FrontEndPresma\Controllers\Presma->index()
#9 D:\WEBSITE\xampp-7.4\htdocs\master-web\vendor\codeigniter4\framework\system\CodeIgniter.php(432): CodeIgniter\CodeIgniter->runController(Object(Modules\FrontEndPresma\Controllers\Presma))
#10 D:\WEBSITE\xampp-7.4\htdocs\master-web\vendor\codeigniter4\framework\system\CodeIgniter.php(333): CodeIgniter\CodeIgniter->handleRequest(NULL, Object(Config\Cache), false)
#11 D:\WEBSITE\xampp-7.4\htdocs\master-web\public\index.php(44): CodeIgniter\CodeIgniter->run()
#12 D:\WEBSITE\xampp-7.4\htdocs\master-web\vendor\codeigniter4\framework\system\Commands\Server\rewrite.php(45): require_once('D:\\WEBSITE\\xamp...')
#13 {main}
CRITICAL - 2021-06-03 15:15:06 --> Not unique table/alias: 'mahasiswa'
#0 D:\WEBSITE\xampp-7.4\htdocs\master-web\vendor\codeigniter4\framework\system\Database\MySQLi\Connection.php(314): mysqli->query('SELECT COUNT(*)...')
#1 D:\WEBSITE\xampp-7.4\htdocs\master-web\vendor\codeigniter4\framework\system\Database\BaseConnection.php(713): CodeIgniter\Database\MySQLi\Connection->execute('SELECT COUNT(*)...')
#2 D:\WEBSITE\xampp-7.4\htdocs\master-web\vendor\codeigniter4\framework\system\Database\BaseConnection.php(641): CodeIgniter\Database\BaseConnection->simpleQuery('SELECT COUNT(*)...')
#3 D:\WEBSITE\xampp-7.4\htdocs\master-web\vendor\codeigniter4\framework\system\Database\BaseBuilder.php(1966): CodeIgniter\Database\BaseConnection->query('SELECT COUNT(*)...', Array, false)
#4 D:\WEBSITE\xampp-7.4\htdocs\master-web\vendor\codeigniter4\framework\system\Model.php(570): CodeIgniter\Database\BaseBuilder->countAllResults(false)
#5 D:\WEBSITE\xampp-7.4\htdocs\master-web\vendor\codeigniter4\framework\system\BaseModel.php(1140): CodeIgniter\Model->countAllResults(false)
#6 D:\WEBSITE\xampp-7.4\htdocs\master-web\modules\FrontEndPresma\Models\ModelPresma.php(19): CodeIgniter\BaseModel->paginate(50, 'presma')
#7 D:\WEBSITE\xampp-7.4\htdocs\master-web\modules\FrontEndPresma\Controllers\Presma.php(25): Modules\FrontEndPresma\Models\ModelPresma->get_presma(50)
#8 D:\WEBSITE\xampp-7.4\htdocs\master-web\vendor\codeigniter4\framework\system\CodeIgniter.php(936): Modules\FrontEndPresma\Controllers\Presma->index()
#9 D:\WEBSITE\xampp-7.4\htdocs\master-web\vendor\codeigniter4\framework\system\CodeIgniter.php(432): CodeIgniter\CodeIgniter->runController(Object(Modules\FrontEndPresma\Controllers\Presma))
#10 D:\WEBSITE\xampp-7.4\htdocs\master-web\vendor\codeigniter4\framework\system\CodeIgniter.php(333): CodeIgniter\CodeIgniter->handleRequest(NULL, Object(Config\Cache), false)
#11 D:\WEBSITE\xampp-7.4\htdocs\master-web\public\index.php(44): CodeIgniter\CodeIgniter->run()
#12 D:\WEBSITE\xampp-7.4\htdocs\master-web\vendor\codeigniter4\framework\system\Commands\Server\rewrite.php(45): require_once('D:\\WEBSITE\\xamp...')
#13 {main}
ERROR - 2021-06-03 15:15:09 --> mysqli_sql_exception: Not unique table/alias: 'mahasiswa' in D:\WEBSITE\xampp-7.4\htdocs\master-web\vendor\codeigniter4\framework\system\Database\MySQLi\Connection.php:314
Stack trace:
#0 D:\WEBSITE\xampp-7.4\htdocs\master-web\vendor\codeigniter4\framework\system\Database\MySQLi\Connection.php(314): mysqli->query('SELECT COUNT(*)...')
#1 D:\WEBSITE\xampp-7.4\htdocs\master-web\vendor\codeigniter4\framework\system\Database\BaseConnection.php(713): CodeIgniter\Database\MySQLi\Connection->execute('SELECT COUNT(*)...')
#2 D:\WEBSITE\xampp-7.4\htdocs\master-web\vendor\codeigniter4\framework\system\Database\BaseConnection.php(641): CodeIgniter\Database\BaseConnection->simpleQuery('SELECT COUNT(*)...')
#3 D:\WEBSITE\xampp-7.4\htdocs\master-web\vendor\codeigniter4\framework\system\Database\BaseBuilder.php(1966): CodeIgniter\Database\BaseConnection->query('SELECT COUNT(*)...', Array, false)
#4 D:\WEBSITE\xampp-7.4\htdocs\master-web\vendor\codeigniter4\framework\system\Model.php(570): CodeIgniter\Database\BaseBuilder->countAllResults(false)
#5 D:\WEBSITE\xampp-7.4\htdocs\master-web\vendor\codeigniter4\framework\system\BaseModel.php(1140): CodeIgniter\Model->countAllResults(false)
#6 D:\WEBSITE\xampp-7.4\htdocs\master-web\modules\FrontEndPresma\Models\ModelPresma.php(19): CodeIgniter\BaseModel->paginate(50, 'presma')
#7 D:\WEBSITE\xampp-7.4\htdocs\master-web\modules\FrontEndPresma\Controllers\Presma.php(25): Modules\FrontEndPresma\Models\ModelPresma->get_presma(50)
#8 D:\WEBSITE\xampp-7.4\htdocs\master-web\vendor\codeigniter4\framework\system\CodeIgniter.php(936): Modules\FrontEndPresma\Controllers\Presma->index()
#9 D:\WEBSITE\xampp-7.4\htdocs\master-web\vendor\codeigniter4\framework\system\CodeIgniter.php(432): CodeIgniter\CodeIgniter->runController(Object(Modules\FrontEndPresma\Controllers\Presma))
#10 D:\WEBSITE\xampp-7.4\htdocs\master-web\vendor\codeigniter4\framework\system\CodeIgniter.php(333): CodeIgniter\CodeIgniter->handleRequest(NULL, Object(Config\Cache), false)
#11 D:\WEBSITE\xampp-7.4\htdocs\master-web\public\index.php(44): CodeIgniter\CodeIgniter->run()
#12 D:\WEBSITE\xampp-7.4\htdocs\master-web\vendor\codeigniter4\framework\system\Commands\Server\rewrite.php(45): require_once('D:\\WEBSITE\\xamp...')
#13 {main}
CRITICAL - 2021-06-03 15:15:09 --> Not unique table/alias: 'mahasiswa'
#0 D:\WEBSITE\xampp-7.4\htdocs\master-web\vendor\codeigniter4\framework\system\Database\MySQLi\Connection.php(314): mysqli->query('SELECT COUNT(*)...')
#1 D:\WEBSITE\xampp-7.4\htdocs\master-web\vendor\codeigniter4\framework\system\Database\BaseConnection.php(713): CodeIgniter\Database\MySQLi\Connection->execute('SELECT COUNT(*)...')
#2 D:\WEBSITE\xampp-7.4\htdocs\master-web\vendor\codeigniter4\framework\system\Database\BaseConnection.php(641): CodeIgniter\Database\BaseConnection->simpleQuery('SELECT COUNT(*)...')
#3 D:\WEBSITE\xampp-7.4\htdocs\master-web\vendor\codeigniter4\framework\system\Database\BaseBuilder.php(1966): CodeIgniter\Database\BaseConnection->query('SELECT COUNT(*)...', Array, false)
#4 D:\WEBSITE\xampp-7.4\htdocs\master-web\vendor\codeigniter4\framework\system\Model.php(570): CodeIgniter\Database\BaseBuilder->countAllResults(false)
#5 D:\WEBSITE\xampp-7.4\htdocs\master-web\vendor\codeigniter4\framework\system\BaseModel.php(1140): CodeIgniter\Model->countAllResults(false)
#6 D:\WEBSITE\xampp-7.4\htdocs\master-web\modules\FrontEndPresma\Models\ModelPresma.php(19): CodeIgniter\BaseModel->paginate(50, 'presma')
#7 D:\WEBSITE\xampp-7.4\htdocs\master-web\modules\FrontEndPresma\Controllers\Presma.php(25): Modules\FrontEndPresma\Models\ModelPresma->get_presma(50)
#8 D:\WEBSITE\xampp-7.4\htdocs\master-web\vendor\codeigniter4\framework\system\CodeIgniter.php(936): Modules\FrontEndPresma\Controllers\Presma->index()
#9 D:\WEBSITE\xampp-7.4\htdocs\master-web\vendor\codeigniter4\framework\system\CodeIgniter.php(432): CodeIgniter\CodeIgniter->runController(Object(Modules\FrontEndPresma\Controllers\Presma))
#10 D:\WEBSITE\xampp-7.4\htdocs\master-web\vendor\codeigniter4\framework\system\CodeIgniter.php(333): CodeIgniter\CodeIgniter->handleRequest(NULL, Object(Config\Cache), false)
#11 D:\WEBSITE\xampp-7.4\htdocs\master-web\public\index.php(44): CodeIgniter\CodeIgniter->run()
#12 D:\WEBSITE\xampp-7.4\htdocs\master-web\vendor\codeigniter4\framework\system\Commands\Server\rewrite.php(45): require_once('D:\\WEBSITE\\xamp...')
#13 {main}
CRITICAL - 2021-06-03 15:17:32 --> Undefined offset: 1
#0 D:\WEBSITE\xampp-7.4\htdocs\master-web\modules\FrontEndPresma\Views\presma.php(24): CodeIgniter\Debug\Exceptions->errorHandler(8, 'Undefined offse...', 'D:\\WEBSITE\\xamp...', 24, Array)
#1 D:\WEBSITE\xampp-7.4\htdocs\master-web\vendor\codeigniter4\framework\system\View\View.php(220): include('D:\\WEBSITE\\xamp...')
#2 D:\WEBSITE\xampp-7.4\htdocs\master-web\vendor\codeigniter4\framework\system\View\View.php(222): CodeIgniter\View\View->CodeIgniter\View\{closure}()
#3 D:\WEBSITE\xampp-7.4\htdocs\master-web\vendor\codeigniter4\framework\system\Common.php(1217): CodeIgniter\View\View->render('Modules\\FrontEn...', Array, true)
#4 D:\WEBSITE\xampp-7.4\htdocs\master-web\modules\FrontEndPresma\Controllers\Presma.php(40): view('Modules\\FrontEn...', Array)
#5 D:\WEBSITE\xampp-7.4\htdocs\master-web\vendor\codeigniter4\framework\system\CodeIgniter.php(936): Modules\FrontEndPresma\Controllers\Presma->index()
#6 D:\WEBSITE\xampp-7.4\htdocs\master-web\vendor\codeigniter4\framework\system\CodeIgniter.php(432): CodeIgniter\CodeIgniter->runController(Object(Modules\FrontEndPresma\Controllers\Presma))
#7 D:\WEBSITE\xampp-7.4\htdocs\master-web\vendor\codeigniter4\framework\system\CodeIgniter.php(333): CodeIgniter\CodeIgniter->handleRequest(NULL, Object(Config\Cache), false)
#8 D:\WEBSITE\xampp-7.4\htdocs\master-web\public\index.php(44): CodeIgniter\CodeIgniter->run()
#9 D:\WEBSITE\xampp-7.4\htdocs\master-web\vendor\codeigniter4\framework\system\Commands\Server\rewrite.php(45): require_once('D:\\WEBSITE\\xamp...')
#10 {main}
CRITICAL - 2021-06-03 15:22:57 --> syntax error, unexpected '<', expecting end of file
#0 D:\WEBSITE\xampp-7.4\htdocs\master-web\vendor\codeigniter4\framework\system\Controller.php(92): helper(Array)
#1 D:\WEBSITE\xampp-7.4\htdocs\master-web\app\Controllers\BaseController.php(42): CodeIgniter\Controller->initController(Object(CodeIgniter\HTTP\IncomingRequest), Object(CodeIgniter\HTTP\Response), Object(CodeIgniter\Log\Logger))
#2 D:\WEBSITE\xampp-7.4\htdocs\master-web\vendor\codeigniter4\framework\system\CodeIgniter.php(909): App\Controllers\BaseController->initController(Object(CodeIgniter\HTTP\IncomingRequest), Object(CodeIgniter\HTTP\Response), Object(CodeIgniter\Log\Logger))
#3 D:\WEBSITE\xampp-7.4\htdocs\master-web\vendor\codeigniter4\framework\system\CodeIgniter.php(422): CodeIgniter\CodeIgniter->createController()
#4 D:\WEBSITE\xampp-7.4\htdocs\master-web\vendor\codeigniter4\framework\system\CodeIgniter.php(333): CodeIgniter\CodeIgniter->handleRequest(NULL, Object(Config\Cache), false)
#5 D:\WEBSITE\xampp-7.4\htdocs\master-web\public\index.php(44): CodeIgniter\CodeIgniter->run()
#6 D:\WEBSITE\xampp-7.4\htdocs\master-web\vendor\codeigniter4\framework\system\Commands\Server\rewrite.php(45): require_once('D:\\WEBSITE\\xamp...')
#7 {main}
CRITICAL - 2021-06-03 15:23:11 --> syntax error, unexpected '<', expecting end of file
#0 D:\WEBSITE\xampp-7.4\htdocs\master-web\vendor\codeigniter4\framework\system\Controller.php(92): helper(Array)
#1 D:\WEBSITE\xampp-7.4\htdocs\master-web\app\Controllers\BaseController.php(42): CodeIgniter\Controller->initController(Object(CodeIgniter\HTTP\IncomingRequest), Object(CodeIgniter\HTTP\Response), Object(CodeIgniter\Log\Logger))
#2 D:\WEBSITE\xampp-7.4\htdocs\master-web\vendor\codeigniter4\framework\system\CodeIgniter.php(909): App\Controllers\BaseController->initController(Object(CodeIgniter\HTTP\IncomingRequest), Object(CodeIgniter\HTTP\Response), Object(CodeIgniter\Log\Logger))
#3 D:\WEBSITE\xampp-7.4\htdocs\master-web\vendor\codeigniter4\framework\system\CodeIgniter.php(422): CodeIgniter\CodeIgniter->createController()
#4 D:\WEBSITE\xampp-7.4\htdocs\master-web\vendor\codeigniter4\framework\system\CodeIgniter.php(333): CodeIgniter\CodeIgniter->handleRequest(NULL, Object(Config\Cache), false)
#5 D:\WEBSITE\xampp-7.4\htdocs\master-web\public\index.php(44): CodeIgniter\CodeIgniter->run()
#6 D:\WEBSITE\xampp-7.4\htdocs\master-web\vendor\codeigniter4\framework\system\Commands\Server\rewrite.php(45): require_once('D:\\WEBSITE\\xamp...')
#7 {main}
CRITICAL - 2021-06-03 15:23:20 --> syntax error, unexpected '<', expecting end of file
#0 D:\WEBSITE\xampp-7.4\htdocs\master-web\vendor\codeigniter4\framework\system\Controller.php(92): helper(Array)
#1 D:\WEBSITE\xampp-7.4\htdocs\master-web\app\Controllers\BaseController.php(42): CodeIgniter\Controller->initController(Object(CodeIgniter\HTTP\IncomingRequest), Object(CodeIgniter\HTTP\Response), Object(CodeIgniter\Log\Logger))
#2 D:\WEBSITE\xampp-7.4\htdocs\master-web\vendor\codeigniter4\framework\system\CodeIgniter.php(909): App\Controllers\BaseController->initController(Object(CodeIgniter\HTTP\IncomingRequest), Object(CodeIgniter\HTTP\Response), Object(CodeIgniter\Log\Logger))
#3 D:\WEBSITE\xampp-7.4\htdocs\master-web\vendor\codeigniter4\framework\system\CodeIgniter.php(422): CodeIgniter\CodeIgniter->createController()
#4 D:\WEBSITE\xampp-7.4\htdocs\master-web\vendor\codeigniter4\framework\system\CodeIgniter.php(333): CodeIgniter\CodeIgniter->handleRequest(NULL, Object(Config\Cache), false)
#5 D:\WEBSITE\xampp-7.4\htdocs\master-web\public\index.php(44): CodeIgniter\CodeIgniter->run()
#6 D:\WEBSITE\xampp-7.4\htdocs\master-web\vendor\codeigniter4\framework\system\Commands\Server\rewrite.php(45): require_once('D:\\WEBSITE\\xamp...')
#7 {main}
CRITICAL - 2021-06-03 15:23:54 --> Too few arguments to function nomor(), 1 passed in D:\WEBSITE\xampp-7.4\htdocs\master-web\modules\FrontEndPresma\Controllers\Presma.php on line 26 and exactly 2 expected
#0 D:\WEBSITE\xampp-7.4\htdocs\master-web\modules\FrontEndPresma\Controllers\Presma.php(26): nomor(false)
#1 D:\WEBSITE\xampp-7.4\htdocs\master-web\vendor\codeigniter4\framework\system\CodeIgniter.php(936): Modules\FrontEndPresma\Controllers\Presma->index()
#2 D:\WEBSITE\xampp-7.4\htdocs\master-web\vendor\codeigniter4\framework\system\CodeIgniter.php(432): CodeIgniter\CodeIgniter->runController(Object(Modules\FrontEndPresma\Controllers\Presma))
#3 D:\WEBSITE\xampp-7.4\htdocs\master-web\vendor\codeigniter4\framework\system\CodeIgniter.php(333): CodeIgniter\CodeIgniter->handleRequest(NULL, Object(Config\Cache), false)
#4 D:\WEBSITE\xampp-7.4\htdocs\master-web\public\index.php(44): CodeIgniter\CodeIgniter->run()
#5 D:\WEBSITE\xampp-7.4\htdocs\master-web\vendor\codeigniter4\framework\system\Commands\Server\rewrite.php(45): require_once('D:\\WEBSITE\\xamp...')
#6 {main}
CRITICAL - 2021-06-03 15:24:46 --> Too few arguments to function nomor(), 1 passed in D:\WEBSITE\xampp-7.4\htdocs\master-web\modules\FrontEndPresma\Controllers\Presma.php on line 26 and exactly 2 expected
#0 D:\WEBSITE\xampp-7.4\htdocs\master-web\modules\FrontEndPresma\Controllers\Presma.php(26): nomor(false)
#1 D:\WEBSITE\xampp-7.4\htdocs\master-web\vendor\codeigniter4\framework\system\CodeIgniter.php(936): Modules\FrontEndPresma\Controllers\Presma->index()
#2 D:\WEBSITE\xampp-7.4\htdocs\master-web\vendor\codeigniter4\framework\system\CodeIgniter.php(432): CodeIgniter\CodeIgniter->runController(Object(Modules\FrontEndPresma\Controllers\Presma))
#3 D:\WEBSITE\xampp-7.4\htdocs\master-web\vendor\codeigniter4\framework\system\CodeIgniter.php(333): CodeIgniter\CodeIgniter->handleRequest(NULL, Object(Config\Cache), false)
#4 D:\WEBSITE\xampp-7.4\htdocs\master-web\public\index.php(44): CodeIgniter\CodeIgniter->run()
#5 D:\WEBSITE\xampp-7.4\htdocs\master-web\vendor\codeigniter4\framework\system\Commands\Server\rewrite.php(45): require_once('D:\\WEBSITE\\xamp...')
#6 {main}
CRITICAL - 2021-06-03 15:24:57 --> Too few arguments to function nomor(), 1 passed in D:\WEBSITE\xampp-7.4\htdocs\master-web\modules\FrontEndPresma\Controllers\Presma.php on line 26 and exactly 2 expected
#0 D:\WEBSITE\xampp-7.4\htdocs\master-web\modules\FrontEndPresma\Controllers\Presma.php(26): nomor(false)
#1 D:\WEBSITE\xampp-7.4\htdocs\master-web\vendor\codeigniter4\framework\system\CodeIgniter.php(936): Modules\FrontEndPresma\Controllers\Presma->index()
#2 D:\WEBSITE\xampp-7.4\htdocs\master-web\vendor\codeigniter4\framework\system\CodeIgniter.php(432): CodeIgniter\CodeIgniter->runController(Object(Modules\FrontEndPresma\Controllers\Presma))
#3 D:\WEBSITE\xampp-7.4\htdocs\master-web\vendor\codeigniter4\framework\system\CodeIgniter.php(333): CodeIgniter\CodeIgniter->handleRequest(NULL, Object(Config\Cache), false)
#4 D:\WEBSITE\xampp-7.4\htdocs\master-web\public\index.php(44): CodeIgniter\CodeIgniter->run()
#5 D:\WEBSITE\xampp-7.4\htdocs\master-web\vendor\codeigniter4\framework\system\Commands\Server\rewrite.php(45): require_once('D:\\WEBSITE\\xamp...')
#6 {main}
CRITICAL - 2021-06-03 15:25:52 --> Undefined variable: no
#0 D:\WEBSITE\xampp-7.4\htdocs\master-web\modules\FrontEndPresma\Views\presma.php(42): CodeIgniter\Debug\Exceptions->errorHandler(8, 'Undefined varia...', 'D:\\WEBSITE\\xamp...', 42, Array)
#1 D:\WEBSITE\xampp-7.4\htdocs\master-web\vendor\codeigniter4\framework\system\View\View.php(220): include('D:\\WEBSITE\\xamp...')
#2 D:\WEBSITE\xampp-7.4\htdocs\master-web\vendor\codeigniter4\framework\system\View\View.php(222): CodeIgniter\View\View->CodeIgniter\View\{closure}()
#3 D:\WEBSITE\xampp-7.4\htdocs\master-web\vendor\codeigniter4\framework\system\Common.php(1217): CodeIgniter\View\View->render('Modules\\FrontEn...', Array, true)
#4 D:\WEBSITE\xampp-7.4\htdocs\master-web\modules\FrontEndPresma\Controllers\Presma.php(44): view('Modules\\FrontEn...', Array)
#5 D:\WEBSITE\xampp-7.4\htdocs\master-web\vendor\codeigniter4\framework\system\CodeIgniter.php(936): Modules\FrontEndPresma\Controllers\Presma->index()
#6 D:\WEBSITE\xampp-7.4\htdocs\master-web\vendor\codeigniter4\framework\system\CodeIgniter.php(432): CodeIgniter\CodeIgniter->runController(Object(Modules\FrontEndPresma\Controllers\Presma))
#7 D:\WEBSITE\xampp-7.4\htdocs\master-web\vendor\codeigniter4\framework\system\CodeIgniter.php(333): CodeIgniter\CodeIgniter->handleRequest(NULL, Object(Config\Cache), false)
#8 D:\WEBSITE\xampp-7.4\htdocs\master-web\public\index.php(44): CodeIgniter\CodeIgniter->run()
#9 D:\WEBSITE\xampp-7.4\htdocs\master-web\vendor\codeigniter4\framework\system\Commands\Server\rewrite.php(45): require_once('D:\\WEBSITE\\xamp...')
#10 {main}
CRITICAL - 2021-06-03 15:26:06 --> Undefined variable: no
#0 D:\WEBSITE\xampp-7.4\htdocs\master-web\modules\FrontEndPresma\Views\presma.php(42): CodeIgniter\Debug\Exceptions->errorHandler(8, 'Undefined varia...', 'D:\\WEBSITE\\xamp...', 42, Array)
#1 D:\WEBSITE\xampp-7.4\htdocs\master-web\vendor\codeigniter4\framework\system\View\View.php(220): include('D:\\WEBSITE\\xamp...')
#2 D:\WEBSITE\xampp-7.4\htdocs\master-web\vendor\codeigniter4\framework\system\View\View.php(222): CodeIgniter\View\View->CodeIgniter\View\{closure}()
#3 D:\WEBSITE\xampp-7.4\htdocs\master-web\vendor\codeigniter4\framework\system\Common.php(1217): CodeIgniter\View\View->render('Modules\\FrontEn...', Array, true)
#4 D:\WEBSITE\xampp-7.4\htdocs\master-web\modules\FrontEndPresma\Controllers\Presma.php(44): view('Modules\\FrontEn...', Array)
#5 D:\WEBSITE\xampp-7.4\htdocs\master-web\vendor\codeigniter4\framework\system\CodeIgniter.php(936): Modules\FrontEndPresma\Controllers\Presma->index()
#6 D:\WEBSITE\xampp-7.4\htdocs\master-web\vendor\codeigniter4\framework\system\CodeIgniter.php(432): CodeIgniter\CodeIgniter->runController(Object(Modules\FrontEndPresma\Controllers\Presma))
#7 D:\WEBSITE\xampp-7.4\htdocs\master-web\vendor\codeigniter4\framework\system\CodeIgniter.php(333): CodeIgniter\CodeIgniter->handleRequest(NULL, Object(Config\Cache), false)
#8 D:\WEBSITE\xampp-7.4\htdocs\master-web\public\index.php(44): CodeIgniter\CodeIgniter->run()
#9 D:\WEBSITE\xampp-7.4\htdocs\master-web\vendor\codeigniter4\framework\system\Commands\Server\rewrite.php(45): require_once('D:\\WEBSITE\\xamp...')
#10 {main}
CRITICAL - 2021-06-03 15:26:14 --> Undefined variable: nomor
#0 D:\WEBSITE\xampp-7.4\htdocs\master-web\modules\FrontEndPresma\Views\presma.php(38): CodeIgniter\Debug\Exceptions->errorHandler(8, 'Undefined varia...', 'D:\\WEBSITE\\xamp...', 38, Array)
#1 D:\WEBSITE\xampp-7.4\htdocs\master-web\vendor\codeigniter4\framework\system\View\View.php(220): include('D:\\WEBSITE\\xamp...')
#2 D:\WEBSITE\xampp-7.4\htdocs\master-web\vendor\codeigniter4\framework\system\View\View.php(222): CodeIgniter\View\View->CodeIgniter\View\{closure}()
#3 D:\WEBSITE\xampp-7.4\htdocs\master-web\vendor\codeigniter4\framework\system\Common.php(1217): CodeIgniter\View\View->render('Modules\\FrontEn...', Array, true)
#4 D:\WEBSITE\xampp-7.4\htdocs\master-web\modules\FrontEndPresma\Controllers\Presma.php(44): view('Modules\\FrontEn...', Array)
#5 D:\WEBSITE\xampp-7.4\htdocs\master-web\vendor\codeigniter4\framework\system\CodeIgniter.php(936): Modules\FrontEndPresma\Controllers\Presma->index()
#6 D:\WEBSITE\xampp-7.4\htdocs\master-web\vendor\codeigniter4\framework\system\CodeIgniter.php(432): CodeIgniter\CodeIgniter->runController(Object(Modules\FrontEndPresma\Controllers\Presma))
#7 D:\WEBSITE\xampp-7.4\htdocs\master-web\vendor\codeigniter4\framework\system\CodeIgniter.php(333): CodeIgniter\CodeIgniter->handleRequest(NULL, Object(Config\Cache), false)
#8 D:\WEBSITE\xampp-7.4\htdocs\master-web\public\index.php(44): CodeIgniter\CodeIgniter->run()
#9 D:\WEBSITE\xampp-7.4\htdocs\master-web\vendor\codeigniter4\framework\system\Commands\Server\rewrite.php(45): require_once('D:\\WEBSITE\\xamp...')
#10 {main}
ERROR - 2021-06-03 20:42:48 --> mysqli_sql_exception: Unknown column 'nama_berita' in 'field list' in D:\WEBSITE\xampp-7.4\htdocs\master-web\vendor\codeigniter4\framework\system\Database\MySQLi\Connection.php:314
Stack trace:
#0 D:\WEBSITE\xampp-7.4\htdocs\master-web\vendor\codeigniter4\framework\system\Database\MySQLi\Connection.php(314): mysqli->query('INSERT INTO `co...')
#1 D:\WEBSITE\xampp-7.4\htdocs\master-web\vendor\codeigniter4\framework\system\Database\BaseConnection.php(713): CodeIgniter\Database\MySQLi\Connection->execute('INSERT INTO `co...')
#2 D:\WEBSITE\xampp-7.4\htdocs\master-web\vendor\codeigniter4\framework\system\Database\BaseConnection.php(641): CodeIgniter\Database\BaseConnection->simpleQuery('INSERT INTO `co...')
#3 D:\WEBSITE\xampp-7.4\htdocs\master-web\vendor\codeigniter4\framework\system\Database\BaseBuilder.php(2263): CodeIgniter\Database\BaseConnection->query('INSERT INTO `co...', Array, false)
#4 D:\WEBSITE\xampp-7.4\htdocs\master-web\app\Database\Seeds\Presma.php(47): CodeIgniter\Database\BaseBuilder->insert(Array)
#5 D:\WEBSITE\xampp-7.4\htdocs\master-web\vendor\codeigniter4\framework\system\Database\Seeder.php(171): App\Database\Seeds\Presma->run()
#6 D:\WEBSITE\xampp-7.4\htdocs\master-web\vendor\codeigniter4\framework\system\Commands\Database\Seed.php(83): CodeIgniter\Database\Seeder->call('App\\Database\\Se...')
#7 D:\WEBSITE\xampp-7.4\htdocs\master-web\vendor\codeigniter4\framework\system\CLI\Commands.php(70): CodeIgniter\Commands\Database\Seed->run(Array)
#8 D:\WEBSITE\xampp-7.4\htdocs\master-web\vendor\codeigniter4\framework\system\CLI\CommandRunner.php(80): CodeIgniter\CLI\Commands->run('db:seed', Array)
#9 D:\WEBSITE\xampp-7.4\htdocs\master-web\vendor\codeigniter4\framework\system\CLI\CommandRunner.php(58): CodeIgniter\CLI\CommandRunner->index(Array)
#10 D:\WEBSITE\xampp-7.4\htdocs\master-web\vendor\codeigniter4\framework\system\CodeIgniter.php(932): CodeIgniter\CLI\CommandRunner->_remap('index', 'db:seed', 'presma')
#11 D:\WEBSITE\xampp-7.4\htdocs\master-web\vendor\codeigniter4\framework\system\CodeIgniter.php(432): CodeIgniter\CodeIgniter->runController(Object(CodeIgniter\CLI\CommandRunner))
#12 D:\WEBSITE\xampp-7.4\htdocs\master-web\vendor\codeigniter4\framework\system\CodeIgniter.php(333): CodeIgniter\CodeIgniter->handleRequest(NULL, Object(Config\Cache), false)
#13 D:\WEBSITE\xampp-7.4\htdocs\master-web\vendor\codeigniter4\framework\system\CLI\Console.php(61): CodeIgniter\CodeIgniter->run()
#14 D:\WEBSITE\xampp-7.4\htdocs\master-web\spark(66): CodeIgniter\CLI\Console->run()
#15 {main}
CRITICAL - 2021-06-03 20:42:48 --> fwrite(): write of 8192 bytes failed with errno=22 Invalid argument
#0 [internal function]: CodeIgniter\Debug\Exceptions->errorHandler(8, 'fwrite(): write...', 'D:\\WEBSITE\\xamp...', 1174, Array)
#1 D:\WEBSITE\xampp-7.4\htdocs\master-web\vendor\codeigniter4\framework\system\CLI\CLI.php(1174): fwrite(Resource id #2, '       CodeIgni...')
#2 D:\WEBSITE\xampp-7.4\htdocs\master-web\vendor\codeigniter4\framework\system\CLI\CLI.php(351): CodeIgniter\CLI\CLI::fwrite(Resource id #2, '       CodeIgni...')
#3 D:\WEBSITE\xampp-7.4\htdocs\master-web\app\Views\errors\cli\error_exception.php(69): CodeIgniter\CLI\CLI::write('       CodeIgni...')
#4 D:\WEBSITE\xampp-7.4\htdocs\master-web\vendor\codeigniter4\framework\system\CLI\BaseCommand.php(133): require('D:\\WEBSITE\\xamp...')
#5 D:\WEBSITE\xampp-7.4\htdocs\master-web\vendor\codeigniter4\framework\system\Commands\Database\Seed.php(87): CodeIgniter\CLI\BaseCommand->showError(Object(mysqli_sql_exception))
#6 D:\WEBSITE\xampp-7.4\htdocs\master-web\vendor\codeigniter4\framework\system\CLI\Commands.php(70): CodeIgniter\Commands\Database\Seed->run(Array)
#7 D:\WEBSITE\xampp-7.4\htdocs\master-web\vendor\codeigniter4\framework\system\CLI\CommandRunner.php(80): CodeIgniter\CLI\Commands->run('db:seed', Array)
#8 D:\WEBSITE\xampp-7.4\htdocs\master-web\vendor\codeigniter4\framework\system\CLI\CommandRunner.php(58): CodeIgniter\CLI\CommandRunner->index(Array)
#9 D:\WEBSITE\xampp-7.4\htdocs\master-web\vendor\codeigniter4\framework\system\CodeIgniter.php(932): CodeIgniter\CLI\CommandRunner->_remap('index', 'db:seed', 'presma')
#10 D:\WEBSITE\xampp-7.4\htdocs\master-web\vendor\codeigniter4\framework\system\CodeIgniter.php(432): CodeIgniter\CodeIgniter->runController(Object(CodeIgniter\CLI\CommandRunner))
#11 D:\WEBSITE\xampp-7.4\htdocs\master-web\vendor\codeigniter4\framework\system\CodeIgniter.php(333): CodeIgniter\CodeIgniter->handleRequest(NULL, Object(Config\Cache), false)
#12 D:\WEBSITE\xampp-7.4\htdocs\master-web\vendor\codeigniter4\framework\system\CLI\Console.php(61): CodeIgniter\CodeIgniter->run()
#13 D:\WEBSITE\xampp-7.4\htdocs\master-web\spark(66): CodeIgniter\CLI\Console->run()
#14 {main}
CRITICAL - 2021-06-03 20:57:23 --> Cannot redeclare Modules\FrontEndLayout\Models\ModelLayout::get_services()
#0 [internal function]: CodeIgniter\Debug\Exceptions->shutdownHandler()
#1 {main}
CRITICAL - 2021-06-03 21:01:28 --> Undefined index: slug_brita
#0 D:\WEBSITE\xampp-7.4\htdocs\master-web\modules\FrontEndLayout\Views\berita.php(11): CodeIgniter\Debug\Exceptions->errorHandler(8, 'Undefined index...', 'D:\\WEBSITE\\xamp...', 11, Array)
#1 D:\WEBSITE\xampp-7.4\htdocs\master-web\vendor\codeigniter4\framework\system\View\View.php(220): include('D:\\WEBSITE\\xamp...')
#2 D:\WEBSITE\xampp-7.4\htdocs\master-web\vendor\codeigniter4\framework\system\View\View.php(222): CodeIgniter\View\View->CodeIgniter\View\{closure}()
#3 D:\WEBSITE\xampp-7.4\htdocs\master-web\vendor\codeigniter4\framework\system\View\View.php(468): CodeIgniter\View\View->render('Modules\\FrontEn...', NULL, true)
#4 D:\WEBSITE\xampp-7.4\htdocs\master-web\modules\FrontEndLayout\Views\home.php(44): CodeIgniter\View\View->include('Modules\\FrontEn...')
#5 D:\WEBSITE\xampp-7.4\htdocs\master-web\vendor\codeigniter4\framework\system\View\View.php(220): include('D:\\WEBSITE\\xamp...')
#6 D:\WEBSITE\xampp-7.4\htdocs\master-web\vendor\codeigniter4\framework\system\View\View.php(222): CodeIgniter\View\View->CodeIgniter\View\{closure}()
#7 D:\WEBSITE\xampp-7.4\htdocs\master-web\vendor\codeigniter4\framework\system\Common.php(1217): CodeIgniter\View\View->render('Modules\\FrontEn...', Array, true)
#8 D:\WEBSITE\xampp-7.4\htdocs\master-web\modules\FrontEndLayout\Controllers\Layout.php(45): view('Modules\\FrontEn...', Array)
#9 D:\WEBSITE\xampp-7.4\htdocs\master-web\vendor\codeigniter4\framework\system\CodeIgniter.php(936): Modules\FrontEndLayout\Controllers\Layout->index()
#10 D:\WEBSITE\xampp-7.4\htdocs\master-web\vendor\codeigniter4\framework\system\CodeIgniter.php(432): CodeIgniter\CodeIgniter->runController(Object(Modules\FrontEndLayout\Controllers\Layout))
#11 D:\WEBSITE\xampp-7.4\htdocs\master-web\vendor\codeigniter4\framework\system\CodeIgniter.php(333): CodeIgniter\CodeIgniter->handleRequest(NULL, Object(Config\Cache), false)
#12 D:\WEBSITE\xampp-7.4\htdocs\master-web\public\index.php(44): CodeIgniter\CodeIgniter->run()
#13 D:\WEBSITE\xampp-7.4\htdocs\master-web\vendor\codeigniter4\framework\system\Commands\Server\rewrite.php(45): require_once('D:\\WEBSITE\\xamp...')
#14 {main}
CRITICAL - 2021-06-03 21:15:02 --> Trying to access array offset on value of type null
#0 D:\WEBSITE\xampp-7.4\htdocs\master-web\modules\FrontEndContent\Views\content.php(14): CodeIgniter\Debug\Exceptions->errorHandler(8, 'Trying to acces...', 'D:\\WEBSITE\\xamp...', 14, Array)
#1 D:\WEBSITE\xampp-7.4\htdocs\master-web\vendor\codeigniter4\framework\system\View\View.php(220): include('D:\\WEBSITE\\xamp...')
#2 D:\WEBSITE\xampp-7.4\htdocs\master-web\vendor\codeigniter4\framework\system\View\View.php(222): CodeIgniter\View\View->CodeIgniter\View\{closure}()
#3 D:\WEBSITE\xampp-7.4\htdocs\master-web\vendor\codeigniter4\framework\system\Common.php(1217): CodeIgniter\View\View->render('Modules\\FrontEn...', Array, true)
#4 D:\WEBSITE\xampp-7.4\htdocs\master-web\modules\FrontEndContent\Controllers\Content.php(38): view('Modules\\FrontEn...', Array)
#5 D:\WEBSITE\xampp-7.4\htdocs\master-web\vendor\codeigniter4\framework\system\CodeIgniter.php(936): Modules\FrontEndContent\Controllers\Content->index('blog')
#6 D:\WEBSITE\xampp-7.4\htdocs\master-web\vendor\codeigniter4\framework\system\CodeIgniter.php(432): CodeIgniter\CodeIgniter->runController(Object(Modules\FrontEndContent\Controllers\Content))
#7 D:\WEBSITE\xampp-7.4\htdocs\master-web\vendor\codeigniter4\framework\system\CodeIgniter.php(333): CodeIgniter\CodeIgniter->handleRequest(NULL, Object(Config\Cache), false)
#8 D:\WEBSITE\xampp-7.4\htdocs\master-web\public\index.php(44): CodeIgniter\CodeIgniter->run()
#9 D:\WEBSITE\xampp-7.4\htdocs\master-web\vendor\codeigniter4\framework\system\Commands\Server\rewrite.php(45): require_once('D:\\WEBSITE\\xamp...')
#10 {main}
ERROR - 2021-06-03 21:17:47 --> mysqli_sql_exception: Column 'deleted_at' in where clause is ambiguous in D:\WEBSITE\xampp-7.4\htdocs\master-web\vendor\codeigniter4\framework\system\Database\MySQLi\Connection.php:314
Stack trace:
#0 D:\WEBSITE\xampp-7.4\htdocs\master-web\vendor\codeigniter4\framework\system\Database\MySQLi\Connection.php(314): mysqli->query('SELECT *, `beri...')
#1 D:\WEBSITE\xampp-7.4\htdocs\master-web\vendor\codeigniter4\framework\system\Database\BaseConnection.php(713): CodeIgniter\Database\MySQLi\Connection->execute('SELECT *, `beri...')
#2 D:\WEBSITE\xampp-7.4\htdocs\master-web\vendor\codeigniter4\framework\system\Database\BaseConnection.php(641): CodeIgniter\Database\BaseConnection->simpleQuery('SELECT *, `beri...')
#3 D:\WEBSITE\xampp-7.4\htdocs\master-web\vendor\codeigniter4\framework\system\Database\BaseBuilder.php(1866): CodeIgniter\Database\BaseConnection->query('SELECT *, `beri...', Array, false)
#4 D:\WEBSITE\xampp-7.4\htdocs\master-web\modules\FrontEndLayout\Models\ModelLayout.php(84): CodeIgniter\Database\BaseBuilder->get()
#5 D:\WEBSITE\xampp-7.4\htdocs\master-web\modules\FrontEndLayout\Controllers\Layout.php(26): Modules\FrontEndLayout\Models\ModelLayout->get_berita()
#6 D:\WEBSITE\xampp-7.4\htdocs\master-web\vendor\codeigniter4\framework\system\CodeIgniter.php(936): Modules\FrontEndLayout\Controllers\Layout->index()
#7 D:\WEBSITE\xampp-7.4\htdocs\master-web\vendor\codeigniter4\framework\system\CodeIgniter.php(432): CodeIgniter\CodeIgniter->runController(Object(Modules\FrontEndLayout\Controllers\Layout))
#8 D:\WEBSITE\xampp-7.4\htdocs\master-web\vendor\codeigniter4\framework\system\CodeIgniter.php(333): CodeIgniter\CodeIgniter->handleRequest(NULL, Object(Config\Cache), false)
#9 D:\WEBSITE\xampp-7.4\htdocs\master-web\public\index.php(44): CodeIgniter\CodeIgniter->run()
#10 D:\WEBSITE\xampp-7.4\htdocs\master-web\vendor\codeigniter4\framework\system\Commands\Server\rewrite.php(45): require_once('D:\\WEBSITE\\xamp...')
#11 {main}
CRITICAL - 2021-06-03 21:17:47 --> Column 'deleted_at' in where clause is ambiguous
#0 D:\WEBSITE\xampp-7.4\htdocs\master-web\vendor\codeigniter4\framework\system\Database\MySQLi\Connection.php(314): mysqli->query('SELECT *, `beri...')
#1 D:\WEBSITE\xampp-7.4\htdocs\master-web\vendor\codeigniter4\framework\system\Database\BaseConnection.php(713): CodeIgniter\Database\MySQLi\Connection->execute('SELECT *, `beri...')
#2 D:\WEBSITE\xampp-7.4\htdocs\master-web\vendor\codeigniter4\framework\system\Database\BaseConnection.php(641): CodeIgniter\Database\BaseConnection->simpleQuery('SELECT *, `beri...')
#3 D:\WEBSITE\xampp-7.4\htdocs\master-web\vendor\codeigniter4\framework\system\Database\BaseBuilder.php(1866): CodeIgniter\Database\BaseConnection->query('SELECT *, `beri...', Array, false)
#4 D:\WEBSITE\xampp-7.4\htdocs\master-web\modules\FrontEndLayout\Models\ModelLayout.php(84): CodeIgniter\Database\BaseBuilder->get()
#5 D:\WEBSITE\xampp-7.4\htdocs\master-web\modules\FrontEndLayout\Controllers\Layout.php(26): Modules\FrontEndLayout\Models\ModelLayout->get_berita()
#6 D:\WEBSITE\xampp-7.4\htdocs\master-web\vendor\codeigniter4\framework\system\CodeIgniter.php(936): Modules\FrontEndLayout\Controllers\Layout->index()
#7 D:\WEBSITE\xampp-7.4\htdocs\master-web\vendor\codeigniter4\framework\system\CodeIgniter.php(432): CodeIgniter\CodeIgniter->runController(Object(Modules\FrontEndLayout\Controllers\Layout))
#8 D:\WEBSITE\xampp-7.4\htdocs\master-web\vendor\codeigniter4\framework\system\CodeIgniter.php(333): CodeIgniter\CodeIgniter->handleRequest(NULL, Object(Config\Cache), false)
#9 D:\WEBSITE\xampp-7.4\htdocs\master-web\public\index.php(44): CodeIgniter\CodeIgniter->run()
#10 D:\WEBSITE\xampp-7.4\htdocs\master-web\vendor\codeigniter4\framework\system\Commands\Server\rewrite.php(45): require_once('D:\\WEBSITE\\xamp...')
#11 {main}
CRITICAL - 2021-06-03 21:29:27 --> Call to undefined function Modules\FrontEndLayout\Models\UNIX_TIMESTAMP()
#0 D:\WEBSITE\xampp-7.4\htdocs\master-web\modules\FrontEndLayout\Controllers\Layout.php(26): Modules\FrontEndLayout\Models\ModelLayout->get_berita()
#1 D:\WEBSITE\xampp-7.4\htdocs\master-web\vendor\codeigniter4\framework\system\CodeIgniter.php(936): Modules\FrontEndLayout\Controllers\Layout->index()
#2 D:\WEBSITE\xampp-7.4\htdocs\master-web\vendor\codeigniter4\framework\system\CodeIgniter.php(432): CodeIgniter\CodeIgniter->runController(Object(Modules\FrontEndLayout\Controllers\Layout))
#3 D:\WEBSITE\xampp-7.4\htdocs\master-web\vendor\codeigniter4\framework\system\CodeIgniter.php(333): CodeIgniter\CodeIgniter->handleRequest(NULL, Object(Config\Cache), false)
#4 D:\WEBSITE\xampp-7.4\htdocs\master-web\public\index.php(44): CodeIgniter\CodeIgniter->run()
#5 D:\WEBSITE\xampp-7.4\htdocs\master-web\vendor\codeigniter4\framework\system\Commands\Server\rewrite.php(45): require_once('D:\\WEBSITE\\xamp...')
#6 {main}
CRITICAL - 2021-06-03 21:35:19 --> Call to undefined function Modules\FrontEndLayout\Models\UNIX_TIMESTAMP()
#0 D:\WEBSITE\xampp-7.4\htdocs\master-web\modules\FrontEndLayout\Controllers\Layout.php(26): Modules\FrontEndLayout\Models\ModelLayout->get_berita()
#1 D:\WEBSITE\xampp-7.4\htdocs\master-web\vendor\codeigniter4\framework\system\CodeIgniter.php(936): Modules\FrontEndLayout\Controllers\Layout->index()
#2 D:\WEBSITE\xampp-7.4\htdocs\master-web\vendor\codeigniter4\framework\system\CodeIgniter.php(432): CodeIgniter\CodeIgniter->runController(Object(Modules\FrontEndLayout\Controllers\Layout))
#3 D:\WEBSITE\xampp-7.4\htdocs\master-web\vendor\codeigniter4\framework\system\CodeIgniter.php(333): CodeIgniter\CodeIgniter->handleRequest(NULL, Object(Config\Cache), false)
#4 D:\WEBSITE\xampp-7.4\htdocs\master-web\public\index.php(44): CodeIgniter\CodeIgniter->run()
#5 D:\WEBSITE\xampp-7.4\htdocs\master-web\vendor\codeigniter4\framework\system\Commands\Server\rewrite.php(45): require_once('D:\\WEBSITE\\xamp...')
#6 {main}
CRITICAL - 2021-06-03 21:39:48 --> Trying to access array offset on value of type null
#0 D:\WEBSITE\xampp-7.4\htdocs\master-web\modules\FrontEndContent\Views\content.php(14): CodeIgniter\Debug\Exceptions->errorHandler(8, 'Trying to acces...', 'D:\\WEBSITE\\xamp...', 14, Array)
#1 D:\WEBSITE\xampp-7.4\htdocs\master-web\vendor\codeigniter4\framework\system\View\View.php(220): include('D:\\WEBSITE\\xamp...')
#2 D:\WEBSITE\xampp-7.4\htdocs\master-web\vendor\codeigniter4\framework\system\View\View.php(222): CodeIgniter\View\View->CodeIgniter\View\{closure}()
#3 D:\WEBSITE\xampp-7.4\htdocs\master-web\vendor\codeigniter4\framework\system\Common.php(1217): CodeIgniter\View\View->render('Modules\\FrontEn...', Array, true)
#4 D:\WEBSITE\xampp-7.4\htdocs\master-web\modules\FrontEndContent\Controllers\Content.php(38): view('Modules\\FrontEn...', Array)
#5 D:\WEBSITE\xampp-7.4\htdocs\master-web\vendor\codeigniter4\framework\system\CodeIgniter.php(936): Modules\FrontEndContent\Controllers\Content->index('presma-kejuaraa...')
#6 D:\WEBSITE\xampp-7.4\htdocs\master-web\vendor\codeigniter4\framework\system\CodeIgniter.php(432): CodeIgniter\CodeIgniter->runController(Object(Modules\FrontEndContent\Controllers\Content))
#7 D:\WEBSITE\xampp-7.4\htdocs\master-web\vendor\codeigniter4\framework\system\CodeIgniter.php(333): CodeIgniter\CodeIgniter->handleRequest(NULL, Object(Config\Cache), false)
#8 D:\WEBSITE\xampp-7.4\htdocs\master-web\public\index.php(44): CodeIgniter\CodeIgniter->run()
#9 D:\WEBSITE\xampp-7.4\htdocs\master-web\vendor\codeigniter4\framework\system\Commands\Server\rewrite.php(45): require_once('D:\\WEBSITE\\xamp...')
#10 {main}
CRITICAL - 2021-06-03 21:43:50 --> Undefined index: 
#0 D:\WEBSITE\xampp-7.4\htdocs\master-web\vendor\codeigniter4\framework\system\HTTP\URI.php(287): CodeIgniter\Debug\Exceptions->errorHandler(8, 'Undefined index...', 'D:\\WEBSITE\\xamp...', 287, Array)
#1 D:\WEBSITE\xampp-7.4\htdocs\master-web\vendor\codeigniter4\framework\system\HTTP\URI.php(1069): CodeIgniter\HTTP\URI->getAuthority()
#2 D:\WEBSITE\xampp-7.4\htdocs\master-web\vendor\codeigniter4\framework\system\Helpers\url_helper.php(104): CodeIgniter\HTTP\URI->resolveRelativeURI('http://localhos...')
#3 D:\WEBSITE\xampp-7.4\htdocs\master-web\modules\FrontEndLayout\Views\header.php(57): base_url('http://localhos...')
#4 D:\WEBSITE\xampp-7.4\htdocs\master-web\vendor\codeigniter4\framework\system\View\View.php(220): include('D:\\WEBSITE\\xamp...')
#5 D:\WEBSITE\xampp-7.4\htdocs\master-web\vendor\codeigniter4\framework\system\View\View.php(222): CodeIgniter\View\View->CodeIgniter\View\{closure}()
#6 D:\WEBSITE\xampp-7.4\htdocs\master-web\vendor\codeigniter4\framework\system\View\View.php(468): CodeIgniter\View\View->render('Modules\\FrontEn...', NULL, true)
#7 D:\WEBSITE\xampp-7.4\htdocs\master-web\modules\FrontEndLayout\Views\layout.php(61): CodeIgniter\View\View->include('Modules\\FrontEn...')
#8 D:\WEBSITE\xampp-7.4\htdocs\master-web\vendor\codeigniter4\framework\system\View\View.php(220): include('D:\\WEBSITE\\xamp...')
#9 D:\WEBSITE\xampp-7.4\htdocs\master-web\vendor\codeigniter4\framework\system\View\View.php(222): CodeIgniter\View\View->CodeIgniter\View\{closure}()
#10 D:\WEBSITE\xampp-7.4\htdocs\master-web\vendor\codeigniter4\framework\system\View\View.php(236): CodeIgniter\View\View->render('Modules\\FrontEn...', Array, true)
#11 D:\WEBSITE\xampp-7.4\htdocs\master-web\vendor\codeigniter4\framework\system\Common.php(1217): CodeIgniter\View\View->render('Modules\\FrontEn...', Array, true)
#12 D:\WEBSITE\xampp-7.4\htdocs\master-web\modules\FrontEndLayout\Controllers\Layout.php(45): view('Modules\\FrontEn...', Array)
#13 D:\WEBSITE\xampp-7.4\htdocs\master-web\vendor\codeigniter4\framework\system\CodeIgniter.php(936): Modules\FrontEndLayout\Controllers\Layout->index()
#14 D:\WEBSITE\xampp-7.4\htdocs\master-web\vendor\codeigniter4\framework\system\CodeIgniter.php(432): CodeIgniter\CodeIgniter->runController(Object(Modules\FrontEndLayout\Controllers\Layout))
#15 D:\WEBSITE\xampp-7.4\htdocs\master-web\vendor\codeigniter4\framework\system\CodeIgniter.php(333): CodeIgniter\CodeIgniter->handleRequest(NULL, Object(Config\Cache), false)
#16 D:\WEBSITE\xampp-7.4\htdocs\master-web\public\index.php(44): CodeIgniter\CodeIgniter->run()
#17 D:\WEBSITE\xampp-7.4\htdocs\master-web\vendor\codeigniter4\framework\system\Commands\Server\rewrite.php(45): require_once('D:\\WEBSITE\\xamp...')
#18 {main}
CRITICAL - 2021-06-03 21:45:20 --> Trying to access array offset on value of type null
#0 D:\WEBSITE\xampp-7.4\htdocs\master-web\modules\FrontEndContent\Views\content.php(14): CodeIgniter\Debug\Exceptions->errorHandler(8, 'Trying to acces...', 'D:\\WEBSITE\\xamp...', 14, Array)
#1 D:\WEBSITE\xampp-7.4\htdocs\master-web\vendor\codeigniter4\framework\system\View\View.php(220): include('D:\\WEBSITE\\xamp...')
#2 D:\WEBSITE\xampp-7.4\htdocs\master-web\vendor\codeigniter4\framework\system\View\View.php(222): CodeIgniter\View\View->CodeIgniter\View\{closure}()
#3 D:\WEBSITE\xampp-7.4\htdocs\master-web\vendor\codeigniter4\framework\system\Common.php(1217): CodeIgniter\View\View->render('Modules\\FrontEn...', Array, true)
#4 D:\WEBSITE\xampp-7.4\htdocs\master-web\modules\FrontEndContent\Controllers\Content.php(38): view('Modules\\FrontEn...', Array)
#5 D:\WEBSITE\xampp-7.4\htdocs\master-web\vendor\codeigniter4\framework\system\CodeIgniter.php(936): Modules\FrontEndContent\Controllers\Content->index('visi-dan-misi-p...')
#6 D:\WEBSITE\xampp-7.4\htdocs\master-web\vendor\codeigniter4\framework\system\CodeIgniter.php(432): CodeIgniter\CodeIgniter->runController(Object(Modules\FrontEndContent\Controllers\Content))
#7 D:\WEBSITE\xampp-7.4\htdocs\master-web\vendor\codeigniter4\framework\system\CodeIgniter.php(333): CodeIgniter\CodeIgniter->handleRequest(NULL, Object(Config\Cache), false)
#8 D:\WEBSITE\xampp-7.4\htdocs\master-web\public\index.php(44): CodeIgniter\CodeIgniter->run()
#9 D:\WEBSITE\xampp-7.4\htdocs\master-web\vendor\codeigniter4\framework\system\Commands\Server\rewrite.php(45): require_once('D:\\WEBSITE\\xamp...')
#10 {main}
