CRITICAL - 2021-07-26 08:34:19 --> Class 'Modules\ManageSpmi\Models\ModelSurvei' not found
#0 C:\xampp\htdocs\spm\vendor\codeigniter4\framework\system\CodeIgniter.php(912): Modules\ManageSpmi\Controllers\DataSurvei->__construct()
#1 C:\xampp\htdocs\spm\vendor\codeigniter4\framework\system\CodeIgniter.php(426): CodeIgniter\CodeIgniter->createController()
#2 C:\xampp\htdocs\spm\vendor\codeigniter4\framework\system\CodeIgniter.php(337): CodeIgniter\CodeIgniter->handleRequest(NULL, Object(Config\Cache), false)
#3 C:\xampp\htdocs\spm\public\index.php(44): CodeIgniter\CodeIgniter->run()
#4 C:\xampp\htdocs\spm\vendor\codeigniter4\framework\system\Commands\Server\rewrite.php(45): require_once('C:\\xampp\\htdocs...')
#5 {main}
CRITICAL - 2021-07-26 08:35:01 --> Invalid file: Modules\ManageSpmi\Views\content_tambah.php
#0 C:\xampp\htdocs\spm\vendor\codeigniter4\framework\system\View\View.php(203): CodeIgniter\Exceptions\FrameworkException::forInvalidFile('Modules\\ManageS...')
#1 C:\xampp\htdocs\spm\vendor\codeigniter4\framework\system\Common.php(1217): CodeIgniter\View\View->render('Modules\\ManageS...', Array, true)
#2 C:\xampp\htdocs\spm\modules\ManageSpmi\Controllers\DataSurvei.php(44): view('Modules\\ManageS...', Array)
#3 C:\xampp\htdocs\spm\vendor\codeigniter4\framework\system\CodeIgniter.php(940): Modules\ManageSpmi\Controllers\DataSurvei->survei_tambah()
#4 C:\xampp\htdocs\spm\vendor\codeigniter4\framework\system\CodeIgniter.php(436): CodeIgniter\CodeIgniter->runController(Object(Modules\ManageSpmi\Controllers\DataSurvei))
#5 C:\xampp\htdocs\spm\vendor\codeigniter4\framework\system\CodeIgniter.php(337): CodeIgniter\CodeIgniter->handleRequest(NULL, Object(Config\Cache), false)
#6 C:\xampp\htdocs\spm\public\index.php(44): CodeIgniter\CodeIgniter->run()
#7 C:\xampp\htdocs\spm\vendor\codeigniter4\framework\system\Commands\Server\rewrite.php(45): require_once('C:\\xampp\\htdocs...')
#8 {main}
CRITICAL - 2021-07-26 08:35:14 --> Undefined variable: kategori
#0 C:\xampp\htdocs\spm\modules\ManageSpmi\Views\survei_tambah.php(112): CodeIgniter\Debug\Exceptions->errorHandler(8, 'Undefined varia...', 'C:\\xampp\\htdocs...', 112, Array)
#1 C:\xampp\htdocs\spm\vendor\codeigniter4\framework\system\View\View.php(220): include('C:\\xampp\\htdocs...')
#2 C:\xampp\htdocs\spm\vendor\codeigniter4\framework\system\View\View.php(222): CodeIgniter\View\View->CodeIgniter\View\{closure}()
#3 C:\xampp\htdocs\spm\vendor\codeigniter4\framework\system\Common.php(1217): CodeIgniter\View\View->render('Modules\\ManageS...', Array, true)
#4 C:\xampp\htdocs\spm\modules\ManageSpmi\Controllers\DataSurvei.php(44): view('Modules\\ManageS...', Array)
#5 C:\xampp\htdocs\spm\vendor\codeigniter4\framework\system\CodeIgniter.php(940): Modules\ManageSpmi\Controllers\DataSurvei->survei_tambah()
#6 C:\xampp\htdocs\spm\vendor\codeigniter4\framework\system\CodeIgniter.php(436): CodeIgniter\CodeIgniter->runController(Object(Modules\ManageSpmi\Controllers\DataSurvei))
#7 C:\xampp\htdocs\spm\vendor\codeigniter4\framework\system\CodeIgniter.php(337): CodeIgniter\CodeIgniter->handleRequest(NULL, Object(Config\Cache), false)
#8 C:\xampp\htdocs\spm\public\index.php(44): CodeIgniter\CodeIgniter->run()
#9 C:\xampp\htdocs\spm\vendor\codeigniter4\framework\system\Commands\Server\rewrite.php(45): require_once('C:\\xampp\\htdocs...')
#10 {main}
CRITICAL - 2021-07-26 08:56:38 --> Call to undefined method CodeIgniter\Database\MySQLi\Builder::orgerBy()
#0 C:\xampp\htdocs\spm\modules\ManageSpmiFront\Controllers\DataSpmi.php(26): Modules\ManageSpmiFront\Models\ModelSpmi->get_survei()
#1 C:\xampp\htdocs\spm\vendor\codeigniter4\framework\system\CodeIgniter.php(940): Modules\ManageSpmiFront\Controllers\DataSpmi->index()
#2 C:\xampp\htdocs\spm\vendor\codeigniter4\framework\system\CodeIgniter.php(436): CodeIgniter\CodeIgniter->runController(Object(Modules\ManageSpmiFront\Controllers\DataSpmi))
#3 C:\xampp\htdocs\spm\vendor\codeigniter4\framework\system\CodeIgniter.php(337): CodeIgniter\CodeIgniter->handleRequest(NULL, Object(Config\Cache), false)
#4 C:\xampp\htdocs\spm\public\index.php(44): CodeIgniter\CodeIgniter->run()
#5 C:\xampp\htdocs\spm\vendor\codeigniter4\framework\system\Commands\Server\rewrite.php(45): require_once('C:\\xampp\\htdocs...')
#6 {main}
CRITICAL - 2021-07-26 09:07:06 --> Undefined variable: tentang_spmi
#0 C:\xampp\htdocs\spm\modules\ManageSpmiFront\Views\survei.php(32): CodeIgniter\Debug\Exceptions->errorHandler(8, 'Undefined varia...', 'C:\\xampp\\htdocs...', 32, Array)
#1 C:\xampp\htdocs\spm\vendor\codeigniter4\framework\system\View\View.php(220): include('C:\\xampp\\htdocs...')
#2 C:\xampp\htdocs\spm\vendor\codeigniter4\framework\system\View\View.php(222): CodeIgniter\View\View->CodeIgniter\View\{closure}()
#3 C:\xampp\htdocs\spm\vendor\codeigniter4\framework\system\Common.php(1217): CodeIgniter\View\View->render('Modules\\ManageS...', Array, true)
#4 C:\xampp\htdocs\spm\modules\ManageSpmiFront\Controllers\DataSpmi.php(63): view('Modules\\ManageS...', Array)
#5 C:\xampp\htdocs\spm\vendor\codeigniter4\framework\system\CodeIgniter.php(940): Modules\ManageSpmiFront\Controllers\DataSpmi->survei('survei-kepuasan...')
#6 C:\xampp\htdocs\spm\vendor\codeigniter4\framework\system\CodeIgniter.php(436): CodeIgniter\CodeIgniter->runController(Object(Modules\ManageSpmiFront\Controllers\DataSpmi))
#7 C:\xampp\htdocs\spm\vendor\codeigniter4\framework\system\CodeIgniter.php(337): CodeIgniter\CodeIgniter->handleRequest(NULL, Object(Config\Cache), false)
#8 C:\xampp\htdocs\spm\public\index.php(44): CodeIgniter\CodeIgniter->run()
#9 C:\xampp\htdocs\spm\vendor\codeigniter4\framework\system\Commands\Server\rewrite.php(45): require_once('C:\\xampp\\htdocs...')
#10 {main}
CRITICAL - 2021-07-26 09:07:40 --> Undefined index: content
#0 C:\xampp\htdocs\spm\modules\ManageSpmiFront\Views\survei.php(32): CodeIgniter\Debug\Exceptions->errorHandler(8, 'Undefined index...', 'C:\\xampp\\htdocs...', 32, Array)
#1 C:\xampp\htdocs\spm\vendor\codeigniter4\framework\system\View\View.php(220): include('C:\\xampp\\htdocs...')
#2 C:\xampp\htdocs\spm\vendor\codeigniter4\framework\system\View\View.php(222): CodeIgniter\View\View->CodeIgniter\View\{closure}()
#3 C:\xampp\htdocs\spm\vendor\codeigniter4\framework\system\Common.php(1217): CodeIgniter\View\View->render('Modules\\ManageS...', Array, true)
#4 C:\xampp\htdocs\spm\modules\ManageSpmiFront\Controllers\DataSpmi.php(63): view('Modules\\ManageS...', Array)
#5 C:\xampp\htdocs\spm\vendor\codeigniter4\framework\system\CodeIgniter.php(940): Modules\ManageSpmiFront\Controllers\DataSpmi->survei('survei-kepuasan...')
#6 C:\xampp\htdocs\spm\vendor\codeigniter4\framework\system\CodeIgniter.php(436): CodeIgniter\CodeIgniter->runController(Object(Modules\ManageSpmiFront\Controllers\DataSpmi))
#7 C:\xampp\htdocs\spm\vendor\codeigniter4\framework\system\CodeIgniter.php(337): CodeIgniter\CodeIgniter->handleRequest(NULL, Object(Config\Cache), false)
#8 C:\xampp\htdocs\spm\public\index.php(44): CodeIgniter\CodeIgniter->run()
#9 C:\xampp\htdocs\spm\vendor\codeigniter4\framework\system\Commands\Server\rewrite.php(45): require_once('C:\\xampp\\htdocs...')
#10 {main}
CRITICAL - 2021-07-26 09:07:42 --> Undefined index: content
#0 C:\xampp\htdocs\spm\modules\ManageSpmiFront\Views\survei.php(32): CodeIgniter\Debug\Exceptions->errorHandler(8, 'Undefined index...', 'C:\\xampp\\htdocs...', 32, Array)
#1 C:\xampp\htdocs\spm\vendor\codeigniter4\framework\system\View\View.php(220): include('C:\\xampp\\htdocs...')
#2 C:\xampp\htdocs\spm\vendor\codeigniter4\framework\system\View\View.php(222): CodeIgniter\View\View->CodeIgniter\View\{closure}()
#3 C:\xampp\htdocs\spm\vendor\codeigniter4\framework\system\Common.php(1217): CodeIgniter\View\View->render('Modules\\ManageS...', Array, true)
#4 C:\xampp\htdocs\spm\modules\ManageSpmiFront\Controllers\DataSpmi.php(63): view('Modules\\ManageS...', Array)
#5 C:\xampp\htdocs\spm\vendor\codeigniter4\framework\system\CodeIgniter.php(940): Modules\ManageSpmiFront\Controllers\DataSpmi->survei('survei-kepuasan...')
#6 C:\xampp\htdocs\spm\vendor\codeigniter4\framework\system\CodeIgniter.php(436): CodeIgniter\CodeIgniter->runController(Object(Modules\ManageSpmiFront\Controllers\DataSpmi))
#7 C:\xampp\htdocs\spm\vendor\codeigniter4\framework\system\CodeIgniter.php(337): CodeIgniter\CodeIgniter->handleRequest(NULL, Object(Config\Cache), false)
#8 C:\xampp\htdocs\spm\public\index.php(44): CodeIgniter\CodeIgniter->run()
#9 C:\xampp\htdocs\spm\vendor\codeigniter4\framework\system\Commands\Server\rewrite.php(45): require_once('C:\\xampp\\htdocs...')
#10 {main}
CRITICAL - 2021-07-26 09:53:34 --> You must set the database table to be used with your query.
#0 C:\xampp\htdocs\spm\vendor\codeigniter4\framework\system\Model.php(615): CodeIgniter\Database\BaseConnection->table(NULL)
#1 C:\xampp\htdocs\spm\vendor\codeigniter4\framework\system\Model.php(834): CodeIgniter\Model->builder()
#2 C:\xampp\htdocs\spm\modules\ManageSpmi\Controllers\DataPortofolio.php(125): CodeIgniter\Model->__call('save_portofolio', Array)
#3 C:\xampp\htdocs\spm\vendor\codeigniter4\framework\system\CodeIgniter.php(940): Modules\ManageSpmi\Controllers\DataPortofolio->portofolio_save()
#4 C:\xampp\htdocs\spm\vendor\codeigniter4\framework\system\CodeIgniter.php(436): CodeIgniter\CodeIgniter->runController(Object(Modules\ManageSpmi\Controllers\DataPortofolio))
#5 C:\xampp\htdocs\spm\vendor\codeigniter4\framework\system\CodeIgniter.php(337): CodeIgniter\CodeIgniter->handleRequest(NULL, Object(Config\Cache), false)
#6 C:\xampp\htdocs\spm\public\index.php(44): CodeIgniter\CodeIgniter->run()
#7 C:\xampp\htdocs\spm\vendor\codeigniter4\framework\system\Commands\Server\rewrite.php(45): require_once('C:\\xampp\\htdocs...')
#8 {main}
CRITICAL - 2021-07-26 09:54:36 --> You must set the database table to be used with your query.
#0 C:\xampp\htdocs\spm\vendor\codeigniter4\framework\system\Model.php(615): CodeIgniter\Database\BaseConnection->table(NULL)
#1 C:\xampp\htdocs\spm\vendor\codeigniter4\framework\system\Model.php(834): CodeIgniter\Model->builder()
#2 C:\xampp\htdocs\spm\modules\ManageSpmi\Controllers\DataPortofolio.php(125): CodeIgniter\Model->__call('save_portofolio', Array)
#3 C:\xampp\htdocs\spm\vendor\codeigniter4\framework\system\CodeIgniter.php(940): Modules\ManageSpmi\Controllers\DataPortofolio->portofolio_save()
#4 C:\xampp\htdocs\spm\vendor\codeigniter4\framework\system\CodeIgniter.php(436): CodeIgniter\CodeIgniter->runController(Object(Modules\ManageSpmi\Controllers\DataPortofolio))
#5 C:\xampp\htdocs\spm\vendor\codeigniter4\framework\system\CodeIgniter.php(337): CodeIgniter\CodeIgniter->handleRequest(NULL, Object(Config\Cache), false)
#6 C:\xampp\htdocs\spm\public\index.php(44): CodeIgniter\CodeIgniter->run()
#7 C:\xampp\htdocs\spm\vendor\codeigniter4\framework\system\Commands\Server\rewrite.php(45): require_once('C:\\xampp\\htdocs...')
#8 {main}
CRITICAL - 2021-07-26 11:46:39 --> Undefined offset: 1
#0 C:\xampp\htdocs\spm\vendor\myth\auth\src\Authentication\Passwords\NothingPersonalValidator.php(91): CodeIgniter\Debug\Exceptions->errorHandler(8, 'Undefined offse...', 'C:\\xampp\\htdocs...', 91, Array)
#1 C:\xampp\htdocs\spm\vendor\myth\auth\src\Authentication\Passwords\NothingPersonalValidator.php(40): Myth\Auth\Authentication\Passwords\NothingPersonalValidator->isNotPersonal('u/*zhl[uq_xuc[1...', Object(Myth\Auth\Entities\User))
#2 C:\xampp\htdocs\spm\vendor\myth\auth\src\Authentication\Passwords\PasswordValidator.php(55): Myth\Auth\Authentication\Passwords\NothingPersonalValidator->check('u/*zhl[uq_xuc[1...', Object(Myth\Auth\Entities\User))
#3 C:\xampp\htdocs\spm\vendor\myth\auth\src\Authentication\Passwords\ValidationRules.php(46): Myth\Auth\Authentication\Passwords\PasswordValidator->check('U/*Zhl[UQ_xUC[1...', Object(Myth\Auth\Entities\User))
#4 C:\xampp\htdocs\spm\vendor\codeigniter4\framework\system\Validation\Validation.php(306): Myth\Auth\Authentication\Passwords\ValidationRules->strong_password('U/*Zhl[UQ_xUC[1...', NULL)
#5 C:\xampp\htdocs\spm\vendor\codeigniter4\framework\system\Validation\Validation.php(164): CodeIgniter\Validation\Validation->processRules('password', 'password', 'U/*Zhl[UQ_xUC[1...', Array, Array)
#6 C:\xampp\htdocs\spm\vendor\codeigniter4\framework\system\Controller.php(181): CodeIgniter\Validation\Validation->run()
#7 C:\xampp\htdocs\spm\vendor\myth\auth\src\Controllers\AuthController.php(170): CodeIgniter\Controller->validate(Array)
#8 C:\xampp\htdocs\spm\vendor\codeigniter4\framework\system\CodeIgniter.php(940): Myth\Auth\Controllers\AuthController->attemptRegister()
#9 C:\xampp\htdocs\spm\vendor\codeigniter4\framework\system\CodeIgniter.php(436): CodeIgniter\CodeIgniter->runController(Object(Myth\Auth\Controllers\AuthController))
#10 C:\xampp\htdocs\spm\vendor\codeigniter4\framework\system\CodeIgniter.php(337): CodeIgniter\CodeIgniter->handleRequest(NULL, Object(Config\Cache), false)
#11 C:\xampp\htdocs\spm\public\index.php(44): CodeIgniter\CodeIgniter->run()
#12 C:\xampp\htdocs\spm\vendor\codeigniter4\framework\system\Commands\Server\rewrite.php(45): require_once('C:\\xampp\\htdocs...')
#13 {main}
CRITICAL - 2021-07-26 11:48:42 --> Undefined offset: 1
#0 C:\xampp\htdocs\spm\vendor\myth\auth\src\Authentication\Passwords\NothingPersonalValidator.php(91): CodeIgniter\Debug\Exceptions->errorHandler(8, 'Undefined offse...', 'C:\\xampp\\htdocs...', 91, Array)
#1 C:\xampp\htdocs\spm\vendor\myth\auth\src\Authentication\Passwords\NothingPersonalValidator.php(40): Myth\Auth\Authentication\Passwords\NothingPersonalValidator->isNotPersonal('u/*zhl[uq_xuc[1...', Object(Myth\Auth\Entities\User))
#2 C:\xampp\htdocs\spm\vendor\myth\auth\src\Authentication\Passwords\PasswordValidator.php(55): Myth\Auth\Authentication\Passwords\NothingPersonalValidator->check('u/*zhl[uq_xuc[1...', Object(Myth\Auth\Entities\User))
#3 C:\xampp\htdocs\spm\vendor\myth\auth\src\Authentication\Passwords\ValidationRules.php(46): Myth\Auth\Authentication\Passwords\PasswordValidator->check('U/*Zhl[UQ_xUC[1...', Object(Myth\Auth\Entities\User))
#4 C:\xampp\htdocs\spm\vendor\codeigniter4\framework\system\Validation\Validation.php(306): Myth\Auth\Authentication\Passwords\ValidationRules->strong_password('U/*Zhl[UQ_xUC[1...', NULL)
#5 C:\xampp\htdocs\spm\vendor\codeigniter4\framework\system\Validation\Validation.php(164): CodeIgniter\Validation\Validation->processRules('password', 'password', 'U/*Zhl[UQ_xUC[1...', Array, Array)
#6 C:\xampp\htdocs\spm\vendor\codeigniter4\framework\system\Controller.php(181): CodeIgniter\Validation\Validation->run()
#7 C:\xampp\htdocs\spm\vendor\myth\auth\src\Controllers\AuthController.php(170): CodeIgniter\Controller->validate(Array)
#8 C:\xampp\htdocs\spm\vendor\codeigniter4\framework\system\CodeIgniter.php(940): Myth\Auth\Controllers\AuthController->attemptRegister()
#9 C:\xampp\htdocs\spm\vendor\codeigniter4\framework\system\CodeIgniter.php(436): CodeIgniter\CodeIgniter->runController(Object(Myth\Auth\Controllers\AuthController))
#10 C:\xampp\htdocs\spm\vendor\codeigniter4\framework\system\CodeIgniter.php(337): CodeIgniter\CodeIgniter->handleRequest(NULL, Object(Config\Cache), false)
#11 C:\xampp\htdocs\spm\public\index.php(44): CodeIgniter\CodeIgniter->run()
#12 C:\xampp\htdocs\spm\vendor\codeigniter4\framework\system\Commands\Server\rewrite.php(45): require_once('C:\\xampp\\htdocs...')
#13 {main}
CRITICAL - 2021-07-26 11:49:18 --> Undefined offset: 1
#0 C:\xampp\htdocs\spm\vendor\myth\auth\src\Authentication\Passwords\NothingPersonalValidator.php(91): CodeIgniter\Debug\Exceptions->errorHandler(8, 'Undefined offse...', 'C:\\xampp\\htdocs...', 91, Array)
#1 C:\xampp\htdocs\spm\vendor\myth\auth\src\Authentication\Passwords\NothingPersonalValidator.php(40): Myth\Auth\Authentication\Passwords\NothingPersonalValidator->isNotPersonal('u/*zhl[uq_xuc[1...', Object(Myth\Auth\Entities\User))
#2 C:\xampp\htdocs\spm\vendor\myth\auth\src\Authentication\Passwords\PasswordValidator.php(55): Myth\Auth\Authentication\Passwords\NothingPersonalValidator->check('u/*zhl[uq_xuc[1...', Object(Myth\Auth\Entities\User))
#3 C:\xampp\htdocs\spm\vendor\myth\auth\src\Authentication\Passwords\ValidationRules.php(46): Myth\Auth\Authentication\Passwords\PasswordValidator->check('U/*Zhl[UQ_xUC[1...', Object(Myth\Auth\Entities\User))
#4 C:\xampp\htdocs\spm\vendor\codeigniter4\framework\system\Validation\Validation.php(306): Myth\Auth\Authentication\Passwords\ValidationRules->strong_password('U/*Zhl[UQ_xUC[1...', NULL)
#5 C:\xampp\htdocs\spm\vendor\codeigniter4\framework\system\Validation\Validation.php(164): CodeIgniter\Validation\Validation->processRules('password', 'password', 'U/*Zhl[UQ_xUC[1...', Array, Array)
#6 C:\xampp\htdocs\spm\vendor\codeigniter4\framework\system\Controller.php(181): CodeIgniter\Validation\Validation->run()
#7 C:\xampp\htdocs\spm\vendor\myth\auth\src\Controllers\AuthController.php(170): CodeIgniter\Controller->validate(Array)
#8 C:\xampp\htdocs\spm\vendor\codeigniter4\framework\system\CodeIgniter.php(940): Myth\Auth\Controllers\AuthController->attemptRegister()
#9 C:\xampp\htdocs\spm\vendor\codeigniter4\framework\system\CodeIgniter.php(436): CodeIgniter\CodeIgniter->runController(Object(Myth\Auth\Controllers\AuthController))
#10 C:\xampp\htdocs\spm\vendor\codeigniter4\framework\system\CodeIgniter.php(337): CodeIgniter\CodeIgniter->handleRequest(NULL, Object(Config\Cache), false)
#11 C:\xampp\htdocs\spm\public\index.php(44): CodeIgniter\CodeIgniter->run()
#12 C:\xampp\htdocs\spm\vendor\codeigniter4\framework\system\Commands\Server\rewrite.php(45): require_once('C:\\xampp\\htdocs...')
#13 {main}
CRITICAL - 2021-07-26 11:49:29 --> Undefined offset: 1
#0 C:\xampp\htdocs\spm\vendor\myth\auth\src\Authentication\Passwords\NothingPersonalValidator.php(91): CodeIgniter\Debug\Exceptions->errorHandler(8, 'Undefined offse...', 'C:\\xampp\\htdocs...', 91, Array)
#1 C:\xampp\htdocs\spm\vendor\myth\auth\src\Authentication\Passwords\NothingPersonalValidator.php(40): Myth\Auth\Authentication\Passwords\NothingPersonalValidator->isNotPersonal('u/*zhl[uq_xuc[1...', Object(Myth\Auth\Entities\User))
#2 C:\xampp\htdocs\spm\vendor\myth\auth\src\Authentication\Passwords\PasswordValidator.php(55): Myth\Auth\Authentication\Passwords\NothingPersonalValidator->check('u/*zhl[uq_xuc[1...', Object(Myth\Auth\Entities\User))
#3 C:\xampp\htdocs\spm\vendor\myth\auth\src\Authentication\Passwords\ValidationRules.php(46): Myth\Auth\Authentication\Passwords\PasswordValidator->check('U/*Zhl[UQ_xUC[1...', Object(Myth\Auth\Entities\User))
#4 C:\xampp\htdocs\spm\vendor\codeigniter4\framework\system\Validation\Validation.php(306): Myth\Auth\Authentication\Passwords\ValidationRules->strong_password('U/*Zhl[UQ_xUC[1...', NULL)
#5 C:\xampp\htdocs\spm\vendor\codeigniter4\framework\system\Validation\Validation.php(164): CodeIgniter\Validation\Validation->processRules('password', 'password', 'U/*Zhl[UQ_xUC[1...', Array, Array)
#6 C:\xampp\htdocs\spm\vendor\codeigniter4\framework\system\Controller.php(181): CodeIgniter\Validation\Validation->run()
#7 C:\xampp\htdocs\spm\vendor\myth\auth\src\Controllers\AuthController.php(170): CodeIgniter\Controller->validate(Array)
#8 C:\xampp\htdocs\spm\vendor\codeigniter4\framework\system\CodeIgniter.php(940): Myth\Auth\Controllers\AuthController->attemptRegister()
#9 C:\xampp\htdocs\spm\vendor\codeigniter4\framework\system\CodeIgniter.php(436): CodeIgniter\CodeIgniter->runController(Object(Myth\Auth\Controllers\AuthController))
#10 C:\xampp\htdocs\spm\vendor\codeigniter4\framework\system\CodeIgniter.php(337): CodeIgniter\CodeIgniter->handleRequest(NULL, Object(Config\Cache), false)
#11 C:\xampp\htdocs\spm\public\index.php(44): CodeIgniter\CodeIgniter->run()
#12 C:\xampp\htdocs\spm\vendor\codeigniter4\framework\system\Commands\Server\rewrite.php(45): require_once('C:\\xampp\\htdocs...')
#13 {main}
CRITICAL - 2021-07-26 11:50:33 --> Undefined offset: 1
#0 C:\xampp\htdocs\spm\vendor\myth\auth\src\Authentication\Passwords\NothingPersonalValidator.php(91): CodeIgniter\Debug\Exceptions->errorHandler(8, 'Undefined offse...', 'C:\\xampp\\htdocs...', 91, Array)
#1 C:\xampp\htdocs\spm\vendor\myth\auth\src\Authentication\Passwords\NothingPersonalValidator.php(40): Myth\Auth\Authentication\Passwords\NothingPersonalValidator->isNotPersonal('u/*zhl[uq_xuc[1...', Object(Myth\Auth\Entities\User))
#2 C:\xampp\htdocs\spm\vendor\myth\auth\src\Authentication\Passwords\PasswordValidator.php(55): Myth\Auth\Authentication\Passwords\NothingPersonalValidator->check('u/*zhl[uq_xuc[1...', Object(Myth\Auth\Entities\User))
#3 C:\xampp\htdocs\spm\vendor\myth\auth\src\Authentication\Passwords\ValidationRules.php(46): Myth\Auth\Authentication\Passwords\PasswordValidator->check('U/*Zhl[UQ_xUC[1...', Object(Myth\Auth\Entities\User))
#4 C:\xampp\htdocs\spm\vendor\codeigniter4\framework\system\Validation\Validation.php(306): Myth\Auth\Authentication\Passwords\ValidationRules->strong_password('U/*Zhl[UQ_xUC[1...', NULL)
#5 C:\xampp\htdocs\spm\vendor\codeigniter4\framework\system\Validation\Validation.php(164): CodeIgniter\Validation\Validation->processRules('password', 'password', 'U/*Zhl[UQ_xUC[1...', Array, Array)
#6 C:\xampp\htdocs\spm\vendor\codeigniter4\framework\system\Controller.php(181): CodeIgniter\Validation\Validation->run()
#7 C:\xampp\htdocs\spm\vendor\myth\auth\src\Controllers\AuthController.php(170): CodeIgniter\Controller->validate(Array)
#8 C:\xampp\htdocs\spm\vendor\codeigniter4\framework\system\CodeIgniter.php(940): Myth\Auth\Controllers\AuthController->attemptRegister()
#9 C:\xampp\htdocs\spm\vendor\codeigniter4\framework\system\CodeIgniter.php(436): CodeIgniter\CodeIgniter->runController(Object(Myth\Auth\Controllers\AuthController))
#10 C:\xampp\htdocs\spm\vendor\codeigniter4\framework\system\CodeIgniter.php(337): CodeIgniter\CodeIgniter->handleRequest(NULL, Object(Config\Cache), false)
#11 C:\xampp\htdocs\spm\public\index.php(44): CodeIgniter\CodeIgniter->run()
#12 C:\xampp\htdocs\spm\vendor\codeigniter4\framework\system\Commands\Server\rewrite.php(45): require_once('C:\\xampp\\htdocs...')
#13 {main}
ERROR - 2021-07-26 11:56:12 --> Failed to send reset messaage to: e1304h@gmail.com
CRITICAL - 2021-07-26 12:06:06 --> Undefined offset: 1
#0 C:\xampp\htdocs\spm\vendor\myth\auth\src\Authentication\Passwords\NothingPersonalValidator.php(91): CodeIgniter\Debug\Exceptions->errorHandler(8, 'Undefined offse...', 'C:\\xampp\\htdocs...', 91, Array)
#1 C:\xampp\htdocs\spm\vendor\myth\auth\src\Authentication\Passwords\NothingPersonalValidator.php(40): Myth\Auth\Authentication\Passwords\NothingPersonalValidator->isNotPersonal('u/*zhl[uq_xuc[1...', Object(Myth\Auth\Entities\User))
#2 C:\xampp\htdocs\spm\vendor\myth\auth\src\Authentication\Passwords\PasswordValidator.php(55): Myth\Auth\Authentication\Passwords\NothingPersonalValidator->check('u/*zhl[uq_xuc[1...', Object(Myth\Auth\Entities\User))
#3 C:\xampp\htdocs\spm\vendor\myth\auth\src\Authentication\Passwords\ValidationRules.php(46): Myth\Auth\Authentication\Passwords\PasswordValidator->check('U/*Zhl[UQ_xUC[1...', Object(Myth\Auth\Entities\User))
#4 C:\xampp\htdocs\spm\vendor\codeigniter4\framework\system\Validation\Validation.php(306): Myth\Auth\Authentication\Passwords\ValidationRules->strong_password('U/*Zhl[UQ_xUC[1...', NULL)
#5 C:\xampp\htdocs\spm\vendor\codeigniter4\framework\system\Validation\Validation.php(164): CodeIgniter\Validation\Validation->processRules('password', 'password', 'U/*Zhl[UQ_xUC[1...', Array, Array)
#6 C:\xampp\htdocs\spm\vendor\codeigniter4\framework\system\Controller.php(181): CodeIgniter\Validation\Validation->run()
#7 C:\xampp\htdocs\spm\vendor\myth\auth\src\Controllers\AuthController.php(309): CodeIgniter\Controller->validate(Array)
#8 C:\xampp\htdocs\spm\vendor\codeigniter4\framework\system\CodeIgniter.php(940): Myth\Auth\Controllers\AuthController->attemptReset()
#9 C:\xampp\htdocs\spm\vendor\codeigniter4\framework\system\CodeIgniter.php(436): CodeIgniter\CodeIgniter->runController(Object(Myth\Auth\Controllers\AuthController))
#10 C:\xampp\htdocs\spm\vendor\codeigniter4\framework\system\CodeIgniter.php(337): CodeIgniter\CodeIgniter->handleRequest(NULL, Object(Config\Cache), false)
#11 C:\xampp\htdocs\spm\public\index.php(44): CodeIgniter\CodeIgniter->run()
#12 C:\xampp\htdocs\spm\vendor\codeigniter4\framework\system\Commands\Server\rewrite.php(45): require_once('C:\\xampp\\htdocs...')
#13 {main}
CRITICAL - 2021-07-26 13:26:39 --> Undefined variable: auth_groups
#0 C:\xampp\htdocs\spm\modules\ManageUsers\Views\edit_user.php(131): CodeIgniter\Debug\Exceptions->errorHandler(8, 'Undefined varia...', 'C:\\xampp\\htdocs...', 131, Array)
#1 C:\xampp\htdocs\spm\vendor\codeigniter4\framework\system\View\View.php(220): include('C:\\xampp\\htdocs...')
#2 C:\xampp\htdocs\spm\vendor\codeigniter4\framework\system\View\View.php(222): CodeIgniter\View\View->CodeIgniter\View\{closure}()
#3 C:\xampp\htdocs\spm\vendor\codeigniter4\framework\system\Common.php(1217): CodeIgniter\View\View->render('Modules\\ManageU...', Array, true)
#4 C:\xampp\htdocs\spm\modules\ManageUsers\Controllers\DataUsers.php(74): view('Modules\\ManageU...', Array)
#5 C:\xampp\htdocs\spm\vendor\codeigniter4\framework\system\CodeIgniter.php(940): Modules\ManageUsers\Controllers\DataUsers->edit_users('7b861e52241fdb2...')
#6 C:\xampp\htdocs\spm\vendor\codeigniter4\framework\system\CodeIgniter.php(436): CodeIgniter\CodeIgniter->runController(Object(Modules\ManageUsers\Controllers\DataUsers))
#7 C:\xampp\htdocs\spm\vendor\codeigniter4\framework\system\CodeIgniter.php(337): CodeIgniter\CodeIgniter->handleRequest(NULL, Object(Config\Cache), false)
#8 C:\xampp\htdocs\spm\public\index.php(44): CodeIgniter\CodeIgniter->run()
#9 C:\xampp\htdocs\spm\vendor\codeigniter4\framework\system\Commands\Server\rewrite.php(45): require_once('C:\\xampp\\htdocs...')
#10 {main}
ERROR - 2021-07-26 13:48:15 --> mysqli_sql_exception: Duplicate entry 'e1304h@gmail.com' for key 'email' in C:\xampp\htdocs\spm\vendor\codeigniter4\framework\system\Database\MySQLi\Connection.php:314
Stack trace:
#0 C:\xampp\htdocs\spm\vendor\codeigniter4\framework\system\Database\MySQLi\Connection.php(314): mysqli->query('INSERT INTO `us...')
#1 C:\xampp\htdocs\spm\vendor\codeigniter4\framework\system\Database\BaseConnection.php(713): CodeIgniter\Database\MySQLi\Connection->execute('INSERT INTO `us...')
#2 C:\xampp\htdocs\spm\vendor\codeigniter4\framework\system\Database\BaseConnection.php(641): CodeIgniter\Database\BaseConnection->simpleQuery('INSERT INTO `us...')
#3 C:\xampp\htdocs\spm\vendor\codeigniter4\framework\system\Database\BaseBuilder.php(2263): CodeIgniter\Database\BaseConnection->query('INSERT INTO `us...', Array, false)
#4 C:\xampp\htdocs\spm\modules\ManageUsers\Models\ModelUsers.php(246): CodeIgniter\Database\BaseBuilder->insert(Array)
#5 C:\xampp\htdocs\spm\modules\ManageUsers\Controllers\DataUsers.php(282): Modules\ManageUsers\Models\ModelUsers->edit_users_2('8469e64820016b3...', '79a43f39399b737...', 'Eko Haryono', 'e1304h@gmail.co...', 'ekoehary', '$2y$10$ZHB9wmka...', '2')
#6 C:\xampp\htdocs\spm\vendor\codeigniter4\framework\system\CodeIgniter.php(940): Modules\ManageUsers\Controllers\DataUsers->update_users()
#7 C:\xampp\htdocs\spm\vendor\codeigniter4\framework\system\CodeIgniter.php(436): CodeIgniter\CodeIgniter->runController(Object(Modules\ManageUsers\Controllers\DataUsers))
#8 C:\xampp\htdocs\spm\vendor\codeigniter4\framework\system\CodeIgniter.php(337): CodeIgniter\CodeIgniter->handleRequest(NULL, Object(Config\Cache), false)
#9 C:\xampp\htdocs\spm\public\index.php(44): CodeIgniter\CodeIgniter->run()
#10 C:\xampp\htdocs\spm\vendor\codeigniter4\framework\system\Commands\Server\rewrite.php(45): require_once('C:\\xampp\\htdocs...')
#11 {main}
CRITICAL - 2021-07-26 13:48:15 --> Duplicate entry 'e1304h@gmail.com' for key 'email'
#0 C:\xampp\htdocs\spm\vendor\codeigniter4\framework\system\Database\MySQLi\Connection.php(314): mysqli->query('INSERT INTO `us...')
#1 C:\xampp\htdocs\spm\vendor\codeigniter4\framework\system\Database\BaseConnection.php(713): CodeIgniter\Database\MySQLi\Connection->execute('INSERT INTO `us...')
#2 C:\xampp\htdocs\spm\vendor\codeigniter4\framework\system\Database\BaseConnection.php(641): CodeIgniter\Database\BaseConnection->simpleQuery('INSERT INTO `us...')
#3 C:\xampp\htdocs\spm\vendor\codeigniter4\framework\system\Database\BaseBuilder.php(2263): CodeIgniter\Database\BaseConnection->query('INSERT INTO `us...', Array, false)
#4 C:\xampp\htdocs\spm\modules\ManageUsers\Models\ModelUsers.php(246): CodeIgniter\Database\BaseBuilder->insert(Array)
#5 C:\xampp\htdocs\spm\modules\ManageUsers\Controllers\DataUsers.php(282): Modules\ManageUsers\Models\ModelUsers->edit_users_2('8469e64820016b3...', '79a43f39399b737...', 'Eko Haryono', 'e1304h@gmail.co...', 'ekoehary', '$2y$10$ZHB9wmka...', '2')
#6 C:\xampp\htdocs\spm\vendor\codeigniter4\framework\system\CodeIgniter.php(940): Modules\ManageUsers\Controllers\DataUsers->update_users()
#7 C:\xampp\htdocs\spm\vendor\codeigniter4\framework\system\CodeIgniter.php(436): CodeIgniter\CodeIgniter->runController(Object(Modules\ManageUsers\Controllers\DataUsers))
#8 C:\xampp\htdocs\spm\vendor\codeigniter4\framework\system\CodeIgniter.php(337): CodeIgniter\CodeIgniter->handleRequest(NULL, Object(Config\Cache), false)
#9 C:\xampp\htdocs\spm\public\index.php(44): CodeIgniter\CodeIgniter->run()
#10 C:\xampp\htdocs\spm\vendor\codeigniter4\framework\system\Commands\Server\rewrite.php(45): require_once('C:\\xampp\\htdocs...')
#11 {main}
CRITICAL - 2021-07-26 14:02:21 --> Trying to get property 'id' of non-object
#0 C:\xampp\htdocs\spm\modules\ManageLayout\Views\sidebar.php(14): CodeIgniter\Debug\Exceptions->errorHandler(8, 'Trying to get p...', 'C:\\xampp\\htdocs...', 14, Array)
#1 C:\xampp\htdocs\spm\vendor\codeigniter4\framework\system\View\View.php(220): include('C:\\xampp\\htdocs...')
#2 C:\xampp\htdocs\spm\vendor\codeigniter4\framework\system\View\View.php(222): CodeIgniter\View\View->CodeIgniter\View\{closure}()
#3 C:\xampp\htdocs\spm\vendor\codeigniter4\framework\system\View\View.php(468): CodeIgniter\View\View->render('Modules\\ManageL...', NULL, true)
#4 C:\xampp\htdocs\spm\modules\ManageLayout\Views\layout.php(56): CodeIgniter\View\View->include('Modules\\ManageL...')
#5 C:\xampp\htdocs\spm\vendor\codeigniter4\framework\system\View\View.php(220): include('C:\\xampp\\htdocs...')
#6 C:\xampp\htdocs\spm\vendor\codeigniter4\framework\system\View\View.php(222): CodeIgniter\View\View->CodeIgniter\View\{closure}()
#7 C:\xampp\htdocs\spm\vendor\codeigniter4\framework\system\View\View.php(236): CodeIgniter\View\View->render('Modules\\ManageL...', Array, true)
#8 C:\xampp\htdocs\spm\vendor\codeigniter4\framework\system\Common.php(1217): CodeIgniter\View\View->render('Modules\\ManageL...', Array, true)
#9 C:\xampp\htdocs\spm\modules\ManageLayout\Controllers\Layout.php(35): view('Modules\\ManageL...', Array)
#10 C:\xampp\htdocs\spm\vendor\codeigniter4\framework\system\CodeIgniter.php(940): Modules\ManageLayout\Controllers\Layout->index()
#11 C:\xampp\htdocs\spm\vendor\codeigniter4\framework\system\CodeIgniter.php(436): CodeIgniter\CodeIgniter->runController(Object(Modules\ManageLayout\Controllers\Layout))
#12 C:\xampp\htdocs\spm\vendor\codeigniter4\framework\system\CodeIgniter.php(337): CodeIgniter\CodeIgniter->handleRequest(NULL, Object(Config\Cache), false)
#13 C:\xampp\htdocs\spm\public\index.php(44): CodeIgniter\CodeIgniter->run()
#14 C:\xampp\htdocs\spm\vendor\codeigniter4\framework\system\Commands\Server\rewrite.php(45): require_once('C:\\xampp\\htdocs...')
#15 {main}
CRITICAL - 2021-07-26 14:03:02 --> Trying to get property 'id' of non-object
#0 C:\xampp\htdocs\spm\modules\ManageLayout\Views\sidebar.php(14): CodeIgniter\Debug\Exceptions->errorHandler(8, 'Trying to get p...', 'C:\\xampp\\htdocs...', 14, Array)
#1 C:\xampp\htdocs\spm\vendor\codeigniter4\framework\system\View\View.php(220): include('C:\\xampp\\htdocs...')
#2 C:\xampp\htdocs\spm\vendor\codeigniter4\framework\system\View\View.php(222): CodeIgniter\View\View->CodeIgniter\View\{closure}()
#3 C:\xampp\htdocs\spm\vendor\codeigniter4\framework\system\View\View.php(468): CodeIgniter\View\View->render('Modules\\ManageL...', NULL, true)
#4 C:\xampp\htdocs\spm\modules\ManageLayout\Views\layout.php(56): CodeIgniter\View\View->include('Modules\\ManageL...')
#5 C:\xampp\htdocs\spm\vendor\codeigniter4\framework\system\View\View.php(220): include('C:\\xampp\\htdocs...')
#6 C:\xampp\htdocs\spm\vendor\codeigniter4\framework\system\View\View.php(222): CodeIgniter\View\View->CodeIgniter\View\{closure}()
#7 C:\xampp\htdocs\spm\vendor\codeigniter4\framework\system\View\View.php(236): CodeIgniter\View\View->render('Modules\\ManageL...', Array, true)
#8 C:\xampp\htdocs\spm\vendor\codeigniter4\framework\system\Common.php(1217): CodeIgniter\View\View->render('Modules\\ManageL...', Array, true)
#9 C:\xampp\htdocs\spm\modules\ManageLayout\Controllers\Layout.php(35): view('Modules\\ManageL...', Array)
#10 C:\xampp\htdocs\spm\vendor\codeigniter4\framework\system\CodeIgniter.php(940): Modules\ManageLayout\Controllers\Layout->index()
#11 C:\xampp\htdocs\spm\vendor\codeigniter4\framework\system\CodeIgniter.php(436): CodeIgniter\CodeIgniter->runController(Object(Modules\ManageLayout\Controllers\Layout))
#12 C:\xampp\htdocs\spm\vendor\codeigniter4\framework\system\CodeIgniter.php(337): CodeIgniter\CodeIgniter->handleRequest(NULL, Object(Config\Cache), false)
#13 C:\xampp\htdocs\spm\public\index.php(44): CodeIgniter\CodeIgniter->run()
#14 C:\xampp\htdocs\spm\vendor\codeigniter4\framework\system\Commands\Server\rewrite.php(45): require_once('C:\\xampp\\htdocs...')
#15 {main}
CRITICAL - 2021-07-26 14:03:05 --> Trying to get property 'id' of non-object
#0 C:\xampp\htdocs\spm\modules\ManageLayout\Views\sidebar.php(14): CodeIgniter\Debug\Exceptions->errorHandler(8, 'Trying to get p...', 'C:\\xampp\\htdocs...', 14, Array)
#1 C:\xampp\htdocs\spm\vendor\codeigniter4\framework\system\View\View.php(220): include('C:\\xampp\\htdocs...')
#2 C:\xampp\htdocs\spm\vendor\codeigniter4\framework\system\View\View.php(222): CodeIgniter\View\View->CodeIgniter\View\{closure}()
#3 C:\xampp\htdocs\spm\vendor\codeigniter4\framework\system\View\View.php(468): CodeIgniter\View\View->render('Modules\\ManageL...', NULL, true)
#4 C:\xampp\htdocs\spm\modules\ManageLayout\Views\layout.php(56): CodeIgniter\View\View->include('Modules\\ManageL...')
#5 C:\xampp\htdocs\spm\vendor\codeigniter4\framework\system\View\View.php(220): include('C:\\xampp\\htdocs...')
#6 C:\xampp\htdocs\spm\vendor\codeigniter4\framework\system\View\View.php(222): CodeIgniter\View\View->CodeIgniter\View\{closure}()
#7 C:\xampp\htdocs\spm\vendor\codeigniter4\framework\system\View\View.php(236): CodeIgniter\View\View->render('Modules\\ManageL...', Array, true)
#8 C:\xampp\htdocs\spm\vendor\codeigniter4\framework\system\Common.php(1217): CodeIgniter\View\View->render('Modules\\ManageL...', Array, true)
#9 C:\xampp\htdocs\spm\modules\ManageLayout\Controllers\Layout.php(35): view('Modules\\ManageL...', Array)
#10 C:\xampp\htdocs\spm\vendor\codeigniter4\framework\system\CodeIgniter.php(940): Modules\ManageLayout\Controllers\Layout->index()
#11 C:\xampp\htdocs\spm\vendor\codeigniter4\framework\system\CodeIgniter.php(436): CodeIgniter\CodeIgniter->runController(Object(Modules\ManageLayout\Controllers\Layout))
#12 C:\xampp\htdocs\spm\vendor\codeigniter4\framework\system\CodeIgniter.php(337): CodeIgniter\CodeIgniter->handleRequest(NULL, Object(Config\Cache), false)
#13 C:\xampp\htdocs\spm\public\index.php(44): CodeIgniter\CodeIgniter->run()
#14 C:\xampp\htdocs\spm\vendor\codeigniter4\framework\system\Commands\Server\rewrite.php(45): require_once('C:\\xampp\\htdocs...')
#15 {main}
CRITICAL - 2021-07-26 14:03:54 --> Trying to get property 'id' of non-object
#0 C:\xampp\htdocs\spm\modules\ManageLayout\Views\sidebar.php(14): CodeIgniter\Debug\Exceptions->errorHandler(8, 'Trying to get p...', 'C:\\xampp\\htdocs...', 14, Array)
#1 C:\xampp\htdocs\spm\vendor\codeigniter4\framework\system\View\View.php(220): include('C:\\xampp\\htdocs...')
#2 C:\xampp\htdocs\spm\vendor\codeigniter4\framework\system\View\View.php(222): CodeIgniter\View\View->CodeIgniter\View\{closure}()
#3 C:\xampp\htdocs\spm\vendor\codeigniter4\framework\system\View\View.php(468): CodeIgniter\View\View->render('Modules\\ManageL...', NULL, true)
#4 C:\xampp\htdocs\spm\modules\ManageLayout\Views\layout.php(56): CodeIgniter\View\View->include('Modules\\ManageL...')
#5 C:\xampp\htdocs\spm\vendor\codeigniter4\framework\system\View\View.php(220): include('C:\\xampp\\htdocs...')
#6 C:\xampp\htdocs\spm\vendor\codeigniter4\framework\system\View\View.php(222): CodeIgniter\View\View->CodeIgniter\View\{closure}()
#7 C:\xampp\htdocs\spm\vendor\codeigniter4\framework\system\View\View.php(236): CodeIgniter\View\View->render('Modules\\ManageL...', Array, true)
#8 C:\xampp\htdocs\spm\vendor\codeigniter4\framework\system\Common.php(1217): CodeIgniter\View\View->render('Modules\\ManageL...', Array, true)
#9 C:\xampp\htdocs\spm\modules\ManageLayout\Controllers\Layout.php(35): view('Modules\\ManageL...', Array)
#10 C:\xampp\htdocs\spm\vendor\codeigniter4\framework\system\CodeIgniter.php(940): Modules\ManageLayout\Controllers\Layout->index()
#11 C:\xampp\htdocs\spm\vendor\codeigniter4\framework\system\CodeIgniter.php(436): CodeIgniter\CodeIgniter->runController(Object(Modules\ManageLayout\Controllers\Layout))
#12 C:\xampp\htdocs\spm\vendor\codeigniter4\framework\system\CodeIgniter.php(337): CodeIgniter\CodeIgniter->handleRequest(NULL, Object(Config\Cache), false)
#13 C:\xampp\htdocs\spm\public\index.php(44): CodeIgniter\CodeIgniter->run()
#14 C:\xampp\htdocs\spm\vendor\codeigniter4\framework\system\Commands\Server\rewrite.php(45): require_once('C:\\xampp\\htdocs...')
#15 {main}
CRITICAL - 2021-07-26 14:18:28 --> Undefined index: manage
#0 C:\xampp\htdocs\spm\modules\ManageMenu\Views\menu.php(266): CodeIgniter\Debug\Exceptions->errorHandler(8, 'Undefined index...', 'C:\\xampp\\htdocs...', 266, Array)
#1 C:\xampp\htdocs\spm\vendor\codeigniter4\framework\system\View\View.php(220): include('C:\\xampp\\htdocs...')
#2 C:\xampp\htdocs\spm\vendor\codeigniter4\framework\system\View\View.php(222): CodeIgniter\View\View->CodeIgniter\View\{closure}()
#3 C:\xampp\htdocs\spm\vendor\codeigniter4\framework\system\Common.php(1217): CodeIgniter\View\View->render('Modules\\ManageM...', Array, true)
#4 C:\xampp\htdocs\spm\modules\ManageMenu\Controllers\DataMenu.php(34): view('Modules\\ManageM...', Array)
#5 C:\xampp\htdocs\spm\vendor\codeigniter4\framework\system\CodeIgniter.php(940): Modules\ManageMenu\Controllers\DataMenu->menu()
#6 C:\xampp\htdocs\spm\vendor\codeigniter4\framework\system\CodeIgniter.php(436): CodeIgniter\CodeIgniter->runController(Object(Modules\ManageMenu\Controllers\DataMenu))
#7 C:\xampp\htdocs\spm\vendor\codeigniter4\framework\system\CodeIgniter.php(337): CodeIgniter\CodeIgniter->handleRequest(NULL, Object(Config\Cache), false)
#8 C:\xampp\htdocs\spm\public\index.php(44): CodeIgniter\CodeIgniter->run()
#9 C:\xampp\htdocs\spm\vendor\codeigniter4\framework\system\Commands\Server\rewrite.php(45): require_once('C:\\xampp\\htdocs...')
#10 {main}
CRITICAL - 2021-07-26 14:32:47 --> Call to undefined function has_permissions()
#0 C:\xampp\htdocs\spm\vendor\codeigniter4\framework\system\View\View.php(220): include()
#1 C:\xampp\htdocs\spm\vendor\codeigniter4\framework\system\View\View.php(222): CodeIgniter\View\View->CodeIgniter\View\{closure}()
#2 C:\xampp\htdocs\spm\vendor\codeigniter4\framework\system\View\View.php(468): CodeIgniter\View\View->render('Modules\\ManageL...', NULL, true)
#3 C:\xampp\htdocs\spm\modules\ManageLayout\Views\layout.php(56): CodeIgniter\View\View->include('Modules\\ManageL...')
#4 C:\xampp\htdocs\spm\vendor\codeigniter4\framework\system\View\View.php(220): include('C:\\xampp\\htdocs...')
#5 C:\xampp\htdocs\spm\vendor\codeigniter4\framework\system\View\View.php(222): CodeIgniter\View\View->CodeIgniter\View\{closure}()
#6 C:\xampp\htdocs\spm\vendor\codeigniter4\framework\system\View\View.php(236): CodeIgniter\View\View->render('Modules\\ManageL...', Array, true)
#7 C:\xampp\htdocs\spm\vendor\codeigniter4\framework\system\Common.php(1217): CodeIgniter\View\View->render('Modules\\ManageL...', Array, true)
#8 C:\xampp\htdocs\spm\modules\ManageLayout\Controllers\Layout.php(49): view('Modules\\ManageL...', Array)
#9 C:\xampp\htdocs\spm\vendor\codeigniter4\framework\system\CodeIgniter.php(940): Modules\ManageLayout\Controllers\Layout->index()
#10 C:\xampp\htdocs\spm\vendor\codeigniter4\framework\system\CodeIgniter.php(436): CodeIgniter\CodeIgniter->runController(Object(Modules\ManageLayout\Controllers\Layout))
#11 C:\xampp\htdocs\spm\vendor\codeigniter4\framework\system\CodeIgniter.php(337): CodeIgniter\CodeIgniter->handleRequest(NULL, Object(Config\Cache), false)
#12 C:\xampp\htdocs\spm\public\index.php(44): CodeIgniter\CodeIgniter->run()
#13 C:\xampp\htdocs\spm\vendor\codeigniter4\framework\system\Commands\Server\rewrite.php(45): require_once('C:\\xampp\\htdocs...')
#14 {main}
CRITICAL - 2021-07-26 14:56:32 --> Undefined index: nama_group
#0 C:\xampp\htdocs\spm\modules\ManageLayout\Views\sidebar.php(113): CodeIgniter\Debug\Exceptions->errorHandler(8, 'Undefined index...', 'C:\\xampp\\htdocs...', 113, Array)
#1 C:\xampp\htdocs\spm\vendor\codeigniter4\framework\system\View\View.php(220): include('C:\\xampp\\htdocs...')
#2 C:\xampp\htdocs\spm\vendor\codeigniter4\framework\system\View\View.php(222): CodeIgniter\View\View->CodeIgniter\View\{closure}()
#3 C:\xampp\htdocs\spm\vendor\codeigniter4\framework\system\View\View.php(468): CodeIgniter\View\View->render('Modules\\ManageL...', NULL, true)
#4 C:\xampp\htdocs\spm\modules\ManageLayout\Views\layout.php(56): CodeIgniter\View\View->include('Modules\\ManageL...')
#5 C:\xampp\htdocs\spm\vendor\codeigniter4\framework\system\View\View.php(220): include('C:\\xampp\\htdocs...')
#6 C:\xampp\htdocs\spm\vendor\codeigniter4\framework\system\View\View.php(222): CodeIgniter\View\View->CodeIgniter\View\{closure}()
#7 C:\xampp\htdocs\spm\vendor\codeigniter4\framework\system\View\View.php(236): CodeIgniter\View\View->render('Modules\\ManageL...', Array, true)
#8 C:\xampp\htdocs\spm\vendor\codeigniter4\framework\system\Common.php(1217): CodeIgniter\View\View->render('Modules\\ManageL...', Array, true)
#9 C:\xampp\htdocs\spm\modules\ManageLayout\Controllers\Layout.php(36): view('Modules\\ManageL...', Array)
#10 C:\xampp\htdocs\spm\vendor\codeigniter4\framework\system\CodeIgniter.php(940): Modules\ManageLayout\Controllers\Layout->index()
#11 C:\xampp\htdocs\spm\vendor\codeigniter4\framework\system\CodeIgniter.php(436): CodeIgniter\CodeIgniter->runController(Object(Modules\ManageLayout\Controllers\Layout))
#12 C:\xampp\htdocs\spm\vendor\codeigniter4\framework\system\CodeIgniter.php(337): CodeIgniter\CodeIgniter->handleRequest(NULL, Object(Config\Cache), false)
#13 C:\xampp\htdocs\spm\public\index.php(44): CodeIgniter\CodeIgniter->run()
#14 C:\xampp\htdocs\spm\vendor\codeigniter4\framework\system\Commands\Server\rewrite.php(45): require_once('C:\\xampp\\htdocs...')
#15 {main}
CRITICAL - 2021-07-26 14:58:33 --> Undefined variable: db
#0 C:\xampp\htdocs\spm\modules\ManageLayout\Controllers\Layout.php(30): CodeIgniter\Debug\Exceptions->errorHandler(8, 'Undefined varia...', 'C:\\xampp\\htdocs...', 30, Array)
#1 C:\xampp\htdocs\spm\vendor\codeigniter4\framework\system\CodeIgniter.php(940): Modules\ManageLayout\Controllers\Layout->index()
#2 C:\xampp\htdocs\spm\vendor\codeigniter4\framework\system\CodeIgniter.php(436): CodeIgniter\CodeIgniter->runController(Object(Modules\ManageLayout\Controllers\Layout))
#3 C:\xampp\htdocs\spm\vendor\codeigniter4\framework\system\CodeIgniter.php(337): CodeIgniter\CodeIgniter->handleRequest(NULL, Object(Config\Cache), false)
#4 C:\xampp\htdocs\spm\public\index.php(44): CodeIgniter\CodeIgniter->run()
#5 C:\xampp\htdocs\spm\vendor\codeigniter4\framework\system\Commands\Server\rewrite.php(45): require_once('C:\\xampp\\htdocs...')
#6 {main}
CRITICAL - 2021-07-26 15:14:23 --> Call to undefined method CodeIgniter\Database\MySQLi\Builder::no_urut()
#0 C:\xampp\htdocs\spm\vendor\codeigniter4\framework\system\View\View.php(220): include()
#1 C:\xampp\htdocs\spm\vendor\codeigniter4\framework\system\View\View.php(222): CodeIgniter\View\View->CodeIgniter\View\{closure}()
#2 C:\xampp\htdocs\spm\vendor\codeigniter4\framework\system\View\View.php(468): CodeIgniter\View\View->render('Modules\\ManageL...', NULL, true)
#3 C:\xampp\htdocs\spm\modules\ManageLayout\Views\layout.php(56): CodeIgniter\View\View->include('Modules\\ManageL...')
#4 C:\xampp\htdocs\spm\vendor\codeigniter4\framework\system\View\View.php(220): include('C:\\xampp\\htdocs...')
#5 C:\xampp\htdocs\spm\vendor\codeigniter4\framework\system\View\View.php(222): CodeIgniter\View\View->CodeIgniter\View\{closure}()
#6 C:\xampp\htdocs\spm\vendor\codeigniter4\framework\system\View\View.php(236): CodeIgniter\View\View->render('Modules\\ManageL...', Array, true)
#7 C:\xampp\htdocs\spm\vendor\codeigniter4\framework\system\Common.php(1217): CodeIgniter\View\View->render('Modules\\ManageL...', Array, true)
#8 C:\xampp\htdocs\spm\modules\ManageLayout\Controllers\Layout.php(36): view('Modules\\ManageL...', Array)
#9 C:\xampp\htdocs\spm\vendor\codeigniter4\framework\system\CodeIgniter.php(940): Modules\ManageLayout\Controllers\Layout->index()
#10 C:\xampp\htdocs\spm\vendor\codeigniter4\framework\system\CodeIgniter.php(436): CodeIgniter\CodeIgniter->runController(Object(Modules\ManageLayout\Controllers\Layout))
#11 C:\xampp\htdocs\spm\vendor\codeigniter4\framework\system\CodeIgniter.php(337): CodeIgniter\CodeIgniter->handleRequest(NULL, Object(Config\Cache), false)
#12 C:\xampp\htdocs\spm\public\index.php(44): CodeIgniter\CodeIgniter->run()
#13 C:\xampp\htdocs\spm\vendor\codeigniter4\framework\system\Commands\Server\rewrite.php(45): require_once('C:\\xampp\\htdocs...')
#14 {main}
CRITICAL - 2021-07-26 15:37:15 --> syntax error, unexpected ';', expecting ')'
#0 C:\xampp\htdocs\spm\vendor\codeigniter4\framework\system\View\View.php(222): CodeIgniter\View\View->CodeIgniter\View\{closure}()
#1 C:\xampp\htdocs\spm\vendor\codeigniter4\framework\system\View\View.php(468): CodeIgniter\View\View->render('Modules\\ManageL...', NULL, true)
#2 C:\xampp\htdocs\spm\modules\ManageLayout\Views\layout.php(56): CodeIgniter\View\View->include('Modules\\ManageL...')
#3 C:\xampp\htdocs\spm\vendor\codeigniter4\framework\system\View\View.php(220): include('C:\\xampp\\htdocs...')
#4 C:\xampp\htdocs\spm\vendor\codeigniter4\framework\system\View\View.php(222): CodeIgniter\View\View->CodeIgniter\View\{closure}()
#5 C:\xampp\htdocs\spm\vendor\codeigniter4\framework\system\View\View.php(236): CodeIgniter\View\View->render('Modules\\ManageL...', Array, true)
#6 C:\xampp\htdocs\spm\vendor\codeigniter4\framework\system\Common.php(1217): CodeIgniter\View\View->render('Modules\\ManageL...', Array, true)
#7 C:\xampp\htdocs\spm\modules\ManageLayout\Controllers\Layout.php(36): view('Modules\\ManageL...', Array)
#8 C:\xampp\htdocs\spm\vendor\codeigniter4\framework\system\CodeIgniter.php(940): Modules\ManageLayout\Controllers\Layout->index()
#9 C:\xampp\htdocs\spm\vendor\codeigniter4\framework\system\CodeIgniter.php(436): CodeIgniter\CodeIgniter->runController(Object(Modules\ManageLayout\Controllers\Layout))
#10 C:\xampp\htdocs\spm\vendor\codeigniter4\framework\system\CodeIgniter.php(337): CodeIgniter\CodeIgniter->handleRequest(NULL, Object(Config\Cache), false)
#11 C:\xampp\htdocs\spm\public\index.php(44): CodeIgniter\CodeIgniter->run()
#12 C:\xampp\htdocs\spm\vendor\codeigniter4\framework\system\Commands\Server\rewrite.php(45): require_once('C:\\xampp\\htdocs...')
#13 {main}
CRITICAL - 2021-07-26 15:51:21 --> Undefined variable: title
#0 C:\xampp\htdocs\spm\modules\ManageLayoutFront\Views\layout.php(8): CodeIgniter\Debug\Exceptions->errorHandler(8, 'Undefined varia...', 'C:\\xampp\\htdocs...', 8, Array)
#1 C:\xampp\htdocs\spm\vendor\codeigniter4\framework\system\View\View.php(220): include('C:\\xampp\\htdocs...')
#2 C:\xampp\htdocs\spm\vendor\codeigniter4\framework\system\View\View.php(222): CodeIgniter\View\View->CodeIgniter\View\{closure}()
#3 C:\xampp\htdocs\spm\vendor\codeigniter4\framework\system\View\View.php(236): CodeIgniter\View\View->render('Modules\\ManageL...', Array, true)
#4 C:\xampp\htdocs\spm\vendor\codeigniter4\framework\system\Common.php(1217): CodeIgniter\View\View->render('Modules\\ManageS...', Array, true)
#5 C:\xampp\htdocs\spm\modules\ManageSpmiFront\Controllers\DataSpmi.php(38): view('Modules\\ManageS...', Array)
#6 C:\xampp\htdocs\spm\vendor\codeigniter4\framework\system\CodeIgniter.php(940): Modules\ManageSpmiFront\Controllers\DataSpmi->index()
#7 C:\xampp\htdocs\spm\vendor\codeigniter4\framework\system\CodeIgniter.php(436): CodeIgniter\CodeIgniter->runController(Object(Modules\ManageSpmiFront\Controllers\DataSpmi))
#8 C:\xampp\htdocs\spm\vendor\codeigniter4\framework\system\CodeIgniter.php(337): CodeIgniter\CodeIgniter->handleRequest(NULL, Object(Config\Cache), false)
#9 C:\xampp\htdocs\spm\public\index.php(44): CodeIgniter\CodeIgniter->run()
#10 C:\xampp\htdocs\spm\vendor\codeigniter4\framework\system\Commands\Server\rewrite.php(45): require_once('C:\\xampp\\htdocs...')
#11 {main}
CRITICAL - 2021-07-26 15:52:51 --> Undefined variable: title
#0 C:\xampp\htdocs\spm\modules\ManageLayoutFront\Views\layout.php(8): CodeIgniter\Debug\Exceptions->errorHandler(8, 'Undefined varia...', 'C:\\xampp\\htdocs...', 8, Array)
#1 C:\xampp\htdocs\spm\vendor\codeigniter4\framework\system\View\View.php(220): include('C:\\xampp\\htdocs...')
#2 C:\xampp\htdocs\spm\vendor\codeigniter4\framework\system\View\View.php(222): CodeIgniter\View\View->CodeIgniter\View\{closure}()
#3 C:\xampp\htdocs\spm\vendor\codeigniter4\framework\system\View\View.php(236): CodeIgniter\View\View->render('Modules\\ManageL...', Array, true)
#4 C:\xampp\htdocs\spm\vendor\codeigniter4\framework\system\Common.php(1217): CodeIgniter\View\View->render('Modules\\ManageS...', Array, true)
#5 C:\xampp\htdocs\spm\modules\ManageSpmiFront\Controllers\DataSpmi.php(80): view('Modules\\ManageS...', Array)
#6 C:\xampp\htdocs\spm\vendor\codeigniter4\framework\system\CodeIgniter.php(940): Modules\ManageSpmiFront\Controllers\DataSpmi->tentang_spmi()
#7 C:\xampp\htdocs\spm\vendor\codeigniter4\framework\system\CodeIgniter.php(436): CodeIgniter\CodeIgniter->runController(Object(Modules\ManageSpmiFront\Controllers\DataSpmi))
#8 C:\xampp\htdocs\spm\vendor\codeigniter4\framework\system\CodeIgniter.php(337): CodeIgniter\CodeIgniter->handleRequest(NULL, Object(Config\Cache), false)
#9 C:\xampp\htdocs\spm\public\index.php(44): CodeIgniter\CodeIgniter->run()
#10 C:\xampp\htdocs\spm\vendor\codeigniter4\framework\system\Commands\Server\rewrite.php(45): require_once('C:\\xampp\\htdocs...')
#11 {main}
CRITICAL - 2021-07-26 15:58:29 --> Undefined index: image
#0 C:\xampp\htdocs\spm\modules\ManageSpmi\Views\dokumen_spmi.php(265): CodeIgniter\Debug\Exceptions->errorHandler(8, 'Undefined index...', 'C:\\xampp\\htdocs...', 265, Array)
#1 C:\xampp\htdocs\spm\vendor\codeigniter4\framework\system\View\View.php(220): include('C:\\xampp\\htdocs...')
#2 C:\xampp\htdocs\spm\vendor\codeigniter4\framework\system\View\View.php(222): CodeIgniter\View\View->CodeIgniter\View\{closure}()
#3 C:\xampp\htdocs\spm\vendor\codeigniter4\framework\system\Common.php(1217): CodeIgniter\View\View->render('Modules\\ManageS...', Array, true)
#4 C:\xampp\htdocs\spm\modules\ManageSpmi\Controllers\DataDokumen.php(35): view('Modules\\ManageS...', Array)
#5 C:\xampp\htdocs\spm\vendor\codeigniter4\framework\system\CodeIgniter.php(940): Modules\ManageSpmi\Controllers\DataDokumen->dokumen()
#6 C:\xampp\htdocs\spm\vendor\codeigniter4\framework\system\CodeIgniter.php(436): CodeIgniter\CodeIgniter->runController(Object(Modules\ManageSpmi\Controllers\DataDokumen))
#7 C:\xampp\htdocs\spm\vendor\codeigniter4\framework\system\CodeIgniter.php(337): CodeIgniter\CodeIgniter->handleRequest(NULL, Object(Config\Cache), false)
#8 C:\xampp\htdocs\spm\public\index.php(44): CodeIgniter\CodeIgniter->run()
#9 C:\xampp\htdocs\spm\vendor\codeigniter4\framework\system\Commands\Server\rewrite.php(45): require_once('C:\\xampp\\htdocs...')
#10 {main}
CRITICAL - 2021-07-26 16:02:19 --> Undefined index: dokumen
#0 C:\xampp\htdocs\spm\modules\ManageSpmi\Views\dokumen_spmi.php(273): CodeIgniter\Debug\Exceptions->errorHandler(8, 'Undefined index...', 'C:\\xampp\\htdocs...', 273, Array)
#1 C:\xampp\htdocs\spm\vendor\codeigniter4\framework\system\View\View.php(220): include('C:\\xampp\\htdocs...')
#2 C:\xampp\htdocs\spm\vendor\codeigniter4\framework\system\View\View.php(222): CodeIgniter\View\View->CodeIgniter\View\{closure}()
#3 C:\xampp\htdocs\spm\vendor\codeigniter4\framework\system\Common.php(1217): CodeIgniter\View\View->render('Modules\\ManageS...', Array, true)
#4 C:\xampp\htdocs\spm\modules\ManageSpmi\Controllers\DataDokumen.php(35): view('Modules\\ManageS...', Array)
#5 C:\xampp\htdocs\spm\vendor\codeigniter4\framework\system\CodeIgniter.php(940): Modules\ManageSpmi\Controllers\DataDokumen->dokumen()
#6 C:\xampp\htdocs\spm\vendor\codeigniter4\framework\system\CodeIgniter.php(436): CodeIgniter\CodeIgniter->runController(Object(Modules\ManageSpmi\Controllers\DataDokumen))
#7 C:\xampp\htdocs\spm\vendor\codeigniter4\framework\system\CodeIgniter.php(337): CodeIgniter\CodeIgniter->handleRequest(NULL, Object(Config\Cache), false)
#8 C:\xampp\htdocs\spm\public\index.php(44): CodeIgniter\CodeIgniter->run()
#9 C:\xampp\htdocs\spm\vendor\codeigniter4\framework\system\Commands\Server\rewrite.php(45): require_once('C:\\xampp\\htdocs...')
#10 {main}
CRITICAL - 2021-07-26 16:23:21 --> Undefined variable: img_slide
#0 C:\xampp\htdocs\spm\modules\ManageSpmi\Controllers\DataDokumen.php(158): CodeIgniter\Debug\Exceptions->errorHandler(8, 'Undefined varia...', 'C:\\xampp\\htdocs...', 158, Array)
#1 C:\xampp\htdocs\spm\vendor\codeigniter4\framework\system\CodeIgniter.php(940): Modules\ManageSpmi\Controllers\DataDokumen->dokumen_update()
#2 C:\xampp\htdocs\spm\vendor\codeigniter4\framework\system\CodeIgniter.php(436): CodeIgniter\CodeIgniter->runController(Object(Modules\ManageSpmi\Controllers\DataDokumen))
#3 C:\xampp\htdocs\spm\vendor\codeigniter4\framework\system\CodeIgniter.php(337): CodeIgniter\CodeIgniter->handleRequest(NULL, Object(Config\Cache), false)
#4 C:\xampp\htdocs\spm\public\index.php(44): CodeIgniter\CodeIgniter->run()
#5 C:\xampp\htdocs\spm\vendor\codeigniter4\framework\system\Commands\Server\rewrite.php(45): require_once('C:\\xampp\\htdocs...')
#6 {main}
CRITICAL - 2021-07-26 16:24:12 --> Call to a member function getError() on string
#0 C:\xampp\htdocs\spm\vendor\codeigniter4\framework\system\CodeIgniter.php(940): Modules\ManageSpmi\Controllers\DataDokumen->dokumen_update()
#1 C:\xampp\htdocs\spm\vendor\codeigniter4\framework\system\CodeIgniter.php(436): CodeIgniter\CodeIgniter->runController(Object(Modules\ManageSpmi\Controllers\DataDokumen))
#2 C:\xampp\htdocs\spm\vendor\codeigniter4\framework\system\CodeIgniter.php(337): CodeIgniter\CodeIgniter->handleRequest(NULL, Object(Config\Cache), false)
#3 C:\xampp\htdocs\spm\public\index.php(44): CodeIgniter\CodeIgniter->run()
#4 C:\xampp\htdocs\spm\vendor\codeigniter4\framework\system\Commands\Server\rewrite.php(45): require_once('C:\\xampp\\htdocs...')
#5 {main}
CRITICAL - 2021-07-26 16:24:31 --> Undefined variable: name_dokumen
#0 C:\xampp\htdocs\spm\modules\ManageSpmi\Controllers\DataDokumen.php(174): CodeIgniter\Debug\Exceptions->errorHandler(8, 'Undefined varia...', 'C:\\xampp\\htdocs...', 174, Array)
#1 C:\xampp\htdocs\spm\vendor\codeigniter4\framework\system\CodeIgniter.php(940): Modules\ManageSpmi\Controllers\DataDokumen->dokumen_update()
#2 C:\xampp\htdocs\spm\vendor\codeigniter4\framework\system\CodeIgniter.php(436): CodeIgniter\CodeIgniter->runController(Object(Modules\ManageSpmi\Controllers\DataDokumen))
#3 C:\xampp\htdocs\spm\vendor\codeigniter4\framework\system\CodeIgniter.php(337): CodeIgniter\CodeIgniter->handleRequest(NULL, Object(Config\Cache), false)
#4 C:\xampp\htdocs\spm\public\index.php(44): CodeIgniter\CodeIgniter->run()
#5 C:\xampp\htdocs\spm\vendor\codeigniter4\framework\system\Commands\Server\rewrite.php(45): require_once('C:\\xampp\\htdocs...')
#6 {main}
