CRITICAL - 2021-07-30 08:28:45 --> Undefined index: logo_website
#0 C:\xampp\htdocs\ptic\modules\ManageLayoutFront\Views\navbar.php(16): CodeIgniter\Debug\Exceptions->errorHandler(8, 'Undefined index...', 'C:\\xampp\\htdocs...', 16, Array)
#1 C:\xampp\htdocs\ptic\vendor\codeigniter4\framework\system\View\View.php(220): include('C:\\xampp\\htdocs...')
#2 C:\xampp\htdocs\ptic\vendor\codeigniter4\framework\system\View\View.php(222): CodeIgniter\View\View->CodeIgniter\View\{closure}()
#3 C:\xampp\htdocs\ptic\vendor\codeigniter4\framework\system\View\View.php(468): CodeIgniter\View\View->render('Modules\\ManageL...', NULL, true)
#4 C:\xampp\htdocs\ptic\modules\ManageLayoutFront\Views\layout.php(106): CodeIgniter\View\View->include('Modules\\ManageL...')
#5 C:\xampp\htdocs\ptic\vendor\codeigniter4\framework\system\View\View.php(220): include('C:\\xampp\\htdocs...')
#6 C:\xampp\htdocs\ptic\vendor\codeigniter4\framework\system\View\View.php(222): CodeIgniter\View\View->CodeIgniter\View\{closure}()
#7 C:\xampp\htdocs\ptic\vendor\codeigniter4\framework\system\View\View.php(236): CodeIgniter\View\View->render('Modules\\ManageL...', Array, true)
#8 C:\xampp\htdocs\ptic\vendor\codeigniter4\framework\system\Common.php(1217): CodeIgniter\View\View->render('Modules\\ManageL...', Array, true)
#9 C:\xampp\htdocs\ptic\modules\ManageLayoutFront\Controllers\Layout.php(31): view('Modules\\ManageL...', Array)
#10 C:\xampp\htdocs\ptic\vendor\codeigniter4\framework\system\CodeIgniter.php(940): Modules\ManageLayoutFront\Controllers\Layout->index()
#11 C:\xampp\htdocs\ptic\vendor\codeigniter4\framework\system\CodeIgniter.php(436): CodeIgniter\CodeIgniter->runController(Object(Modules\ManageLayoutFront\Controllers\Layout))
#12 C:\xampp\htdocs\ptic\vendor\codeigniter4\framework\system\CodeIgniter.php(337): CodeIgniter\CodeIgniter->handleRequest(NULL, Object(Config\Cache), false)
#13 C:\xampp\htdocs\ptic\public\index.php(44): CodeIgniter\CodeIgniter->run()
#14 C:\xampp\htdocs\ptic\vendor\codeigniter4\framework\system\Commands\Server\rewrite.php(45): require_once('C:\\xampp\\htdocs...')
#15 {main}
CRITICAL - 2021-07-30 08:48:02 --> Undefined variable: berita
#0 C:\xampp\htdocs\ptic\modules\ManageLayoutFront\Views\home.php(19): CodeIgniter\Debug\Exceptions->errorHandler(8, 'Undefined varia...', 'C:\\xampp\\htdocs...', 19, Array)
#1 C:\xampp\htdocs\ptic\vendor\codeigniter4\framework\system\View\View.php(220): include('C:\\xampp\\htdocs...')
#2 C:\xampp\htdocs\ptic\vendor\codeigniter4\framework\system\View\View.php(222): CodeIgniter\View\View->CodeIgniter\View\{closure}()
#3 C:\xampp\htdocs\ptic\vendor\codeigniter4\framework\system\Common.php(1217): CodeIgniter\View\View->render('Modules\\ManageL...', Array, true)
#4 C:\xampp\htdocs\ptic\modules\ManageLayoutFront\Controllers\Layout.php(32): view('Modules\\ManageL...', Array)
#5 C:\xampp\htdocs\ptic\vendor\codeigniter4\framework\system\CodeIgniter.php(940): Modules\ManageLayoutFront\Controllers\Layout->index()
#6 C:\xampp\htdocs\ptic\vendor\codeigniter4\framework\system\CodeIgniter.php(436): CodeIgniter\CodeIgniter->runController(Object(Modules\ManageLayoutFront\Controllers\Layout))
#7 C:\xampp\htdocs\ptic\vendor\codeigniter4\framework\system\CodeIgniter.php(337): CodeIgniter\CodeIgniter->handleRequest(NULL, Object(Config\Cache), false)
#8 C:\xampp\htdocs\ptic\public\index.php(44): CodeIgniter\CodeIgniter->run()
#9 C:\xampp\htdocs\ptic\vendor\codeigniter4\framework\system\Commands\Server\rewrite.php(45): require_once('C:\\xampp\\htdocs...')
#10 {main}
CRITICAL - 2021-07-30 08:48:28 --> Undefined variable: db
#0 C:\xampp\htdocs\ptic\modules\ManageLayoutFront\Views\navbar.php(12): CodeIgniter\Debug\Exceptions->errorHandler(8, 'Undefined varia...', 'C:\\xampp\\htdocs...', 12, Array)
#1 C:\xampp\htdocs\ptic\vendor\codeigniter4\framework\system\View\View.php(220): include('C:\\xampp\\htdocs...')
#2 C:\xampp\htdocs\ptic\vendor\codeigniter4\framework\system\View\View.php(222): CodeIgniter\View\View->CodeIgniter\View\{closure}()
#3 C:\xampp\htdocs\ptic\vendor\codeigniter4\framework\system\View\View.php(468): CodeIgniter\View\View->render('Modules\\ManageL...', NULL, true)
#4 C:\xampp\htdocs\ptic\modules\ManageLayoutFront\Views\layout.php(106): CodeIgniter\View\View->include('Modules\\ManageL...')
#5 C:\xampp\htdocs\ptic\vendor\codeigniter4\framework\system\View\View.php(220): include('C:\\xampp\\htdocs...')
#6 C:\xampp\htdocs\ptic\vendor\codeigniter4\framework\system\View\View.php(222): CodeIgniter\View\View->CodeIgniter\View\{closure}()
#7 C:\xampp\htdocs\ptic\vendor\codeigniter4\framework\system\View\View.php(236): CodeIgniter\View\View->render('Modules\\ManageL...', Array, true)
#8 C:\xampp\htdocs\ptic\vendor\codeigniter4\framework\system\Common.php(1217): CodeIgniter\View\View->render('Modules\\ManageL...', Array, true)
#9 C:\xampp\htdocs\ptic\modules\ManageLayoutFront\Controllers\Layout.php(33): view('Modules\\ManageL...', Array)
#10 C:\xampp\htdocs\ptic\vendor\codeigniter4\framework\system\CodeIgniter.php(940): Modules\ManageLayoutFront\Controllers\Layout->index()
#11 C:\xampp\htdocs\ptic\vendor\codeigniter4\framework\system\CodeIgniter.php(436): CodeIgniter\CodeIgniter->runController(Object(Modules\ManageLayoutFront\Controllers\Layout))
#12 C:\xampp\htdocs\ptic\vendor\codeigniter4\framework\system\CodeIgniter.php(337): CodeIgniter\CodeIgniter->handleRequest(NULL, Object(Config\Cache), false)
#13 C:\xampp\htdocs\ptic\public\index.php(44): CodeIgniter\CodeIgniter->run()
#14 C:\xampp\htdocs\ptic\vendor\codeigniter4\framework\system\Commands\Server\rewrite.php(45): require_once('C:\\xampp\\htdocs...')
#15 {main}
CRITICAL - 2021-07-30 09:08:48 --> Undefined variable: name_logo_website
#0 C:\xampp\htdocs\ptic\modules\ManageContact\Controllers\DataContact.php(149): CodeIgniter\Debug\Exceptions->errorHandler(8, 'Undefined varia...', 'C:\\xampp\\htdocs...', 149, Array)
#1 C:\xampp\htdocs\ptic\vendor\codeigniter4\framework\system\CodeIgniter.php(940): Modules\ManageContact\Controllers\DataContact->contact_update()
#2 C:\xampp\htdocs\ptic\vendor\codeigniter4\framework\system\CodeIgniter.php(436): CodeIgniter\CodeIgniter->runController(Object(Modules\ManageContact\Controllers\DataContact))
#3 C:\xampp\htdocs\ptic\vendor\codeigniter4\framework\system\CodeIgniter.php(337): CodeIgniter\CodeIgniter->handleRequest(NULL, Object(Config\Cache), false)
#4 C:\xampp\htdocs\ptic\public\index.php(44): CodeIgniter\CodeIgniter->run()
#5 C:\xampp\htdocs\ptic\vendor\codeigniter4\framework\system\Commands\Server\rewrite.php(45): require_once('C:\\xampp\\htdocs...')
#6 {main}
CRITICAL - 2021-07-30 09:09:13 --> Undefined variable: nama_logo_website2
#0 C:\xampp\htdocs\ptic\modules\ManageContact\Controllers\DataContact.php(149): CodeIgniter\Debug\Exceptions->errorHandler(8, 'Undefined varia...', 'C:\\xampp\\htdocs...', 149, Array)
#1 C:\xampp\htdocs\ptic\vendor\codeigniter4\framework\system\CodeIgniter.php(940): Modules\ManageContact\Controllers\DataContact->contact_update()
#2 C:\xampp\htdocs\ptic\vendor\codeigniter4\framework\system\CodeIgniter.php(436): CodeIgniter\CodeIgniter->runController(Object(Modules\ManageContact\Controllers\DataContact))
#3 C:\xampp\htdocs\ptic\vendor\codeigniter4\framework\system\CodeIgniter.php(337): CodeIgniter\CodeIgniter->handleRequest(NULL, Object(Config\Cache), false)
#4 C:\xampp\htdocs\ptic\public\index.php(44): CodeIgniter\CodeIgniter->run()
#5 C:\xampp\htdocs\ptic\vendor\codeigniter4\framework\system\Commands\Server\rewrite.php(45): require_once('C:\\xampp\\htdocs...')
#6 {main}
CRITICAL - 2021-07-30 10:08:02 --> Undefined variable: date
#0 C:\xampp\htdocs\ptic\modules\ManageBerita\Controllers\DataBerita.php(282): CodeIgniter\Debug\Exceptions->errorHandler(8, 'Undefined varia...', 'C:\\xampp\\htdocs...', 282, Array)
#1 C:\xampp\htdocs\ptic\vendor\codeigniter4\framework\system\CodeIgniter.php(940): Modules\ManageBerita\Controllers\DataBerita->berita_update()
#2 C:\xampp\htdocs\ptic\vendor\codeigniter4\framework\system\CodeIgniter.php(436): CodeIgniter\CodeIgniter->runController(Object(Modules\ManageBerita\Controllers\DataBerita))
#3 C:\xampp\htdocs\ptic\vendor\codeigniter4\framework\system\CodeIgniter.php(337): CodeIgniter\CodeIgniter->handleRequest(NULL, Object(Config\Cache), false)
#4 C:\xampp\htdocs\ptic\public\index.php(44): CodeIgniter\CodeIgniter->run()
#5 C:\xampp\htdocs\ptic\vendor\codeigniter4\framework\system\Commands\Server\rewrite.php(45): require_once('C:\\xampp\\htdocs...')
#6 {main}
ERROR - 2021-07-30 10:27:46 --> mysqli_sql_exception: Unknown column 'id_user_edit' in 'field list' in C:\xampp\htdocs\ptic\vendor\codeigniter4\framework\system\Database\MySQLi\Connection.php:314
Stack trace:
#0 C:\xampp\htdocs\ptic\vendor\codeigniter4\framework\system\Database\MySQLi\Connection.php(314): mysqli->query('SELECT `berita`...')
#1 C:\xampp\htdocs\ptic\vendor\codeigniter4\framework\system\Database\BaseConnection.php(713): CodeIgniter\Database\MySQLi\Connection->execute('SELECT `berita`...')
#2 C:\xampp\htdocs\ptic\vendor\codeigniter4\framework\system\Database\BaseConnection.php(641): CodeIgniter\Database\BaseConnection->simpleQuery('SELECT `berita`...')
#3 C:\xampp\htdocs\ptic\vendor\codeigniter4\framework\system\Database\BaseBuilder.php(1866): CodeIgniter\Database\BaseConnection->query('SELECT `berita`...', Array, false)
#4 C:\xampp\htdocs\ptic\modules\ManageBerita\Models\ModelBerita.php(28): CodeIgniter\Database\BaseBuilder->get()
#5 C:\xampp\htdocs\ptic\modules\ManageBerita\Controllers\DataBerita.php(25): Modules\ManageBerita\Models\ModelBerita->get_berita()
#6 C:\xampp\htdocs\ptic\vendor\codeigniter4\framework\system\CodeIgniter.php(940): Modules\ManageBerita\Controllers\DataBerita->berita()
#7 C:\xampp\htdocs\ptic\vendor\codeigniter4\framework\system\CodeIgniter.php(436): CodeIgniter\CodeIgniter->runController(Object(Modules\ManageBerita\Controllers\DataBerita))
#8 C:\xampp\htdocs\ptic\vendor\codeigniter4\framework\system\CodeIgniter.php(337): CodeIgniter\CodeIgniter->handleRequest(NULL, Object(Config\Cache), false)
#9 C:\xampp\htdocs\ptic\public\index.php(44): CodeIgniter\CodeIgniter->run()
#10 C:\xampp\htdocs\ptic\vendor\codeigniter4\framework\system\Commands\Server\rewrite.php(45): require_once('C:\\xampp\\htdocs...')
#11 {main}
CRITICAL - 2021-07-30 10:27:46 --> Unknown column 'id_user_edit' in 'field list'
#0 C:\xampp\htdocs\ptic\vendor\codeigniter4\framework\system\Database\MySQLi\Connection.php(314): mysqli->query('SELECT `berita`...')
#1 C:\xampp\htdocs\ptic\vendor\codeigniter4\framework\system\Database\BaseConnection.php(713): CodeIgniter\Database\MySQLi\Connection->execute('SELECT `berita`...')
#2 C:\xampp\htdocs\ptic\vendor\codeigniter4\framework\system\Database\BaseConnection.php(641): CodeIgniter\Database\BaseConnection->simpleQuery('SELECT `berita`...')
#3 C:\xampp\htdocs\ptic\vendor\codeigniter4\framework\system\Database\BaseBuilder.php(1866): CodeIgniter\Database\BaseConnection->query('SELECT `berita`...', Array, false)
#4 C:\xampp\htdocs\ptic\modules\ManageBerita\Models\ModelBerita.php(28): CodeIgniter\Database\BaseBuilder->get()
#5 C:\xampp\htdocs\ptic\modules\ManageBerita\Controllers\DataBerita.php(25): Modules\ManageBerita\Models\ModelBerita->get_berita()
#6 C:\xampp\htdocs\ptic\vendor\codeigniter4\framework\system\CodeIgniter.php(940): Modules\ManageBerita\Controllers\DataBerita->berita()
#7 C:\xampp\htdocs\ptic\vendor\codeigniter4\framework\system\CodeIgniter.php(436): CodeIgniter\CodeIgniter->runController(Object(Modules\ManageBerita\Controllers\DataBerita))
#8 C:\xampp\htdocs\ptic\vendor\codeigniter4\framework\system\CodeIgniter.php(337): CodeIgniter\CodeIgniter->handleRequest(NULL, Object(Config\Cache), false)
#9 C:\xampp\htdocs\ptic\public\index.php(44): CodeIgniter\CodeIgniter->run()
#10 C:\xampp\htdocs\ptic\vendor\codeigniter4\framework\system\Commands\Server\rewrite.php(45): require_once('C:\\xampp\\htdocs...')
#11 {main}
CRITICAL - 2021-07-30 10:37:35 --> Undefined index: master
#0 C:\xampp\htdocs\ptic\modules\ManageBerita\Views\berita.php(124): CodeIgniter\Debug\Exceptions->errorHandler(8, 'Undefined index...', 'C:\\xampp\\htdocs...', 124, Array)
#1 C:\xampp\htdocs\ptic\vendor\codeigniter4\framework\system\View\View.php(220): include('C:\\xampp\\htdocs...')
#2 C:\xampp\htdocs\ptic\vendor\codeigniter4\framework\system\View\View.php(222): CodeIgniter\View\View->CodeIgniter\View\{closure}()
#3 C:\xampp\htdocs\ptic\vendor\codeigniter4\framework\system\Common.php(1217): CodeIgniter\View\View->render('Modules\\ManageB...', Array, true)
#4 C:\xampp\htdocs\ptic\modules\ManageBerita\Controllers\DataBerita.php(40): view('Modules\\ManageB...', Array)
#5 C:\xampp\htdocs\ptic\vendor\codeigniter4\framework\system\CodeIgniter.php(940): Modules\ManageBerita\Controllers\DataBerita->berita()
#6 C:\xampp\htdocs\ptic\vendor\codeigniter4\framework\system\CodeIgniter.php(436): CodeIgniter\CodeIgniter->runController(Object(Modules\ManageBerita\Controllers\DataBerita))
#7 C:\xampp\htdocs\ptic\vendor\codeigniter4\framework\system\CodeIgniter.php(337): CodeIgniter\CodeIgniter->handleRequest(NULL, Object(Config\Cache), false)
#8 C:\xampp\htdocs\ptic\public\index.php(44): CodeIgniter\CodeIgniter->run()
#9 C:\xampp\htdocs\ptic\vendor\codeigniter4\framework\system\Commands\Server\rewrite.php(45): require_once('C:\\xampp\\htdocs...')
#10 {main}
CRITICAL - 2021-07-30 10:52:05 --> Call to undefined function Modules\ManageBerita\Controllers\generate_string()
#0 C:\xampp\htdocs\ptic\vendor\codeigniter4\framework\system\CodeIgniter.php(940): Modules\ManageBerita\Controllers\DataBerita->berita_save()
#1 C:\xampp\htdocs\ptic\vendor\codeigniter4\framework\system\CodeIgniter.php(436): CodeIgniter\CodeIgniter->runController(Object(Modules\ManageBerita\Controllers\DataBerita))
#2 C:\xampp\htdocs\ptic\vendor\codeigniter4\framework\system\CodeIgniter.php(337): CodeIgniter\CodeIgniter->handleRequest(NULL, Object(Config\Cache), false)
#3 C:\xampp\htdocs\ptic\public\index.php(44): CodeIgniter\CodeIgniter->run()
#4 C:\xampp\htdocs\ptic\vendor\codeigniter4\framework\system\Commands\Server\rewrite.php(45): require_once('C:\\xampp\\htdocs...')
#5 {main}
CRITICAL - 2021-07-30 10:58:40 --> Undefined index: kode_berita
#0 C:\xampp\htdocs\ptic\modules\ManageBerita\Views\berita.php(110): CodeIgniter\Debug\Exceptions->errorHandler(8, 'Undefined index...', 'C:\\xampp\\htdocs...', 110, Array)
#1 C:\xampp\htdocs\ptic\vendor\codeigniter4\framework\system\View\View.php(220): include('C:\\xampp\\htdocs...')
#2 C:\xampp\htdocs\ptic\vendor\codeigniter4\framework\system\View\View.php(222): CodeIgniter\View\View->CodeIgniter\View\{closure}()
#3 C:\xampp\htdocs\ptic\vendor\codeigniter4\framework\system\Common.php(1217): CodeIgniter\View\View->render('Modules\\ManageB...', Array, true)
#4 C:\xampp\htdocs\ptic\modules\ManageBerita\Controllers\DataBerita.php(40): view('Modules\\ManageB...', Array)
#5 C:\xampp\htdocs\ptic\vendor\codeigniter4\framework\system\CodeIgniter.php(940): Modules\ManageBerita\Controllers\DataBerita->berita()
#6 C:\xampp\htdocs\ptic\vendor\codeigniter4\framework\system\CodeIgniter.php(436): CodeIgniter\CodeIgniter->runController(Object(Modules\ManageBerita\Controllers\DataBerita))
#7 C:\xampp\htdocs\ptic\vendor\codeigniter4\framework\system\CodeIgniter.php(337): CodeIgniter\CodeIgniter->handleRequest(NULL, Object(Config\Cache), false)
#8 C:\xampp\htdocs\ptic\public\index.php(44): CodeIgniter\CodeIgniter->run()
#9 C:\xampp\htdocs\ptic\vendor\codeigniter4\framework\system\Commands\Server\rewrite.php(45): require_once('C:\\xampp\\htdocs...')
#10 {main}
ERROR - 2021-07-30 10:58:56 --> mysqli_sql_exception: Unknown column 'kode_berita' in 'where clause' in C:\xampp\htdocs\ptic\vendor\codeigniter4\framework\system\Database\MySQLi\Connection.php:314
Stack trace:
#0 C:\xampp\htdocs\ptic\vendor\codeigniter4\framework\system\Database\MySQLi\Connection.php(314): mysqli->query('SELECT COUNT(*)...')
#1 C:\xampp\htdocs\ptic\vendor\codeigniter4\framework\system\Database\BaseConnection.php(713): CodeIgniter\Database\MySQLi\Connection->execute('SELECT COUNT(*)...')
#2 C:\xampp\htdocs\ptic\vendor\codeigniter4\framework\system\Database\BaseConnection.php(641): CodeIgniter\Database\BaseConnection->simpleQuery('SELECT COUNT(*)...')
#3 C:\xampp\htdocs\ptic\vendor\codeigniter4\framework\system\Database\BaseBuilder.php(1966): CodeIgniter\Database\BaseConnection->query('SELECT COUNT(*)...', Array, false)
#4 C:\xampp\htdocs\ptic\modules\ManageBerita\Views\berita.php(111): CodeIgniter\Database\BaseBuilder->countAllResults()
#5 C:\xampp\htdocs\ptic\vendor\codeigniter4\framework\system\View\View.php(220): include('C:\\xampp\\htdocs...')
#6 C:\xampp\htdocs\ptic\vendor\codeigniter4\framework\system\View\View.php(222): CodeIgniter\View\View->CodeIgniter\View\{closure}()
#7 C:\xampp\htdocs\ptic\vendor\codeigniter4\framework\system\Common.php(1217): CodeIgniter\View\View->render('Modules\\ManageB...', Array, true)
#8 C:\xampp\htdocs\ptic\modules\ManageBerita\Controllers\DataBerita.php(40): view('Modules\\ManageB...', Array)
#9 C:\xampp\htdocs\ptic\vendor\codeigniter4\framework\system\CodeIgniter.php(940): Modules\ManageBerita\Controllers\DataBerita->berita()
#10 C:\xampp\htdocs\ptic\vendor\codeigniter4\framework\system\CodeIgniter.php(436): CodeIgniter\CodeIgniter->runController(Object(Modules\ManageBerita\Controllers\DataBerita))
#11 C:\xampp\htdocs\ptic\vendor\codeigniter4\framework\system\CodeIgniter.php(337): CodeIgniter\CodeIgniter->handleRequest(NULL, Object(Config\Cache), false)
#12 C:\xampp\htdocs\ptic\public\index.php(44): CodeIgniter\CodeIgniter->run()
#13 C:\xampp\htdocs\ptic\vendor\codeigniter4\framework\system\Commands\Server\rewrite.php(45): require_once('C:\\xampp\\htdocs...')
#14 {main}
CRITICAL - 2021-07-30 10:58:56 --> Unknown column 'kode_berita' in 'where clause'
#0 C:\xampp\htdocs\ptic\vendor\codeigniter4\framework\system\Database\MySQLi\Connection.php(314): mysqli->query('SELECT COUNT(*)...')
#1 C:\xampp\htdocs\ptic\vendor\codeigniter4\framework\system\Database\BaseConnection.php(713): CodeIgniter\Database\MySQLi\Connection->execute('SELECT COUNT(*)...')
#2 C:\xampp\htdocs\ptic\vendor\codeigniter4\framework\system\Database\BaseConnection.php(641): CodeIgniter\Database\BaseConnection->simpleQuery('SELECT COUNT(*)...')
#3 C:\xampp\htdocs\ptic\vendor\codeigniter4\framework\system\Database\BaseBuilder.php(1966): CodeIgniter\Database\BaseConnection->query('SELECT COUNT(*)...', Array, false)
#4 C:\xampp\htdocs\ptic\modules\ManageBerita\Views\berita.php(111): CodeIgniter\Database\BaseBuilder->countAllResults()
#5 C:\xampp\htdocs\ptic\vendor\codeigniter4\framework\system\View\View.php(220): include('C:\\xampp\\htdocs...')
#6 C:\xampp\htdocs\ptic\vendor\codeigniter4\framework\system\View\View.php(222): CodeIgniter\View\View->CodeIgniter\View\{closure}()
#7 C:\xampp\htdocs\ptic\vendor\codeigniter4\framework\system\Common.php(1217): CodeIgniter\View\View->render('Modules\\ManageB...', Array, true)
#8 C:\xampp\htdocs\ptic\modules\ManageBerita\Controllers\DataBerita.php(40): view('Modules\\ManageB...', Array)
#9 C:\xampp\htdocs\ptic\vendor\codeigniter4\framework\system\CodeIgniter.php(940): Modules\ManageBerita\Controllers\DataBerita->berita()
#10 C:\xampp\htdocs\ptic\vendor\codeigniter4\framework\system\CodeIgniter.php(436): CodeIgniter\CodeIgniter->runController(Object(Modules\ManageBerita\Controllers\DataBerita))
#11 C:\xampp\htdocs\ptic\vendor\codeigniter4\framework\system\CodeIgniter.php(337): CodeIgniter\CodeIgniter->handleRequest(NULL, Object(Config\Cache), false)
#12 C:\xampp\htdocs\ptic\public\index.php(44): CodeIgniter\CodeIgniter->run()
#13 C:\xampp\htdocs\ptic\vendor\codeigniter4\framework\system\Commands\Server\rewrite.php(45): require_once('C:\\xampp\\htdocs...')
#14 {main}
ERROR - 2021-07-30 10:59:05 --> mysqli_sql_exception: Unknown column 'kode_berita' in 'where clause' in C:\xampp\htdocs\ptic\vendor\codeigniter4\framework\system\Database\MySQLi\Connection.php:314
Stack trace:
#0 C:\xampp\htdocs\ptic\vendor\codeigniter4\framework\system\Database\MySQLi\Connection.php(314): mysqli->query('SELECT COUNT(*)...')
#1 C:\xampp\htdocs\ptic\vendor\codeigniter4\framework\system\Database\BaseConnection.php(713): CodeIgniter\Database\MySQLi\Connection->execute('SELECT COUNT(*)...')
#2 C:\xampp\htdocs\ptic\vendor\codeigniter4\framework\system\Database\BaseConnection.php(641): CodeIgniter\Database\BaseConnection->simpleQuery('SELECT COUNT(*)...')
#3 C:\xampp\htdocs\ptic\vendor\codeigniter4\framework\system\Database\BaseBuilder.php(1966): CodeIgniter\Database\BaseConnection->query('SELECT COUNT(*)...', Array, false)
#4 C:\xampp\htdocs\ptic\modules\ManageBerita\Views\berita.php(111): CodeIgniter\Database\BaseBuilder->countAllResults()
#5 C:\xampp\htdocs\ptic\vendor\codeigniter4\framework\system\View\View.php(220): include('C:\\xampp\\htdocs...')
#6 C:\xampp\htdocs\ptic\vendor\codeigniter4\framework\system\View\View.php(222): CodeIgniter\View\View->CodeIgniter\View\{closure}()
#7 C:\xampp\htdocs\ptic\vendor\codeigniter4\framework\system\Common.php(1217): CodeIgniter\View\View->render('Modules\\ManageB...', Array, true)
#8 C:\xampp\htdocs\ptic\modules\ManageBerita\Controllers\DataBerita.php(40): view('Modules\\ManageB...', Array)
#9 C:\xampp\htdocs\ptic\vendor\codeigniter4\framework\system\CodeIgniter.php(940): Modules\ManageBerita\Controllers\DataBerita->berita()
#10 C:\xampp\htdocs\ptic\vendor\codeigniter4\framework\system\CodeIgniter.php(436): CodeIgniter\CodeIgniter->runController(Object(Modules\ManageBerita\Controllers\DataBerita))
#11 C:\xampp\htdocs\ptic\vendor\codeigniter4\framework\system\CodeIgniter.php(337): CodeIgniter\CodeIgniter->handleRequest(NULL, Object(Config\Cache), false)
#12 C:\xampp\htdocs\ptic\public\index.php(44): CodeIgniter\CodeIgniter->run()
#13 C:\xampp\htdocs\ptic\vendor\codeigniter4\framework\system\Commands\Server\rewrite.php(45): require_once('C:\\xampp\\htdocs...')
#14 {main}
CRITICAL - 2021-07-30 10:59:05 --> Unknown column 'kode_berita' in 'where clause'
#0 C:\xampp\htdocs\ptic\vendor\codeigniter4\framework\system\Database\MySQLi\Connection.php(314): mysqli->query('SELECT COUNT(*)...')
#1 C:\xampp\htdocs\ptic\vendor\codeigniter4\framework\system\Database\BaseConnection.php(713): CodeIgniter\Database\MySQLi\Connection->execute('SELECT COUNT(*)...')
#2 C:\xampp\htdocs\ptic\vendor\codeigniter4\framework\system\Database\BaseConnection.php(641): CodeIgniter\Database\BaseConnection->simpleQuery('SELECT COUNT(*)...')
#3 C:\xampp\htdocs\ptic\vendor\codeigniter4\framework\system\Database\BaseBuilder.php(1966): CodeIgniter\Database\BaseConnection->query('SELECT COUNT(*)...', Array, false)
#4 C:\xampp\htdocs\ptic\modules\ManageBerita\Views\berita.php(111): CodeIgniter\Database\BaseBuilder->countAllResults()
#5 C:\xampp\htdocs\ptic\vendor\codeigniter4\framework\system\View\View.php(220): include('C:\\xampp\\htdocs...')
#6 C:\xampp\htdocs\ptic\vendor\codeigniter4\framework\system\View\View.php(222): CodeIgniter\View\View->CodeIgniter\View\{closure}()
#7 C:\xampp\htdocs\ptic\vendor\codeigniter4\framework\system\Common.php(1217): CodeIgniter\View\View->render('Modules\\ManageB...', Array, true)
#8 C:\xampp\htdocs\ptic\modules\ManageBerita\Controllers\DataBerita.php(40): view('Modules\\ManageB...', Array)
#9 C:\xampp\htdocs\ptic\vendor\codeigniter4\framework\system\CodeIgniter.php(940): Modules\ManageBerita\Controllers\DataBerita->berita()
#10 C:\xampp\htdocs\ptic\vendor\codeigniter4\framework\system\CodeIgniter.php(436): CodeIgniter\CodeIgniter->runController(Object(Modules\ManageBerita\Controllers\DataBerita))
#11 C:\xampp\htdocs\ptic\vendor\codeigniter4\framework\system\CodeIgniter.php(337): CodeIgniter\CodeIgniter->handleRequest(NULL, Object(Config\Cache), false)
#12 C:\xampp\htdocs\ptic\public\index.php(44): CodeIgniter\CodeIgniter->run()
#13 C:\xampp\htdocs\ptic\vendor\codeigniter4\framework\system\Commands\Server\rewrite.php(45): require_once('C:\\xampp\\htdocs...')
#14 {main}
CRITICAL - 2021-07-30 11:14:07 --> Undefined variable: count
#0 C:\xampp\htdocs\ptic\modules\ManageBerita\Views\berita_editors.php(110): CodeIgniter\Debug\Exceptions->errorHandler(8, 'Undefined varia...', 'C:\\xampp\\htdocs...', 110, Array)
#1 C:\xampp\htdocs\ptic\vendor\codeigniter4\framework\system\View\View.php(220): include('C:\\xampp\\htdocs...')
#2 C:\xampp\htdocs\ptic\vendor\codeigniter4\framework\system\View\View.php(222): CodeIgniter\View\View->CodeIgniter\View\{closure}()
#3 C:\xampp\htdocs\ptic\vendor\codeigniter4\framework\system\Common.php(1217): CodeIgniter\View\View->render('Modules\\ManageB...', Array, true)
#4 C:\xampp\htdocs\ptic\modules\ManageBerita\Controllers\DataBerita.php(53): view('Modules\\ManageB...', Array)
#5 C:\xampp\htdocs\ptic\vendor\codeigniter4\framework\system\CodeIgniter.php(940): Modules\ManageBerita\Controllers\DataBerita->berita_editors('1627617186GISRD...')
#6 C:\xampp\htdocs\ptic\vendor\codeigniter4\framework\system\CodeIgniter.php(436): CodeIgniter\CodeIgniter->runController(Object(Modules\ManageBerita\Controllers\DataBerita))
#7 C:\xampp\htdocs\ptic\vendor\codeigniter4\framework\system\CodeIgniter.php(337): CodeIgniter\CodeIgniter->handleRequest(NULL, Object(Config\Cache), false)
#8 C:\xampp\htdocs\ptic\public\index.php(44): CodeIgniter\CodeIgniter->run()
#9 C:\xampp\htdocs\ptic\vendor\codeigniter4\framework\system\Commands\Server\rewrite.php(45): require_once('C:\\xampp\\htdocs...')
#10 {main}
CRITICAL - 2021-07-30 11:18:17 --> Trying to access array offset on value of type null
#0 C:\xampp\htdocs\ptic\modules\ManageBerita\Views\berita_edit.php(83): CodeIgniter\Debug\Exceptions->errorHandler(8, 'Trying to acces...', 'C:\\xampp\\htdocs...', 83, Array)
#1 C:\xampp\htdocs\ptic\vendor\codeigniter4\framework\system\View\View.php(220): include('C:\\xampp\\htdocs...')
#2 C:\xampp\htdocs\ptic\vendor\codeigniter4\framework\system\View\View.php(222): CodeIgniter\View\View->CodeIgniter\View\{closure}()
#3 C:\xampp\htdocs\ptic\vendor\codeigniter4\framework\system\Common.php(1217): CodeIgniter\View\View->render('Modules\\ManageB...', Array, true)
#4 C:\xampp\htdocs\ptic\modules\ManageBerita\Controllers\DataBerita.php(88): view('Modules\\ManageB...', Array)
#5 C:\xampp\htdocs\ptic\vendor\codeigniter4\framework\system\CodeIgniter.php(940): Modules\ManageBerita\Controllers\DataBerita->berita_edit('828f0b4960bb645...')
#6 C:\xampp\htdocs\ptic\vendor\codeigniter4\framework\system\CodeIgniter.php(436): CodeIgniter\CodeIgniter->runController(Object(Modules\ManageBerita\Controllers\DataBerita))
#7 C:\xampp\htdocs\ptic\vendor\codeigniter4\framework\system\CodeIgniter.php(337): CodeIgniter\CodeIgniter->handleRequest(NULL, Object(Config\Cache), false)
#8 C:\xampp\htdocs\ptic\public\index.php(44): CodeIgniter\CodeIgniter->run()
#9 C:\xampp\htdocs\ptic\vendor\codeigniter4\framework\system\Commands\Server\rewrite.php(45): require_once('C:\\xampp\\htdocs...')
#10 {main}
CRITICAL - 2021-07-30 11:18:25 --> Trying to access array offset on value of type null
#0 C:\xampp\htdocs\ptic\modules\ManageBerita\Views\berita_edit.php(83): CodeIgniter\Debug\Exceptions->errorHandler(8, 'Trying to acces...', 'C:\\xampp\\htdocs...', 83, Array)
#1 C:\xampp\htdocs\ptic\vendor\codeigniter4\framework\system\View\View.php(220): include('C:\\xampp\\htdocs...')
#2 C:\xampp\htdocs\ptic\vendor\codeigniter4\framework\system\View\View.php(222): CodeIgniter\View\View->CodeIgniter\View\{closure}()
#3 C:\xampp\htdocs\ptic\vendor\codeigniter4\framework\system\Common.php(1217): CodeIgniter\View\View->render('Modules\\ManageB...', Array, true)
#4 C:\xampp\htdocs\ptic\modules\ManageBerita\Controllers\DataBerita.php(88): view('Modules\\ManageB...', Array)
#5 C:\xampp\htdocs\ptic\vendor\codeigniter4\framework\system\CodeIgniter.php(940): Modules\ManageBerita\Controllers\DataBerita->berita_edit('828f0b4960bb645...')
#6 C:\xampp\htdocs\ptic\vendor\codeigniter4\framework\system\CodeIgniter.php(436): CodeIgniter\CodeIgniter->runController(Object(Modules\ManageBerita\Controllers\DataBerita))
#7 C:\xampp\htdocs\ptic\vendor\codeigniter4\framework\system\CodeIgniter.php(337): CodeIgniter\CodeIgniter->handleRequest(NULL, Object(Config\Cache), false)
#8 C:\xampp\htdocs\ptic\public\index.php(44): CodeIgniter\CodeIgniter->run()
#9 C:\xampp\htdocs\ptic\vendor\codeigniter4\framework\system\Commands\Server\rewrite.php(45): require_once('C:\\xampp\\htdocs...')
#10 {main}
CRITICAL - 2021-07-30 11:18:38 --> Trying to access array offset on value of type null
#0 C:\xampp\htdocs\ptic\modules\ManageBerita\Views\berita_edit.php(83): CodeIgniter\Debug\Exceptions->errorHandler(8, 'Trying to acces...', 'C:\\xampp\\htdocs...', 83, Array)
#1 C:\xampp\htdocs\ptic\vendor\codeigniter4\framework\system\View\View.php(220): include('C:\\xampp\\htdocs...')
#2 C:\xampp\htdocs\ptic\vendor\codeigniter4\framework\system\View\View.php(222): CodeIgniter\View\View->CodeIgniter\View\{closure}()
#3 C:\xampp\htdocs\ptic\vendor\codeigniter4\framework\system\Common.php(1217): CodeIgniter\View\View->render('Modules\\ManageB...', Array, true)
#4 C:\xampp\htdocs\ptic\modules\ManageBerita\Controllers\DataBerita.php(88): view('Modules\\ManageB...', Array)
#5 C:\xampp\htdocs\ptic\vendor\codeigniter4\framework\system\CodeIgniter.php(940): Modules\ManageBerita\Controllers\DataBerita->berita_edit('63c9ae98dcef177...')
#6 C:\xampp\htdocs\ptic\vendor\codeigniter4\framework\system\CodeIgniter.php(436): CodeIgniter\CodeIgniter->runController(Object(Modules\ManageBerita\Controllers\DataBerita))
#7 C:\xampp\htdocs\ptic\vendor\codeigniter4\framework\system\CodeIgniter.php(337): CodeIgniter\CodeIgniter->handleRequest(NULL, Object(Config\Cache), false)
#8 C:\xampp\htdocs\ptic\public\index.php(44): CodeIgniter\CodeIgniter->run()
#9 C:\xampp\htdocs\ptic\vendor\codeigniter4\framework\system\Commands\Server\rewrite.php(45): require_once('C:\\xampp\\htdocs...')
#10 {main}
CRITICAL - 2021-07-30 11:18:40 --> Trying to access array offset on value of type null
#0 C:\xampp\htdocs\ptic\modules\ManageBerita\Views\berita_edit.php(83): CodeIgniter\Debug\Exceptions->errorHandler(8, 'Trying to acces...', 'C:\\xampp\\htdocs...', 83, Array)
#1 C:\xampp\htdocs\ptic\vendor\codeigniter4\framework\system\View\View.php(220): include('C:\\xampp\\htdocs...')
#2 C:\xampp\htdocs\ptic\vendor\codeigniter4\framework\system\View\View.php(222): CodeIgniter\View\View->CodeIgniter\View\{closure}()
#3 C:\xampp\htdocs\ptic\vendor\codeigniter4\framework\system\Common.php(1217): CodeIgniter\View\View->render('Modules\\ManageB...', Array, true)
#4 C:\xampp\htdocs\ptic\modules\ManageBerita\Controllers\DataBerita.php(88): view('Modules\\ManageB...', Array)
#5 C:\xampp\htdocs\ptic\vendor\codeigniter4\framework\system\CodeIgniter.php(940): Modules\ManageBerita\Controllers\DataBerita->berita_edit('63c9ae98dcef177...')
#6 C:\xampp\htdocs\ptic\vendor\codeigniter4\framework\system\CodeIgniter.php(436): CodeIgniter\CodeIgniter->runController(Object(Modules\ManageBerita\Controllers\DataBerita))
#7 C:\xampp\htdocs\ptic\vendor\codeigniter4\framework\system\CodeIgniter.php(337): CodeIgniter\CodeIgniter->handleRequest(NULL, Object(Config\Cache), false)
#8 C:\xampp\htdocs\ptic\public\index.php(44): CodeIgniter\CodeIgniter->run()
#9 C:\xampp\htdocs\ptic\vendor\codeigniter4\framework\system\Commands\Server\rewrite.php(45): require_once('C:\\xampp\\htdocs...')
#10 {main}
ERROR - 2021-07-30 11:36:31 --> mysqli_sql_exception: Unknown column 'status' in 'field list' in C:\xampp\htdocs\ptic\vendor\codeigniter4\framework\system\Database\MySQLi\Connection.php:314
Stack trace:
#0 C:\xampp\htdocs\ptic\vendor\codeigniter4\framework\system\Database\MySQLi\Connection.php(314): mysqli->query('UPDATE `berita`...')
#1 C:\xampp\htdocs\ptic\vendor\codeigniter4\framework\system\Database\BaseConnection.php(713): CodeIgniter\Database\MySQLi\Connection->execute('UPDATE `berita`...')
#2 C:\xampp\htdocs\ptic\vendor\codeigniter4\framework\system\Database\BaseConnection.php(641): CodeIgniter\Database\BaseConnection->simpleQuery('UPDATE `berita`...')
#3 C:\xampp\htdocs\ptic\vendor\codeigniter4\framework\system\Database\BaseBuilder.php(2468): CodeIgniter\Database\BaseConnection->query('UPDATE `berita`...', Array, false)
#4 C:\xampp\htdocs\ptic\modules\ManageBerita\Models\ModelBerita.php(201): CodeIgniter\Database\BaseBuilder->update(Array)
#5 C:\xampp\htdocs\ptic\modules\ManageBerita\Controllers\DataBerita.php(304): Modules\ManageBerita\Models\ModelBerita->edit_post('e6ed6a19311d516...', '1627617186GISRD...')
#6 C:\xampp\htdocs\ptic\vendor\codeigniter4\framework\system\CodeIgniter.php(940): Modules\ManageBerita\Controllers\DataBerita->berita_update()
#7 C:\xampp\htdocs\ptic\vendor\codeigniter4\framework\system\CodeIgniter.php(436): CodeIgniter\CodeIgniter->runController(Object(Modules\ManageBerita\Controllers\DataBerita))
#8 C:\xampp\htdocs\ptic\vendor\codeigniter4\framework\system\CodeIgniter.php(337): CodeIgniter\CodeIgniter->handleRequest(NULL, Object(Config\Cache), false)
#9 C:\xampp\htdocs\ptic\public\index.php(44): CodeIgniter\CodeIgniter->run()
#10 C:\xampp\htdocs\ptic\vendor\codeigniter4\framework\system\Commands\Server\rewrite.php(45): require_once('C:\\xampp\\htdocs...')
#11 {main}
CRITICAL - 2021-07-30 11:36:31 --> Unknown column 'status' in 'field list'
#0 C:\xampp\htdocs\ptic\vendor\codeigniter4\framework\system\Database\MySQLi\Connection.php(314): mysqli->query('UPDATE `berita`...')
#1 C:\xampp\htdocs\ptic\vendor\codeigniter4\framework\system\Database\BaseConnection.php(713): CodeIgniter\Database\MySQLi\Connection->execute('UPDATE `berita`...')
#2 C:\xampp\htdocs\ptic\vendor\codeigniter4\framework\system\Database\BaseConnection.php(641): CodeIgniter\Database\BaseConnection->simpleQuery('UPDATE `berita`...')
#3 C:\xampp\htdocs\ptic\vendor\codeigniter4\framework\system\Database\BaseBuilder.php(2468): CodeIgniter\Database\BaseConnection->query('UPDATE `berita`...', Array, false)
#4 C:\xampp\htdocs\ptic\modules\ManageBerita\Models\ModelBerita.php(201): CodeIgniter\Database\BaseBuilder->update(Array)
#5 C:\xampp\htdocs\ptic\modules\ManageBerita\Controllers\DataBerita.php(304): Modules\ManageBerita\Models\ModelBerita->edit_post('e6ed6a19311d516...', '1627617186GISRD...')
#6 C:\xampp\htdocs\ptic\vendor\codeigniter4\framework\system\CodeIgniter.php(940): Modules\ManageBerita\Controllers\DataBerita->berita_update()
#7 C:\xampp\htdocs\ptic\vendor\codeigniter4\framework\system\CodeIgniter.php(436): CodeIgniter\CodeIgniter->runController(Object(Modules\ManageBerita\Controllers\DataBerita))
#8 C:\xampp\htdocs\ptic\vendor\codeigniter4\framework\system\CodeIgniter.php(337): CodeIgniter\CodeIgniter->handleRequest(NULL, Object(Config\Cache), false)
#9 C:\xampp\htdocs\ptic\public\index.php(44): CodeIgniter\CodeIgniter->run()
#10 C:\xampp\htdocs\ptic\vendor\codeigniter4\framework\system\Commands\Server\rewrite.php(45): require_once('C:\\xampp\\htdocs...')
#11 {main}
CRITICAL - 2021-07-30 11:44:36 --> syntax error, unexpected '?>'
#0 C:\xampp\htdocs\ptic\vendor\codeigniter4\framework\system\View\View.php(222): CodeIgniter\View\View->CodeIgniter\View\{closure}()
#1 C:\xampp\htdocs\ptic\vendor\codeigniter4\framework\system\Common.php(1217): CodeIgniter\View\View->render('Modules\\ManageB...', Array, true)
#2 C:\xampp\htdocs\ptic\modules\ManageBerita\Controllers\DataBerita.php(36): view('Modules\\ManageB...', Array)
#3 C:\xampp\htdocs\ptic\vendor\codeigniter4\framework\system\CodeIgniter.php(940): Modules\ManageBerita\Controllers\DataBerita->berita()
#4 C:\xampp\htdocs\ptic\vendor\codeigniter4\framework\system\CodeIgniter.php(436): CodeIgniter\CodeIgniter->runController(Object(Modules\ManageBerita\Controllers\DataBerita))
#5 C:\xampp\htdocs\ptic\vendor\codeigniter4\framework\system\CodeIgniter.php(337): CodeIgniter\CodeIgniter->handleRequest(NULL, Object(Config\Cache), false)
#6 C:\xampp\htdocs\ptic\public\index.php(44): CodeIgniter\CodeIgniter->run()
#7 C:\xampp\htdocs\ptic\vendor\codeigniter4\framework\system\Commands\Server\rewrite.php(45): require_once('C:\\xampp\\htdocs...')
#8 {main}
CRITICAL - 2021-07-30 11:45:13 --> syntax error, unexpected '?>'
#0 C:\xampp\htdocs\ptic\vendor\codeigniter4\framework\system\View\View.php(222): CodeIgniter\View\View->CodeIgniter\View\{closure}()
#1 C:\xampp\htdocs\ptic\vendor\codeigniter4\framework\system\Common.php(1217): CodeIgniter\View\View->render('Modules\\ManageB...', Array, true)
#2 C:\xampp\htdocs\ptic\modules\ManageBerita\Controllers\DataBerita.php(36): view('Modules\\ManageB...', Array)
#3 C:\xampp\htdocs\ptic\vendor\codeigniter4\framework\system\CodeIgniter.php(940): Modules\ManageBerita\Controllers\DataBerita->berita()
#4 C:\xampp\htdocs\ptic\vendor\codeigniter4\framework\system\CodeIgniter.php(436): CodeIgniter\CodeIgniter->runController(Object(Modules\ManageBerita\Controllers\DataBerita))
#5 C:\xampp\htdocs\ptic\vendor\codeigniter4\framework\system\CodeIgniter.php(337): CodeIgniter\CodeIgniter->handleRequest(NULL, Object(Config\Cache), false)
#6 C:\xampp\htdocs\ptic\public\index.php(44): CodeIgniter\CodeIgniter->run()
#7 C:\xampp\htdocs\ptic\vendor\codeigniter4\framework\system\Commands\Server\rewrite.php(45): require_once('C:\\xampp\\htdocs...')
#8 {main}
CRITICAL - 2021-07-30 11:45:15 --> syntax error, unexpected '?>'
#0 C:\xampp\htdocs\ptic\vendor\codeigniter4\framework\system\View\View.php(222): CodeIgniter\View\View->CodeIgniter\View\{closure}()
#1 C:\xampp\htdocs\ptic\vendor\codeigniter4\framework\system\Common.php(1217): CodeIgniter\View\View->render('Modules\\ManageB...', Array, true)
#2 C:\xampp\htdocs\ptic\modules\ManageBerita\Controllers\DataBerita.php(36): view('Modules\\ManageB...', Array)
#3 C:\xampp\htdocs\ptic\vendor\codeigniter4\framework\system\CodeIgniter.php(940): Modules\ManageBerita\Controllers\DataBerita->berita()
#4 C:\xampp\htdocs\ptic\vendor\codeigniter4\framework\system\CodeIgniter.php(436): CodeIgniter\CodeIgniter->runController(Object(Modules\ManageBerita\Controllers\DataBerita))
#5 C:\xampp\htdocs\ptic\vendor\codeigniter4\framework\system\CodeIgniter.php(337): CodeIgniter\CodeIgniter->handleRequest(NULL, Object(Config\Cache), false)
#6 C:\xampp\htdocs\ptic\public\index.php(44): CodeIgniter\CodeIgniter->run()
#7 C:\xampp\htdocs\ptic\vendor\codeigniter4\framework\system\Commands\Server\rewrite.php(45): require_once('C:\\xampp\\htdocs...')
#8 {main}
CRITICAL - 2021-07-30 14:10:34 --> Undefined index: id_prov
#0 C:\xampp\htdocs\ptic\modules\ManageBerita\Views\berita_edit.php(162): CodeIgniter\Debug\Exceptions->errorHandler(8, 'Undefined index...', 'C:\\xampp\\htdocs...', 162, Array)
#1 C:\xampp\htdocs\ptic\vendor\codeigniter4\framework\system\View\View.php(220): include('C:\\xampp\\htdocs...')
#2 C:\xampp\htdocs\ptic\vendor\codeigniter4\framework\system\View\View.php(222): CodeIgniter\View\View->CodeIgniter\View\{closure}()
#3 C:\xampp\htdocs\ptic\vendor\codeigniter4\framework\system\Common.php(1217): CodeIgniter\View\View->render('Modules\\ManageB...', Array, true)
#4 C:\xampp\htdocs\ptic\modules\ManageBerita\Controllers\DataBerita.php(96): view('Modules\\ManageB...', Array)
#5 C:\xampp\htdocs\ptic\vendor\codeigniter4\framework\system\CodeIgniter.php(940): Modules\ManageBerita\Controllers\DataBerita->berita_edit('9e8363670f2ecac...')
#6 C:\xampp\htdocs\ptic\vendor\codeigniter4\framework\system\CodeIgniter.php(436): CodeIgniter\CodeIgniter->runController(Object(Modules\ManageBerita\Controllers\DataBerita))
#7 C:\xampp\htdocs\ptic\vendor\codeigniter4\framework\system\CodeIgniter.php(337): CodeIgniter\CodeIgniter->handleRequest(NULL, Object(Config\Cache), false)
#8 C:\xampp\htdocs\ptic\public\index.php(44): CodeIgniter\CodeIgniter->run()
#9 C:\xampp\htdocs\ptic\vendor\codeigniter4\framework\system\Commands\Server\rewrite.php(45): require_once('C:\\xampp\\htdocs...')
#10 {main}
CRITICAL - 2021-07-30 14:27:55 --> Trying to access array offset on value of type null
#0 C:\xampp\htdocs\ptic\modules\ManageBerita\Controllers\DataBerita.php(81): CodeIgniter\Debug\Exceptions->errorHandler(8, 'Trying to acces...', 'C:\\xampp\\htdocs...', 81, Array)
#1 C:\xampp\htdocs\ptic\vendor\codeigniter4\framework\system\CodeIgniter.php(940): Modules\ManageBerita\Controllers\DataBerita->berita_edit('df5e0672ae90d16...')
#2 C:\xampp\htdocs\ptic\vendor\codeigniter4\framework\system\CodeIgniter.php(436): CodeIgniter\CodeIgniter->runController(Object(Modules\ManageBerita\Controllers\DataBerita))
#3 C:\xampp\htdocs\ptic\vendor\codeigniter4\framework\system\CodeIgniter.php(337): CodeIgniter\CodeIgniter->handleRequest(NULL, Object(Config\Cache), false)
#4 C:\xampp\htdocs\ptic\public\index.php(44): CodeIgniter\CodeIgniter->run()
#5 C:\xampp\htdocs\ptic\vendor\codeigniter4\framework\system\Commands\Server\rewrite.php(45): require_once('C:\\xampp\\htdocs...')
#6 {main}
CRITICAL - 2021-07-30 14:35:57 --> Undefined variable: id_status
#0 C:\xampp\htdocs\ptic\modules\ManageBerita\Controllers\DataBerita.php(355): CodeIgniter\Debug\Exceptions->errorHandler(8, 'Undefined varia...', 'C:\\xampp\\htdocs...', 355, Array)
#1 C:\xampp\htdocs\ptic\vendor\codeigniter4\framework\system\CodeIgniter.php(940): Modules\ManageBerita\Controllers\DataBerita->berita_update()
#2 C:\xampp\htdocs\ptic\vendor\codeigniter4\framework\system\CodeIgniter.php(436): CodeIgniter\CodeIgniter->runController(Object(Modules\ManageBerita\Controllers\DataBerita))
#3 C:\xampp\htdocs\ptic\vendor\codeigniter4\framework\system\CodeIgniter.php(337): CodeIgniter\CodeIgniter->handleRequest(NULL, Object(Config\Cache), false)
#4 C:\xampp\htdocs\ptic\public\index.php(44): CodeIgniter\CodeIgniter->run()
#5 C:\xampp\htdocs\ptic\vendor\codeigniter4\framework\system\Commands\Server\rewrite.php(45): require_once('C:\\xampp\\htdocs...')
#6 {main}
CRITICAL - 2021-07-30 14:42:33 --> Trying to access array offset on value of type null
#0 C:\xampp\htdocs\ptic\modules\ManageBerita\Controllers\DataBerita.php(81): CodeIgniter\Debug\Exceptions->errorHandler(8, 'Trying to acces...', 'C:\\xampp\\htdocs...', 81, Array)
#1 C:\xampp\htdocs\ptic\vendor\codeigniter4\framework\system\CodeIgniter.php(940): Modules\ManageBerita\Controllers\DataBerita->berita_edit('d8ade779b8da09b...')
#2 C:\xampp\htdocs\ptic\vendor\codeigniter4\framework\system\CodeIgniter.php(436): CodeIgniter\CodeIgniter->runController(Object(Modules\ManageBerita\Controllers\DataBerita))
#3 C:\xampp\htdocs\ptic\vendor\codeigniter4\framework\system\CodeIgniter.php(337): CodeIgniter\CodeIgniter->handleRequest(NULL, Object(Config\Cache), false)
#4 C:\xampp\htdocs\ptic\public\index.php(44): CodeIgniter\CodeIgniter->run()
#5 C:\xampp\htdocs\ptic\vendor\codeigniter4\framework\system\Commands\Server\rewrite.php(45): require_once('C:\\xampp\\htdocs...')
#6 {main}
CRITICAL - 2021-07-30 14:52:55 --> Undefined variable: user
#0 C:\xampp\htdocs\ptic\modules\ManageBerita\Models\ModelBerita.php(128): CodeIgniter\Debug\Exceptions->errorHandler(8, 'Undefined varia...', 'C:\\xampp\\htdocs...', 128, Array)
#1 C:\xampp\htdocs\ptic\modules\ManageBerita\Controllers\DataBerita.php(225): Modules\ManageBerita\Models\ModelBerita->save_berita('Sarasehan Darin...', 'sarasehan-darin...', '<p>Pada hari Ka...', '1', '2', '0', 'default.png', '2021-07-30 14:5...', '2021-07-30', '162763157534W45...', '13', '198')
#2 C:\xampp\htdocs\ptic\vendor\codeigniter4\framework\system\CodeIgniter.php(940): Modules\ManageBerita\Controllers\DataBerita->berita_save()
#3 C:\xampp\htdocs\ptic\vendor\codeigniter4\framework\system\CodeIgniter.php(436): CodeIgniter\CodeIgniter->runController(Object(Modules\ManageBerita\Controllers\DataBerita))
#4 C:\xampp\htdocs\ptic\vendor\codeigniter4\framework\system\CodeIgniter.php(337): CodeIgniter\CodeIgniter->handleRequest(NULL, Object(Config\Cache), false)
#5 C:\xampp\htdocs\ptic\public\index.php(44): CodeIgniter\CodeIgniter->run()
#6 C:\xampp\htdocs\ptic\vendor\codeigniter4\framework\system\Commands\Server\rewrite.php(45): require_once('C:\\xampp\\htdocs...')
#7 {main}
CRITICAL - 2021-07-30 14:59:08 --> Trying to access array offset on value of type null
#0 C:\xampp\htdocs\ptic\modules\ManageBerita\Controllers\DataBerita.php(81): CodeIgniter\Debug\Exceptions->errorHandler(8, 'Trying to acces...', 'C:\\xampp\\htdocs...', 81, Array)
#1 C:\xampp\htdocs\ptic\vendor\codeigniter4\framework\system\CodeIgniter.php(940): Modules\ManageBerita\Controllers\DataBerita->berita_edit('ebc2f4231f34b17...')
#2 C:\xampp\htdocs\ptic\vendor\codeigniter4\framework\system\CodeIgniter.php(436): CodeIgniter\CodeIgniter->runController(Object(Modules\ManageBerita\Controllers\DataBerita))
#3 C:\xampp\htdocs\ptic\vendor\codeigniter4\framework\system\CodeIgniter.php(337): CodeIgniter\CodeIgniter->handleRequest(NULL, Object(Config\Cache), false)
#4 C:\xampp\htdocs\ptic\public\index.php(44): CodeIgniter\CodeIgniter->run()
#5 C:\xampp\htdocs\ptic\vendor\codeigniter4\framework\system\Commands\Server\rewrite.php(45): require_once('C:\\xampp\\htdocs...')
#6 {main}
CRITICAL - 2021-07-30 15:16:32 --> Undefined index: id_master
#0 C:\xampp\htdocs\ptic\modules\ManageBerita\Views\berita_editors.php(120): CodeIgniter\Debug\Exceptions->errorHandler(8, 'Undefined index...', 'C:\\xampp\\htdocs...', 120, Array)
#1 C:\xampp\htdocs\ptic\vendor\codeigniter4\framework\system\View\View.php(220): include('C:\\xampp\\htdocs...')
#2 C:\xampp\htdocs\ptic\vendor\codeigniter4\framework\system\View\View.php(222): CodeIgniter\View\View->CodeIgniter\View\{closure}()
#3 C:\xampp\htdocs\ptic\vendor\codeigniter4\framework\system\Common.php(1217): CodeIgniter\View\View->render('Modules\\ManageB...', Array, true)
#4 C:\xampp\htdocs\ptic\modules\ManageBerita\Controllers\DataBerita.php(53): view('Modules\\ManageB...', Array)
#5 C:\xampp\htdocs\ptic\vendor\codeigniter4\framework\system\CodeIgniter.php(940): Modules\ManageBerita\Controllers\DataBerita->berita_editors('1627631595KXXNF...')
#6 C:\xampp\htdocs\ptic\vendor\codeigniter4\framework\system\CodeIgniter.php(436): CodeIgniter\CodeIgniter->runController(Object(Modules\ManageBerita\Controllers\DataBerita))
#7 C:\xampp\htdocs\ptic\vendor\codeigniter4\framework\system\CodeIgniter.php(337): CodeIgniter\CodeIgniter->handleRequest(NULL, Object(Config\Cache), false)
#8 C:\xampp\htdocs\ptic\public\index.php(44): CodeIgniter\CodeIgniter->run()
#9 C:\xampp\htdocs\ptic\vendor\codeigniter4\framework\system\Commands\Server\rewrite.php(45): require_once('C:\\xampp\\htdocs...')
#10 {main}
CRITICAL - 2021-07-30 15:16:51 --> Undefined index: id_master
#0 C:\xampp\htdocs\ptic\modules\ManageBerita\Views\berita_editors.php(120): CodeIgniter\Debug\Exceptions->errorHandler(8, 'Undefined index...', 'C:\\xampp\\htdocs...', 120, Array)
#1 C:\xampp\htdocs\ptic\vendor\codeigniter4\framework\system\View\View.php(220): include('C:\\xampp\\htdocs...')
#2 C:\xampp\htdocs\ptic\vendor\codeigniter4\framework\system\View\View.php(222): CodeIgniter\View\View->CodeIgniter\View\{closure}()
#3 C:\xampp\htdocs\ptic\vendor\codeigniter4\framework\system\Common.php(1217): CodeIgniter\View\View->render('Modules\\ManageB...', Array, true)
#4 C:\xampp\htdocs\ptic\modules\ManageBerita\Controllers\DataBerita.php(53): view('Modules\\ManageB...', Array)
#5 C:\xampp\htdocs\ptic\vendor\codeigniter4\framework\system\CodeIgniter.php(940): Modules\ManageBerita\Controllers\DataBerita->berita_editors('1627631595KXXNF...')
#6 C:\xampp\htdocs\ptic\vendor\codeigniter4\framework\system\CodeIgniter.php(436): CodeIgniter\CodeIgniter->runController(Object(Modules\ManageBerita\Controllers\DataBerita))
#7 C:\xampp\htdocs\ptic\vendor\codeigniter4\framework\system\CodeIgniter.php(337): CodeIgniter\CodeIgniter->handleRequest(NULL, Object(Config\Cache), false)
#8 C:\xampp\htdocs\ptic\public\index.php(44): CodeIgniter\CodeIgniter->run()
#9 C:\xampp\htdocs\ptic\vendor\codeigniter4\framework\system\Commands\Server\rewrite.php(45): require_once('C:\\xampp\\htdocs...')
#10 {main}
CRITICAL - 2021-07-30 15:16:53 --> Undefined index: id_master
#0 C:\xampp\htdocs\ptic\modules\ManageBerita\Views\berita_editors.php(120): CodeIgniter\Debug\Exceptions->errorHandler(8, 'Undefined index...', 'C:\\xampp\\htdocs...', 120, Array)
#1 C:\xampp\htdocs\ptic\vendor\codeigniter4\framework\system\View\View.php(220): include('C:\\xampp\\htdocs...')
#2 C:\xampp\htdocs\ptic\vendor\codeigniter4\framework\system\View\View.php(222): CodeIgniter\View\View->CodeIgniter\View\{closure}()
#3 C:\xampp\htdocs\ptic\vendor\codeigniter4\framework\system\Common.php(1217): CodeIgniter\View\View->render('Modules\\ManageB...', Array, true)
#4 C:\xampp\htdocs\ptic\modules\ManageBerita\Controllers\DataBerita.php(53): view('Modules\\ManageB...', Array)
#5 C:\xampp\htdocs\ptic\vendor\codeigniter4\framework\system\CodeIgniter.php(940): Modules\ManageBerita\Controllers\DataBerita->berita_editors('1627631595KXXNF...')
#6 C:\xampp\htdocs\ptic\vendor\codeigniter4\framework\system\CodeIgniter.php(436): CodeIgniter\CodeIgniter->runController(Object(Modules\ManageBerita\Controllers\DataBerita))
#7 C:\xampp\htdocs\ptic\vendor\codeigniter4\framework\system\CodeIgniter.php(337): CodeIgniter\CodeIgniter->handleRequest(NULL, Object(Config\Cache), false)
#8 C:\xampp\htdocs\ptic\public\index.php(44): CodeIgniter\CodeIgniter->run()
#9 C:\xampp\htdocs\ptic\vendor\codeigniter4\framework\system\Commands\Server\rewrite.php(45): require_once('C:\\xampp\\htdocs...')
#10 {main}
CRITICAL - 2021-07-30 15:25:12 --> syntax error, unexpected 'or' (T_LOGICAL_OR)
#0 C:\xampp\htdocs\ptic\vendor\codeigniter4\framework\system\View\View.php(222): CodeIgniter\View\View->CodeIgniter\View\{closure}()
#1 C:\xampp\htdocs\ptic\vendor\codeigniter4\framework\system\Common.php(1217): CodeIgniter\View\View->render('Modules\\ManageB...', Array, true)
#2 C:\xampp\htdocs\ptic\modules\ManageBerita\Controllers\DataBerita.php(53): view('Modules\\ManageB...', Array)
#3 C:\xampp\htdocs\ptic\vendor\codeigniter4\framework\system\CodeIgniter.php(940): Modules\ManageBerita\Controllers\DataBerita->berita_editors('1627631595KXXNF...')
#4 C:\xampp\htdocs\ptic\vendor\codeigniter4\framework\system\CodeIgniter.php(436): CodeIgniter\CodeIgniter->runController(Object(Modules\ManageBerita\Controllers\DataBerita))
#5 C:\xampp\htdocs\ptic\vendor\codeigniter4\framework\system\CodeIgniter.php(337): CodeIgniter\CodeIgniter->handleRequest(NULL, Object(Config\Cache), false)
#6 C:\xampp\htdocs\ptic\public\index.php(44): CodeIgniter\CodeIgniter->run()
#7 C:\xampp\htdocs\ptic\vendor\codeigniter4\framework\system\Commands\Server\rewrite.php(45): require_once('C:\\xampp\\htdocs...')
#8 {main}
CRITICAL - 2021-07-30 15:46:42 --> syntax error, unexpected '?>'
#0 C:\xampp\htdocs\ptic\vendor\codeigniter4\framework\system\View\View.php(222): CodeIgniter\View\View->CodeIgniter\View\{closure}()
#1 C:\xampp\htdocs\ptic\vendor\codeigniter4\framework\system\Common.php(1217): CodeIgniter\View\View->render('Modules\\ManageB...', Array, true)
#2 C:\xampp\htdocs\ptic\modules\ManageBerita\Controllers\DataBerita.php(53): view('Modules\\ManageB...', Array)
#3 C:\xampp\htdocs\ptic\vendor\codeigniter4\framework\system\CodeIgniter.php(940): Modules\ManageBerita\Controllers\DataBerita->berita_editors('1627631711CJIZV...')
#4 C:\xampp\htdocs\ptic\vendor\codeigniter4\framework\system\CodeIgniter.php(436): CodeIgniter\CodeIgniter->runController(Object(Modules\ManageBerita\Controllers\DataBerita))
#5 C:\xampp\htdocs\ptic\vendor\codeigniter4\framework\system\CodeIgniter.php(337): CodeIgniter\CodeIgniter->handleRequest(NULL, Object(Config\Cache), false)
#6 C:\xampp\htdocs\ptic\public\index.php(44): CodeIgniter\CodeIgniter->run()
#7 C:\xampp\htdocs\ptic\vendor\codeigniter4\framework\system\Commands\Server\rewrite.php(45): require_once('C:\\xampp\\htdocs...')
#8 {main}
