ERROR - 2021-12-09 08:35:42 --> mysqli_sql_exception: Unknown column 'bulan' in 'where clause' in C:\xampp\htdocs\github\master\vendor\codeigniter4\framework\system\Database\MySQLi\Connection.php:314
Stack trace:
#0 C:\xampp\htdocs\github\master\vendor\codeigniter4\framework\system\Database\MySQLi\Connection.php(314): mysqli->query('SELECT COUNT(*)...')
#1 C:\xampp\htdocs\github\master\vendor\codeigniter4\framework\system\Database\BaseConnection.php(713): CodeIgniter\Database\MySQLi\Connection->execute('SELECT COUNT(*)...')
#2 C:\xampp\htdocs\github\master\vendor\codeigniter4\framework\system\Database\BaseConnection.php(641): CodeIgniter\Database\BaseConnection->simpleQuery('SELECT COUNT(*)...')
#3 C:\xampp\htdocs\github\master\vendor\codeigniter4\framework\system\Database\BaseBuilder.php(1966): CodeIgniter\Database\BaseConnection->query('SELECT COUNT(*)...', Array, false)
#4 C:\xampp\htdocs\github\master\modules\TikTok\Controllers\DataLaporanVideo.php(281): CodeIgniter\Database\BaseBuilder->countAllResults()
#5 C:\xampp\htdocs\github\master\vendor\codeigniter4\framework\system\CodeIgniter.php(940): Modules\TikTok\Controllers\DataLaporanVideo->ratingsave()
#6 C:\xampp\htdocs\github\master\vendor\codeigniter4\framework\system\CodeIgniter.php(436): CodeIgniter\CodeIgniter->runController(Object(Modules\TikTok\Controllers\DataLaporanVideo))
#7 C:\xampp\htdocs\github\master\vendor\codeigniter4\framework\system\CodeIgniter.php(337): CodeIgniter\CodeIgniter->handleRequest(NULL, Object(Config\Cache), false)
#8 C:\xampp\htdocs\github\master\public\index.php(44): CodeIgniter\CodeIgniter->run()
#9 C:\xampp\htdocs\github\master\vendor\codeigniter4\framework\system\Commands\Server\rewrite.php(45): require_once('C:\\xampp\\htdocs...')
#10 {main}
CRITICAL - 2021-12-09 08:35:42 --> Unknown column 'bulan' in 'where clause'
#0 C:\xampp\htdocs\github\master\vendor\codeigniter4\framework\system\Database\MySQLi\Connection.php(314): mysqli->query('SELECT COUNT(*)...')
#1 C:\xampp\htdocs\github\master\vendor\codeigniter4\framework\system\Database\BaseConnection.php(713): CodeIgniter\Database\MySQLi\Connection->execute('SELECT COUNT(*)...')
#2 C:\xampp\htdocs\github\master\vendor\codeigniter4\framework\system\Database\BaseConnection.php(641): CodeIgniter\Database\BaseConnection->simpleQuery('SELECT COUNT(*)...')
#3 C:\xampp\htdocs\github\master\vendor\codeigniter4\framework\system\Database\BaseBuilder.php(1966): CodeIgniter\Database\BaseConnection->query('SELECT COUNT(*)...', Array, false)
#4 C:\xampp\htdocs\github\master\modules\TikTok\Controllers\DataLaporanVideo.php(281): CodeIgniter\Database\BaseBuilder->countAllResults()
#5 C:\xampp\htdocs\github\master\vendor\codeigniter4\framework\system\CodeIgniter.php(940): Modules\TikTok\Controllers\DataLaporanVideo->ratingsave()
#6 C:\xampp\htdocs\github\master\vendor\codeigniter4\framework\system\CodeIgniter.php(436): CodeIgniter\CodeIgniter->runController(Object(Modules\TikTok\Controllers\DataLaporanVideo))
#7 C:\xampp\htdocs\github\master\vendor\codeigniter4\framework\system\CodeIgniter.php(337): CodeIgniter\CodeIgniter->handleRequest(NULL, Object(Config\Cache), false)
#8 C:\xampp\htdocs\github\master\public\index.php(44): CodeIgniter\CodeIgniter->run()
#9 C:\xampp\htdocs\github\master\vendor\codeigniter4\framework\system\Commands\Server\rewrite.php(45): require_once('C:\\xampp\\htdocs...')
#10 {main}
ERROR - 2021-12-09 08:35:44 --> mysqli_sql_exception: Unknown column 'bulan' in 'where clause' in C:\xampp\htdocs\github\master\vendor\codeigniter4\framework\system\Database\MySQLi\Connection.php:314
Stack trace:
#0 C:\xampp\htdocs\github\master\vendor\codeigniter4\framework\system\Database\MySQLi\Connection.php(314): mysqli->query('SELECT COUNT(*)...')
#1 C:\xampp\htdocs\github\master\vendor\codeigniter4\framework\system\Database\BaseConnection.php(713): CodeIgniter\Database\MySQLi\Connection->execute('SELECT COUNT(*)...')
#2 C:\xampp\htdocs\github\master\vendor\codeigniter4\framework\system\Database\BaseConnection.php(641): CodeIgniter\Database\BaseConnection->simpleQuery('SELECT COUNT(*)...')
#3 C:\xampp\htdocs\github\master\vendor\codeigniter4\framework\system\Database\BaseBuilder.php(1966): CodeIgniter\Database\BaseConnection->query('SELECT COUNT(*)...', Array, false)
#4 C:\xampp\htdocs\github\master\modules\TikTok\Controllers\DataLaporanVideo.php(281): CodeIgniter\Database\BaseBuilder->countAllResults()
#5 C:\xampp\htdocs\github\master\vendor\codeigniter4\framework\system\CodeIgniter.php(940): Modules\TikTok\Controllers\DataLaporanVideo->ratingsave()
#6 C:\xampp\htdocs\github\master\vendor\codeigniter4\framework\system\CodeIgniter.php(436): CodeIgniter\CodeIgniter->runController(Object(Modules\TikTok\Controllers\DataLaporanVideo))
#7 C:\xampp\htdocs\github\master\vendor\codeigniter4\framework\system\CodeIgniter.php(337): CodeIgniter\CodeIgniter->handleRequest(NULL, Object(Config\Cache), false)
#8 C:\xampp\htdocs\github\master\public\index.php(44): CodeIgniter\CodeIgniter->run()
#9 C:\xampp\htdocs\github\master\vendor\codeigniter4\framework\system\Commands\Server\rewrite.php(45): require_once('C:\\xampp\\htdocs...')
#10 {main}
CRITICAL - 2021-12-09 08:35:44 --> Unknown column 'bulan' in 'where clause'
#0 C:\xampp\htdocs\github\master\vendor\codeigniter4\framework\system\Database\MySQLi\Connection.php(314): mysqli->query('SELECT COUNT(*)...')
#1 C:\xampp\htdocs\github\master\vendor\codeigniter4\framework\system\Database\BaseConnection.php(713): CodeIgniter\Database\MySQLi\Connection->execute('SELECT COUNT(*)...')
#2 C:\xampp\htdocs\github\master\vendor\codeigniter4\framework\system\Database\BaseConnection.php(641): CodeIgniter\Database\BaseConnection->simpleQuery('SELECT COUNT(*)...')
#3 C:\xampp\htdocs\github\master\vendor\codeigniter4\framework\system\Database\BaseBuilder.php(1966): CodeIgniter\Database\BaseConnection->query('SELECT COUNT(*)...', Array, false)
#4 C:\xampp\htdocs\github\master\modules\TikTok\Controllers\DataLaporanVideo.php(281): CodeIgniter\Database\BaseBuilder->countAllResults()
#5 C:\xampp\htdocs\github\master\vendor\codeigniter4\framework\system\CodeIgniter.php(940): Modules\TikTok\Controllers\DataLaporanVideo->ratingsave()
#6 C:\xampp\htdocs\github\master\vendor\codeigniter4\framework\system\CodeIgniter.php(436): CodeIgniter\CodeIgniter->runController(Object(Modules\TikTok\Controllers\DataLaporanVideo))
#7 C:\xampp\htdocs\github\master\vendor\codeigniter4\framework\system\CodeIgniter.php(337): CodeIgniter\CodeIgniter->handleRequest(NULL, Object(Config\Cache), false)
#8 C:\xampp\htdocs\github\master\public\index.php(44): CodeIgniter\CodeIgniter->run()
#9 C:\xampp\htdocs\github\master\vendor\codeigniter4\framework\system\Commands\Server\rewrite.php(45): require_once('C:\\xampp\\htdocs...')
#10 {main}
ERROR - 2021-12-09 08:35:51 --> mysqli_sql_exception: Unknown column 'bulan' in 'where clause' in C:\xampp\htdocs\github\master\vendor\codeigniter4\framework\system\Database\MySQLi\Connection.php:314
Stack trace:
#0 C:\xampp\htdocs\github\master\vendor\codeigniter4\framework\system\Database\MySQLi\Connection.php(314): mysqli->query('SELECT COUNT(*)...')
#1 C:\xampp\htdocs\github\master\vendor\codeigniter4\framework\system\Database\BaseConnection.php(713): CodeIgniter\Database\MySQLi\Connection->execute('SELECT COUNT(*)...')
#2 C:\xampp\htdocs\github\master\vendor\codeigniter4\framework\system\Database\BaseConnection.php(641): CodeIgniter\Database\BaseConnection->simpleQuery('SELECT COUNT(*)...')
#3 C:\xampp\htdocs\github\master\vendor\codeigniter4\framework\system\Database\BaseBuilder.php(1966): CodeIgniter\Database\BaseConnection->query('SELECT COUNT(*)...', Array, false)
#4 C:\xampp\htdocs\github\master\modules\TikTok\Controllers\DataLaporanVideo.php(281): CodeIgniter\Database\BaseBuilder->countAllResults()
#5 C:\xampp\htdocs\github\master\vendor\codeigniter4\framework\system\CodeIgniter.php(940): Modules\TikTok\Controllers\DataLaporanVideo->ratingsave()
#6 C:\xampp\htdocs\github\master\vendor\codeigniter4\framework\system\CodeIgniter.php(436): CodeIgniter\CodeIgniter->runController(Object(Modules\TikTok\Controllers\DataLaporanVideo))
#7 C:\xampp\htdocs\github\master\vendor\codeigniter4\framework\system\CodeIgniter.php(337): CodeIgniter\CodeIgniter->handleRequest(NULL, Object(Config\Cache), false)
#8 C:\xampp\htdocs\github\master\public\index.php(44): CodeIgniter\CodeIgniter->run()
#9 C:\xampp\htdocs\github\master\vendor\codeigniter4\framework\system\Commands\Server\rewrite.php(45): require_once('C:\\xampp\\htdocs...')
#10 {main}
CRITICAL - 2021-12-09 08:35:51 --> Unknown column 'bulan' in 'where clause'
#0 C:\xampp\htdocs\github\master\vendor\codeigniter4\framework\system\Database\MySQLi\Connection.php(314): mysqli->query('SELECT COUNT(*)...')
#1 C:\xampp\htdocs\github\master\vendor\codeigniter4\framework\system\Database\BaseConnection.php(713): CodeIgniter\Database\MySQLi\Connection->execute('SELECT COUNT(*)...')
#2 C:\xampp\htdocs\github\master\vendor\codeigniter4\framework\system\Database\BaseConnection.php(641): CodeIgniter\Database\BaseConnection->simpleQuery('SELECT COUNT(*)...')
#3 C:\xampp\htdocs\github\master\vendor\codeigniter4\framework\system\Database\BaseBuilder.php(1966): CodeIgniter\Database\BaseConnection->query('SELECT COUNT(*)...', Array, false)
#4 C:\xampp\htdocs\github\master\modules\TikTok\Controllers\DataLaporanVideo.php(281): CodeIgniter\Database\BaseBuilder->countAllResults()
#5 C:\xampp\htdocs\github\master\vendor\codeigniter4\framework\system\CodeIgniter.php(940): Modules\TikTok\Controllers\DataLaporanVideo->ratingsave()
#6 C:\xampp\htdocs\github\master\vendor\codeigniter4\framework\system\CodeIgniter.php(436): CodeIgniter\CodeIgniter->runController(Object(Modules\TikTok\Controllers\DataLaporanVideo))
#7 C:\xampp\htdocs\github\master\vendor\codeigniter4\framework\system\CodeIgniter.php(337): CodeIgniter\CodeIgniter->handleRequest(NULL, Object(Config\Cache), false)
#8 C:\xampp\htdocs\github\master\public\index.php(44): CodeIgniter\CodeIgniter->run()
#9 C:\xampp\htdocs\github\master\vendor\codeigniter4\framework\system\Commands\Server\rewrite.php(45): require_once('C:\\xampp\\htdocs...')
#10 {main}
CRITICAL - 2021-12-09 08:59:54 --> Call to undefined method App\Models\ModelMaster::tabel
#0 C:\xampp\htdocs\github\master\modules\TikTok\Controllers\DataLaporanVideo.php(297): CodeIgniter\Model->__call('tabel', Array)
#1 C:\xampp\htdocs\github\master\vendor\codeigniter4\framework\system\CodeIgniter.php(940): Modules\TikTok\Controllers\DataLaporanVideo->ratingsave()
#2 C:\xampp\htdocs\github\master\vendor\codeigniter4\framework\system\CodeIgniter.php(436): CodeIgniter\CodeIgniter->runController(Object(Modules\TikTok\Controllers\DataLaporanVideo))
#3 C:\xampp\htdocs\github\master\vendor\codeigniter4\framework\system\CodeIgniter.php(337): CodeIgniter\CodeIgniter->handleRequest(NULL, Object(Config\Cache), false)
#4 C:\xampp\htdocs\github\master\public\index.php(44): CodeIgniter\CodeIgniter->run()
#5 C:\xampp\htdocs\github\master\vendor\codeigniter4\framework\system\Commands\Server\rewrite.php(45): require_once('C:\\xampp\\htdocs...')
#6 {main}
CRITICAL - 2021-12-09 08:59:56 --> Call to undefined method App\Models\ModelMaster::tabel
#0 C:\xampp\htdocs\github\master\modules\TikTok\Controllers\DataLaporanVideo.php(297): CodeIgniter\Model->__call('tabel', Array)
#1 C:\xampp\htdocs\github\master\vendor\codeigniter4\framework\system\CodeIgniter.php(940): Modules\TikTok\Controllers\DataLaporanVideo->ratingsave()
#2 C:\xampp\htdocs\github\master\vendor\codeigniter4\framework\system\CodeIgniter.php(436): CodeIgniter\CodeIgniter->runController(Object(Modules\TikTok\Controllers\DataLaporanVideo))
#3 C:\xampp\htdocs\github\master\vendor\codeigniter4\framework\system\CodeIgniter.php(337): CodeIgniter\CodeIgniter->handleRequest(NULL, Object(Config\Cache), false)
#4 C:\xampp\htdocs\github\master\public\index.php(44): CodeIgniter\CodeIgniter->run()
#5 C:\xampp\htdocs\github\master\vendor\codeigniter4\framework\system\Commands\Server\rewrite.php(45): require_once('C:\\xampp\\htdocs...')
#6 {main}
CRITICAL - 2021-12-09 09:00:00 --> Call to undefined method App\Models\ModelMaster::tabel
#0 C:\xampp\htdocs\github\master\modules\TikTok\Controllers\DataLaporanVideo.php(297): CodeIgniter\Model->__call('tabel', Array)
#1 C:\xampp\htdocs\github\master\vendor\codeigniter4\framework\system\CodeIgniter.php(940): Modules\TikTok\Controllers\DataLaporanVideo->ratingsave()
#2 C:\xampp\htdocs\github\master\vendor\codeigniter4\framework\system\CodeIgniter.php(436): CodeIgniter\CodeIgniter->runController(Object(Modules\TikTok\Controllers\DataLaporanVideo))
#3 C:\xampp\htdocs\github\master\vendor\codeigniter4\framework\system\CodeIgniter.php(337): CodeIgniter\CodeIgniter->handleRequest(NULL, Object(Config\Cache), false)
#4 C:\xampp\htdocs\github\master\public\index.php(44): CodeIgniter\CodeIgniter->run()
#5 C:\xampp\htdocs\github\master\vendor\codeigniter4\framework\system\Commands\Server\rewrite.php(45): require_once('C:\\xampp\\htdocs...')
#6 {main}
CRITICAL - 2021-12-09 09:00:16 --> Call to undefined method CodeIgniter\Database\MySQLi\Connection::tabel()
#0 C:\xampp\htdocs\github\master\vendor\codeigniter4\framework\system\CodeIgniter.php(940): Modules\TikTok\Controllers\DataLaporanVideo->ratingsave()
#1 C:\xampp\htdocs\github\master\vendor\codeigniter4\framework\system\CodeIgniter.php(436): CodeIgniter\CodeIgniter->runController(Object(Modules\TikTok\Controllers\DataLaporanVideo))
#2 C:\xampp\htdocs\github\master\vendor\codeigniter4\framework\system\CodeIgniter.php(337): CodeIgniter\CodeIgniter->handleRequest(NULL, Object(Config\Cache), false)
#3 C:\xampp\htdocs\github\master\public\index.php(44): CodeIgniter\CodeIgniter->run()
#4 C:\xampp\htdocs\github\master\vendor\codeigniter4\framework\system\Commands\Server\rewrite.php(45): require_once('C:\\xampp\\htdocs...')
#5 {main}
CRITICAL - 2021-12-09 09:27:33 --> Trying to access array offset on value of type null
#0 C:\xampp\htdocs\github\master\modules\TikTok\Controllers\DataLaporanVideo.php(297): CodeIgniter\Debug\Exceptions->errorHandler(8, 'Trying to acces...', 'C:\\xampp\\htdocs...', 297, Array)
#1 C:\xampp\htdocs\github\master\vendor\codeigniter4\framework\system\CodeIgniter.php(940): Modules\TikTok\Controllers\DataLaporanVideo->ratingsave()
#2 C:\xampp\htdocs\github\master\vendor\codeigniter4\framework\system\CodeIgniter.php(436): CodeIgniter\CodeIgniter->runController(Object(Modules\TikTok\Controllers\DataLaporanVideo))
#3 C:\xampp\htdocs\github\master\vendor\codeigniter4\framework\system\CodeIgniter.php(337): CodeIgniter\CodeIgniter->handleRequest(NULL, Object(Config\Cache), false)
#4 C:\xampp\htdocs\github\master\public\index.php(44): CodeIgniter\CodeIgniter->run()
#5 C:\xampp\htdocs\github\master\vendor\codeigniter4\framework\system\Commands\Server\rewrite.php(45): require_once('C:\\xampp\\htdocs...')
#6 {main}
CRITICAL - 2021-12-09 09:27:35 --> Trying to access array offset on value of type null
#0 C:\xampp\htdocs\github\master\modules\TikTok\Controllers\DataLaporanVideo.php(297): CodeIgniter\Debug\Exceptions->errorHandler(8, 'Trying to acces...', 'C:\\xampp\\htdocs...', 297, Array)
#1 C:\xampp\htdocs\github\master\vendor\codeigniter4\framework\system\CodeIgniter.php(940): Modules\TikTok\Controllers\DataLaporanVideo->ratingsave()
#2 C:\xampp\htdocs\github\master\vendor\codeigniter4\framework\system\CodeIgniter.php(436): CodeIgniter\CodeIgniter->runController(Object(Modules\TikTok\Controllers\DataLaporanVideo))
#3 C:\xampp\htdocs\github\master\vendor\codeigniter4\framework\system\CodeIgniter.php(337): CodeIgniter\CodeIgniter->handleRequest(NULL, Object(Config\Cache), false)
#4 C:\xampp\htdocs\github\master\public\index.php(44): CodeIgniter\CodeIgniter->run()
#5 C:\xampp\htdocs\github\master\vendor\codeigniter4\framework\system\Commands\Server\rewrite.php(45): require_once('C:\\xampp\\htdocs...')
#6 {main}
CRITICAL - 2021-12-09 09:27:41 --> Trying to access array offset on value of type null
#0 C:\xampp\htdocs\github\master\modules\TikTok\Controllers\DataLaporanVideo.php(297): CodeIgniter\Debug\Exceptions->errorHandler(8, 'Trying to acces...', 'C:\\xampp\\htdocs...', 297, Array)
#1 C:\xampp\htdocs\github\master\vendor\codeigniter4\framework\system\CodeIgniter.php(940): Modules\TikTok\Controllers\DataLaporanVideo->ratingsave()
#2 C:\xampp\htdocs\github\master\vendor\codeigniter4\framework\system\CodeIgniter.php(436): CodeIgniter\CodeIgniter->runController(Object(Modules\TikTok\Controllers\DataLaporanVideo))
#3 C:\xampp\htdocs\github\master\vendor\codeigniter4\framework\system\CodeIgniter.php(337): CodeIgniter\CodeIgniter->handleRequest(NULL, Object(Config\Cache), false)
#4 C:\xampp\htdocs\github\master\public\index.php(44): CodeIgniter\CodeIgniter->run()
#5 C:\xampp\htdocs\github\master\vendor\codeigniter4\framework\system\Commands\Server\rewrite.php(45): require_once('C:\\xampp\\htdocs...')
#6 {main}
CRITICAL - 2021-12-09 09:28:03 --> Trying to access array offset on value of type null
#0 C:\xampp\htdocs\github\master\modules\TikTok\Controllers\DataLaporanVideo.php(297): CodeIgniter\Debug\Exceptions->errorHandler(8, 'Trying to acces...', 'C:\\xampp\\htdocs...', 297, Array)
#1 C:\xampp\htdocs\github\master\vendor\codeigniter4\framework\system\CodeIgniter.php(940): Modules\TikTok\Controllers\DataLaporanVideo->ratingsave()
#2 C:\xampp\htdocs\github\master\vendor\codeigniter4\framework\system\CodeIgniter.php(436): CodeIgniter\CodeIgniter->runController(Object(Modules\TikTok\Controllers\DataLaporanVideo))
#3 C:\xampp\htdocs\github\master\vendor\codeigniter4\framework\system\CodeIgniter.php(337): CodeIgniter\CodeIgniter->handleRequest(NULL, Object(Config\Cache), false)
#4 C:\xampp\htdocs\github\master\public\index.php(44): CodeIgniter\CodeIgniter->run()
#5 C:\xampp\htdocs\github\master\vendor\codeigniter4\framework\system\Commands\Server\rewrite.php(45): require_once('C:\\xampp\\htdocs...')
#6 {main}
ERROR - 2021-12-09 09:37:15 --> mysqli_sql_exception: Unknown column 'desc' in 'order clause' in C:\xampp\htdocs\github\master\vendor\codeigniter4\framework\system\Database\MySQLi\Connection.php:314
Stack trace:
#0 C:\xampp\htdocs\github\master\vendor\codeigniter4\framework\system\Database\MySQLi\Connection.php(314): mysqli->query('SELECT `id`\nFRO...')
#1 C:\xampp\htdocs\github\master\vendor\codeigniter4\framework\system\Database\BaseConnection.php(713): CodeIgniter\Database\MySQLi\Connection->execute('SELECT `id`\nFRO...')
#2 C:\xampp\htdocs\github\master\vendor\codeigniter4\framework\system\Database\BaseConnection.php(641): CodeIgniter\Database\BaseConnection->simpleQuery('SELECT `id`\nFRO...')
#3 C:\xampp\htdocs\github\master\vendor\codeigniter4\framework\system\Database\BaseBuilder.php(1866): CodeIgniter\Database\BaseConnection->query('SELECT `id`\nFRO...', Array, false)
#4 C:\xampp\htdocs\github\master\modules\TikTok\Controllers\DataLaporanVideo.php(300): CodeIgniter\Database\BaseBuilder->get()
#5 C:\xampp\htdocs\github\master\vendor\codeigniter4\framework\system\CodeIgniter.php(940): Modules\TikTok\Controllers\DataLaporanVideo->ratingsave()
#6 C:\xampp\htdocs\github\master\vendor\codeigniter4\framework\system\CodeIgniter.php(436): CodeIgniter\CodeIgniter->runController(Object(Modules\TikTok\Controllers\DataLaporanVideo))
#7 C:\xampp\htdocs\github\master\vendor\codeigniter4\framework\system\CodeIgniter.php(337): CodeIgniter\CodeIgniter->handleRequest(NULL, Object(Config\Cache), false)
#8 C:\xampp\htdocs\github\master\public\index.php(44): CodeIgniter\CodeIgniter->run()
#9 C:\xampp\htdocs\github\master\vendor\codeigniter4\framework\system\Commands\Server\rewrite.php(45): require_once('C:\\xampp\\htdocs...')
#10 {main}
CRITICAL - 2021-12-09 09:37:15 --> Unknown column 'desc' in 'order clause'
#0 C:\xampp\htdocs\github\master\vendor\codeigniter4\framework\system\Database\MySQLi\Connection.php(314): mysqli->query('SELECT `id`\nFRO...')
#1 C:\xampp\htdocs\github\master\vendor\codeigniter4\framework\system\Database\BaseConnection.php(713): CodeIgniter\Database\MySQLi\Connection->execute('SELECT `id`\nFRO...')
#2 C:\xampp\htdocs\github\master\vendor\codeigniter4\framework\system\Database\BaseConnection.php(641): CodeIgniter\Database\BaseConnection->simpleQuery('SELECT `id`\nFRO...')
#3 C:\xampp\htdocs\github\master\vendor\codeigniter4\framework\system\Database\BaseBuilder.php(1866): CodeIgniter\Database\BaseConnection->query('SELECT `id`\nFRO...', Array, false)
#4 C:\xampp\htdocs\github\master\modules\TikTok\Controllers\DataLaporanVideo.php(300): CodeIgniter\Database\BaseBuilder->get()
#5 C:\xampp\htdocs\github\master\vendor\codeigniter4\framework\system\CodeIgniter.php(940): Modules\TikTok\Controllers\DataLaporanVideo->ratingsave()
#6 C:\xampp\htdocs\github\master\vendor\codeigniter4\framework\system\CodeIgniter.php(436): CodeIgniter\CodeIgniter->runController(Object(Modules\TikTok\Controllers\DataLaporanVideo))
#7 C:\xampp\htdocs\github\master\vendor\codeigniter4\framework\system\CodeIgniter.php(337): CodeIgniter\CodeIgniter->handleRequest(NULL, Object(Config\Cache), false)
#8 C:\xampp\htdocs\github\master\public\index.php(44): CodeIgniter\CodeIgniter->run()
#9 C:\xampp\htdocs\github\master\vendor\codeigniter4\framework\system\Commands\Server\rewrite.php(45): require_once('C:\\xampp\\htdocs...')
#10 {main}
ERROR - 2021-12-09 09:37:16 --> mysqli_sql_exception: Unknown column 'desc' in 'order clause' in C:\xampp\htdocs\github\master\vendor\codeigniter4\framework\system\Database\MySQLi\Connection.php:314
Stack trace:
#0 C:\xampp\htdocs\github\master\vendor\codeigniter4\framework\system\Database\MySQLi\Connection.php(314): mysqli->query('SELECT `id`\nFRO...')
#1 C:\xampp\htdocs\github\master\vendor\codeigniter4\framework\system\Database\BaseConnection.php(713): CodeIgniter\Database\MySQLi\Connection->execute('SELECT `id`\nFRO...')
#2 C:\xampp\htdocs\github\master\vendor\codeigniter4\framework\system\Database\BaseConnection.php(641): CodeIgniter\Database\BaseConnection->simpleQuery('SELECT `id`\nFRO...')
#3 C:\xampp\htdocs\github\master\vendor\codeigniter4\framework\system\Database\BaseBuilder.php(1866): CodeIgniter\Database\BaseConnection->query('SELECT `id`\nFRO...', Array, false)
#4 C:\xampp\htdocs\github\master\modules\TikTok\Controllers\DataLaporanVideo.php(300): CodeIgniter\Database\BaseBuilder->get()
#5 C:\xampp\htdocs\github\master\vendor\codeigniter4\framework\system\CodeIgniter.php(940): Modules\TikTok\Controllers\DataLaporanVideo->ratingsave()
#6 C:\xampp\htdocs\github\master\vendor\codeigniter4\framework\system\CodeIgniter.php(436): CodeIgniter\CodeIgniter->runController(Object(Modules\TikTok\Controllers\DataLaporanVideo))
#7 C:\xampp\htdocs\github\master\vendor\codeigniter4\framework\system\CodeIgniter.php(337): CodeIgniter\CodeIgniter->handleRequest(NULL, Object(Config\Cache), false)
#8 C:\xampp\htdocs\github\master\public\index.php(44): CodeIgniter\CodeIgniter->run()
#9 C:\xampp\htdocs\github\master\vendor\codeigniter4\framework\system\Commands\Server\rewrite.php(45): require_once('C:\\xampp\\htdocs...')
#10 {main}
CRITICAL - 2021-12-09 09:37:16 --> Unknown column 'desc' in 'order clause'
#0 C:\xampp\htdocs\github\master\vendor\codeigniter4\framework\system\Database\MySQLi\Connection.php(314): mysqli->query('SELECT `id`\nFRO...')
#1 C:\xampp\htdocs\github\master\vendor\codeigniter4\framework\system\Database\BaseConnection.php(713): CodeIgniter\Database\MySQLi\Connection->execute('SELECT `id`\nFRO...')
#2 C:\xampp\htdocs\github\master\vendor\codeigniter4\framework\system\Database\BaseConnection.php(641): CodeIgniter\Database\BaseConnection->simpleQuery('SELECT `id`\nFRO...')
#3 C:\xampp\htdocs\github\master\vendor\codeigniter4\framework\system\Database\BaseBuilder.php(1866): CodeIgniter\Database\BaseConnection->query('SELECT `id`\nFRO...', Array, false)
#4 C:\xampp\htdocs\github\master\modules\TikTok\Controllers\DataLaporanVideo.php(300): CodeIgniter\Database\BaseBuilder->get()
#5 C:\xampp\htdocs\github\master\vendor\codeigniter4\framework\system\CodeIgniter.php(940): Modules\TikTok\Controllers\DataLaporanVideo->ratingsave()
#6 C:\xampp\htdocs\github\master\vendor\codeigniter4\framework\system\CodeIgniter.php(436): CodeIgniter\CodeIgniter->runController(Object(Modules\TikTok\Controllers\DataLaporanVideo))
#7 C:\xampp\htdocs\github\master\vendor\codeigniter4\framework\system\CodeIgniter.php(337): CodeIgniter\CodeIgniter->handleRequest(NULL, Object(Config\Cache), false)
#8 C:\xampp\htdocs\github\master\public\index.php(44): CodeIgniter\CodeIgniter->run()
#9 C:\xampp\htdocs\github\master\vendor\codeigniter4\framework\system\Commands\Server\rewrite.php(45): require_once('C:\\xampp\\htdocs...')
#10 {main}
ERROR - 2021-12-09 09:37:22 --> mysqli_sql_exception: Unknown column 'desc' in 'order clause' in C:\xampp\htdocs\github\master\vendor\codeigniter4\framework\system\Database\MySQLi\Connection.php:314
Stack trace:
#0 C:\xampp\htdocs\github\master\vendor\codeigniter4\framework\system\Database\MySQLi\Connection.php(314): mysqli->query('SELECT `id`\nFRO...')
#1 C:\xampp\htdocs\github\master\vendor\codeigniter4\framework\system\Database\BaseConnection.php(713): CodeIgniter\Database\MySQLi\Connection->execute('SELECT `id`\nFRO...')
#2 C:\xampp\htdocs\github\master\vendor\codeigniter4\framework\system\Database\BaseConnection.php(641): CodeIgniter\Database\BaseConnection->simpleQuery('SELECT `id`\nFRO...')
#3 C:\xampp\htdocs\github\master\vendor\codeigniter4\framework\system\Database\BaseBuilder.php(1866): CodeIgniter\Database\BaseConnection->query('SELECT `id`\nFRO...', Array, false)
#4 C:\xampp\htdocs\github\master\modules\TikTok\Controllers\DataLaporanVideo.php(300): CodeIgniter\Database\BaseBuilder->get()
#5 C:\xampp\htdocs\github\master\vendor\codeigniter4\framework\system\CodeIgniter.php(940): Modules\TikTok\Controllers\DataLaporanVideo->ratingsave()
#6 C:\xampp\htdocs\github\master\vendor\codeigniter4\framework\system\CodeIgniter.php(436): CodeIgniter\CodeIgniter->runController(Object(Modules\TikTok\Controllers\DataLaporanVideo))
#7 C:\xampp\htdocs\github\master\vendor\codeigniter4\framework\system\CodeIgniter.php(337): CodeIgniter\CodeIgniter->handleRequest(NULL, Object(Config\Cache), false)
#8 C:\xampp\htdocs\github\master\public\index.php(44): CodeIgniter\CodeIgniter->run()
#9 C:\xampp\htdocs\github\master\vendor\codeigniter4\framework\system\Commands\Server\rewrite.php(45): require_once('C:\\xampp\\htdocs...')
#10 {main}
CRITICAL - 2021-12-09 09:37:22 --> Unknown column 'desc' in 'order clause'
#0 C:\xampp\htdocs\github\master\vendor\codeigniter4\framework\system\Database\MySQLi\Connection.php(314): mysqli->query('SELECT `id`\nFRO...')
#1 C:\xampp\htdocs\github\master\vendor\codeigniter4\framework\system\Database\BaseConnection.php(713): CodeIgniter\Database\MySQLi\Connection->execute('SELECT `id`\nFRO...')
#2 C:\xampp\htdocs\github\master\vendor\codeigniter4\framework\system\Database\BaseConnection.php(641): CodeIgniter\Database\BaseConnection->simpleQuery('SELECT `id`\nFRO...')
#3 C:\xampp\htdocs\github\master\vendor\codeigniter4\framework\system\Database\BaseBuilder.php(1866): CodeIgniter\Database\BaseConnection->query('SELECT `id`\nFRO...', Array, false)
#4 C:\xampp\htdocs\github\master\modules\TikTok\Controllers\DataLaporanVideo.php(300): CodeIgniter\Database\BaseBuilder->get()
#5 C:\xampp\htdocs\github\master\vendor\codeigniter4\framework\system\CodeIgniter.php(940): Modules\TikTok\Controllers\DataLaporanVideo->ratingsave()
#6 C:\xampp\htdocs\github\master\vendor\codeigniter4\framework\system\CodeIgniter.php(436): CodeIgniter\CodeIgniter->runController(Object(Modules\TikTok\Controllers\DataLaporanVideo))
#7 C:\xampp\htdocs\github\master\vendor\codeigniter4\framework\system\CodeIgniter.php(337): CodeIgniter\CodeIgniter->handleRequest(NULL, Object(Config\Cache), false)
#8 C:\xampp\htdocs\github\master\public\index.php(44): CodeIgniter\CodeIgniter->run()
#9 C:\xampp\htdocs\github\master\vendor\codeigniter4\framework\system\Commands\Server\rewrite.php(45): require_once('C:\\xampp\\htdocs...')
#10 {main}
ERROR - 2021-12-09 09:39:47 --> mysqli_sql_exception: You have an error in your SQL syntax; check the manual that corresponds to your MariaDB server version for the right syntax to use near '`>` ASC' at line 4 in C:\xampp\htdocs\github\master\vendor\codeigniter4\framework\system\Database\MySQLi\Connection.php:314
Stack trace:
#0 C:\xampp\htdocs\github\master\vendor\codeigniter4\framework\system\Database\MySQLi\Connection.php(314): mysqli->query('SELECT `id`, `t...')
#1 C:\xampp\htdocs\github\master\vendor\codeigniter4\framework\system\Database\BaseConnection.php(713): CodeIgniter\Database\MySQLi\Connection->execute('SELECT `id`, `t...')
#2 C:\xampp\htdocs\github\master\vendor\codeigniter4\framework\system\Database\BaseConnection.php(641): CodeIgniter\Database\BaseConnection->simpleQuery('SELECT `id`, `t...')
#3 C:\xampp\htdocs\github\master\vendor\codeigniter4\framework\system\Database\BaseBuilder.php(1866): CodeIgniter\Database\BaseConnection->query('SELECT `id`, `t...', Array, false)
#4 C:\xampp\htdocs\github\master\app\Models\ModelMaster.php(208): CodeIgniter\Database\BaseBuilder->get()
#5 C:\xampp\htdocs\github\master\modules\TikTok\Controllers\DataLaporanVideo.php(295): App\Models\ModelMaster->tampildatarow('x_level', 'id,targetexp,st...', Array, Array, '')
#6 C:\xampp\htdocs\github\master\vendor\codeigniter4\framework\system\CodeIgniter.php(940): Modules\TikTok\Controllers\DataLaporanVideo->ratingsave()
#7 C:\xampp\htdocs\github\master\vendor\codeigniter4\framework\system\CodeIgniter.php(436): CodeIgniter\CodeIgniter->runController(Object(Modules\TikTok\Controllers\DataLaporanVideo))
#8 C:\xampp\htdocs\github\master\vendor\codeigniter4\framework\system\CodeIgniter.php(337): CodeIgniter\CodeIgniter->handleRequest(NULL, Object(Config\Cache), false)
#9 C:\xampp\htdocs\github\master\public\index.php(44): CodeIgniter\CodeIgniter->run()
#10 C:\xampp\htdocs\github\master\vendor\codeigniter4\framework\system\Commands\Server\rewrite.php(45): require_once('C:\\xampp\\htdocs...')
#11 {main}
CRITICAL - 2021-12-09 09:39:47 --> You have an error in your SQL syntax; check the manual that corresponds to your MariaDB server version for the right syntax to use near '`>` ASC' at line 4
#0 C:\xampp\htdocs\github\master\vendor\codeigniter4\framework\system\Database\MySQLi\Connection.php(314): mysqli->query('SELECT `id`, `t...')
#1 C:\xampp\htdocs\github\master\vendor\codeigniter4\framework\system\Database\BaseConnection.php(713): CodeIgniter\Database\MySQLi\Connection->execute('SELECT `id`, `t...')
#2 C:\xampp\htdocs\github\master\vendor\codeigniter4\framework\system\Database\BaseConnection.php(641): CodeIgniter\Database\BaseConnection->simpleQuery('SELECT `id`, `t...')
#3 C:\xampp\htdocs\github\master\vendor\codeigniter4\framework\system\Database\BaseBuilder.php(1866): CodeIgniter\Database\BaseConnection->query('SELECT `id`, `t...', Array, false)
#4 C:\xampp\htdocs\github\master\app\Models\ModelMaster.php(208): CodeIgniter\Database\BaseBuilder->get()
#5 C:\xampp\htdocs\github\master\modules\TikTok\Controllers\DataLaporanVideo.php(295): App\Models\ModelMaster->tampildatarow('x_level', 'id,targetexp,st...', Array, Array, '')
#6 C:\xampp\htdocs\github\master\vendor\codeigniter4\framework\system\CodeIgniter.php(940): Modules\TikTok\Controllers\DataLaporanVideo->ratingsave()
#7 C:\xampp\htdocs\github\master\vendor\codeigniter4\framework\system\CodeIgniter.php(436): CodeIgniter\CodeIgniter->runController(Object(Modules\TikTok\Controllers\DataLaporanVideo))
#8 C:\xampp\htdocs\github\master\vendor\codeigniter4\framework\system\CodeIgniter.php(337): CodeIgniter\CodeIgniter->handleRequest(NULL, Object(Config\Cache), false)
#9 C:\xampp\htdocs\github\master\public\index.php(44): CodeIgniter\CodeIgniter->run()
#10 C:\xampp\htdocs\github\master\vendor\codeigniter4\framework\system\Commands\Server\rewrite.php(45): require_once('C:\\xampp\\htdocs...')
#11 {main}
ERROR - 2021-12-09 09:39:49 --> mysqli_sql_exception: You have an error in your SQL syntax; check the manual that corresponds to your MariaDB server version for the right syntax to use near '`>` ASC' at line 4 in C:\xampp\htdocs\github\master\vendor\codeigniter4\framework\system\Database\MySQLi\Connection.php:314
Stack trace:
#0 C:\xampp\htdocs\github\master\vendor\codeigniter4\framework\system\Database\MySQLi\Connection.php(314): mysqli->query('SELECT `id`, `t...')
#1 C:\xampp\htdocs\github\master\vendor\codeigniter4\framework\system\Database\BaseConnection.php(713): CodeIgniter\Database\MySQLi\Connection->execute('SELECT `id`, `t...')
#2 C:\xampp\htdocs\github\master\vendor\codeigniter4\framework\system\Database\BaseConnection.php(641): CodeIgniter\Database\BaseConnection->simpleQuery('SELECT `id`, `t...')
#3 C:\xampp\htdocs\github\master\vendor\codeigniter4\framework\system\Database\BaseBuilder.php(1866): CodeIgniter\Database\BaseConnection->query('SELECT `id`, `t...', Array, false)
#4 C:\xampp\htdocs\github\master\app\Models\ModelMaster.php(208): CodeIgniter\Database\BaseBuilder->get()
#5 C:\xampp\htdocs\github\master\modules\TikTok\Controllers\DataLaporanVideo.php(295): App\Models\ModelMaster->tampildatarow('x_level', 'id,targetexp,st...', Array, Array, '')
#6 C:\xampp\htdocs\github\master\vendor\codeigniter4\framework\system\CodeIgniter.php(940): Modules\TikTok\Controllers\DataLaporanVideo->ratingsave()
#7 C:\xampp\htdocs\github\master\vendor\codeigniter4\framework\system\CodeIgniter.php(436): CodeIgniter\CodeIgniter->runController(Object(Modules\TikTok\Controllers\DataLaporanVideo))
#8 C:\xampp\htdocs\github\master\vendor\codeigniter4\framework\system\CodeIgniter.php(337): CodeIgniter\CodeIgniter->handleRequest(NULL, Object(Config\Cache), false)
#9 C:\xampp\htdocs\github\master\public\index.php(44): CodeIgniter\CodeIgniter->run()
#10 C:\xampp\htdocs\github\master\vendor\codeigniter4\framework\system\Commands\Server\rewrite.php(45): require_once('C:\\xampp\\htdocs...')
#11 {main}
CRITICAL - 2021-12-09 09:39:49 --> You have an error in your SQL syntax; check the manual that corresponds to your MariaDB server version for the right syntax to use near '`>` ASC' at line 4
#0 C:\xampp\htdocs\github\master\vendor\codeigniter4\framework\system\Database\MySQLi\Connection.php(314): mysqli->query('SELECT `id`, `t...')
#1 C:\xampp\htdocs\github\master\vendor\codeigniter4\framework\system\Database\BaseConnection.php(713): CodeIgniter\Database\MySQLi\Connection->execute('SELECT `id`, `t...')
#2 C:\xampp\htdocs\github\master\vendor\codeigniter4\framework\system\Database\BaseConnection.php(641): CodeIgniter\Database\BaseConnection->simpleQuery('SELECT `id`, `t...')
#3 C:\xampp\htdocs\github\master\vendor\codeigniter4\framework\system\Database\BaseBuilder.php(1866): CodeIgniter\Database\BaseConnection->query('SELECT `id`, `t...', Array, false)
#4 C:\xampp\htdocs\github\master\app\Models\ModelMaster.php(208): CodeIgniter\Database\BaseBuilder->get()
#5 C:\xampp\htdocs\github\master\modules\TikTok\Controllers\DataLaporanVideo.php(295): App\Models\ModelMaster->tampildatarow('x_level', 'id,targetexp,st...', Array, Array, '')
#6 C:\xampp\htdocs\github\master\vendor\codeigniter4\framework\system\CodeIgniter.php(940): Modules\TikTok\Controllers\DataLaporanVideo->ratingsave()
#7 C:\xampp\htdocs\github\master\vendor\codeigniter4\framework\system\CodeIgniter.php(436): CodeIgniter\CodeIgniter->runController(Object(Modules\TikTok\Controllers\DataLaporanVideo))
#8 C:\xampp\htdocs\github\master\vendor\codeigniter4\framework\system\CodeIgniter.php(337): CodeIgniter\CodeIgniter->handleRequest(NULL, Object(Config\Cache), false)
#9 C:\xampp\htdocs\github\master\public\index.php(44): CodeIgniter\CodeIgniter->run()
#10 C:\xampp\htdocs\github\master\vendor\codeigniter4\framework\system\Commands\Server\rewrite.php(45): require_once('C:\\xampp\\htdocs...')
#11 {main}
ERROR - 2021-12-09 09:39:53 --> mysqli_sql_exception: You have an error in your SQL syntax; check the manual that corresponds to your MariaDB server version for the right syntax to use near '`>` ASC' at line 4 in C:\xampp\htdocs\github\master\vendor\codeigniter4\framework\system\Database\MySQLi\Connection.php:314
Stack trace:
#0 C:\xampp\htdocs\github\master\vendor\codeigniter4\framework\system\Database\MySQLi\Connection.php(314): mysqli->query('SELECT `id`, `t...')
#1 C:\xampp\htdocs\github\master\vendor\codeigniter4\framework\system\Database\BaseConnection.php(713): CodeIgniter\Database\MySQLi\Connection->execute('SELECT `id`, `t...')
#2 C:\xampp\htdocs\github\master\vendor\codeigniter4\framework\system\Database\BaseConnection.php(641): CodeIgniter\Database\BaseConnection->simpleQuery('SELECT `id`, `t...')
#3 C:\xampp\htdocs\github\master\vendor\codeigniter4\framework\system\Database\BaseBuilder.php(1866): CodeIgniter\Database\BaseConnection->query('SELECT `id`, `t...', Array, false)
#4 C:\xampp\htdocs\github\master\app\Models\ModelMaster.php(208): CodeIgniter\Database\BaseBuilder->get()
#5 C:\xampp\htdocs\github\master\modules\TikTok\Controllers\DataLaporanVideo.php(295): App\Models\ModelMaster->tampildatarow('x_level', 'id,targetexp,st...', Array, Array, '')
#6 C:\xampp\htdocs\github\master\vendor\codeigniter4\framework\system\CodeIgniter.php(940): Modules\TikTok\Controllers\DataLaporanVideo->ratingsave()
#7 C:\xampp\htdocs\github\master\vendor\codeigniter4\framework\system\CodeIgniter.php(436): CodeIgniter\CodeIgniter->runController(Object(Modules\TikTok\Controllers\DataLaporanVideo))
#8 C:\xampp\htdocs\github\master\vendor\codeigniter4\framework\system\CodeIgniter.php(337): CodeIgniter\CodeIgniter->handleRequest(NULL, Object(Config\Cache), false)
#9 C:\xampp\htdocs\github\master\public\index.php(44): CodeIgniter\CodeIgniter->run()
#10 C:\xampp\htdocs\github\master\vendor\codeigniter4\framework\system\Commands\Server\rewrite.php(45): require_once('C:\\xampp\\htdocs...')
#11 {main}
CRITICAL - 2021-12-09 09:39:53 --> You have an error in your SQL syntax; check the manual that corresponds to your MariaDB server version for the right syntax to use near '`>` ASC' at line 4
#0 C:\xampp\htdocs\github\master\vendor\codeigniter4\framework\system\Database\MySQLi\Connection.php(314): mysqli->query('SELECT `id`, `t...')
#1 C:\xampp\htdocs\github\master\vendor\codeigniter4\framework\system\Database\BaseConnection.php(713): CodeIgniter\Database\MySQLi\Connection->execute('SELECT `id`, `t...')
#2 C:\xampp\htdocs\github\master\vendor\codeigniter4\framework\system\Database\BaseConnection.php(641): CodeIgniter\Database\BaseConnection->simpleQuery('SELECT `id`, `t...')
#3 C:\xampp\htdocs\github\master\vendor\codeigniter4\framework\system\Database\BaseBuilder.php(1866): CodeIgniter\Database\BaseConnection->query('SELECT `id`, `t...', Array, false)
#4 C:\xampp\htdocs\github\master\app\Models\ModelMaster.php(208): CodeIgniter\Database\BaseBuilder->get()
#5 C:\xampp\htdocs\github\master\modules\TikTok\Controllers\DataLaporanVideo.php(295): App\Models\ModelMaster->tampildatarow('x_level', 'id,targetexp,st...', Array, Array, '')
#6 C:\xampp\htdocs\github\master\vendor\codeigniter4\framework\system\CodeIgniter.php(940): Modules\TikTok\Controllers\DataLaporanVideo->ratingsave()
#7 C:\xampp\htdocs\github\master\vendor\codeigniter4\framework\system\CodeIgniter.php(436): CodeIgniter\CodeIgniter->runController(Object(Modules\TikTok\Controllers\DataLaporanVideo))
#8 C:\xampp\htdocs\github\master\vendor\codeigniter4\framework\system\CodeIgniter.php(337): CodeIgniter\CodeIgniter->handleRequest(NULL, Object(Config\Cache), false)
#9 C:\xampp\htdocs\github\master\public\index.php(44): CodeIgniter\CodeIgniter->run()
#10 C:\xampp\htdocs\github\master\vendor\codeigniter4\framework\system\Commands\Server\rewrite.php(45): require_once('C:\\xampp\\htdocs...')
#11 {main}
ERROR - 2021-12-09 09:48:39 --> mysqli_sql_exception: Column 'iduser' in where clause is ambiguous in C:\xampp\htdocs\github\master\vendor\codeigniter4\framework\system\Database\MySQLi\Connection.php:314
Stack trace:
#0 C:\xampp\htdocs\github\master\vendor\codeigniter4\framework\system\Database\MySQLi\Connection.php(314): mysqli->query('SELECT `x_statu...')
#1 C:\xampp\htdocs\github\master\vendor\codeigniter4\framework\system\Database\BaseConnection.php(713): CodeIgniter\Database\MySQLi\Connection->execute('SELECT `x_statu...')
#2 C:\xampp\htdocs\github\master\vendor\codeigniter4\framework\system\Database\BaseConnection.php(641): CodeIgniter\Database\BaseConnection->simpleQuery('SELECT `x_statu...')
#3 C:\xampp\htdocs\github\master\vendor\codeigniter4\framework\system\Database\BaseBuilder.php(1866): CodeIgniter\Database\BaseConnection->query('SELECT `x_statu...', Array, false)
#4 C:\xampp\htdocs\github\master\modules\TikTok\Controllers\DataProfileTikTok.php(54): CodeIgniter\Database\BaseBuilder->get()
#5 C:\xampp\htdocs\github\master\vendor\codeigniter4\framework\system\CodeIgniter.php(940): Modules\TikTok\Controllers\DataProfileTikTok->index()
#6 C:\xampp\htdocs\github\master\vendor\codeigniter4\framework\system\CodeIgniter.php(436): CodeIgniter\CodeIgniter->runController(Object(Modules\TikTok\Controllers\DataProfileTikTok))
#7 C:\xampp\htdocs\github\master\vendor\codeigniter4\framework\system\CodeIgniter.php(337): CodeIgniter\CodeIgniter->handleRequest(NULL, Object(Config\Cache), false)
#8 C:\xampp\htdocs\github\master\public\index.php(44): CodeIgniter\CodeIgniter->run()
#9 C:\xampp\htdocs\github\master\vendor\codeigniter4\framework\system\Commands\Server\rewrite.php(45): require_once('C:\\xampp\\htdocs...')
#10 {main}
CRITICAL - 2021-12-09 09:48:39 --> Column 'iduser' in where clause is ambiguous
#0 C:\xampp\htdocs\github\master\vendor\codeigniter4\framework\system\Database\MySQLi\Connection.php(314): mysqli->query('SELECT `x_statu...')
#1 C:\xampp\htdocs\github\master\vendor\codeigniter4\framework\system\Database\BaseConnection.php(713): CodeIgniter\Database\MySQLi\Connection->execute('SELECT `x_statu...')
#2 C:\xampp\htdocs\github\master\vendor\codeigniter4\framework\system\Database\BaseConnection.php(641): CodeIgniter\Database\BaseConnection->simpleQuery('SELECT `x_statu...')
#3 C:\xampp\htdocs\github\master\vendor\codeigniter4\framework\system\Database\BaseBuilder.php(1866): CodeIgniter\Database\BaseConnection->query('SELECT `x_statu...', Array, false)
#4 C:\xampp\htdocs\github\master\modules\TikTok\Controllers\DataProfileTikTok.php(54): CodeIgniter\Database\BaseBuilder->get()
#5 C:\xampp\htdocs\github\master\vendor\codeigniter4\framework\system\CodeIgniter.php(940): Modules\TikTok\Controllers\DataProfileTikTok->index()
#6 C:\xampp\htdocs\github\master\vendor\codeigniter4\framework\system\CodeIgniter.php(436): CodeIgniter\CodeIgniter->runController(Object(Modules\TikTok\Controllers\DataProfileTikTok))
#7 C:\xampp\htdocs\github\master\vendor\codeigniter4\framework\system\CodeIgniter.php(337): CodeIgniter\CodeIgniter->handleRequest(NULL, Object(Config\Cache), false)
#8 C:\xampp\htdocs\github\master\public\index.php(44): CodeIgniter\CodeIgniter->run()
#9 C:\xampp\htdocs\github\master\vendor\codeigniter4\framework\system\Commands\Server\rewrite.php(45): require_once('C:\\xampp\\htdocs...')
#10 {main}
CRITICAL - 2021-12-09 09:48:56 --> Trying to access array offset on value of type null
#0 C:\xampp\htdocs\github\master\modules\TikTok\Views\profiletiktok.php(34): CodeIgniter\Debug\Exceptions->errorHandler(8, 'Trying to acces...', 'C:\\xampp\\htdocs...', 34, Array)
#1 C:\xampp\htdocs\github\master\vendor\codeigniter4\framework\system\View\View.php(220): include('C:\\xampp\\htdocs...')
#2 C:\xampp\htdocs\github\master\vendor\codeigniter4\framework\system\View\View.php(222): CodeIgniter\View\View->CodeIgniter\View\{closure}()
#3 C:\xampp\htdocs\github\master\vendor\codeigniter4\framework\system\Common.php(1217): CodeIgniter\View\View->render('Modules\\TikTok\\...', Array, true)
#4 C:\xampp\htdocs\github\master\modules\TikTok\Controllers\DataProfileTikTok.php(67): view('Modules\\TikTok\\...', Array)
#5 C:\xampp\htdocs\github\master\vendor\codeigniter4\framework\system\CodeIgniter.php(940): Modules\TikTok\Controllers\DataProfileTikTok->index()
#6 C:\xampp\htdocs\github\master\vendor\codeigniter4\framework\system\CodeIgniter.php(436): CodeIgniter\CodeIgniter->runController(Object(Modules\TikTok\Controllers\DataProfileTikTok))
#7 C:\xampp\htdocs\github\master\vendor\codeigniter4\framework\system\CodeIgniter.php(337): CodeIgniter\CodeIgniter->handleRequest(NULL, Object(Config\Cache), false)
#8 C:\xampp\htdocs\github\master\public\index.php(44): CodeIgniter\CodeIgniter->run()
#9 C:\xampp\htdocs\github\master\vendor\codeigniter4\framework\system\Commands\Server\rewrite.php(45): require_once('C:\\xampp\\htdocs...')
#10 {main}
CRITICAL - 2021-12-09 09:50:39 --> Illegal string offset 'level'
#0 C:\xampp\htdocs\github\master\modules\TikTok\Views\profiletiktok.php(34): CodeIgniter\Debug\Exceptions->errorHandler(2, 'Illegal string ...', 'C:\\xampp\\htdocs...', 34, Array)
#1 C:\xampp\htdocs\github\master\vendor\codeigniter4\framework\system\View\View.php(220): include('C:\\xampp\\htdocs...')
#2 C:\xampp\htdocs\github\master\vendor\codeigniter4\framework\system\View\View.php(222): CodeIgniter\View\View->CodeIgniter\View\{closure}()
#3 C:\xampp\htdocs\github\master\vendor\codeigniter4\framework\system\Common.php(1217): CodeIgniter\View\View->render('Modules\\TikTok\\...', Array, true)
#4 C:\xampp\htdocs\github\master\modules\TikTok\Controllers\DataProfileTikTok.php(72): view('Modules\\TikTok\\...', Array)
#5 C:\xampp\htdocs\github\master\vendor\codeigniter4\framework\system\CodeIgniter.php(940): Modules\TikTok\Controllers\DataProfileTikTok->index()
#6 C:\xampp\htdocs\github\master\vendor\codeigniter4\framework\system\CodeIgniter.php(436): CodeIgniter\CodeIgniter->runController(Object(Modules\TikTok\Controllers\DataProfileTikTok))
#7 C:\xampp\htdocs\github\master\vendor\codeigniter4\framework\system\CodeIgniter.php(337): CodeIgniter\CodeIgniter->handleRequest(NULL, Object(Config\Cache), false)
#8 C:\xampp\htdocs\github\master\public\index.php(44): CodeIgniter\CodeIgniter->run()
#9 C:\xampp\htdocs\github\master\vendor\codeigniter4\framework\system\Commands\Server\rewrite.php(45): require_once('C:\\xampp\\htdocs...')
#10 {main}
CRITICAL - 2021-12-09 10:25:40 --> Illegal string offset 'poin'
#0 C:\xampp\htdocs\github\master\modules\TikTok\Controllers\DataProfileTikTok.php(61): CodeIgniter\Debug\Exceptions->errorHandler(2, 'Illegal string ...', 'C:\\xampp\\htdocs...', 61, Array)
#1 C:\xampp\htdocs\github\master\vendor\codeigniter4\framework\system\CodeIgniter.php(940): Modules\TikTok\Controllers\DataProfileTikTok->index()
#2 C:\xampp\htdocs\github\master\vendor\codeigniter4\framework\system\CodeIgniter.php(436): CodeIgniter\CodeIgniter->runController(Object(Modules\TikTok\Controllers\DataProfileTikTok))
#3 C:\xampp\htdocs\github\master\vendor\codeigniter4\framework\system\CodeIgniter.php(337): CodeIgniter\CodeIgniter->handleRequest(NULL, Object(Config\Cache), false)
#4 C:\xampp\htdocs\github\master\public\index.php(44): CodeIgniter\CodeIgniter->run()
#5 C:\xampp\htdocs\github\master\vendor\codeigniter4\framework\system\Commands\Server\rewrite.php(45): require_once('C:\\xampp\\htdocs...')
#6 {main}
CRITICAL - 2021-12-09 10:27:27 --> Illegal string offset 'poin'
#0 C:\xampp\htdocs\github\master\modules\TikTok\Controllers\DataProfileTikTok.php(62): CodeIgniter\Debug\Exceptions->errorHandler(2, 'Illegal string ...', 'C:\\xampp\\htdocs...', 62, Array)
#1 C:\xampp\htdocs\github\master\vendor\codeigniter4\framework\system\CodeIgniter.php(940): Modules\TikTok\Controllers\DataProfileTikTok->index()
#2 C:\xampp\htdocs\github\master\vendor\codeigniter4\framework\system\CodeIgniter.php(436): CodeIgniter\CodeIgniter->runController(Object(Modules\TikTok\Controllers\DataProfileTikTok))
#3 C:\xampp\htdocs\github\master\vendor\codeigniter4\framework\system\CodeIgniter.php(337): CodeIgniter\CodeIgniter->handleRequest(NULL, Object(Config\Cache), false)
#4 C:\xampp\htdocs\github\master\public\index.php(44): CodeIgniter\CodeIgniter->run()
#5 C:\xampp\htdocs\github\master\vendor\codeigniter4\framework\system\Commands\Server\rewrite.php(45): require_once('C:\\xampp\\htdocs...')
#6 {main}
CRITICAL - 2021-12-09 10:27:34 --> Illegal string offset 'poin'
#0 C:\xampp\htdocs\github\master\modules\TikTok\Controllers\DataProfileTikTok.php(62): CodeIgniter\Debug\Exceptions->errorHandler(2, 'Illegal string ...', 'C:\\xampp\\htdocs...', 62, Array)
#1 C:\xampp\htdocs\github\master\vendor\codeigniter4\framework\system\CodeIgniter.php(940): Modules\TikTok\Controllers\DataProfileTikTok->index()
#2 C:\xampp\htdocs\github\master\vendor\codeigniter4\framework\system\CodeIgniter.php(436): CodeIgniter\CodeIgniter->runController(Object(Modules\TikTok\Controllers\DataProfileTikTok))
#3 C:\xampp\htdocs\github\master\vendor\codeigniter4\framework\system\CodeIgniter.php(337): CodeIgniter\CodeIgniter->handleRequest(NULL, Object(Config\Cache), false)
#4 C:\xampp\htdocs\github\master\public\index.php(44): CodeIgniter\CodeIgniter->run()
#5 C:\xampp\htdocs\github\master\vendor\codeigniter4\framework\system\Commands\Server\rewrite.php(45): require_once('C:\\xampp\\htdocs...')
#6 {main}
CRITICAL - 2021-12-09 10:28:08 --> Illegal string offset 'poin'
#0 C:\xampp\htdocs\github\master\modules\TikTok\Controllers\DataProfileTikTok.php(62): CodeIgniter\Debug\Exceptions->errorHandler(2, 'Illegal string ...', 'C:\\xampp\\htdocs...', 62, Array)
#1 C:\xampp\htdocs\github\master\vendor\codeigniter4\framework\system\CodeIgniter.php(940): Modules\TikTok\Controllers\DataProfileTikTok->index()
#2 C:\xampp\htdocs\github\master\vendor\codeigniter4\framework\system\CodeIgniter.php(436): CodeIgniter\CodeIgniter->runController(Object(Modules\TikTok\Controllers\DataProfileTikTok))
#3 C:\xampp\htdocs\github\master\vendor\codeigniter4\framework\system\CodeIgniter.php(337): CodeIgniter\CodeIgniter->handleRequest(NULL, Object(Config\Cache), false)
#4 C:\xampp\htdocs\github\master\public\index.php(44): CodeIgniter\CodeIgniter->run()
#5 C:\xampp\htdocs\github\master\vendor\codeigniter4\framework\system\Commands\Server\rewrite.php(45): require_once('C:\\xampp\\htdocs...')
#6 {main}
CRITICAL - 2021-12-09 10:28:27 --> Illegal string offset 'poin'
#0 C:\xampp\htdocs\github\master\modules\TikTok\Controllers\DataProfileTikTok.php(62): CodeIgniter\Debug\Exceptions->errorHandler(2, 'Illegal string ...', 'C:\\xampp\\htdocs...', 62, Array)
#1 C:\xampp\htdocs\github\master\vendor\codeigniter4\framework\system\CodeIgniter.php(940): Modules\TikTok\Controllers\DataProfileTikTok->index()
#2 C:\xampp\htdocs\github\master\vendor\codeigniter4\framework\system\CodeIgniter.php(436): CodeIgniter\CodeIgniter->runController(Object(Modules\TikTok\Controllers\DataProfileTikTok))
#3 C:\xampp\htdocs\github\master\vendor\codeigniter4\framework\system\CodeIgniter.php(337): CodeIgniter\CodeIgniter->handleRequest(NULL, Object(Config\Cache), false)
#4 C:\xampp\htdocs\github\master\public\index.php(44): CodeIgniter\CodeIgniter->run()
#5 C:\xampp\htdocs\github\master\vendor\codeigniter4\framework\system\Commands\Server\rewrite.php(45): require_once('C:\\xampp\\htdocs...')
#6 {main}
CRITICAL - 2021-12-09 10:29:11 --> Illegal string offset 'poin'
#0 C:\xampp\htdocs\github\master\modules\TikTok\Controllers\DataProfileTikTok.php(61): CodeIgniter\Debug\Exceptions->errorHandler(2, 'Illegal string ...', 'C:\\xampp\\htdocs...', 61, Array)
#1 C:\xampp\htdocs\github\master\vendor\codeigniter4\framework\system\CodeIgniter.php(940): Modules\TikTok\Controllers\DataProfileTikTok->index()
#2 C:\xampp\htdocs\github\master\vendor\codeigniter4\framework\system\CodeIgniter.php(436): CodeIgniter\CodeIgniter->runController(Object(Modules\TikTok\Controllers\DataProfileTikTok))
#3 C:\xampp\htdocs\github\master\vendor\codeigniter4\framework\system\CodeIgniter.php(337): CodeIgniter\CodeIgniter->handleRequest(NULL, Object(Config\Cache), false)
#4 C:\xampp\htdocs\github\master\public\index.php(44): CodeIgniter\CodeIgniter->run()
#5 C:\xampp\htdocs\github\master\vendor\codeigniter4\framework\system\Commands\Server\rewrite.php(45): require_once('C:\\xampp\\htdocs...')
#6 {main}
CRITICAL - 2021-12-09 10:44:08 --> Undefined index: id
#0 C:\xampp\htdocs\github\master\modules\TikTok\Controllers\DataProfileTikTok.php(64): CodeIgniter\Debug\Exceptions->errorHandler(8, 'Undefined index...', 'C:\\xampp\\htdocs...', 64, Array)
#1 C:\xampp\htdocs\github\master\vendor\codeigniter4\framework\system\CodeIgniter.php(940): Modules\TikTok\Controllers\DataProfileTikTok->index()
#2 C:\xampp\htdocs\github\master\vendor\codeigniter4\framework\system\CodeIgniter.php(436): CodeIgniter\CodeIgniter->runController(Object(Modules\TikTok\Controllers\DataProfileTikTok))
#3 C:\xampp\htdocs\github\master\vendor\codeigniter4\framework\system\CodeIgniter.php(337): CodeIgniter\CodeIgniter->handleRequest(NULL, Object(Config\Cache), false)
#4 C:\xampp\htdocs\github\master\public\index.php(44): CodeIgniter\CodeIgniter->run()
#5 C:\xampp\htdocs\github\master\vendor\codeigniter4\framework\system\Commands\Server\rewrite.php(45): require_once('C:\\xampp\\htdocs...')
#6 {main}
CRITICAL - 2021-12-09 10:44:54 --> Trying to access array offset on value of type null
#0 C:\xampp\htdocs\github\master\modules\TikTok\Views\profiletiktok.php(37): CodeIgniter\Debug\Exceptions->errorHandler(8, 'Trying to acces...', 'C:\\xampp\\htdocs...', 37, Array)
#1 C:\xampp\htdocs\github\master\vendor\codeigniter4\framework\system\View\View.php(220): include('C:\\xampp\\htdocs...')
#2 C:\xampp\htdocs\github\master\vendor\codeigniter4\framework\system\View\View.php(222): CodeIgniter\View\View->CodeIgniter\View\{closure}()
#3 C:\xampp\htdocs\github\master\vendor\codeigniter4\framework\system\Common.php(1217): CodeIgniter\View\View->render('Modules\\TikTok\\...', Array, true)
#4 C:\xampp\htdocs\github\master\modules\TikTok\Controllers\DataProfileTikTok.php(81): view('Modules\\TikTok\\...', Array)
#5 C:\xampp\htdocs\github\master\vendor\codeigniter4\framework\system\CodeIgniter.php(940): Modules\TikTok\Controllers\DataProfileTikTok->index()
#6 C:\xampp\htdocs\github\master\vendor\codeigniter4\framework\system\CodeIgniter.php(436): CodeIgniter\CodeIgniter->runController(Object(Modules\TikTok\Controllers\DataProfileTikTok))
#7 C:\xampp\htdocs\github\master\vendor\codeigniter4\framework\system\CodeIgniter.php(337): CodeIgniter\CodeIgniter->handleRequest(NULL, Object(Config\Cache), false)
#8 C:\xampp\htdocs\github\master\public\index.php(44): CodeIgniter\CodeIgniter->run()
#9 C:\xampp\htdocs\github\master\vendor\codeigniter4\framework\system\Commands\Server\rewrite.php(45): require_once('C:\\xampp\\htdocs...')
#10 {main}
CRITICAL - 2021-12-09 10:48:36 --> Division by zero
#0 C:\xampp\htdocs\github\master\modules\TikTok\Controllers\DataProfileTikTok.php(66): CodeIgniter\Debug\Exceptions->errorHandler(2, 'Division by zer...', 'C:\\xampp\\htdocs...', 66, Array)
#1 C:\xampp\htdocs\github\master\vendor\codeigniter4\framework\system\CodeIgniter.php(940): Modules\TikTok\Controllers\DataProfileTikTok->index()
#2 C:\xampp\htdocs\github\master\vendor\codeigniter4\framework\system\CodeIgniter.php(436): CodeIgniter\CodeIgniter->runController(Object(Modules\TikTok\Controllers\DataProfileTikTok))
#3 C:\xampp\htdocs\github\master\vendor\codeigniter4\framework\system\CodeIgniter.php(337): CodeIgniter\CodeIgniter->handleRequest(NULL, Object(Config\Cache), false)
#4 C:\xampp\htdocs\github\master\public\index.php(44): CodeIgniter\CodeIgniter->run()
#5 C:\xampp\htdocs\github\master\vendor\codeigniter4\framework\system\Commands\Server\rewrite.php(45): require_once('C:\\xampp\\htdocs...')
#6 {main}
CRITICAL - 2021-12-09 10:49:04 --> Division by zero
#0 C:\xampp\htdocs\github\master\modules\TikTok\Controllers\DataProfileTikTok.php(64): CodeIgniter\Debug\Exceptions->errorHandler(2, 'Division by zer...', 'C:\\xampp\\htdocs...', 64, Array)
#1 C:\xampp\htdocs\github\master\vendor\codeigniter4\framework\system\CodeIgniter.php(940): Modules\TikTok\Controllers\DataProfileTikTok->index()
#2 C:\xampp\htdocs\github\master\vendor\codeigniter4\framework\system\CodeIgniter.php(436): CodeIgniter\CodeIgniter->runController(Object(Modules\TikTok\Controllers\DataProfileTikTok))
#3 C:\xampp\htdocs\github\master\vendor\codeigniter4\framework\system\CodeIgniter.php(337): CodeIgniter\CodeIgniter->handleRequest(NULL, Object(Config\Cache), false)
#4 C:\xampp\htdocs\github\master\public\index.php(44): CodeIgniter\CodeIgniter->run()
#5 C:\xampp\htdocs\github\master\vendor\codeigniter4\framework\system\Commands\Server\rewrite.php(45): require_once('C:\\xampp\\htdocs...')
#6 {main}
CRITICAL - 2021-12-09 10:50:37 --> Division by zero
#0 C:\xampp\htdocs\github\master\modules\TikTok\Controllers\DataProfileTikTok.php(66): CodeIgniter\Debug\Exceptions->errorHandler(2, 'Division by zer...', 'C:\\xampp\\htdocs...', 66, Array)
#1 C:\xampp\htdocs\github\master\vendor\codeigniter4\framework\system\CodeIgniter.php(940): Modules\TikTok\Controllers\DataProfileTikTok->index()
#2 C:\xampp\htdocs\github\master\vendor\codeigniter4\framework\system\CodeIgniter.php(436): CodeIgniter\CodeIgniter->runController(Object(Modules\TikTok\Controllers\DataProfileTikTok))
#3 C:\xampp\htdocs\github\master\vendor\codeigniter4\framework\system\CodeIgniter.php(337): CodeIgniter\CodeIgniter->handleRequest(NULL, Object(Config\Cache), false)
#4 C:\xampp\htdocs\github\master\public\index.php(44): CodeIgniter\CodeIgniter->run()
#5 C:\xampp\htdocs\github\master\vendor\codeigniter4\framework\system\Commands\Server\rewrite.php(45): require_once('C:\\xampp\\htdocs...')
#6 {main}
CRITICAL - 2021-12-09 10:50:51 --> Division by zero
#0 C:\xampp\htdocs\github\master\modules\TikTok\Controllers\DataProfileTikTok.php(66): CodeIgniter\Debug\Exceptions->errorHandler(2, 'Division by zer...', 'C:\\xampp\\htdocs...', 66, Array)
#1 C:\xampp\htdocs\github\master\vendor\codeigniter4\framework\system\CodeIgniter.php(940): Modules\TikTok\Controllers\DataProfileTikTok->index()
#2 C:\xampp\htdocs\github\master\vendor\codeigniter4\framework\system\CodeIgniter.php(436): CodeIgniter\CodeIgniter->runController(Object(Modules\TikTok\Controllers\DataProfileTikTok))
#3 C:\xampp\htdocs\github\master\vendor\codeigniter4\framework\system\CodeIgniter.php(337): CodeIgniter\CodeIgniter->handleRequest(NULL, Object(Config\Cache), false)
#4 C:\xampp\htdocs\github\master\public\index.php(44): CodeIgniter\CodeIgniter->run()
#5 C:\xampp\htdocs\github\master\vendor\codeigniter4\framework\system\Commands\Server\rewrite.php(45): require_once('C:\\xampp\\htdocs...')
#6 {main}
CRITICAL - 2021-12-09 10:51:00 --> Division by zero
#0 C:\xampp\htdocs\github\master\modules\TikTok\Controllers\DataProfileTikTok.php(66): CodeIgniter\Debug\Exceptions->errorHandler(2, 'Division by zer...', 'C:\\xampp\\htdocs...', 66, Array)
#1 C:\xampp\htdocs\github\master\vendor\codeigniter4\framework\system\CodeIgniter.php(940): Modules\TikTok\Controllers\DataProfileTikTok->index()
#2 C:\xampp\htdocs\github\master\vendor\codeigniter4\framework\system\CodeIgniter.php(436): CodeIgniter\CodeIgniter->runController(Object(Modules\TikTok\Controllers\DataProfileTikTok))
#3 C:\xampp\htdocs\github\master\vendor\codeigniter4\framework\system\CodeIgniter.php(337): CodeIgniter\CodeIgniter->handleRequest(NULL, Object(Config\Cache), false)
#4 C:\xampp\htdocs\github\master\public\index.php(44): CodeIgniter\CodeIgniter->run()
#5 C:\xampp\htdocs\github\master\vendor\codeigniter4\framework\system\Commands\Server\rewrite.php(45): require_once('C:\\xampp\\htdocs...')
#6 {main}
CRITICAL - 2021-12-09 10:52:23 --> Division by zero
#0 C:\xampp\htdocs\github\master\modules\TikTok\Controllers\DataProfileTikTok.php(56): CodeIgniter\Debug\Exceptions->errorHandler(2, 'Division by zer...', 'C:\\xampp\\htdocs...', 56, Array)
#1 C:\xampp\htdocs\github\master\vendor\codeigniter4\framework\system\CodeIgniter.php(940): Modules\TikTok\Controllers\DataProfileTikTok->index()
#2 C:\xampp\htdocs\github\master\vendor\codeigniter4\framework\system\CodeIgniter.php(436): CodeIgniter\CodeIgniter->runController(Object(Modules\TikTok\Controllers\DataProfileTikTok))
#3 C:\xampp\htdocs\github\master\vendor\codeigniter4\framework\system\CodeIgniter.php(337): CodeIgniter\CodeIgniter->handleRequest(NULL, Object(Config\Cache), false)
#4 C:\xampp\htdocs\github\master\public\index.php(44): CodeIgniter\CodeIgniter->run()
#5 C:\xampp\htdocs\github\master\vendor\codeigniter4\framework\system\Commands\Server\rewrite.php(45): require_once('C:\\xampp\\htdocs...')
#6 {main}
CRITICAL - 2021-12-09 14:10:09 --> Undefined variable: i
#0 C:\xampp\htdocs\github\master\modules\Penalti\Views\rekappenalti.php(34): CodeIgniter\Debug\Exceptions->errorHandler(8, 'Undefined varia...', 'C:\\xampp\\htdocs...', 34, Array)
#1 C:\xampp\htdocs\github\master\vendor\codeigniter4\framework\system\View\View.php(220): include('C:\\xampp\\htdocs...')
#2 C:\xampp\htdocs\github\master\vendor\codeigniter4\framework\system\View\View.php(222): CodeIgniter\View\View->CodeIgniter\View\{closure}()
#3 C:\xampp\htdocs\github\master\vendor\codeigniter4\framework\system\Common.php(1217): CodeIgniter\View\View->render('Modules\\Penalti...', Array, true)
#4 C:\xampp\htdocs\github\master\modules\Penalti\Controllers\DataRekapPenalti.php(47): view('Modules\\Penalti...', Array)
#5 C:\xampp\htdocs\github\master\vendor\codeigniter4\framework\system\CodeIgniter.php(940): Modules\Penalti\Controllers\DataRekapPenalti->rekappenalti()
#6 C:\xampp\htdocs\github\master\vendor\codeigniter4\framework\system\CodeIgniter.php(436): CodeIgniter\CodeIgniter->runController(Object(Modules\Penalti\Controllers\DataRekapPenalti))
#7 C:\xampp\htdocs\github\master\vendor\codeigniter4\framework\system\CodeIgniter.php(337): CodeIgniter\CodeIgniter->handleRequest(NULL, Object(Config\Cache), false)
#8 C:\xampp\htdocs\github\master\public\index.php(44): CodeIgniter\CodeIgniter->run()
#9 C:\xampp\htdocs\github\master\vendor\codeigniter4\framework\system\Commands\Server\rewrite.php(45): require_once('C:\\xampp\\htdocs...')
#10 {main}
ERROR - 2021-12-09 15:06:06 --> mysqli_sql_exception: Table 'database_master.lognomorwa' doesn't exist in C:\xampp\htdocs\github\master\vendor\codeigniter4\framework\system\Database\MySQLi\Connection.php:314
Stack trace:
#0 C:\xampp\htdocs\github\master\vendor\codeigniter4\framework\system\Database\MySQLi\Connection.php(314): mysqli->query('INSERT INTO `lo...')
#1 C:\xampp\htdocs\github\master\vendor\codeigniter4\framework\system\Database\BaseConnection.php(713): CodeIgniter\Database\MySQLi\Connection->execute('INSERT INTO `lo...')
#2 C:\xampp\htdocs\github\master\vendor\codeigniter4\framework\system\Database\BaseConnection.php(641): CodeIgniter\Database\BaseConnection->simpleQuery('INSERT INTO `lo...')
#3 C:\xampp\htdocs\github\master\vendor\codeigniter4\framework\system\Database\BaseBuilder.php(2263): CodeIgniter\Database\BaseConnection->query('INSERT INTO `lo...', Array, false)
#4 C:\xampp\htdocs\github\master\app\Models\ModelMaster.php(247): CodeIgniter\Database\BaseBuilder->insert(Array)
#5 C:\xampp\htdocs\github\master\modules\D3FastTrack\Controllers\DataSekolah.php(378): App\Models\ModelMaster->datatambah('lognomorwa', Array)
#6 C:\xampp\htdocs\github\master\vendor\codeigniter4\framework\system\CodeIgniter.php(940): Modules\D3FastTrack\Controllers\DataSekolah->nowareal_json()
#7 C:\xampp\htdocs\github\master\vendor\codeigniter4\framework\system\CodeIgniter.php(436): CodeIgniter\CodeIgniter->runController(Object(Modules\D3FastTrack\Controllers\DataSekolah))
#8 C:\xampp\htdocs\github\master\vendor\codeigniter4\framework\system\CodeIgniter.php(337): CodeIgniter\CodeIgniter->handleRequest(NULL, Object(Config\Cache), false)
#9 C:\xampp\htdocs\github\master\public\index.php(44): CodeIgniter\CodeIgniter->run()
#10 C:\xampp\htdocs\github\master\vendor\codeigniter4\framework\system\Commands\Server\rewrite.php(45): require_once('C:\\xampp\\htdocs...')
#11 {main}
CRITICAL - 2021-12-09 15:06:06 --> Table 'database_master.lognomorwa' doesn't exist
#0 C:\xampp\htdocs\github\master\vendor\codeigniter4\framework\system\Database\MySQLi\Connection.php(314): mysqli->query('INSERT INTO `lo...')
#1 C:\xampp\htdocs\github\master\vendor\codeigniter4\framework\system\Database\BaseConnection.php(713): CodeIgniter\Database\MySQLi\Connection->execute('INSERT INTO `lo...')
#2 C:\xampp\htdocs\github\master\vendor\codeigniter4\framework\system\Database\BaseConnection.php(641): CodeIgniter\Database\BaseConnection->simpleQuery('INSERT INTO `lo...')
#3 C:\xampp\htdocs\github\master\vendor\codeigniter4\framework\system\Database\BaseBuilder.php(2263): CodeIgniter\Database\BaseConnection->query('INSERT INTO `lo...', Array, false)
#4 C:\xampp\htdocs\github\master\app\Models\ModelMaster.php(247): CodeIgniter\Database\BaseBuilder->insert(Array)
#5 C:\xampp\htdocs\github\master\modules\D3FastTrack\Controllers\DataSekolah.php(378): App\Models\ModelMaster->datatambah('lognomorwa', Array)
#6 C:\xampp\htdocs\github\master\vendor\codeigniter4\framework\system\CodeIgniter.php(940): Modules\D3FastTrack\Controllers\DataSekolah->nowareal_json()
#7 C:\xampp\htdocs\github\master\vendor\codeigniter4\framework\system\CodeIgniter.php(436): CodeIgniter\CodeIgniter->runController(Object(Modules\D3FastTrack\Controllers\DataSekolah))
#8 C:\xampp\htdocs\github\master\vendor\codeigniter4\framework\system\CodeIgniter.php(337): CodeIgniter\CodeIgniter->handleRequest(NULL, Object(Config\Cache), false)
#9 C:\xampp\htdocs\github\master\public\index.php(44): CodeIgniter\CodeIgniter->run()
#10 C:\xampp\htdocs\github\master\vendor\codeigniter4\framework\system\Commands\Server\rewrite.php(45): require_once('C:\\xampp\\htdocs...')
#11 {main}
ERROR - 2021-12-09 15:06:09 --> mysqli_sql_exception: Table 'database_master.lognomorwa' doesn't exist in C:\xampp\htdocs\github\master\vendor\codeigniter4\framework\system\Database\MySQLi\Connection.php:314
Stack trace:
#0 C:\xampp\htdocs\github\master\vendor\codeigniter4\framework\system\Database\MySQLi\Connection.php(314): mysqli->query('INSERT INTO `lo...')
#1 C:\xampp\htdocs\github\master\vendor\codeigniter4\framework\system\Database\BaseConnection.php(713): CodeIgniter\Database\MySQLi\Connection->execute('INSERT INTO `lo...')
#2 C:\xampp\htdocs\github\master\vendor\codeigniter4\framework\system\Database\BaseConnection.php(641): CodeIgniter\Database\BaseConnection->simpleQuery('INSERT INTO `lo...')
#3 C:\xampp\htdocs\github\master\vendor\codeigniter4\framework\system\Database\BaseBuilder.php(2263): CodeIgniter\Database\BaseConnection->query('INSERT INTO `lo...', Array, false)
#4 C:\xampp\htdocs\github\master\app\Models\ModelMaster.php(247): CodeIgniter\Database\BaseBuilder->insert(Array)
#5 C:\xampp\htdocs\github\master\modules\D3FastTrack\Controllers\DataSekolah.php(378): App\Models\ModelMaster->datatambah('lognomorwa', Array)
#6 C:\xampp\htdocs\github\master\vendor\codeigniter4\framework\system\CodeIgniter.php(940): Modules\D3FastTrack\Controllers\DataSekolah->nowareal_json()
#7 C:\xampp\htdocs\github\master\vendor\codeigniter4\framework\system\CodeIgniter.php(436): CodeIgniter\CodeIgniter->runController(Object(Modules\D3FastTrack\Controllers\DataSekolah))
#8 C:\xampp\htdocs\github\master\vendor\codeigniter4\framework\system\CodeIgniter.php(337): CodeIgniter\CodeIgniter->handleRequest(NULL, Object(Config\Cache), false)
#9 C:\xampp\htdocs\github\master\public\index.php(44): CodeIgniter\CodeIgniter->run()
#10 C:\xampp\htdocs\github\master\vendor\codeigniter4\framework\system\Commands\Server\rewrite.php(45): require_once('C:\\xampp\\htdocs...')
#11 {main}
CRITICAL - 2021-12-09 15:06:09 --> Table 'database_master.lognomorwa' doesn't exist
#0 C:\xampp\htdocs\github\master\vendor\codeigniter4\framework\system\Database\MySQLi\Connection.php(314): mysqli->query('INSERT INTO `lo...')
#1 C:\xampp\htdocs\github\master\vendor\codeigniter4\framework\system\Database\BaseConnection.php(713): CodeIgniter\Database\MySQLi\Connection->execute('INSERT INTO `lo...')
#2 C:\xampp\htdocs\github\master\vendor\codeigniter4\framework\system\Database\BaseConnection.php(641): CodeIgniter\Database\BaseConnection->simpleQuery('INSERT INTO `lo...')
#3 C:\xampp\htdocs\github\master\vendor\codeigniter4\framework\system\Database\BaseBuilder.php(2263): CodeIgniter\Database\BaseConnection->query('INSERT INTO `lo...', Array, false)
#4 C:\xampp\htdocs\github\master\app\Models\ModelMaster.php(247): CodeIgniter\Database\BaseBuilder->insert(Array)
#5 C:\xampp\htdocs\github\master\modules\D3FastTrack\Controllers\DataSekolah.php(378): App\Models\ModelMaster->datatambah('lognomorwa', Array)
#6 C:\xampp\htdocs\github\master\vendor\codeigniter4\framework\system\CodeIgniter.php(940): Modules\D3FastTrack\Controllers\DataSekolah->nowareal_json()
#7 C:\xampp\htdocs\github\master\vendor\codeigniter4\framework\system\CodeIgniter.php(436): CodeIgniter\CodeIgniter->runController(Object(Modules\D3FastTrack\Controllers\DataSekolah))
#8 C:\xampp\htdocs\github\master\vendor\codeigniter4\framework\system\CodeIgniter.php(337): CodeIgniter\CodeIgniter->handleRequest(NULL, Object(Config\Cache), false)
#9 C:\xampp\htdocs\github\master\public\index.php(44): CodeIgniter\CodeIgniter->run()
#10 C:\xampp\htdocs\github\master\vendor\codeigniter4\framework\system\Commands\Server\rewrite.php(45): require_once('C:\\xampp\\htdocs...')
#11 {main}
ERROR - 2021-12-09 15:06:19 --> mysqli_sql_exception: Table 'database_master.lognomorwa' doesn't exist in C:\xampp\htdocs\github\master\vendor\codeigniter4\framework\system\Database\MySQLi\Connection.php:314
Stack trace:
#0 C:\xampp\htdocs\github\master\vendor\codeigniter4\framework\system\Database\MySQLi\Connection.php(314): mysqli->query('INSERT INTO `lo...')
#1 C:\xampp\htdocs\github\master\vendor\codeigniter4\framework\system\Database\BaseConnection.php(713): CodeIgniter\Database\MySQLi\Connection->execute('INSERT INTO `lo...')
#2 C:\xampp\htdocs\github\master\vendor\codeigniter4\framework\system\Database\BaseConnection.php(641): CodeIgniter\Database\BaseConnection->simpleQuery('INSERT INTO `lo...')
#3 C:\xampp\htdocs\github\master\vendor\codeigniter4\framework\system\Database\BaseBuilder.php(2263): CodeIgniter\Database\BaseConnection->query('INSERT INTO `lo...', Array, false)
#4 C:\xampp\htdocs\github\master\app\Models\ModelMaster.php(247): CodeIgniter\Database\BaseBuilder->insert(Array)
#5 C:\xampp\htdocs\github\master\modules\D3FastTrack\Controllers\DataSekolah.php(378): App\Models\ModelMaster->datatambah('lognomorwa', Array)
#6 C:\xampp\htdocs\github\master\vendor\codeigniter4\framework\system\CodeIgniter.php(940): Modules\D3FastTrack\Controllers\DataSekolah->nowareal_json()
#7 C:\xampp\htdocs\github\master\vendor\codeigniter4\framework\system\CodeIgniter.php(436): CodeIgniter\CodeIgniter->runController(Object(Modules\D3FastTrack\Controllers\DataSekolah))
#8 C:\xampp\htdocs\github\master\vendor\codeigniter4\framework\system\CodeIgniter.php(337): CodeIgniter\CodeIgniter->handleRequest(NULL, Object(Config\Cache), false)
#9 C:\xampp\htdocs\github\master\public\index.php(44): CodeIgniter\CodeIgniter->run()
#10 C:\xampp\htdocs\github\master\vendor\codeigniter4\framework\system\Commands\Server\rewrite.php(45): require_once('C:\\xampp\\htdocs...')
#11 {main}
CRITICAL - 2021-12-09 15:06:19 --> Table 'database_master.lognomorwa' doesn't exist
#0 C:\xampp\htdocs\github\master\vendor\codeigniter4\framework\system\Database\MySQLi\Connection.php(314): mysqli->query('INSERT INTO `lo...')
#1 C:\xampp\htdocs\github\master\vendor\codeigniter4\framework\system\Database\BaseConnection.php(713): CodeIgniter\Database\MySQLi\Connection->execute('INSERT INTO `lo...')
#2 C:\xampp\htdocs\github\master\vendor\codeigniter4\framework\system\Database\BaseConnection.php(641): CodeIgniter\Database\BaseConnection->simpleQuery('INSERT INTO `lo...')
#3 C:\xampp\htdocs\github\master\vendor\codeigniter4\framework\system\Database\BaseBuilder.php(2263): CodeIgniter\Database\BaseConnection->query('INSERT INTO `lo...', Array, false)
#4 C:\xampp\htdocs\github\master\app\Models\ModelMaster.php(247): CodeIgniter\Database\BaseBuilder->insert(Array)
#5 C:\xampp\htdocs\github\master\modules\D3FastTrack\Controllers\DataSekolah.php(378): App\Models\ModelMaster->datatambah('lognomorwa', Array)
#6 C:\xampp\htdocs\github\master\vendor\codeigniter4\framework\system\CodeIgniter.php(940): Modules\D3FastTrack\Controllers\DataSekolah->nowareal_json()
#7 C:\xampp\htdocs\github\master\vendor\codeigniter4\framework\system\CodeIgniter.php(436): CodeIgniter\CodeIgniter->runController(Object(Modules\D3FastTrack\Controllers\DataSekolah))
#8 C:\xampp\htdocs\github\master\vendor\codeigniter4\framework\system\CodeIgniter.php(337): CodeIgniter\CodeIgniter->handleRequest(NULL, Object(Config\Cache), false)
#9 C:\xampp\htdocs\github\master\public\index.php(44): CodeIgniter\CodeIgniter->run()
#10 C:\xampp\htdocs\github\master\vendor\codeigniter4\framework\system\Commands\Server\rewrite.php(45): require_once('C:\\xampp\\htdocs...')
#11 {main}
ERROR - 2021-12-09 15:06:33 --> mysqli_sql_exception: Unknown column 'skorkredit' in 'field list' in C:\xampp\htdocs\github\master\vendor\codeigniter4\framework\system\Database\MySQLi\Connection.php:314
Stack trace:
#0 C:\xampp\htdocs\github\master\vendor\codeigniter4\framework\system\Database\MySQLi\Connection.php(314): mysqli->query('INSERT INTO `x_...')
#1 C:\xampp\htdocs\github\master\vendor\codeigniter4\framework\system\Database\BaseConnection.php(713): CodeIgniter\Database\MySQLi\Connection->execute('INSERT INTO `x_...')
#2 C:\xampp\htdocs\github\master\vendor\codeigniter4\framework\system\Database\BaseConnection.php(641): CodeIgniter\Database\BaseConnection->simpleQuery('INSERT INTO `x_...')
#3 C:\xampp\htdocs\github\master\vendor\codeigniter4\framework\system\Database\BaseBuilder.php(2263): CodeIgniter\Database\BaseConnection->query('INSERT INTO `x_...', Array, false)
#4 C:\xampp\htdocs\github\master\app\Models\ModelMaster.php(247): CodeIgniter\Database\BaseBuilder->insert(Array)
#5 C:\xampp\htdocs\github\master\modules\D3FastTrack\Controllers\DataSekolah.php(378): App\Models\ModelMaster->datatambah('x_lognomorwa', Array)
#6 C:\xampp\htdocs\github\master\vendor\codeigniter4\framework\system\CodeIgniter.php(940): Modules\D3FastTrack\Controllers\DataSekolah->nowareal_json()
#7 C:\xampp\htdocs\github\master\vendor\codeigniter4\framework\system\CodeIgniter.php(436): CodeIgniter\CodeIgniter->runController(Object(Modules\D3FastTrack\Controllers\DataSekolah))
#8 C:\xampp\htdocs\github\master\vendor\codeigniter4\framework\system\CodeIgniter.php(337): CodeIgniter\CodeIgniter->handleRequest(NULL, Object(Config\Cache), false)
#9 C:\xampp\htdocs\github\master\public\index.php(44): CodeIgniter\CodeIgniter->run()
#10 C:\xampp\htdocs\github\master\vendor\codeigniter4\framework\system\Commands\Server\rewrite.php(45): require_once('C:\\xampp\\htdocs...')
#11 {main}
CRITICAL - 2021-12-09 15:06:33 --> Unknown column 'skorkredit' in 'field list'
#0 C:\xampp\htdocs\github\master\vendor\codeigniter4\framework\system\Database\MySQLi\Connection.php(314): mysqli->query('INSERT INTO `x_...')
#1 C:\xampp\htdocs\github\master\vendor\codeigniter4\framework\system\Database\BaseConnection.php(713): CodeIgniter\Database\MySQLi\Connection->execute('INSERT INTO `x_...')
#2 C:\xampp\htdocs\github\master\vendor\codeigniter4\framework\system\Database\BaseConnection.php(641): CodeIgniter\Database\BaseConnection->simpleQuery('INSERT INTO `x_...')
#3 C:\xampp\htdocs\github\master\vendor\codeigniter4\framework\system\Database\BaseBuilder.php(2263): CodeIgniter\Database\BaseConnection->query('INSERT INTO `x_...', Array, false)
#4 C:\xampp\htdocs\github\master\app\Models\ModelMaster.php(247): CodeIgniter\Database\BaseBuilder->insert(Array)
#5 C:\xampp\htdocs\github\master\modules\D3FastTrack\Controllers\DataSekolah.php(378): App\Models\ModelMaster->datatambah('x_lognomorwa', Array)
#6 C:\xampp\htdocs\github\master\vendor\codeigniter4\framework\system\CodeIgniter.php(940): Modules\D3FastTrack\Controllers\DataSekolah->nowareal_json()
#7 C:\xampp\htdocs\github\master\vendor\codeigniter4\framework\system\CodeIgniter.php(436): CodeIgniter\CodeIgniter->runController(Object(Modules\D3FastTrack\Controllers\DataSekolah))
#8 C:\xampp\htdocs\github\master\vendor\codeigniter4\framework\system\CodeIgniter.php(337): CodeIgniter\CodeIgniter->handleRequest(NULL, Object(Config\Cache), false)
#9 C:\xampp\htdocs\github\master\public\index.php(44): CodeIgniter\CodeIgniter->run()
#10 C:\xampp\htdocs\github\master\vendor\codeigniter4\framework\system\Commands\Server\rewrite.php(45): require_once('C:\\xampp\\htdocs...')
#11 {main}
CRITICAL - 2021-12-09 15:10:47 --> syntax error, unexpected '=>' (T_DOUBLE_ARROW), expecting ']'
#0 C:\xampp\htdocs\github\master\vendor\codeigniter4\framework\system\Autoloader\Autoloader.php(265): CodeIgniter\Autoloader\Autoloader->includeFile('C:\\xampp\\htdocs...')
#1 C:\xampp\htdocs\github\master\vendor\codeigniter4\framework\system\Autoloader\Autoloader.php(228): CodeIgniter\Autoloader\Autoloader->loadInNamespace('Modules\\D3FastT...')
#2 [internal function]: CodeIgniter\Autoloader\Autoloader->loadClass('Modules\\D3FastT...')
#3 [internal function]: spl_autoload_call('Modules\\D3FastT...')
#4 C:\xampp\htdocs\github\master\vendor\codeigniter4\framework\system\CodeIgniter.php(897): class_exists('\\Modules\\D3Fast...', true)
#5 C:\xampp\htdocs\github\master\vendor\codeigniter4\framework\system\CodeIgniter.php(421): CodeIgniter\CodeIgniter->startController()
#6 C:\xampp\htdocs\github\master\vendor\codeigniter4\framework\system\CodeIgniter.php(337): CodeIgniter\CodeIgniter->handleRequest(NULL, Object(Config\Cache), false)
#7 C:\xampp\htdocs\github\master\public\index.php(44): CodeIgniter\CodeIgniter->run()
#8 C:\xampp\htdocs\github\master\vendor\codeigniter4\framework\system\Commands\Server\rewrite.php(45): require_once('C:\\xampp\\htdocs...')
#9 {main}
CRITICAL - 2021-12-09 15:11:22 --> Call to undefined method CodeIgniter\Database\MySQLi\Builder::countAllResult()
#0 C:\xampp\htdocs\github\master\vendor\codeigniter4\framework\system\CodeIgniter.php(940): Modules\D3FastTrack\Controllers\DataSekolah->sekolah_json()
#1 C:\xampp\htdocs\github\master\vendor\codeigniter4\framework\system\CodeIgniter.php(436): CodeIgniter\CodeIgniter->runController(Object(Modules\D3FastTrack\Controllers\DataSekolah))
#2 C:\xampp\htdocs\github\master\vendor\codeigniter4\framework\system\CodeIgniter.php(337): CodeIgniter\CodeIgniter->handleRequest(NULL, Object(Config\Cache), false)
#3 C:\xampp\htdocs\github\master\public\index.php(44): CodeIgniter\CodeIgniter->run()
#4 C:\xampp\htdocs\github\master\vendor\codeigniter4\framework\system\Commands\Server\rewrite.php(45): require_once('C:\\xampp\\htdocs...')
#5 {main}
CRITICAL - 2021-12-09 15:11:31 --> Call to undefined method CodeIgniter\Database\MySQLi\Builder::countAllResult()
#0 C:\xampp\htdocs\github\master\vendor\codeigniter4\framework\system\CodeIgniter.php(940): Modules\D3FastTrack\Controllers\DataSekolah->sekolah_json()
#1 C:\xampp\htdocs\github\master\vendor\codeigniter4\framework\system\CodeIgniter.php(436): CodeIgniter\CodeIgniter->runController(Object(Modules\D3FastTrack\Controllers\DataSekolah))
#2 C:\xampp\htdocs\github\master\vendor\codeigniter4\framework\system\CodeIgniter.php(337): CodeIgniter\CodeIgniter->handleRequest(NULL, Object(Config\Cache), false)
#3 C:\xampp\htdocs\github\master\public\index.php(44): CodeIgniter\CodeIgniter->run()
#4 C:\xampp\htdocs\github\master\vendor\codeigniter4\framework\system\Commands\Server\rewrite.php(45): require_once('C:\\xampp\\htdocs...')
#5 {main}
CRITICAL - 2021-12-09 15:17:13 --> Undefined variable: users
#0 C:\xampp\htdocs\github\master\modules\D3FastTrack\Controllers\DataSekolah.php(373): CodeIgniter\Debug\Exceptions->errorHandler(8, 'Undefined varia...', 'C:\\xampp\\htdocs...', 373, Array)
#1 C:\xampp\htdocs\github\master\vendor\codeigniter4\framework\system\CodeIgniter.php(940): Modules\D3FastTrack\Controllers\DataSekolah->nowareal_json()
#2 C:\xampp\htdocs\github\master\vendor\codeigniter4\framework\system\CodeIgniter.php(436): CodeIgniter\CodeIgniter->runController(Object(Modules\D3FastTrack\Controllers\DataSekolah))
#3 C:\xampp\htdocs\github\master\vendor\codeigniter4\framework\system\CodeIgniter.php(337): CodeIgniter\CodeIgniter->handleRequest(NULL, Object(Config\Cache), false)
#4 C:\xampp\htdocs\github\master\public\index.php(44): CodeIgniter\CodeIgniter->run()
#5 C:\xampp\htdocs\github\master\vendor\codeigniter4\framework\system\Commands\Server\rewrite.php(45): require_once('C:\\xampp\\htdocs...')
#6 {main}
CRITICAL - 2021-12-09 15:17:15 --> Undefined variable: users
#0 C:\xampp\htdocs\github\master\modules\D3FastTrack\Controllers\DataSekolah.php(373): CodeIgniter\Debug\Exceptions->errorHandler(8, 'Undefined varia...', 'C:\\xampp\\htdocs...', 373, Array)
#1 C:\xampp\htdocs\github\master\vendor\codeigniter4\framework\system\CodeIgniter.php(940): Modules\D3FastTrack\Controllers\DataSekolah->nowareal_json()
#2 C:\xampp\htdocs\github\master\vendor\codeigniter4\framework\system\CodeIgniter.php(436): CodeIgniter\CodeIgniter->runController(Object(Modules\D3FastTrack\Controllers\DataSekolah))
#3 C:\xampp\htdocs\github\master\vendor\codeigniter4\framework\system\CodeIgniter.php(337): CodeIgniter\CodeIgniter->handleRequest(NULL, Object(Config\Cache), false)
#4 C:\xampp\htdocs\github\master\public\index.php(44): CodeIgniter\CodeIgniter->run()
#5 C:\xampp\htdocs\github\master\vendor\codeigniter4\framework\system\Commands\Server\rewrite.php(45): require_once('C:\\xampp\\htdocs...')
#6 {main}
CRITICAL - 2021-12-09 15:17:16 --> Undefined variable: users
#0 C:\xampp\htdocs\github\master\modules\D3FastTrack\Controllers\DataSekolah.php(373): CodeIgniter\Debug\Exceptions->errorHandler(8, 'Undefined varia...', 'C:\\xampp\\htdocs...', 373, Array)
#1 C:\xampp\htdocs\github\master\vendor\codeigniter4\framework\system\CodeIgniter.php(940): Modules\D3FastTrack\Controllers\DataSekolah->nowareal_json()
#2 C:\xampp\htdocs\github\master\vendor\codeigniter4\framework\system\CodeIgniter.php(436): CodeIgniter\CodeIgniter->runController(Object(Modules\D3FastTrack\Controllers\DataSekolah))
#3 C:\xampp\htdocs\github\master\vendor\codeigniter4\framework\system\CodeIgniter.php(337): CodeIgniter\CodeIgniter->handleRequest(NULL, Object(Config\Cache), false)
#4 C:\xampp\htdocs\github\master\public\index.php(44): CodeIgniter\CodeIgniter->run()
#5 C:\xampp\htdocs\github\master\vendor\codeigniter4\framework\system\Commands\Server\rewrite.php(45): require_once('C:\\xampp\\htdocs...')
#6 {main}
CRITICAL - 2021-12-09 15:17:16 --> Undefined variable: users
#0 C:\xampp\htdocs\github\master\modules\D3FastTrack\Controllers\DataSekolah.php(373): CodeIgniter\Debug\Exceptions->errorHandler(8, 'Undefined varia...', 'C:\\xampp\\htdocs...', 373, Array)
#1 C:\xampp\htdocs\github\master\vendor\codeigniter4\framework\system\CodeIgniter.php(940): Modules\D3FastTrack\Controllers\DataSekolah->nowareal_json()
#2 C:\xampp\htdocs\github\master\vendor\codeigniter4\framework\system\CodeIgniter.php(436): CodeIgniter\CodeIgniter->runController(Object(Modules\D3FastTrack\Controllers\DataSekolah))
#3 C:\xampp\htdocs\github\master\vendor\codeigniter4\framework\system\CodeIgniter.php(337): CodeIgniter\CodeIgniter->handleRequest(NULL, Object(Config\Cache), false)
#4 C:\xampp\htdocs\github\master\public\index.php(44): CodeIgniter\CodeIgniter->run()
#5 C:\xampp\htdocs\github\master\vendor\codeigniter4\framework\system\Commands\Server\rewrite.php(45): require_once('C:\\xampp\\htdocs...')
#6 {main}
CRITICAL - 2021-12-09 15:17:17 --> Undefined variable: users
#0 C:\xampp\htdocs\github\master\modules\D3FastTrack\Controllers\DataSekolah.php(373): CodeIgniter\Debug\Exceptions->errorHandler(8, 'Undefined varia...', 'C:\\xampp\\htdocs...', 373, Array)
#1 C:\xampp\htdocs\github\master\vendor\codeigniter4\framework\system\CodeIgniter.php(940): Modules\D3FastTrack\Controllers\DataSekolah->nowareal_json()
#2 C:\xampp\htdocs\github\master\vendor\codeigniter4\framework\system\CodeIgniter.php(436): CodeIgniter\CodeIgniter->runController(Object(Modules\D3FastTrack\Controllers\DataSekolah))
#3 C:\xampp\htdocs\github\master\vendor\codeigniter4\framework\system\CodeIgniter.php(337): CodeIgniter\CodeIgniter->handleRequest(NULL, Object(Config\Cache), false)
#4 C:\xampp\htdocs\github\master\public\index.php(44): CodeIgniter\CodeIgniter->run()
#5 C:\xampp\htdocs\github\master\vendor\codeigniter4\framework\system\Commands\Server\rewrite.php(45): require_once('C:\\xampp\\htdocs...')
#6 {main}
CRITICAL - 2021-12-09 15:17:20 --> Undefined variable: users
#0 C:\xampp\htdocs\github\master\modules\D3FastTrack\Controllers\DataSekolah.php(373): CodeIgniter\Debug\Exceptions->errorHandler(8, 'Undefined varia...', 'C:\\xampp\\htdocs...', 373, Array)
#1 C:\xampp\htdocs\github\master\vendor\codeigniter4\framework\system\CodeIgniter.php(940): Modules\D3FastTrack\Controllers\DataSekolah->nowareal_json()
#2 C:\xampp\htdocs\github\master\vendor\codeigniter4\framework\system\CodeIgniter.php(436): CodeIgniter\CodeIgniter->runController(Object(Modules\D3FastTrack\Controllers\DataSekolah))
#3 C:\xampp\htdocs\github\master\vendor\codeigniter4\framework\system\CodeIgniter.php(337): CodeIgniter\CodeIgniter->handleRequest(NULL, Object(Config\Cache), false)
#4 C:\xampp\htdocs\github\master\public\index.php(44): CodeIgniter\CodeIgniter->run()
#5 C:\xampp\htdocs\github\master\vendor\codeigniter4\framework\system\Commands\Server\rewrite.php(45): require_once('C:\\xampp\\htdocs...')
#6 {main}
CRITICAL - 2021-12-09 15:17:26 --> Undefined variable: users
#0 C:\xampp\htdocs\github\master\modules\D3FastTrack\Controllers\DataSekolah.php(373): CodeIgniter\Debug\Exceptions->errorHandler(8, 'Undefined varia...', 'C:\\xampp\\htdocs...', 373, Array)
#1 C:\xampp\htdocs\github\master\vendor\codeigniter4\framework\system\CodeIgniter.php(940): Modules\D3FastTrack\Controllers\DataSekolah->nowareal_json()
#2 C:\xampp\htdocs\github\master\vendor\codeigniter4\framework\system\CodeIgniter.php(436): CodeIgniter\CodeIgniter->runController(Object(Modules\D3FastTrack\Controllers\DataSekolah))
#3 C:\xampp\htdocs\github\master\vendor\codeigniter4\framework\system\CodeIgniter.php(337): CodeIgniter\CodeIgniter->handleRequest(NULL, Object(Config\Cache), false)
#4 C:\xampp\htdocs\github\master\public\index.php(44): CodeIgniter\CodeIgniter->run()
#5 C:\xampp\htdocs\github\master\vendor\codeigniter4\framework\system\Commands\Server\rewrite.php(45): require_once('C:\\xampp\\htdocs...')
#6 {main}
