CRITICAL - 2021-11-22 13:40:33 --> Undefined variable: idkategori
#0 C:\xampp\htdocs\github\master\modules\Content\Controllers\DataKategoriArtikel.php(26): CodeIgniter\Debug\Exceptions->errorHandler(8, 'Undefined varia...', 'C:\\xampp\\htdocs...', 26, Array)
#1 C:\xampp\htdocs\github\master\vendor\codeigniter4\framework\system\CodeIgniter.php(940): Modules\Content\Controllers\DataKategoriArtikel->kategori_artikel()
#2 C:\xampp\htdocs\github\master\vendor\codeigniter4\framework\system\CodeIgniter.php(436): CodeIgniter\CodeIgniter->runController(Object(Modules\Content\Controllers\DataKategoriArtikel))
#3 C:\xampp\htdocs\github\master\vendor\codeigniter4\framework\system\CodeIgniter.php(337): CodeIgniter\CodeIgniter->handleRequest(NULL, Object(Config\Cache), false)
#4 C:\xampp\htdocs\github\master\public\index.php(44): CodeIgniter\CodeIgniter->run()
#5 C:\xampp\htdocs\github\master\vendor\codeigniter4\framework\system\Commands\Server\rewrite.php(45): require_once('C:\\xampp\\htdocs...')
#6 {main}
CRITICAL - 2021-11-22 13:40:46 --> Undefined variable: subtitle
#0 C:\xampp\htdocs\github\master\modules\Content\Views\kategoriartikel.php(19): CodeIgniter\Debug\Exceptions->errorHandler(8, 'Undefined varia...', 'C:\\xampp\\htdocs...', 19, Array)
#1 C:\xampp\htdocs\github\master\vendor\codeigniter4\framework\system\View\View.php(220): include('C:\\xampp\\htdocs...')
#2 C:\xampp\htdocs\github\master\vendor\codeigniter4\framework\system\View\View.php(222): CodeIgniter\View\View->CodeIgniter\View\{closure}()
#3 C:\xampp\htdocs\github\master\vendor\codeigniter4\framework\system\Common.php(1217): CodeIgniter\View\View->render('Modules\\Content...', Array, true)
#4 C:\xampp\htdocs\github\master\modules\Content\Controllers\DataKategoriArtikel.php(35): view('Modules\\Content...', Array)
#5 C:\xampp\htdocs\github\master\vendor\codeigniter4\framework\system\CodeIgniter.php(940): Modules\Content\Controllers\DataKategoriArtikel->kategori_artikel()
#6 C:\xampp\htdocs\github\master\vendor\codeigniter4\framework\system\CodeIgniter.php(436): CodeIgniter\CodeIgniter->runController(Object(Modules\Content\Controllers\DataKategoriArtikel))
#7 C:\xampp\htdocs\github\master\vendor\codeigniter4\framework\system\CodeIgniter.php(337): CodeIgniter\CodeIgniter->handleRequest(NULL, Object(Config\Cache), false)
#8 C:\xampp\htdocs\github\master\public\index.php(44): CodeIgniter\CodeIgniter->run()
#9 C:\xampp\htdocs\github\master\vendor\codeigniter4\framework\system\Commands\Server\rewrite.php(45): require_once('C:\\xampp\\htdocs...')
#10 {main}
CRITICAL - 2021-11-22 13:40:47 --> Undefined variable: subtitle
#0 C:\xampp\htdocs\github\master\modules\Content\Views\kategoriartikel.php(19): CodeIgniter\Debug\Exceptions->errorHandler(8, 'Undefined varia...', 'C:\\xampp\\htdocs...', 19, Array)
#1 C:\xampp\htdocs\github\master\vendor\codeigniter4\framework\system\View\View.php(220): include('C:\\xampp\\htdocs...')
#2 C:\xampp\htdocs\github\master\vendor\codeigniter4\framework\system\View\View.php(222): CodeIgniter\View\View->CodeIgniter\View\{closure}()
#3 C:\xampp\htdocs\github\master\vendor\codeigniter4\framework\system\Common.php(1217): CodeIgniter\View\View->render('Modules\\Content...', Array, true)
#4 C:\xampp\htdocs\github\master\modules\Content\Controllers\DataKategoriArtikel.php(35): view('Modules\\Content...', Array)
#5 C:\xampp\htdocs\github\master\vendor\codeigniter4\framework\system\CodeIgniter.php(940): Modules\Content\Controllers\DataKategoriArtikel->kategori_artikel()
#6 C:\xampp\htdocs\github\master\vendor\codeigniter4\framework\system\CodeIgniter.php(436): CodeIgniter\CodeIgniter->runController(Object(Modules\Content\Controllers\DataKategoriArtikel))
#7 C:\xampp\htdocs\github\master\vendor\codeigniter4\framework\system\CodeIgniter.php(337): CodeIgniter\CodeIgniter->handleRequest(NULL, Object(Config\Cache), false)
#8 C:\xampp\htdocs\github\master\public\index.php(44): CodeIgniter\CodeIgniter->run()
#9 C:\xampp\htdocs\github\master\vendor\codeigniter4\framework\system\Commands\Server\rewrite.php(45): require_once('C:\\xampp\\htdocs...')
#10 {main}
ERROR - 2021-11-22 13:41:24 --> mysqli_sql_exception: Unknown column 'idkategori' in 'field list' in C:\xampp\htdocs\github\master\vendor\codeigniter4\framework\system\Database\MySQLi\Connection.php:314
Stack trace:
#0 C:\xampp\htdocs\github\master\vendor\codeigniter4\framework\system\Database\MySQLi\Connection.php(314): mysqli->query('UPDATE `x_kateg...')
#1 C:\xampp\htdocs\github\master\vendor\codeigniter4\framework\system\Database\BaseConnection.php(713): CodeIgniter\Database\MySQLi\Connection->execute('UPDATE `x_kateg...')
#2 C:\xampp\htdocs\github\master\vendor\codeigniter4\framework\system\Database\BaseConnection.php(641): CodeIgniter\Database\BaseConnection->simpleQuery('UPDATE `x_kateg...')
#3 C:\xampp\htdocs\github\master\vendor\codeigniter4\framework\system\Database\BaseBuilder.php(2468): CodeIgniter\Database\BaseConnection->query('UPDATE `x_kateg...', Array, false)
#4 C:\xampp\htdocs\github\master\app\Models\ModelMaster.php(255): CodeIgniter\Database\BaseBuilder->update(Array)
#5 C:\xampp\htdocs\github\master\modules\Content\Controllers\DataKategoriArtikel.php(131): App\Models\ModelMaster->dataedit('x_kategoriartik...', Array, Array)
#6 C:\xampp\htdocs\github\master\vendor\codeigniter4\framework\system\CodeIgniter.php(940): Modules\Content\Controllers\DataKategoriArtikel->edit_kategori_artikel()
#7 C:\xampp\htdocs\github\master\vendor\codeigniter4\framework\system\CodeIgniter.php(436): CodeIgniter\CodeIgniter->runController(Object(Modules\Content\Controllers\DataKategoriArtikel))
#8 C:\xampp\htdocs\github\master\vendor\codeigniter4\framework\system\CodeIgniter.php(337): CodeIgniter\CodeIgniter->handleRequest(NULL, Object(Config\Cache), false)
#9 C:\xampp\htdocs\github\master\public\index.php(44): CodeIgniter\CodeIgniter->run()
#10 C:\xampp\htdocs\github\master\vendor\codeigniter4\framework\system\Commands\Server\rewrite.php(45): require_once('C:\\xampp\\htdocs...')
#11 {main}
CRITICAL - 2021-11-22 13:41:24 --> Unknown column 'idkategori' in 'field list'
#0 C:\xampp\htdocs\github\master\vendor\codeigniter4\framework\system\Database\MySQLi\Connection.php(314): mysqli->query('UPDATE `x_kateg...')
#1 C:\xampp\htdocs\github\master\vendor\codeigniter4\framework\system\Database\BaseConnection.php(713): CodeIgniter\Database\MySQLi\Connection->execute('UPDATE `x_kateg...')
#2 C:\xampp\htdocs\github\master\vendor\codeigniter4\framework\system\Database\BaseConnection.php(641): CodeIgniter\Database\BaseConnection->simpleQuery('UPDATE `x_kateg...')
#3 C:\xampp\htdocs\github\master\vendor\codeigniter4\framework\system\Database\BaseBuilder.php(2468): CodeIgniter\Database\BaseConnection->query('UPDATE `x_kateg...', Array, false)
#4 C:\xampp\htdocs\github\master\app\Models\ModelMaster.php(255): CodeIgniter\Database\BaseBuilder->update(Array)
#5 C:\xampp\htdocs\github\master\modules\Content\Controllers\DataKategoriArtikel.php(131): App\Models\ModelMaster->dataedit('x_kategoriartik...', Array, Array)
#6 C:\xampp\htdocs\github\master\vendor\codeigniter4\framework\system\CodeIgniter.php(940): Modules\Content\Controllers\DataKategoriArtikel->edit_kategori_artikel()
#7 C:\xampp\htdocs\github\master\vendor\codeigniter4\framework\system\CodeIgniter.php(436): CodeIgniter\CodeIgniter->runController(Object(Modules\Content\Controllers\DataKategoriArtikel))
#8 C:\xampp\htdocs\github\master\vendor\codeigniter4\framework\system\CodeIgniter.php(337): CodeIgniter\CodeIgniter->handleRequest(NULL, Object(Config\Cache), false)
#9 C:\xampp\htdocs\github\master\public\index.php(44): CodeIgniter\CodeIgniter->run()
#10 C:\xampp\htdocs\github\master\vendor\codeigniter4\framework\system\Commands\Server\rewrite.php(45): require_once('C:\\xampp\\htdocs...')
#11 {main}
CRITICAL - 2021-11-22 13:41:52 --> Argument 1 passed to CodeIgniter\HTTP\RedirectResponse::to() must be of the type string, null given, called in C:\xampp\htdocs\github\master\modules\Content\Controllers\DataKategoriArtikel.php on line 135
#0 C:\xampp\htdocs\github\master\modules\Content\Controllers\DataKategoriArtikel.php(135): CodeIgniter\HTTP\RedirectResponse->to(NULL)
#1 C:\xampp\htdocs\github\master\vendor\codeigniter4\framework\system\CodeIgniter.php(940): Modules\Content\Controllers\DataKategoriArtikel->edit_kategori_artikel()
#2 C:\xampp\htdocs\github\master\vendor\codeigniter4\framework\system\CodeIgniter.php(436): CodeIgniter\CodeIgniter->runController(Object(Modules\Content\Controllers\DataKategoriArtikel))
#3 C:\xampp\htdocs\github\master\vendor\codeigniter4\framework\system\CodeIgniter.php(337): CodeIgniter\CodeIgniter->handleRequest(NULL, Object(Config\Cache), false)
#4 C:\xampp\htdocs\github\master\public\index.php(44): CodeIgniter\CodeIgniter->run()
#5 C:\xampp\htdocs\github\master\vendor\codeigniter4\framework\system\Commands\Server\rewrite.php(45): require_once('C:\\xampp\\htdocs...')
#6 {main}
CRITICAL - 2021-11-22 13:43:01 --> Trying to access array offset on value of type null
#0 C:\xampp\htdocs\github\master\app\Controllers\BaseController.php(72): CodeIgniter\Debug\Exceptions->errorHandler(8, 'Trying to acces...', 'C:\\xampp\\htdocs...', 72, Array)
#1 C:\xampp\htdocs\github\master\modules\Content\Controllers\DataKategoriArtikel.php(150): App\Controllers\BaseController->logdata('x_kategoriartik...', '3', Array)
#2 C:\xampp\htdocs\github\master\vendor\codeigniter4\framework\system\CodeIgniter.php(940): Modules\Content\Controllers\DataKategoriArtikel->delete_kategori_artikel()
#3 C:\xampp\htdocs\github\master\vendor\codeigniter4\framework\system\CodeIgniter.php(436): CodeIgniter\CodeIgniter->runController(Object(Modules\Content\Controllers\DataKategoriArtikel))
#4 C:\xampp\htdocs\github\master\vendor\codeigniter4\framework\system\CodeIgniter.php(337): CodeIgniter\CodeIgniter->handleRequest(NULL, Object(Config\Cache), false)
#5 C:\xampp\htdocs\github\master\public\index.php(44): CodeIgniter\CodeIgniter->run()
#6 C:\xampp\htdocs\github\master\vendor\codeigniter4\framework\system\Commands\Server\rewrite.php(45): require_once('C:\\xampp\\htdocs...')
#7 {main}
CRITICAL - 2021-11-22 13:43:47 --> Trying to access array offset on value of type null
#0 C:\xampp\htdocs\github\master\app\Controllers\BaseController.php(72): CodeIgniter\Debug\Exceptions->errorHandler(8, 'Trying to acces...', 'C:\\xampp\\htdocs...', 72, Array)
#1 C:\xampp\htdocs\github\master\modules\Content\Controllers\DataKategoriArtikel.php(150): App\Controllers\BaseController->logdata('x_kategoriartik...', '3', Array)
#2 C:\xampp\htdocs\github\master\vendor\codeigniter4\framework\system\CodeIgniter.php(940): Modules\Content\Controllers\DataKategoriArtikel->delete_kategori_artikel()
#3 C:\xampp\htdocs\github\master\vendor\codeigniter4\framework\system\CodeIgniter.php(436): CodeIgniter\CodeIgniter->runController(Object(Modules\Content\Controllers\DataKategoriArtikel))
#4 C:\xampp\htdocs\github\master\vendor\codeigniter4\framework\system\CodeIgniter.php(337): CodeIgniter\CodeIgniter->handleRequest(NULL, Object(Config\Cache), false)
#5 C:\xampp\htdocs\github\master\public\index.php(44): CodeIgniter\CodeIgniter->run()
#6 C:\xampp\htdocs\github\master\vendor\codeigniter4\framework\system\Commands\Server\rewrite.php(45): require_once('C:\\xampp\\htdocs...')
#7 {main}
CRITICAL - 2021-11-22 13:48:38 --> Too few arguments to function Modules\Content\Controllers\DataArtikel::artikel(), 0 passed in C:\xampp\htdocs\github\master\vendor\codeigniter4\framework\system\CodeIgniter.php on line 940 and exactly 1 expected
#0 C:\xampp\htdocs\github\master\vendor\codeigniter4\framework\system\CodeIgniter.php(940): Modules\Content\Controllers\DataArtikel->artikel()
#1 C:\xampp\htdocs\github\master\vendor\codeigniter4\framework\system\CodeIgniter.php(436): CodeIgniter\CodeIgniter->runController(Object(Modules\Content\Controllers\DataArtikel))
#2 C:\xampp\htdocs\github\master\vendor\codeigniter4\framework\system\CodeIgniter.php(337): CodeIgniter\CodeIgniter->handleRequest(NULL, Object(Config\Cache), false)
#3 C:\xampp\htdocs\github\master\public\index.php(44): CodeIgniter\CodeIgniter->run()
#4 C:\xampp\htdocs\github\master\vendor\codeigniter4\framework\system\Commands\Server\rewrite.php(45): require_once('C:\\xampp\\htdocs...')
#5 {main}
CRITICAL - 2021-11-22 13:50:44 --> Too few arguments to function Modules\Content\Controllers\DataArtikel::artikel(), 0 passed in C:\xampp\htdocs\github\master\vendor\codeigniter4\framework\system\CodeIgniter.php on line 940 and exactly 1 expected
#0 C:\xampp\htdocs\github\master\vendor\codeigniter4\framework\system\CodeIgniter.php(940): Modules\Content\Controllers\DataArtikel->artikel()
#1 C:\xampp\htdocs\github\master\vendor\codeigniter4\framework\system\CodeIgniter.php(436): CodeIgniter\CodeIgniter->runController(Object(Modules\Content\Controllers\DataArtikel))
#2 C:\xampp\htdocs\github\master\vendor\codeigniter4\framework\system\CodeIgniter.php(337): CodeIgniter\CodeIgniter->handleRequest(NULL, Object(Config\Cache), false)
#3 C:\xampp\htdocs\github\master\public\index.php(44): CodeIgniter\CodeIgniter->run()
#4 C:\xampp\htdocs\github\master\vendor\codeigniter4\framework\system\Commands\Server\rewrite.php(45): require_once('C:\\xampp\\htdocs...')
#5 {main}
CRITICAL - 2021-11-22 13:50:46 --> Too few arguments to function Modules\Content\Controllers\DataArtikel::artikel(), 0 passed in C:\xampp\htdocs\github\master\vendor\codeigniter4\framework\system\CodeIgniter.php on line 940 and exactly 1 expected
#0 C:\xampp\htdocs\github\master\vendor\codeigniter4\framework\system\CodeIgniter.php(940): Modules\Content\Controllers\DataArtikel->artikel()
#1 C:\xampp\htdocs\github\master\vendor\codeigniter4\framework\system\CodeIgniter.php(436): CodeIgniter\CodeIgniter->runController(Object(Modules\Content\Controllers\DataArtikel))
#2 C:\xampp\htdocs\github\master\vendor\codeigniter4\framework\system\CodeIgniter.php(337): CodeIgniter\CodeIgniter->handleRequest(NULL, Object(Config\Cache), false)
#3 C:\xampp\htdocs\github\master\public\index.php(44): CodeIgniter\CodeIgniter->run()
#4 C:\xampp\htdocs\github\master\vendor\codeigniter4\framework\system\Commands\Server\rewrite.php(45): require_once('C:\\xampp\\htdocs...')
#5 {main}
CRITICAL - 2021-11-22 13:50:47 --> Too few arguments to function Modules\Content\Controllers\DataArtikel::artikel(), 0 passed in C:\xampp\htdocs\github\master\vendor\codeigniter4\framework\system\CodeIgniter.php on line 940 and exactly 1 expected
#0 C:\xampp\htdocs\github\master\vendor\codeigniter4\framework\system\CodeIgniter.php(940): Modules\Content\Controllers\DataArtikel->artikel()
#1 C:\xampp\htdocs\github\master\vendor\codeigniter4\framework\system\CodeIgniter.php(436): CodeIgniter\CodeIgniter->runController(Object(Modules\Content\Controllers\DataArtikel))
#2 C:\xampp\htdocs\github\master\vendor\codeigniter4\framework\system\CodeIgniter.php(337): CodeIgniter\CodeIgniter->handleRequest(NULL, Object(Config\Cache), false)
#3 C:\xampp\htdocs\github\master\public\index.php(44): CodeIgniter\CodeIgniter->run()
#4 C:\xampp\htdocs\github\master\vendor\codeigniter4\framework\system\Commands\Server\rewrite.php(45): require_once('C:\\xampp\\htdocs...')
#5 {main}
CRITICAL - 2021-11-22 13:50:47 --> Too few arguments to function Modules\Content\Controllers\DataArtikel::artikel(), 0 passed in C:\xampp\htdocs\github\master\vendor\codeigniter4\framework\system\CodeIgniter.php on line 940 and exactly 1 expected
#0 C:\xampp\htdocs\github\master\vendor\codeigniter4\framework\system\CodeIgniter.php(940): Modules\Content\Controllers\DataArtikel->artikel()
#1 C:\xampp\htdocs\github\master\vendor\codeigniter4\framework\system\CodeIgniter.php(436): CodeIgniter\CodeIgniter->runController(Object(Modules\Content\Controllers\DataArtikel))
#2 C:\xampp\htdocs\github\master\vendor\codeigniter4\framework\system\CodeIgniter.php(337): CodeIgniter\CodeIgniter->handleRequest(NULL, Object(Config\Cache), false)
#3 C:\xampp\htdocs\github\master\public\index.php(44): CodeIgniter\CodeIgniter->run()
#4 C:\xampp\htdocs\github\master\vendor\codeigniter4\framework\system\Commands\Server\rewrite.php(45): require_once('C:\\xampp\\htdocs...')
#5 {main}
CRITICAL - 2021-11-22 13:50:47 --> Too few arguments to function Modules\Content\Controllers\DataArtikel::artikel(), 0 passed in C:\xampp\htdocs\github\master\vendor\codeigniter4\framework\system\CodeIgniter.php on line 940 and exactly 1 expected
#0 C:\xampp\htdocs\github\master\vendor\codeigniter4\framework\system\CodeIgniter.php(940): Modules\Content\Controllers\DataArtikel->artikel()
#1 C:\xampp\htdocs\github\master\vendor\codeigniter4\framework\system\CodeIgniter.php(436): CodeIgniter\CodeIgniter->runController(Object(Modules\Content\Controllers\DataArtikel))
#2 C:\xampp\htdocs\github\master\vendor\codeigniter4\framework\system\CodeIgniter.php(337): CodeIgniter\CodeIgniter->handleRequest(NULL, Object(Config\Cache), false)
#3 C:\xampp\htdocs\github\master\public\index.php(44): CodeIgniter\CodeIgniter->run()
#4 C:\xampp\htdocs\github\master\vendor\codeigniter4\framework\system\Commands\Server\rewrite.php(45): require_once('C:\\xampp\\htdocs...')
#5 {main}
CRITICAL - 2021-11-22 13:50:48 --> Too few arguments to function Modules\Content\Controllers\DataArtikel::artikel(), 0 passed in C:\xampp\htdocs\github\master\vendor\codeigniter4\framework\system\CodeIgniter.php on line 940 and exactly 1 expected
#0 C:\xampp\htdocs\github\master\vendor\codeigniter4\framework\system\CodeIgniter.php(940): Modules\Content\Controllers\DataArtikel->artikel()
#1 C:\xampp\htdocs\github\master\vendor\codeigniter4\framework\system\CodeIgniter.php(436): CodeIgniter\CodeIgniter->runController(Object(Modules\Content\Controllers\DataArtikel))
#2 C:\xampp\htdocs\github\master\vendor\codeigniter4\framework\system\CodeIgniter.php(337): CodeIgniter\CodeIgniter->handleRequest(NULL, Object(Config\Cache), false)
#3 C:\xampp\htdocs\github\master\public\index.php(44): CodeIgniter\CodeIgniter->run()
#4 C:\xampp\htdocs\github\master\vendor\codeigniter4\framework\system\Commands\Server\rewrite.php(45): require_once('C:\\xampp\\htdocs...')
#5 {main}
CRITICAL - 2021-11-22 13:50:48 --> Too few arguments to function Modules\Content\Controllers\DataArtikel::artikel(), 0 passed in C:\xampp\htdocs\github\master\vendor\codeigniter4\framework\system\CodeIgniter.php on line 940 and exactly 1 expected
#0 C:\xampp\htdocs\github\master\vendor\codeigniter4\framework\system\CodeIgniter.php(940): Modules\Content\Controllers\DataArtikel->artikel()
#1 C:\xampp\htdocs\github\master\vendor\codeigniter4\framework\system\CodeIgniter.php(436): CodeIgniter\CodeIgniter->runController(Object(Modules\Content\Controllers\DataArtikel))
#2 C:\xampp\htdocs\github\master\vendor\codeigniter4\framework\system\CodeIgniter.php(337): CodeIgniter\CodeIgniter->handleRequest(NULL, Object(Config\Cache), false)
#3 C:\xampp\htdocs\github\master\public\index.php(44): CodeIgniter\CodeIgniter->run()
#4 C:\xampp\htdocs\github\master\vendor\codeigniter4\framework\system\Commands\Server\rewrite.php(45): require_once('C:\\xampp\\htdocs...')
#5 {main}
CRITICAL - 2021-11-22 13:50:48 --> Too few arguments to function Modules\Content\Controllers\DataArtikel::artikel(), 0 passed in C:\xampp\htdocs\github\master\vendor\codeigniter4\framework\system\CodeIgniter.php on line 940 and exactly 1 expected
#0 C:\xampp\htdocs\github\master\vendor\codeigniter4\framework\system\CodeIgniter.php(940): Modules\Content\Controllers\DataArtikel->artikel()
#1 C:\xampp\htdocs\github\master\vendor\codeigniter4\framework\system\CodeIgniter.php(436): CodeIgniter\CodeIgniter->runController(Object(Modules\Content\Controllers\DataArtikel))
#2 C:\xampp\htdocs\github\master\vendor\codeigniter4\framework\system\CodeIgniter.php(337): CodeIgniter\CodeIgniter->handleRequest(NULL, Object(Config\Cache), false)
#3 C:\xampp\htdocs\github\master\public\index.php(44): CodeIgniter\CodeIgniter->run()
#4 C:\xampp\htdocs\github\master\vendor\codeigniter4\framework\system\Commands\Server\rewrite.php(45): require_once('C:\\xampp\\htdocs...')
#5 {main}
CRITICAL - 2021-11-22 13:50:49 --> Too few arguments to function Modules\Content\Controllers\DataArtikel::artikel(), 0 passed in C:\xampp\htdocs\github\master\vendor\codeigniter4\framework\system\CodeIgniter.php on line 940 and exactly 1 expected
#0 C:\xampp\htdocs\github\master\vendor\codeigniter4\framework\system\CodeIgniter.php(940): Modules\Content\Controllers\DataArtikel->artikel()
#1 C:\xampp\htdocs\github\master\vendor\codeigniter4\framework\system\CodeIgniter.php(436): CodeIgniter\CodeIgniter->runController(Object(Modules\Content\Controllers\DataArtikel))
#2 C:\xampp\htdocs\github\master\vendor\codeigniter4\framework\system\CodeIgniter.php(337): CodeIgniter\CodeIgniter->handleRequest(NULL, Object(Config\Cache), false)
#3 C:\xampp\htdocs\github\master\public\index.php(44): CodeIgniter\CodeIgniter->run()
#4 C:\xampp\htdocs\github\master\vendor\codeigniter4\framework\system\Commands\Server\rewrite.php(45): require_once('C:\\xampp\\htdocs...')
#5 {main}
CRITICAL - 2021-11-22 13:50:49 --> Too few arguments to function Modules\Content\Controllers\DataArtikel::artikel(), 0 passed in C:\xampp\htdocs\github\master\vendor\codeigniter4\framework\system\CodeIgniter.php on line 940 and exactly 1 expected
#0 C:\xampp\htdocs\github\master\vendor\codeigniter4\framework\system\CodeIgniter.php(940): Modules\Content\Controllers\DataArtikel->artikel()
#1 C:\xampp\htdocs\github\master\vendor\codeigniter4\framework\system\CodeIgniter.php(436): CodeIgniter\CodeIgniter->runController(Object(Modules\Content\Controllers\DataArtikel))
#2 C:\xampp\htdocs\github\master\vendor\codeigniter4\framework\system\CodeIgniter.php(337): CodeIgniter\CodeIgniter->handleRequest(NULL, Object(Config\Cache), false)
#3 C:\xampp\htdocs\github\master\public\index.php(44): CodeIgniter\CodeIgniter->run()
#4 C:\xampp\htdocs\github\master\vendor\codeigniter4\framework\system\Commands\Server\rewrite.php(45): require_once('C:\\xampp\\htdocs...')
#5 {main}
CRITICAL - 2021-11-22 13:50:55 --> Undefined variable: subtitle
#0 C:\xampp\htdocs\github\master\modules\Content\Views\artikel.php(21): CodeIgniter\Debug\Exceptions->errorHandler(8, 'Undefined varia...', 'C:\\xampp\\htdocs...', 21, Array)
#1 C:\xampp\htdocs\github\master\vendor\codeigniter4\framework\system\View\View.php(220): include('C:\\xampp\\htdocs...')
#2 C:\xampp\htdocs\github\master\vendor\codeigniter4\framework\system\View\View.php(222): CodeIgniter\View\View->CodeIgniter\View\{closure}()
#3 C:\xampp\htdocs\github\master\vendor\codeigniter4\framework\system\Common.php(1217): CodeIgniter\View\View->render('Modules\\Content...', Array, true)
#4 C:\xampp\htdocs\github\master\modules\Content\Controllers\DataArtikel.php(54): view('Modules\\Content...', Array)
#5 C:\xampp\htdocs\github\master\vendor\codeigniter4\framework\system\CodeIgniter.php(940): Modules\Content\Controllers\DataArtikel->artikel()
#6 C:\xampp\htdocs\github\master\vendor\codeigniter4\framework\system\CodeIgniter.php(436): CodeIgniter\CodeIgniter->runController(Object(Modules\Content\Controllers\DataArtikel))
#7 C:\xampp\htdocs\github\master\vendor\codeigniter4\framework\system\CodeIgniter.php(337): CodeIgniter\CodeIgniter->handleRequest(NULL, Object(Config\Cache), false)
#8 C:\xampp\htdocs\github\master\public\index.php(44): CodeIgniter\CodeIgniter->run()
#9 C:\xampp\htdocs\github\master\vendor\codeigniter4\framework\system\Commands\Server\rewrite.php(45): require_once('C:\\xampp\\htdocs...')
#10 {main}
CRITICAL - 2021-11-22 13:51:09 --> Undefined variable: tambahlink
#0 C:\xampp\htdocs\github\master\modules\Content\Views\artikel.php(39): CodeIgniter\Debug\Exceptions->errorHandler(8, 'Undefined varia...', 'C:\\xampp\\htdocs...', 39, Array)
#1 C:\xampp\htdocs\github\master\vendor\codeigniter4\framework\system\View\View.php(220): include('C:\\xampp\\htdocs...')
#2 C:\xampp\htdocs\github\master\vendor\codeigniter4\framework\system\View\View.php(222): CodeIgniter\View\View->CodeIgniter\View\{closure}()
#3 C:\xampp\htdocs\github\master\vendor\codeigniter4\framework\system\Common.php(1217): CodeIgniter\View\View->render('Modules\\Content...', Array, true)
#4 C:\xampp\htdocs\github\master\modules\Content\Controllers\DataArtikel.php(54): view('Modules\\Content...', Array)
#5 C:\xampp\htdocs\github\master\vendor\codeigniter4\framework\system\CodeIgniter.php(940): Modules\Content\Controllers\DataArtikel->artikel()
#6 C:\xampp\htdocs\github\master\vendor\codeigniter4\framework\system\CodeIgniter.php(436): CodeIgniter\CodeIgniter->runController(Object(Modules\Content\Controllers\DataArtikel))
#7 C:\xampp\htdocs\github\master\vendor\codeigniter4\framework\system\CodeIgniter.php(337): CodeIgniter\CodeIgniter->handleRequest(NULL, Object(Config\Cache), false)
#8 C:\xampp\htdocs\github\master\public\index.php(44): CodeIgniter\CodeIgniter->run()
#9 C:\xampp\htdocs\github\master\vendor\codeigniter4\framework\system\Commands\Server\rewrite.php(45): require_once('C:\\xampp\\htdocs...')
#10 {main}
CRITICAL - 2021-11-22 13:51:48 --> Too few arguments to function Modules\Content\Controllers\DataArtikel::artikel_tambah(), 0 passed in C:\xampp\htdocs\github\master\vendor\codeigniter4\framework\system\CodeIgniter.php on line 940 and exactly 1 expected
#0 C:\xampp\htdocs\github\master\vendor\codeigniter4\framework\system\CodeIgniter.php(940): Modules\Content\Controllers\DataArtikel->artikel_tambah()
#1 C:\xampp\htdocs\github\master\vendor\codeigniter4\framework\system\CodeIgniter.php(436): CodeIgniter\CodeIgniter->runController(Object(Modules\Content\Controllers\DataArtikel))
#2 C:\xampp\htdocs\github\master\vendor\codeigniter4\framework\system\CodeIgniter.php(337): CodeIgniter\CodeIgniter->handleRequest(NULL, Object(Config\Cache), false)
#3 C:\xampp\htdocs\github\master\public\index.php(44): CodeIgniter\CodeIgniter->run()
#4 C:\xampp\htdocs\github\master\vendor\codeigniter4\framework\system\Commands\Server\rewrite.php(45): require_once('C:\\xampp\\htdocs...')
#5 {main}
CRITICAL - 2021-11-22 14:02:08 --> Undefined index: idkategorisub
#0 C:\xampp\htdocs\github\master\modules\Content\Views\artikel.php(83): CodeIgniter\Debug\Exceptions->errorHandler(8, 'Undefined index...', 'C:\\xampp\\htdocs...', 83, Array)
#1 C:\xampp\htdocs\github\master\vendor\codeigniter4\framework\system\View\View.php(220): include('C:\\xampp\\htdocs...')
#2 C:\xampp\htdocs\github\master\vendor\codeigniter4\framework\system\View\View.php(222): CodeIgniter\View\View->CodeIgniter\View\{closure}()
#3 C:\xampp\htdocs\github\master\vendor\codeigniter4\framework\system\Common.php(1217): CodeIgniter\View\View->render('Modules\\Content...', Array, true)
#4 C:\xampp\htdocs\github\master\modules\Content\Controllers\DataArtikel.php(54): view('Modules\\Content...', Array)
#5 C:\xampp\htdocs\github\master\vendor\codeigniter4\framework\system\CodeIgniter.php(940): Modules\Content\Controllers\DataArtikel->artikel()
#6 C:\xampp\htdocs\github\master\vendor\codeigniter4\framework\system\CodeIgniter.php(436): CodeIgniter\CodeIgniter->runController(Object(Modules\Content\Controllers\DataArtikel))
#7 C:\xampp\htdocs\github\master\vendor\codeigniter4\framework\system\CodeIgniter.php(337): CodeIgniter\CodeIgniter->handleRequest(NULL, Object(Config\Cache), false)
#8 C:\xampp\htdocs\github\master\public\index.php(44): CodeIgniter\CodeIgniter->run()
#9 C:\xampp\htdocs\github\master\vendor\codeigniter4\framework\system\Commands\Server\rewrite.php(45): require_once('C:\\xampp\\htdocs...')
#10 {main}
CRITICAL - 2021-11-22 14:02:48 --> Undefined variable: subtitle
#0 C:\xampp\htdocs\github\master\modules\Content\Views\artikeledit.php(50): CodeIgniter\Debug\Exceptions->errorHandler(8, 'Undefined varia...', 'C:\\xampp\\htdocs...', 50, Array)
#1 C:\xampp\htdocs\github\master\vendor\codeigniter4\framework\system\View\View.php(220): include('C:\\xampp\\htdocs...')
#2 C:\xampp\htdocs\github\master\vendor\codeigniter4\framework\system\View\View.php(222): CodeIgniter\View\View->CodeIgniter\View\{closure}()
#3 C:\xampp\htdocs\github\master\vendor\codeigniter4\framework\system\Common.php(1217): CodeIgniter\View\View->render('Modules\\Content...', Array, true)
#4 C:\xampp\htdocs\github\master\modules\Content\Controllers\DataArtikel.php(187): view('Modules\\Content...', Array)
#5 C:\xampp\htdocs\github\master\vendor\codeigniter4\framework\system\CodeIgniter.php(940): Modules\Content\Controllers\DataArtikel->artikel_edit('d970de030198bee...')
#6 C:\xampp\htdocs\github\master\vendor\codeigniter4\framework\system\CodeIgniter.php(436): CodeIgniter\CodeIgniter->runController(Object(Modules\Content\Controllers\DataArtikel))
#7 C:\xampp\htdocs\github\master\vendor\codeigniter4\framework\system\CodeIgniter.php(337): CodeIgniter\CodeIgniter->handleRequest(NULL, Object(Config\Cache), false)
#8 C:\xampp\htdocs\github\master\public\index.php(44): CodeIgniter\CodeIgniter->run()
#9 C:\xampp\htdocs\github\master\vendor\codeigniter4\framework\system\Commands\Server\rewrite.php(45): require_once('C:\\xampp\\htdocs...')
#10 {main}
CRITICAL - 2021-11-22 14:16:46 --> Class 'Modules\ContentDepan\Models\ModelArtikel' not found
#0 C:\xampp\htdocs\github\master\vendor\codeigniter4\framework\system\CodeIgniter.php(912): Modules\Content\Controllers\DataArtikel->__construct()
#1 C:\xampp\htdocs\github\master\vendor\codeigniter4\framework\system\CodeIgniter.php(426): CodeIgniter\CodeIgniter->createController()
#2 C:\xampp\htdocs\github\master\vendor\codeigniter4\framework\system\CodeIgniter.php(337): CodeIgniter\CodeIgniter->handleRequest(NULL, Object(Config\Cache), false)
#3 C:\xampp\htdocs\github\master\public\index.php(44): CodeIgniter\CodeIgniter->run()
#4 C:\xampp\htdocs\github\master\vendor\codeigniter4\framework\system\Commands\Server\rewrite.php(45): require_once('C:\\xampp\\htdocs...')
#5 {main}
CRITICAL - 2021-11-22 14:17:08 --> Class 'Modules\ContentDepan\Models\ModelArtikel' not found
#0 C:\xampp\htdocs\github\master\vendor\codeigniter4\framework\system\CodeIgniter.php(912): Modules\Content\Controllers\DataArtikel->__construct()
#1 C:\xampp\htdocs\github\master\vendor\codeigniter4\framework\system\CodeIgniter.php(426): CodeIgniter\CodeIgniter->createController()
#2 C:\xampp\htdocs\github\master\vendor\codeigniter4\framework\system\CodeIgniter.php(337): CodeIgniter\CodeIgniter->handleRequest(NULL, Object(Config\Cache), false)
#3 C:\xampp\htdocs\github\master\public\index.php(44): CodeIgniter\CodeIgniter->run()
#4 C:\xampp\htdocs\github\master\vendor\codeigniter4\framework\system\Commands\Server\rewrite.php(45): require_once('C:\\xampp\\htdocs...')
#5 {main}
CRITICAL - 2021-11-22 14:17:10 --> Class 'Modules\ContentDepan\Models\ModelArtikel' not found
#0 C:\xampp\htdocs\github\master\vendor\codeigniter4\framework\system\CodeIgniter.php(912): Modules\Content\Controllers\DataArtikel->__construct()
#1 C:\xampp\htdocs\github\master\vendor\codeigniter4\framework\system\CodeIgniter.php(426): CodeIgniter\CodeIgniter->createController()
#2 C:\xampp\htdocs\github\master\vendor\codeigniter4\framework\system\CodeIgniter.php(337): CodeIgniter\CodeIgniter->handleRequest(NULL, Object(Config\Cache), false)
#3 C:\xampp\htdocs\github\master\public\index.php(44): CodeIgniter\CodeIgniter->run()
#4 C:\xampp\htdocs\github\master\vendor\codeigniter4\framework\system\Commands\Server\rewrite.php(45): require_once('C:\\xampp\\htdocs...')
#5 {main}
CRITICAL - 2021-11-22 14:17:19 --> Undefined variable: pagetext
#0 C:\xampp\htdocs\github\master\modules\Content\Controllers\DataArtikel.php(37): CodeIgniter\Debug\Exceptions->errorHandler(8, 'Undefined varia...', 'C:\\xampp\\htdocs...', 37, Array)
#1 C:\xampp\htdocs\github\master\vendor\codeigniter4\framework\system\CodeIgniter.php(940): Modules\Content\Controllers\DataArtikel->listartikel()
#2 C:\xampp\htdocs\github\master\vendor\codeigniter4\framework\system\CodeIgniter.php(436): CodeIgniter\CodeIgniter->runController(Object(Modules\Content\Controllers\DataArtikel))
#3 C:\xampp\htdocs\github\master\vendor\codeigniter4\framework\system\CodeIgniter.php(337): CodeIgniter\CodeIgniter->handleRequest(NULL, Object(Config\Cache), false)
#4 C:\xampp\htdocs\github\master\public\index.php(44): CodeIgniter\CodeIgniter->run()
#5 C:\xampp\htdocs\github\master\vendor\codeigniter4\framework\system\Commands\Server\rewrite.php(45): require_once('C:\\xampp\\htdocs...')
#6 {main}
CRITICAL - 2021-11-22 14:17:27 --> Invalid file: Modules\ContentDepan\Views\listartikel.php
#0 C:\xampp\htdocs\github\master\vendor\codeigniter4\framework\system\View\View.php(203): CodeIgniter\Exceptions\FrameworkException::forInvalidFile('Modules\\Content...')
#1 C:\xampp\htdocs\github\master\vendor\codeigniter4\framework\system\Common.php(1217): CodeIgniter\View\View->render('Modules\\Content...', Array, true)
#2 C:\xampp\htdocs\github\master\modules\Content\Controllers\DataArtikel.php(40): view('Modules\\Content...', Array)
#3 C:\xampp\htdocs\github\master\vendor\codeigniter4\framework\system\CodeIgniter.php(940): Modules\Content\Controllers\DataArtikel->listartikel()
#4 C:\xampp\htdocs\github\master\vendor\codeigniter4\framework\system\CodeIgniter.php(436): CodeIgniter\CodeIgniter->runController(Object(Modules\Content\Controllers\DataArtikel))
#5 C:\xampp\htdocs\github\master\vendor\codeigniter4\framework\system\CodeIgniter.php(337): CodeIgniter\CodeIgniter->handleRequest(NULL, Object(Config\Cache), false)
#6 C:\xampp\htdocs\github\master\public\index.php(44): CodeIgniter\CodeIgniter->run()
#7 C:\xampp\htdocs\github\master\vendor\codeigniter4\framework\system\Commands\Server\rewrite.php(45): require_once('C:\\xampp\\htdocs...')
#8 {main}
CRITICAL - 2021-11-22 14:17:37 --> Undefined variable: seg
#0 C:\xampp\htdocs\github\master\modules\Layout\Views\sidebar.php(94): CodeIgniter\Debug\Exceptions->errorHandler(8, 'Undefined varia...', 'C:\\xampp\\htdocs...', 94, Array)
#1 C:\xampp\htdocs\github\master\vendor\codeigniter4\framework\system\View\View.php(220): include('C:\\xampp\\htdocs...')
#2 C:\xampp\htdocs\github\master\vendor\codeigniter4\framework\system\View\View.php(222): CodeIgniter\View\View->CodeIgniter\View\{closure}()
#3 C:\xampp\htdocs\github\master\vendor\codeigniter4\framework\system\View\View.php(468): CodeIgniter\View\View->render('Modules\\Layout\\...', NULL, true)
#4 C:\xampp\htdocs\github\master\modules\Layout\Views\layout.php(64): CodeIgniter\View\View->include('Modules\\Layout\\...')
#5 C:\xampp\htdocs\github\master\vendor\codeigniter4\framework\system\View\View.php(220): include('C:\\xampp\\htdocs...')
#6 C:\xampp\htdocs\github\master\vendor\codeigniter4\framework\system\View\View.php(222): CodeIgniter\View\View->CodeIgniter\View\{closure}()
#7 C:\xampp\htdocs\github\master\vendor\codeigniter4\framework\system\View\View.php(236): CodeIgniter\View\View->render('Modules\\Layout\\...', Array, true)
#8 C:\xampp\htdocs\github\master\vendor\codeigniter4\framework\system\Common.php(1217): CodeIgniter\View\View->render('Modules\\Content...', Array, true)
#9 C:\xampp\htdocs\github\master\modules\Content\Controllers\DataArtikel.php(40): view('Modules\\Content...', Array)
#10 C:\xampp\htdocs\github\master\vendor\codeigniter4\framework\system\CodeIgniter.php(940): Modules\Content\Controllers\DataArtikel->listartikel()
#11 C:\xampp\htdocs\github\master\vendor\codeigniter4\framework\system\CodeIgniter.php(436): CodeIgniter\CodeIgniter->runController(Object(Modules\Content\Controllers\DataArtikel))
#12 C:\xampp\htdocs\github\master\vendor\codeigniter4\framework\system\CodeIgniter.php(337): CodeIgniter\CodeIgniter->handleRequest(NULL, Object(Config\Cache), false)
#13 C:\xampp\htdocs\github\master\public\index.php(44): CodeIgniter\CodeIgniter->run()
#14 C:\xampp\htdocs\github\master\vendor\codeigniter4\framework\system\Commands\Server\rewrite.php(45): require_once('C:\\xampp\\htdocs...')
#15 {main}
CRITICAL - 2021-11-22 14:18:21 --> Undefined variable: seg
#0 C:\xampp\htdocs\github\master\modules\Layout\Views\sidebar.php(94): CodeIgniter\Debug\Exceptions->errorHandler(8, 'Undefined varia...', 'C:\\xampp\\htdocs...', 94, Array)
#1 C:\xampp\htdocs\github\master\vendor\codeigniter4\framework\system\View\View.php(220): include('C:\\xampp\\htdocs...')
#2 C:\xampp\htdocs\github\master\vendor\codeigniter4\framework\system\View\View.php(222): CodeIgniter\View\View->CodeIgniter\View\{closure}()
#3 C:\xampp\htdocs\github\master\vendor\codeigniter4\framework\system\View\View.php(468): CodeIgniter\View\View->render('Modules\\Layout\\...', NULL, true)
#4 C:\xampp\htdocs\github\master\modules\Layout\Views\layout.php(64): CodeIgniter\View\View->include('Modules\\Layout\\...')
#5 C:\xampp\htdocs\github\master\vendor\codeigniter4\framework\system\View\View.php(220): include('C:\\xampp\\htdocs...')
#6 C:\xampp\htdocs\github\master\vendor\codeigniter4\framework\system\View\View.php(222): CodeIgniter\View\View->CodeIgniter\View\{closure}()
#7 C:\xampp\htdocs\github\master\vendor\codeigniter4\framework\system\View\View.php(236): CodeIgniter\View\View->render('Modules\\Layout\\...', Array, true)
#8 C:\xampp\htdocs\github\master\vendor\codeigniter4\framework\system\Common.php(1217): CodeIgniter\View\View->render('Modules\\Content...', Array, true)
#9 C:\xampp\htdocs\github\master\modules\Content\Controllers\DataArtikel.php(40): view('Modules\\Content...', Array)
#10 C:\xampp\htdocs\github\master\vendor\codeigniter4\framework\system\CodeIgniter.php(940): Modules\Content\Controllers\DataArtikel->listartikel()
#11 C:\xampp\htdocs\github\master\vendor\codeigniter4\framework\system\CodeIgniter.php(436): CodeIgniter\CodeIgniter->runController(Object(Modules\Content\Controllers\DataArtikel))
#12 C:\xampp\htdocs\github\master\vendor\codeigniter4\framework\system\CodeIgniter.php(337): CodeIgniter\CodeIgniter->handleRequest(NULL, Object(Config\Cache), false)
#13 C:\xampp\htdocs\github\master\public\index.php(44): CodeIgniter\CodeIgniter->run()
#14 C:\xampp\htdocs\github\master\vendor\codeigniter4\framework\system\Commands\Server\rewrite.php(45): require_once('C:\\xampp\\htdocs...')
#15 {main}
CRITICAL - 2021-11-22 14:20:23 --> Undefined variable: pagetext
#0 C:\xampp\htdocs\github\master\modules\Content\Views\listartikel.php(117): CodeIgniter\Debug\Exceptions->errorHandler(8, 'Undefined varia...', 'C:\\xampp\\htdocs...', 117, Array)
#1 C:\xampp\htdocs\github\master\vendor\codeigniter4\framework\system\View\View.php(220): include('C:\\xampp\\htdocs...')
#2 C:\xampp\htdocs\github\master\vendor\codeigniter4\framework\system\View\View.php(222): CodeIgniter\View\View->CodeIgniter\View\{closure}()
#3 C:\xampp\htdocs\github\master\vendor\codeigniter4\framework\system\Common.php(1217): CodeIgniter\View\View->render('Modules\\Content...', Array, true)
#4 C:\xampp\htdocs\github\master\modules\Content\Controllers\DataArtikel.php(39): view('Modules\\Content...', Array)
#5 C:\xampp\htdocs\github\master\vendor\codeigniter4\framework\system\CodeIgniter.php(940): Modules\Content\Controllers\DataArtikel->listartikel()
#6 C:\xampp\htdocs\github\master\vendor\codeigniter4\framework\system\CodeIgniter.php(436): CodeIgniter\CodeIgniter->runController(Object(Modules\Content\Controllers\DataArtikel))
#7 C:\xampp\htdocs\github\master\vendor\codeigniter4\framework\system\CodeIgniter.php(337): CodeIgniter\CodeIgniter->handleRequest(NULL, Object(Config\Cache), false)
#8 C:\xampp\htdocs\github\master\public\index.php(44): CodeIgniter\CodeIgniter->run()
#9 C:\xampp\htdocs\github\master\vendor\codeigniter4\framework\system\Commands\Server\rewrite.php(45): require_once('C:\\xampp\\htdocs...')
#10 {main}
CRITICAL - 2021-11-22 14:20:34 --> Undefined variable: seg
#0 C:\xampp\htdocs\github\master\modules\Layout\Views\sidebar.php(94): CodeIgniter\Debug\Exceptions->errorHandler(8, 'Undefined varia...', 'C:\\xampp\\htdocs...', 94, Array)
#1 C:\xampp\htdocs\github\master\vendor\codeigniter4\framework\system\View\View.php(220): include('C:\\xampp\\htdocs...')
#2 C:\xampp\htdocs\github\master\vendor\codeigniter4\framework\system\View\View.php(222): CodeIgniter\View\View->CodeIgniter\View\{closure}()
#3 C:\xampp\htdocs\github\master\vendor\codeigniter4\framework\system\View\View.php(468): CodeIgniter\View\View->render('Modules\\Layout\\...', NULL, true)
#4 C:\xampp\htdocs\github\master\modules\Layout\Views\layout.php(64): CodeIgniter\View\View->include('Modules\\Layout\\...')
#5 C:\xampp\htdocs\github\master\vendor\codeigniter4\framework\system\View\View.php(220): include('C:\\xampp\\htdocs...')
#6 C:\xampp\htdocs\github\master\vendor\codeigniter4\framework\system\View\View.php(222): CodeIgniter\View\View->CodeIgniter\View\{closure}()
#7 C:\xampp\htdocs\github\master\vendor\codeigniter4\framework\system\View\View.php(236): CodeIgniter\View\View->render('Modules\\Layout\\...', Array, true)
#8 C:\xampp\htdocs\github\master\vendor\codeigniter4\framework\system\Common.php(1217): CodeIgniter\View\View->render('Modules\\Content...', Array, true)
#9 C:\xampp\htdocs\github\master\modules\Content\Controllers\DataArtikel.php(39): view('Modules\\Content...', Array)
#10 C:\xampp\htdocs\github\master\vendor\codeigniter4\framework\system\CodeIgniter.php(940): Modules\Content\Controllers\DataArtikel->listartikel()
#11 C:\xampp\htdocs\github\master\vendor\codeigniter4\framework\system\CodeIgniter.php(436): CodeIgniter\CodeIgniter->runController(Object(Modules\Content\Controllers\DataArtikel))
#12 C:\xampp\htdocs\github\master\vendor\codeigniter4\framework\system\CodeIgniter.php(337): CodeIgniter\CodeIgniter->handleRequest(NULL, Object(Config\Cache), false)
#13 C:\xampp\htdocs\github\master\public\index.php(44): CodeIgniter\CodeIgniter->run()
#14 C:\xampp\htdocs\github\master\vendor\codeigniter4\framework\system\Commands\Server\rewrite.php(45): require_once('C:\\xampp\\htdocs...')
#15 {main}
CRITICAL - 2021-11-22 14:24:37 --> Undefined variable: tlistartikel
#0 C:\xampp\htdocs\github\master\modules\Content\Controllers\DataArtikel.php(36): CodeIgniter\Debug\Exceptions->errorHandler(8, 'Undefined varia...', 'C:\\xampp\\htdocs...', 36, Array)
#1 C:\xampp\htdocs\github\master\vendor\codeigniter4\framework\system\CodeIgniter.php(940): Modules\Content\Controllers\DataArtikel->listartikel()
#2 C:\xampp\htdocs\github\master\vendor\codeigniter4\framework\system\CodeIgniter.php(436): CodeIgniter\CodeIgniter->runController(Object(Modules\Content\Controllers\DataArtikel))
#3 C:\xampp\htdocs\github\master\vendor\codeigniter4\framework\system\CodeIgniter.php(337): CodeIgniter\CodeIgniter->handleRequest(NULL, Object(Config\Cache), false)
#4 C:\xampp\htdocs\github\master\public\index.php(44): CodeIgniter\CodeIgniter->run()
#5 C:\xampp\htdocs\github\master\vendor\codeigniter4\framework\system\Commands\Server\rewrite.php(45): require_once('C:\\xampp\\htdocs...')
#6 {main}
CRITICAL - 2021-11-22 14:27:50 --> Undefined index: random
#0 C:\xampp\htdocs\github\master\modules\Content\Views\listartikel.php(53): CodeIgniter\Debug\Exceptions->errorHandler(8, 'Undefined index...', 'C:\\xampp\\htdocs...', 53, Array)
#1 C:\xampp\htdocs\github\master\vendor\codeigniter4\framework\system\View\View.php(220): include('C:\\xampp\\htdocs...')
#2 C:\xampp\htdocs\github\master\vendor\codeigniter4\framework\system\View\View.php(222): CodeIgniter\View\View->CodeIgniter\View\{closure}()
#3 C:\xampp\htdocs\github\master\vendor\codeigniter4\framework\system\Common.php(1217): CodeIgniter\View\View->render('Modules\\Content...', Array, true)
#4 C:\xampp\htdocs\github\master\modules\Content\Controllers\DataArtikel.php(40): view('Modules\\Content...', Array)
#5 C:\xampp\htdocs\github\master\vendor\codeigniter4\framework\system\CodeIgniter.php(940): Modules\Content\Controllers\DataArtikel->listartikel()
#6 C:\xampp\htdocs\github\master\vendor\codeigniter4\framework\system\CodeIgniter.php(436): CodeIgniter\CodeIgniter->runController(Object(Modules\Content\Controllers\DataArtikel))
#7 C:\xampp\htdocs\github\master\vendor\codeigniter4\framework\system\CodeIgniter.php(337): CodeIgniter\CodeIgniter->handleRequest(NULL, Object(Config\Cache), false)
#8 C:\xampp\htdocs\github\master\public\index.php(44): CodeIgniter\CodeIgniter->run()
#9 C:\xampp\htdocs\github\master\vendor\codeigniter4\framework\system\Commands\Server\rewrite.php(45): require_once('C:\\xampp\\htdocs...')
#10 {main}
CRITICAL - 2021-11-22 14:31:40 --> Undefined variable: last
#0 C:\xampp\htdocs\github\master\modules\Content\Views\listartikel.php(93): CodeIgniter\Debug\Exceptions->errorHandler(8, 'Undefined varia...', 'C:\\xampp\\htdocs...', 93, Array)
#1 C:\xampp\htdocs\github\master\vendor\codeigniter4\framework\system\View\View.php(220): include('C:\\xampp\\htdocs...')
#2 C:\xampp\htdocs\github\master\vendor\codeigniter4\framework\system\View\View.php(222): CodeIgniter\View\View->CodeIgniter\View\{closure}()
#3 C:\xampp\htdocs\github\master\vendor\codeigniter4\framework\system\Common.php(1217): CodeIgniter\View\View->render('Modules\\Content...', Array, true)
#4 C:\xampp\htdocs\github\master\modules\Content\Controllers\DataArtikel.php(49): view('Modules\\Content...', Array)
#5 C:\xampp\htdocs\github\master\vendor\codeigniter4\framework\system\CodeIgniter.php(940): Modules\Content\Controllers\DataArtikel->listartikel()
#6 C:\xampp\htdocs\github\master\vendor\codeigniter4\framework\system\CodeIgniter.php(436): CodeIgniter\CodeIgniter->runController(Object(Modules\Content\Controllers\DataArtikel))
#7 C:\xampp\htdocs\github\master\vendor\codeigniter4\framework\system\CodeIgniter.php(337): CodeIgniter\CodeIgniter->handleRequest(NULL, Object(Config\Cache), false)
#8 C:\xampp\htdocs\github\master\public\index.php(44): CodeIgniter\CodeIgniter->run()
#9 C:\xampp\htdocs\github\master\vendor\codeigniter4\framework\system\Commands\Server\rewrite.php(45): require_once('C:\\xampp\\htdocs...')
#10 {main}
CRITICAL - 2021-11-22 14:34:18 --> Call to undefined method CodeIgniter\Database\MySQLi\Builder::getCountAllResult()
#0 C:\xampp\htdocs\github\master\vendor\codeigniter4\framework\system\View\View.php(220): include()
#1 C:\xampp\htdocs\github\master\vendor\codeigniter4\framework\system\View\View.php(222): CodeIgniter\View\View->CodeIgniter\View\{closure}()
#2 C:\xampp\htdocs\github\master\vendor\codeigniter4\framework\system\Common.php(1217): CodeIgniter\View\View->render('Modules\\Content...', Array, true)
#3 C:\xampp\htdocs\github\master\modules\Content\Controllers\DataArtikel.php(52): view('Modules\\Content...', Array)
#4 C:\xampp\htdocs\github\master\vendor\codeigniter4\framework\system\CodeIgniter.php(940): Modules\Content\Controllers\DataArtikel->listartikel()
#5 C:\xampp\htdocs\github\master\vendor\codeigniter4\framework\system\CodeIgniter.php(436): CodeIgniter\CodeIgniter->runController(Object(Modules\Content\Controllers\DataArtikel))
#6 C:\xampp\htdocs\github\master\vendor\codeigniter4\framework\system\CodeIgniter.php(337): CodeIgniter\CodeIgniter->handleRequest(NULL, Object(Config\Cache), false)
#7 C:\xampp\htdocs\github\master\public\index.php(44): CodeIgniter\CodeIgniter->run()
#8 C:\xampp\htdocs\github\master\vendor\codeigniter4\framework\system\Commands\Server\rewrite.php(45): require_once('C:\\xampp\\htdocs...')
#9 {main}
CRITICAL - 2021-11-22 14:39:57 --> Too few arguments to function Modules\Content\Controllers\DataArtikel::detailartikel(), 0 passed in C:\xampp\htdocs\github\master\vendor\codeigniter4\framework\system\CodeIgniter.php on line 940 and exactly 1 expected
#0 C:\xampp\htdocs\github\master\vendor\codeigniter4\framework\system\CodeIgniter.php(940): Modules\Content\Controllers\DataArtikel->detailartikel()
#1 C:\xampp\htdocs\github\master\vendor\codeigniter4\framework\system\CodeIgniter.php(436): CodeIgniter\CodeIgniter->runController(Object(Modules\Content\Controllers\DataArtikel))
#2 C:\xampp\htdocs\github\master\vendor\codeigniter4\framework\system\CodeIgniter.php(337): CodeIgniter\CodeIgniter->handleRequest(NULL, Object(Config\Cache), false)
#3 C:\xampp\htdocs\github\master\public\index.php(44): CodeIgniter\CodeIgniter->run()
#4 C:\xampp\htdocs\github\master\vendor\codeigniter4\framework\system\Commands\Server\rewrite.php(45): require_once('C:\\xampp\\htdocs...')
#5 {main}
CRITICAL - 2021-11-22 14:40:17 --> Too few arguments to function Modules\Content\Controllers\DataArtikel::detailartikel(), 0 passed in C:\xampp\htdocs\github\master\vendor\codeigniter4\framework\system\CodeIgniter.php on line 940 and exactly 1 expected
#0 C:\xampp\htdocs\github\master\vendor\codeigniter4\framework\system\CodeIgniter.php(940): Modules\Content\Controllers\DataArtikel->detailartikel()
#1 C:\xampp\htdocs\github\master\vendor\codeigniter4\framework\system\CodeIgniter.php(436): CodeIgniter\CodeIgniter->runController(Object(Modules\Content\Controllers\DataArtikel))
#2 C:\xampp\htdocs\github\master\vendor\codeigniter4\framework\system\CodeIgniter.php(337): CodeIgniter\CodeIgniter->handleRequest(NULL, Object(Config\Cache), false)
#3 C:\xampp\htdocs\github\master\public\index.php(44): CodeIgniter\CodeIgniter->run()
#4 C:\xampp\htdocs\github\master\vendor\codeigniter4\framework\system\Commands\Server\rewrite.php(45): require_once('C:\\xampp\\htdocs...')
#5 {main}
ERROR - 2021-11-22 14:42:01 --> mysqli_sql_exception: Column 'random' in where clause is ambiguous in C:\xampp\htdocs\github\master\vendor\codeigniter4\framework\system\Database\MySQLi\Connection.php:314
Stack trace:
#0 C:\xampp\htdocs\github\master\vendor\codeigniter4\framework\system\Database\MySQLi\Connection.php(314): mysqli->query('SELECT `x_artik...')
#1 C:\xampp\htdocs\github\master\vendor\codeigniter4\framework\system\Database\BaseConnection.php(713): CodeIgniter\Database\MySQLi\Connection->execute('SELECT `x_artik...')
#2 C:\xampp\htdocs\github\master\vendor\codeigniter4\framework\system\Database\BaseConnection.php(641): CodeIgniter\Database\BaseConnection->simpleQuery('SELECT `x_artik...')
#3 C:\xampp\htdocs\github\master\vendor\codeigniter4\framework\system\Database\BaseBuilder.php(1866): CodeIgniter\Database\BaseConnection->query('SELECT `x_artik...', Array, false)
#4 C:\xampp\htdocs\github\master\modules\Content\Controllers\DataArtikel.php(64): CodeIgniter\Database\BaseBuilder->get()
#5 C:\xampp\htdocs\github\master\vendor\codeigniter4\framework\system\CodeIgniter.php(940): Modules\Content\Controllers\DataArtikel->detailartikel('6ab1bebffd053c9...')
#6 C:\xampp\htdocs\github\master\vendor\codeigniter4\framework\system\CodeIgniter.php(436): CodeIgniter\CodeIgniter->runController(Object(Modules\Content\Controllers\DataArtikel))
#7 C:\xampp\htdocs\github\master\vendor\codeigniter4\framework\system\CodeIgniter.php(337): CodeIgniter\CodeIgniter->handleRequest(NULL, Object(Config\Cache), false)
#8 C:\xampp\htdocs\github\master\public\index.php(44): CodeIgniter\CodeIgniter->run()
#9 C:\xampp\htdocs\github\master\vendor\codeigniter4\framework\system\Commands\Server\rewrite.php(45): require_once('C:\\xampp\\htdocs...')
#10 {main}
CRITICAL - 2021-11-22 14:42:01 --> Column 'random' in where clause is ambiguous
#0 C:\xampp\htdocs\github\master\vendor\codeigniter4\framework\system\Database\MySQLi\Connection.php(314): mysqli->query('SELECT `x_artik...')
#1 C:\xampp\htdocs\github\master\vendor\codeigniter4\framework\system\Database\BaseConnection.php(713): CodeIgniter\Database\MySQLi\Connection->execute('SELECT `x_artik...')
#2 C:\xampp\htdocs\github\master\vendor\codeigniter4\framework\system\Database\BaseConnection.php(641): CodeIgniter\Database\BaseConnection->simpleQuery('SELECT `x_artik...')
#3 C:\xampp\htdocs\github\master\vendor\codeigniter4\framework\system\Database\BaseBuilder.php(1866): CodeIgniter\Database\BaseConnection->query('SELECT `x_artik...', Array, false)
#4 C:\xampp\htdocs\github\master\modules\Content\Controllers\DataArtikel.php(64): CodeIgniter\Database\BaseBuilder->get()
#5 C:\xampp\htdocs\github\master\vendor\codeigniter4\framework\system\CodeIgniter.php(940): Modules\Content\Controllers\DataArtikel->detailartikel('6ab1bebffd053c9...')
#6 C:\xampp\htdocs\github\master\vendor\codeigniter4\framework\system\CodeIgniter.php(436): CodeIgniter\CodeIgniter->runController(Object(Modules\Content\Controllers\DataArtikel))
#7 C:\xampp\htdocs\github\master\vendor\codeigniter4\framework\system\CodeIgniter.php(337): CodeIgniter\CodeIgniter->handleRequest(NULL, Object(Config\Cache), false)
#8 C:\xampp\htdocs\github\master\public\index.php(44): CodeIgniter\CodeIgniter->run()
#9 C:\xampp\htdocs\github\master\vendor\codeigniter4\framework\system\Commands\Server\rewrite.php(45): require_once('C:\\xampp\\htdocs...')
#10 {main}
CRITICAL - 2021-11-22 14:42:10 --> Invalid file: Modules\Content\Views\detailarikel.php
#0 C:\xampp\htdocs\github\master\vendor\codeigniter4\framework\system\View\View.php(203): CodeIgniter\Exceptions\FrameworkException::forInvalidFile('Modules\\Content...')
#1 C:\xampp\htdocs\github\master\vendor\codeigniter4\framework\system\Common.php(1217): CodeIgniter\View\View->render('Modules\\Content...', Array, true)
#2 C:\xampp\htdocs\github\master\modules\Content\Controllers\DataArtikel.php(86): view('Modules\\Content...', Array)
#3 C:\xampp\htdocs\github\master\vendor\codeigniter4\framework\system\CodeIgniter.php(940): Modules\Content\Controllers\DataArtikel->detailartikel('6ab1bebffd053c9...')
#4 C:\xampp\htdocs\github\master\vendor\codeigniter4\framework\system\CodeIgniter.php(436): CodeIgniter\CodeIgniter->runController(Object(Modules\Content\Controllers\DataArtikel))
#5 C:\xampp\htdocs\github\master\vendor\codeigniter4\framework\system\CodeIgniter.php(337): CodeIgniter\CodeIgniter->handleRequest(NULL, Object(Config\Cache), false)
#6 C:\xampp\htdocs\github\master\public\index.php(44): CodeIgniter\CodeIgniter->run()
#7 C:\xampp\htdocs\github\master\vendor\codeigniter4\framework\system\Commands\Server\rewrite.php(45): require_once('C:\\xampp\\htdocs...')
#8 {main}
CRITICAL - 2021-11-22 14:42:26 --> Trying to access array offset on value of type null
#0 C:\xampp\htdocs\github\master\modules\Layout\Views\sidebar.php(100): CodeIgniter\Debug\Exceptions->errorHandler(8, 'Trying to acces...', 'C:\\xampp\\htdocs...', 100, Array)
#1 C:\xampp\htdocs\github\master\vendor\codeigniter4\framework\system\View\View.php(220): include('C:\\xampp\\htdocs...')
#2 C:\xampp\htdocs\github\master\vendor\codeigniter4\framework\system\View\View.php(222): CodeIgniter\View\View->CodeIgniter\View\{closure}()
#3 C:\xampp\htdocs\github\master\vendor\codeigniter4\framework\system\View\View.php(468): CodeIgniter\View\View->render('Modules\\Layout\\...', NULL, true)
#4 C:\xampp\htdocs\github\master\modules\Layout\Views\layout.php(64): CodeIgniter\View\View->include('Modules\\Layout\\...')
#5 C:\xampp\htdocs\github\master\vendor\codeigniter4\framework\system\View\View.php(220): include('C:\\xampp\\htdocs...')
#6 C:\xampp\htdocs\github\master\vendor\codeigniter4\framework\system\View\View.php(222): CodeIgniter\View\View->CodeIgniter\View\{closure}()
#7 C:\xampp\htdocs\github\master\vendor\codeigniter4\framework\system\View\View.php(236): CodeIgniter\View\View->render('Modules\\Layout\\...', Array, true)
#8 C:\xampp\htdocs\github\master\vendor\codeigniter4\framework\system\Common.php(1217): CodeIgniter\View\View->render('Modules\\Content...', Array, true)
#9 C:\xampp\htdocs\github\master\modules\Content\Controllers\DataArtikel.php(86): view('Modules\\Content...', Array)
#10 C:\xampp\htdocs\github\master\vendor\codeigniter4\framework\system\CodeIgniter.php(940): Modules\Content\Controllers\DataArtikel->detailartikel('6ab1bebffd053c9...')
#11 C:\xampp\htdocs\github\master\vendor\codeigniter4\framework\system\CodeIgniter.php(436): CodeIgniter\CodeIgniter->runController(Object(Modules\Content\Controllers\DataArtikel))
#12 C:\xampp\htdocs\github\master\vendor\codeigniter4\framework\system\CodeIgniter.php(337): CodeIgniter\CodeIgniter->handleRequest(NULL, Object(Config\Cache), false)
#13 C:\xampp\htdocs\github\master\public\index.php(44): CodeIgniter\CodeIgniter->run()
#14 C:\xampp\htdocs\github\master\vendor\codeigniter4\framework\system\Commands\Server\rewrite.php(45): require_once('C:\\xampp\\htdocs...')
#15 {main}
CRITICAL - 2021-11-22 14:42:34 --> Trying to access array offset on value of type null
#0 C:\xampp\htdocs\github\master\modules\Layout\Views\sidebar.php(100): CodeIgniter\Debug\Exceptions->errorHandler(8, 'Trying to acces...', 'C:\\xampp\\htdocs...', 100, Array)
#1 C:\xampp\htdocs\github\master\vendor\codeigniter4\framework\system\View\View.php(220): include('C:\\xampp\\htdocs...')
#2 C:\xampp\htdocs\github\master\vendor\codeigniter4\framework\system\View\View.php(222): CodeIgniter\View\View->CodeIgniter\View\{closure}()
#3 C:\xampp\htdocs\github\master\vendor\codeigniter4\framework\system\View\View.php(468): CodeIgniter\View\View->render('Modules\\Layout\\...', NULL, true)
#4 C:\xampp\htdocs\github\master\modules\Layout\Views\layout.php(64): CodeIgniter\View\View->include('Modules\\Layout\\...')
#5 C:\xampp\htdocs\github\master\vendor\codeigniter4\framework\system\View\View.php(220): include('C:\\xampp\\htdocs...')
#6 C:\xampp\htdocs\github\master\vendor\codeigniter4\framework\system\View\View.php(222): CodeIgniter\View\View->CodeIgniter\View\{closure}()
#7 C:\xampp\htdocs\github\master\vendor\codeigniter4\framework\system\View\View.php(236): CodeIgniter\View\View->render('Modules\\Layout\\...', Array, true)
#8 C:\xampp\htdocs\github\master\vendor\codeigniter4\framework\system\Common.php(1217): CodeIgniter\View\View->render('Modules\\Content...', Array, true)
#9 C:\xampp\htdocs\github\master\modules\Content\Controllers\DataArtikel.php(85): view('Modules\\Content...', Array)
#10 C:\xampp\htdocs\github\master\vendor\codeigniter4\framework\system\CodeIgniter.php(940): Modules\Content\Controllers\DataArtikel->detailartikel('6ab1bebffd053c9...')
#11 C:\xampp\htdocs\github\master\vendor\codeigniter4\framework\system\CodeIgniter.php(436): CodeIgniter\CodeIgniter->runController(Object(Modules\Content\Controllers\DataArtikel))
#12 C:\xampp\htdocs\github\master\vendor\codeigniter4\framework\system\CodeIgniter.php(337): CodeIgniter\CodeIgniter->handleRequest(NULL, Object(Config\Cache), false)
#13 C:\xampp\htdocs\github\master\public\index.php(44): CodeIgniter\CodeIgniter->run()
#14 C:\xampp\htdocs\github\master\vendor\codeigniter4\framework\system\Commands\Server\rewrite.php(45): require_once('C:\\xampp\\htdocs...')
#15 {main}
CRITICAL - 2021-11-22 14:43:38 --> Trying to access array offset on value of type null
#0 C:\xampp\htdocs\github\master\modules\Layout\Views\sidebar.php(100): CodeIgniter\Debug\Exceptions->errorHandler(8, 'Trying to acces...', 'C:\\xampp\\htdocs...', 100, Array)
#1 C:\xampp\htdocs\github\master\vendor\codeigniter4\framework\system\View\View.php(220): include('C:\\xampp\\htdocs...')
#2 C:\xampp\htdocs\github\master\vendor\codeigniter4\framework\system\View\View.php(222): CodeIgniter\View\View->CodeIgniter\View\{closure}()
#3 C:\xampp\htdocs\github\master\vendor\codeigniter4\framework\system\View\View.php(468): CodeIgniter\View\View->render('Modules\\Layout\\...', NULL, true)
#4 C:\xampp\htdocs\github\master\modules\Layout\Views\layout.php(64): CodeIgniter\View\View->include('Modules\\Layout\\...')
#5 C:\xampp\htdocs\github\master\vendor\codeigniter4\framework\system\View\View.php(220): include('C:\\xampp\\htdocs...')
#6 C:\xampp\htdocs\github\master\vendor\codeigniter4\framework\system\View\View.php(222): CodeIgniter\View\View->CodeIgniter\View\{closure}()
#7 C:\xampp\htdocs\github\master\vendor\codeigniter4\framework\system\View\View.php(236): CodeIgniter\View\View->render('Modules\\Layout\\...', Array, true)
#8 C:\xampp\htdocs\github\master\vendor\codeigniter4\framework\system\Common.php(1217): CodeIgniter\View\View->render('Modules\\Content...', Array, true)
#9 C:\xampp\htdocs\github\master\modules\Content\Controllers\DataArtikel.php(85): view('Modules\\Content...', Array)
#10 C:\xampp\htdocs\github\master\vendor\codeigniter4\framework\system\CodeIgniter.php(940): Modules\Content\Controllers\DataArtikel->detailartikel('4f47c7381a6ed5d...')
#11 C:\xampp\htdocs\github\master\vendor\codeigniter4\framework\system\CodeIgniter.php(436): CodeIgniter\CodeIgniter->runController(Object(Modules\Content\Controllers\DataArtikel))
#12 C:\xampp\htdocs\github\master\vendor\codeigniter4\framework\system\CodeIgniter.php(337): CodeIgniter\CodeIgniter->handleRequest(NULL, Object(Config\Cache), false)
#13 C:\xampp\htdocs\github\master\public\index.php(44): CodeIgniter\CodeIgniter->run()
#14 C:\xampp\htdocs\github\master\vendor\codeigniter4\framework\system\Commands\Server\rewrite.php(45): require_once('C:\\xampp\\htdocs...')
#15 {main}
CRITICAL - 2021-11-22 14:44:11 --> Trying to access array offset on value of type null
#0 C:\xampp\htdocs\github\master\modules\Layout\Views\sidebar.php(100): CodeIgniter\Debug\Exceptions->errorHandler(8, 'Trying to acces...', 'C:\\xampp\\htdocs...', 100, Array)
#1 C:\xampp\htdocs\github\master\vendor\codeigniter4\framework\system\View\View.php(220): include('C:\\xampp\\htdocs...')
#2 C:\xampp\htdocs\github\master\vendor\codeigniter4\framework\system\View\View.php(222): CodeIgniter\View\View->CodeIgniter\View\{closure}()
#3 C:\xampp\htdocs\github\master\vendor\codeigniter4\framework\system\View\View.php(468): CodeIgniter\View\View->render('Modules\\Layout\\...', NULL, true)
#4 C:\xampp\htdocs\github\master\modules\Layout\Views\layout.php(64): CodeIgniter\View\View->include('Modules\\Layout\\...')
#5 C:\xampp\htdocs\github\master\vendor\codeigniter4\framework\system\View\View.php(220): include('C:\\xampp\\htdocs...')
#6 C:\xampp\htdocs\github\master\vendor\codeigniter4\framework\system\View\View.php(222): CodeIgniter\View\View->CodeIgniter\View\{closure}()
#7 C:\xampp\htdocs\github\master\vendor\codeigniter4\framework\system\View\View.php(236): CodeIgniter\View\View->render('Modules\\Layout\\...', Array, true)
#8 C:\xampp\htdocs\github\master\vendor\codeigniter4\framework\system\Common.php(1217): CodeIgniter\View\View->render('Modules\\Content...', Array, true)
#9 C:\xampp\htdocs\github\master\modules\Content\Controllers\DataArtikel.php(86): view('Modules\\Content...', Array)
#10 C:\xampp\htdocs\github\master\vendor\codeigniter4\framework\system\CodeIgniter.php(940): Modules\Content\Controllers\DataArtikel->detailartikel('4f47c7381a6ed5d...')
#11 C:\xampp\htdocs\github\master\vendor\codeigniter4\framework\system\CodeIgniter.php(436): CodeIgniter\CodeIgniter->runController(Object(Modules\Content\Controllers\DataArtikel))
#12 C:\xampp\htdocs\github\master\vendor\codeigniter4\framework\system\CodeIgniter.php(337): CodeIgniter\CodeIgniter->handleRequest(NULL, Object(Config\Cache), false)
#13 C:\xampp\htdocs\github\master\public\index.php(44): CodeIgniter\CodeIgniter->run()
#14 C:\xampp\htdocs\github\master\vendor\codeigniter4\framework\system\Commands\Server\rewrite.php(45): require_once('C:\\xampp\\htdocs...')
#15 {main}
CRITICAL - 2021-11-22 14:47:30 --> Trying to access array offset on value of type null
#0 C:\xampp\htdocs\github\master\modules\Content\Controllers\DataArtikel.php(81): CodeIgniter\Debug\Exceptions->errorHandler(8, 'Trying to acces...', 'C:\\xampp\\htdocs...', 81, Array)
#1 C:\xampp\htdocs\github\master\vendor\codeigniter4\framework\system\CodeIgniter.php(940): Modules\Content\Controllers\DataArtikel->detailartikel('vendors', 'images', 'img2.jpg')
#2 C:\xampp\htdocs\github\master\vendor\codeigniter4\framework\system\CodeIgniter.php(436): CodeIgniter\CodeIgniter->runController(Object(Modules\Content\Controllers\DataArtikel))
#3 C:\xampp\htdocs\github\master\vendor\codeigniter4\framework\system\CodeIgniter.php(337): CodeIgniter\CodeIgniter->handleRequest(NULL, Object(Config\Cache), false)
#4 C:\xampp\htdocs\github\master\public\index.php(44): CodeIgniter\CodeIgniter->run()
#5 C:\xampp\htdocs\github\master\vendor\codeigniter4\framework\system\Commands\Server\rewrite.php(45): require_once('C:\\xampp\\htdocs...')
#6 {main}
CRITICAL - 2021-11-22 14:47:41 --> Trying to access array offset on value of type null
#0 C:\xampp\htdocs\github\master\modules\Content\Controllers\DataArtikel.php(81): CodeIgniter\Debug\Exceptions->errorHandler(8, 'Trying to acces...', 'C:\\xampp\\htdocs...', 81, Array)
#1 C:\xampp\htdocs\github\master\vendor\codeigniter4\framework\system\CodeIgniter.php(940): Modules\Content\Controllers\DataArtikel->detailartikel('vendors', 'images', 'img2.jpg')
#2 C:\xampp\htdocs\github\master\vendor\codeigniter4\framework\system\CodeIgniter.php(436): CodeIgniter\CodeIgniter->runController(Object(Modules\Content\Controllers\DataArtikel))
#3 C:\xampp\htdocs\github\master\vendor\codeigniter4\framework\system\CodeIgniter.php(337): CodeIgniter\CodeIgniter->handleRequest(NULL, Object(Config\Cache), false)
#4 C:\xampp\htdocs\github\master\public\index.php(44): CodeIgniter\CodeIgniter->run()
#5 C:\xampp\htdocs\github\master\vendor\codeigniter4\framework\system\Commands\Server\rewrite.php(45): require_once('C:\\xampp\\htdocs...')
#6 {main}
CRITICAL - 2021-11-22 14:50:16 --> Undefined index: namaarikel
#0 C:\xampp\htdocs\github\master\modules\Content\Views\detailartikel.php(47): CodeIgniter\Debug\Exceptions->errorHandler(8, 'Undefined index...', 'C:\\xampp\\htdocs...', 47, Array)
#1 C:\xampp\htdocs\github\master\vendor\codeigniter4\framework\system\View\View.php(220): include('C:\\xampp\\htdocs...')
#2 C:\xampp\htdocs\github\master\vendor\codeigniter4\framework\system\View\View.php(222): CodeIgniter\View\View->CodeIgniter\View\{closure}()
#3 C:\xampp\htdocs\github\master\vendor\codeigniter4\framework\system\Common.php(1217): CodeIgniter\View\View->render('Modules\\Content...', Array, true)
#4 C:\xampp\htdocs\github\master\modules\Content\Controllers\DataArtikel.php(87): view('Modules\\Content...', Array)
#5 C:\xampp\htdocs\github\master\vendor\codeigniter4\framework\system\CodeIgniter.php(940): Modules\Content\Controllers\DataArtikel->detailartikel('6ab1bebffd053c9...')
#6 C:\xampp\htdocs\github\master\vendor\codeigniter4\framework\system\CodeIgniter.php(436): CodeIgniter\CodeIgniter->runController(Object(Modules\Content\Controllers\DataArtikel))
#7 C:\xampp\htdocs\github\master\vendor\codeigniter4\framework\system\CodeIgniter.php(337): CodeIgniter\CodeIgniter->handleRequest(NULL, Object(Config\Cache), false)
#8 C:\xampp\htdocs\github\master\public\index.php(44): CodeIgniter\CodeIgniter->run()
#9 C:\xampp\htdocs\github\master\vendor\codeigniter4\framework\system\Commands\Server\rewrite.php(45): require_once('C:\\xampp\\htdocs...')
#10 {main}
CRITICAL - 2021-11-22 14:53:10 --> Undefined index: namaarikel
#0 C:\xampp\htdocs\github\master\modules\Content\Views\detailartikel.php(47): CodeIgniter\Debug\Exceptions->errorHandler(8, 'Undefined index...', 'C:\\xampp\\htdocs...', 47, Array)
#1 C:\xampp\htdocs\github\master\vendor\codeigniter4\framework\system\View\View.php(220): include('C:\\xampp\\htdocs...')
#2 C:\xampp\htdocs\github\master\vendor\codeigniter4\framework\system\View\View.php(222): CodeIgniter\View\View->CodeIgniter\View\{closure}()
#3 C:\xampp\htdocs\github\master\vendor\codeigniter4\framework\system\Common.php(1217): CodeIgniter\View\View->render('Modules\\Content...', Array, true)
#4 C:\xampp\htdocs\github\master\modules\Content\Controllers\DataArtikel.php(87): view('Modules\\Content...', Array)
#5 C:\xampp\htdocs\github\master\vendor\codeigniter4\framework\system\CodeIgniter.php(940): Modules\Content\Controllers\DataArtikel->detailartikel('6ab1bebffd053c9...')
#6 C:\xampp\htdocs\github\master\vendor\codeigniter4\framework\system\CodeIgniter.php(436): CodeIgniter\CodeIgniter->runController(Object(Modules\Content\Controllers\DataArtikel))
#7 C:\xampp\htdocs\github\master\vendor\codeigniter4\framework\system\CodeIgniter.php(337): CodeIgniter\CodeIgniter->handleRequest(NULL, Object(Config\Cache), false)
#8 C:\xampp\htdocs\github\master\public\index.php(44): CodeIgniter\CodeIgniter->run()
#9 C:\xampp\htdocs\github\master\vendor\codeigniter4\framework\system\Commands\Server\rewrite.php(45): require_once('C:\\xampp\\htdocs...')
#10 {main}
CRITICAL - 2021-11-22 14:58:04 --> Trying to access array offset on value of type null
#0 C:\xampp\htdocs\github\master\modules\Layout\Views\sidebar.php(100): CodeIgniter\Debug\Exceptions->errorHandler(8, 'Trying to acces...', 'C:\\xampp\\htdocs...', 100, Array)
#1 C:\xampp\htdocs\github\master\vendor\codeigniter4\framework\system\View\View.php(220): include('C:\\xampp\\htdocs...')
#2 C:\xampp\htdocs\github\master\vendor\codeigniter4\framework\system\View\View.php(222): CodeIgniter\View\View->CodeIgniter\View\{closure}()
#3 C:\xampp\htdocs\github\master\vendor\codeigniter4\framework\system\View\View.php(468): CodeIgniter\View\View->render('Modules\\Layout\\...', NULL, true)
#4 C:\xampp\htdocs\github\master\modules\Layout\Views\layout.php(64): CodeIgniter\View\View->include('Modules\\Layout\\...')
#5 C:\xampp\htdocs\github\master\vendor\codeigniter4\framework\system\View\View.php(220): include('C:\\xampp\\htdocs...')
#6 C:\xampp\htdocs\github\master\vendor\codeigniter4\framework\system\View\View.php(222): CodeIgniter\View\View->CodeIgniter\View\{closure}()
#7 C:\xampp\htdocs\github\master\vendor\codeigniter4\framework\system\View\View.php(236): CodeIgniter\View\View->render('Modules\\Layout\\...', Array, true)
#8 C:\xampp\htdocs\github\master\vendor\codeigniter4\framework\system\Common.php(1217): CodeIgniter\View\View->render('Modules\\Content...', Array, true)
#9 C:\xampp\htdocs\github\master\modules\Content\Controllers\DataArtikel.php(53): view('Modules\\Content...', Array)
#10 C:\xampp\htdocs\github\master\vendor\codeigniter4\framework\system\CodeIgniter.php(940): Modules\Content\Controllers\DataArtikel->listartikel()
#11 C:\xampp\htdocs\github\master\vendor\codeigniter4\framework\system\CodeIgniter.php(436): CodeIgniter\CodeIgniter->runController(Object(Modules\Content\Controllers\DataArtikel))
#12 C:\xampp\htdocs\github\master\vendor\codeigniter4\framework\system\CodeIgniter.php(337): CodeIgniter\CodeIgniter->handleRequest(NULL, Object(Config\Cache), false)
#13 C:\xampp\htdocs\github\master\public\index.php(44): CodeIgniter\CodeIgniter->run()
#14 C:\xampp\htdocs\github\master\vendor\codeigniter4\framework\system\Commands\Server\rewrite.php(45): require_once('C:\\xampp\\htdocs...')
#15 {main}
CRITICAL - 2021-11-22 15:00:34 --> Trying to access array offset on value of type null
#0 C:\xampp\htdocs\github\master\modules\Content\Controllers\DataArtikel.php(77): CodeIgniter\Debug\Exceptions->errorHandler(8, 'Trying to acces...', 'C:\\xampp\\htdocs...', 77, Array)
#1 C:\xampp\htdocs\github\master\vendor\codeigniter4\framework\system\CodeIgniter.php(940): Modules\Content\Controllers\DataArtikel->detailartikel('detail', '6ab1bebffd053c9...')
#2 C:\xampp\htdocs\github\master\vendor\codeigniter4\framework\system\CodeIgniter.php(436): CodeIgniter\CodeIgniter->runController(Object(Modules\Content\Controllers\DataArtikel))
#3 C:\xampp\htdocs\github\master\vendor\codeigniter4\framework\system\CodeIgniter.php(337): CodeIgniter\CodeIgniter->handleRequest(NULL, Object(Config\Cache), false)
#4 C:\xampp\htdocs\github\master\public\index.php(44): CodeIgniter\CodeIgniter->run()
#5 C:\xampp\htdocs\github\master\vendor\codeigniter4\framework\system\Commands\Server\rewrite.php(45): require_once('C:\\xampp\\htdocs...')
#6 {main}
CRITICAL - 2021-11-22 15:01:13 --> Trying to access array offset on value of type null
#0 C:\xampp\htdocs\github\master\modules\Content\Controllers\DataArtikel.php(77): CodeIgniter\Debug\Exceptions->errorHandler(8, 'Trying to acces...', 'C:\\xampp\\htdocs...', 77, Array)
#1 C:\xampp\htdocs\github\master\vendor\codeigniter4\framework\system\CodeIgniter.php(940): Modules\Content\Controllers\DataArtikel->detailartikel('edit', '6ab1bebffd053c9...')
#2 C:\xampp\htdocs\github\master\vendor\codeigniter4\framework\system\CodeIgniter.php(436): CodeIgniter\CodeIgniter->runController(Object(Modules\Content\Controllers\DataArtikel))
#3 C:\xampp\htdocs\github\master\vendor\codeigniter4\framework\system\CodeIgniter.php(337): CodeIgniter\CodeIgniter->handleRequest(NULL, Object(Config\Cache), false)
#4 C:\xampp\htdocs\github\master\public\index.php(44): CodeIgniter\CodeIgniter->run()
#5 C:\xampp\htdocs\github\master\vendor\codeigniter4\framework\system\Commands\Server\rewrite.php(45): require_once('C:\\xampp\\htdocs...')
#6 {main}
CRITICAL - 2021-11-22 16:15:55 --> Undefined property: stdClass::$namasekolahe
#0 C:\xampp\htdocs\github\master\modules\D3FastTrack\Controllers\DataSekolah.php(95): CodeIgniter\Debug\Exceptions->errorHandler(8, 'Undefined prope...', 'C:\\xampp\\htdocs...', 95, Array)
#1 C:\xampp\htdocs\github\master\vendor\codeigniter4\framework\system\CodeIgniter.php(940): Modules\D3FastTrack\Controllers\DataSekolah->sekolah_json()
#2 C:\xampp\htdocs\github\master\vendor\codeigniter4\framework\system\CodeIgniter.php(436): CodeIgniter\CodeIgniter->runController(Object(Modules\D3FastTrack\Controllers\DataSekolah))
#3 C:\xampp\htdocs\github\master\vendor\codeigniter4\framework\system\CodeIgniter.php(337): CodeIgniter\CodeIgniter->handleRequest(NULL, Object(Config\Cache), false)
#4 C:\xampp\htdocs\github\master\public\index.php(44): CodeIgniter\CodeIgniter->run()
#5 C:\xampp\htdocs\github\master\vendor\codeigniter4\framework\system\Commands\Server\rewrite.php(45): require_once('C:\\xampp\\htdocs...')
#6 {main}
CRITICAL - 2021-11-22 16:15:57 --> Undefined property: stdClass::$namasekolahe
#0 C:\xampp\htdocs\github\master\modules\D3FastTrack\Controllers\DataSekolah.php(95): CodeIgniter\Debug\Exceptions->errorHandler(8, 'Undefined prope...', 'C:\\xampp\\htdocs...', 95, Array)
#1 C:\xampp\htdocs\github\master\vendor\codeigniter4\framework\system\CodeIgniter.php(940): Modules\D3FastTrack\Controllers\DataSekolah->sekolah_json()
#2 C:\xampp\htdocs\github\master\vendor\codeigniter4\framework\system\CodeIgniter.php(436): CodeIgniter\CodeIgniter->runController(Object(Modules\D3FastTrack\Controllers\DataSekolah))
#3 C:\xampp\htdocs\github\master\vendor\codeigniter4\framework\system\CodeIgniter.php(337): CodeIgniter\CodeIgniter->handleRequest(NULL, Object(Config\Cache), false)
#4 C:\xampp\htdocs\github\master\public\index.php(44): CodeIgniter\CodeIgniter->run()
#5 C:\xampp\htdocs\github\master\vendor\codeigniter4\framework\system\Commands\Server\rewrite.php(45): require_once('C:\\xampp\\htdocs...')
#6 {main}
CRITICAL - 2021-11-22 16:15:58 --> Undefined property: stdClass::$namasekolahe
#0 C:\xampp\htdocs\github\master\modules\D3FastTrack\Controllers\DataSekolah.php(95): CodeIgniter\Debug\Exceptions->errorHandler(8, 'Undefined prope...', 'C:\\xampp\\htdocs...', 95, Array)
#1 C:\xampp\htdocs\github\master\vendor\codeigniter4\framework\system\CodeIgniter.php(940): Modules\D3FastTrack\Controllers\DataSekolah->sekolah_json()
#2 C:\xampp\htdocs\github\master\vendor\codeigniter4\framework\system\CodeIgniter.php(436): CodeIgniter\CodeIgniter->runController(Object(Modules\D3FastTrack\Controllers\DataSekolah))
#3 C:\xampp\htdocs\github\master\vendor\codeigniter4\framework\system\CodeIgniter.php(337): CodeIgniter\CodeIgniter->handleRequest(NULL, Object(Config\Cache), false)
#4 C:\xampp\htdocs\github\master\public\index.php(44): CodeIgniter\CodeIgniter->run()
#5 C:\xampp\htdocs\github\master\vendor\codeigniter4\framework\system\Commands\Server\rewrite.php(45): require_once('C:\\xampp\\htdocs...')
#6 {main}
CRITICAL - 2021-11-22 16:15:58 --> Undefined property: stdClass::$namasekolahe
#0 C:\xampp\htdocs\github\master\modules\D3FastTrack\Controllers\DataSekolah.php(95): CodeIgniter\Debug\Exceptions->errorHandler(8, 'Undefined prope...', 'C:\\xampp\\htdocs...', 95, Array)
#1 C:\xampp\htdocs\github\master\vendor\codeigniter4\framework\system\CodeIgniter.php(940): Modules\D3FastTrack\Controllers\DataSekolah->sekolah_json()
#2 C:\xampp\htdocs\github\master\vendor\codeigniter4\framework\system\CodeIgniter.php(436): CodeIgniter\CodeIgniter->runController(Object(Modules\D3FastTrack\Controllers\DataSekolah))
#3 C:\xampp\htdocs\github\master\vendor\codeigniter4\framework\system\CodeIgniter.php(337): CodeIgniter\CodeIgniter->handleRequest(NULL, Object(Config\Cache), false)
#4 C:\xampp\htdocs\github\master\public\index.php(44): CodeIgniter\CodeIgniter->run()
#5 C:\xampp\htdocs\github\master\vendor\codeigniter4\framework\system\Commands\Server\rewrite.php(45): require_once('C:\\xampp\\htdocs...')
#6 {main}
CRITICAL - 2021-11-22 16:16:07 --> Undefined property: stdClass::$namasekolahe
#0 C:\xampp\htdocs\github\master\modules\D3FastTrack\Controllers\DataSekolah.php(95): CodeIgniter\Debug\Exceptions->errorHandler(8, 'Undefined prope...', 'C:\\xampp\\htdocs...', 95, Array)
#1 C:\xampp\htdocs\github\master\vendor\codeigniter4\framework\system\CodeIgniter.php(940): Modules\D3FastTrack\Controllers\DataSekolah->sekolah_json()
#2 C:\xampp\htdocs\github\master\vendor\codeigniter4\framework\system\CodeIgniter.php(436): CodeIgniter\CodeIgniter->runController(Object(Modules\D3FastTrack\Controllers\DataSekolah))
#3 C:\xampp\htdocs\github\master\vendor\codeigniter4\framework\system\CodeIgniter.php(337): CodeIgniter\CodeIgniter->handleRequest(NULL, Object(Config\Cache), false)
#4 C:\xampp\htdocs\github\master\public\index.php(44): CodeIgniter\CodeIgniter->run()
#5 C:\xampp\htdocs\github\master\vendor\codeigniter4\framework\system\Commands\Server\rewrite.php(45): require_once('C:\\xampp\\htdocs...')
#6 {main}
CRITICAL - 2021-11-22 16:16:12 --> Undefined property: stdClass::$namasekolahe
#0 C:\xampp\htdocs\github\master\modules\D3FastTrack\Controllers\DataSekolah.php(95): CodeIgniter\Debug\Exceptions->errorHandler(8, 'Undefined prope...', 'C:\\xampp\\htdocs...', 95, Array)
#1 C:\xampp\htdocs\github\master\vendor\codeigniter4\framework\system\CodeIgniter.php(940): Modules\D3FastTrack\Controllers\DataSekolah->sekolah_json()
#2 C:\xampp\htdocs\github\master\vendor\codeigniter4\framework\system\CodeIgniter.php(436): CodeIgniter\CodeIgniter->runController(Object(Modules\D3FastTrack\Controllers\DataSekolah))
#3 C:\xampp\htdocs\github\master\vendor\codeigniter4\framework\system\CodeIgniter.php(337): CodeIgniter\CodeIgniter->handleRequest(NULL, Object(Config\Cache), false)
#4 C:\xampp\htdocs\github\master\public\index.php(44): CodeIgniter\CodeIgniter->run()
#5 C:\xampp\htdocs\github\master\vendor\codeigniter4\framework\system\Commands\Server\rewrite.php(45): require_once('C:\\xampp\\htdocs...')
#6 {main}
