CRITICAL - 2021-04-23 10:24:08 --> Too few arguments to function Modules\AdminBlog\Controllers\DataBlog::blog_edit(), 0 passed in D:\WEBSITE\xampp-7.4\htdocs\web-master\vendor\codeigniter4\framework\system\CodeIgniter.php on line 936 and exactly 1 expected
#0 D:\WEBSITE\xampp-7.4\htdocs\web-master\vendor\codeigniter4\framework\system\CodeIgniter.php(936): Modules\AdminBlog\Controllers\DataBlog->blog_edit()
#1 D:\WEBSITE\xampp-7.4\htdocs\web-master\vendor\codeigniter4\framework\system\CodeIgniter.php(432): CodeIgniter\CodeIgniter->runController(Object(Modules\AdminBlog\Controllers\DataBlog))
#2 D:\WEBSITE\xampp-7.4\htdocs\web-master\vendor\codeigniter4\framework\system\CodeIgniter.php(333): CodeIgniter\CodeIgniter->handleRequest(NULL, Object(Config\Cache), false)
#3 D:\WEBSITE\xampp-7.4\htdocs\web-master\public\index.php(44): CodeIgniter\CodeIgniter->run()
#4 D:\WEBSITE\xampp-7.4\htdocs\web-master\vendor\codeigniter4\framework\system\Commands\Server\rewrite.php(45): require_once('D:\\WEBSITE\\xamp...')
#5 {main}
CRITICAL - 2021-04-23 10:26:31 --> Undefined index: nama_blog
#0 D:\WEBSITE\xampp-7.4\htdocs\web-master\modules\AdminBlog\Views\blog_edit.php(35): CodeIgniter\Debug\Exceptions->errorHandler(8, 'Undefined index...', 'D:\\WEBSITE\\xamp...', 35, Array)
#1 D:\WEBSITE\xampp-7.4\htdocs\web-master\vendor\codeigniter4\framework\system\View\View.php(220): include('D:\\WEBSITE\\xamp...')
#2 D:\WEBSITE\xampp-7.4\htdocs\web-master\vendor\codeigniter4\framework\system\View\View.php(222): CodeIgniter\View\View->CodeIgniter\View\{closure}()
#3 D:\WEBSITE\xampp-7.4\htdocs\web-master\vendor\codeigniter4\framework\system\Common.php(1217): CodeIgniter\View\View->render('Modules\\AdminBl...', Array, true)
#4 D:\WEBSITE\xampp-7.4\htdocs\web-master\modules\AdminBlog\Controllers\DataBlog.php(69): view('Modules\\AdminBl...', Array)
#5 D:\WEBSITE\xampp-7.4\htdocs\web-master\vendor\codeigniter4\framework\system\CodeIgniter.php(936): Modules\AdminBlog\Controllers\DataBlog->blog_edit('7f6cc2925b8ad4f...')
#6 D:\WEBSITE\xampp-7.4\htdocs\web-master\vendor\codeigniter4\framework\system\CodeIgniter.php(432): CodeIgniter\CodeIgniter->runController(Object(Modules\AdminBlog\Controllers\DataBlog))
#7 D:\WEBSITE\xampp-7.4\htdocs\web-master\vendor\codeigniter4\framework\system\CodeIgniter.php(333): CodeIgniter\CodeIgniter->handleRequest(NULL, Object(Config\Cache), false)
#8 D:\WEBSITE\xampp-7.4\htdocs\web-master\public\index.php(44): CodeIgniter\CodeIgniter->run()
#9 D:\WEBSITE\xampp-7.4\htdocs\web-master\vendor\codeigniter4\framework\system\Commands\Server\rewrite.php(45): require_once('D:\\WEBSITE\\xamp...')
#10 {main}
CRITICAL - 2021-04-23 10:59:07 --> unlink(assets/images/blog/thumbnail/): Is a directory
#0 [internal function]: CodeIgniter\Debug\Exceptions->errorHandler(2, 'unlink(assets/i...', 'D:\\WEBSITE\\xamp...', 209, Array)
#1 D:\WEBSITE\xampp-7.4\htdocs\web-master\modules\AdminBlog\Controllers\DataBlog.php(209): unlink('assets/images/b...')
#2 D:\WEBSITE\xampp-7.4\htdocs\web-master\vendor\codeigniter4\framework\system\CodeIgniter.php(936): Modules\AdminBlog\Controllers\DataBlog->blog_update()
#3 D:\WEBSITE\xampp-7.4\htdocs\web-master\vendor\codeigniter4\framework\system\CodeIgniter.php(432): CodeIgniter\CodeIgniter->runController(Object(Modules\AdminBlog\Controllers\DataBlog))
#4 D:\WEBSITE\xampp-7.4\htdocs\web-master\vendor\codeigniter4\framework\system\CodeIgniter.php(333): CodeIgniter\CodeIgniter->handleRequest(NULL, Object(Config\Cache), false)
#5 D:\WEBSITE\xampp-7.4\htdocs\web-master\public\index.php(44): CodeIgniter\CodeIgniter->run()
#6 D:\WEBSITE\xampp-7.4\htdocs\web-master\vendor\codeigniter4\framework\system\Commands\Server\rewrite.php(45): require_once('D:\\WEBSITE\\xamp...')
#7 {main}
CRITICAL - 2021-04-23 11:00:10 --> unlink(assets/images/blog/thumbnail/): Is a directory
#0 [internal function]: CodeIgniter\Debug\Exceptions->errorHandler(2, 'unlink(assets/i...', 'D:\\WEBSITE\\xamp...', 209, Array)
#1 D:\WEBSITE\xampp-7.4\htdocs\web-master\modules\AdminBlog\Controllers\DataBlog.php(209): unlink('assets/images/b...')
#2 D:\WEBSITE\xampp-7.4\htdocs\web-master\vendor\codeigniter4\framework\system\CodeIgniter.php(936): Modules\AdminBlog\Controllers\DataBlog->blog_update()
#3 D:\WEBSITE\xampp-7.4\htdocs\web-master\vendor\codeigniter4\framework\system\CodeIgniter.php(432): CodeIgniter\CodeIgniter->runController(Object(Modules\AdminBlog\Controllers\DataBlog))
#4 D:\WEBSITE\xampp-7.4\htdocs\web-master\vendor\codeigniter4\framework\system\CodeIgniter.php(333): CodeIgniter\CodeIgniter->handleRequest(NULL, Object(Config\Cache), false)
#5 D:\WEBSITE\xampp-7.4\htdocs\web-master\public\index.php(44): CodeIgniter\CodeIgniter->run()
#6 D:\WEBSITE\xampp-7.4\htdocs\web-master\vendor\codeigniter4\framework\system\Commands\Server\rewrite.php(45): require_once('D:\\WEBSITE\\xamp...')
#7 {main}
CRITICAL - 2021-04-23 11:02:35 --> unlink(assets/images/blog/thumbnail): Is a directory
#0 [internal function]: CodeIgniter\Debug\Exceptions->errorHandler(2, 'unlink(assets/i...', 'D:\\WEBSITE\\xamp...', 209, Array)
#1 D:\WEBSITE\xampp-7.4\htdocs\web-master\modules\AdminBlog\Controllers\DataBlog.php(209): unlink('assets/images/b...')
#2 D:\WEBSITE\xampp-7.4\htdocs\web-master\vendor\codeigniter4\framework\system\CodeIgniter.php(936): Modules\AdminBlog\Controllers\DataBlog->blog_update()
#3 D:\WEBSITE\xampp-7.4\htdocs\web-master\vendor\codeigniter4\framework\system\CodeIgniter.php(432): CodeIgniter\CodeIgniter->runController(Object(Modules\AdminBlog\Controllers\DataBlog))
#4 D:\WEBSITE\xampp-7.4\htdocs\web-master\vendor\codeigniter4\framework\system\CodeIgniter.php(333): CodeIgniter\CodeIgniter->handleRequest(NULL, Object(Config\Cache), false)
#5 D:\WEBSITE\xampp-7.4\htdocs\web-master\public\index.php(44): CodeIgniter\CodeIgniter->run()
#6 D:\WEBSITE\xampp-7.4\htdocs\web-master\vendor\codeigniter4\framework\system\Commands\Server\rewrite.php(45): require_once('D:\\WEBSITE\\xamp...')
#7 {main}
CRITICAL - 2021-04-23 11:06:49 --> unlink(assets/images/blog/thumbnail/): Is a directory
#0 [internal function]: CodeIgniter\Debug\Exceptions->errorHandler(2, 'unlink(assets/i...', 'D:\\WEBSITE\\xamp...', 209, Array)
#1 D:\WEBSITE\xampp-7.4\htdocs\web-master\modules\AdminBlog\Controllers\DataBlog.php(209): unlink('assets/images/b...')
#2 D:\WEBSITE\xampp-7.4\htdocs\web-master\vendor\codeigniter4\framework\system\CodeIgniter.php(936): Modules\AdminBlog\Controllers\DataBlog->blog_update()
#3 D:\WEBSITE\xampp-7.4\htdocs\web-master\vendor\codeigniter4\framework\system\CodeIgniter.php(432): CodeIgniter\CodeIgniter->runController(Object(Modules\AdminBlog\Controllers\DataBlog))
#4 D:\WEBSITE\xampp-7.4\htdocs\web-master\vendor\codeigniter4\framework\system\CodeIgniter.php(333): CodeIgniter\CodeIgniter->handleRequest(NULL, Object(Config\Cache), false)
#5 D:\WEBSITE\xampp-7.4\htdocs\web-master\public\index.php(44): CodeIgniter\CodeIgniter->run()
#6 D:\WEBSITE\xampp-7.4\htdocs\web-master\vendor\codeigniter4\framework\system\Commands\Server\rewrite.php(45): require_once('D:\\WEBSITE\\xamp...')
#7 {main}
CRITICAL - 2021-04-23 11:06:56 --> unlink(assets/images/blog/thumbnail/): Is a directory
#0 [internal function]: CodeIgniter\Debug\Exceptions->errorHandler(2, 'unlink(assets/i...', 'D:\\WEBSITE\\xamp...', 209, Array)
#1 D:\WEBSITE\xampp-7.4\htdocs\web-master\modules\AdminBlog\Controllers\DataBlog.php(209): unlink('assets/images/b...')
#2 D:\WEBSITE\xampp-7.4\htdocs\web-master\vendor\codeigniter4\framework\system\CodeIgniter.php(936): Modules\AdminBlog\Controllers\DataBlog->blog_update()
#3 D:\WEBSITE\xampp-7.4\htdocs\web-master\vendor\codeigniter4\framework\system\CodeIgniter.php(432): CodeIgniter\CodeIgniter->runController(Object(Modules\AdminBlog\Controllers\DataBlog))
#4 D:\WEBSITE\xampp-7.4\htdocs\web-master\vendor\codeigniter4\framework\system\CodeIgniter.php(333): CodeIgniter\CodeIgniter->handleRequest(NULL, Object(Config\Cache), false)
#5 D:\WEBSITE\xampp-7.4\htdocs\web-master\public\index.php(44): CodeIgniter\CodeIgniter->run()
#6 D:\WEBSITE\xampp-7.4\htdocs\web-master\vendor\codeigniter4\framework\system\Commands\Server\rewrite.php(45): require_once('D:\\WEBSITE\\xamp...')
#7 {main}
CRITICAL - 2021-04-23 11:13:34 --> syntax error, unexpected 'as' (T_AS), expecting ';'
#0 D:\WEBSITE\xampp-7.4\htdocs\web-master\vendor\codeigniter4\framework\system\View\View.php(222): CodeIgniter\View\View->CodeIgniter\View\{closure}()
#1 D:\WEBSITE\xampp-7.4\htdocs\web-master\vendor\codeigniter4\framework\system\Common.php(1217): CodeIgniter\View\View->render('Modules\\AdminBl...', Array, true)
#2 D:\WEBSITE\xampp-7.4\htdocs\web-master\modules\AdminBlog\Controllers\DataBlog.php(69): view('Modules\\AdminBl...', Array)
#3 D:\WEBSITE\xampp-7.4\htdocs\web-master\vendor\codeigniter4\framework\system\CodeIgniter.php(936): Modules\AdminBlog\Controllers\DataBlog->blog_edit('02ef0868323b93e...')
#4 D:\WEBSITE\xampp-7.4\htdocs\web-master\vendor\codeigniter4\framework\system\CodeIgniter.php(432): CodeIgniter\CodeIgniter->runController(Object(Modules\AdminBlog\Controllers\DataBlog))
#5 D:\WEBSITE\xampp-7.4\htdocs\web-master\vendor\codeigniter4\framework\system\CodeIgniter.php(333): CodeIgniter\CodeIgniter->handleRequest(NULL, Object(Config\Cache), false)
#6 D:\WEBSITE\xampp-7.4\htdocs\web-master\public\index.php(44): CodeIgniter\CodeIgniter->run()
#7 D:\WEBSITE\xampp-7.4\htdocs\web-master\vendor\codeigniter4\framework\system\Commands\Server\rewrite.php(45): require_once('D:\\WEBSITE\\xamp...')
#8 {main}
CRITICAL - 2021-04-23 11:13:46 --> syntax error, unexpected 'As' (T_AS), expecting ';'
#0 D:\WEBSITE\xampp-7.4\htdocs\web-master\vendor\codeigniter4\framework\system\View\View.php(222): CodeIgniter\View\View->CodeIgniter\View\{closure}()
#1 D:\WEBSITE\xampp-7.4\htdocs\web-master\vendor\codeigniter4\framework\system\Common.php(1217): CodeIgniter\View\View->render('Modules\\AdminBl...', Array, true)
#2 D:\WEBSITE\xampp-7.4\htdocs\web-master\modules\AdminBlog\Controllers\DataBlog.php(69): view('Modules\\AdminBl...', Array)
#3 D:\WEBSITE\xampp-7.4\htdocs\web-master\vendor\codeigniter4\framework\system\CodeIgniter.php(936): Modules\AdminBlog\Controllers\DataBlog->blog_edit('02ef0868323b93e...')
#4 D:\WEBSITE\xampp-7.4\htdocs\web-master\vendor\codeigniter4\framework\system\CodeIgniter.php(432): CodeIgniter\CodeIgniter->runController(Object(Modules\AdminBlog\Controllers\DataBlog))
#5 D:\WEBSITE\xampp-7.4\htdocs\web-master\vendor\codeigniter4\framework\system\CodeIgniter.php(333): CodeIgniter\CodeIgniter->handleRequest(NULL, Object(Config\Cache), false)
#6 D:\WEBSITE\xampp-7.4\htdocs\web-master\public\index.php(44): CodeIgniter\CodeIgniter->run()
#7 D:\WEBSITE\xampp-7.4\htdocs\web-master\vendor\codeigniter4\framework\system\Commands\Server\rewrite.php(45): require_once('D:\\WEBSITE\\xamp...')
#8 {main}
ERROR - 2021-04-23 21:37:43 --> mysqli_sql_exception: Unknown column 'nama_user' in 'field list' in D:\WEBSITE\xampp-7.4\htdocs\web-master\vendor\codeigniter4\framework\system\Database\MySQLi\Connection.php:314
Stack trace:
#0 D:\WEBSITE\xampp-7.4\htdocs\web-master\vendor\codeigniter4\framework\system\Database\MySQLi\Connection.php(314): mysqli->query('SELECT *, `blog...')
#1 D:\WEBSITE\xampp-7.4\htdocs\web-master\vendor\codeigniter4\framework\system\Database\BaseConnection.php(713): CodeIgniter\Database\MySQLi\Connection->execute('SELECT *, `blog...')
#2 D:\WEBSITE\xampp-7.4\htdocs\web-master\vendor\codeigniter4\framework\system\Database\BaseConnection.php(641): CodeIgniter\Database\BaseConnection->simpleQuery('SELECT *, `blog...')
#3 D:\WEBSITE\xampp-7.4\htdocs\web-master\vendor\codeigniter4\framework\system\Database\BaseBuilder.php(1866): CodeIgniter\Database\BaseConnection->query('SELECT *, `blog...', Array, false)
#4 D:\WEBSITE\xampp-7.4\htdocs\web-master\modules\FrontEndBlog\Models\ModelBlog.php(25): CodeIgniter\Database\BaseBuilder->get()
#5 D:\WEBSITE\xampp-7.4\htdocs\web-master\modules\FrontEndBlog\Controllers\Blog.php(23): Modules\FrontEndBlog\Models\ModelBlog->get_blog()
#6 D:\WEBSITE\xampp-7.4\htdocs\web-master\vendor\codeigniter4\framework\system\CodeIgniter.php(936): Modules\FrontEndBlog\Controllers\Blog->index()
#7 D:\WEBSITE\xampp-7.4\htdocs\web-master\vendor\codeigniter4\framework\system\CodeIgniter.php(432): CodeIgniter\CodeIgniter->runController(Object(Modules\FrontEndBlog\Controllers\Blog))
#8 D:\WEBSITE\xampp-7.4\htdocs\web-master\vendor\codeigniter4\framework\system\CodeIgniter.php(333): CodeIgniter\CodeIgniter->handleRequest(NULL, Object(Config\Cache), false)
#9 D:\WEBSITE\xampp-7.4\htdocs\web-master\public\index.php(44): CodeIgniter\CodeIgniter->run()
#10 D:\WEBSITE\xampp-7.4\htdocs\web-master\vendor\codeigniter4\framework\system\Commands\Server\rewrite.php(45): require_once('D:\\WEBSITE\\xamp...')
#11 {main}
CRITICAL - 2021-04-23 21:37:43 --> Unknown column 'nama_user' in 'field list'
#0 D:\WEBSITE\xampp-7.4\htdocs\web-master\vendor\codeigniter4\framework\system\Database\MySQLi\Connection.php(314): mysqli->query('SELECT *, `blog...')
#1 D:\WEBSITE\xampp-7.4\htdocs\web-master\vendor\codeigniter4\framework\system\Database\BaseConnection.php(713): CodeIgniter\Database\MySQLi\Connection->execute('SELECT *, `blog...')
#2 D:\WEBSITE\xampp-7.4\htdocs\web-master\vendor\codeigniter4\framework\system\Database\BaseConnection.php(641): CodeIgniter\Database\BaseConnection->simpleQuery('SELECT *, `blog...')
#3 D:\WEBSITE\xampp-7.4\htdocs\web-master\vendor\codeigniter4\framework\system\Database\BaseBuilder.php(1866): CodeIgniter\Database\BaseConnection->query('SELECT *, `blog...', Array, false)
#4 D:\WEBSITE\xampp-7.4\htdocs\web-master\modules\FrontEndBlog\Models\ModelBlog.php(25): CodeIgniter\Database\BaseBuilder->get()
#5 D:\WEBSITE\xampp-7.4\htdocs\web-master\modules\FrontEndBlog\Controllers\Blog.php(23): Modules\FrontEndBlog\Models\ModelBlog->get_blog()
#6 D:\WEBSITE\xampp-7.4\htdocs\web-master\vendor\codeigniter4\framework\system\CodeIgniter.php(936): Modules\FrontEndBlog\Controllers\Blog->index()
#7 D:\WEBSITE\xampp-7.4\htdocs\web-master\vendor\codeigniter4\framework\system\CodeIgniter.php(432): CodeIgniter\CodeIgniter->runController(Object(Modules\FrontEndBlog\Controllers\Blog))
#8 D:\WEBSITE\xampp-7.4\htdocs\web-master\vendor\codeigniter4\framework\system\CodeIgniter.php(333): CodeIgniter\CodeIgniter->handleRequest(NULL, Object(Config\Cache), false)
#9 D:\WEBSITE\xampp-7.4\htdocs\web-master\public\index.php(44): CodeIgniter\CodeIgniter->run()
#10 D:\WEBSITE\xampp-7.4\htdocs\web-master\vendor\codeigniter4\framework\system\Commands\Server\rewrite.php(45): require_once('D:\\WEBSITE\\xamp...')
#11 {main}
CRITICAL - 2021-04-23 21:40:43 --> Undefined variable: tgl_post
#0 D:\WEBSITE\xampp-7.4\htdocs\web-master\modules\FrontEndBlog\Views\blog.php(24): CodeIgniter\Debug\Exceptions->errorHandler(8, 'Undefined varia...', 'D:\\WEBSITE\\xamp...', 24, Array)
#1 D:\WEBSITE\xampp-7.4\htdocs\web-master\vendor\codeigniter4\framework\system\View\View.php(220): include('D:\\WEBSITE\\xamp...')
#2 D:\WEBSITE\xampp-7.4\htdocs\web-master\vendor\codeigniter4\framework\system\View\View.php(222): CodeIgniter\View\View->CodeIgniter\View\{closure}()
#3 D:\WEBSITE\xampp-7.4\htdocs\web-master\vendor\codeigniter4\framework\system\Common.php(1217): CodeIgniter\View\View->render('Modules\\FrontEn...', Array, true)
#4 D:\WEBSITE\xampp-7.4\htdocs\web-master\modules\FrontEndBlog\Controllers\Blog.php(30): view('Modules\\FrontEn...', Array)
#5 D:\WEBSITE\xampp-7.4\htdocs\web-master\vendor\codeigniter4\framework\system\CodeIgniter.php(936): Modules\FrontEndBlog\Controllers\Blog->index()
#6 D:\WEBSITE\xampp-7.4\htdocs\web-master\vendor\codeigniter4\framework\system\CodeIgniter.php(432): CodeIgniter\CodeIgniter->runController(Object(Modules\FrontEndBlog\Controllers\Blog))
#7 D:\WEBSITE\xampp-7.4\htdocs\web-master\vendor\codeigniter4\framework\system\CodeIgniter.php(333): CodeIgniter\CodeIgniter->handleRequest(NULL, Object(Config\Cache), false)
#8 D:\WEBSITE\xampp-7.4\htdocs\web-master\public\index.php(44): CodeIgniter\CodeIgniter->run()
#9 D:\WEBSITE\xampp-7.4\htdocs\web-master\vendor\codeigniter4\framework\system\Commands\Server\rewrite.php(45): require_once('D:\\WEBSITE\\xamp...')
#10 {main}
CRITICAL - 2021-04-23 21:45:38 --> date_format() expects parameter 1 to be DateTimeInterface, string given
#0 [internal function]: CodeIgniter\Debug\Exceptions->errorHandler(2, 'date_format() e...', 'D:\\WEBSITE\\xamp...', 24, Array)
#1 D:\WEBSITE\xampp-7.4\htdocs\web-master\modules\FrontEndBlog\Views\blog.php(24): date_format('2021-04-23 11:1...', 'Y-m-d')
#2 D:\WEBSITE\xampp-7.4\htdocs\web-master\vendor\codeigniter4\framework\system\View\View.php(220): include('D:\\WEBSITE\\xamp...')
#3 D:\WEBSITE\xampp-7.4\htdocs\web-master\vendor\codeigniter4\framework\system\View\View.php(222): CodeIgniter\View\View->CodeIgniter\View\{closure}()
#4 D:\WEBSITE\xampp-7.4\htdocs\web-master\vendor\codeigniter4\framework\system\Common.php(1217): CodeIgniter\View\View->render('Modules\\FrontEn...', Array, true)
#5 D:\WEBSITE\xampp-7.4\htdocs\web-master\modules\FrontEndBlog\Controllers\Blog.php(30): view('Modules\\FrontEn...', Array)
#6 D:\WEBSITE\xampp-7.4\htdocs\web-master\vendor\codeigniter4\framework\system\CodeIgniter.php(936): Modules\FrontEndBlog\Controllers\Blog->index()
#7 D:\WEBSITE\xampp-7.4\htdocs\web-master\vendor\codeigniter4\framework\system\CodeIgniter.php(432): CodeIgniter\CodeIgniter->runController(Object(Modules\FrontEndBlog\Controllers\Blog))
#8 D:\WEBSITE\xampp-7.4\htdocs\web-master\vendor\codeigniter4\framework\system\CodeIgniter.php(333): CodeIgniter\CodeIgniter->handleRequest(NULL, Object(Config\Cache), false)
#9 D:\WEBSITE\xampp-7.4\htdocs\web-master\public\index.php(44): CodeIgniter\CodeIgniter->run()
#10 D:\WEBSITE\xampp-7.4\htdocs\web-master\vendor\codeigniter4\framework\system\Commands\Server\rewrite.php(45): require_once('D:\\WEBSITE\\xamp...')
#11 {main}
CRITICAL - 2021-04-23 21:46:17 --> date_format() expects parameter 1 to be DateTimeInterface, string given
#0 [internal function]: CodeIgniter\Debug\Exceptions->errorHandler(2, 'date_format() e...', 'D:\\WEBSITE\\xamp...', 24, Array)
#1 D:\WEBSITE\xampp-7.4\htdocs\web-master\modules\FrontEndBlog\Views\blog.php(24): date_format('2021-04-23 11:1...', 'Y-m-d')
#2 D:\WEBSITE\xampp-7.4\htdocs\web-master\vendor\codeigniter4\framework\system\View\View.php(220): include('D:\\WEBSITE\\xamp...')
#3 D:\WEBSITE\xampp-7.4\htdocs\web-master\vendor\codeigniter4\framework\system\View\View.php(222): CodeIgniter\View\View->CodeIgniter\View\{closure}()
#4 D:\WEBSITE\xampp-7.4\htdocs\web-master\vendor\codeigniter4\framework\system\Common.php(1217): CodeIgniter\View\View->render('Modules\\FrontEn...', Array, true)
#5 D:\WEBSITE\xampp-7.4\htdocs\web-master\modules\FrontEndBlog\Controllers\Blog.php(30): view('Modules\\FrontEn...', Array)
#6 D:\WEBSITE\xampp-7.4\htdocs\web-master\vendor\codeigniter4\framework\system\CodeIgniter.php(936): Modules\FrontEndBlog\Controllers\Blog->index()
#7 D:\WEBSITE\xampp-7.4\htdocs\web-master\vendor\codeigniter4\framework\system\CodeIgniter.php(432): CodeIgniter\CodeIgniter->runController(Object(Modules\FrontEndBlog\Controllers\Blog))
#8 D:\WEBSITE\xampp-7.4\htdocs\web-master\vendor\codeigniter4\framework\system\CodeIgniter.php(333): CodeIgniter\CodeIgniter->handleRequest(NULL, Object(Config\Cache), false)
#9 D:\WEBSITE\xampp-7.4\htdocs\web-master\public\index.php(44): CodeIgniter\CodeIgniter->run()
#10 D:\WEBSITE\xampp-7.4\htdocs\web-master\vendor\codeigniter4\framework\system\Commands\Server\rewrite.php(45): require_once('D:\\WEBSITE\\xamp...')
#11 {main}
CRITICAL - 2021-04-23 21:49:23 --> date_create() expects parameter 2 to be DateTimeZone, string given
#0 [internal function]: CodeIgniter\Debug\Exceptions->errorHandler(2, 'date_create() e...', 'D:\\WEBSITE\\xamp...', 17, Array)
#1 D:\WEBSITE\xampp-7.4\htdocs\web-master\app\Helpers\my_helpers.php(17): date_create('2021-04-23 11:1...', 'Y-m-d')
#2 D:\WEBSITE\xampp-7.4\htdocs\web-master\modules\FrontEndBlog\Views\blog.php(24): dt_tgl('2021-04-23 11:1...')
#3 D:\WEBSITE\xampp-7.4\htdocs\web-master\vendor\codeigniter4\framework\system\View\View.php(220): include('D:\\WEBSITE\\xamp...')
#4 D:\WEBSITE\xampp-7.4\htdocs\web-master\vendor\codeigniter4\framework\system\View\View.php(222): CodeIgniter\View\View->CodeIgniter\View\{closure}()
#5 D:\WEBSITE\xampp-7.4\htdocs\web-master\vendor\codeigniter4\framework\system\Common.php(1217): CodeIgniter\View\View->render('Modules\\FrontEn...', Array, true)
#6 D:\WEBSITE\xampp-7.4\htdocs\web-master\modules\FrontEndBlog\Controllers\Blog.php(30): view('Modules\\FrontEn...', Array)
#7 D:\WEBSITE\xampp-7.4\htdocs\web-master\vendor\codeigniter4\framework\system\CodeIgniter.php(936): Modules\FrontEndBlog\Controllers\Blog->index()
#8 D:\WEBSITE\xampp-7.4\htdocs\web-master\vendor\codeigniter4\framework\system\CodeIgniter.php(432): CodeIgniter\CodeIgniter->runController(Object(Modules\FrontEndBlog\Controllers\Blog))
#9 D:\WEBSITE\xampp-7.4\htdocs\web-master\vendor\codeigniter4\framework\system\CodeIgniter.php(333): CodeIgniter\CodeIgniter->handleRequest(NULL, Object(Config\Cache), false)
#10 D:\WEBSITE\xampp-7.4\htdocs\web-master\public\index.php(44): CodeIgniter\CodeIgniter->run()
#11 D:\WEBSITE\xampp-7.4\htdocs\web-master\vendor\codeigniter4\framework\system\Commands\Server\rewrite.php(45): require_once('D:\\WEBSITE\\xamp...')
#12 {main}
CRITICAL - 2021-04-23 21:49:24 --> date_create() expects parameter 2 to be DateTimeZone, string given
#0 [internal function]: CodeIgniter\Debug\Exceptions->errorHandler(2, 'date_create() e...', 'D:\\WEBSITE\\xamp...', 17, Array)
#1 D:\WEBSITE\xampp-7.4\htdocs\web-master\app\Helpers\my_helpers.php(17): date_create('2021-04-23 11:1...', 'Y-m-d')
#2 D:\WEBSITE\xampp-7.4\htdocs\web-master\modules\FrontEndBlog\Views\blog.php(24): dt_tgl('2021-04-23 11:1...')
#3 D:\WEBSITE\xampp-7.4\htdocs\web-master\vendor\codeigniter4\framework\system\View\View.php(220): include('D:\\WEBSITE\\xamp...')
#4 D:\WEBSITE\xampp-7.4\htdocs\web-master\vendor\codeigniter4\framework\system\View\View.php(222): CodeIgniter\View\View->CodeIgniter\View\{closure}()
#5 D:\WEBSITE\xampp-7.4\htdocs\web-master\vendor\codeigniter4\framework\system\Common.php(1217): CodeIgniter\View\View->render('Modules\\FrontEn...', Array, true)
#6 D:\WEBSITE\xampp-7.4\htdocs\web-master\modules\FrontEndBlog\Controllers\Blog.php(30): view('Modules\\FrontEn...', Array)
#7 D:\WEBSITE\xampp-7.4\htdocs\web-master\vendor\codeigniter4\framework\system\CodeIgniter.php(936): Modules\FrontEndBlog\Controllers\Blog->index()
#8 D:\WEBSITE\xampp-7.4\htdocs\web-master\vendor\codeigniter4\framework\system\CodeIgniter.php(432): CodeIgniter\CodeIgniter->runController(Object(Modules\FrontEndBlog\Controllers\Blog))
#9 D:\WEBSITE\xampp-7.4\htdocs\web-master\vendor\codeigniter4\framework\system\CodeIgniter.php(333): CodeIgniter\CodeIgniter->handleRequest(NULL, Object(Config\Cache), false)
#10 D:\WEBSITE\xampp-7.4\htdocs\web-master\public\index.php(44): CodeIgniter\CodeIgniter->run()
#11 D:\WEBSITE\xampp-7.4\htdocs\web-master\vendor\codeigniter4\framework\system\Commands\Server\rewrite.php(45): require_once('D:\\WEBSITE\\xamp...')
#12 {main}
CRITICAL - 2021-04-23 21:50:02 --> date_create() expects parameter 2 to be DateTimeZone, string given
#0 [internal function]: CodeIgniter\Debug\Exceptions->errorHandler(2, 'date_create() e...', 'D:\\WEBSITE\\xamp...', 17, Array)
#1 D:\WEBSITE\xampp-7.4\htdocs\web-master\app\Helpers\my_helpers.php(17): date_create('2021-04-23 11:1...', 'Y-m-d')
#2 D:\WEBSITE\xampp-7.4\htdocs\web-master\modules\FrontEndBlog\Views\blog.php(24): dt_tgl('2021-04-23 11:1...')
#3 D:\WEBSITE\xampp-7.4\htdocs\web-master\vendor\codeigniter4\framework\system\View\View.php(220): include('D:\\WEBSITE\\xamp...')
#4 D:\WEBSITE\xampp-7.4\htdocs\web-master\vendor\codeigniter4\framework\system\View\View.php(222): CodeIgniter\View\View->CodeIgniter\View\{closure}()
#5 D:\WEBSITE\xampp-7.4\htdocs\web-master\vendor\codeigniter4\framework\system\Common.php(1217): CodeIgniter\View\View->render('Modules\\FrontEn...', Array, true)
#6 D:\WEBSITE\xampp-7.4\htdocs\web-master\modules\FrontEndBlog\Controllers\Blog.php(30): view('Modules\\FrontEn...', Array)
#7 D:\WEBSITE\xampp-7.4\htdocs\web-master\vendor\codeigniter4\framework\system\CodeIgniter.php(936): Modules\FrontEndBlog\Controllers\Blog->index()
#8 D:\WEBSITE\xampp-7.4\htdocs\web-master\vendor\codeigniter4\framework\system\CodeIgniter.php(432): CodeIgniter\CodeIgniter->runController(Object(Modules\FrontEndBlog\Controllers\Blog))
#9 D:\WEBSITE\xampp-7.4\htdocs\web-master\vendor\codeigniter4\framework\system\CodeIgniter.php(333): CodeIgniter\CodeIgniter->handleRequest(NULL, Object(Config\Cache), false)
#10 D:\WEBSITE\xampp-7.4\htdocs\web-master\public\index.php(44): CodeIgniter\CodeIgniter->run()
#11 D:\WEBSITE\xampp-7.4\htdocs\web-master\vendor\codeigniter4\framework\system\Commands\Server\rewrite.php(45): require_once('D:\\WEBSITE\\xamp...')
#12 {main}
CRITICAL - 2021-04-23 21:50:03 --> date_create() expects parameter 2 to be DateTimeZone, string given
#0 [internal function]: CodeIgniter\Debug\Exceptions->errorHandler(2, 'date_create() e...', 'D:\\WEBSITE\\xamp...', 17, Array)
#1 D:\WEBSITE\xampp-7.4\htdocs\web-master\app\Helpers\my_helpers.php(17): date_create('2021-04-23 11:1...', 'Y-m-d')
#2 D:\WEBSITE\xampp-7.4\htdocs\web-master\modules\FrontEndBlog\Views\blog.php(24): dt_tgl('2021-04-23 11:1...')
#3 D:\WEBSITE\xampp-7.4\htdocs\web-master\vendor\codeigniter4\framework\system\View\View.php(220): include('D:\\WEBSITE\\xamp...')
#4 D:\WEBSITE\xampp-7.4\htdocs\web-master\vendor\codeigniter4\framework\system\View\View.php(222): CodeIgniter\View\View->CodeIgniter\View\{closure}()
#5 D:\WEBSITE\xampp-7.4\htdocs\web-master\vendor\codeigniter4\framework\system\Common.php(1217): CodeIgniter\View\View->render('Modules\\FrontEn...', Array, true)
#6 D:\WEBSITE\xampp-7.4\htdocs\web-master\modules\FrontEndBlog\Controllers\Blog.php(30): view('Modules\\FrontEn...', Array)
#7 D:\WEBSITE\xampp-7.4\htdocs\web-master\vendor\codeigniter4\framework\system\CodeIgniter.php(936): Modules\FrontEndBlog\Controllers\Blog->index()
#8 D:\WEBSITE\xampp-7.4\htdocs\web-master\vendor\codeigniter4\framework\system\CodeIgniter.php(432): CodeIgniter\CodeIgniter->runController(Object(Modules\FrontEndBlog\Controllers\Blog))
#9 D:\WEBSITE\xampp-7.4\htdocs\web-master\vendor\codeigniter4\framework\system\CodeIgniter.php(333): CodeIgniter\CodeIgniter->handleRequest(NULL, Object(Config\Cache), false)
#10 D:\WEBSITE\xampp-7.4\htdocs\web-master\public\index.php(44): CodeIgniter\CodeIgniter->run()
#11 D:\WEBSITE\xampp-7.4\htdocs\web-master\vendor\codeigniter4\framework\system\Commands\Server\rewrite.php(45): require_once('D:\\WEBSITE\\xamp...')
#12 {main}
CRITICAL - 2021-04-23 21:50:03 --> date_create() expects parameter 2 to be DateTimeZone, string given
#0 [internal function]: CodeIgniter\Debug\Exceptions->errorHandler(2, 'date_create() e...', 'D:\\WEBSITE\\xamp...', 17, Array)
#1 D:\WEBSITE\xampp-7.4\htdocs\web-master\app\Helpers\my_helpers.php(17): date_create('2021-04-23 11:1...', 'Y-m-d')
#2 D:\WEBSITE\xampp-7.4\htdocs\web-master\modules\FrontEndBlog\Views\blog.php(24): dt_tgl('2021-04-23 11:1...')
#3 D:\WEBSITE\xampp-7.4\htdocs\web-master\vendor\codeigniter4\framework\system\View\View.php(220): include('D:\\WEBSITE\\xamp...')
#4 D:\WEBSITE\xampp-7.4\htdocs\web-master\vendor\codeigniter4\framework\system\View\View.php(222): CodeIgniter\View\View->CodeIgniter\View\{closure}()
#5 D:\WEBSITE\xampp-7.4\htdocs\web-master\vendor\codeigniter4\framework\system\Common.php(1217): CodeIgniter\View\View->render('Modules\\FrontEn...', Array, true)
#6 D:\WEBSITE\xampp-7.4\htdocs\web-master\modules\FrontEndBlog\Controllers\Blog.php(30): view('Modules\\FrontEn...', Array)
#7 D:\WEBSITE\xampp-7.4\htdocs\web-master\vendor\codeigniter4\framework\system\CodeIgniter.php(936): Modules\FrontEndBlog\Controllers\Blog->index()
#8 D:\WEBSITE\xampp-7.4\htdocs\web-master\vendor\codeigniter4\framework\system\CodeIgniter.php(432): CodeIgniter\CodeIgniter->runController(Object(Modules\FrontEndBlog\Controllers\Blog))
#9 D:\WEBSITE\xampp-7.4\htdocs\web-master\vendor\codeigniter4\framework\system\CodeIgniter.php(333): CodeIgniter\CodeIgniter->handleRequest(NULL, Object(Config\Cache), false)
#10 D:\WEBSITE\xampp-7.4\htdocs\web-master\public\index.php(44): CodeIgniter\CodeIgniter->run()
#11 D:\WEBSITE\xampp-7.4\htdocs\web-master\vendor\codeigniter4\framework\system\Commands\Server\rewrite.php(45): require_once('D:\\WEBSITE\\xamp...')
#12 {main}
CRITICAL - 2021-04-23 21:55:19 --> DateTime::__construct() expects parameter 2 to be DateTimeZone, string given
#0 D:\WEBSITE\xampp-7.4\htdocs\web-master\app\Helpers\my_helpers.php(17): DateTime->__construct('2021-04-23 11:1...', 'Y-m-d')
#1 D:\WEBSITE\xampp-7.4\htdocs\web-master\modules\FrontEndBlog\Views\blog.php(24): dt_tgl('2021-04-23 11:1...')
#2 D:\WEBSITE\xampp-7.4\htdocs\web-master\vendor\codeigniter4\framework\system\View\View.php(220): include('D:\\WEBSITE\\xamp...')
#3 D:\WEBSITE\xampp-7.4\htdocs\web-master\vendor\codeigniter4\framework\system\View\View.php(222): CodeIgniter\View\View->CodeIgniter\View\{closure}()
#4 D:\WEBSITE\xampp-7.4\htdocs\web-master\vendor\codeigniter4\framework\system\Common.php(1217): CodeIgniter\View\View->render('Modules\\FrontEn...', Array, true)
#5 D:\WEBSITE\xampp-7.4\htdocs\web-master\modules\FrontEndBlog\Controllers\Blog.php(30): view('Modules\\FrontEn...', Array)
#6 D:\WEBSITE\xampp-7.4\htdocs\web-master\vendor\codeigniter4\framework\system\CodeIgniter.php(936): Modules\FrontEndBlog\Controllers\Blog->index()
#7 D:\WEBSITE\xampp-7.4\htdocs\web-master\vendor\codeigniter4\framework\system\CodeIgniter.php(432): CodeIgniter\CodeIgniter->runController(Object(Modules\FrontEndBlog\Controllers\Blog))
#8 D:\WEBSITE\xampp-7.4\htdocs\web-master\vendor\codeigniter4\framework\system\CodeIgniter.php(333): CodeIgniter\CodeIgniter->handleRequest(NULL, Object(Config\Cache), false)
#9 D:\WEBSITE\xampp-7.4\htdocs\web-master\public\index.php(44): CodeIgniter\CodeIgniter->run()
#10 D:\WEBSITE\xampp-7.4\htdocs\web-master\vendor\codeigniter4\framework\system\Commands\Server\rewrite.php(45): require_once('D:\\WEBSITE\\xamp...')
#11 {main}
CRITICAL - 2021-04-23 22:10:57 --> Call to a member function paginate() on array
#0 D:\WEBSITE\xampp-7.4\htdocs\web-master\vendor\codeigniter4\framework\system\CodeIgniter.php(936): Modules\FrontEndBlog\Controllers\Blog->index()
#1 D:\WEBSITE\xampp-7.4\htdocs\web-master\vendor\codeigniter4\framework\system\CodeIgniter.php(432): CodeIgniter\CodeIgniter->runController(Object(Modules\FrontEndBlog\Controllers\Blog))
#2 D:\WEBSITE\xampp-7.4\htdocs\web-master\vendor\codeigniter4\framework\system\CodeIgniter.php(333): CodeIgniter\CodeIgniter->handleRequest(NULL, Object(Config\Cache), false)
#3 D:\WEBSITE\xampp-7.4\htdocs\web-master\public\index.php(44): CodeIgniter\CodeIgniter->run()
#4 D:\WEBSITE\xampp-7.4\htdocs\web-master\vendor\codeigniter4\framework\system\Commands\Server\rewrite.php(45): require_once('D:\\WEBSITE\\xamp...')
#5 {main}
CRITICAL - 2021-04-23 22:11:31 --> Call to a member function paginate() on array
#0 D:\WEBSITE\xampp-7.4\htdocs\web-master\vendor\codeigniter4\framework\system\CodeIgniter.php(936): Modules\FrontEndBlog\Controllers\Blog->index()
#1 D:\WEBSITE\xampp-7.4\htdocs\web-master\vendor\codeigniter4\framework\system\CodeIgniter.php(432): CodeIgniter\CodeIgniter->runController(Object(Modules\FrontEndBlog\Controllers\Blog))
#2 D:\WEBSITE\xampp-7.4\htdocs\web-master\vendor\codeigniter4\framework\system\CodeIgniter.php(333): CodeIgniter\CodeIgniter->handleRequest(NULL, Object(Config\Cache), false)
#3 D:\WEBSITE\xampp-7.4\htdocs\web-master\public\index.php(44): CodeIgniter\CodeIgniter->run()
#4 D:\WEBSITE\xampp-7.4\htdocs\web-master\vendor\codeigniter4\framework\system\Commands\Server\rewrite.php(45): require_once('D:\\WEBSITE\\xamp...')
#5 {main}
CRITICAL - 2021-04-23 22:15:24 --> Call to a member function paginate() on array
#0 D:\WEBSITE\xampp-7.4\htdocs\web-master\vendor\codeigniter4\framework\system\CodeIgniter.php(936): Modules\FrontEndBlog\Controllers\Blog->index()
#1 D:\WEBSITE\xampp-7.4\htdocs\web-master\vendor\codeigniter4\framework\system\CodeIgniter.php(432): CodeIgniter\CodeIgniter->runController(Object(Modules\FrontEndBlog\Controllers\Blog))
#2 D:\WEBSITE\xampp-7.4\htdocs\web-master\vendor\codeigniter4\framework\system\CodeIgniter.php(333): CodeIgniter\CodeIgniter->handleRequest(NULL, Object(Config\Cache), false)
#3 D:\WEBSITE\xampp-7.4\htdocs\web-master\public\index.php(44): CodeIgniter\CodeIgniter->run()
#4 D:\WEBSITE\xampp-7.4\htdocs\web-master\vendor\codeigniter4\framework\system\Commands\Server\rewrite.php(45): require_once('D:\\WEBSITE\\xamp...')
#5 {main}
CRITICAL - 2021-04-23 22:15:41 --> You must set the database table to be used with your query.
#0 D:\WEBSITE\xampp-7.4\htdocs\web-master\vendor\codeigniter4\framework\system\Model.php(615): CodeIgniter\Database\BaseConnection->table(NULL)
#1 D:\WEBSITE\xampp-7.4\htdocs\web-master\vendor\codeigniter4\framework\system\Model.php(570): CodeIgniter\Model->builder()
#2 D:\WEBSITE\xampp-7.4\htdocs\web-master\vendor\codeigniter4\framework\system\BaseModel.php(1140): CodeIgniter\Model->countAllResults(false)
#3 D:\WEBSITE\xampp-7.4\htdocs\web-master\modules\FrontEndBlog\Controllers\Blog.php(23): CodeIgniter\BaseModel->paginate(5)
#4 D:\WEBSITE\xampp-7.4\htdocs\web-master\vendor\codeigniter4\framework\system\CodeIgniter.php(936): Modules\FrontEndBlog\Controllers\Blog->index()
#5 D:\WEBSITE\xampp-7.4\htdocs\web-master\vendor\codeigniter4\framework\system\CodeIgniter.php(432): CodeIgniter\CodeIgniter->runController(Object(Modules\FrontEndBlog\Controllers\Blog))
#6 D:\WEBSITE\xampp-7.4\htdocs\web-master\vendor\codeigniter4\framework\system\CodeIgniter.php(333): CodeIgniter\CodeIgniter->handleRequest(NULL, Object(Config\Cache), false)
#7 D:\WEBSITE\xampp-7.4\htdocs\web-master\public\index.php(44): CodeIgniter\CodeIgniter->run()
#8 D:\WEBSITE\xampp-7.4\htdocs\web-master\vendor\codeigniter4\framework\system\Commands\Server\rewrite.php(45): require_once('D:\\WEBSITE\\xamp...')
#9 {main}
CRITICAL - 2021-04-23 22:15:50 --> You must set the database table to be used with your query.
#0 D:\WEBSITE\xampp-7.4\htdocs\web-master\vendor\codeigniter4\framework\system\Model.php(615): CodeIgniter\Database\BaseConnection->table(NULL)
#1 D:\WEBSITE\xampp-7.4\htdocs\web-master\vendor\codeigniter4\framework\system\Model.php(570): CodeIgniter\Model->builder()
#2 D:\WEBSITE\xampp-7.4\htdocs\web-master\vendor\codeigniter4\framework\system\BaseModel.php(1140): CodeIgniter\Model->countAllResults(false)
#3 D:\WEBSITE\xampp-7.4\htdocs\web-master\modules\FrontEndBlog\Controllers\Blog.php(23): CodeIgniter\BaseModel->paginate(5)
#4 D:\WEBSITE\xampp-7.4\htdocs\web-master\vendor\codeigniter4\framework\system\CodeIgniter.php(936): Modules\FrontEndBlog\Controllers\Blog->index()
#5 D:\WEBSITE\xampp-7.4\htdocs\web-master\vendor\codeigniter4\framework\system\CodeIgniter.php(432): CodeIgniter\CodeIgniter->runController(Object(Modules\FrontEndBlog\Controllers\Blog))
#6 D:\WEBSITE\xampp-7.4\htdocs\web-master\vendor\codeigniter4\framework\system\CodeIgniter.php(333): CodeIgniter\CodeIgniter->handleRequest(NULL, Object(Config\Cache), false)
#7 D:\WEBSITE\xampp-7.4\htdocs\web-master\public\index.php(44): CodeIgniter\CodeIgniter->run()
#8 D:\WEBSITE\xampp-7.4\htdocs\web-master\vendor\codeigniter4\framework\system\Commands\Server\rewrite.php(45): require_once('D:\\WEBSITE\\xamp...')
#9 {main}
CRITICAL - 2021-04-23 22:22:55 --> Call to a member function paginate() on array
#0 D:\WEBSITE\xampp-7.4\htdocs\web-master\vendor\codeigniter4\framework\system\CodeIgniter.php(936): Modules\FrontEndBlog\Controllers\Blog->index()
#1 D:\WEBSITE\xampp-7.4\htdocs\web-master\vendor\codeigniter4\framework\system\CodeIgniter.php(432): CodeIgniter\CodeIgniter->runController(Object(Modules\FrontEndBlog\Controllers\Blog))
#2 D:\WEBSITE\xampp-7.4\htdocs\web-master\vendor\codeigniter4\framework\system\CodeIgniter.php(333): CodeIgniter\CodeIgniter->handleRequest(NULL, Object(Config\Cache), false)
#3 D:\WEBSITE\xampp-7.4\htdocs\web-master\public\index.php(44): CodeIgniter\CodeIgniter->run()
#4 D:\WEBSITE\xampp-7.4\htdocs\web-master\vendor\codeigniter4\framework\system\Commands\Server\rewrite.php(45): require_once('D:\\WEBSITE\\xamp...')
#5 {main}
CRITICAL - 2021-04-23 22:23:32 --> Call to undefined method CodeIgniter\Database\MySQLi\Builder::paginate()
#0 D:\WEBSITE\xampp-7.4\htdocs\web-master\modules\FrontEndBlog\Controllers\Blog.php(23): Modules\FrontEndBlog\Models\ModelBlog->get_blog()
#1 D:\WEBSITE\xampp-7.4\htdocs\web-master\vendor\codeigniter4\framework\system\CodeIgniter.php(936): Modules\FrontEndBlog\Controllers\Blog->index()
#2 D:\WEBSITE\xampp-7.4\htdocs\web-master\vendor\codeigniter4\framework\system\CodeIgniter.php(432): CodeIgniter\CodeIgniter->runController(Object(Modules\FrontEndBlog\Controllers\Blog))
#3 D:\WEBSITE\xampp-7.4\htdocs\web-master\vendor\codeigniter4\framework\system\CodeIgniter.php(333): CodeIgniter\CodeIgniter->handleRequest(NULL, Object(Config\Cache), false)
#4 D:\WEBSITE\xampp-7.4\htdocs\web-master\public\index.php(44): CodeIgniter\CodeIgniter->run()
#5 D:\WEBSITE\xampp-7.4\htdocs\web-master\vendor\codeigniter4\framework\system\Commands\Server\rewrite.php(45): require_once('D:\\WEBSITE\\xamp...')
#6 {main}
CRITICAL - 2021-04-23 22:25:28 --> Call to a member function paginate() on array
#0 D:\WEBSITE\xampp-7.4\htdocs\web-master\modules\FrontEndBlog\Controllers\Blog.php(23): Modules\FrontEndBlog\Models\ModelBlog->get_blog()
#1 D:\WEBSITE\xampp-7.4\htdocs\web-master\vendor\codeigniter4\framework\system\CodeIgniter.php(936): Modules\FrontEndBlog\Controllers\Blog->index()
#2 D:\WEBSITE\xampp-7.4\htdocs\web-master\vendor\codeigniter4\framework\system\CodeIgniter.php(432): CodeIgniter\CodeIgniter->runController(Object(Modules\FrontEndBlog\Controllers\Blog))
#3 D:\WEBSITE\xampp-7.4\htdocs\web-master\vendor\codeigniter4\framework\system\CodeIgniter.php(333): CodeIgniter\CodeIgniter->handleRequest(NULL, Object(Config\Cache), false)
#4 D:\WEBSITE\xampp-7.4\htdocs\web-master\public\index.php(44): CodeIgniter\CodeIgniter->run()
#5 D:\WEBSITE\xampp-7.4\htdocs\web-master\vendor\codeigniter4\framework\system\Commands\Server\rewrite.php(45): require_once('D:\\WEBSITE\\xamp...')
#6 {main}
CRITICAL - 2021-04-23 22:25:39 --> Call to undefined method CodeIgniter\Database\MySQLi\Result::paginate()
#0 D:\WEBSITE\xampp-7.4\htdocs\web-master\modules\FrontEndBlog\Controllers\Blog.php(23): Modules\FrontEndBlog\Models\ModelBlog->get_blog()
#1 D:\WEBSITE\xampp-7.4\htdocs\web-master\vendor\codeigniter4\framework\system\CodeIgniter.php(936): Modules\FrontEndBlog\Controllers\Blog->index()
#2 D:\WEBSITE\xampp-7.4\htdocs\web-master\vendor\codeigniter4\framework\system\CodeIgniter.php(432): CodeIgniter\CodeIgniter->runController(Object(Modules\FrontEndBlog\Controllers\Blog))
#3 D:\WEBSITE\xampp-7.4\htdocs\web-master\vendor\codeigniter4\framework\system\CodeIgniter.php(333): CodeIgniter\CodeIgniter->handleRequest(NULL, Object(Config\Cache), false)
#4 D:\WEBSITE\xampp-7.4\htdocs\web-master\public\index.php(44): CodeIgniter\CodeIgniter->run()
#5 D:\WEBSITE\xampp-7.4\htdocs\web-master\vendor\codeigniter4\framework\system\Commands\Server\rewrite.php(45): require_once('D:\\WEBSITE\\xamp...')
#6 {main}
CRITICAL - 2021-04-23 22:25:46 --> Call to undefined method CodeIgniter\Database\MySQLi\Builder::paginate()
#0 D:\WEBSITE\xampp-7.4\htdocs\web-master\modules\FrontEndBlog\Controllers\Blog.php(23): Modules\FrontEndBlog\Models\ModelBlog->get_blog()
#1 D:\WEBSITE\xampp-7.4\htdocs\web-master\vendor\codeigniter4\framework\system\CodeIgniter.php(936): Modules\FrontEndBlog\Controllers\Blog->index()
#2 D:\WEBSITE\xampp-7.4\htdocs\web-master\vendor\codeigniter4\framework\system\CodeIgniter.php(432): CodeIgniter\CodeIgniter->runController(Object(Modules\FrontEndBlog\Controllers\Blog))
#3 D:\WEBSITE\xampp-7.4\htdocs\web-master\vendor\codeigniter4\framework\system\CodeIgniter.php(333): CodeIgniter\CodeIgniter->handleRequest(NULL, Object(Config\Cache), false)
#4 D:\WEBSITE\xampp-7.4\htdocs\web-master\public\index.php(44): CodeIgniter\CodeIgniter->run()
#5 D:\WEBSITE\xampp-7.4\htdocs\web-master\vendor\codeigniter4\framework\system\Commands\Server\rewrite.php(45): require_once('D:\\WEBSITE\\xamp...')
#6 {main}
CRITICAL - 2021-04-23 22:26:06 --> Call to a member function paginate() on array
#0 D:\WEBSITE\xampp-7.4\htdocs\web-master\vendor\codeigniter4\framework\system\CodeIgniter.php(936): Modules\FrontEndBlog\Controllers\Blog->index()
#1 D:\WEBSITE\xampp-7.4\htdocs\web-master\vendor\codeigniter4\framework\system\CodeIgniter.php(432): CodeIgniter\CodeIgniter->runController(Object(Modules\FrontEndBlog\Controllers\Blog))
#2 D:\WEBSITE\xampp-7.4\htdocs\web-master\vendor\codeigniter4\framework\system\CodeIgniter.php(333): CodeIgniter\CodeIgniter->handleRequest(NULL, Object(Config\Cache), false)
#3 D:\WEBSITE\xampp-7.4\htdocs\web-master\public\index.php(44): CodeIgniter\CodeIgniter->run()
#4 D:\WEBSITE\xampp-7.4\htdocs\web-master\vendor\codeigniter4\framework\system\Commands\Server\rewrite.php(45): require_once('D:\\WEBSITE\\xamp...')
#5 {main}
CRITICAL - 2021-04-23 22:26:19 --> You must set the database table to be used with your query.
#0 D:\WEBSITE\xampp-7.4\htdocs\web-master\vendor\codeigniter4\framework\system\Model.php(615): CodeIgniter\Database\BaseConnection->table(NULL)
#1 D:\WEBSITE\xampp-7.4\htdocs\web-master\vendor\codeigniter4\framework\system\Model.php(570): CodeIgniter\Model->builder()
#2 D:\WEBSITE\xampp-7.4\htdocs\web-master\vendor\codeigniter4\framework\system\BaseModel.php(1140): CodeIgniter\Model->countAllResults(false)
#3 D:\WEBSITE\xampp-7.4\htdocs\web-master\modules\FrontEndBlog\Controllers\Blog.php(23): CodeIgniter\BaseModel->paginate(1)
#4 D:\WEBSITE\xampp-7.4\htdocs\web-master\vendor\codeigniter4\framework\system\CodeIgniter.php(936): Modules\FrontEndBlog\Controllers\Blog->index()
#5 D:\WEBSITE\xampp-7.4\htdocs\web-master\vendor\codeigniter4\framework\system\CodeIgniter.php(432): CodeIgniter\CodeIgniter->runController(Object(Modules\FrontEndBlog\Controllers\Blog))
#6 D:\WEBSITE\xampp-7.4\htdocs\web-master\vendor\codeigniter4\framework\system\CodeIgniter.php(333): CodeIgniter\CodeIgniter->handleRequest(NULL, Object(Config\Cache), false)
#7 D:\WEBSITE\xampp-7.4\htdocs\web-master\public\index.php(44): CodeIgniter\CodeIgniter->run()
#8 D:\WEBSITE\xampp-7.4\htdocs\web-master\vendor\codeigniter4\framework\system\Commands\Server\rewrite.php(45): require_once('D:\\WEBSITE\\xamp...')
#9 {main}
CRITICAL - 2021-04-23 22:28:15 --> Call to a member function paginate() on array
#0 D:\WEBSITE\xampp-7.4\htdocs\web-master\vendor\codeigniter4\framework\system\CodeIgniter.php(936): Modules\FrontEndBlog\Controllers\Blog->index()
#1 D:\WEBSITE\xampp-7.4\htdocs\web-master\vendor\codeigniter4\framework\system\CodeIgniter.php(432): CodeIgniter\CodeIgniter->runController(Object(Modules\FrontEndBlog\Controllers\Blog))
#2 D:\WEBSITE\xampp-7.4\htdocs\web-master\vendor\codeigniter4\framework\system\CodeIgniter.php(333): CodeIgniter\CodeIgniter->handleRequest(NULL, Object(Config\Cache), false)
#3 D:\WEBSITE\xampp-7.4\htdocs\web-master\public\index.php(44): CodeIgniter\CodeIgniter->run()
#4 D:\WEBSITE\xampp-7.4\htdocs\web-master\vendor\codeigniter4\framework\system\Commands\Server\rewrite.php(45): require_once('D:\\WEBSITE\\xamp...')
#5 {main}
CRITICAL - 2021-04-23 22:32:29 --> Call to undefined method CodeIgniter\Database\MySQLi\Builder::paginate()
#0 D:\WEBSITE\xampp-7.4\htdocs\web-master\modules\FrontEndBlog\Controllers\Blog.php(24): Modules\FrontEndBlog\Models\ModelBlog->get_blog()
#1 D:\WEBSITE\xampp-7.4\htdocs\web-master\vendor\codeigniter4\framework\system\CodeIgniter.php(936): Modules\FrontEndBlog\Controllers\Blog->index()
#2 D:\WEBSITE\xampp-7.4\htdocs\web-master\vendor\codeigniter4\framework\system\CodeIgniter.php(432): CodeIgniter\CodeIgniter->runController(Object(Modules\FrontEndBlog\Controllers\Blog))
#3 D:\WEBSITE\xampp-7.4\htdocs\web-master\vendor\codeigniter4\framework\system\CodeIgniter.php(333): CodeIgniter\CodeIgniter->handleRequest(NULL, Object(Config\Cache), false)
#4 D:\WEBSITE\xampp-7.4\htdocs\web-master\public\index.php(44): CodeIgniter\CodeIgniter->run()
#5 D:\WEBSITE\xampp-7.4\htdocs\web-master\vendor\codeigniter4\framework\system\Commands\Server\rewrite.php(45): require_once('D:\\WEBSITE\\xamp...')
#6 {main}
CRITICAL - 2021-04-23 22:32:40 --> Call to undefined method CodeIgniter\Database\MySQLi\Builder::paginate()
#0 D:\WEBSITE\xampp-7.4\htdocs\web-master\modules\FrontEndBlog\Controllers\Blog.php(24): Modules\FrontEndBlog\Models\ModelBlog->get_blog()
#1 D:\WEBSITE\xampp-7.4\htdocs\web-master\vendor\codeigniter4\framework\system\CodeIgniter.php(936): Modules\FrontEndBlog\Controllers\Blog->index()
#2 D:\WEBSITE\xampp-7.4\htdocs\web-master\vendor\codeigniter4\framework\system\CodeIgniter.php(432): CodeIgniter\CodeIgniter->runController(Object(Modules\FrontEndBlog\Controllers\Blog))
#3 D:\WEBSITE\xampp-7.4\htdocs\web-master\vendor\codeigniter4\framework\system\CodeIgniter.php(333): CodeIgniter\CodeIgniter->handleRequest(NULL, Object(Config\Cache), false)
#4 D:\WEBSITE\xampp-7.4\htdocs\web-master\public\index.php(44): CodeIgniter\CodeIgniter->run()
#5 D:\WEBSITE\xampp-7.4\htdocs\web-master\vendor\codeigniter4\framework\system\Commands\Server\rewrite.php(45): require_once('D:\\WEBSITE\\xamp...')
#6 {main}
CRITICAL - 2021-04-23 22:32:49 --> Call to undefined method CodeIgniter\Database\MySQLi\Connection::paginate()
#0 D:\WEBSITE\xampp-7.4\htdocs\web-master\modules\FrontEndBlog\Controllers\Blog.php(17): Modules\FrontEndBlog\Models\ModelBlog->__construct()
#1 D:\WEBSITE\xampp-7.4\htdocs\web-master\vendor\codeigniter4\framework\system\CodeIgniter.php(908): Modules\FrontEndBlog\Controllers\Blog->__construct()
#2 D:\WEBSITE\xampp-7.4\htdocs\web-master\vendor\codeigniter4\framework\system\CodeIgniter.php(422): CodeIgniter\CodeIgniter->createController()
#3 D:\WEBSITE\xampp-7.4\htdocs\web-master\vendor\codeigniter4\framework\system\CodeIgniter.php(333): CodeIgniter\CodeIgniter->handleRequest(NULL, Object(Config\Cache), false)
#4 D:\WEBSITE\xampp-7.4\htdocs\web-master\public\index.php(44): CodeIgniter\CodeIgniter->run()
#5 D:\WEBSITE\xampp-7.4\htdocs\web-master\vendor\codeigniter4\framework\system\Commands\Server\rewrite.php(45): require_once('D:\\WEBSITE\\xamp...')
#6 {main}
CRITICAL - 2021-04-23 22:32:57 --> Call to undefined method CodeIgniter\Database\MySQLi\Builder::paginate()
#0 D:\WEBSITE\xampp-7.4\htdocs\web-master\modules\FrontEndBlog\Controllers\Blog.php(24): Modules\FrontEndBlog\Models\ModelBlog->get_blog()
#1 D:\WEBSITE\xampp-7.4\htdocs\web-master\vendor\codeigniter4\framework\system\CodeIgniter.php(936): Modules\FrontEndBlog\Controllers\Blog->index()
#2 D:\WEBSITE\xampp-7.4\htdocs\web-master\vendor\codeigniter4\framework\system\CodeIgniter.php(432): CodeIgniter\CodeIgniter->runController(Object(Modules\FrontEndBlog\Controllers\Blog))
#3 D:\WEBSITE\xampp-7.4\htdocs\web-master\vendor\codeigniter4\framework\system\CodeIgniter.php(333): CodeIgniter\CodeIgniter->handleRequest(NULL, Object(Config\Cache), false)
#4 D:\WEBSITE\xampp-7.4\htdocs\web-master\public\index.php(44): CodeIgniter\CodeIgniter->run()
#5 D:\WEBSITE\xampp-7.4\htdocs\web-master\vendor\codeigniter4\framework\system\Commands\Server\rewrite.php(45): require_once('D:\\WEBSITE\\xamp...')
#6 {main}
CRITICAL - 2021-04-23 22:32:58 --> Call to undefined method CodeIgniter\Database\MySQLi\Builder::paginate()
#0 D:\WEBSITE\xampp-7.4\htdocs\web-master\modules\FrontEndBlog\Controllers\Blog.php(24): Modules\FrontEndBlog\Models\ModelBlog->get_blog()
#1 D:\WEBSITE\xampp-7.4\htdocs\web-master\vendor\codeigniter4\framework\system\CodeIgniter.php(936): Modules\FrontEndBlog\Controllers\Blog->index()
#2 D:\WEBSITE\xampp-7.4\htdocs\web-master\vendor\codeigniter4\framework\system\CodeIgniter.php(432): CodeIgniter\CodeIgniter->runController(Object(Modules\FrontEndBlog\Controllers\Blog))
#3 D:\WEBSITE\xampp-7.4\htdocs\web-master\vendor\codeigniter4\framework\system\CodeIgniter.php(333): CodeIgniter\CodeIgniter->handleRequest(NULL, Object(Config\Cache), false)
#4 D:\WEBSITE\xampp-7.4\htdocs\web-master\public\index.php(44): CodeIgniter\CodeIgniter->run()
#5 D:\WEBSITE\xampp-7.4\htdocs\web-master\vendor\codeigniter4\framework\system\Commands\Server\rewrite.php(45): require_once('D:\\WEBSITE\\xamp...')
#6 {main}
CRITICAL - 2021-04-23 22:33:04 --> Call to undefined method CodeIgniter\Database\MySQLi\Result::paginate()
#0 D:\WEBSITE\xampp-7.4\htdocs\web-master\modules\FrontEndBlog\Controllers\Blog.php(24): Modules\FrontEndBlog\Models\ModelBlog->get_blog()
#1 D:\WEBSITE\xampp-7.4\htdocs\web-master\vendor\codeigniter4\framework\system\CodeIgniter.php(936): Modules\FrontEndBlog\Controllers\Blog->index()
#2 D:\WEBSITE\xampp-7.4\htdocs\web-master\vendor\codeigniter4\framework\system\CodeIgniter.php(432): CodeIgniter\CodeIgniter->runController(Object(Modules\FrontEndBlog\Controllers\Blog))
#3 D:\WEBSITE\xampp-7.4\htdocs\web-master\vendor\codeigniter4\framework\system\CodeIgniter.php(333): CodeIgniter\CodeIgniter->handleRequest(NULL, Object(Config\Cache), false)
#4 D:\WEBSITE\xampp-7.4\htdocs\web-master\public\index.php(44): CodeIgniter\CodeIgniter->run()
#5 D:\WEBSITE\xampp-7.4\htdocs\web-master\vendor\codeigniter4\framework\system\Commands\Server\rewrite.php(45): require_once('D:\\WEBSITE\\xamp...')
#6 {main}
CRITICAL - 2021-04-23 22:33:19 --> Call to a member function paginate() on array
#0 D:\WEBSITE\xampp-7.4\htdocs\web-master\vendor\codeigniter4\framework\system\CodeIgniter.php(936): Modules\FrontEndBlog\Controllers\Blog->index()
#1 D:\WEBSITE\xampp-7.4\htdocs\web-master\vendor\codeigniter4\framework\system\CodeIgniter.php(432): CodeIgniter\CodeIgniter->runController(Object(Modules\FrontEndBlog\Controllers\Blog))
#2 D:\WEBSITE\xampp-7.4\htdocs\web-master\vendor\codeigniter4\framework\system\CodeIgniter.php(333): CodeIgniter\CodeIgniter->handleRequest(NULL, Object(Config\Cache), false)
#3 D:\WEBSITE\xampp-7.4\htdocs\web-master\public\index.php(44): CodeIgniter\CodeIgniter->run()
#4 D:\WEBSITE\xampp-7.4\htdocs\web-master\vendor\codeigniter4\framework\system\Commands\Server\rewrite.php(45): require_once('D:\\WEBSITE\\xamp...')
#5 {main}
CRITICAL - 2021-04-23 22:33:37 --> Call to a member function paginate() on array
#0 D:\WEBSITE\xampp-7.4\htdocs\web-master\vendor\codeigniter4\framework\system\CodeIgniter.php(936): Modules\FrontEndBlog\Controllers\Blog->index()
#1 D:\WEBSITE\xampp-7.4\htdocs\web-master\vendor\codeigniter4\framework\system\CodeIgniter.php(432): CodeIgniter\CodeIgniter->runController(Object(Modules\FrontEndBlog\Controllers\Blog))
#2 D:\WEBSITE\xampp-7.4\htdocs\web-master\vendor\codeigniter4\framework\system\CodeIgniter.php(333): CodeIgniter\CodeIgniter->handleRequest(NULL, Object(Config\Cache), false)
#3 D:\WEBSITE\xampp-7.4\htdocs\web-master\public\index.php(44): CodeIgniter\CodeIgniter->run()
#4 D:\WEBSITE\xampp-7.4\htdocs\web-master\vendor\codeigniter4\framework\system\Commands\Server\rewrite.php(45): require_once('D:\\WEBSITE\\xamp...')
#5 {main}
CRITICAL - 2021-04-23 22:37:09 --> You must set the database table to be used with your query.
#0 D:\WEBSITE\xampp-7.4\htdocs\web-master\vendor\codeigniter4\framework\system\Model.php(615): CodeIgniter\Database\BaseConnection->table(NULL)
#1 D:\WEBSITE\xampp-7.4\htdocs\web-master\vendor\codeigniter4\framework\system\Model.php(570): CodeIgniter\Model->builder()
#2 D:\WEBSITE\xampp-7.4\htdocs\web-master\vendor\codeigniter4\framework\system\BaseModel.php(1140): CodeIgniter\Model->countAllResults(false)
#3 D:\WEBSITE\xampp-7.4\htdocs\web-master\modules\FrontEndBlog\Controllers\Blog.php(24): CodeIgniter\BaseModel->paginate(1)
#4 D:\WEBSITE\xampp-7.4\htdocs\web-master\vendor\codeigniter4\framework\system\CodeIgniter.php(936): Modules\FrontEndBlog\Controllers\Blog->index()
#5 D:\WEBSITE\xampp-7.4\htdocs\web-master\vendor\codeigniter4\framework\system\CodeIgniter.php(432): CodeIgniter\CodeIgniter->runController(Object(Modules\FrontEndBlog\Controllers\Blog))
#6 D:\WEBSITE\xampp-7.4\htdocs\web-master\vendor\codeigniter4\framework\system\CodeIgniter.php(333): CodeIgniter\CodeIgniter->handleRequest(NULL, Object(Config\Cache), false)
#7 D:\WEBSITE\xampp-7.4\htdocs\web-master\public\index.php(44): CodeIgniter\CodeIgniter->run()
#8 D:\WEBSITE\xampp-7.4\htdocs\web-master\vendor\codeigniter4\framework\system\Commands\Server\rewrite.php(45): require_once('D:\\WEBSITE\\xamp...')
#9 {main}
CRITICAL - 2021-04-23 22:38:26 --> Undefined variable: pager
#0 D:\WEBSITE\xampp-7.4\htdocs\web-master\modules\FrontEndBlog\Views\blog.php(34): CodeIgniter\Debug\Exceptions->errorHandler(8, 'Undefined varia...', 'D:\\WEBSITE\\xamp...', 34, Array)
#1 D:\WEBSITE\xampp-7.4\htdocs\web-master\vendor\codeigniter4\framework\system\View\View.php(220): include('D:\\WEBSITE\\xamp...')
#2 D:\WEBSITE\xampp-7.4\htdocs\web-master\vendor\codeigniter4\framework\system\View\View.php(222): CodeIgniter\View\View->CodeIgniter\View\{closure}()
#3 D:\WEBSITE\xampp-7.4\htdocs\web-master\vendor\codeigniter4\framework\system\Common.php(1217): CodeIgniter\View\View->render('Modules\\FrontEn...', Array, true)
#4 D:\WEBSITE\xampp-7.4\htdocs\web-master\modules\FrontEndBlog\Controllers\Blog.php(31): view('Modules\\FrontEn...', Array)
#5 D:\WEBSITE\xampp-7.4\htdocs\web-master\vendor\codeigniter4\framework\system\CodeIgniter.php(936): Modules\FrontEndBlog\Controllers\Blog->index()
#6 D:\WEBSITE\xampp-7.4\htdocs\web-master\vendor\codeigniter4\framework\system\CodeIgniter.php(432): CodeIgniter\CodeIgniter->runController(Object(Modules\FrontEndBlog\Controllers\Blog))
#7 D:\WEBSITE\xampp-7.4\htdocs\web-master\vendor\codeigniter4\framework\system\CodeIgniter.php(333): CodeIgniter\CodeIgniter->handleRequest(NULL, Object(Config\Cache), false)
#8 D:\WEBSITE\xampp-7.4\htdocs\web-master\public\index.php(44): CodeIgniter\CodeIgniter->run()
#9 D:\WEBSITE\xampp-7.4\htdocs\web-master\vendor\codeigniter4\framework\system\Commands\Server\rewrite.php(45): require_once('D:\\WEBSITE\\xamp...')
#10 {main}
CRITICAL - 2021-04-23 22:41:04 --> Undefined variable: ModelBlog
#0 D:\WEBSITE\xampp-7.4\htdocs\web-master\modules\FrontEndBlog\Controllers\Blog.php(29): CodeIgniter\Debug\Exceptions->errorHandler(8, 'Undefined varia...', 'D:\\WEBSITE\\xamp...', 29, Array)
#1 D:\WEBSITE\xampp-7.4\htdocs\web-master\vendor\codeigniter4\framework\system\CodeIgniter.php(936): Modules\FrontEndBlog\Controllers\Blog->index()
#2 D:\WEBSITE\xampp-7.4\htdocs\web-master\vendor\codeigniter4\framework\system\CodeIgniter.php(432): CodeIgniter\CodeIgniter->runController(Object(Modules\FrontEndBlog\Controllers\Blog))
#3 D:\WEBSITE\xampp-7.4\htdocs\web-master\vendor\codeigniter4\framework\system\CodeIgniter.php(333): CodeIgniter\CodeIgniter->handleRequest(NULL, Object(Config\Cache), false)
#4 D:\WEBSITE\xampp-7.4\htdocs\web-master\public\index.php(44): CodeIgniter\CodeIgniter->run()
#5 D:\WEBSITE\xampp-7.4\htdocs\web-master\vendor\codeigniter4\framework\system\Commands\Server\rewrite.php(45): require_once('D:\\WEBSITE\\xamp...')
#6 {main}
CRITICAL - 2021-04-23 22:41:15 --> Call to a member function links() on null
#0 D:\WEBSITE\xampp-7.4\htdocs\web-master\vendor\codeigniter4\framework\system\View\View.php(220): include()
#1 D:\WEBSITE\xampp-7.4\htdocs\web-master\vendor\codeigniter4\framework\system\View\View.php(222): CodeIgniter\View\View->CodeIgniter\View\{closure}()
#2 D:\WEBSITE\xampp-7.4\htdocs\web-master\vendor\codeigniter4\framework\system\Common.php(1217): CodeIgniter\View\View->render('Modules\\FrontEn...', Array, true)
#3 D:\WEBSITE\xampp-7.4\htdocs\web-master\modules\FrontEndBlog\Controllers\Blog.php(32): view('Modules\\FrontEn...', Array)
#4 D:\WEBSITE\xampp-7.4\htdocs\web-master\vendor\codeigniter4\framework\system\CodeIgniter.php(936): Modules\FrontEndBlog\Controllers\Blog->index()
#5 D:\WEBSITE\xampp-7.4\htdocs\web-master\vendor\codeigniter4\framework\system\CodeIgniter.php(432): CodeIgniter\CodeIgniter->runController(Object(Modules\FrontEndBlog\Controllers\Blog))
#6 D:\WEBSITE\xampp-7.4\htdocs\web-master\vendor\codeigniter4\framework\system\CodeIgniter.php(333): CodeIgniter\CodeIgniter->handleRequest(NULL, Object(Config\Cache), false)
#7 D:\WEBSITE\xampp-7.4\htdocs\web-master\public\index.php(44): CodeIgniter\CodeIgniter->run()
#8 D:\WEBSITE\xampp-7.4\htdocs\web-master\vendor\codeigniter4\framework\system\Commands\Server\rewrite.php(45): require_once('D:\\WEBSITE\\xamp...')
#9 {main}
CRITICAL - 2021-04-23 22:41:40 --> You must set the database table to be used with your query.
#0 D:\WEBSITE\xampp-7.4\htdocs\web-master\vendor\codeigniter4\framework\system\Model.php(615): CodeIgniter\Database\BaseConnection->table(NULL)
#1 D:\WEBSITE\xampp-7.4\htdocs\web-master\vendor\codeigniter4\framework\system\Model.php(570): CodeIgniter\Model->builder()
#2 D:\WEBSITE\xampp-7.4\htdocs\web-master\vendor\codeigniter4\framework\system\BaseModel.php(1140): CodeIgniter\Model->countAllResults(false)
#3 D:\WEBSITE\xampp-7.4\htdocs\web-master\modules\FrontEndBlog\Controllers\Blog.php(28): CodeIgniter\BaseModel->paginate(1)
#4 D:\WEBSITE\xampp-7.4\htdocs\web-master\vendor\codeigniter4\framework\system\CodeIgniter.php(936): Modules\FrontEndBlog\Controllers\Blog->index()
#5 D:\WEBSITE\xampp-7.4\htdocs\web-master\vendor\codeigniter4\framework\system\CodeIgniter.php(432): CodeIgniter\CodeIgniter->runController(Object(Modules\FrontEndBlog\Controllers\Blog))
#6 D:\WEBSITE\xampp-7.4\htdocs\web-master\vendor\codeigniter4\framework\system\CodeIgniter.php(333): CodeIgniter\CodeIgniter->handleRequest(NULL, Object(Config\Cache), false)
#7 D:\WEBSITE\xampp-7.4\htdocs\web-master\public\index.php(44): CodeIgniter\CodeIgniter->run()
#8 D:\WEBSITE\xampp-7.4\htdocs\web-master\vendor\codeigniter4\framework\system\Commands\Server\rewrite.php(45): require_once('D:\\WEBSITE\\xamp...')
#9 {main}
CRITICAL - 2021-04-23 22:41:52 --> You must set the database table to be used with your query.
#0 D:\WEBSITE\xampp-7.4\htdocs\web-master\vendor\codeigniter4\framework\system\Model.php(615): CodeIgniter\Database\BaseConnection->table(NULL)
#1 D:\WEBSITE\xampp-7.4\htdocs\web-master\vendor\codeigniter4\framework\system\Model.php(570): CodeIgniter\Model->builder()
#2 D:\WEBSITE\xampp-7.4\htdocs\web-master\vendor\codeigniter4\framework\system\BaseModel.php(1140): CodeIgniter\Model->countAllResults(false)
#3 D:\WEBSITE\xampp-7.4\htdocs\web-master\modules\FrontEndBlog\Controllers\Blog.php(28): CodeIgniter\BaseModel->paginate(1)
#4 D:\WEBSITE\xampp-7.4\htdocs\web-master\vendor\codeigniter4\framework\system\CodeIgniter.php(936): Modules\FrontEndBlog\Controllers\Blog->index()
#5 D:\WEBSITE\xampp-7.4\htdocs\web-master\vendor\codeigniter4\framework\system\CodeIgniter.php(432): CodeIgniter\CodeIgniter->runController(Object(Modules\FrontEndBlog\Controllers\Blog))
#6 D:\WEBSITE\xampp-7.4\htdocs\web-master\vendor\codeigniter4\framework\system\CodeIgniter.php(333): CodeIgniter\CodeIgniter->handleRequest(NULL, Object(Config\Cache), false)
#7 D:\WEBSITE\xampp-7.4\htdocs\web-master\public\index.php(44): CodeIgniter\CodeIgniter->run()
#8 D:\WEBSITE\xampp-7.4\htdocs\web-master\vendor\codeigniter4\framework\system\Commands\Server\rewrite.php(45): require_once('D:\\WEBSITE\\xamp...')
#9 {main}
CRITICAL - 2021-04-23 22:41:59 --> Call to a member function links() on null
#0 D:\WEBSITE\xampp-7.4\htdocs\web-master\vendor\codeigniter4\framework\system\View\View.php(220): include()
#1 D:\WEBSITE\xampp-7.4\htdocs\web-master\vendor\codeigniter4\framework\system\View\View.php(222): CodeIgniter\View\View->CodeIgniter\View\{closure}()
#2 D:\WEBSITE\xampp-7.4\htdocs\web-master\vendor\codeigniter4\framework\system\Common.php(1217): CodeIgniter\View\View->render('Modules\\FrontEn...', Array, true)
#3 D:\WEBSITE\xampp-7.4\htdocs\web-master\modules\FrontEndBlog\Controllers\Blog.php(32): view('Modules\\FrontEn...', Array)
#4 D:\WEBSITE\xampp-7.4\htdocs\web-master\vendor\codeigniter4\framework\system\CodeIgniter.php(936): Modules\FrontEndBlog\Controllers\Blog->index()
#5 D:\WEBSITE\xampp-7.4\htdocs\web-master\vendor\codeigniter4\framework\system\CodeIgniter.php(432): CodeIgniter\CodeIgniter->runController(Object(Modules\FrontEndBlog\Controllers\Blog))
#6 D:\WEBSITE\xampp-7.4\htdocs\web-master\vendor\codeigniter4\framework\system\CodeIgniter.php(333): CodeIgniter\CodeIgniter->handleRequest(NULL, Object(Config\Cache), false)
#7 D:\WEBSITE\xampp-7.4\htdocs\web-master\public\index.php(44): CodeIgniter\CodeIgniter->run()
#8 D:\WEBSITE\xampp-7.4\htdocs\web-master\vendor\codeigniter4\framework\system\Commands\Server\rewrite.php(45): require_once('D:\\WEBSITE\\xamp...')
#9 {main}
CRITICAL - 2021-04-23 22:42:26 --> Trying to get property 'pager' of non-object
#0 D:\WEBSITE\xampp-7.4\htdocs\web-master\modules\FrontEndBlog\Controllers\Blog.php(29): CodeIgniter\Debug\Exceptions->errorHandler(8, 'Trying to get p...', 'D:\\WEBSITE\\xamp...', 29, Array)
#1 D:\WEBSITE\xampp-7.4\htdocs\web-master\vendor\codeigniter4\framework\system\CodeIgniter.php(936): Modules\FrontEndBlog\Controllers\Blog->index()
#2 D:\WEBSITE\xampp-7.4\htdocs\web-master\vendor\codeigniter4\framework\system\CodeIgniter.php(432): CodeIgniter\CodeIgniter->runController(Object(Modules\FrontEndBlog\Controllers\Blog))
#3 D:\WEBSITE\xampp-7.4\htdocs\web-master\vendor\codeigniter4\framework\system\CodeIgniter.php(333): CodeIgniter\CodeIgniter->handleRequest(NULL, Object(Config\Cache), false)
#4 D:\WEBSITE\xampp-7.4\htdocs\web-master\public\index.php(44): CodeIgniter\CodeIgniter->run()
#5 D:\WEBSITE\xampp-7.4\htdocs\web-master\vendor\codeigniter4\framework\system\Commands\Server\rewrite.php(45): require_once('D:\\WEBSITE\\xamp...')
#6 {main}
CRITICAL - 2021-04-23 22:42:40 --> Undefined variable: pager
#0 D:\WEBSITE\xampp-7.4\htdocs\web-master\modules\FrontEndBlog\Views\blog.php(34): CodeIgniter\Debug\Exceptions->errorHandler(8, 'Undefined varia...', 'D:\\WEBSITE\\xamp...', 34, Array)
#1 D:\WEBSITE\xampp-7.4\htdocs\web-master\vendor\codeigniter4\framework\system\View\View.php(220): include('D:\\WEBSITE\\xamp...')
#2 D:\WEBSITE\xampp-7.4\htdocs\web-master\vendor\codeigniter4\framework\system\View\View.php(222): CodeIgniter\View\View->CodeIgniter\View\{closure}()
#3 D:\WEBSITE\xampp-7.4\htdocs\web-master\vendor\codeigniter4\framework\system\Common.php(1217): CodeIgniter\View\View->render('Modules\\FrontEn...', Array, true)
#4 D:\WEBSITE\xampp-7.4\htdocs\web-master\modules\FrontEndBlog\Controllers\Blog.php(31): view('Modules\\FrontEn...', Array)
#5 D:\WEBSITE\xampp-7.4\htdocs\web-master\vendor\codeigniter4\framework\system\CodeIgniter.php(936): Modules\FrontEndBlog\Controllers\Blog->index()
#6 D:\WEBSITE\xampp-7.4\htdocs\web-master\vendor\codeigniter4\framework\system\CodeIgniter.php(432): CodeIgniter\CodeIgniter->runController(Object(Modules\FrontEndBlog\Controllers\Blog))
#7 D:\WEBSITE\xampp-7.4\htdocs\web-master\vendor\codeigniter4\framework\system\CodeIgniter.php(333): CodeIgniter\CodeIgniter->handleRequest(NULL, Object(Config\Cache), false)
#8 D:\WEBSITE\xampp-7.4\htdocs\web-master\public\index.php(44): CodeIgniter\CodeIgniter->run()
#9 D:\WEBSITE\xampp-7.4\htdocs\web-master\vendor\codeigniter4\framework\system\Commands\Server\rewrite.php(45): require_once('D:\\WEBSITE\\xamp...')
#10 {main}
CRITICAL - 2021-04-23 23:04:05 --> Undefined variable: blog
#0 D:\WEBSITE\xampp-7.4\htdocs\web-master\modules\FrontEndBlog\Controllers\Blog.php(27): CodeIgniter\Debug\Exceptions->errorHandler(8, 'Undefined varia...', 'D:\\WEBSITE\\xamp...', 27, Array)
#1 D:\WEBSITE\xampp-7.4\htdocs\web-master\vendor\codeigniter4\framework\system\CodeIgniter.php(936): Modules\FrontEndBlog\Controllers\Blog->index()
#2 D:\WEBSITE\xampp-7.4\htdocs\web-master\vendor\codeigniter4\framework\system\CodeIgniter.php(432): CodeIgniter\CodeIgniter->runController(Object(Modules\FrontEndBlog\Controllers\Blog))
#3 D:\WEBSITE\xampp-7.4\htdocs\web-master\vendor\codeigniter4\framework\system\CodeIgniter.php(333): CodeIgniter\CodeIgniter->handleRequest(NULL, Object(Config\Cache), false)
#4 D:\WEBSITE\xampp-7.4\htdocs\web-master\public\index.php(44): CodeIgniter\CodeIgniter->run()
#5 D:\WEBSITE\xampp-7.4\htdocs\web-master\vendor\codeigniter4\framework\system\Commands\Server\rewrite.php(45): require_once('D:\\WEBSITE\\xamp...')
#6 {main}
CRITICAL - 2021-04-23 23:04:37 --> Too few arguments to function Modules\FrontEndBlog\Models\ModelBlog::get_blog(), 0 passed in D:\WEBSITE\xampp-7.4\htdocs\web-master\modules\FrontEndBlog\Controllers\Blog.php on line 27 and exactly 2 expected
#0 D:\WEBSITE\xampp-7.4\htdocs\web-master\modules\FrontEndBlog\Controllers\Blog.php(27): Modules\FrontEndBlog\Models\ModelBlog->get_blog()
#1 D:\WEBSITE\xampp-7.4\htdocs\web-master\vendor\codeigniter4\framework\system\CodeIgniter.php(936): Modules\FrontEndBlog\Controllers\Blog->index()
#2 D:\WEBSITE\xampp-7.4\htdocs\web-master\vendor\codeigniter4\framework\system\CodeIgniter.php(432): CodeIgniter\CodeIgniter->runController(Object(Modules\FrontEndBlog\Controllers\Blog))
#3 D:\WEBSITE\xampp-7.4\htdocs\web-master\vendor\codeigniter4\framework\system\CodeIgniter.php(333): CodeIgniter\CodeIgniter->handleRequest(NULL, Object(Config\Cache), false)
#4 D:\WEBSITE\xampp-7.4\htdocs\web-master\public\index.php(44): CodeIgniter\CodeIgniter->run()
#5 D:\WEBSITE\xampp-7.4\htdocs\web-master\vendor\codeigniter4\framework\system\Commands\Server\rewrite.php(45): require_once('D:\\WEBSITE\\xamp...')
#6 {main}
CRITICAL - 2021-04-23 23:06:58 --> Undefined variable: pager
#0 D:\WEBSITE\xampp-7.4\htdocs\web-master\modules\FrontEndBlog\Views\blog.php(34): CodeIgniter\Debug\Exceptions->errorHandler(8, 'Undefined varia...', 'D:\\WEBSITE\\xamp...', 34, Array)
#1 D:\WEBSITE\xampp-7.4\htdocs\web-master\vendor\codeigniter4\framework\system\View\View.php(220): include('D:\\WEBSITE\\xamp...')
#2 D:\WEBSITE\xampp-7.4\htdocs\web-master\vendor\codeigniter4\framework\system\View\View.php(222): CodeIgniter\View\View->CodeIgniter\View\{closure}()
#3 D:\WEBSITE\xampp-7.4\htdocs\web-master\vendor\codeigniter4\framework\system\Common.php(1217): CodeIgniter\View\View->render('Modules\\FrontEn...', Array, true)
#4 D:\WEBSITE\xampp-7.4\htdocs\web-master\modules\FrontEndBlog\Controllers\Blog.php(38): view('Modules\\FrontEn...', Array)
#5 D:\WEBSITE\xampp-7.4\htdocs\web-master\vendor\codeigniter4\framework\system\CodeIgniter.php(936): Modules\FrontEndBlog\Controllers\Blog->index()
#6 D:\WEBSITE\xampp-7.4\htdocs\web-master\vendor\codeigniter4\framework\system\CodeIgniter.php(432): CodeIgniter\CodeIgniter->runController(Object(Modules\FrontEndBlog\Controllers\Blog))
#7 D:\WEBSITE\xampp-7.4\htdocs\web-master\vendor\codeigniter4\framework\system\CodeIgniter.php(333): CodeIgniter\CodeIgniter->handleRequest(NULL, Object(Config\Cache), false)
#8 D:\WEBSITE\xampp-7.4\htdocs\web-master\public\index.php(44): CodeIgniter\CodeIgniter->run()
#9 D:\WEBSITE\xampp-7.4\htdocs\web-master\vendor\codeigniter4\framework\system\Commands\Server\rewrite.php(45): require_once('D:\\WEBSITE\\xamp...')
#10 {main}
CRITICAL - 2021-04-23 23:07:09 --> syntax error, unexpected '?>'
#0 D:\WEBSITE\xampp-7.4\htdocs\web-master\vendor\codeigniter4\framework\system\View\View.php(222): CodeIgniter\View\View->CodeIgniter\View\{closure}()
#1 D:\WEBSITE\xampp-7.4\htdocs\web-master\vendor\codeigniter4\framework\system\Common.php(1217): CodeIgniter\View\View->render('Modules\\FrontEn...', Array, true)
#2 D:\WEBSITE\xampp-7.4\htdocs\web-master\modules\FrontEndBlog\Controllers\Blog.php(38): view('Modules\\FrontEn...', Array)
#3 D:\WEBSITE\xampp-7.4\htdocs\web-master\vendor\codeigniter4\framework\system\CodeIgniter.php(936): Modules\FrontEndBlog\Controllers\Blog->index()
#4 D:\WEBSITE\xampp-7.4\htdocs\web-master\vendor\codeigniter4\framework\system\CodeIgniter.php(432): CodeIgniter\CodeIgniter->runController(Object(Modules\FrontEndBlog\Controllers\Blog))
#5 D:\WEBSITE\xampp-7.4\htdocs\web-master\vendor\codeigniter4\framework\system\CodeIgniter.php(333): CodeIgniter\CodeIgniter->handleRequest(NULL, Object(Config\Cache), false)
#6 D:\WEBSITE\xampp-7.4\htdocs\web-master\public\index.php(44): CodeIgniter\CodeIgniter->run()
#7 D:\WEBSITE\xampp-7.4\htdocs\web-master\vendor\codeigniter4\framework\system\Commands\Server\rewrite.php(45): require_once('D:\\WEBSITE\\xamp...')
#8 {main}
