CRITICAL - 2022-02-04 08:56:13 --> Invalid file: Modules\Kegiatan\Views\detaildesain.php
#0 C:\xampp\htdocs\github\verifikasi\vendor\codeigniter4\framework\system\View\View.php(203): CodeIgniter\Exceptions\FrameworkException::forInvalidFile('Modules\\Kegiata...')
#1 C:\xampp\htdocs\github\verifikasi\vendor\codeigniter4\framework\system\Common.php(1217): CodeIgniter\View\View->render('Modules\\Kegiata...', Array, true)
#2 C:\xampp\htdocs\github\verifikasi\modules\Kegiatan\Controllers\DataKegiatan.php(32): view('Modules\\Kegiata...', Array)
#3 C:\xampp\htdocs\github\verifikasi\vendor\codeigniter4\framework\system\CodeIgniter.php(940): Modules\Kegiatan\Controllers\DataKegiatan->kegiatan()
#4 C:\xampp\htdocs\github\verifikasi\vendor\codeigniter4\framework\system\CodeIgniter.php(436): CodeIgniter\CodeIgniter->runController(Object(Modules\Kegiatan\Controllers\DataKegiatan))
#5 C:\xampp\htdocs\github\verifikasi\vendor\codeigniter4\framework\system\CodeIgniter.php(337): CodeIgniter\CodeIgniter->handleRequest(NULL, Object(Config\Cache), false)
#6 C:\xampp\htdocs\github\verifikasi\public\index.php(44): CodeIgniter\CodeIgniter->run()
#7 C:\xampp\htdocs\github\verifikasi\vendor\codeigniter4\framework\system\Commands\Server\rewrite.php(45): require_once('C:\\xampp\\htdocs...')
#8 {main}
CRITICAL - 2022-02-04 08:56:27 --> Undefined variable: linkback
#0 C:\xampp\htdocs\github\verifikasi\modules\Kegiatan\Views\kegiatan.php(140): CodeIgniter\Debug\Exceptions->errorHandler(8, 'Undefined varia...', 'C:\\xampp\\htdocs...', 140, Array)
#1 C:\xampp\htdocs\github\verifikasi\vendor\codeigniter4\framework\system\View\View.php(220): include('C:\\xampp\\htdocs...')
#2 C:\xampp\htdocs\github\verifikasi\vendor\codeigniter4\framework\system\View\View.php(222): CodeIgniter\View\View->CodeIgniter\View\{closure}()
#3 C:\xampp\htdocs\github\verifikasi\vendor\codeigniter4\framework\system\Common.php(1217): CodeIgniter\View\View->render('Modules\\Kegiata...', Array, true)
#4 C:\xampp\htdocs\github\verifikasi\modules\Kegiatan\Controllers\DataKegiatan.php(32): view('Modules\\Kegiata...', Array)
#5 C:\xampp\htdocs\github\verifikasi\vendor\codeigniter4\framework\system\CodeIgniter.php(940): Modules\Kegiatan\Controllers\DataKegiatan->kegiatan()
#6 C:\xampp\htdocs\github\verifikasi\vendor\codeigniter4\framework\system\CodeIgniter.php(436): CodeIgniter\CodeIgniter->runController(Object(Modules\Kegiatan\Controllers\DataKegiatan))
#7 C:\xampp\htdocs\github\verifikasi\vendor\codeigniter4\framework\system\CodeIgniter.php(337): CodeIgniter\CodeIgniter->handleRequest(NULL, Object(Config\Cache), false)
#8 C:\xampp\htdocs\github\verifikasi\public\index.php(44): CodeIgniter\CodeIgniter->run()
#9 C:\xampp\htdocs\github\verifikasi\vendor\codeigniter4\framework\system\Commands\Server\rewrite.php(45): require_once('C:\\xampp\\htdocs...')
#10 {main}
ERROR - 2022-02-04 09:49:19 --> mysqli_sql_exception: Unknown column 'nama_kegiatan' in 'field list' in C:\xampp\htdocs\github\verifikasi\vendor\codeigniter4\framework\system\Database\MySQLi\Connection.php:314
Stack trace:
#0 C:\xampp\htdocs\github\verifikasi\vendor\codeigniter4\framework\system\Database\MySQLi\Connection.php(314): mysqli->query('INSERT INTO `x_...')
#1 C:\xampp\htdocs\github\verifikasi\vendor\codeigniter4\framework\system\Database\BaseConnection.php(713): CodeIgniter\Database\MySQLi\Connection->execute('INSERT INTO `x_...')
#2 C:\xampp\htdocs\github\verifikasi\vendor\codeigniter4\framework\system\Database\BaseConnection.php(641): CodeIgniter\Database\BaseConnection->simpleQuery('INSERT INTO `x_...')
#3 C:\xampp\htdocs\github\verifikasi\vendor\codeigniter4\framework\system\Database\BaseBuilder.php(2263): CodeIgniter\Database\BaseConnection->query('INSERT INTO `x_...', Array, false)
#4 C:\xampp\htdocs\github\verifikasi\app\Models\ModelMaster.php(247): CodeIgniter\Database\BaseBuilder->insert(Array)
#5 C:\xampp\htdocs\github\verifikasi\modules\Kegiatan\Controllers\DataKegiatan.php(150): App\Models\ModelMaster->datatambah('x_sertifikat', Array)
#6 C:\xampp\htdocs\github\verifikasi\vendor\codeigniter4\framework\system\CodeIgniter.php(940): Modules\Kegiatan\Controllers\DataKegiatan->tambah_kegiatan()
#7 C:\xampp\htdocs\github\verifikasi\vendor\codeigniter4\framework\system\CodeIgniter.php(436): CodeIgniter\CodeIgniter->runController(Object(Modules\Kegiatan\Controllers\DataKegiatan))
#8 C:\xampp\htdocs\github\verifikasi\vendor\codeigniter4\framework\system\CodeIgniter.php(337): CodeIgniter\CodeIgniter->handleRequest(NULL, Object(Config\Cache), false)
#9 C:\xampp\htdocs\github\verifikasi\public\index.php(44): CodeIgniter\CodeIgniter->run()
#10 C:\xampp\htdocs\github\verifikasi\vendor\codeigniter4\framework\system\Commands\Server\rewrite.php(45): require_once('C:\\xampp\\htdocs...')
#11 {main}
CRITICAL - 2022-02-04 09:49:19 --> Unknown column 'nama_kegiatan' in 'field list'
#0 C:\xampp\htdocs\github\verifikasi\vendor\codeigniter4\framework\system\Database\MySQLi\Connection.php(314): mysqli->query('INSERT INTO `x_...')
#1 C:\xampp\htdocs\github\verifikasi\vendor\codeigniter4\framework\system\Database\BaseConnection.php(713): CodeIgniter\Database\MySQLi\Connection->execute('INSERT INTO `x_...')
#2 C:\xampp\htdocs\github\verifikasi\vendor\codeigniter4\framework\system\Database\BaseConnection.php(641): CodeIgniter\Database\BaseConnection->simpleQuery('INSERT INTO `x_...')
#3 C:\xampp\htdocs\github\verifikasi\vendor\codeigniter4\framework\system\Database\BaseBuilder.php(2263): CodeIgniter\Database\BaseConnection->query('INSERT INTO `x_...', Array, false)
#4 C:\xampp\htdocs\github\verifikasi\app\Models\ModelMaster.php(247): CodeIgniter\Database\BaseBuilder->insert(Array)
#5 C:\xampp\htdocs\github\verifikasi\modules\Kegiatan\Controllers\DataKegiatan.php(150): App\Models\ModelMaster->datatambah('x_sertifikat', Array)
#6 C:\xampp\htdocs\github\verifikasi\vendor\codeigniter4\framework\system\CodeIgniter.php(940): Modules\Kegiatan\Controllers\DataKegiatan->tambah_kegiatan()
#7 C:\xampp\htdocs\github\verifikasi\vendor\codeigniter4\framework\system\CodeIgniter.php(436): CodeIgniter\CodeIgniter->runController(Object(Modules\Kegiatan\Controllers\DataKegiatan))
#8 C:\xampp\htdocs\github\verifikasi\vendor\codeigniter4\framework\system\CodeIgniter.php(337): CodeIgniter\CodeIgniter->handleRequest(NULL, Object(Config\Cache), false)
#9 C:\xampp\htdocs\github\verifikasi\public\index.php(44): CodeIgniter\CodeIgniter->run()
#10 C:\xampp\htdocs\github\verifikasi\vendor\codeigniter4\framework\system\Commands\Server\rewrite.php(45): require_once('C:\\xampp\\htdocs...')
#11 {main}
ERROR - 2022-02-04 09:49:30 --> mysqli_sql_exception: Unknown column 'nama_kegiatan' in 'field list' in C:\xampp\htdocs\github\verifikasi\vendor\codeigniter4\framework\system\Database\MySQLi\Connection.php:314
Stack trace:
#0 C:\xampp\htdocs\github\verifikasi\vendor\codeigniter4\framework\system\Database\MySQLi\Connection.php(314): mysqli->query('INSERT INTO `x_...')
#1 C:\xampp\htdocs\github\verifikasi\vendor\codeigniter4\framework\system\Database\BaseConnection.php(713): CodeIgniter\Database\MySQLi\Connection->execute('INSERT INTO `x_...')
#2 C:\xampp\htdocs\github\verifikasi\vendor\codeigniter4\framework\system\Database\BaseConnection.php(641): CodeIgniter\Database\BaseConnection->simpleQuery('INSERT INTO `x_...')
#3 C:\xampp\htdocs\github\verifikasi\vendor\codeigniter4\framework\system\Database\BaseBuilder.php(2263): CodeIgniter\Database\BaseConnection->query('INSERT INTO `x_...', Array, false)
#4 C:\xampp\htdocs\github\verifikasi\app\Models\ModelMaster.php(247): CodeIgniter\Database\BaseBuilder->insert(Array)
#5 C:\xampp\htdocs\github\verifikasi\modules\Kegiatan\Controllers\DataKegiatan.php(150): App\Models\ModelMaster->datatambah('x_sertifikat', Array)
#6 C:\xampp\htdocs\github\verifikasi\vendor\codeigniter4\framework\system\CodeIgniter.php(940): Modules\Kegiatan\Controllers\DataKegiatan->tambah_kegiatan()
#7 C:\xampp\htdocs\github\verifikasi\vendor\codeigniter4\framework\system\CodeIgniter.php(436): CodeIgniter\CodeIgniter->runController(Object(Modules\Kegiatan\Controllers\DataKegiatan))
#8 C:\xampp\htdocs\github\verifikasi\vendor\codeigniter4\framework\system\CodeIgniter.php(337): CodeIgniter\CodeIgniter->handleRequest(NULL, Object(Config\Cache), false)
#9 C:\xampp\htdocs\github\verifikasi\public\index.php(44): CodeIgniter\CodeIgniter->run()
#10 C:\xampp\htdocs\github\verifikasi\vendor\codeigniter4\framework\system\Commands\Server\rewrite.php(45): require_once('C:\\xampp\\htdocs...')
#11 {main}
CRITICAL - 2022-02-04 09:49:30 --> Unknown column 'nama_kegiatan' in 'field list'
#0 C:\xampp\htdocs\github\verifikasi\vendor\codeigniter4\framework\system\Database\MySQLi\Connection.php(314): mysqli->query('INSERT INTO `x_...')
#1 C:\xampp\htdocs\github\verifikasi\vendor\codeigniter4\framework\system\Database\BaseConnection.php(713): CodeIgniter\Database\MySQLi\Connection->execute('INSERT INTO `x_...')
#2 C:\xampp\htdocs\github\verifikasi\vendor\codeigniter4\framework\system\Database\BaseConnection.php(641): CodeIgniter\Database\BaseConnection->simpleQuery('INSERT INTO `x_...')
#3 C:\xampp\htdocs\github\verifikasi\vendor\codeigniter4\framework\system\Database\BaseBuilder.php(2263): CodeIgniter\Database\BaseConnection->query('INSERT INTO `x_...', Array, false)
#4 C:\xampp\htdocs\github\verifikasi\app\Models\ModelMaster.php(247): CodeIgniter\Database\BaseBuilder->insert(Array)
#5 C:\xampp\htdocs\github\verifikasi\modules\Kegiatan\Controllers\DataKegiatan.php(150): App\Models\ModelMaster->datatambah('x_sertifikat', Array)
#6 C:\xampp\htdocs\github\verifikasi\vendor\codeigniter4\framework\system\CodeIgniter.php(940): Modules\Kegiatan\Controllers\DataKegiatan->tambah_kegiatan()
#7 C:\xampp\htdocs\github\verifikasi\vendor\codeigniter4\framework\system\CodeIgniter.php(436): CodeIgniter\CodeIgniter->runController(Object(Modules\Kegiatan\Controllers\DataKegiatan))
#8 C:\xampp\htdocs\github\verifikasi\vendor\codeigniter4\framework\system\CodeIgniter.php(337): CodeIgniter\CodeIgniter->handleRequest(NULL, Object(Config\Cache), false)
#9 C:\xampp\htdocs\github\verifikasi\public\index.php(44): CodeIgniter\CodeIgniter->run()
#10 C:\xampp\htdocs\github\verifikasi\vendor\codeigniter4\framework\system\Commands\Server\rewrite.php(45): require_once('C:\\xampp\\htdocs...')
#11 {main}
CRITICAL - 2022-02-04 10:02:47 --> Undefined property: CodeIgniter\HTTP\IncomingRequest::$random
#0 C:\xampp\htdocs\github\verifikasi\modules\Kegiatan\Controllers\DataKegiatan.php(173): CodeIgniter\Debug\Exceptions->errorHandler(8, 'Undefined prope...', 'C:\\xampp\\htdocs...', 173, Array)
#1 C:\xampp\htdocs\github\verifikasi\vendor\codeigniter4\framework\system\CodeIgniter.php(940): Modules\Kegiatan\Controllers\DataKegiatan->edit_kegiatan_data()
#2 C:\xampp\htdocs\github\verifikasi\vendor\codeigniter4\framework\system\CodeIgniter.php(436): CodeIgniter\CodeIgniter->runController(Object(Modules\Kegiatan\Controllers\DataKegiatan))
#3 C:\xampp\htdocs\github\verifikasi\vendor\codeigniter4\framework\system\CodeIgniter.php(337): CodeIgniter\CodeIgniter->handleRequest(NULL, Object(Config\Cache), false)
#4 C:\xampp\htdocs\github\verifikasi\public\index.php(44): CodeIgniter\CodeIgniter->run()
#5 C:\xampp\htdocs\github\verifikasi\vendor\codeigniter4\framework\system\Commands\Server\rewrite.php(45): require_once('C:\\xampp\\htdocs...')
#6 {main}
CRITICAL - 2022-02-04 10:02:55 --> Undefined property: CodeIgniter\HTTP\IncomingRequest::$random
#0 C:\xampp\htdocs\github\verifikasi\modules\Kegiatan\Controllers\DataKegiatan.php(173): CodeIgniter\Debug\Exceptions->errorHandler(8, 'Undefined prope...', 'C:\\xampp\\htdocs...', 173, Array)
#1 C:\xampp\htdocs\github\verifikasi\vendor\codeigniter4\framework\system\CodeIgniter.php(940): Modules\Kegiatan\Controllers\DataKegiatan->edit_kegiatan_data()
#2 C:\xampp\htdocs\github\verifikasi\vendor\codeigniter4\framework\system\CodeIgniter.php(436): CodeIgniter\CodeIgniter->runController(Object(Modules\Kegiatan\Controllers\DataKegiatan))
#3 C:\xampp\htdocs\github\verifikasi\vendor\codeigniter4\framework\system\CodeIgniter.php(337): CodeIgniter\CodeIgniter->handleRequest(NULL, Object(Config\Cache), false)
#4 C:\xampp\htdocs\github\verifikasi\public\index.php(44): CodeIgniter\CodeIgniter->run()
#5 C:\xampp\htdocs\github\verifikasi\vendor\codeigniter4\framework\system\Commands\Server\rewrite.php(45): require_once('C:\\xampp\\htdocs...')
#6 {main}
CRITICAL - 2022-02-04 10:03:00 --> Undefined property: CodeIgniter\HTTP\IncomingRequest::$random
#0 C:\xampp\htdocs\github\verifikasi\modules\Kegiatan\Controllers\DataKegiatan.php(173): CodeIgniter\Debug\Exceptions->errorHandler(8, 'Undefined prope...', 'C:\\xampp\\htdocs...', 173, Array)
#1 C:\xampp\htdocs\github\verifikasi\vendor\codeigniter4\framework\system\CodeIgniter.php(940): Modules\Kegiatan\Controllers\DataKegiatan->edit_kegiatan_data()
#2 C:\xampp\htdocs\github\verifikasi\vendor\codeigniter4\framework\system\CodeIgniter.php(436): CodeIgniter\CodeIgniter->runController(Object(Modules\Kegiatan\Controllers\DataKegiatan))
#3 C:\xampp\htdocs\github\verifikasi\vendor\codeigniter4\framework\system\CodeIgniter.php(337): CodeIgniter\CodeIgniter->handleRequest(NULL, Object(Config\Cache), false)
#4 C:\xampp\htdocs\github\verifikasi\public\index.php(44): CodeIgniter\CodeIgniter->run()
#5 C:\xampp\htdocs\github\verifikasi\vendor\codeigniter4\framework\system\Commands\Server\rewrite.php(45): require_once('C:\\xampp\\htdocs...')
#6 {main}
CRITICAL - 2022-02-04 10:41:58 --> You do not have sufficient permissions to access that page.
#0 C:\xampp\htdocs\github\verifikasi\vendor\codeigniter4\framework\system\Filters\Filters.php(181): Myth\Auth\Filters\PermissionFilter->before(Object(CodeIgniter\HTTP\IncomingRequest), Array)
#1 C:\xampp\htdocs\github\verifikasi\vendor\codeigniter4\framework\system\CodeIgniter.php(407): CodeIgniter\Filters\Filters->run('manage-kegiatan...', 'before')
#2 C:\xampp\htdocs\github\verifikasi\vendor\codeigniter4\framework\system\CodeIgniter.php(337): CodeIgniter\CodeIgniter->handleRequest(NULL, Object(Config\Cache), false)
#3 C:\xampp\htdocs\github\verifikasi\public\index.php(44): CodeIgniter\CodeIgniter->run()
#4 C:\xampp\htdocs\github\verifikasi\vendor\codeigniter4\framework\system\Commands\Server\rewrite.php(45): require_once('C:\\xampp\\htdocs...')
#5 {main}
CRITICAL - 2022-02-04 10:42:13 --> You do not have sufficient permissions to access that page.
#0 C:\xampp\htdocs\github\verifikasi\vendor\codeigniter4\framework\system\Filters\Filters.php(181): Myth\Auth\Filters\PermissionFilter->before(Object(CodeIgniter\HTTP\IncomingRequest), Array)
#1 C:\xampp\htdocs\github\verifikasi\vendor\codeigniter4\framework\system\CodeIgniter.php(407): CodeIgniter\Filters\Filters->run('manage-kegiatan...', 'before')
#2 C:\xampp\htdocs\github\verifikasi\vendor\codeigniter4\framework\system\CodeIgniter.php(337): CodeIgniter\CodeIgniter->handleRequest(NULL, Object(Config\Cache), false)
#3 C:\xampp\htdocs\github\verifikasi\public\index.php(44): CodeIgniter\CodeIgniter->run()
#4 C:\xampp\htdocs\github\verifikasi\vendor\codeigniter4\framework\system\Commands\Server\rewrite.php(45): require_once('C:\\xampp\\htdocs...')
#5 {main}
CRITICAL - 2022-02-04 11:05:25 --> Undefined variable: random
#0 C:\xampp\htdocs\github\verifikasi\modules\Sertifikat\Controllers\DataSertifikat.php(88): CodeIgniter\Debug\Exceptions->errorHandler(8, 'Undefined varia...', 'C:\\xampp\\htdocs...', 88, Array)
#1 C:\xampp\htdocs\github\verifikasi\vendor\codeigniter4\framework\system\CodeIgniter.php(940): Modules\Sertifikat\Controllers\DataSertifikat->json_sertifikat_list()
#2 C:\xampp\htdocs\github\verifikasi\vendor\codeigniter4\framework\system\CodeIgniter.php(436): CodeIgniter\CodeIgniter->runController(Object(Modules\Sertifikat\Controllers\DataSertifikat))
#3 C:\xampp\htdocs\github\verifikasi\vendor\codeigniter4\framework\system\CodeIgniter.php(337): CodeIgniter\CodeIgniter->handleRequest(NULL, Object(Config\Cache), false)
#4 C:\xampp\htdocs\github\verifikasi\public\index.php(44): CodeIgniter\CodeIgniter->run()
#5 C:\xampp\htdocs\github\verifikasi\vendor\codeigniter4\framework\system\Commands\Server\rewrite.php(45): require_once('C:\\xampp\\htdocs...')
#6 {main}
CRITICAL - 2022-02-04 11:05:35 --> Undefined variable: random
#0 C:\xampp\htdocs\github\verifikasi\modules\Sertifikat\Controllers\DataSertifikat.php(88): CodeIgniter\Debug\Exceptions->errorHandler(8, 'Undefined varia...', 'C:\\xampp\\htdocs...', 88, Array)
#1 C:\xampp\htdocs\github\verifikasi\vendor\codeigniter4\framework\system\CodeIgniter.php(940): Modules\Sertifikat\Controllers\DataSertifikat->json_sertifikat_list()
#2 C:\xampp\htdocs\github\verifikasi\vendor\codeigniter4\framework\system\CodeIgniter.php(436): CodeIgniter\CodeIgniter->runController(Object(Modules\Sertifikat\Controllers\DataSertifikat))
#3 C:\xampp\htdocs\github\verifikasi\vendor\codeigniter4\framework\system\CodeIgniter.php(337): CodeIgniter\CodeIgniter->handleRequest(NULL, Object(Config\Cache), false)
#4 C:\xampp\htdocs\github\verifikasi\public\index.php(44): CodeIgniter\CodeIgniter->run()
#5 C:\xampp\htdocs\github\verifikasi\vendor\codeigniter4\framework\system\Commands\Server\rewrite.php(45): require_once('C:\\xampp\\htdocs...')
#6 {main}
CRITICAL - 2022-02-04 11:05:55 --> Undefined variable: random
#0 C:\xampp\htdocs\github\verifikasi\modules\Sertifikat\Controllers\DataSertifikat.php(88): CodeIgniter\Debug\Exceptions->errorHandler(8, 'Undefined varia...', 'C:\\xampp\\htdocs...', 88, Array)
#1 C:\xampp\htdocs\github\verifikasi\vendor\codeigniter4\framework\system\CodeIgniter.php(940): Modules\Sertifikat\Controllers\DataSertifikat->json_sertifikat_list()
#2 C:\xampp\htdocs\github\verifikasi\vendor\codeigniter4\framework\system\CodeIgniter.php(436): CodeIgniter\CodeIgniter->runController(Object(Modules\Sertifikat\Controllers\DataSertifikat))
#3 C:\xampp\htdocs\github\verifikasi\vendor\codeigniter4\framework\system\CodeIgniter.php(337): CodeIgniter\CodeIgniter->handleRequest(NULL, Object(Config\Cache), false)
#4 C:\xampp\htdocs\github\verifikasi\public\index.php(44): CodeIgniter\CodeIgniter->run()
#5 C:\xampp\htdocs\github\verifikasi\vendor\codeigniter4\framework\system\Commands\Server\rewrite.php(45): require_once('C:\\xampp\\htdocs...')
#6 {main}
CRITICAL - 2022-02-04 11:06:07 --> Undefined variable: random
#0 C:\xampp\htdocs\github\verifikasi\modules\Sertifikat\Controllers\DataSertifikat.php(88): CodeIgniter\Debug\Exceptions->errorHandler(8, 'Undefined varia...', 'C:\\xampp\\htdocs...', 88, Array)
#1 C:\xampp\htdocs\github\verifikasi\vendor\codeigniter4\framework\system\CodeIgniter.php(940): Modules\Sertifikat\Controllers\DataSertifikat->json_sertifikat_list()
#2 C:\xampp\htdocs\github\verifikasi\vendor\codeigniter4\framework\system\CodeIgniter.php(436): CodeIgniter\CodeIgniter->runController(Object(Modules\Sertifikat\Controllers\DataSertifikat))
#3 C:\xampp\htdocs\github\verifikasi\vendor\codeigniter4\framework\system\CodeIgniter.php(337): CodeIgniter\CodeIgniter->handleRequest(NULL, Object(Config\Cache), false)
#4 C:\xampp\htdocs\github\verifikasi\public\index.php(44): CodeIgniter\CodeIgniter->run()
#5 C:\xampp\htdocs\github\verifikasi\vendor\codeigniter4\framework\system\Commands\Server\rewrite.php(45): require_once('C:\\xampp\\htdocs...')
#6 {main}
CRITICAL - 2022-02-04 11:07:59 --> Undefined variable: random
#0 C:\xampp\htdocs\github\verifikasi\modules\Sertifikat\Controllers\DataSertifikat.php(88): CodeIgniter\Debug\Exceptions->errorHandler(8, 'Undefined varia...', 'C:\\xampp\\htdocs...', 88, Array)
#1 C:\xampp\htdocs\github\verifikasi\vendor\codeigniter4\framework\system\CodeIgniter.php(940): Modules\Sertifikat\Controllers\DataSertifikat->json_sertifikat_list()
#2 C:\xampp\htdocs\github\verifikasi\vendor\codeigniter4\framework\system\CodeIgniter.php(436): CodeIgniter\CodeIgniter->runController(Object(Modules\Sertifikat\Controllers\DataSertifikat))
#3 C:\xampp\htdocs\github\verifikasi\vendor\codeigniter4\framework\system\CodeIgniter.php(337): CodeIgniter\CodeIgniter->handleRequest(NULL, Object(Config\Cache), false)
#4 C:\xampp\htdocs\github\verifikasi\public\index.php(44): CodeIgniter\CodeIgniter->run()
#5 C:\xampp\htdocs\github\verifikasi\vendor\codeigniter4\framework\system\Commands\Server\rewrite.php(45): require_once('C:\\xampp\\htdocs...')
#6 {main}
CRITICAL - 2022-02-04 11:08:20 --> Call to undefined method CodeIgniter\Database\MySQLi\Result::getRowArra()
#0 C:\xampp\htdocs\github\verifikasi\vendor\codeigniter4\framework\system\CodeIgniter.php(940): Modules\Sertifikat\Controllers\DataSertifikat->json_sertifikat_list()
#1 C:\xampp\htdocs\github\verifikasi\vendor\codeigniter4\framework\system\CodeIgniter.php(436): CodeIgniter\CodeIgniter->runController(Object(Modules\Sertifikat\Controllers\DataSertifikat))
#2 C:\xampp\htdocs\github\verifikasi\vendor\codeigniter4\framework\system\CodeIgniter.php(337): CodeIgniter\CodeIgniter->handleRequest(NULL, Object(Config\Cache), false)
#3 C:\xampp\htdocs\github\verifikasi\public\index.php(44): CodeIgniter\CodeIgniter->run()
#4 C:\xampp\htdocs\github\verifikasi\vendor\codeigniter4\framework\system\Commands\Server\rewrite.php(45): require_once('C:\\xampp\\htdocs...')
#5 {main}
CRITICAL - 2022-02-04 11:08:34 --> Undefined index: idkegiatan
#0 C:\xampp\htdocs\github\verifikasi\modules\Sertifikat\Controllers\DataSertifikat.php(89): CodeIgniter\Debug\Exceptions->errorHandler(8, 'Undefined index...', 'C:\\xampp\\htdocs...', 89, Array)
#1 C:\xampp\htdocs\github\verifikasi\vendor\codeigniter4\framework\system\CodeIgniter.php(940): Modules\Sertifikat\Controllers\DataSertifikat->json_sertifikat_list()
#2 C:\xampp\htdocs\github\verifikasi\vendor\codeigniter4\framework\system\CodeIgniter.php(436): CodeIgniter\CodeIgniter->runController(Object(Modules\Sertifikat\Controllers\DataSertifikat))
#3 C:\xampp\htdocs\github\verifikasi\vendor\codeigniter4\framework\system\CodeIgniter.php(337): CodeIgniter\CodeIgniter->handleRequest(NULL, Object(Config\Cache), false)
#4 C:\xampp\htdocs\github\verifikasi\public\index.php(44): CodeIgniter\CodeIgniter->run()
#5 C:\xampp\htdocs\github\verifikasi\vendor\codeigniter4\framework\system\Commands\Server\rewrite.php(45): require_once('C:\\xampp\\htdocs...')
#6 {main}
CRITICAL - 2022-02-04 11:08:46 --> Undefined property: stdClass::$nomor_sertifikat
#0 C:\xampp\htdocs\github\verifikasi\modules\Sertifikat\Controllers\DataSertifikat.php(103): CodeIgniter\Debug\Exceptions->errorHandler(8, 'Undefined prope...', 'C:\\xampp\\htdocs...', 103, Array)
#1 C:\xampp\htdocs\github\verifikasi\vendor\codeigniter4\framework\system\CodeIgniter.php(940): Modules\Sertifikat\Controllers\DataSertifikat->json_sertifikat_list()
#2 C:\xampp\htdocs\github\verifikasi\vendor\codeigniter4\framework\system\CodeIgniter.php(436): CodeIgniter\CodeIgniter->runController(Object(Modules\Sertifikat\Controllers\DataSertifikat))
#3 C:\xampp\htdocs\github\verifikasi\vendor\codeigniter4\framework\system\CodeIgniter.php(337): CodeIgniter\CodeIgniter->handleRequest(NULL, Object(Config\Cache), false)
#4 C:\xampp\htdocs\github\verifikasi\public\index.php(44): CodeIgniter\CodeIgniter->run()
#5 C:\xampp\htdocs\github\verifikasi\vendor\codeigniter4\framework\system\Commands\Server\rewrite.php(45): require_once('C:\\xampp\\htdocs...')
#6 {main}
CRITICAL - 2022-02-04 11:09:12 --> Undefined property: Modules\Sertifikat\Controllers\DataSertifikat::$ModelSertifikatList
#0 C:\xampp\htdocs\github\verifikasi\modules\Sertifikat\Controllers\DataSertifikat.php(91): CodeIgniter\Debug\Exceptions->errorHandler(8, 'Undefined prope...', 'C:\\xampp\\htdocs...', 91, Array)
#1 C:\xampp\htdocs\github\verifikasi\vendor\codeigniter4\framework\system\CodeIgniter.php(940): Modules\Sertifikat\Controllers\DataSertifikat->json_sertifikat_list()
#2 C:\xampp\htdocs\github\verifikasi\vendor\codeigniter4\framework\system\CodeIgniter.php(436): CodeIgniter\CodeIgniter->runController(Object(Modules\Sertifikat\Controllers\DataSertifikat))
#3 C:\xampp\htdocs\github\verifikasi\vendor\codeigniter4\framework\system\CodeIgniter.php(337): CodeIgniter\CodeIgniter->handleRequest(NULL, Object(Config\Cache), false)
#4 C:\xampp\htdocs\github\verifikasi\public\index.php(44): CodeIgniter\CodeIgniter->run()
#5 C:\xampp\htdocs\github\verifikasi\vendor\codeigniter4\framework\system\Commands\Server\rewrite.php(45): require_once('C:\\xampp\\htdocs...')
#6 {main}
ERROR - 2022-02-04 11:09:36 --> mysqli_sql_exception: Unknown column 'nomor_telp_peserta' in 'field list' in C:\xampp\htdocs\github\verifikasi\vendor\codeigniter4\framework\system\Database\MySQLi\Connection.php:314
Stack trace:
#0 C:\xampp\htdocs\github\verifikasi\vendor\codeigniter4\framework\system\Database\MySQLi\Connection.php(314): mysqli->query('SELECT `random`...')
#1 C:\xampp\htdocs\github\verifikasi\vendor\codeigniter4\framework\system\Database\BaseConnection.php(713): CodeIgniter\Database\MySQLi\Connection->execute('SELECT `random`...')
#2 C:\xampp\htdocs\github\verifikasi\vendor\codeigniter4\framework\system\Database\BaseConnection.php(641): CodeIgniter\Database\BaseConnection->simpleQuery('SELECT `random`...')
#3 C:\xampp\htdocs\github\verifikasi\vendor\codeigniter4\framework\system\Database\BaseBuilder.php(1866): CodeIgniter\Database\BaseConnection->query('SELECT `random`...', Array, false)
#4 C:\xampp\htdocs\github\verifikasi\modules\Sertifikat\Models\ModelSertifikatList.php(60): CodeIgniter\Database\BaseBuilder->get()
#5 C:\xampp\htdocs\github\verifikasi\modules\Sertifikat\Controllers\DataSertifikat.php(94): Modules\Sertifikat\Models\ModelSertifikatList->get_datatables('169')
#6 C:\xampp\htdocs\github\verifikasi\vendor\codeigniter4\framework\system\CodeIgniter.php(940): Modules\Sertifikat\Controllers\DataSertifikat->json_sertifikat_list()
#7 C:\xampp\htdocs\github\verifikasi\vendor\codeigniter4\framework\system\CodeIgniter.php(436): CodeIgniter\CodeIgniter->runController(Object(Modules\Sertifikat\Controllers\DataSertifikat))
#8 C:\xampp\htdocs\github\verifikasi\vendor\codeigniter4\framework\system\CodeIgniter.php(337): CodeIgniter\CodeIgniter->handleRequest(NULL, Object(Config\Cache), false)
#9 C:\xampp\htdocs\github\verifikasi\public\index.php(44): CodeIgniter\CodeIgniter->run()
#10 C:\xampp\htdocs\github\verifikasi\vendor\codeigniter4\framework\system\Commands\Server\rewrite.php(45): require_once('C:\\xampp\\htdocs...')
#11 {main}
CRITICAL - 2022-02-04 11:09:36 --> Unknown column 'nomor_telp_peserta' in 'field list'
#0 C:\xampp\htdocs\github\verifikasi\vendor\codeigniter4\framework\system\Database\MySQLi\Connection.php(314): mysqli->query('SELECT `random`...')
#1 C:\xampp\htdocs\github\verifikasi\vendor\codeigniter4\framework\system\Database\BaseConnection.php(713): CodeIgniter\Database\MySQLi\Connection->execute('SELECT `random`...')
#2 C:\xampp\htdocs\github\verifikasi\vendor\codeigniter4\framework\system\Database\BaseConnection.php(641): CodeIgniter\Database\BaseConnection->simpleQuery('SELECT `random`...')
#3 C:\xampp\htdocs\github\verifikasi\vendor\codeigniter4\framework\system\Database\BaseBuilder.php(1866): CodeIgniter\Database\BaseConnection->query('SELECT `random`...', Array, false)
#4 C:\xampp\htdocs\github\verifikasi\modules\Sertifikat\Models\ModelSertifikatList.php(60): CodeIgniter\Database\BaseBuilder->get()
#5 C:\xampp\htdocs\github\verifikasi\modules\Sertifikat\Controllers\DataSertifikat.php(94): Modules\Sertifikat\Models\ModelSertifikatList->get_datatables('169')
#6 C:\xampp\htdocs\github\verifikasi\vendor\codeigniter4\framework\system\CodeIgniter.php(940): Modules\Sertifikat\Controllers\DataSertifikat->json_sertifikat_list()
#7 C:\xampp\htdocs\github\verifikasi\vendor\codeigniter4\framework\system\CodeIgniter.php(436): CodeIgniter\CodeIgniter->runController(Object(Modules\Sertifikat\Controllers\DataSertifikat))
#8 C:\xampp\htdocs\github\verifikasi\vendor\codeigniter4\framework\system\CodeIgniter.php(337): CodeIgniter\CodeIgniter->handleRequest(NULL, Object(Config\Cache), false)
#9 C:\xampp\htdocs\github\verifikasi\public\index.php(44): CodeIgniter\CodeIgniter->run()
#10 C:\xampp\htdocs\github\verifikasi\vendor\codeigniter4\framework\system\Commands\Server\rewrite.php(45): require_once('C:\\xampp\\htdocs...')
#11 {main}
ERROR - 2022-02-04 11:10:03 --> mysqli_sql_exception: Unknown column 'idkegiatan' in 'where clause' in C:\xampp\htdocs\github\verifikasi\vendor\codeigniter4\framework\system\Database\MySQLi\Connection.php:314
Stack trace:
#0 C:\xampp\htdocs\github\verifikasi\vendor\codeigniter4\framework\system\Database\MySQLi\Connection.php(314): mysqli->query('SELECT `random`...')
#1 C:\xampp\htdocs\github\verifikasi\vendor\codeigniter4\framework\system\Database\BaseConnection.php(713): CodeIgniter\Database\MySQLi\Connection->execute('SELECT `random`...')
#2 C:\xampp\htdocs\github\verifikasi\vendor\codeigniter4\framework\system\Database\BaseConnection.php(641): CodeIgniter\Database\BaseConnection->simpleQuery('SELECT `random`...')
#3 C:\xampp\htdocs\github\verifikasi\vendor\codeigniter4\framework\system\Database\BaseBuilder.php(1866): CodeIgniter\Database\BaseConnection->query('SELECT `random`...', Array, false)
#4 C:\xampp\htdocs\github\verifikasi\modules\Sertifikat\Models\ModelSertifikatList.php(60): CodeIgniter\Database\BaseBuilder->get()
#5 C:\xampp\htdocs\github\verifikasi\modules\Sertifikat\Controllers\DataSertifikat.php(94): Modules\Sertifikat\Models\ModelSertifikatList->get_datatables('169')
#6 C:\xampp\htdocs\github\verifikasi\vendor\codeigniter4\framework\system\CodeIgniter.php(940): Modules\Sertifikat\Controllers\DataSertifikat->json_sertifikat_list()
#7 C:\xampp\htdocs\github\verifikasi\vendor\codeigniter4\framework\system\CodeIgniter.php(436): CodeIgniter\CodeIgniter->runController(Object(Modules\Sertifikat\Controllers\DataSertifikat))
#8 C:\xampp\htdocs\github\verifikasi\vendor\codeigniter4\framework\system\CodeIgniter.php(337): CodeIgniter\CodeIgniter->handleRequest(NULL, Object(Config\Cache), false)
#9 C:\xampp\htdocs\github\verifikasi\public\index.php(44): CodeIgniter\CodeIgniter->run()
#10 C:\xampp\htdocs\github\verifikasi\vendor\codeigniter4\framework\system\Commands\Server\rewrite.php(45): require_once('C:\\xampp\\htdocs...')
#11 {main}
CRITICAL - 2022-02-04 11:10:03 --> Unknown column 'idkegiatan' in 'where clause'
#0 C:\xampp\htdocs\github\verifikasi\vendor\codeigniter4\framework\system\Database\MySQLi\Connection.php(314): mysqli->query('SELECT `random`...')
#1 C:\xampp\htdocs\github\verifikasi\vendor\codeigniter4\framework\system\Database\BaseConnection.php(713): CodeIgniter\Database\MySQLi\Connection->execute('SELECT `random`...')
#2 C:\xampp\htdocs\github\verifikasi\vendor\codeigniter4\framework\system\Database\BaseConnection.php(641): CodeIgniter\Database\BaseConnection->simpleQuery('SELECT `random`...')
#3 C:\xampp\htdocs\github\verifikasi\vendor\codeigniter4\framework\system\Database\BaseBuilder.php(1866): CodeIgniter\Database\BaseConnection->query('SELECT `random`...', Array, false)
#4 C:\xampp\htdocs\github\verifikasi\modules\Sertifikat\Models\ModelSertifikatList.php(60): CodeIgniter\Database\BaseBuilder->get()
#5 C:\xampp\htdocs\github\verifikasi\modules\Sertifikat\Controllers\DataSertifikat.php(94): Modules\Sertifikat\Models\ModelSertifikatList->get_datatables('169')
#6 C:\xampp\htdocs\github\verifikasi\vendor\codeigniter4\framework\system\CodeIgniter.php(940): Modules\Sertifikat\Controllers\DataSertifikat->json_sertifikat_list()
#7 C:\xampp\htdocs\github\verifikasi\vendor\codeigniter4\framework\system\CodeIgniter.php(436): CodeIgniter\CodeIgniter->runController(Object(Modules\Sertifikat\Controllers\DataSertifikat))
#8 C:\xampp\htdocs\github\verifikasi\vendor\codeigniter4\framework\system\CodeIgniter.php(337): CodeIgniter\CodeIgniter->handleRequest(NULL, Object(Config\Cache), false)
#9 C:\xampp\htdocs\github\verifikasi\public\index.php(44): CodeIgniter\CodeIgniter->run()
#10 C:\xampp\htdocs\github\verifikasi\vendor\codeigniter4\framework\system\Commands\Server\rewrite.php(45): require_once('C:\\xampp\\htdocs...')
#11 {main}
CRITICAL - 2022-02-04 11:13:41 --> Undefined index: 
#0 C:\xampp\htdocs\github\verifikasi\modules\Sertifikat\Models\ModelSertifikatList.php(26): CodeIgniter\Debug\Exceptions->errorHandler(8, 'Undefined index...', 'C:\\xampp\\htdocs...', 26, Array)
#1 C:\xampp\htdocs\github\verifikasi\modules\Sertifikat\Models\ModelSertifikatList.php(57): Modules\Sertifikat\Models\ModelSertifikatList->_get_datatables_query('169')
#2 C:\xampp\htdocs\github\verifikasi\modules\Sertifikat\Controllers\DataSertifikat.php(94): Modules\Sertifikat\Models\ModelSertifikatList->get_datatables('169')
#3 C:\xampp\htdocs\github\verifikasi\vendor\codeigniter4\framework\system\CodeIgniter.php(940): Modules\Sertifikat\Controllers\DataSertifikat->json_sertifikat_list()
#4 C:\xampp\htdocs\github\verifikasi\vendor\codeigniter4\framework\system\CodeIgniter.php(436): CodeIgniter\CodeIgniter->runController(Object(Modules\Sertifikat\Controllers\DataSertifikat))
#5 C:\xampp\htdocs\github\verifikasi\vendor\codeigniter4\framework\system\CodeIgniter.php(337): CodeIgniter\CodeIgniter->handleRequest(NULL, Object(Config\Cache), false)
#6 C:\xampp\htdocs\github\verifikasi\public\index.php(44): CodeIgniter\CodeIgniter->run()
#7 C:\xampp\htdocs\github\verifikasi\vendor\codeigniter4\framework\system\Commands\Server\rewrite.php(45): require_once('C:\\xampp\\htdocs...')
#8 {main}
CRITICAL - 2022-02-04 11:18:32 --> Undefined property: stdClass::$jenisblangko
#0 C:\xampp\htdocs\github\verifikasi\modules\Sertifikat\Controllers\DataSertifikat.php(116): CodeIgniter\Debug\Exceptions->errorHandler(8, 'Undefined prope...', 'C:\\xampp\\htdocs...', 116, Array)
#1 C:\xampp\htdocs\github\verifikasi\vendor\codeigniter4\framework\system\CodeIgniter.php(940): Modules\Sertifikat\Controllers\DataSertifikat->json_sertifikat_list()
#2 C:\xampp\htdocs\github\verifikasi\vendor\codeigniter4\framework\system\CodeIgniter.php(436): CodeIgniter\CodeIgniter->runController(Object(Modules\Sertifikat\Controllers\DataSertifikat))
#3 C:\xampp\htdocs\github\verifikasi\vendor\codeigniter4\framework\system\CodeIgniter.php(337): CodeIgniter\CodeIgniter->handleRequest(NULL, Object(Config\Cache), false)
#4 C:\xampp\htdocs\github\verifikasi\public\index.php(44): CodeIgniter\CodeIgniter->run()
#5 C:\xampp\htdocs\github\verifikasi\vendor\codeigniter4\framework\system\Commands\Server\rewrite.php(45): require_once('C:\\xampp\\htdocs...')
#6 {main}
CRITICAL - 2022-02-04 11:18:44 --> Undefined property: stdClass::$jenisblangko
#0 C:\xampp\htdocs\github\verifikasi\modules\Sertifikat\Controllers\DataSertifikat.php(116): CodeIgniter\Debug\Exceptions->errorHandler(8, 'Undefined prope...', 'C:\\xampp\\htdocs...', 116, Array)
#1 C:\xampp\htdocs\github\verifikasi\vendor\codeigniter4\framework\system\CodeIgniter.php(940): Modules\Sertifikat\Controllers\DataSertifikat->json_sertifikat_list()
#2 C:\xampp\htdocs\github\verifikasi\vendor\codeigniter4\framework\system\CodeIgniter.php(436): CodeIgniter\CodeIgniter->runController(Object(Modules\Sertifikat\Controllers\DataSertifikat))
#3 C:\xampp\htdocs\github\verifikasi\vendor\codeigniter4\framework\system\CodeIgniter.php(337): CodeIgniter\CodeIgniter->handleRequest(NULL, Object(Config\Cache), false)
#4 C:\xampp\htdocs\github\verifikasi\public\index.php(44): CodeIgniter\CodeIgniter->run()
#5 C:\xampp\htdocs\github\verifikasi\vendor\codeigniter4\framework\system\Commands\Server\rewrite.php(45): require_once('C:\\xampp\\htdocs...')
#6 {main}
CRITICAL - 2022-02-04 15:01:16 --> Undefined index: search
#0 C:\xampp\htdocs\github\verifikasi\modules\Sertifikat\Models\ModelSertifikatList.php(32): CodeIgniter\Debug\Exceptions->errorHandler(8, 'Undefined index...', 'C:\\xampp\\htdocs...', 32, Array)
#1 C:\xampp\htdocs\github\verifikasi\modules\Sertifikat\Models\ModelSertifikatList.php(57): Modules\Sertifikat\Models\ModelSertifikatList->_get_datatables_query(1)
#2 C:\xampp\htdocs\github\verifikasi\modules\Sertifikat\Controllers\DataSertifikat.php(95): Modules\Sertifikat\Models\ModelSertifikatList->get_datatables(1)
#3 C:\xampp\htdocs\github\verifikasi\vendor\codeigniter4\framework\system\CodeIgniter.php(940): Modules\Sertifikat\Controllers\DataSertifikat->json_sertifikat_list()
#4 C:\xampp\htdocs\github\verifikasi\vendor\codeigniter4\framework\system\CodeIgniter.php(436): CodeIgniter\CodeIgniter->runController(Object(Modules\Sertifikat\Controllers\DataSertifikat))
#5 C:\xampp\htdocs\github\verifikasi\vendor\codeigniter4\framework\system\CodeIgniter.php(337): CodeIgniter\CodeIgniter->handleRequest(NULL, Object(Config\Cache), false)
#6 C:\xampp\htdocs\github\verifikasi\public\index.php(44): CodeIgniter\CodeIgniter->run()
#7 C:\xampp\htdocs\github\verifikasi\vendor\codeigniter4\framework\system\Commands\Server\rewrite.php(45): require_once('C:\\xampp\\htdocs...')
#8 {main}
CRITICAL - 2022-02-04 16:02:59 --> syntax error, unexpected '$no' (T_VARIABLE)
#0 C:\xampp\htdocs\github\verifikasi\vendor\codeigniter4\framework\system\Autoloader\Autoloader.php(265): CodeIgniter\Autoloader\Autoloader->includeFile('C:\\xampp\\htdocs...')
#1 C:\xampp\htdocs\github\verifikasi\vendor\codeigniter4\framework\system\Autoloader\Autoloader.php(228): CodeIgniter\Autoloader\Autoloader->loadInNamespace('Modules\\Sertifi...')
#2 [internal function]: CodeIgniter\Autoloader\Autoloader->loadClass('Modules\\Sertifi...')
#3 [internal function]: spl_autoload_call('Modules\\Sertifi...')
#4 C:\xampp\htdocs\github\verifikasi\vendor\codeigniter4\framework\system\CodeIgniter.php(897): class_exists('\\Modules\\Sertif...', true)
#5 C:\xampp\htdocs\github\verifikasi\vendor\codeigniter4\framework\system\CodeIgniter.php(421): CodeIgniter\CodeIgniter->startController()
#6 C:\xampp\htdocs\github\verifikasi\vendor\codeigniter4\framework\system\CodeIgniter.php(337): CodeIgniter\CodeIgniter->handleRequest(NULL, Object(Config\Cache), false)
#7 C:\xampp\htdocs\github\verifikasi\public\index.php(44): CodeIgniter\CodeIgniter->run()
#8 C:\xampp\htdocs\github\verifikasi\vendor\codeigniter4\framework\system\Commands\Server\rewrite.php(45): require_once('C:\\xampp\\htdocs...')
#9 {main}
CRITICAL - 2022-02-04 16:03:58 --> Undefined variable: row
#0 C:\xampp\htdocs\github\verifikasi\modules\Sertifikat\Controllers\DataSertifikat.php(135): CodeIgniter\Debug\Exceptions->errorHandler(8, 'Undefined varia...', 'C:\\xampp\\htdocs...', 135, Array)
#1 C:\xampp\htdocs\github\verifikasi\vendor\codeigniter4\framework\system\CodeIgniter.php(940): Modules\Sertifikat\Controllers\DataSertifikat->json_sertifikat_list()
#2 C:\xampp\htdocs\github\verifikasi\vendor\codeigniter4\framework\system\CodeIgniter.php(436): CodeIgniter\CodeIgniter->runController(Object(Modules\Sertifikat\Controllers\DataSertifikat))
#3 C:\xampp\htdocs\github\verifikasi\vendor\codeigniter4\framework\system\CodeIgniter.php(337): CodeIgniter\CodeIgniter->handleRequest(NULL, Object(Config\Cache), false)
#4 C:\xampp\htdocs\github\verifikasi\public\index.php(44): CodeIgniter\CodeIgniter->run()
#5 C:\xampp\htdocs\github\verifikasi\vendor\codeigniter4\framework\system\Commands\Server\rewrite.php(45): require_once('C:\\xampp\\htdocs...')
#6 {main}
CRITICAL - 2022-02-04 16:04:12 --> Undefined variable: row
#0 C:\xampp\htdocs\github\verifikasi\modules\Sertifikat\Controllers\DataSertifikat.php(135): CodeIgniter\Debug\Exceptions->errorHandler(8, 'Undefined varia...', 'C:\\xampp\\htdocs...', 135, Array)
#1 C:\xampp\htdocs\github\verifikasi\vendor\codeigniter4\framework\system\CodeIgniter.php(940): Modules\Sertifikat\Controllers\DataSertifikat->json_sertifikat_list()
#2 C:\xampp\htdocs\github\verifikasi\vendor\codeigniter4\framework\system\CodeIgniter.php(436): CodeIgniter\CodeIgniter->runController(Object(Modules\Sertifikat\Controllers\DataSertifikat))
#3 C:\xampp\htdocs\github\verifikasi\vendor\codeigniter4\framework\system\CodeIgniter.php(337): CodeIgniter\CodeIgniter->handleRequest(NULL, Object(Config\Cache), false)
#4 C:\xampp\htdocs\github\verifikasi\public\index.php(44): CodeIgniter\CodeIgniter->run()
#5 C:\xampp\htdocs\github\verifikasi\vendor\codeigniter4\framework\system\Commands\Server\rewrite.php(45): require_once('C:\\xampp\\htdocs...')
#6 {main}
