CRITICAL - 2021-06-18 09:37:16 --> Call to undefined function odl()
#0 D:\WEBSITE\xampp-7.4\htdocs\master-web\vendor\codeigniter4\framework\system\View\View.php(220): include()
#1 D:\WEBSITE\xampp-7.4\htdocs\master-web\vendor\codeigniter4\framework\system\View\View.php(222): CodeIgniter\View\View->CodeIgniter\View\{closure}()
#2 D:\WEBSITE\xampp-7.4\htdocs\master-web\vendor\codeigniter4\framework\system\Common.php(1217): CodeIgniter\View\View->render('Modules\\Mahasis...', Array, true)
#3 D:\WEBSITE\xampp-7.4\htdocs\master-web\modules\MahasiswaSimkatmawa\Controllers\DataSimkatmawaKegiatanMandiri.php(51): view('Modules\\Mahasis...', Array)
#4 D:\WEBSITE\xampp-7.4\htdocs\master-web\vendor\codeigniter4\framework\system\CodeIgniter.php(936): Modules\MahasiswaSimkatmawa\Controllers\DataSimkatmawaKegiatanMandiri->simkatmawa_tambah()
#5 D:\WEBSITE\xampp-7.4\htdocs\master-web\vendor\codeigniter4\framework\system\CodeIgniter.php(432): CodeIgniter\CodeIgniter->runController(Object(Modules\MahasiswaSimkatmawa\Controllers\DataSimkatmawaKegiatanMandiri))
#6 D:\WEBSITE\xampp-7.4\htdocs\master-web\vendor\codeigniter4\framework\system\CodeIgniter.php(333): CodeIgniter\CodeIgniter->handleRequest(NULL, Object(Config\Cache), false)
#7 D:\WEBSITE\xampp-7.4\htdocs\master-web\public\index.php(44): CodeIgniter\CodeIgniter->run()
#8 D:\WEBSITE\xampp-7.4\htdocs\master-web\vendor\codeigniter4\framework\system\Commands\Server\rewrite.php(45): require_once('D:\\WEBSITE\\xamp...')
#9 {main}
CRITICAL - 2021-06-18 09:40:42 --> Undefined variable: id_kegiatan_mandiri
#0 D:\WEBSITE\xampp-7.4\htdocs\master-web\modules\MahasiswaSimkatmawa\Controllers\DataSimkatmawaKegiatanMandiri.php(197): CodeIgniter\Debug\Exceptions->errorHandler(8, 'Undefined varia...', 'D:\\WEBSITE\\xamp...', 197, Array)
#1 D:\WEBSITE\xampp-7.4\htdocs\master-web\vendor\codeigniter4\framework\system\CodeIgniter.php(936): Modules\MahasiswaSimkatmawa\Controllers\DataSimkatmawaKegiatanMandiri->simkatmawa_save()
#2 D:\WEBSITE\xampp-7.4\htdocs\master-web\vendor\codeigniter4\framework\system\CodeIgniter.php(432): CodeIgniter\CodeIgniter->runController(Object(Modules\MahasiswaSimkatmawa\Controllers\DataSimkatmawaKegiatanMandiri))
#3 D:\WEBSITE\xampp-7.4\htdocs\master-web\vendor\codeigniter4\framework\system\CodeIgniter.php(333): CodeIgniter\CodeIgniter->handleRequest(NULL, Object(Config\Cache), false)
#4 D:\WEBSITE\xampp-7.4\htdocs\master-web\public\index.php(44): CodeIgniter\CodeIgniter->run()
#5 D:\WEBSITE\xampp-7.4\htdocs\master-web\vendor\codeigniter4\framework\system\Commands\Server\rewrite.php(45): require_once('D:\\WEBSITE\\xamp...')
#6 {main}
CRITICAL - 2021-06-18 09:46:10 --> Undefined variable: nama_program
#0 D:\WEBSITE\xampp-7.4\htdocs\master-web\modules\MahasiswaSimkatmawa\Models\ModelSimkatmawaKegiatanMandiri.php(97): CodeIgniter\Debug\Exceptions->errorHandler(8, 'Undefined varia...', 'D:\\WEBSITE\\xamp...', 97, Array)
#1 D:\WEBSITE\xampp-7.4\htdocs\master-web\modules\MahasiswaSimkatmawa\Controllers\DataSimkatmawaKegiatanMandiri.php(187): Modules\MahasiswaSimkatmawa\Models\ModelSimkatmawaKegiatanMandiri->save_program('1e1501abef9543e...', 'Lomba Suka - Su...', 'lomba-suka-suka', '', 'individu', '50', '2', '2021-06-09', '2021-06-25', 'https://web.tel...', '')
#2 D:\WEBSITE\xampp-7.4\htdocs\master-web\vendor\codeigniter4\framework\system\CodeIgniter.php(936): Modules\MahasiswaSimkatmawa\Controllers\DataSimkatmawaKegiatanMandiri->simkatmawa_save()
#3 D:\WEBSITE\xampp-7.4\htdocs\master-web\vendor\codeigniter4\framework\system\CodeIgniter.php(432): CodeIgniter\CodeIgniter->runController(Object(Modules\MahasiswaSimkatmawa\Controllers\DataSimkatmawaKegiatanMandiri))
#4 D:\WEBSITE\xampp-7.4\htdocs\master-web\vendor\codeigniter4\framework\system\CodeIgniter.php(333): CodeIgniter\CodeIgniter->handleRequest(NULL, Object(Config\Cache), false)
#5 D:\WEBSITE\xampp-7.4\htdocs\master-web\public\index.php(44): CodeIgniter\CodeIgniter->run()
#6 D:\WEBSITE\xampp-7.4\htdocs\master-web\vendor\codeigniter4\framework\system\Commands\Server\rewrite.php(45): require_once('D:\\WEBSITE\\xamp...')
#7 {main}
CRITICAL - 2021-06-18 09:47:58 --> You do not have sufficient permissions to access that page.
#0 D:\WEBSITE\xampp-7.4\htdocs\master-web\vendor\codeigniter4\framework\system\Filters\Filters.php(181): Myth\Auth\Filters\PermissionFilter->before(Object(CodeIgniter\HTTP\IncomingRequest), Array)
#1 D:\WEBSITE\xampp-7.4\htdocs\master-web\vendor\codeigniter4\framework\system\CodeIgniter.php(403): CodeIgniter\Filters\Filters->run('mahasiswa-mbkm-...', 'before')
#2 D:\WEBSITE\xampp-7.4\htdocs\master-web\vendor\codeigniter4\framework\system\CodeIgniter.php(333): CodeIgniter\CodeIgniter->handleRequest(NULL, Object(Config\Cache), false)
#3 D:\WEBSITE\xampp-7.4\htdocs\master-web\public\index.php(44): CodeIgniter\CodeIgniter->run()
#4 D:\WEBSITE\xampp-7.4\htdocs\master-web\vendor\codeigniter4\framework\system\Commands\Server\rewrite.php(45): require_once('D:\\WEBSITE\\xamp...')
#5 {main}
CRITICAL - 2021-06-18 09:54:11 --> You do not have sufficient permissions to access that page.
#0 D:\WEBSITE\xampp-7.4\htdocs\master-web\vendor\codeigniter4\framework\system\Filters\Filters.php(181): Myth\Auth\Filters\PermissionFilter->before(Object(CodeIgniter\HTTP\IncomingRequest), Array)
#1 D:\WEBSITE\xampp-7.4\htdocs\master-web\vendor\codeigniter4\framework\system\CodeIgniter.php(403): CodeIgniter\Filters\Filters->run('mahasiswa-mbkm-...', 'before')
#2 D:\WEBSITE\xampp-7.4\htdocs\master-web\vendor\codeigniter4\framework\system\CodeIgniter.php(333): CodeIgniter\CodeIgniter->handleRequest(NULL, Object(Config\Cache), false)
#3 D:\WEBSITE\xampp-7.4\htdocs\master-web\public\index.php(44): CodeIgniter\CodeIgniter->run()
#4 D:\WEBSITE\xampp-7.4\htdocs\master-web\vendor\codeigniter4\framework\system\Commands\Server\rewrite.php(45): require_once('D:\\WEBSITE\\xamp...')
#5 {main}
CRITICAL - 2021-06-18 09:55:33 --> You do not have sufficient permissions to access that page.
#0 D:\WEBSITE\xampp-7.4\htdocs\master-web\vendor\codeigniter4\framework\system\Filters\Filters.php(181): Myth\Auth\Filters\PermissionFilter->before(Object(CodeIgniter\HTTP\IncomingRequest), Array)
#1 D:\WEBSITE\xampp-7.4\htdocs\master-web\vendor\codeigniter4\framework\system\CodeIgniter.php(403): CodeIgniter\Filters\Filters->run('mahasiswa-mbkm-...', 'before')
#2 D:\WEBSITE\xampp-7.4\htdocs\master-web\vendor\codeigniter4\framework\system\CodeIgniter.php(333): CodeIgniter\CodeIgniter->handleRequest(NULL, Object(Config\Cache), false)
#3 D:\WEBSITE\xampp-7.4\htdocs\master-web\public\index.php(44): CodeIgniter\CodeIgniter->run()
#4 D:\WEBSITE\xampp-7.4\htdocs\master-web\vendor\codeigniter4\framework\system\Commands\Server\rewrite.php(45): require_once('D:\\WEBSITE\\xamp...')
#5 {main}
CRITICAL - 2021-06-18 09:55:41 --> You do not have sufficient permissions to access that page.
#0 D:\WEBSITE\xampp-7.4\htdocs\master-web\vendor\codeigniter4\framework\system\Filters\Filters.php(181): Myth\Auth\Filters\PermissionFilter->before(Object(CodeIgniter\HTTP\IncomingRequest), Array)
#1 D:\WEBSITE\xampp-7.4\htdocs\master-web\vendor\codeigniter4\framework\system\CodeIgniter.php(403): CodeIgniter\Filters\Filters->run('mahasiswa-mbkm-...', 'before')
#2 D:\WEBSITE\xampp-7.4\htdocs\master-web\vendor\codeigniter4\framework\system\CodeIgniter.php(333): CodeIgniter\CodeIgniter->handleRequest(NULL, Object(Config\Cache), false)
#3 D:\WEBSITE\xampp-7.4\htdocs\master-web\public\index.php(44): CodeIgniter\CodeIgniter->run()
#4 D:\WEBSITE\xampp-7.4\htdocs\master-web\vendor\codeigniter4\framework\system\Commands\Server\rewrite.php(45): require_once('D:\\WEBSITE\\xamp...')
#5 {main}
CRITICAL - 2021-06-18 10:07:11 --> Undefined variable: r
#0 D:\WEBSITE\xampp-7.4\htdocs\master-web\modules\MahasiswaSimkatmawa\Views\kegiatan_mandiri_tambah.php(200): CodeIgniter\Debug\Exceptions->errorHandler(8, 'Undefined varia...', 'D:\\WEBSITE\\xamp...', 200, Array)
#1 D:\WEBSITE\xampp-7.4\htdocs\master-web\vendor\codeigniter4\framework\system\View\View.php(220): include('D:\\WEBSITE\\xamp...')
#2 D:\WEBSITE\xampp-7.4\htdocs\master-web\vendor\codeigniter4\framework\system\View\View.php(222): CodeIgniter\View\View->CodeIgniter\View\{closure}()
#3 D:\WEBSITE\xampp-7.4\htdocs\master-web\vendor\codeigniter4\framework\system\Common.php(1217): CodeIgniter\View\View->render('Modules\\Mahasis...', Array, true)
#4 D:\WEBSITE\xampp-7.4\htdocs\master-web\modules\MahasiswaSimkatmawa\Controllers\DataSimkatmawaKegiatanMandiri.php(51): view('Modules\\Mahasis...', Array)
#5 D:\WEBSITE\xampp-7.4\htdocs\master-web\vendor\codeigniter4\framework\system\CodeIgniter.php(936): Modules\MahasiswaSimkatmawa\Controllers\DataSimkatmawaKegiatanMandiri->simkatmawa_tambah()
#6 D:\WEBSITE\xampp-7.4\htdocs\master-web\vendor\codeigniter4\framework\system\CodeIgniter.php(432): CodeIgniter\CodeIgniter->runController(Object(Modules\MahasiswaSimkatmawa\Controllers\DataSimkatmawaKegiatanMandiri))
#7 D:\WEBSITE\xampp-7.4\htdocs\master-web\vendor\codeigniter4\framework\system\CodeIgniter.php(333): CodeIgniter\CodeIgniter->handleRequest(NULL, Object(Config\Cache), false)
#8 D:\WEBSITE\xampp-7.4\htdocs\master-web\public\index.php(44): CodeIgniter\CodeIgniter->run()
#9 D:\WEBSITE\xampp-7.4\htdocs\master-web\vendor\codeigniter4\framework\system\Commands\Server\rewrite.php(45): require_once('D:\\WEBSITE\\xamp...')
#10 {main}
CRITICAL - 2021-06-18 10:58:40 --> You must set the database table to be used with your query.
#0 D:\WEBSITE\xampp-7.4\htdocs\master-web\vendor\codeigniter4\framework\system\Model.php(615): CodeIgniter\Database\BaseConnection->table(NULL)
#1 D:\WEBSITE\xampp-7.4\htdocs\master-web\vendor\codeigniter4\framework\system\Model.php(834): CodeIgniter\Model->builder()
#2 D:\WEBSITE\xampp-7.4\htdocs\master-web\modules\MahasiswaSimkatmawa\Controllers\DataSimkatmawaKegiatanMandiri.php(537): CodeIgniter\Model->__call('get_mbkm_random', Array)
#3 D:\WEBSITE\xampp-7.4\htdocs\master-web\vendor\codeigniter4\framework\system\CodeIgniter.php(936): Modules\MahasiswaSimkatmawa\Controllers\DataSimkatmawaKegiatanMandiri->simkatmawa_delete()
#4 D:\WEBSITE\xampp-7.4\htdocs\master-web\vendor\codeigniter4\framework\system\CodeIgniter.php(432): CodeIgniter\CodeIgniter->runController(Object(Modules\MahasiswaSimkatmawa\Controllers\DataSimkatmawaKegiatanMandiri))
#5 D:\WEBSITE\xampp-7.4\htdocs\master-web\vendor\codeigniter4\framework\system\CodeIgniter.php(333): CodeIgniter\CodeIgniter->handleRequest(NULL, Object(Config\Cache), false)
#6 D:\WEBSITE\xampp-7.4\htdocs\master-web\public\index.php(44): CodeIgniter\CodeIgniter->run()
#7 D:\WEBSITE\xampp-7.4\htdocs\master-web\vendor\codeigniter4\framework\system\Commands\Server\rewrite.php(45): require_once('D:\\WEBSITE\\xamp...')
#8 {main}
CRITICAL - 2021-06-18 11:23:34 --> Class 'Modules\AdminSimkatmawa\Models\ModelKategoriKegiatanRekognisi' not found
#0 D:\WEBSITE\xampp-7.4\htdocs\master-web\vendor\codeigniter4\framework\system\CodeIgniter.php(908): Modules\AdminSimkatmawa\Controllers\DataKategoriKegiatanRekognisi->__construct()
#1 D:\WEBSITE\xampp-7.4\htdocs\master-web\vendor\codeigniter4\framework\system\CodeIgniter.php(422): CodeIgniter\CodeIgniter->createController()
#2 D:\WEBSITE\xampp-7.4\htdocs\master-web\vendor\codeigniter4\framework\system\CodeIgniter.php(333): CodeIgniter\CodeIgniter->handleRequest(NULL, Object(Config\Cache), false)
#3 D:\WEBSITE\xampp-7.4\htdocs\master-web\public\index.php(44): CodeIgniter\CodeIgniter->run()
#4 D:\WEBSITE\xampp-7.4\htdocs\master-web\vendor\codeigniter4\framework\system\Commands\Server\rewrite.php(45): require_once('D:\\WEBSITE\\xamp...')
#5 {main}
CRITICAL - 2021-06-18 11:25:37 --> You must set the database table to be used with your query.
#0 D:\WEBSITE\xampp-7.4\htdocs\master-web\vendor\codeigniter4\framework\system\Model.php(615): CodeIgniter\Database\BaseConnection->table(NULL)
#1 D:\WEBSITE\xampp-7.4\htdocs\master-web\vendor\codeigniter4\framework\system\Model.php(834): CodeIgniter\Model->builder()
#2 D:\WEBSITE\xampp-7.4\htdocs\master-web\modules\AdminSimkatmawa\Controllers\DataKategoriKegiatanRekognisi.php(24): CodeIgniter\Model->__call('get_kategori_ke...', Array)
#3 D:\WEBSITE\xampp-7.4\htdocs\master-web\vendor\codeigniter4\framework\system\CodeIgniter.php(936): Modules\AdminSimkatmawa\Controllers\DataKategoriKegiatanRekognisi->kategori_kegiatan_rekognisi()
#4 D:\WEBSITE\xampp-7.4\htdocs\master-web\vendor\codeigniter4\framework\system\CodeIgniter.php(432): CodeIgniter\CodeIgniter->runController(Object(Modules\AdminSimkatmawa\Controllers\DataKategoriKegiatanRekognisi))
#5 D:\WEBSITE\xampp-7.4\htdocs\master-web\vendor\codeigniter4\framework\system\CodeIgniter.php(333): CodeIgniter\CodeIgniter->handleRequest(NULL, Object(Config\Cache), false)
#6 D:\WEBSITE\xampp-7.4\htdocs\master-web\public\index.php(44): CodeIgniter\CodeIgniter->run()
#7 D:\WEBSITE\xampp-7.4\htdocs\master-web\vendor\codeigniter4\framework\system\Commands\Server\rewrite.php(45): require_once('D:\\WEBSITE\\xamp...')
#8 {main}
CRITICAL - 2021-06-18 11:25:57 --> Undefined variable: prestasi
#0 D:\WEBSITE\xampp-7.4\htdocs\master-web\modules\AdminSimkatmawa\Views\kategori_kegiatan_rekognisi.php(107): CodeIgniter\Debug\Exceptions->errorHandler(8, 'Undefined varia...', 'D:\\WEBSITE\\xamp...', 107, Array)
#1 D:\WEBSITE\xampp-7.4\htdocs\master-web\vendor\codeigniter4\framework\system\View\View.php(220): include('D:\\WEBSITE\\xamp...')
#2 D:\WEBSITE\xampp-7.4\htdocs\master-web\vendor\codeigniter4\framework\system\View\View.php(222): CodeIgniter\View\View->CodeIgniter\View\{closure}()
#3 D:\WEBSITE\xampp-7.4\htdocs\master-web\vendor\codeigniter4\framework\system\Common.php(1217): CodeIgniter\View\View->render('Modules\\AdminSi...', Array, true)
#4 D:\WEBSITE\xampp-7.4\htdocs\master-web\modules\AdminSimkatmawa\Controllers\DataKategoriKegiatanRekognisi.php(34): view('Modules\\AdminSi...', Array)
#5 D:\WEBSITE\xampp-7.4\htdocs\master-web\vendor\codeigniter4\framework\system\CodeIgniter.php(936): Modules\AdminSimkatmawa\Controllers\DataKategoriKegiatanRekognisi->kategori_kegiatan_rekognisi()
#6 D:\WEBSITE\xampp-7.4\htdocs\master-web\vendor\codeigniter4\framework\system\CodeIgniter.php(432): CodeIgniter\CodeIgniter->runController(Object(Modules\AdminSimkatmawa\Controllers\DataKategoriKegiatanRekognisi))
#7 D:\WEBSITE\xampp-7.4\htdocs\master-web\vendor\codeigniter4\framework\system\CodeIgniter.php(333): CodeIgniter\CodeIgniter->handleRequest(NULL, Object(Config\Cache), false)
#8 D:\WEBSITE\xampp-7.4\htdocs\master-web\public\index.php(44): CodeIgniter\CodeIgniter->run()
#9 D:\WEBSITE\xampp-7.4\htdocs\master-web\vendor\codeigniter4\framework\system\Commands\Server\rewrite.php(45): require_once('D:\\WEBSITE\\xamp...')
#10 {main}
CRITICAL - 2021-06-18 11:26:16 --> Undefined variable: prestasi
#0 D:\WEBSITE\xampp-7.4\htdocs\master-web\modules\AdminSimkatmawa\Views\kategori_kegiatan_rekognisi.php(107): CodeIgniter\Debug\Exceptions->errorHandler(8, 'Undefined varia...', 'D:\\WEBSITE\\xamp...', 107, Array)
#1 D:\WEBSITE\xampp-7.4\htdocs\master-web\vendor\codeigniter4\framework\system\View\View.php(220): include('D:\\WEBSITE\\xamp...')
#2 D:\WEBSITE\xampp-7.4\htdocs\master-web\vendor\codeigniter4\framework\system\View\View.php(222): CodeIgniter\View\View->CodeIgniter\View\{closure}()
#3 D:\WEBSITE\xampp-7.4\htdocs\master-web\vendor\codeigniter4\framework\system\Common.php(1217): CodeIgniter\View\View->render('Modules\\AdminSi...', Array, true)
#4 D:\WEBSITE\xampp-7.4\htdocs\master-web\modules\AdminSimkatmawa\Controllers\DataKategoriKegiatanRekognisi.php(34): view('Modules\\AdminSi...', Array)
#5 D:\WEBSITE\xampp-7.4\htdocs\master-web\vendor\codeigniter4\framework\system\CodeIgniter.php(936): Modules\AdminSimkatmawa\Controllers\DataKategoriKegiatanRekognisi->kategori_kegiatan_rekognisi()
#6 D:\WEBSITE\xampp-7.4\htdocs\master-web\vendor\codeigniter4\framework\system\CodeIgniter.php(432): CodeIgniter\CodeIgniter->runController(Object(Modules\AdminSimkatmawa\Controllers\DataKategoriKegiatanRekognisi))
#7 D:\WEBSITE\xampp-7.4\htdocs\master-web\vendor\codeigniter4\framework\system\CodeIgniter.php(333): CodeIgniter\CodeIgniter->handleRequest(NULL, Object(Config\Cache), false)
#8 D:\WEBSITE\xampp-7.4\htdocs\master-web\public\index.php(44): CodeIgniter\CodeIgniter->run()
#9 D:\WEBSITE\xampp-7.4\htdocs\master-web\vendor\codeigniter4\framework\system\Commands\Server\rewrite.php(45): require_once('D:\\WEBSITE\\xamp...')
#10 {main}
ERROR - 2021-06-18 14:59:06 --> mysqli_sql_exception: Unknown column 'simkatmawa_rekognisi_mhs.id_kegiatan_mandiri' in 'on clause' in D:\WEBSITE\xampp-7.4\htdocs\master-web\vendor\codeigniter4\framework\system\Database\MySQLi\Connection.php:314
Stack trace:
#0 D:\WEBSITE\xampp-7.4\htdocs\master-web\vendor\codeigniter4\framework\system\Database\MySQLi\Connection.php(314): mysqli->query('SELECT *\nFROM `...')
#1 D:\WEBSITE\xampp-7.4\htdocs\master-web\vendor\codeigniter4\framework\system\Database\BaseConnection.php(713): CodeIgniter\Database\MySQLi\Connection->execute('SELECT *\nFROM `...')
#2 D:\WEBSITE\xampp-7.4\htdocs\master-web\vendor\codeigniter4\framework\system\Database\BaseConnection.php(641): CodeIgniter\Database\BaseConnection->simpleQuery('SELECT *\nFROM `...')
#3 D:\WEBSITE\xampp-7.4\htdocs\master-web\vendor\codeigniter4\framework\system\Database\BaseBuilder.php(1866): CodeIgniter\Database\BaseConnection->query('SELECT *\nFROM `...', Array, false)
#4 D:\WEBSITE\xampp-7.4\htdocs\master-web\modules\MahasiswaSimkatmawa\Models\ModelSimkatmawaRekognisi.php(26): CodeIgniter\Database\BaseBuilder->get()
#5 D:\WEBSITE\xampp-7.4\htdocs\master-web\modules\MahasiswaSimkatmawa\Controllers\DataSimkatmawaRekognisi.php(24): Modules\MahasiswaSimkatmawa\Models\ModelSimkatmawaRekognisi->get_simkatmawa()
#6 D:\WEBSITE\xampp-7.4\htdocs\master-web\vendor\codeigniter4\framework\system\CodeIgniter.php(936): Modules\MahasiswaSimkatmawa\Controllers\DataSimkatmawaRekognisi->simkatmawa()
#7 D:\WEBSITE\xampp-7.4\htdocs\master-web\vendor\codeigniter4\framework\system\CodeIgniter.php(432): CodeIgniter\CodeIgniter->runController(Object(Modules\MahasiswaSimkatmawa\Controllers\DataSimkatmawaRekognisi))
#8 D:\WEBSITE\xampp-7.4\htdocs\master-web\vendor\codeigniter4\framework\system\CodeIgniter.php(333): CodeIgniter\CodeIgniter->handleRequest(NULL, Object(Config\Cache), false)
#9 D:\WEBSITE\xampp-7.4\htdocs\master-web\public\index.php(44): CodeIgniter\CodeIgniter->run()
#10 D:\WEBSITE\xampp-7.4\htdocs\master-web\vendor\codeigniter4\framework\system\Commands\Server\rewrite.php(45): require_once('D:\\WEBSITE\\xamp...')
#11 {main}
CRITICAL - 2021-06-18 14:59:06 --> Unknown column 'simkatmawa_rekognisi_mhs.id_kegiatan_mandiri' in 'on clause'
#0 D:\WEBSITE\xampp-7.4\htdocs\master-web\vendor\codeigniter4\framework\system\Database\MySQLi\Connection.php(314): mysqli->query('SELECT *\nFROM `...')
#1 D:\WEBSITE\xampp-7.4\htdocs\master-web\vendor\codeigniter4\framework\system\Database\BaseConnection.php(713): CodeIgniter\Database\MySQLi\Connection->execute('SELECT *\nFROM `...')
#2 D:\WEBSITE\xampp-7.4\htdocs\master-web\vendor\codeigniter4\framework\system\Database\BaseConnection.php(641): CodeIgniter\Database\BaseConnection->simpleQuery('SELECT *\nFROM `...')
#3 D:\WEBSITE\xampp-7.4\htdocs\master-web\vendor\codeigniter4\framework\system\Database\BaseBuilder.php(1866): CodeIgniter\Database\BaseConnection->query('SELECT *\nFROM `...', Array, false)
#4 D:\WEBSITE\xampp-7.4\htdocs\master-web\modules\MahasiswaSimkatmawa\Models\ModelSimkatmawaRekognisi.php(26): CodeIgniter\Database\BaseBuilder->get()
#5 D:\WEBSITE\xampp-7.4\htdocs\master-web\modules\MahasiswaSimkatmawa\Controllers\DataSimkatmawaRekognisi.php(24): Modules\MahasiswaSimkatmawa\Models\ModelSimkatmawaRekognisi->get_simkatmawa()
#6 D:\WEBSITE\xampp-7.4\htdocs\master-web\vendor\codeigniter4\framework\system\CodeIgniter.php(936): Modules\MahasiswaSimkatmawa\Controllers\DataSimkatmawaRekognisi->simkatmawa()
#7 D:\WEBSITE\xampp-7.4\htdocs\master-web\vendor\codeigniter4\framework\system\CodeIgniter.php(432): CodeIgniter\CodeIgniter->runController(Object(Modules\MahasiswaSimkatmawa\Controllers\DataSimkatmawaRekognisi))
#8 D:\WEBSITE\xampp-7.4\htdocs\master-web\vendor\codeigniter4\framework\system\CodeIgniter.php(333): CodeIgniter\CodeIgniter->handleRequest(NULL, Object(Config\Cache), false)
#9 D:\WEBSITE\xampp-7.4\htdocs\master-web\public\index.php(44): CodeIgniter\CodeIgniter->run()
#10 D:\WEBSITE\xampp-7.4\htdocs\master-web\vendor\codeigniter4\framework\system\Commands\Server\rewrite.php(45): require_once('D:\\WEBSITE\\xamp...')
#11 {main}
CRITICAL - 2021-06-18 15:04:25 --> Undefined variable: tingkat
#0 D:\WEBSITE\xampp-7.4\htdocs\master-web\modules\MahasiswaSimkatmawa\Views\rekognisi_tambah.php(63): CodeIgniter\Debug\Exceptions->errorHandler(8, 'Undefined varia...', 'D:\\WEBSITE\\xamp...', 63, Array)
#1 D:\WEBSITE\xampp-7.4\htdocs\master-web\vendor\codeigniter4\framework\system\View\View.php(220): include('D:\\WEBSITE\\xamp...')
#2 D:\WEBSITE\xampp-7.4\htdocs\master-web\vendor\codeigniter4\framework\system\View\View.php(222): CodeIgniter\View\View->CodeIgniter\View\{closure}()
#3 D:\WEBSITE\xampp-7.4\htdocs\master-web\vendor\codeigniter4\framework\system\Common.php(1217): CodeIgniter\View\View->render('Modules\\Mahasis...', Array, true)
#4 D:\WEBSITE\xampp-7.4\htdocs\master-web\modules\MahasiswaSimkatmawa\Controllers\DataSimkatmawaRekognisi.php(49): view('Modules\\Mahasis...', Array)
#5 D:\WEBSITE\xampp-7.4\htdocs\master-web\vendor\codeigniter4\framework\system\CodeIgniter.php(936): Modules\MahasiswaSimkatmawa\Controllers\DataSimkatmawaRekognisi->simkatmawa_tambah()
#6 D:\WEBSITE\xampp-7.4\htdocs\master-web\vendor\codeigniter4\framework\system\CodeIgniter.php(432): CodeIgniter\CodeIgniter->runController(Object(Modules\MahasiswaSimkatmawa\Controllers\DataSimkatmawaRekognisi))
#7 D:\WEBSITE\xampp-7.4\htdocs\master-web\vendor\codeigniter4\framework\system\CodeIgniter.php(333): CodeIgniter\CodeIgniter->handleRequest(NULL, Object(Config\Cache), false)
#8 D:\WEBSITE\xampp-7.4\htdocs\master-web\public\index.php(44): CodeIgniter\CodeIgniter->run()
#9 D:\WEBSITE\xampp-7.4\htdocs\master-web\vendor\codeigniter4\framework\system\Commands\Server\rewrite.php(45): require_once('D:\\WEBSITE\\xamp...')
#10 {main}
CRITICAL - 2021-06-18 15:05:06 --> Undefined variable: prestasi
#0 D:\WEBSITE\xampp-7.4\htdocs\master-web\modules\MahasiswaSimkatmawa\Views\rekognisi_tambah.php(112): CodeIgniter\Debug\Exceptions->errorHandler(8, 'Undefined varia...', 'D:\\WEBSITE\\xamp...', 112, Array)
#1 D:\WEBSITE\xampp-7.4\htdocs\master-web\vendor\codeigniter4\framework\system\View\View.php(220): include('D:\\WEBSITE\\xamp...')
#2 D:\WEBSITE\xampp-7.4\htdocs\master-web\vendor\codeigniter4\framework\system\View\View.php(222): CodeIgniter\View\View->CodeIgniter\View\{closure}()
#3 D:\WEBSITE\xampp-7.4\htdocs\master-web\vendor\codeigniter4\framework\system\Common.php(1217): CodeIgniter\View\View->render('Modules\\Mahasis...', Array, true)
#4 D:\WEBSITE\xampp-7.4\htdocs\master-web\modules\MahasiswaSimkatmawa\Controllers\DataSimkatmawaRekognisi.php(49): view('Modules\\Mahasis...', Array)
#5 D:\WEBSITE\xampp-7.4\htdocs\master-web\vendor\codeigniter4\framework\system\CodeIgniter.php(936): Modules\MahasiswaSimkatmawa\Controllers\DataSimkatmawaRekognisi->simkatmawa_tambah()
#6 D:\WEBSITE\xampp-7.4\htdocs\master-web\vendor\codeigniter4\framework\system\CodeIgniter.php(432): CodeIgniter\CodeIgniter->runController(Object(Modules\MahasiswaSimkatmawa\Controllers\DataSimkatmawaRekognisi))
#7 D:\WEBSITE\xampp-7.4\htdocs\master-web\vendor\codeigniter4\framework\system\CodeIgniter.php(333): CodeIgniter\CodeIgniter->handleRequest(NULL, Object(Config\Cache), false)
#8 D:\WEBSITE\xampp-7.4\htdocs\master-web\public\index.php(44): CodeIgniter\CodeIgniter->run()
#9 D:\WEBSITE\xampp-7.4\htdocs\master-web\vendor\codeigniter4\framework\system\Commands\Server\rewrite.php(45): require_once('D:\\WEBSITE\\xamp...')
#10 {main}
CRITICAL - 2021-06-18 15:20:43 --> Undefined index: tgl_mulai
#0 D:\WEBSITE\xampp-7.4\htdocs\master-web\modules\MahasiswaSimkatmawa\Views\rekognisi.php(69): CodeIgniter\Debug\Exceptions->errorHandler(8, 'Undefined index...', 'D:\\WEBSITE\\xamp...', 69, Array)
#1 D:\WEBSITE\xampp-7.4\htdocs\master-web\vendor\codeigniter4\framework\system\View\View.php(220): include('D:\\WEBSITE\\xamp...')
#2 D:\WEBSITE\xampp-7.4\htdocs\master-web\vendor\codeigniter4\framework\system\View\View.php(222): CodeIgniter\View\View->CodeIgniter\View\{closure}()
#3 D:\WEBSITE\xampp-7.4\htdocs\master-web\vendor\codeigniter4\framework\system\Common.php(1217): CodeIgniter\View\View->render('Modules\\Mahasis...', Array, true)
#4 D:\WEBSITE\xampp-7.4\htdocs\master-web\modules\MahasiswaSimkatmawa\Controllers\DataSimkatmawaRekognisi.php(34): view('Modules\\Mahasis...', Array)
#5 D:\WEBSITE\xampp-7.4\htdocs\master-web\vendor\codeigniter4\framework\system\CodeIgniter.php(936): Modules\MahasiswaSimkatmawa\Controllers\DataSimkatmawaRekognisi->simkatmawa()
#6 D:\WEBSITE\xampp-7.4\htdocs\master-web\vendor\codeigniter4\framework\system\CodeIgniter.php(432): CodeIgniter\CodeIgniter->runController(Object(Modules\MahasiswaSimkatmawa\Controllers\DataSimkatmawaRekognisi))
#7 D:\WEBSITE\xampp-7.4\htdocs\master-web\vendor\codeigniter4\framework\system\CodeIgniter.php(333): CodeIgniter\CodeIgniter->handleRequest(NULL, Object(Config\Cache), false)
#8 D:\WEBSITE\xampp-7.4\htdocs\master-web\public\index.php(44): CodeIgniter\CodeIgniter->run()
#9 D:\WEBSITE\xampp-7.4\htdocs\master-web\vendor\codeigniter4\framework\system\Commands\Server\rewrite.php(45): require_once('D:\\WEBSITE\\xamp...')
#10 {main}
CRITICAL - 2021-06-18 15:24:29 --> Trying to access array offset on value of type null
#0 D:\WEBSITE\xampp-7.4\htdocs\master-web\modules\MahasiswaSimkatmawa\Views\rekognisi_edit.php(56): CodeIgniter\Debug\Exceptions->errorHandler(8, 'Trying to acces...', 'D:\\WEBSITE\\xamp...', 56, Array)
#1 D:\WEBSITE\xampp-7.4\htdocs\master-web\vendor\codeigniter4\framework\system\View\View.php(220): include('D:\\WEBSITE\\xamp...')
#2 D:\WEBSITE\xampp-7.4\htdocs\master-web\vendor\codeigniter4\framework\system\View\View.php(222): CodeIgniter\View\View->CodeIgniter\View\{closure}()
#3 D:\WEBSITE\xampp-7.4\htdocs\master-web\vendor\codeigniter4\framework\system\Common.php(1217): CodeIgniter\View\View->render('Modules\\Mahasis...', Array, true)
#4 D:\WEBSITE\xampp-7.4\htdocs\master-web\modules\MahasiswaSimkatmawa\Controllers\DataSimkatmawaRekognisi.php(67): view('Modules\\Mahasis...', Array)
#5 D:\WEBSITE\xampp-7.4\htdocs\master-web\vendor\codeigniter4\framework\system\CodeIgniter.php(936): Modules\MahasiswaSimkatmawa\Controllers\DataSimkatmawaRekognisi->simkatmawa_edit('5dbb0296e08b057...')
#6 D:\WEBSITE\xampp-7.4\htdocs\master-web\vendor\codeigniter4\framework\system\CodeIgniter.php(432): CodeIgniter\CodeIgniter->runController(Object(Modules\MahasiswaSimkatmawa\Controllers\DataSimkatmawaRekognisi))
#7 D:\WEBSITE\xampp-7.4\htdocs\master-web\vendor\codeigniter4\framework\system\CodeIgniter.php(333): CodeIgniter\CodeIgniter->handleRequest(NULL, Object(Config\Cache), false)
#8 D:\WEBSITE\xampp-7.4\htdocs\master-web\public\index.php(44): CodeIgniter\CodeIgniter->run()
#9 D:\WEBSITE\xampp-7.4\htdocs\master-web\vendor\codeigniter4\framework\system\Commands\Server\rewrite.php(45): require_once('D:\\WEBSITE\\xamp...')
#10 {main}
CRITICAL - 2021-06-18 15:26:22 --> Trying to access array offset on value of type null
#0 D:\WEBSITE\xampp-7.4\htdocs\master-web\modules\MahasiswaSimkatmawa\Views\rekognisi_edit.php(62): CodeIgniter\Debug\Exceptions->errorHandler(8, 'Trying to acces...', 'D:\\WEBSITE\\xamp...', 62, Array)
#1 D:\WEBSITE\xampp-7.4\htdocs\master-web\vendor\codeigniter4\framework\system\View\View.php(220): include('D:\\WEBSITE\\xamp...')
#2 D:\WEBSITE\xampp-7.4\htdocs\master-web\vendor\codeigniter4\framework\system\View\View.php(222): CodeIgniter\View\View->CodeIgniter\View\{closure}()
#3 D:\WEBSITE\xampp-7.4\htdocs\master-web\vendor\codeigniter4\framework\system\Common.php(1217): CodeIgniter\View\View->render('Modules\\Mahasis...', Array, true)
#4 D:\WEBSITE\xampp-7.4\htdocs\master-web\modules\MahasiswaSimkatmawa\Controllers\DataSimkatmawaRekognisi.php(67): view('Modules\\Mahasis...', Array)
#5 D:\WEBSITE\xampp-7.4\htdocs\master-web\vendor\codeigniter4\framework\system\CodeIgniter.php(936): Modules\MahasiswaSimkatmawa\Controllers\DataSimkatmawaRekognisi->simkatmawa_edit('5dbb0296e08b057...')
#6 D:\WEBSITE\xampp-7.4\htdocs\master-web\vendor\codeigniter4\framework\system\CodeIgniter.php(432): CodeIgniter\CodeIgniter->runController(Object(Modules\MahasiswaSimkatmawa\Controllers\DataSimkatmawaRekognisi))
#7 D:\WEBSITE\xampp-7.4\htdocs\master-web\vendor\codeigniter4\framework\system\CodeIgniter.php(333): CodeIgniter\CodeIgniter->handleRequest(NULL, Object(Config\Cache), false)
#8 D:\WEBSITE\xampp-7.4\htdocs\master-web\public\index.php(44): CodeIgniter\CodeIgniter->run()
#9 D:\WEBSITE\xampp-7.4\htdocs\master-web\vendor\codeigniter4\framework\system\Commands\Server\rewrite.php(45): require_once('D:\\WEBSITE\\xamp...')
#10 {main}
CRITICAL - 2021-06-18 15:30:03 --> Undefined index: thn_kegiatan
#0 D:\WEBSITE\xampp-7.4\htdocs\master-web\modules\MahasiswaSimkatmawa\Views\rekognisi_edit.php(89): CodeIgniter\Debug\Exceptions->errorHandler(8, 'Undefined index...', 'D:\\WEBSITE\\xamp...', 89, Array)
#1 D:\WEBSITE\xampp-7.4\htdocs\master-web\vendor\codeigniter4\framework\system\View\View.php(220): include('D:\\WEBSITE\\xamp...')
#2 D:\WEBSITE\xampp-7.4\htdocs\master-web\vendor\codeigniter4\framework\system\View\View.php(222): CodeIgniter\View\View->CodeIgniter\View\{closure}()
#3 D:\WEBSITE\xampp-7.4\htdocs\master-web\vendor\codeigniter4\framework\system\Common.php(1217): CodeIgniter\View\View->render('Modules\\Mahasis...', Array, true)
#4 D:\WEBSITE\xampp-7.4\htdocs\master-web\modules\MahasiswaSimkatmawa\Controllers\DataSimkatmawaRekognisi.php(67): view('Modules\\Mahasis...', Array)
#5 D:\WEBSITE\xampp-7.4\htdocs\master-web\vendor\codeigniter4\framework\system\CodeIgniter.php(936): Modules\MahasiswaSimkatmawa\Controllers\DataSimkatmawaRekognisi->simkatmawa_edit('b0b736ea2e8f050...')
#6 D:\WEBSITE\xampp-7.4\htdocs\master-web\vendor\codeigniter4\framework\system\CodeIgniter.php(432): CodeIgniter\CodeIgniter->runController(Object(Modules\MahasiswaSimkatmawa\Controllers\DataSimkatmawaRekognisi))
#7 D:\WEBSITE\xampp-7.4\htdocs\master-web\vendor\codeigniter4\framework\system\CodeIgniter.php(333): CodeIgniter\CodeIgniter->handleRequest(NULL, Object(Config\Cache), false)
#8 D:\WEBSITE\xampp-7.4\htdocs\master-web\public\index.php(44): CodeIgniter\CodeIgniter->run()
#9 D:\WEBSITE\xampp-7.4\htdocs\master-web\vendor\codeigniter4\framework\system\Commands\Server\rewrite.php(45): require_once('D:\\WEBSITE\\xamp...')
#10 {main}
ERROR - 2021-06-18 15:52:26 --> mysqli_sql_exception: Table 'database_web_master.simkatmawa_kegiatan_pmk' doesn't exist in D:\WEBSITE\xampp-7.4\htdocs\master-web\vendor\codeigniter4\framework\system\Database\MySQLi\Connection.php:314
Stack trace:
#0 D:\WEBSITE\xampp-7.4\htdocs\master-web\vendor\codeigniter4\framework\system\Database\MySQLi\Connection.php(314): mysqli->query('SELECT *, `simk...')
#1 D:\WEBSITE\xampp-7.4\htdocs\master-web\vendor\codeigniter4\framework\system\Database\BaseConnection.php(713): CodeIgniter\Database\MySQLi\Connection->execute('SELECT *, `simk...')
#2 D:\WEBSITE\xampp-7.4\htdocs\master-web\vendor\codeigniter4\framework\system\Database\BaseConnection.php(641): CodeIgniter\Database\BaseConnection->simpleQuery('SELECT *, `simk...')
#3 D:\WEBSITE\xampp-7.4\htdocs\master-web\vendor\codeigniter4\framework\system\Database\BaseBuilder.php(1866): CodeIgniter\Database\BaseConnection->query('SELECT *, `simk...', Array, false)
#4 D:\WEBSITE\xampp-7.4\htdocs\master-web\modules\MahasiswaSimkatmawa\Models\ModelSimkatmawaPmk.php(27): CodeIgniter\Database\BaseBuilder->get()
#5 D:\WEBSITE\xampp-7.4\htdocs\master-web\modules\MahasiswaSimkatmawa\Controllers\DataSimkatmawaPmk.php(24): Modules\MahasiswaSimkatmawa\Models\ModelSimkatmawapmk->get_simkatmawa()
#6 D:\WEBSITE\xampp-7.4\htdocs\master-web\vendor\codeigniter4\framework\system\CodeIgniter.php(936): Modules\MahasiswaSimkatmawa\Controllers\DataSimkatmawaPmk->simkatmawa()
#7 D:\WEBSITE\xampp-7.4\htdocs\master-web\vendor\codeigniter4\framework\system\CodeIgniter.php(432): CodeIgniter\CodeIgniter->runController(Object(Modules\MahasiswaSimkatmawa\Controllers\DataSimkatmawaPmk))
#8 D:\WEBSITE\xampp-7.4\htdocs\master-web\vendor\codeigniter4\framework\system\CodeIgniter.php(333): CodeIgniter\CodeIgniter->handleRequest(NULL, Object(Config\Cache), false)
#9 D:\WEBSITE\xampp-7.4\htdocs\master-web\public\index.php(44): CodeIgniter\CodeIgniter->run()
#10 D:\WEBSITE\xampp-7.4\htdocs\master-web\vendor\codeigniter4\framework\system\Commands\Server\rewrite.php(45): require_once('D:\\WEBSITE\\xamp...')
#11 {main}
CRITICAL - 2021-06-18 15:52:26 --> Table 'database_web_master.simkatmawa_kegiatan_pmk' doesn't exist
#0 D:\WEBSITE\xampp-7.4\htdocs\master-web\vendor\codeigniter4\framework\system\Database\MySQLi\Connection.php(314): mysqli->query('SELECT *, `simk...')
#1 D:\WEBSITE\xampp-7.4\htdocs\master-web\vendor\codeigniter4\framework\system\Database\BaseConnection.php(713): CodeIgniter\Database\MySQLi\Connection->execute('SELECT *, `simk...')
#2 D:\WEBSITE\xampp-7.4\htdocs\master-web\vendor\codeigniter4\framework\system\Database\BaseConnection.php(641): CodeIgniter\Database\BaseConnection->simpleQuery('SELECT *, `simk...')
#3 D:\WEBSITE\xampp-7.4\htdocs\master-web\vendor\codeigniter4\framework\system\Database\BaseBuilder.php(1866): CodeIgniter\Database\BaseConnection->query('SELECT *, `simk...', Array, false)
#4 D:\WEBSITE\xampp-7.4\htdocs\master-web\modules\MahasiswaSimkatmawa\Models\ModelSimkatmawaPmk.php(27): CodeIgniter\Database\BaseBuilder->get()
#5 D:\WEBSITE\xampp-7.4\htdocs\master-web\modules\MahasiswaSimkatmawa\Controllers\DataSimkatmawaPmk.php(24): Modules\MahasiswaSimkatmawa\Models\ModelSimkatmawapmk->get_simkatmawa()
#6 D:\WEBSITE\xampp-7.4\htdocs\master-web\vendor\codeigniter4\framework\system\CodeIgniter.php(936): Modules\MahasiswaSimkatmawa\Controllers\DataSimkatmawaPmk->simkatmawa()
#7 D:\WEBSITE\xampp-7.4\htdocs\master-web\vendor\codeigniter4\framework\system\CodeIgniter.php(432): CodeIgniter\CodeIgniter->runController(Object(Modules\MahasiswaSimkatmawa\Controllers\DataSimkatmawaPmk))
#8 D:\WEBSITE\xampp-7.4\htdocs\master-web\vendor\codeigniter4\framework\system\CodeIgniter.php(333): CodeIgniter\CodeIgniter->handleRequest(NULL, Object(Config\Cache), false)
#9 D:\WEBSITE\xampp-7.4\htdocs\master-web\public\index.php(44): CodeIgniter\CodeIgniter->run()
#10 D:\WEBSITE\xampp-7.4\htdocs\master-web\vendor\codeigniter4\framework\system\Commands\Server\rewrite.php(45): require_once('D:\\WEBSITE\\xamp...')
#11 {main}
CRITICAL - 2021-06-18 15:53:45 --> Undefined index: nama_kegiatan_rekognisi
#0 D:\WEBSITE\xampp-7.4\htdocs\master-web\modules\MahasiswaSimkatmawa\Views\pmk_tambah.php(76): CodeIgniter\Debug\Exceptions->errorHandler(8, 'Undefined index...', 'D:\\WEBSITE\\xamp...', 76, Array)
#1 D:\WEBSITE\xampp-7.4\htdocs\master-web\vendor\codeigniter4\framework\system\View\View.php(220): include('D:\\WEBSITE\\xamp...')
#2 D:\WEBSITE\xampp-7.4\htdocs\master-web\vendor\codeigniter4\framework\system\View\View.php(222): CodeIgniter\View\View->CodeIgniter\View\{closure}()
#3 D:\WEBSITE\xampp-7.4\htdocs\master-web\vendor\codeigniter4\framework\system\Common.php(1217): CodeIgniter\View\View->render('Modules\\Mahasis...', Array, true)
#4 D:\WEBSITE\xampp-7.4\htdocs\master-web\modules\MahasiswaSimkatmawa\Controllers\DataSimkatmawaPmk.php(49): view('Modules\\Mahasis...', Array)
#5 D:\WEBSITE\xampp-7.4\htdocs\master-web\vendor\codeigniter4\framework\system\CodeIgniter.php(936): Modules\MahasiswaSimkatmawa\Controllers\DataSimkatmawaPmk->simkatmawa_tambah()
#6 D:\WEBSITE\xampp-7.4\htdocs\master-web\vendor\codeigniter4\framework\system\CodeIgniter.php(432): CodeIgniter\CodeIgniter->runController(Object(Modules\MahasiswaSimkatmawa\Controllers\DataSimkatmawaPmk))
#7 D:\WEBSITE\xampp-7.4\htdocs\master-web\vendor\codeigniter4\framework\system\CodeIgniter.php(333): CodeIgniter\CodeIgniter->handleRequest(NULL, Object(Config\Cache), false)
#8 D:\WEBSITE\xampp-7.4\htdocs\master-web\public\index.php(44): CodeIgniter\CodeIgniter->run()
#9 D:\WEBSITE\xampp-7.4\htdocs\master-web\vendor\codeigniter4\framework\system\Commands\Server\rewrite.php(45): require_once('D:\\WEBSITE\\xamp...')
#10 {main}
CRITICAL - 2021-06-18 16:04:12 --> Undefined index: nama_rekognisi
#0 D:\WEBSITE\xampp-7.4\htdocs\master-web\modules\MahasiswaSimkatmawa\Views\pmk.php(69): CodeIgniter\Debug\Exceptions->errorHandler(8, 'Undefined index...', 'D:\\WEBSITE\\xamp...', 69, Array)
#1 D:\WEBSITE\xampp-7.4\htdocs\master-web\vendor\codeigniter4\framework\system\View\View.php(220): include('D:\\WEBSITE\\xamp...')
#2 D:\WEBSITE\xampp-7.4\htdocs\master-web\vendor\codeigniter4\framework\system\View\View.php(222): CodeIgniter\View\View->CodeIgniter\View\{closure}()
#3 D:\WEBSITE\xampp-7.4\htdocs\master-web\vendor\codeigniter4\framework\system\Common.php(1217): CodeIgniter\View\View->render('Modules\\Mahasis...', Array, true)
#4 D:\WEBSITE\xampp-7.4\htdocs\master-web\modules\MahasiswaSimkatmawa\Controllers\DataSimkatmawaPmk.php(34): view('Modules\\Mahasis...', Array)
#5 D:\WEBSITE\xampp-7.4\htdocs\master-web\vendor\codeigniter4\framework\system\CodeIgniter.php(936): Modules\MahasiswaSimkatmawa\Controllers\DataSimkatmawaPmk->simkatmawa()
#6 D:\WEBSITE\xampp-7.4\htdocs\master-web\vendor\codeigniter4\framework\system\CodeIgniter.php(432): CodeIgniter\CodeIgniter->runController(Object(Modules\MahasiswaSimkatmawa\Controllers\DataSimkatmawaPmk))
#7 D:\WEBSITE\xampp-7.4\htdocs\master-web\vendor\codeigniter4\framework\system\CodeIgniter.php(333): CodeIgniter\CodeIgniter->handleRequest(NULL, Object(Config\Cache), false)
#8 D:\WEBSITE\xampp-7.4\htdocs\master-web\public\index.php(44): CodeIgniter\CodeIgniter->run()
#9 D:\WEBSITE\xampp-7.4\htdocs\master-web\vendor\codeigniter4\framework\system\Commands\Server\rewrite.php(45): require_once('D:\\WEBSITE\\xamp...')
#10 {main}
CRITICAL - 2021-06-18 16:06:24 --> Undefined index: nama_rekognisi
#0 D:\WEBSITE\xampp-7.4\htdocs\master-web\modules\MahasiswaSimkatmawa\Views\pmk_edit.php(64): CodeIgniter\Debug\Exceptions->errorHandler(8, 'Undefined index...', 'D:\\WEBSITE\\xamp...', 64, Array)
#1 D:\WEBSITE\xampp-7.4\htdocs\master-web\vendor\codeigniter4\framework\system\View\View.php(220): include('D:\\WEBSITE\\xamp...')
#2 D:\WEBSITE\xampp-7.4\htdocs\master-web\vendor\codeigniter4\framework\system\View\View.php(222): CodeIgniter\View\View->CodeIgniter\View\{closure}()
#3 D:\WEBSITE\xampp-7.4\htdocs\master-web\vendor\codeigniter4\framework\system\Common.php(1217): CodeIgniter\View\View->render('Modules\\Mahasis...', Array, true)
#4 D:\WEBSITE\xampp-7.4\htdocs\master-web\modules\MahasiswaSimkatmawa\Controllers\DataSimkatmawaPmk.php(69): view('Modules\\Mahasis...', Array)
#5 D:\WEBSITE\xampp-7.4\htdocs\master-web\vendor\codeigniter4\framework\system\CodeIgniter.php(936): Modules\MahasiswaSimkatmawa\Controllers\DataSimkatmawaPmk->simkatmawa_edit('6f4a2f26f7eb1db...')
#6 D:\WEBSITE\xampp-7.4\htdocs\master-web\vendor\codeigniter4\framework\system\CodeIgniter.php(432): CodeIgniter\CodeIgniter->runController(Object(Modules\MahasiswaSimkatmawa\Controllers\DataSimkatmawaPmk))
#7 D:\WEBSITE\xampp-7.4\htdocs\master-web\vendor\codeigniter4\framework\system\CodeIgniter.php(333): CodeIgniter\CodeIgniter->handleRequest(NULL, Object(Config\Cache), false)
#8 D:\WEBSITE\xampp-7.4\htdocs\master-web\public\index.php(44): CodeIgniter\CodeIgniter->run()
#9 D:\WEBSITE\xampp-7.4\htdocs\master-web\vendor\codeigniter4\framework\system\Commands\Server\rewrite.php(45): require_once('D:\\WEBSITE\\xamp...')
#10 {main}
CRITICAL - 2021-06-18 16:08:34 --> Undefined index: nama_rekognisi
#0 D:\WEBSITE\xampp-7.4\htdocs\master-web\modules\MahasiswaSimkatmawa\Views\pmk_edit.php(64): CodeIgniter\Debug\Exceptions->errorHandler(8, 'Undefined index...', 'D:\\WEBSITE\\xamp...', 64, Array)
#1 D:\WEBSITE\xampp-7.4\htdocs\master-web\vendor\codeigniter4\framework\system\View\View.php(220): include('D:\\WEBSITE\\xamp...')
#2 D:\WEBSITE\xampp-7.4\htdocs\master-web\vendor\codeigniter4\framework\system\View\View.php(222): CodeIgniter\View\View->CodeIgniter\View\{closure}()
#3 D:\WEBSITE\xampp-7.4\htdocs\master-web\vendor\codeigniter4\framework\system\Common.php(1217): CodeIgniter\View\View->render('Modules\\Mahasis...', Array, true)
#4 D:\WEBSITE\xampp-7.4\htdocs\master-web\modules\MahasiswaSimkatmawa\Controllers\DataSimkatmawaPmk.php(69): view('Modules\\Mahasis...', Array)
#5 D:\WEBSITE\xampp-7.4\htdocs\master-web\vendor\codeigniter4\framework\system\CodeIgniter.php(936): Modules\MahasiswaSimkatmawa\Controllers\DataSimkatmawaPmk->simkatmawa_edit('6f4a2f26f7eb1db...')
#6 D:\WEBSITE\xampp-7.4\htdocs\master-web\vendor\codeigniter4\framework\system\CodeIgniter.php(432): CodeIgniter\CodeIgniter->runController(Object(Modules\MahasiswaSimkatmawa\Controllers\DataSimkatmawaPmk))
#7 D:\WEBSITE\xampp-7.4\htdocs\master-web\vendor\codeigniter4\framework\system\CodeIgniter.php(333): CodeIgniter\CodeIgniter->handleRequest(NULL, Object(Config\Cache), false)
#8 D:\WEBSITE\xampp-7.4\htdocs\master-web\public\index.php(44): CodeIgniter\CodeIgniter->run()
#9 D:\WEBSITE\xampp-7.4\htdocs\master-web\vendor\codeigniter4\framework\system\Commands\Server\rewrite.php(45): require_once('D:\\WEBSITE\\xamp...')
#10 {main}
CRITICAL - 2021-06-18 16:09:48 --> Undefined index: nama_rekognisi
#0 D:\WEBSITE\xampp-7.4\htdocs\master-web\modules\MahasiswaSimkatmawa\Views\pmk_edit.php(64): CodeIgniter\Debug\Exceptions->errorHandler(8, 'Undefined index...', 'D:\\WEBSITE\\xamp...', 64, Array)
#1 D:\WEBSITE\xampp-7.4\htdocs\master-web\vendor\codeigniter4\framework\system\View\View.php(220): include('D:\\WEBSITE\\xamp...')
#2 D:\WEBSITE\xampp-7.4\htdocs\master-web\vendor\codeigniter4\framework\system\View\View.php(222): CodeIgniter\View\View->CodeIgniter\View\{closure}()
#3 D:\WEBSITE\xampp-7.4\htdocs\master-web\vendor\codeigniter4\framework\system\Common.php(1217): CodeIgniter\View\View->render('Modules\\Mahasis...', Array, true)
#4 D:\WEBSITE\xampp-7.4\htdocs\master-web\modules\MahasiswaSimkatmawa\Controllers\DataSimkatmawaPmk.php(69): view('Modules\\Mahasis...', Array)
#5 D:\WEBSITE\xampp-7.4\htdocs\master-web\vendor\codeigniter4\framework\system\CodeIgniter.php(936): Modules\MahasiswaSimkatmawa\Controllers\DataSimkatmawaPmk->simkatmawa_edit('6f4a2f26f7eb1db...')
#6 D:\WEBSITE\xampp-7.4\htdocs\master-web\vendor\codeigniter4\framework\system\CodeIgniter.php(432): CodeIgniter\CodeIgniter->runController(Object(Modules\MahasiswaSimkatmawa\Controllers\DataSimkatmawaPmk))
#7 D:\WEBSITE\xampp-7.4\htdocs\master-web\vendor\codeigniter4\framework\system\CodeIgniter.php(333): CodeIgniter\CodeIgniter->handleRequest(NULL, Object(Config\Cache), false)
#8 D:\WEBSITE\xampp-7.4\htdocs\master-web\public\index.php(44): CodeIgniter\CodeIgniter->run()
#9 D:\WEBSITE\xampp-7.4\htdocs\master-web\vendor\codeigniter4\framework\system\Commands\Server\rewrite.php(45): require_once('D:\\WEBSITE\\xamp...')
#10 {main}
CRITICAL - 2021-06-18 16:10:27 --> Undefined index: nama_rekognisi
#0 D:\WEBSITE\xampp-7.4\htdocs\master-web\modules\MahasiswaSimkatmawa\Views\pmk_edit.php(64): CodeIgniter\Debug\Exceptions->errorHandler(8, 'Undefined index...', 'D:\\WEBSITE\\xamp...', 64, Array)
#1 D:\WEBSITE\xampp-7.4\htdocs\master-web\vendor\codeigniter4\framework\system\View\View.php(220): include('D:\\WEBSITE\\xamp...')
#2 D:\WEBSITE\xampp-7.4\htdocs\master-web\vendor\codeigniter4\framework\system\View\View.php(222): CodeIgniter\View\View->CodeIgniter\View\{closure}()
#3 D:\WEBSITE\xampp-7.4\htdocs\master-web\vendor\codeigniter4\framework\system\Common.php(1217): CodeIgniter\View\View->render('Modules\\Mahasis...', Array, true)
#4 D:\WEBSITE\xampp-7.4\htdocs\master-web\modules\MahasiswaSimkatmawa\Controllers\DataSimkatmawaPmk.php(69): view('Modules\\Mahasis...', Array)
#5 D:\WEBSITE\xampp-7.4\htdocs\master-web\vendor\codeigniter4\framework\system\CodeIgniter.php(936): Modules\MahasiswaSimkatmawa\Controllers\DataSimkatmawaPmk->simkatmawa_edit('6f4a2f26f7eb1db...')
#6 D:\WEBSITE\xampp-7.4\htdocs\master-web\vendor\codeigniter4\framework\system\CodeIgniter.php(432): CodeIgniter\CodeIgniter->runController(Object(Modules\MahasiswaSimkatmawa\Controllers\DataSimkatmawaPmk))
#7 D:\WEBSITE\xampp-7.4\htdocs\master-web\vendor\codeigniter4\framework\system\CodeIgniter.php(333): CodeIgniter\CodeIgniter->handleRequest(NULL, Object(Config\Cache), false)
#8 D:\WEBSITE\xampp-7.4\htdocs\master-web\public\index.php(44): CodeIgniter\CodeIgniter->run()
#9 D:\WEBSITE\xampp-7.4\htdocs\master-web\vendor\codeigniter4\framework\system\Commands\Server\rewrite.php(45): require_once('D:\\WEBSITE\\xamp...')
#10 {main}
CRITICAL - 2021-06-18 16:11:04 --> Undefined index: nama_rekognisi
#0 D:\WEBSITE\xampp-7.4\htdocs\master-web\modules\MahasiswaSimkatmawa\Views\pmk_edit.php(64): CodeIgniter\Debug\Exceptions->errorHandler(8, 'Undefined index...', 'D:\\WEBSITE\\xamp...', 64, Array)
#1 D:\WEBSITE\xampp-7.4\htdocs\master-web\vendor\codeigniter4\framework\system\View\View.php(220): include('D:\\WEBSITE\\xamp...')
#2 D:\WEBSITE\xampp-7.4\htdocs\master-web\vendor\codeigniter4\framework\system\View\View.php(222): CodeIgniter\View\View->CodeIgniter\View\{closure}()
#3 D:\WEBSITE\xampp-7.4\htdocs\master-web\vendor\codeigniter4\framework\system\Common.php(1217): CodeIgniter\View\View->render('Modules\\Mahasis...', Array, true)
#4 D:\WEBSITE\xampp-7.4\htdocs\master-web\modules\MahasiswaSimkatmawa\Controllers\DataSimkatmawaPmk.php(69): view('Modules\\Mahasis...', Array)
#5 D:\WEBSITE\xampp-7.4\htdocs\master-web\vendor\codeigniter4\framework\system\CodeIgniter.php(936): Modules\MahasiswaSimkatmawa\Controllers\DataSimkatmawaPmk->simkatmawa_edit('6f4a2f26f7eb1db...')
#6 D:\WEBSITE\xampp-7.4\htdocs\master-web\vendor\codeigniter4\framework\system\CodeIgniter.php(432): CodeIgniter\CodeIgniter->runController(Object(Modules\MahasiswaSimkatmawa\Controllers\DataSimkatmawaPmk))
#7 D:\WEBSITE\xampp-7.4\htdocs\master-web\vendor\codeigniter4\framework\system\CodeIgniter.php(333): CodeIgniter\CodeIgniter->handleRequest(NULL, Object(Config\Cache), false)
#8 D:\WEBSITE\xampp-7.4\htdocs\master-web\public\index.php(44): CodeIgniter\CodeIgniter->run()
#9 D:\WEBSITE\xampp-7.4\htdocs\master-web\vendor\codeigniter4\framework\system\Commands\Server\rewrite.php(45): require_once('D:\\WEBSITE\\xamp...')
#10 {main}
CRITICAL - 2021-06-18 16:12:38 --> Undefined variable: tingkat
#0 D:\WEBSITE\xampp-7.4\htdocs\master-web\modules\MahasiswaSimkatmawa\Views\pmk_edit.php(90): CodeIgniter\Debug\Exceptions->errorHandler(8, 'Undefined varia...', 'D:\\WEBSITE\\xamp...', 90, Array)
#1 D:\WEBSITE\xampp-7.4\htdocs\master-web\vendor\codeigniter4\framework\system\View\View.php(220): include('D:\\WEBSITE\\xamp...')
#2 D:\WEBSITE\xampp-7.4\htdocs\master-web\vendor\codeigniter4\framework\system\View\View.php(222): CodeIgniter\View\View->CodeIgniter\View\{closure}()
#3 D:\WEBSITE\xampp-7.4\htdocs\master-web\vendor\codeigniter4\framework\system\Common.php(1217): CodeIgniter\View\View->render('Modules\\Mahasis...', Array, true)
#4 D:\WEBSITE\xampp-7.4\htdocs\master-web\modules\MahasiswaSimkatmawa\Controllers\DataSimkatmawaPmk.php(69): view('Modules\\Mahasis...', Array)
#5 D:\WEBSITE\xampp-7.4\htdocs\master-web\vendor\codeigniter4\framework\system\CodeIgniter.php(936): Modules\MahasiswaSimkatmawa\Controllers\DataSimkatmawaPmk->simkatmawa_edit('6f4a2f26f7eb1db...')
#6 D:\WEBSITE\xampp-7.4\htdocs\master-web\vendor\codeigniter4\framework\system\CodeIgniter.php(432): CodeIgniter\CodeIgniter->runController(Object(Modules\MahasiswaSimkatmawa\Controllers\DataSimkatmawaPmk))
#7 D:\WEBSITE\xampp-7.4\htdocs\master-web\vendor\codeigniter4\framework\system\CodeIgniter.php(333): CodeIgniter\CodeIgniter->handleRequest(NULL, Object(Config\Cache), false)
#8 D:\WEBSITE\xampp-7.4\htdocs\master-web\public\index.php(44): CodeIgniter\CodeIgniter->run()
#9 D:\WEBSITE\xampp-7.4\htdocs\master-web\vendor\codeigniter4\framework\system\Commands\Server\rewrite.php(45): require_once('D:\\WEBSITE\\xamp...')
#10 {main}
CRITICAL - 2021-06-18 16:12:56 --> Undefined index: thn_kegiatan
#0 D:\WEBSITE\xampp-7.4\htdocs\master-web\modules\MahasiswaSimkatmawa\Views\pmk_edit.php(106): CodeIgniter\Debug\Exceptions->errorHandler(8, 'Undefined index...', 'D:\\WEBSITE\\xamp...', 106, Array)
#1 D:\WEBSITE\xampp-7.4\htdocs\master-web\vendor\codeigniter4\framework\system\View\View.php(220): include('D:\\WEBSITE\\xamp...')
#2 D:\WEBSITE\xampp-7.4\htdocs\master-web\vendor\codeigniter4\framework\system\View\View.php(222): CodeIgniter\View\View->CodeIgniter\View\{closure}()
#3 D:\WEBSITE\xampp-7.4\htdocs\master-web\vendor\codeigniter4\framework\system\Common.php(1217): CodeIgniter\View\View->render('Modules\\Mahasis...', Array, true)
#4 D:\WEBSITE\xampp-7.4\htdocs\master-web\modules\MahasiswaSimkatmawa\Controllers\DataSimkatmawaPmk.php(71): view('Modules\\Mahasis...', Array)
#5 D:\WEBSITE\xampp-7.4\htdocs\master-web\vendor\codeigniter4\framework\system\CodeIgniter.php(936): Modules\MahasiswaSimkatmawa\Controllers\DataSimkatmawaPmk->simkatmawa_edit('6f4a2f26f7eb1db...')
#6 D:\WEBSITE\xampp-7.4\htdocs\master-web\vendor\codeigniter4\framework\system\CodeIgniter.php(432): CodeIgniter\CodeIgniter->runController(Object(Modules\MahasiswaSimkatmawa\Controllers\DataSimkatmawaPmk))
#7 D:\WEBSITE\xampp-7.4\htdocs\master-web\vendor\codeigniter4\framework\system\CodeIgniter.php(333): CodeIgniter\CodeIgniter->handleRequest(NULL, Object(Config\Cache), false)
#8 D:\WEBSITE\xampp-7.4\htdocs\master-web\public\index.php(44): CodeIgniter\CodeIgniter->run()
#9 D:\WEBSITE\xampp-7.4\htdocs\master-web\vendor\codeigniter4\framework\system\Commands\Server\rewrite.php(45): require_once('D:\\WEBSITE\\xamp...')
#10 {main}
CRITICAL - 2021-06-18 16:14:03 --> Undefined variable: level_kegiatan
#0 D:\WEBSITE\xampp-7.4\htdocs\master-web\modules\MahasiswaSimkatmawa\Controllers\DataSimkatmawaPmk.php(326): CodeIgniter\Debug\Exceptions->errorHandler(8, 'Undefined varia...', 'D:\\WEBSITE\\xamp...', 326, Array)
#1 D:\WEBSITE\xampp-7.4\htdocs\master-web\vendor\codeigniter4\framework\system\CodeIgniter.php(936): Modules\MahasiswaSimkatmawa\Controllers\DataSimkatmawaPmk->simkatmawa_update()
#2 D:\WEBSITE\xampp-7.4\htdocs\master-web\vendor\codeigniter4\framework\system\CodeIgniter.php(432): CodeIgniter\CodeIgniter->runController(Object(Modules\MahasiswaSimkatmawa\Controllers\DataSimkatmawaPmk))
#3 D:\WEBSITE\xampp-7.4\htdocs\master-web\vendor\codeigniter4\framework\system\CodeIgniter.php(333): CodeIgniter\CodeIgniter->handleRequest(NULL, Object(Config\Cache), false)
#4 D:\WEBSITE\xampp-7.4\htdocs\master-web\public\index.php(44): CodeIgniter\CodeIgniter->run()
#5 D:\WEBSITE\xampp-7.4\htdocs\master-web\vendor\codeigniter4\framework\system\Commands\Server\rewrite.php(45): require_once('D:\\WEBSITE\\xamp...')
#6 {main}
CRITICAL - 2021-06-18 16:14:48 --> Trying to access array offset on value of type null
#0 D:\WEBSITE\xampp-7.4\htdocs\master-web\modules\MahasiswaSimkatmawa\Controllers\DataSimkatmawaPmk.php(330): CodeIgniter\Debug\Exceptions->errorHandler(8, 'Trying to acces...', 'D:\\WEBSITE\\xamp...', 330, Array)
#1 D:\WEBSITE\xampp-7.4\htdocs\master-web\vendor\codeigniter4\framework\system\CodeIgniter.php(936): Modules\MahasiswaSimkatmawa\Controllers\DataSimkatmawaPmk->simkatmawa_update()
#2 D:\WEBSITE\xampp-7.4\htdocs\master-web\vendor\codeigniter4\framework\system\CodeIgniter.php(432): CodeIgniter\CodeIgniter->runController(Object(Modules\MahasiswaSimkatmawa\Controllers\DataSimkatmawaPmk))
#3 D:\WEBSITE\xampp-7.4\htdocs\master-web\vendor\codeigniter4\framework\system\CodeIgniter.php(333): CodeIgniter\CodeIgniter->handleRequest(NULL, Object(Config\Cache), false)
#4 D:\WEBSITE\xampp-7.4\htdocs\master-web\public\index.php(44): CodeIgniter\CodeIgniter->run()
#5 D:\WEBSITE\xampp-7.4\htdocs\master-web\vendor\codeigniter4\framework\system\Commands\Server\rewrite.php(45): require_once('D:\\WEBSITE\\xamp...')
#6 {main}
CRITICAL - 2021-06-18 16:17:23 --> Trying to access array offset on value of type null
#0 D:\WEBSITE\xampp-7.4\htdocs\master-web\modules\MahasiswaSimkatmawa\Controllers\DataSimkatmawaPmk.php(330): CodeIgniter\Debug\Exceptions->errorHandler(8, 'Trying to acces...', 'D:\\WEBSITE\\xamp...', 330, Array)
#1 D:\WEBSITE\xampp-7.4\htdocs\master-web\vendor\codeigniter4\framework\system\CodeIgniter.php(936): Modules\MahasiswaSimkatmawa\Controllers\DataSimkatmawaPmk->simkatmawa_update()
#2 D:\WEBSITE\xampp-7.4\htdocs\master-web\vendor\codeigniter4\framework\system\CodeIgniter.php(432): CodeIgniter\CodeIgniter->runController(Object(Modules\MahasiswaSimkatmawa\Controllers\DataSimkatmawaPmk))
#3 D:\WEBSITE\xampp-7.4\htdocs\master-web\vendor\codeigniter4\framework\system\CodeIgniter.php(333): CodeIgniter\CodeIgniter->handleRequest(NULL, Object(Config\Cache), false)
#4 D:\WEBSITE\xampp-7.4\htdocs\master-web\public\index.php(44): CodeIgniter\CodeIgniter->run()
#5 D:\WEBSITE\xampp-7.4\htdocs\master-web\vendor\codeigniter4\framework\system\Commands\Server\rewrite.php(45): require_once('D:\\WEBSITE\\xamp...')
#6 {main}
CRITICAL - 2021-06-18 16:18:27 --> Trying to access array offset on value of type null
#0 D:\WEBSITE\xampp-7.4\htdocs\master-web\modules\MahasiswaSimkatmawa\Controllers\DataSimkatmawaPmk.php(330): CodeIgniter\Debug\Exceptions->errorHandler(8, 'Trying to acces...', 'D:\\WEBSITE\\xamp...', 330, Array)
#1 D:\WEBSITE\xampp-7.4\htdocs\master-web\vendor\codeigniter4\framework\system\CodeIgniter.php(936): Modules\MahasiswaSimkatmawa\Controllers\DataSimkatmawaPmk->simkatmawa_update()
#2 D:\WEBSITE\xampp-7.4\htdocs\master-web\vendor\codeigniter4\framework\system\CodeIgniter.php(432): CodeIgniter\CodeIgniter->runController(Object(Modules\MahasiswaSimkatmawa\Controllers\DataSimkatmawaPmk))
#3 D:\WEBSITE\xampp-7.4\htdocs\master-web\vendor\codeigniter4\framework\system\CodeIgniter.php(333): CodeIgniter\CodeIgniter->handleRequest(NULL, Object(Config\Cache), false)
#4 D:\WEBSITE\xampp-7.4\htdocs\master-web\public\index.php(44): CodeIgniter\CodeIgniter->run()
#5 D:\WEBSITE\xampp-7.4\htdocs\master-web\vendor\codeigniter4\framework\system\Commands\Server\rewrite.php(45): require_once('D:\\WEBSITE\\xamp...')
#6 {main}
