ERROR - 2021-12-07 08:53:05 --> mysqli_sql_exception: Column 'deleted_at' in where clause is ambiguous in C:\xampp\htdocs\github\master\vendor\codeigniter4\framework\system\Database\MySQLi\Connection.php:314
Stack trace:
#0 C:\xampp\htdocs\github\master\vendor\codeigniter4\framework\system\Database\MySQLi\Connection.php(314): mysqli->query('SELECT `x_video...')
#1 C:\xampp\htdocs\github\master\vendor\codeigniter4\framework\system\Database\BaseConnection.php(713): CodeIgniter\Database\MySQLi\Connection->execute('SELECT `x_video...')
#2 C:\xampp\htdocs\github\master\vendor\codeigniter4\framework\system\Database\BaseConnection.php(641): CodeIgniter\Database\BaseConnection->simpleQuery('SELECT `x_video...')
#3 C:\xampp\htdocs\github\master\vendor\codeigniter4\framework\system\Database\BaseBuilder.php(1866): CodeIgniter\Database\BaseConnection->query('SELECT `x_video...', Array, false)
#4 C:\xampp\htdocs\github\master\modules\TikTok\Controllers\DataVideoTikTok.php(32): CodeIgniter\Database\BaseBuilder->get()
#5 C:\xampp\htdocs\github\master\vendor\codeigniter4\framework\system\CodeIgniter.php(940): Modules\TikTok\Controllers\DataVideoTikTok->video_tiktok()
#6 C:\xampp\htdocs\github\master\vendor\codeigniter4\framework\system\CodeIgniter.php(436): CodeIgniter\CodeIgniter->runController(Object(Modules\TikTok\Controllers\DataVideoTikTok))
#7 C:\xampp\htdocs\github\master\vendor\codeigniter4\framework\system\CodeIgniter.php(337): CodeIgniter\CodeIgniter->handleRequest(NULL, Object(Config\Cache), false)
#8 C:\xampp\htdocs\github\master\public\index.php(44): CodeIgniter\CodeIgniter->run()
#9 C:\xampp\htdocs\github\master\vendor\codeigniter4\framework\system\Commands\Server\rewrite.php(45): require_once('C:\\xampp\\htdocs...')
#10 {main}
CRITICAL - 2021-12-07 08:53:05 --> Column 'deleted_at' in where clause is ambiguous
#0 C:\xampp\htdocs\github\master\vendor\codeigniter4\framework\system\Database\MySQLi\Connection.php(314): mysqli->query('SELECT `x_video...')
#1 C:\xampp\htdocs\github\master\vendor\codeigniter4\framework\system\Database\BaseConnection.php(713): CodeIgniter\Database\MySQLi\Connection->execute('SELECT `x_video...')
#2 C:\xampp\htdocs\github\master\vendor\codeigniter4\framework\system\Database\BaseConnection.php(641): CodeIgniter\Database\BaseConnection->simpleQuery('SELECT `x_video...')
#3 C:\xampp\htdocs\github\master\vendor\codeigniter4\framework\system\Database\BaseBuilder.php(1866): CodeIgniter\Database\BaseConnection->query('SELECT `x_video...', Array, false)
#4 C:\xampp\htdocs\github\master\modules\TikTok\Controllers\DataVideoTikTok.php(32): CodeIgniter\Database\BaseBuilder->get()
#5 C:\xampp\htdocs\github\master\vendor\codeigniter4\framework\system\CodeIgniter.php(940): Modules\TikTok\Controllers\DataVideoTikTok->video_tiktok()
#6 C:\xampp\htdocs\github\master\vendor\codeigniter4\framework\system\CodeIgniter.php(436): CodeIgniter\CodeIgniter->runController(Object(Modules\TikTok\Controllers\DataVideoTikTok))
#7 C:\xampp\htdocs\github\master\vendor\codeigniter4\framework\system\CodeIgniter.php(337): CodeIgniter\CodeIgniter->handleRequest(NULL, Object(Config\Cache), false)
#8 C:\xampp\htdocs\github\master\public\index.php(44): CodeIgniter\CodeIgniter->run()
#9 C:\xampp\htdocs\github\master\vendor\codeigniter4\framework\system\Commands\Server\rewrite.php(45): require_once('C:\\xampp\\htdocs...')
#10 {main}
ERROR - 2021-12-07 08:53:19 --> mysqli_sql_exception: Column 'iduser' in where clause is ambiguous in C:\xampp\htdocs\github\master\vendor\codeigniter4\framework\system\Database\MySQLi\Connection.php:314
Stack trace:
#0 C:\xampp\htdocs\github\master\vendor\codeigniter4\framework\system\Database\MySQLi\Connection.php(314): mysqli->query('SELECT `x_video...')
#1 C:\xampp\htdocs\github\master\vendor\codeigniter4\framework\system\Database\BaseConnection.php(713): CodeIgniter\Database\MySQLi\Connection->execute('SELECT `x_video...')
#2 C:\xampp\htdocs\github\master\vendor\codeigniter4\framework\system\Database\BaseConnection.php(641): CodeIgniter\Database\BaseConnection->simpleQuery('SELECT `x_video...')
#3 C:\xampp\htdocs\github\master\vendor\codeigniter4\framework\system\Database\BaseBuilder.php(1866): CodeIgniter\Database\BaseConnection->query('SELECT `x_video...', Array, false)
#4 C:\xampp\htdocs\github\master\modules\TikTok\Controllers\DataVideoTikTok.php(32): CodeIgniter\Database\BaseBuilder->get()
#5 C:\xampp\htdocs\github\master\vendor\codeigniter4\framework\system\CodeIgniter.php(940): Modules\TikTok\Controllers\DataVideoTikTok->video_tiktok()
#6 C:\xampp\htdocs\github\master\vendor\codeigniter4\framework\system\CodeIgniter.php(436): CodeIgniter\CodeIgniter->runController(Object(Modules\TikTok\Controllers\DataVideoTikTok))
#7 C:\xampp\htdocs\github\master\vendor\codeigniter4\framework\system\CodeIgniter.php(337): CodeIgniter\CodeIgniter->handleRequest(NULL, Object(Config\Cache), false)
#8 C:\xampp\htdocs\github\master\public\index.php(44): CodeIgniter\CodeIgniter->run()
#9 C:\xampp\htdocs\github\master\vendor\codeigniter4\framework\system\Commands\Server\rewrite.php(45): require_once('C:\\xampp\\htdocs...')
#10 {main}
CRITICAL - 2021-12-07 08:53:19 --> Column 'iduser' in where clause is ambiguous
#0 C:\xampp\htdocs\github\master\vendor\codeigniter4\framework\system\Database\MySQLi\Connection.php(314): mysqli->query('SELECT `x_video...')
#1 C:\xampp\htdocs\github\master\vendor\codeigniter4\framework\system\Database\BaseConnection.php(713): CodeIgniter\Database\MySQLi\Connection->execute('SELECT `x_video...')
#2 C:\xampp\htdocs\github\master\vendor\codeigniter4\framework\system\Database\BaseConnection.php(641): CodeIgniter\Database\BaseConnection->simpleQuery('SELECT `x_video...')
#3 C:\xampp\htdocs\github\master\vendor\codeigniter4\framework\system\Database\BaseBuilder.php(1866): CodeIgniter\Database\BaseConnection->query('SELECT `x_video...', Array, false)
#4 C:\xampp\htdocs\github\master\modules\TikTok\Controllers\DataVideoTikTok.php(32): CodeIgniter\Database\BaseBuilder->get()
#5 C:\xampp\htdocs\github\master\vendor\codeigniter4\framework\system\CodeIgniter.php(940): Modules\TikTok\Controllers\DataVideoTikTok->video_tiktok()
#6 C:\xampp\htdocs\github\master\vendor\codeigniter4\framework\system\CodeIgniter.php(436): CodeIgniter\CodeIgniter->runController(Object(Modules\TikTok\Controllers\DataVideoTikTok))
#7 C:\xampp\htdocs\github\master\vendor\codeigniter4\framework\system\CodeIgniter.php(337): CodeIgniter\CodeIgniter->handleRequest(NULL, Object(Config\Cache), false)
#8 C:\xampp\htdocs\github\master\public\index.php(44): CodeIgniter\CodeIgniter->run()
#9 C:\xampp\htdocs\github\master\vendor\codeigniter4\framework\system\Commands\Server\rewrite.php(45): require_once('C:\\xampp\\htdocs...')
#10 {main}
CRITICAL - 2021-12-07 09:09:58 --> valid_url_strict is not a valid rule.
#0 C:\xampp\htdocs\github\master\vendor\codeigniter4\framework\system\Validation\Validation.php(314): CodeIgniter\Validation\Exceptions\ValidationException::forRuleNotFound('valid_url_stric...')
#1 C:\xampp\htdocs\github\master\vendor\codeigniter4\framework\system\Validation\Validation.php(164): CodeIgniter\Validation\Validation->processRules('urlvideo', 'urlvideo', 'fsdfsdf', Array, Array)
#2 C:\xampp\htdocs\github\master\vendor\codeigniter4\framework\system\Controller.php(181): CodeIgniter\Validation\Validation->run()
#3 C:\xampp\htdocs\github\master\modules\TikTok\Controllers\DataVideoTikTok.php(71): CodeIgniter\Controller->validate(Array)
#4 C:\xampp\htdocs\github\master\vendor\codeigniter4\framework\system\CodeIgniter.php(940): Modules\TikTok\Controllers\DataVideoTikTok->tambah_video_tiktok()
#5 C:\xampp\htdocs\github\master\vendor\codeigniter4\framework\system\CodeIgniter.php(436): CodeIgniter\CodeIgniter->runController(Object(Modules\TikTok\Controllers\DataVideoTikTok))
#6 C:\xampp\htdocs\github\master\vendor\codeigniter4\framework\system\CodeIgniter.php(337): CodeIgniter\CodeIgniter->handleRequest(NULL, Object(Config\Cache), false)
#7 C:\xampp\htdocs\github\master\public\index.php(44): CodeIgniter\CodeIgniter->run()
#8 C:\xampp\htdocs\github\master\vendor\codeigniter4\framework\system\Commands\Server\rewrite.php(45): require_once('C:\\xampp\\htdocs...')
#9 {main}
CRITICAL - 2021-12-07 09:10:31 --> valid_url_strict is not a valid rule.
#0 C:\xampp\htdocs\github\master\vendor\codeigniter4\framework\system\Validation\Validation.php(314): CodeIgniter\Validation\Exceptions\ValidationException::forRuleNotFound('valid_url_stric...')
#1 C:\xampp\htdocs\github\master\vendor\codeigniter4\framework\system\Validation\Validation.php(164): CodeIgniter\Validation\Validation->processRules('urlvideo', 'urlvideo', 'asdasd', Array, Array)
#2 C:\xampp\htdocs\github\master\vendor\codeigniter4\framework\system\Controller.php(181): CodeIgniter\Validation\Validation->run()
#3 C:\xampp\htdocs\github\master\modules\TikTok\Controllers\DataVideoTikTok.php(71): CodeIgniter\Controller->validate(Array)
#4 C:\xampp\htdocs\github\master\vendor\codeigniter4\framework\system\CodeIgniter.php(940): Modules\TikTok\Controllers\DataVideoTikTok->tambah_video_tiktok()
#5 C:\xampp\htdocs\github\master\vendor\codeigniter4\framework\system\CodeIgniter.php(436): CodeIgniter\CodeIgniter->runController(Object(Modules\TikTok\Controllers\DataVideoTikTok))
#6 C:\xampp\htdocs\github\master\vendor\codeigniter4\framework\system\CodeIgniter.php(337): CodeIgniter\CodeIgniter->handleRequest(NULL, Object(Config\Cache), false)
#7 C:\xampp\htdocs\github\master\public\index.php(44): CodeIgniter\CodeIgniter->run()
#8 C:\xampp\htdocs\github\master\vendor\codeigniter4\framework\system\Commands\Server\rewrite.php(45): require_once('C:\\xampp\\htdocs...')
#9 {main}
CRITICAL - 2021-12-07 09:10:39 --> valid_url_strict is not a valid rule.
#0 C:\xampp\htdocs\github\master\vendor\codeigniter4\framework\system\Validation\Validation.php(314): CodeIgniter\Validation\Exceptions\ValidationException::forRuleNotFound('valid_url_stric...')
#1 C:\xampp\htdocs\github\master\vendor\codeigniter4\framework\system\Validation\Validation.php(164): CodeIgniter\Validation\Validation->processRules('urlvideo', 'urlvideo', 'asdasd', Array, Array)
#2 C:\xampp\htdocs\github\master\vendor\codeigniter4\framework\system\Controller.php(181): CodeIgniter\Validation\Validation->run()
#3 C:\xampp\htdocs\github\master\modules\TikTok\Controllers\DataVideoTikTok.php(71): CodeIgniter\Controller->validate(Array)
#4 C:\xampp\htdocs\github\master\vendor\codeigniter4\framework\system\CodeIgniter.php(940): Modules\TikTok\Controllers\DataVideoTikTok->tambah_video_tiktok()
#5 C:\xampp\htdocs\github\master\vendor\codeigniter4\framework\system\CodeIgniter.php(436): CodeIgniter\CodeIgniter->runController(Object(Modules\TikTok\Controllers\DataVideoTikTok))
#6 C:\xampp\htdocs\github\master\vendor\codeigniter4\framework\system\CodeIgniter.php(337): CodeIgniter\CodeIgniter->handleRequest(NULL, Object(Config\Cache), false)
#7 C:\xampp\htdocs\github\master\public\index.php(44): CodeIgniter\CodeIgniter->run()
#8 C:\xampp\htdocs\github\master\vendor\codeigniter4\framework\system\Commands\Server\rewrite.php(45): require_once('C:\\xampp\\htdocs...')
#9 {main}
CRITICAL - 2021-12-07 09:10:41 --> valid_url_strict is not a valid rule.
#0 C:\xampp\htdocs\github\master\vendor\codeigniter4\framework\system\Validation\Validation.php(314): CodeIgniter\Validation\Exceptions\ValidationException::forRuleNotFound('valid_url_stric...')
#1 C:\xampp\htdocs\github\master\vendor\codeigniter4\framework\system\Validation\Validation.php(164): CodeIgniter\Validation\Validation->processRules('urlvideo', 'urlvideo', 'asdasd', Array, Array)
#2 C:\xampp\htdocs\github\master\vendor\codeigniter4\framework\system\Controller.php(181): CodeIgniter\Validation\Validation->run()
#3 C:\xampp\htdocs\github\master\modules\TikTok\Controllers\DataVideoTikTok.php(71): CodeIgniter\Controller->validate(Array)
#4 C:\xampp\htdocs\github\master\vendor\codeigniter4\framework\system\CodeIgniter.php(940): Modules\TikTok\Controllers\DataVideoTikTok->tambah_video_tiktok()
#5 C:\xampp\htdocs\github\master\vendor\codeigniter4\framework\system\CodeIgniter.php(436): CodeIgniter\CodeIgniter->runController(Object(Modules\TikTok\Controllers\DataVideoTikTok))
#6 C:\xampp\htdocs\github\master\vendor\codeigniter4\framework\system\CodeIgniter.php(337): CodeIgniter\CodeIgniter->handleRequest(NULL, Object(Config\Cache), false)
#7 C:\xampp\htdocs\github\master\public\index.php(44): CodeIgniter\CodeIgniter->run()
#8 C:\xampp\htdocs\github\master\vendor\codeigniter4\framework\system\Commands\Server\rewrite.php(45): require_once('C:\\xampp\\htdocs...')
#9 {main}
CRITICAL - 2021-12-07 09:10:47 --> valid_url_strict is not a valid rule.
#0 C:\xampp\htdocs\github\master\vendor\codeigniter4\framework\system\Validation\Validation.php(314): CodeIgniter\Validation\Exceptions\ValidationException::forRuleNotFound('valid_url_stric...')
#1 C:\xampp\htdocs\github\master\vendor\codeigniter4\framework\system\Validation\Validation.php(164): CodeIgniter\Validation\Validation->processRules('urlvideo', 'urlvideo', 'sdfsdfdsf', Array, Array)
#2 C:\xampp\htdocs\github\master\vendor\codeigniter4\framework\system\Controller.php(181): CodeIgniter\Validation\Validation->run()
#3 C:\xampp\htdocs\github\master\modules\TikTok\Controllers\DataVideoTikTok.php(71): CodeIgniter\Controller->validate(Array)
#4 C:\xampp\htdocs\github\master\vendor\codeigniter4\framework\system\CodeIgniter.php(940): Modules\TikTok\Controllers\DataVideoTikTok->tambah_video_tiktok()
#5 C:\xampp\htdocs\github\master\vendor\codeigniter4\framework\system\CodeIgniter.php(436): CodeIgniter\CodeIgniter->runController(Object(Modules\TikTok\Controllers\DataVideoTikTok))
#6 C:\xampp\htdocs\github\master\vendor\codeigniter4\framework\system\CodeIgniter.php(337): CodeIgniter\CodeIgniter->handleRequest(NULL, Object(Config\Cache), false)
#7 C:\xampp\htdocs\github\master\public\index.php(44): CodeIgniter\CodeIgniter->run()
#8 C:\xampp\htdocs\github\master\vendor\codeigniter4\framework\system\Commands\Server\rewrite.php(45): require_once('C:\\xampp\\htdocs...')
#9 {main}
CRITICAL - 2021-12-07 09:10:56 --> valid_url_strict is not a valid rule.
#0 C:\xampp\htdocs\github\master\vendor\codeigniter4\framework\system\Validation\Validation.php(314): CodeIgniter\Validation\Exceptions\ValidationException::forRuleNotFound('valid_url_stric...')
#1 C:\xampp\htdocs\github\master\vendor\codeigniter4\framework\system\Validation\Validation.php(164): CodeIgniter\Validation\Validation->processRules('urlvideo', 'urlvideo', 'https://localho...', Array, Array)
#2 C:\xampp\htdocs\github\master\vendor\codeigniter4\framework\system\Controller.php(181): CodeIgniter\Validation\Validation->run()
#3 C:\xampp\htdocs\github\master\modules\TikTok\Controllers\DataVideoTikTok.php(71): CodeIgniter\Controller->validate(Array)
#4 C:\xampp\htdocs\github\master\vendor\codeigniter4\framework\system\CodeIgniter.php(940): Modules\TikTok\Controllers\DataVideoTikTok->tambah_video_tiktok()
#5 C:\xampp\htdocs\github\master\vendor\codeigniter4\framework\system\CodeIgniter.php(436): CodeIgniter\CodeIgniter->runController(Object(Modules\TikTok\Controllers\DataVideoTikTok))
#6 C:\xampp\htdocs\github\master\vendor\codeigniter4\framework\system\CodeIgniter.php(337): CodeIgniter\CodeIgniter->handleRequest(NULL, Object(Config\Cache), false)
#7 C:\xampp\htdocs\github\master\public\index.php(44): CodeIgniter\CodeIgniter->run()
#8 C:\xampp\htdocs\github\master\vendor\codeigniter4\framework\system\Commands\Server\rewrite.php(45): require_once('C:\\xampp\\htdocs...')
#9 {main}
CRITICAL - 2021-12-07 09:17:01 --> valid_url_strict is not a valid rule.
#0 C:\xampp\htdocs\github\master\vendor\codeigniter4\framework\system\Validation\Validation.php(314): CodeIgniter\Validation\Exceptions\ValidationException::forRuleNotFound('valid_url_stric...')
#1 C:\xampp\htdocs\github\master\vendor\codeigniter4\framework\system\Validation\Validation.php(164): CodeIgniter\Validation\Validation->processRules('urlvideo', 'urlvideo', 'asdasd', Array, Array)
#2 C:\xampp\htdocs\github\master\vendor\codeigniter4\framework\system\Controller.php(181): CodeIgniter\Validation\Validation->run()
#3 C:\xampp\htdocs\github\master\modules\TikTok\Controllers\DataVideoTikTok.php(71): CodeIgniter\Controller->validate(Array)
#4 C:\xampp\htdocs\github\master\vendor\codeigniter4\framework\system\CodeIgniter.php(940): Modules\TikTok\Controllers\DataVideoTikTok->tambah_video_tiktok()
#5 C:\xampp\htdocs\github\master\vendor\codeigniter4\framework\system\CodeIgniter.php(436): CodeIgniter\CodeIgniter->runController(Object(Modules\TikTok\Controllers\DataVideoTikTok))
#6 C:\xampp\htdocs\github\master\vendor\codeigniter4\framework\system\CodeIgniter.php(337): CodeIgniter\CodeIgniter->handleRequest(NULL, Object(Config\Cache), false)
#7 C:\xampp\htdocs\github\master\public\index.php(44): CodeIgniter\CodeIgniter->run()
#8 C:\xampp\htdocs\github\master\vendor\codeigniter4\framework\system\Commands\Server\rewrite.php(45): require_once('C:\\xampp\\htdocs...')
#9 {main}
CRITICAL - 2021-12-07 09:17:12 --> valid_url_strict is not a valid rule.
#0 C:\xampp\htdocs\github\master\vendor\codeigniter4\framework\system\Validation\Validation.php(314): CodeIgniter\Validation\Exceptions\ValidationException::forRuleNotFound('valid_url_stric...')
#1 C:\xampp\htdocs\github\master\vendor\codeigniter4\framework\system\Validation\Validation.php(164): CodeIgniter\Validation\Validation->processRules('urlvideo', 'urlvideo', 'fghfgh', Array, Array)
#2 C:\xampp\htdocs\github\master\vendor\codeigniter4\framework\system\Controller.php(181): CodeIgniter\Validation\Validation->run()
#3 C:\xampp\htdocs\github\master\modules\TikTok\Controllers\DataVideoTikTok.php(71): CodeIgniter\Controller->validate(Array)
#4 C:\xampp\htdocs\github\master\vendor\codeigniter4\framework\system\CodeIgniter.php(940): Modules\TikTok\Controllers\DataVideoTikTok->tambah_video_tiktok()
#5 C:\xampp\htdocs\github\master\vendor\codeigniter4\framework\system\CodeIgniter.php(436): CodeIgniter\CodeIgniter->runController(Object(Modules\TikTok\Controllers\DataVideoTikTok))
#6 C:\xampp\htdocs\github\master\vendor\codeigniter4\framework\system\CodeIgniter.php(337): CodeIgniter\CodeIgniter->handleRequest(NULL, Object(Config\Cache), false)
#7 C:\xampp\htdocs\github\master\public\index.php(44): CodeIgniter\CodeIgniter->run()
#8 C:\xampp\htdocs\github\master\vendor\codeigniter4\framework\system\Commands\Server\rewrite.php(45): require_once('C:\\xampp\\htdocs...')
#9 {main}
CRITICAL - 2021-12-07 09:17:19 --> valid_url_strict is not a valid rule.
#0 C:\xampp\htdocs\github\master\vendor\codeigniter4\framework\system\Validation\Validation.php(314): CodeIgniter\Validation\Exceptions\ValidationException::forRuleNotFound('valid_url_stric...')
#1 C:\xampp\htdocs\github\master\vendor\codeigniter4\framework\system\Validation\Validation.php(164): CodeIgniter\Validation\Validation->processRules('urlvideo', 'urlvideo', 'fghfgh', Array, Array)
#2 C:\xampp\htdocs\github\master\vendor\codeigniter4\framework\system\Controller.php(181): CodeIgniter\Validation\Validation->run()
#3 C:\xampp\htdocs\github\master\modules\TikTok\Controllers\DataVideoTikTok.php(71): CodeIgniter\Controller->validate(Array)
#4 C:\xampp\htdocs\github\master\vendor\codeigniter4\framework\system\CodeIgniter.php(940): Modules\TikTok\Controllers\DataVideoTikTok->tambah_video_tiktok()
#5 C:\xampp\htdocs\github\master\vendor\codeigniter4\framework\system\CodeIgniter.php(436): CodeIgniter\CodeIgniter->runController(Object(Modules\TikTok\Controllers\DataVideoTikTok))
#6 C:\xampp\htdocs\github\master\vendor\codeigniter4\framework\system\CodeIgniter.php(337): CodeIgniter\CodeIgniter->handleRequest(NULL, Object(Config\Cache), false)
#7 C:\xampp\htdocs\github\master\public\index.php(44): CodeIgniter\CodeIgniter->run()
#8 C:\xampp\htdocs\github\master\vendor\codeigniter4\framework\system\Commands\Server\rewrite.php(45): require_once('C:\\xampp\\htdocs...')
#9 {main}
CRITICAL - 2021-12-07 09:17:23 --> valid_url_strict is not a valid rule.
#0 C:\xampp\htdocs\github\master\vendor\codeigniter4\framework\system\Validation\Validation.php(314): CodeIgniter\Validation\Exceptions\ValidationException::forRuleNotFound('valid_url_stric...')
#1 C:\xampp\htdocs\github\master\vendor\codeigniter4\framework\system\Validation\Validation.php(164): CodeIgniter\Validation\Validation->processRules('urlvideo', 'urlvideo', 'fghfgh', Array, Array)
#2 C:\xampp\htdocs\github\master\vendor\codeigniter4\framework\system\Controller.php(181): CodeIgniter\Validation\Validation->run()
#3 C:\xampp\htdocs\github\master\modules\TikTok\Controllers\DataVideoTikTok.php(71): CodeIgniter\Controller->validate(Array)
#4 C:\xampp\htdocs\github\master\vendor\codeigniter4\framework\system\CodeIgniter.php(940): Modules\TikTok\Controllers\DataVideoTikTok->tambah_video_tiktok()
#5 C:\xampp\htdocs\github\master\vendor\codeigniter4\framework\system\CodeIgniter.php(436): CodeIgniter\CodeIgniter->runController(Object(Modules\TikTok\Controllers\DataVideoTikTok))
#6 C:\xampp\htdocs\github\master\vendor\codeigniter4\framework\system\CodeIgniter.php(337): CodeIgniter\CodeIgniter->handleRequest(NULL, Object(Config\Cache), false)
#7 C:\xampp\htdocs\github\master\public\index.php(44): CodeIgniter\CodeIgniter->run()
#8 C:\xampp\htdocs\github\master\vendor\codeigniter4\framework\system\Commands\Server\rewrite.php(45): require_once('C:\\xampp\\htdocs...')
#9 {main}
CRITICAL - 2021-12-07 09:35:33 --> Call to undefined function has_permissions()
#0 C:\xampp\htdocs\github\master\vendor\codeigniter4\framework\system\View\View.php(220): include()
#1 C:\xampp\htdocs\github\master\vendor\codeigniter4\framework\system\View\View.php(222): CodeIgniter\View\View->CodeIgniter\View\{closure}()
#2 C:\xampp\htdocs\github\master\vendor\codeigniter4\framework\system\Common.php(1217): CodeIgniter\View\View->render('Modules\\TikTok\\...', Array, true)
#3 C:\xampp\htdocs\github\master\modules\TikTok\Controllers\DataVideoTikTok.php(43): view('Modules\\TikTok\\...', Array)
#4 C:\xampp\htdocs\github\master\vendor\codeigniter4\framework\system\CodeIgniter.php(940): Modules\TikTok\Controllers\DataVideoTikTok->video_tiktok()
#5 C:\xampp\htdocs\github\master\vendor\codeigniter4\framework\system\CodeIgniter.php(436): CodeIgniter\CodeIgniter->runController(Object(Modules\TikTok\Controllers\DataVideoTikTok))
#6 C:\xampp\htdocs\github\master\vendor\codeigniter4\framework\system\CodeIgniter.php(337): CodeIgniter\CodeIgniter->handleRequest(NULL, Object(Config\Cache), false)
#7 C:\xampp\htdocs\github\master\public\index.php(44): CodeIgniter\CodeIgniter->run()
#8 C:\xampp\htdocs\github\master\vendor\codeigniter4\framework\system\Commands\Server\rewrite.php(45): require_once('C:\\xampp\\htdocs...')
#9 {main}
CRITICAL - 2021-12-07 10:01:31 --> Undefined variable: datax
#0 C:\xampp\htdocs\github\master\modules\TikTok\Controllers\DataProfileTikTok.php(36): CodeIgniter\Debug\Exceptions->errorHandler(8, 'Undefined varia...', 'C:\\xampp\\htdocs...', 36, Array)
#1 C:\xampp\htdocs\github\master\vendor\codeigniter4\framework\system\CodeIgniter.php(940): Modules\TikTok\Controllers\DataProfileTikTok->index()
#2 C:\xampp\htdocs\github\master\vendor\codeigniter4\framework\system\CodeIgniter.php(436): CodeIgniter\CodeIgniter->runController(Object(Modules\TikTok\Controllers\DataProfileTikTok))
#3 C:\xampp\htdocs\github\master\vendor\codeigniter4\framework\system\CodeIgniter.php(337): CodeIgniter\CodeIgniter->handleRequest(NULL, Object(Config\Cache), false)
#4 C:\xampp\htdocs\github\master\public\index.php(44): CodeIgniter\CodeIgniter->run()
#5 C:\xampp\htdocs\github\master\vendor\codeigniter4\framework\system\Commands\Server\rewrite.php(45): require_once('C:\\xampp\\htdocs...')
#6 {main}
CRITICAL - 2021-12-07 10:33:25 --> Undefined variable: seg
#0 C:\xampp\htdocs\github\master\modules\TikTok\Controllers\DataLaporanVideo.php(28): CodeIgniter\Debug\Exceptions->errorHandler(8, 'Undefined varia...', 'C:\\xampp\\htdocs...', 28, Array)
#1 C:\xampp\htdocs\github\master\vendor\codeigniter4\framework\system\CodeIgniter.php(940): Modules\TikTok\Controllers\DataLaporanVideo->laporan()
#2 C:\xampp\htdocs\github\master\vendor\codeigniter4\framework\system\CodeIgniter.php(436): CodeIgniter\CodeIgniter->runController(Object(Modules\TikTok\Controllers\DataLaporanVideo))
#3 C:\xampp\htdocs\github\master\vendor\codeigniter4\framework\system\CodeIgniter.php(337): CodeIgniter\CodeIgniter->handleRequest(NULL, Object(Config\Cache), false)
#4 C:\xampp\htdocs\github\master\public\index.php(44): CodeIgniter\CodeIgniter->run()
#5 C:\xampp\htdocs\github\master\vendor\codeigniter4\framework\system\Commands\Server\rewrite.php(45): require_once('C:\\xampp\\htdocs...')
#6 {main}
CRITICAL - 2021-12-07 10:48:20 --> Undefined variable: randpendaftar
#0 C:\xampp\htdocs\github\master\modules\TikTok\Controllers\DataLaporanVideo.php(80): CodeIgniter\Debug\Exceptions->errorHandler(8, 'Undefined varia...', 'C:\\xampp\\htdocs...', 80, Array)
#1 C:\xampp\htdocs\github\master\vendor\codeigniter4\framework\system\CodeIgniter.php(940): Modules\TikTok\Controllers\DataLaporanVideo->laporan_json()
#2 C:\xampp\htdocs\github\master\vendor\codeigniter4\framework\system\CodeIgniter.php(436): CodeIgniter\CodeIgniter->runController(Object(Modules\TikTok\Controllers\DataLaporanVideo))
#3 C:\xampp\htdocs\github\master\vendor\codeigniter4\framework\system\CodeIgniter.php(337): CodeIgniter\CodeIgniter->handleRequest(NULL, Object(Config\Cache), false)
#4 C:\xampp\htdocs\github\master\public\index.php(44): CodeIgniter\CodeIgniter->run()
#5 C:\xampp\htdocs\github\master\vendor\codeigniter4\framework\system\Commands\Server\rewrite.php(45): require_once('C:\\xampp\\htdocs...')
#6 {main}
CRITICAL - 2021-12-07 10:48:30 --> Undefined variable: randpendaftar
#0 C:\xampp\htdocs\github\master\modules\TikTok\Controllers\DataLaporanVideo.php(80): CodeIgniter\Debug\Exceptions->errorHandler(8, 'Undefined varia...', 'C:\\xampp\\htdocs...', 80, Array)
#1 C:\xampp\htdocs\github\master\vendor\codeigniter4\framework\system\CodeIgniter.php(940): Modules\TikTok\Controllers\DataLaporanVideo->laporan_json()
#2 C:\xampp\htdocs\github\master\vendor\codeigniter4\framework\system\CodeIgniter.php(436): CodeIgniter\CodeIgniter->runController(Object(Modules\TikTok\Controllers\DataLaporanVideo))
#3 C:\xampp\htdocs\github\master\vendor\codeigniter4\framework\system\CodeIgniter.php(337): CodeIgniter\CodeIgniter->handleRequest(NULL, Object(Config\Cache), false)
#4 C:\xampp\htdocs\github\master\public\index.php(44): CodeIgniter\CodeIgniter->run()
#5 C:\xampp\htdocs\github\master\vendor\codeigniter4\framework\system\Commands\Server\rewrite.php(45): require_once('C:\\xampp\\htdocs...')
#6 {main}
CRITICAL - 2021-12-07 13:16:34 --> Undefined variable: output
#0 C:\xampp\htdocs\github\master\modules\TikTok\Controllers\DataLaporanVideo.php(81): CodeIgniter\Debug\Exceptions->errorHandler(8, 'Undefined varia...', 'C:\\xampp\\htdocs...', 81, Array)
#1 C:\xampp\htdocs\github\master\vendor\codeigniter4\framework\system\CodeIgniter.php(940): Modules\TikTok\Controllers\DataLaporanVideo->laporan_json()
#2 C:\xampp\htdocs\github\master\vendor\codeigniter4\framework\system\CodeIgniter.php(436): CodeIgniter\CodeIgniter->runController(Object(Modules\TikTok\Controllers\DataLaporanVideo))
#3 C:\xampp\htdocs\github\master\vendor\codeigniter4\framework\system\CodeIgniter.php(337): CodeIgniter\CodeIgniter->handleRequest(NULL, Object(Config\Cache), false)
#4 C:\xampp\htdocs\github\master\public\index.php(44): CodeIgniter\CodeIgniter->run()
#5 C:\xampp\htdocs\github\master\vendor\codeigniter4\framework\system\Commands\Server\rewrite.php(45): require_once('C:\\xampp\\htdocs...')
#6 {main}
CRITICAL - 2021-12-07 13:16:42 --> Undefined variable: output
#0 C:\xampp\htdocs\github\master\modules\TikTok\Controllers\DataLaporanVideo.php(81): CodeIgniter\Debug\Exceptions->errorHandler(8, 'Undefined varia...', 'C:\\xampp\\htdocs...', 81, Array)
#1 C:\xampp\htdocs\github\master\vendor\codeigniter4\framework\system\CodeIgniter.php(940): Modules\TikTok\Controllers\DataLaporanVideo->laporan_json()
#2 C:\xampp\htdocs\github\master\vendor\codeigniter4\framework\system\CodeIgniter.php(436): CodeIgniter\CodeIgniter->runController(Object(Modules\TikTok\Controllers\DataLaporanVideo))
#3 C:\xampp\htdocs\github\master\vendor\codeigniter4\framework\system\CodeIgniter.php(337): CodeIgniter\CodeIgniter->handleRequest(NULL, Object(Config\Cache), false)
#4 C:\xampp\htdocs\github\master\public\index.php(44): CodeIgniter\CodeIgniter->run()
#5 C:\xampp\htdocs\github\master\vendor\codeigniter4\framework\system\Commands\Server\rewrite.php(45): require_once('C:\\xampp\\htdocs...')
#6 {main}
