CRITICAL - 2022-01-26 09:39:24 --> Trying to access array offset on value of type null
#0 C:\xampp\htdocs\github\kebunku\modules\D3FastTrack\Views\sekolahku.php(112): CodeIgniter\Debug\Exceptions->errorHandler(8, 'Trying to acces...', 'C:\\xampp\\htdocs...', 112, Array)
#1 C:\xampp\htdocs\github\kebunku\vendor\codeigniter4\framework\system\View\View.php(220): include('C:\\xampp\\htdocs...')
#2 C:\xampp\htdocs\github\kebunku\vendor\codeigniter4\framework\system\View\View.php(222): CodeIgniter\View\View->CodeIgniter\View\{closure}()
#3 C:\xampp\htdocs\github\kebunku\vendor\codeigniter4\framework\system\Common.php(1217): CodeIgniter\View\View->render('Modules\\D3FastT...', Array, true)
#4 C:\xampp\htdocs\github\kebunku\modules\D3FastTrack\Controllers\DataSekolahKu.php(33): view('Modules\\D3FastT...', Array)
#5 C:\xampp\htdocs\github\kebunku\vendor\codeigniter4\framework\system\CodeIgniter.php(940): Modules\D3FastTrack\Controllers\DataSekolahKu->sekolahku()
#6 C:\xampp\htdocs\github\kebunku\vendor\codeigniter4\framework\system\CodeIgniter.php(436): CodeIgniter\CodeIgniter->runController(Object(Modules\D3FastTrack\Controllers\DataSekolahKu))
#7 C:\xampp\htdocs\github\kebunku\vendor\codeigniter4\framework\system\CodeIgniter.php(337): CodeIgniter\CodeIgniter->handleRequest(NULL, Object(Config\Cache), false)
#8 C:\xampp\htdocs\github\kebunku\public\index.php(44): CodeIgniter\CodeIgniter->run()
#9 C:\xampp\htdocs\github\kebunku\vendor\codeigniter4\framework\system\Commands\Server\rewrite.php(45): require_once('C:\\xampp\\htdocs...')
#10 {main}
CRITICAL - 2022-01-26 09:39:29 --> Trying to access array offset on value of type null
#0 C:\xampp\htdocs\github\kebunku\modules\D3FastTrack\Views\sekolahku.php(112): CodeIgniter\Debug\Exceptions->errorHandler(8, 'Trying to acces...', 'C:\\xampp\\htdocs...', 112, Array)
#1 C:\xampp\htdocs\github\kebunku\vendor\codeigniter4\framework\system\View\View.php(220): include('C:\\xampp\\htdocs...')
#2 C:\xampp\htdocs\github\kebunku\vendor\codeigniter4\framework\system\View\View.php(222): CodeIgniter\View\View->CodeIgniter\View\{closure}()
#3 C:\xampp\htdocs\github\kebunku\vendor\codeigniter4\framework\system\Common.php(1217): CodeIgniter\View\View->render('Modules\\D3FastT...', Array, true)
#4 C:\xampp\htdocs\github\kebunku\modules\D3FastTrack\Controllers\DataSekolahKu.php(33): view('Modules\\D3FastT...', Array)
#5 C:\xampp\htdocs\github\kebunku\vendor\codeigniter4\framework\system\CodeIgniter.php(940): Modules\D3FastTrack\Controllers\DataSekolahKu->sekolahku()
#6 C:\xampp\htdocs\github\kebunku\vendor\codeigniter4\framework\system\CodeIgniter.php(436): CodeIgniter\CodeIgniter->runController(Object(Modules\D3FastTrack\Controllers\DataSekolahKu))
#7 C:\xampp\htdocs\github\kebunku\vendor\codeigniter4\framework\system\CodeIgniter.php(337): CodeIgniter\CodeIgniter->handleRequest(NULL, Object(Config\Cache), false)
#8 C:\xampp\htdocs\github\kebunku\public\index.php(44): CodeIgniter\CodeIgniter->run()
#9 C:\xampp\htdocs\github\kebunku\vendor\codeigniter4\framework\system\Commands\Server\rewrite.php(45): require_once('C:\\xampp\\htdocs...')
#10 {main}
ERROR - 2022-01-26 11:55:54 --> mysqli_sql_exception: Unknown column 'nspn' in 'where clause' in C:\xampp\htdocs\github\kebunku\vendor\codeigniter4\framework\system\Database\MySQLi\Connection.php:314
Stack trace:
#0 C:\xampp\htdocs\github\kebunku\vendor\codeigniter4\framework\system\Database\MySQLi\Connection.php(314): mysqli->query('SELECT COUNT(*)...')
#1 C:\xampp\htdocs\github\kebunku\vendor\codeigniter4\framework\system\Database\BaseConnection.php(713): CodeIgniter\Database\MySQLi\Connection->execute('SELECT COUNT(*)...')
#2 C:\xampp\htdocs\github\kebunku\vendor\codeigniter4\framework\system\Database\BaseConnection.php(641): CodeIgniter\Database\BaseConnection->simpleQuery('SELECT COUNT(*)...')
#3 C:\xampp\htdocs\github\kebunku\vendor\codeigniter4\framework\system\Database\BaseBuilder.php(1966): CodeIgniter\Database\BaseConnection->query('SELECT COUNT(*)...', Array, false)
#4 C:\xampp\htdocs\github\kebunku\modules\D3FastTrack\Controllers\DataSekolah.php(299): CodeIgniter\Database\BaseBuilder->countAllResults()
#5 C:\xampp\htdocs\github\kebunku\vendor\codeigniter4\framework\system\CodeIgniter.php(940): Modules\D3FastTrack\Controllers\DataSekolah->sekolah_jsonstekom()
#6 C:\xampp\htdocs\github\kebunku\vendor\codeigniter4\framework\system\CodeIgniter.php(436): CodeIgniter\CodeIgniter->runController(Object(Modules\D3FastTrack\Controllers\DataSekolah))
#7 C:\xampp\htdocs\github\kebunku\vendor\codeigniter4\framework\system\CodeIgniter.php(337): CodeIgniter\CodeIgniter->handleRequest(NULL, Object(Config\Cache), false)
#8 C:\xampp\htdocs\github\kebunku\public\index.php(44): CodeIgniter\CodeIgniter->run()
#9 C:\xampp\htdocs\github\kebunku\vendor\codeigniter4\framework\system\Commands\Server\rewrite.php(45): require_once('C:\\xampp\\htdocs...')
#10 {main}
CRITICAL - 2022-01-26 11:55:54 --> Unknown column 'nspn' in 'where clause'
#0 C:\xampp\htdocs\github\kebunku\vendor\codeigniter4\framework\system\Database\MySQLi\Connection.php(314): mysqli->query('SELECT COUNT(*)...')
#1 C:\xampp\htdocs\github\kebunku\vendor\codeigniter4\framework\system\Database\BaseConnection.php(713): CodeIgniter\Database\MySQLi\Connection->execute('SELECT COUNT(*)...')
#2 C:\xampp\htdocs\github\kebunku\vendor\codeigniter4\framework\system\Database\BaseConnection.php(641): CodeIgniter\Database\BaseConnection->simpleQuery('SELECT COUNT(*)...')
#3 C:\xampp\htdocs\github\kebunku\vendor\codeigniter4\framework\system\Database\BaseBuilder.php(1966): CodeIgniter\Database\BaseConnection->query('SELECT COUNT(*)...', Array, false)
#4 C:\xampp\htdocs\github\kebunku\modules\D3FastTrack\Controllers\DataSekolah.php(299): CodeIgniter\Database\BaseBuilder->countAllResults()
#5 C:\xampp\htdocs\github\kebunku\vendor\codeigniter4\framework\system\CodeIgniter.php(940): Modules\D3FastTrack\Controllers\DataSekolah->sekolah_jsonstekom()
#6 C:\xampp\htdocs\github\kebunku\vendor\codeigniter4\framework\system\CodeIgniter.php(436): CodeIgniter\CodeIgniter->runController(Object(Modules\D3FastTrack\Controllers\DataSekolah))
#7 C:\xampp\htdocs\github\kebunku\vendor\codeigniter4\framework\system\CodeIgniter.php(337): CodeIgniter\CodeIgniter->handleRequest(NULL, Object(Config\Cache), false)
#8 C:\xampp\htdocs\github\kebunku\public\index.php(44): CodeIgniter\CodeIgniter->run()
#9 C:\xampp\htdocs\github\kebunku\vendor\codeigniter4\framework\system\Commands\Server\rewrite.php(45): require_once('C:\\xampp\\htdocs...')
#10 {main}
ERROR - 2022-01-26 11:56:08 --> mysqli_sql_exception: Unknown column 'nspn' in 'where clause' in C:\xampp\htdocs\github\kebunku\vendor\codeigniter4\framework\system\Database\MySQLi\Connection.php:314
Stack trace:
#0 C:\xampp\htdocs\github\kebunku\vendor\codeigniter4\framework\system\Database\MySQLi\Connection.php(314): mysqli->query('SELECT COUNT(*)...')
#1 C:\xampp\htdocs\github\kebunku\vendor\codeigniter4\framework\system\Database\BaseConnection.php(713): CodeIgniter\Database\MySQLi\Connection->execute('SELECT COUNT(*)...')
#2 C:\xampp\htdocs\github\kebunku\vendor\codeigniter4\framework\system\Database\BaseConnection.php(641): CodeIgniter\Database\BaseConnection->simpleQuery('SELECT COUNT(*)...')
#3 C:\xampp\htdocs\github\kebunku\vendor\codeigniter4\framework\system\Database\BaseBuilder.php(1966): CodeIgniter\Database\BaseConnection->query('SELECT COUNT(*)...', Array, false)
#4 C:\xampp\htdocs\github\kebunku\modules\D3FastTrack\Controllers\DataSekolah.php(299): CodeIgniter\Database\BaseBuilder->countAllResults()
#5 C:\xampp\htdocs\github\kebunku\vendor\codeigniter4\framework\system\CodeIgniter.php(940): Modules\D3FastTrack\Controllers\DataSekolah->sekolah_jsonstekom()
#6 C:\xampp\htdocs\github\kebunku\vendor\codeigniter4\framework\system\CodeIgniter.php(436): CodeIgniter\CodeIgniter->runController(Object(Modules\D3FastTrack\Controllers\DataSekolah))
#7 C:\xampp\htdocs\github\kebunku\vendor\codeigniter4\framework\system\CodeIgniter.php(337): CodeIgniter\CodeIgniter->handleRequest(NULL, Object(Config\Cache), false)
#8 C:\xampp\htdocs\github\kebunku\public\index.php(44): CodeIgniter\CodeIgniter->run()
#9 C:\xampp\htdocs\github\kebunku\vendor\codeigniter4\framework\system\Commands\Server\rewrite.php(45): require_once('C:\\xampp\\htdocs...')
#10 {main}
CRITICAL - 2022-01-26 11:56:08 --> Unknown column 'nspn' in 'where clause'
#0 C:\xampp\htdocs\github\kebunku\vendor\codeigniter4\framework\system\Database\MySQLi\Connection.php(314): mysqli->query('SELECT COUNT(*)...')
#1 C:\xampp\htdocs\github\kebunku\vendor\codeigniter4\framework\system\Database\BaseConnection.php(713): CodeIgniter\Database\MySQLi\Connection->execute('SELECT COUNT(*)...')
#2 C:\xampp\htdocs\github\kebunku\vendor\codeigniter4\framework\system\Database\BaseConnection.php(641): CodeIgniter\Database\BaseConnection->simpleQuery('SELECT COUNT(*)...')
#3 C:\xampp\htdocs\github\kebunku\vendor\codeigniter4\framework\system\Database\BaseBuilder.php(1966): CodeIgniter\Database\BaseConnection->query('SELECT COUNT(*)...', Array, false)
#4 C:\xampp\htdocs\github\kebunku\modules\D3FastTrack\Controllers\DataSekolah.php(299): CodeIgniter\Database\BaseBuilder->countAllResults()
#5 C:\xampp\htdocs\github\kebunku\vendor\codeigniter4\framework\system\CodeIgniter.php(940): Modules\D3FastTrack\Controllers\DataSekolah->sekolah_jsonstekom()
#6 C:\xampp\htdocs\github\kebunku\vendor\codeigniter4\framework\system\CodeIgniter.php(436): CodeIgniter\CodeIgniter->runController(Object(Modules\D3FastTrack\Controllers\DataSekolah))
#7 C:\xampp\htdocs\github\kebunku\vendor\codeigniter4\framework\system\CodeIgniter.php(337): CodeIgniter\CodeIgniter->handleRequest(NULL, Object(Config\Cache), false)
#8 C:\xampp\htdocs\github\kebunku\public\index.php(44): CodeIgniter\CodeIgniter->run()
#9 C:\xampp\htdocs\github\kebunku\vendor\codeigniter4\framework\system\Commands\Server\rewrite.php(45): require_once('C:\\xampp\\htdocs...')
#10 {main}
ERROR - 2022-01-26 11:57:27 --> mysqli_sql_exception: Unknown column 'nspn' in 'where clause' in C:\xampp\htdocs\github\kebunku\vendor\codeigniter4\framework\system\Database\MySQLi\Connection.php:314
Stack trace:
#0 C:\xampp\htdocs\github\kebunku\vendor\codeigniter4\framework\system\Database\MySQLi\Connection.php(314): mysqli->query('SELECT COUNT(*)...')
#1 C:\xampp\htdocs\github\kebunku\vendor\codeigniter4\framework\system\Database\BaseConnection.php(713): CodeIgniter\Database\MySQLi\Connection->execute('SELECT COUNT(*)...')
#2 C:\xampp\htdocs\github\kebunku\vendor\codeigniter4\framework\system\Database\BaseConnection.php(641): CodeIgniter\Database\BaseConnection->simpleQuery('SELECT COUNT(*)...')
#3 C:\xampp\htdocs\github\kebunku\vendor\codeigniter4\framework\system\Database\BaseBuilder.php(1966): CodeIgniter\Database\BaseConnection->query('SELECT COUNT(*)...', Array, false)
#4 C:\xampp\htdocs\github\kebunku\modules\D3FastTrack\Controllers\DataSekolah.php(299): CodeIgniter\Database\BaseBuilder->countAllResults()
#5 C:\xampp\htdocs\github\kebunku\vendor\codeigniter4\framework\system\CodeIgniter.php(940): Modules\D3FastTrack\Controllers\DataSekolah->sekolah_jsonstekom()
#6 C:\xampp\htdocs\github\kebunku\vendor\codeigniter4\framework\system\CodeIgniter.php(436): CodeIgniter\CodeIgniter->runController(Object(Modules\D3FastTrack\Controllers\DataSekolah))
#7 C:\xampp\htdocs\github\kebunku\vendor\codeigniter4\framework\system\CodeIgniter.php(337): CodeIgniter\CodeIgniter->handleRequest(NULL, Object(Config\Cache), false)
#8 C:\xampp\htdocs\github\kebunku\public\index.php(44): CodeIgniter\CodeIgniter->run()
#9 C:\xampp\htdocs\github\kebunku\vendor\codeigniter4\framework\system\Commands\Server\rewrite.php(45): require_once('C:\\xampp\\htdocs...')
#10 {main}
CRITICAL - 2022-01-26 11:57:27 --> Unknown column 'nspn' in 'where clause'
#0 C:\xampp\htdocs\github\kebunku\vendor\codeigniter4\framework\system\Database\MySQLi\Connection.php(314): mysqli->query('SELECT COUNT(*)...')
#1 C:\xampp\htdocs\github\kebunku\vendor\codeigniter4\framework\system\Database\BaseConnection.php(713): CodeIgniter\Database\MySQLi\Connection->execute('SELECT COUNT(*)...')
#2 C:\xampp\htdocs\github\kebunku\vendor\codeigniter4\framework\system\Database\BaseConnection.php(641): CodeIgniter\Database\BaseConnection->simpleQuery('SELECT COUNT(*)...')
#3 C:\xampp\htdocs\github\kebunku\vendor\codeigniter4\framework\system\Database\BaseBuilder.php(1966): CodeIgniter\Database\BaseConnection->query('SELECT COUNT(*)...', Array, false)
#4 C:\xampp\htdocs\github\kebunku\modules\D3FastTrack\Controllers\DataSekolah.php(299): CodeIgniter\Database\BaseBuilder->countAllResults()
#5 C:\xampp\htdocs\github\kebunku\vendor\codeigniter4\framework\system\CodeIgniter.php(940): Modules\D3FastTrack\Controllers\DataSekolah->sekolah_jsonstekom()
#6 C:\xampp\htdocs\github\kebunku\vendor\codeigniter4\framework\system\CodeIgniter.php(436): CodeIgniter\CodeIgniter->runController(Object(Modules\D3FastTrack\Controllers\DataSekolah))
#7 C:\xampp\htdocs\github\kebunku\vendor\codeigniter4\framework\system\CodeIgniter.php(337): CodeIgniter\CodeIgniter->handleRequest(NULL, Object(Config\Cache), false)
#8 C:\xampp\htdocs\github\kebunku\public\index.php(44): CodeIgniter\CodeIgniter->run()
#9 C:\xampp\htdocs\github\kebunku\vendor\codeigniter4\framework\system\Commands\Server\rewrite.php(45): require_once('C:\\xampp\\htdocs...')
#10 {main}
CRITICAL - 2022-01-26 13:44:09 --> Too few arguments to function Modules\Kelasemen\Models\ModelKelasemenToploker::get_datatables(), 1 passed in C:\xampp\htdocs\github\kebunku\modules\Kelasemen\Controllers\DataKelasemen.php on line 290 and exactly 2 expected
#0 C:\xampp\htdocs\github\kebunku\modules\Kelasemen\Controllers\DataKelasemen.php(290): Modules\Kelasemen\Models\ModelKelasemenToploker->get_datatables('2022-01-19')
#1 C:\xampp\htdocs\github\kebunku\vendor\codeigniter4\framework\system\CodeIgniter.php(940): Modules\Kelasemen\Controllers\DataKelasemen->kelasementoploker_json()
#2 C:\xampp\htdocs\github\kebunku\vendor\codeigniter4\framework\system\CodeIgniter.php(436): CodeIgniter\CodeIgniter->runController(Object(Modules\Kelasemen\Controllers\DataKelasemen))
#3 C:\xampp\htdocs\github\kebunku\vendor\codeigniter4\framework\system\CodeIgniter.php(337): CodeIgniter\CodeIgniter->handleRequest(NULL, Object(Config\Cache), false)
#4 C:\xampp\htdocs\github\kebunku\public\index.php(44): CodeIgniter\CodeIgniter->run()
#5 C:\xampp\htdocs\github\kebunku\vendor\codeigniter4\framework\system\Commands\Server\rewrite.php(45): require_once('C:\\xampp\\htdocs...')
#6 {main}
CRITICAL - 2022-01-26 13:44:19 --> Too few arguments to function Modules\Kelasemen\Models\ModelKelasemenToploker::get_datatables(), 1 passed in C:\xampp\htdocs\github\kebunku\modules\Kelasemen\Controllers\DataKelasemen.php on line 290 and exactly 2 expected
#0 C:\xampp\htdocs\github\kebunku\modules\Kelasemen\Controllers\DataKelasemen.php(290): Modules\Kelasemen\Models\ModelKelasemenToploker->get_datatables('2022-01-19')
#1 C:\xampp\htdocs\github\kebunku\vendor\codeigniter4\framework\system\CodeIgniter.php(940): Modules\Kelasemen\Controllers\DataKelasemen->kelasementoploker_json()
#2 C:\xampp\htdocs\github\kebunku\vendor\codeigniter4\framework\system\CodeIgniter.php(436): CodeIgniter\CodeIgniter->runController(Object(Modules\Kelasemen\Controllers\DataKelasemen))
#3 C:\xampp\htdocs\github\kebunku\vendor\codeigniter4\framework\system\CodeIgniter.php(337): CodeIgniter\CodeIgniter->handleRequest(NULL, Object(Config\Cache), false)
#4 C:\xampp\htdocs\github\kebunku\public\index.php(44): CodeIgniter\CodeIgniter->run()
#5 C:\xampp\htdocs\github\kebunku\vendor\codeigniter4\framework\system\Commands\Server\rewrite.php(45): require_once('C:\\xampp\\htdocs...')
#6 {main}
CRITICAL - 2022-01-26 13:45:35 --> Cannot declare class Modules\Kelasemen\Models\ModelKelasemen, because the name is already in use
#0 [internal function]: CodeIgniter\Debug\Exceptions->shutdownHandler()
#1 {main}
CRITICAL - 2022-01-26 14:06:09 --> Undefined variable: targett
#0 C:\xampp\htdocs\github\kebunku\modules\InterfaceKu\Views\interfacehomemagang.php(60): CodeIgniter\Debug\Exceptions->errorHandler(8, 'Undefined varia...', 'C:\\xampp\\htdocs...', 60, Array)
#1 C:\xampp\htdocs\github\kebunku\vendor\codeigniter4\framework\system\View\View.php(220): include('C:\\xampp\\htdocs...')
#2 C:\xampp\htdocs\github\kebunku\vendor\codeigniter4\framework\system\View\View.php(222): CodeIgniter\View\View->CodeIgniter\View\{closure}()
#3 C:\xampp\htdocs\github\kebunku\vendor\codeigniter4\framework\system\Common.php(1217): CodeIgniter\View\View->render('Modules\\Interfa...', Array, true)
#4 C:\xampp\htdocs\github\kebunku\modules\InterfaceKu\Controllers\DataInterfaceMagang.php(112): view('Modules\\Interfa...', Array)
#5 C:\xampp\htdocs\github\kebunku\vendor\codeigniter4\framework\system\CodeIgniter.php(940): Modules\InterfaceKu\Controllers\DataInterfaceMagang->interfacemagang('4d1849eaf2138c8...')
#6 C:\xampp\htdocs\github\kebunku\vendor\codeigniter4\framework\system\CodeIgniter.php(436): CodeIgniter\CodeIgniter->runController(Object(Modules\InterfaceKu\Controllers\DataInterfaceMagang))
#7 C:\xampp\htdocs\github\kebunku\vendor\codeigniter4\framework\system\CodeIgniter.php(337): CodeIgniter\CodeIgniter->handleRequest(NULL, Object(Config\Cache), false)
#8 C:\xampp\htdocs\github\kebunku\public\index.php(44): CodeIgniter\CodeIgniter->run()
#9 C:\xampp\htdocs\github\kebunku\vendor\codeigniter4\framework\system\Commands\Server\rewrite.php(45): require_once('C:\\xampp\\htdocs...')
#10 {main}
CRITICAL - 2022-01-26 14:06:22 --> A non well formed numeric value encountered
#0 C:\xampp\htdocs\github\kebunku\modules\InterfaceKu\Views\interfacehomemagang.php(61): CodeIgniter\Debug\Exceptions->errorHandler(8, 'A non well form...', 'C:\\xampp\\htdocs...', 61, Array)
#1 C:\xampp\htdocs\github\kebunku\vendor\codeigniter4\framework\system\View\View.php(220): include('C:\\xampp\\htdocs...')
#2 C:\xampp\htdocs\github\kebunku\vendor\codeigniter4\framework\system\View\View.php(222): CodeIgniter\View\View->CodeIgniter\View\{closure}()
#3 C:\xampp\htdocs\github\kebunku\vendor\codeigniter4\framework\system\Common.php(1217): CodeIgniter\View\View->render('Modules\\Interfa...', Array, true)
#4 C:\xampp\htdocs\github\kebunku\modules\InterfaceKu\Controllers\DataInterfaceMagang.php(112): view('Modules\\Interfa...', Array)
#5 C:\xampp\htdocs\github\kebunku\vendor\codeigniter4\framework\system\CodeIgniter.php(940): Modules\InterfaceKu\Controllers\DataInterfaceMagang->interfacemagang('4d1849eaf2138c8...')
#6 C:\xampp\htdocs\github\kebunku\vendor\codeigniter4\framework\system\CodeIgniter.php(436): CodeIgniter\CodeIgniter->runController(Object(Modules\InterfaceKu\Controllers\DataInterfaceMagang))
#7 C:\xampp\htdocs\github\kebunku\vendor\codeigniter4\framework\system\CodeIgniter.php(337): CodeIgniter\CodeIgniter->handleRequest(NULL, Object(Config\Cache), false)
#8 C:\xampp\htdocs\github\kebunku\public\index.php(44): CodeIgniter\CodeIgniter->run()
#9 C:\xampp\htdocs\github\kebunku\vendor\codeigniter4\framework\system\Commands\Server\rewrite.php(45): require_once('C:\\xampp\\htdocs...')
#10 {main}
CRITICAL - 2022-01-26 14:06:31 --> A non-numeric value encountered
#0 C:\xampp\htdocs\github\kebunku\modules\InterfaceKu\Views\interfacehomemagang.php(61): CodeIgniter\Debug\Exceptions->errorHandler(2, 'A non-numeric v...', 'C:\\xampp\\htdocs...', 61, Array)
#1 C:\xampp\htdocs\github\kebunku\vendor\codeigniter4\framework\system\View\View.php(220): include('C:\\xampp\\htdocs...')
#2 C:\xampp\htdocs\github\kebunku\vendor\codeigniter4\framework\system\View\View.php(222): CodeIgniter\View\View->CodeIgniter\View\{closure}()
#3 C:\xampp\htdocs\github\kebunku\vendor\codeigniter4\framework\system\Common.php(1217): CodeIgniter\View\View->render('Modules\\Interfa...', Array, true)
#4 C:\xampp\htdocs\github\kebunku\modules\InterfaceKu\Controllers\DataInterfaceMagang.php(112): view('Modules\\Interfa...', Array)
#5 C:\xampp\htdocs\github\kebunku\vendor\codeigniter4\framework\system\CodeIgniter.php(940): Modules\InterfaceKu\Controllers\DataInterfaceMagang->interfacemagang('4d1849eaf2138c8...')
#6 C:\xampp\htdocs\github\kebunku\vendor\codeigniter4\framework\system\CodeIgniter.php(436): CodeIgniter\CodeIgniter->runController(Object(Modules\InterfaceKu\Controllers\DataInterfaceMagang))
#7 C:\xampp\htdocs\github\kebunku\vendor\codeigniter4\framework\system\CodeIgniter.php(337): CodeIgniter\CodeIgniter->handleRequest(NULL, Object(Config\Cache), false)
#8 C:\xampp\htdocs\github\kebunku\public\index.php(44): CodeIgniter\CodeIgniter->run()
#9 C:\xampp\htdocs\github\kebunku\vendor\codeigniter4\framework\system\Commands\Server\rewrite.php(45): require_once('C:\\xampp\\htdocs...')
#10 {main}
CRITICAL - 2022-01-26 14:06:40 --> A non-numeric value encountered
#0 C:\xampp\htdocs\github\kebunku\modules\InterfaceKu\Views\interfacehomemagang.php(61): CodeIgniter\Debug\Exceptions->errorHandler(2, 'A non-numeric v...', 'C:\\xampp\\htdocs...', 61, Array)
#1 C:\xampp\htdocs\github\kebunku\vendor\codeigniter4\framework\system\View\View.php(220): include('C:\\xampp\\htdocs...')
#2 C:\xampp\htdocs\github\kebunku\vendor\codeigniter4\framework\system\View\View.php(222): CodeIgniter\View\View->CodeIgniter\View\{closure}()
#3 C:\xampp\htdocs\github\kebunku\vendor\codeigniter4\framework\system\Common.php(1217): CodeIgniter\View\View->render('Modules\\Interfa...', Array, true)
#4 C:\xampp\htdocs\github\kebunku\modules\InterfaceKu\Controllers\DataInterfaceMagang.php(112): view('Modules\\Interfa...', Array)
#5 C:\xampp\htdocs\github\kebunku\vendor\codeigniter4\framework\system\CodeIgniter.php(940): Modules\InterfaceKu\Controllers\DataInterfaceMagang->interfacemagang('4d1849eaf2138c8...')
#6 C:\xampp\htdocs\github\kebunku\vendor\codeigniter4\framework\system\CodeIgniter.php(436): CodeIgniter\CodeIgniter->runController(Object(Modules\InterfaceKu\Controllers\DataInterfaceMagang))
#7 C:\xampp\htdocs\github\kebunku\vendor\codeigniter4\framework\system\CodeIgniter.php(337): CodeIgniter\CodeIgniter->handleRequest(NULL, Object(Config\Cache), false)
#8 C:\xampp\htdocs\github\kebunku\public\index.php(44): CodeIgniter\CodeIgniter->run()
#9 C:\xampp\htdocs\github\kebunku\vendor\codeigniter4\framework\system\Commands\Server\rewrite.php(45): require_once('C:\\xampp\\htdocs...')
#10 {main}
CRITICAL - 2022-01-26 14:07:12 --> Undefined variable: targetexpp
#0 C:\xampp\htdocs\github\kebunku\modules\InterfaceKu\Views\interfacehomemagang.php(65): CodeIgniter\Debug\Exceptions->errorHandler(8, 'Undefined varia...', 'C:\\xampp\\htdocs...', 65, Array)
#1 C:\xampp\htdocs\github\kebunku\vendor\codeigniter4\framework\system\View\View.php(220): include('C:\\xampp\\htdocs...')
#2 C:\xampp\htdocs\github\kebunku\vendor\codeigniter4\framework\system\View\View.php(222): CodeIgniter\View\View->CodeIgniter\View\{closure}()
#3 C:\xampp\htdocs\github\kebunku\vendor\codeigniter4\framework\system\Common.php(1217): CodeIgniter\View\View->render('Modules\\Interfa...', Array, true)
#4 C:\xampp\htdocs\github\kebunku\modules\InterfaceKu\Controllers\DataInterfaceMagang.php(112): view('Modules\\Interfa...', Array)
#5 C:\xampp\htdocs\github\kebunku\vendor\codeigniter4\framework\system\CodeIgniter.php(940): Modules\InterfaceKu\Controllers\DataInterfaceMagang->interfacemagang('4d1849eaf2138c8...')
#6 C:\xampp\htdocs\github\kebunku\vendor\codeigniter4\framework\system\CodeIgniter.php(436): CodeIgniter\CodeIgniter->runController(Object(Modules\InterfaceKu\Controllers\DataInterfaceMagang))
#7 C:\xampp\htdocs\github\kebunku\vendor\codeigniter4\framework\system\CodeIgniter.php(337): CodeIgniter\CodeIgniter->handleRequest(NULL, Object(Config\Cache), false)
#8 C:\xampp\htdocs\github\kebunku\public\index.php(44): CodeIgniter\CodeIgniter->run()
#9 C:\xampp\htdocs\github\kebunku\vendor\codeigniter4\framework\system\Commands\Server\rewrite.php(45): require_once('C:\\xampp\\htdocs...')
#10 {main}
CRITICAL - 2022-01-26 14:07:13 --> Undefined variable: targetexpp
#0 C:\xampp\htdocs\github\kebunku\modules\InterfaceKu\Views\interfacehomemagang.php(65): CodeIgniter\Debug\Exceptions->errorHandler(8, 'Undefined varia...', 'C:\\xampp\\htdocs...', 65, Array)
#1 C:\xampp\htdocs\github\kebunku\vendor\codeigniter4\framework\system\View\View.php(220): include('C:\\xampp\\htdocs...')
#2 C:\xampp\htdocs\github\kebunku\vendor\codeigniter4\framework\system\View\View.php(222): CodeIgniter\View\View->CodeIgniter\View\{closure}()
#3 C:\xampp\htdocs\github\kebunku\vendor\codeigniter4\framework\system\Common.php(1217): CodeIgniter\View\View->render('Modules\\Interfa...', Array, true)
#4 C:\xampp\htdocs\github\kebunku\modules\InterfaceKu\Controllers\DataInterfaceMagang.php(112): view('Modules\\Interfa...', Array)
#5 C:\xampp\htdocs\github\kebunku\vendor\codeigniter4\framework\system\CodeIgniter.php(940): Modules\InterfaceKu\Controllers\DataInterfaceMagang->interfacemagang('4d1849eaf2138c8...')
#6 C:\xampp\htdocs\github\kebunku\vendor\codeigniter4\framework\system\CodeIgniter.php(436): CodeIgniter\CodeIgniter->runController(Object(Modules\InterfaceKu\Controllers\DataInterfaceMagang))
#7 C:\xampp\htdocs\github\kebunku\vendor\codeigniter4\framework\system\CodeIgniter.php(337): CodeIgniter\CodeIgniter->handleRequest(NULL, Object(Config\Cache), false)
#8 C:\xampp\htdocs\github\kebunku\public\index.php(44): CodeIgniter\CodeIgniter->run()
#9 C:\xampp\htdocs\github\kebunku\vendor\codeigniter4\framework\system\Commands\Server\rewrite.php(45): require_once('C:\\xampp\\htdocs...')
#10 {main}
CRITICAL - 2022-01-26 14:07:45 --> Undefined variable: targetexpp
#0 C:\xampp\htdocs\github\kebunku\modules\InterfaceKu\Views\interfacehomemagang.php(65): CodeIgniter\Debug\Exceptions->errorHandler(8, 'Undefined varia...', 'C:\\xampp\\htdocs...', 65, Array)
#1 C:\xampp\htdocs\github\kebunku\vendor\codeigniter4\framework\system\View\View.php(220): include('C:\\xampp\\htdocs...')
#2 C:\xampp\htdocs\github\kebunku\vendor\codeigniter4\framework\system\View\View.php(222): CodeIgniter\View\View->CodeIgniter\View\{closure}()
#3 C:\xampp\htdocs\github\kebunku\vendor\codeigniter4\framework\system\Common.php(1217): CodeIgniter\View\View->render('Modules\\Interfa...', Array, true)
#4 C:\xampp\htdocs\github\kebunku\modules\InterfaceKu\Controllers\DataInterfaceMagang.php(112): view('Modules\\Interfa...', Array)
#5 C:\xampp\htdocs\github\kebunku\vendor\codeigniter4\framework\system\CodeIgniter.php(940): Modules\InterfaceKu\Controllers\DataInterfaceMagang->interfacemagang('4d1849eaf2138c8...')
#6 C:\xampp\htdocs\github\kebunku\vendor\codeigniter4\framework\system\CodeIgniter.php(436): CodeIgniter\CodeIgniter->runController(Object(Modules\InterfaceKu\Controllers\DataInterfaceMagang))
#7 C:\xampp\htdocs\github\kebunku\vendor\codeigniter4\framework\system\CodeIgniter.php(337): CodeIgniter\CodeIgniter->handleRequest(NULL, Object(Config\Cache), false)
#8 C:\xampp\htdocs\github\kebunku\public\index.php(44): CodeIgniter\CodeIgniter->run()
#9 C:\xampp\htdocs\github\kebunku\vendor\codeigniter4\framework\system\Commands\Server\rewrite.php(45): require_once('C:\\xampp\\htdocs...')
#10 {main}
CRITICAL - 2022-01-26 15:39:02 --> You do not have sufficient permissions to access that page.
#0 C:\xampp\htdocs\github\kebunku\vendor\codeigniter4\framework\system\Filters\Filters.php(181): Myth\Auth\Filters\PermissionFilter->before(Object(CodeIgniter\HTTP\IncomingRequest), Array)
#1 C:\xampp\htdocs\github\kebunku\vendor\codeigniter4\framework\system\CodeIgniter.php(407): CodeIgniter\Filters\Filters->run('manage-data-sek...', 'before')
#2 C:\xampp\htdocs\github\kebunku\vendor\codeigniter4\framework\system\CodeIgniter.php(337): CodeIgniter\CodeIgniter->handleRequest(NULL, Object(Config\Cache), false)
#3 C:\xampp\htdocs\github\kebunku\public\index.php(44): CodeIgniter\CodeIgniter->run()
#4 C:\xampp\htdocs\github\kebunku\vendor\codeigniter4\framework\system\Commands\Server\rewrite.php(45): require_once('C:\\xampp\\htdocs...')
#5 {main}
