CRITICAL - 2022-04-23 13:38:10 --> The action you requested is not allowed.
#0 C:\xampp\htdocs\github\toko\vendor\codeigniter4\framework\system\Security\Security.php(231): CodeIgniter\Security\Exceptions\SecurityException::forDisallowedAction()
#1 C:\xampp\htdocs\github\toko\vendor\codeigniter4\framework\system\Filters\CSRF.php(57): CodeIgniter\Security\Security->verify(Object(CodeIgniter\HTTP\IncomingRequest))
#2 C:\xampp\htdocs\github\toko\vendor\codeigniter4\framework\system\Filters\Filters.php(181): CodeIgniter\Filters\CSRF->before(Object(CodeIgniter\HTTP\IncomingRequest), NULL)
#3 C:\xampp\htdocs\github\toko\vendor\codeigniter4\framework\system\CodeIgniter.php(407): CodeIgniter\Filters\Filters->run('tambah-produk-b...', 'before')
#4 C:\xampp\htdocs\github\toko\vendor\codeigniter4\framework\system\CodeIgniter.php(337): CodeIgniter\CodeIgniter->handleRequest(NULL, Object(Config\Cache), false)
#5 C:\xampp\htdocs\github\toko\public\index.php(44): CodeIgniter\CodeIgniter->run()
#6 C:\xampp\htdocs\github\toko\vendor\codeigniter4\framework\system\Commands\Server\rewrite.php(45): require_once('C:\\xampp\\htdocs...')
#7 {main}
CRITICAL - 2022-04-23 13:38:10 --> The action you requested is not allowed.
#0 C:\xampp\htdocs\github\toko\vendor\codeigniter4\framework\system\Security\Security.php(231): CodeIgniter\Security\Exceptions\SecurityException::forDisallowedAction()
#1 C:\xampp\htdocs\github\toko\vendor\codeigniter4\framework\system\Filters\CSRF.php(57): CodeIgniter\Security\Security->verify(Object(CodeIgniter\HTTP\IncomingRequest))
#2 C:\xampp\htdocs\github\toko\vendor\codeigniter4\framework\system\Filters\Filters.php(181): CodeIgniter\Filters\CSRF->before(Object(CodeIgniter\HTTP\IncomingRequest), NULL)
#3 C:\xampp\htdocs\github\toko\vendor\codeigniter4\framework\system\CodeIgniter.php(407): CodeIgniter\Filters\Filters->run('tambah-produk-b...', 'before')
#4 C:\xampp\htdocs\github\toko\vendor\codeigniter4\framework\system\CodeIgniter.php(337): CodeIgniter\CodeIgniter->handleRequest(NULL, Object(Config\Cache), false)
#5 C:\xampp\htdocs\github\toko\public\index.php(44): CodeIgniter\CodeIgniter->run()
#6 C:\xampp\htdocs\github\toko\vendor\codeigniter4\framework\system\Commands\Server\rewrite.php(45): require_once('C:\\xampp\\htdocs...')
#7 {main}
CRITICAL - 2022-04-23 13:38:10 --> The action you requested is not allowed.
#0 C:\xampp\htdocs\github\toko\vendor\codeigniter4\framework\system\Security\Security.php(231): CodeIgniter\Security\Exceptions\SecurityException::forDisallowedAction()
#1 C:\xampp\htdocs\github\toko\vendor\codeigniter4\framework\system\Filters\CSRF.php(57): CodeIgniter\Security\Security->verify(Object(CodeIgniter\HTTP\IncomingRequest))
#2 C:\xampp\htdocs\github\toko\vendor\codeigniter4\framework\system\Filters\Filters.php(181): CodeIgniter\Filters\CSRF->before(Object(CodeIgniter\HTTP\IncomingRequest), NULL)
#3 C:\xampp\htdocs\github\toko\vendor\codeigniter4\framework\system\CodeIgniter.php(407): CodeIgniter\Filters\Filters->run('tambah-produk-b...', 'before')
#4 C:\xampp\htdocs\github\toko\vendor\codeigniter4\framework\system\CodeIgniter.php(337): CodeIgniter\CodeIgniter->handleRequest(NULL, Object(Config\Cache), false)
#5 C:\xampp\htdocs\github\toko\public\index.php(44): CodeIgniter\CodeIgniter->run()
#6 C:\xampp\htdocs\github\toko\vendor\codeigniter4\framework\system\Commands\Server\rewrite.php(45): require_once('C:\\xampp\\htdocs...')
#7 {main}
CRITICAL - 2022-04-23 13:38:10 --> The action you requested is not allowed.
#0 C:\xampp\htdocs\github\toko\vendor\codeigniter4\framework\system\Security\Security.php(231): CodeIgniter\Security\Exceptions\SecurityException::forDisallowedAction()
#1 C:\xampp\htdocs\github\toko\vendor\codeigniter4\framework\system\Filters\CSRF.php(57): CodeIgniter\Security\Security->verify(Object(CodeIgniter\HTTP\IncomingRequest))
#2 C:\xampp\htdocs\github\toko\vendor\codeigniter4\framework\system\Filters\Filters.php(181): CodeIgniter\Filters\CSRF->before(Object(CodeIgniter\HTTP\IncomingRequest), NULL)
#3 C:\xampp\htdocs\github\toko\vendor\codeigniter4\framework\system\CodeIgniter.php(407): CodeIgniter\Filters\Filters->run('tambah-produk-b...', 'before')
#4 C:\xampp\htdocs\github\toko\vendor\codeigniter4\framework\system\CodeIgniter.php(337): CodeIgniter\CodeIgniter->handleRequest(NULL, Object(Config\Cache), false)
#5 C:\xampp\htdocs\github\toko\public\index.php(44): CodeIgniter\CodeIgniter->run()
#6 C:\xampp\htdocs\github\toko\vendor\codeigniter4\framework\system\Commands\Server\rewrite.php(45): require_once('C:\\xampp\\htdocs...')
#7 {main}
CRITICAL - 2022-04-23 13:38:10 --> The action you requested is not allowed.
#0 C:\xampp\htdocs\github\toko\vendor\codeigniter4\framework\system\Security\Security.php(231): CodeIgniter\Security\Exceptions\SecurityException::forDisallowedAction()
#1 C:\xampp\htdocs\github\toko\vendor\codeigniter4\framework\system\Filters\CSRF.php(57): CodeIgniter\Security\Security->verify(Object(CodeIgniter\HTTP\IncomingRequest))
#2 C:\xampp\htdocs\github\toko\vendor\codeigniter4\framework\system\Filters\Filters.php(181): CodeIgniter\Filters\CSRF->before(Object(CodeIgniter\HTTP\IncomingRequest), NULL)
#3 C:\xampp\htdocs\github\toko\vendor\codeigniter4\framework\system\CodeIgniter.php(407): CodeIgniter\Filters\Filters->run('tambah-produk-b...', 'before')
#4 C:\xampp\htdocs\github\toko\vendor\codeigniter4\framework\system\CodeIgniter.php(337): CodeIgniter\CodeIgniter->handleRequest(NULL, Object(Config\Cache), false)
#5 C:\xampp\htdocs\github\toko\public\index.php(44): CodeIgniter\CodeIgniter->run()
#6 C:\xampp\htdocs\github\toko\vendor\codeigniter4\framework\system\Commands\Server\rewrite.php(45): require_once('C:\\xampp\\htdocs...')
#7 {main}
CRITICAL - 2022-04-23 13:38:10 --> The action you requested is not allowed.
#0 C:\xampp\htdocs\github\toko\vendor\codeigniter4\framework\system\Security\Security.php(231): CodeIgniter\Security\Exceptions\SecurityException::forDisallowedAction()
#1 C:\xampp\htdocs\github\toko\vendor\codeigniter4\framework\system\Filters\CSRF.php(57): CodeIgniter\Security\Security->verify(Object(CodeIgniter\HTTP\IncomingRequest))
#2 C:\xampp\htdocs\github\toko\vendor\codeigniter4\framework\system\Filters\Filters.php(181): CodeIgniter\Filters\CSRF->before(Object(CodeIgniter\HTTP\IncomingRequest), NULL)
#3 C:\xampp\htdocs\github\toko\vendor\codeigniter4\framework\system\CodeIgniter.php(407): CodeIgniter\Filters\Filters->run('tambah-produk-b...', 'before')
#4 C:\xampp\htdocs\github\toko\vendor\codeigniter4\framework\system\CodeIgniter.php(337): CodeIgniter\CodeIgniter->handleRequest(NULL, Object(Config\Cache), false)
#5 C:\xampp\htdocs\github\toko\public\index.php(44): CodeIgniter\CodeIgniter->run()
#6 C:\xampp\htdocs\github\toko\vendor\codeigniter4\framework\system\Commands\Server\rewrite.php(45): require_once('C:\\xampp\\htdocs...')
#7 {main}
CRITICAL - 2022-04-23 13:38:11 --> The action you requested is not allowed.
#0 C:\xampp\htdocs\github\toko\vendor\codeigniter4\framework\system\Security\Security.php(231): CodeIgniter\Security\Exceptions\SecurityException::forDisallowedAction()
#1 C:\xampp\htdocs\github\toko\vendor\codeigniter4\framework\system\Filters\CSRF.php(57): CodeIgniter\Security\Security->verify(Object(CodeIgniter\HTTP\IncomingRequest))
#2 C:\xampp\htdocs\github\toko\vendor\codeigniter4\framework\system\Filters\Filters.php(181): CodeIgniter\Filters\CSRF->before(Object(CodeIgniter\HTTP\IncomingRequest), NULL)
#3 C:\xampp\htdocs\github\toko\vendor\codeigniter4\framework\system\CodeIgniter.php(407): CodeIgniter\Filters\Filters->run('tambah-produk-b...', 'before')
#4 C:\xampp\htdocs\github\toko\vendor\codeigniter4\framework\system\CodeIgniter.php(337): CodeIgniter\CodeIgniter->handleRequest(NULL, Object(Config\Cache), false)
#5 C:\xampp\htdocs\github\toko\public\index.php(44): CodeIgniter\CodeIgniter->run()
#6 C:\xampp\htdocs\github\toko\vendor\codeigniter4\framework\system\Commands\Server\rewrite.php(45): require_once('C:\\xampp\\htdocs...')
#7 {main}
CRITICAL - 2022-04-23 13:38:11 --> The action you requested is not allowed.
#0 C:\xampp\htdocs\github\toko\vendor\codeigniter4\framework\system\Security\Security.php(231): CodeIgniter\Security\Exceptions\SecurityException::forDisallowedAction()
#1 C:\xampp\htdocs\github\toko\vendor\codeigniter4\framework\system\Filters\CSRF.php(57): CodeIgniter\Security\Security->verify(Object(CodeIgniter\HTTP\IncomingRequest))
#2 C:\xampp\htdocs\github\toko\vendor\codeigniter4\framework\system\Filters\Filters.php(181): CodeIgniter\Filters\CSRF->before(Object(CodeIgniter\HTTP\IncomingRequest), NULL)
#3 C:\xampp\htdocs\github\toko\vendor\codeigniter4\framework\system\CodeIgniter.php(407): CodeIgniter\Filters\Filters->run('tambah-produk-b...', 'before')
#4 C:\xampp\htdocs\github\toko\vendor\codeigniter4\framework\system\CodeIgniter.php(337): CodeIgniter\CodeIgniter->handleRequest(NULL, Object(Config\Cache), false)
#5 C:\xampp\htdocs\github\toko\public\index.php(44): CodeIgniter\CodeIgniter->run()
#6 C:\xampp\htdocs\github\toko\vendor\codeigniter4\framework\system\Commands\Server\rewrite.php(45): require_once('C:\\xampp\\htdocs...')
#7 {main}
CRITICAL - 2022-04-23 13:38:11 --> The action you requested is not allowed.
#0 C:\xampp\htdocs\github\toko\vendor\codeigniter4\framework\system\Security\Security.php(231): CodeIgniter\Security\Exceptions\SecurityException::forDisallowedAction()
#1 C:\xampp\htdocs\github\toko\vendor\codeigniter4\framework\system\Filters\CSRF.php(57): CodeIgniter\Security\Security->verify(Object(CodeIgniter\HTTP\IncomingRequest))
#2 C:\xampp\htdocs\github\toko\vendor\codeigniter4\framework\system\Filters\Filters.php(181): CodeIgniter\Filters\CSRF->before(Object(CodeIgniter\HTTP\IncomingRequest), NULL)
#3 C:\xampp\htdocs\github\toko\vendor\codeigniter4\framework\system\CodeIgniter.php(407): CodeIgniter\Filters\Filters->run('tambah-produk-b...', 'before')
#4 C:\xampp\htdocs\github\toko\vendor\codeigniter4\framework\system\CodeIgniter.php(337): CodeIgniter\CodeIgniter->handleRequest(NULL, Object(Config\Cache), false)
#5 C:\xampp\htdocs\github\toko\public\index.php(44): CodeIgniter\CodeIgniter->run()
#6 C:\xampp\htdocs\github\toko\vendor\codeigniter4\framework\system\Commands\Server\rewrite.php(45): require_once('C:\\xampp\\htdocs...')
#7 {main}
CRITICAL - 2022-04-23 13:38:28 --> The action you requested is not allowed.
#0 C:\xampp\htdocs\github\toko\vendor\codeigniter4\framework\system\Security\Security.php(231): CodeIgniter\Security\Exceptions\SecurityException::forDisallowedAction()
#1 C:\xampp\htdocs\github\toko\vendor\codeigniter4\framework\system\Filters\CSRF.php(57): CodeIgniter\Security\Security->verify(Object(CodeIgniter\HTTP\IncomingRequest))
#2 C:\xampp\htdocs\github\toko\vendor\codeigniter4\framework\system\Filters\Filters.php(181): CodeIgniter\Filters\CSRF->before(Object(CodeIgniter\HTTP\IncomingRequest), NULL)
#3 C:\xampp\htdocs\github\toko\vendor\codeigniter4\framework\system\CodeIgniter.php(407): CodeIgniter\Filters\Filters->run('tambah-produk-b...', 'before')
#4 C:\xampp\htdocs\github\toko\vendor\codeigniter4\framework\system\CodeIgniter.php(337): CodeIgniter\CodeIgniter->handleRequest(NULL, Object(Config\Cache), false)
#5 C:\xampp\htdocs\github\toko\public\index.php(44): CodeIgniter\CodeIgniter->run()
#6 C:\xampp\htdocs\github\toko\vendor\codeigniter4\framework\system\Commands\Server\rewrite.php(45): require_once('C:\\xampp\\htdocs...')
#7 {main}
CRITICAL - 2022-04-23 14:53:44 --> strpos(): Empty needle
#0 [internal function]: CodeIgniter\Debug\Exceptions->errorHandler(2, 'strpos(): Empty...', 'C:\\xampp\\htdocs...', 1227, Array)
#1 C:\xampp\htdocs\github\toko\vendor\codeigniter4\framework\system\Router\RouteCollection.php(1227): strpos('Modules\\Layout\\...', '')
#2 C:\xampp\htdocs\github\toko\vendor\codeigniter4\framework\system\Common.php(979): CodeIgniter\Router\RouteCollection->reverseRoute('')
#3 C:\xampp\htdocs\github\toko\modules\Produk\Views\tambahproduk.php(103): route_to('')
#4 C:\xampp\htdocs\github\toko\vendor\codeigniter4\framework\system\View\View.php(220): include('C:\\xampp\\htdocs...')
#5 C:\xampp\htdocs\github\toko\vendor\codeigniter4\framework\system\View\View.php(222): CodeIgniter\View\View->CodeIgniter\View\{closure}()
#6 C:\xampp\htdocs\github\toko\vendor\codeigniter4\framework\system\Common.php(1217): CodeIgniter\View\View->render('Modules\\Produk\\...', Array, true)
#7 C:\xampp\htdocs\github\toko\modules\Produk\Controllers\DataTambahProduk.php(31): view('Modules\\Produk\\...', Array)
#8 C:\xampp\htdocs\github\toko\vendor\codeigniter4\framework\system\CodeIgniter.php(940): Modules\Produk\Controllers\DataTambahProduk->index()
#9 C:\xampp\htdocs\github\toko\vendor\codeigniter4\framework\system\CodeIgniter.php(436): CodeIgniter\CodeIgniter->runController(Object(Modules\Produk\Controllers\DataTambahProduk))
#10 C:\xampp\htdocs\github\toko\vendor\codeigniter4\framework\system\CodeIgniter.php(337): CodeIgniter\CodeIgniter->handleRequest(NULL, Object(Config\Cache), false)
#11 C:\xampp\htdocs\github\toko\public\index.php(44): CodeIgniter\CodeIgniter->run()
#12 C:\xampp\htdocs\github\toko\vendor\codeigniter4\framework\system\Commands\Server\rewrite.php(45): require_once('C:\\xampp\\htdocs...')
#13 {main}
CRITICAL - 2022-04-23 14:53:51 --> strpos(): Empty needle
#0 [internal function]: CodeIgniter\Debug\Exceptions->errorHandler(2, 'strpos(): Empty...', 'C:\\xampp\\htdocs...', 1227, Array)
#1 C:\xampp\htdocs\github\toko\vendor\codeigniter4\framework\system\Router\RouteCollection.php(1227): strpos('Modules\\Layout\\...', '')
#2 C:\xampp\htdocs\github\toko\vendor\codeigniter4\framework\system\Common.php(979): CodeIgniter\Router\RouteCollection->reverseRoute('')
#3 C:\xampp\htdocs\github\toko\modules\Produk\Views\tambahproduk.php(103): route_to('')
#4 C:\xampp\htdocs\github\toko\vendor\codeigniter4\framework\system\View\View.php(220): include('C:\\xampp\\htdocs...')
#5 C:\xampp\htdocs\github\toko\vendor\codeigniter4\framework\system\View\View.php(222): CodeIgniter\View\View->CodeIgniter\View\{closure}()
#6 C:\xampp\htdocs\github\toko\vendor\codeigniter4\framework\system\Common.php(1217): CodeIgniter\View\View->render('Modules\\Produk\\...', Array, true)
#7 C:\xampp\htdocs\github\toko\modules\Produk\Controllers\DataTambahProduk.php(31): view('Modules\\Produk\\...', Array)
#8 C:\xampp\htdocs\github\toko\vendor\codeigniter4\framework\system\CodeIgniter.php(940): Modules\Produk\Controllers\DataTambahProduk->index()
#9 C:\xampp\htdocs\github\toko\vendor\codeigniter4\framework\system\CodeIgniter.php(436): CodeIgniter\CodeIgniter->runController(Object(Modules\Produk\Controllers\DataTambahProduk))
#10 C:\xampp\htdocs\github\toko\vendor\codeigniter4\framework\system\CodeIgniter.php(337): CodeIgniter\CodeIgniter->handleRequest(NULL, Object(Config\Cache), false)
#11 C:\xampp\htdocs\github\toko\public\index.php(44): CodeIgniter\CodeIgniter->run()
#12 C:\xampp\htdocs\github\toko\vendor\codeigniter4\framework\system\Commands\Server\rewrite.php(45): require_once('C:\\xampp\\htdocs...')
#13 {main}
CRITICAL - 2022-04-23 14:54:11 --> strpos(): Empty needle
#0 [internal function]: CodeIgniter\Debug\Exceptions->errorHandler(2, 'strpos(): Empty...', 'C:\\xampp\\htdocs...', 1227, Array)
#1 C:\xampp\htdocs\github\toko\vendor\codeigniter4\framework\system\Router\RouteCollection.php(1227): strpos('Modules\\Layout\\...', '')
#2 C:\xampp\htdocs\github\toko\vendor\codeigniter4\framework\system\Common.php(979): CodeIgniter\Router\RouteCollection->reverseRoute('')
#3 C:\xampp\htdocs\github\toko\modules\Produk\Views\tambahproduk.php(103): route_to('')
#4 C:\xampp\htdocs\github\toko\vendor\codeigniter4\framework\system\View\View.php(220): include('C:\\xampp\\htdocs...')
#5 C:\xampp\htdocs\github\toko\vendor\codeigniter4\framework\system\View\View.php(222): CodeIgniter\View\View->CodeIgniter\View\{closure}()
#6 C:\xampp\htdocs\github\toko\vendor\codeigniter4\framework\system\Common.php(1217): CodeIgniter\View\View->render('Modules\\Produk\\...', Array, true)
#7 C:\xampp\htdocs\github\toko\modules\Produk\Controllers\DataTambahProduk.php(31): view('Modules\\Produk\\...', Array)
#8 C:\xampp\htdocs\github\toko\vendor\codeigniter4\framework\system\CodeIgniter.php(940): Modules\Produk\Controllers\DataTambahProduk->index()
#9 C:\xampp\htdocs\github\toko\vendor\codeigniter4\framework\system\CodeIgniter.php(436): CodeIgniter\CodeIgniter->runController(Object(Modules\Produk\Controllers\DataTambahProduk))
#10 C:\xampp\htdocs\github\toko\vendor\codeigniter4\framework\system\CodeIgniter.php(337): CodeIgniter\CodeIgniter->handleRequest(NULL, Object(Config\Cache), false)
#11 C:\xampp\htdocs\github\toko\public\index.php(44): CodeIgniter\CodeIgniter->run()
#12 C:\xampp\htdocs\github\toko\vendor\codeigniter4\framework\system\Commands\Server\rewrite.php(45): require_once('C:\\xampp\\htdocs...')
#13 {main}
CRITICAL - 2022-04-23 14:54:13 --> strpos(): Empty needle
#0 [internal function]: CodeIgniter\Debug\Exceptions->errorHandler(2, 'strpos(): Empty...', 'C:\\xampp\\htdocs...', 1227, Array)
#1 C:\xampp\htdocs\github\toko\vendor\codeigniter4\framework\system\Router\RouteCollection.php(1227): strpos('Modules\\Layout\\...', '')
#2 C:\xampp\htdocs\github\toko\vendor\codeigniter4\framework\system\Common.php(979): CodeIgniter\Router\RouteCollection->reverseRoute('')
#3 C:\xampp\htdocs\github\toko\modules\Produk\Views\tambahproduk.php(103): route_to('')
#4 C:\xampp\htdocs\github\toko\vendor\codeigniter4\framework\system\View\View.php(220): include('C:\\xampp\\htdocs...')
#5 C:\xampp\htdocs\github\toko\vendor\codeigniter4\framework\system\View\View.php(222): CodeIgniter\View\View->CodeIgniter\View\{closure}()
#6 C:\xampp\htdocs\github\toko\vendor\codeigniter4\framework\system\Common.php(1217): CodeIgniter\View\View->render('Modules\\Produk\\...', Array, true)
#7 C:\xampp\htdocs\github\toko\modules\Produk\Controllers\DataTambahProduk.php(31): view('Modules\\Produk\\...', Array)
#8 C:\xampp\htdocs\github\toko\vendor\codeigniter4\framework\system\CodeIgniter.php(940): Modules\Produk\Controllers\DataTambahProduk->index()
#9 C:\xampp\htdocs\github\toko\vendor\codeigniter4\framework\system\CodeIgniter.php(436): CodeIgniter\CodeIgniter->runController(Object(Modules\Produk\Controllers\DataTambahProduk))
#10 C:\xampp\htdocs\github\toko\vendor\codeigniter4\framework\system\CodeIgniter.php(337): CodeIgniter\CodeIgniter->handleRequest(NULL, Object(Config\Cache), false)
#11 C:\xampp\htdocs\github\toko\public\index.php(44): CodeIgniter\CodeIgniter->run()
#12 C:\xampp\htdocs\github\toko\vendor\codeigniter4\framework\system\Commands\Server\rewrite.php(45): require_once('C:\\xampp\\htdocs...')
#13 {main}
CRITICAL - 2022-04-23 14:54:16 --> strpos(): Empty needle
#0 [internal function]: CodeIgniter\Debug\Exceptions->errorHandler(2, 'strpos(): Empty...', 'C:\\xampp\\htdocs...', 1227, Array)
#1 C:\xampp\htdocs\github\toko\vendor\codeigniter4\framework\system\Router\RouteCollection.php(1227): strpos('Modules\\Layout\\...', '')
#2 C:\xampp\htdocs\github\toko\vendor\codeigniter4\framework\system\Common.php(979): CodeIgniter\Router\RouteCollection->reverseRoute('')
#3 C:\xampp\htdocs\github\toko\modules\Produk\Views\tambahproduk.php(103): route_to('')
#4 C:\xampp\htdocs\github\toko\vendor\codeigniter4\framework\system\View\View.php(220): include('C:\\xampp\\htdocs...')
#5 C:\xampp\htdocs\github\toko\vendor\codeigniter4\framework\system\View\View.php(222): CodeIgniter\View\View->CodeIgniter\View\{closure}()
#6 C:\xampp\htdocs\github\toko\vendor\codeigniter4\framework\system\Common.php(1217): CodeIgniter\View\View->render('Modules\\Produk\\...', Array, true)
#7 C:\xampp\htdocs\github\toko\modules\Produk\Controllers\DataTambahProduk.php(31): view('Modules\\Produk\\...', Array)
#8 C:\xampp\htdocs\github\toko\vendor\codeigniter4\framework\system\CodeIgniter.php(940): Modules\Produk\Controllers\DataTambahProduk->index()
#9 C:\xampp\htdocs\github\toko\vendor\codeigniter4\framework\system\CodeIgniter.php(436): CodeIgniter\CodeIgniter->runController(Object(Modules\Produk\Controllers\DataTambahProduk))
#10 C:\xampp\htdocs\github\toko\vendor\codeigniter4\framework\system\CodeIgniter.php(337): CodeIgniter\CodeIgniter->handleRequest(NULL, Object(Config\Cache), false)
#11 C:\xampp\htdocs\github\toko\public\index.php(44): CodeIgniter\CodeIgniter->run()
#12 C:\xampp\htdocs\github\toko\vendor\codeigniter4\framework\system\Commands\Server\rewrite.php(45): require_once('C:\\xampp\\htdocs...')
#13 {main}
CRITICAL - 2022-04-23 14:54:28 --> strpos(): Empty needle
#0 [internal function]: CodeIgniter\Debug\Exceptions->errorHandler(2, 'strpos(): Empty...', 'C:\\xampp\\htdocs...', 1227, Array)
#1 C:\xampp\htdocs\github\toko\vendor\codeigniter4\framework\system\Router\RouteCollection.php(1227): strpos('Modules\\Layout\\...', '')
#2 C:\xampp\htdocs\github\toko\vendor\codeigniter4\framework\system\Common.php(979): CodeIgniter\Router\RouteCollection->reverseRoute('')
#3 C:\xampp\htdocs\github\toko\modules\Produk\Views\tambahproduk.php(102): route_to('')
#4 C:\xampp\htdocs\github\toko\vendor\codeigniter4\framework\system\View\View.php(220): include('C:\\xampp\\htdocs...')
#5 C:\xampp\htdocs\github\toko\vendor\codeigniter4\framework\system\View\View.php(222): CodeIgniter\View\View->CodeIgniter\View\{closure}()
#6 C:\xampp\htdocs\github\toko\vendor\codeigniter4\framework\system\Common.php(1217): CodeIgniter\View\View->render('Modules\\Produk\\...', Array, true)
#7 C:\xampp\htdocs\github\toko\modules\Produk\Controllers\DataTambahProduk.php(31): view('Modules\\Produk\\...', Array)
#8 C:\xampp\htdocs\github\toko\vendor\codeigniter4\framework\system\CodeIgniter.php(940): Modules\Produk\Controllers\DataTambahProduk->index()
#9 C:\xampp\htdocs\github\toko\vendor\codeigniter4\framework\system\CodeIgniter.php(436): CodeIgniter\CodeIgniter->runController(Object(Modules\Produk\Controllers\DataTambahProduk))
#10 C:\xampp\htdocs\github\toko\vendor\codeigniter4\framework\system\CodeIgniter.php(337): CodeIgniter\CodeIgniter->handleRequest(NULL, Object(Config\Cache), false)
#11 C:\xampp\htdocs\github\toko\public\index.php(44): CodeIgniter\CodeIgniter->run()
#12 C:\xampp\htdocs\github\toko\vendor\codeigniter4\framework\system\Commands\Server\rewrite.php(45): require_once('C:\\xampp\\htdocs...')
#13 {main}
CRITICAL - 2022-04-23 14:54:52 --> strpos(): Empty needle
#0 [internal function]: CodeIgniter\Debug\Exceptions->errorHandler(2, 'strpos(): Empty...', 'C:\\xampp\\htdocs...', 1227, Array)
#1 C:\xampp\htdocs\github\toko\vendor\codeigniter4\framework\system\Router\RouteCollection.php(1227): strpos('Modules\\Layout\\...', '')
#2 C:\xampp\htdocs\github\toko\vendor\codeigniter4\framework\system\Common.php(979): CodeIgniter\Router\RouteCollection->reverseRoute('')
#3 C:\xampp\htdocs\github\toko\modules\Produk\Views\tambahproduk.php(103): route_to('')
#4 C:\xampp\htdocs\github\toko\vendor\codeigniter4\framework\system\View\View.php(220): include('C:\\xampp\\htdocs...')
#5 C:\xampp\htdocs\github\toko\vendor\codeigniter4\framework\system\View\View.php(222): CodeIgniter\View\View->CodeIgniter\View\{closure}()
#6 C:\xampp\htdocs\github\toko\vendor\codeigniter4\framework\system\Common.php(1217): CodeIgniter\View\View->render('Modules\\Produk\\...', Array, true)
#7 C:\xampp\htdocs\github\toko\modules\Produk\Controllers\DataTambahProduk.php(31): view('Modules\\Produk\\...', Array)
#8 C:\xampp\htdocs\github\toko\vendor\codeigniter4\framework\system\CodeIgniter.php(940): Modules\Produk\Controllers\DataTambahProduk->index()
#9 C:\xampp\htdocs\github\toko\vendor\codeigniter4\framework\system\CodeIgniter.php(436): CodeIgniter\CodeIgniter->runController(Object(Modules\Produk\Controllers\DataTambahProduk))
#10 C:\xampp\htdocs\github\toko\vendor\codeigniter4\framework\system\CodeIgniter.php(337): CodeIgniter\CodeIgniter->handleRequest(NULL, Object(Config\Cache), false)
#11 C:\xampp\htdocs\github\toko\public\index.php(44): CodeIgniter\CodeIgniter->run()
#12 C:\xampp\htdocs\github\toko\vendor\codeigniter4\framework\system\Commands\Server\rewrite.php(45): require_once('C:\\xampp\\htdocs...')
#13 {main}
CRITICAL - 2022-04-23 14:55:00 --> strpos(): Empty needle
#0 [internal function]: CodeIgniter\Debug\Exceptions->errorHandler(2, 'strpos(): Empty...', 'C:\\xampp\\htdocs...', 1227, Array)
#1 C:\xampp\htdocs\github\toko\vendor\codeigniter4\framework\system\Router\RouteCollection.php(1227): strpos('Modules\\Layout\\...', '')
#2 C:\xampp\htdocs\github\toko\vendor\codeigniter4\framework\system\Common.php(979): CodeIgniter\Router\RouteCollection->reverseRoute('')
#3 C:\xampp\htdocs\github\toko\modules\Produk\Views\tambahproduk.php(103): route_to('')
#4 C:\xampp\htdocs\github\toko\vendor\codeigniter4\framework\system\View\View.php(220): include('C:\\xampp\\htdocs...')
#5 C:\xampp\htdocs\github\toko\vendor\codeigniter4\framework\system\View\View.php(222): CodeIgniter\View\View->CodeIgniter\View\{closure}()
#6 C:\xampp\htdocs\github\toko\vendor\codeigniter4\framework\system\Common.php(1217): CodeIgniter\View\View->render('Modules\\Produk\\...', Array, true)
#7 C:\xampp\htdocs\github\toko\modules\Produk\Controllers\DataTambahProduk.php(31): view('Modules\\Produk\\...', Array)
#8 C:\xampp\htdocs\github\toko\vendor\codeigniter4\framework\system\CodeIgniter.php(940): Modules\Produk\Controllers\DataTambahProduk->index()
#9 C:\xampp\htdocs\github\toko\vendor\codeigniter4\framework\system\CodeIgniter.php(436): CodeIgniter\CodeIgniter->runController(Object(Modules\Produk\Controllers\DataTambahProduk))
#10 C:\xampp\htdocs\github\toko\vendor\codeigniter4\framework\system\CodeIgniter.php(337): CodeIgniter\CodeIgniter->handleRequest(NULL, Object(Config\Cache), false)
#11 C:\xampp\htdocs\github\toko\public\index.php(44): CodeIgniter\CodeIgniter->run()
#12 C:\xampp\htdocs\github\toko\vendor\codeigniter4\framework\system\Commands\Server\rewrite.php(45): require_once('C:\\xampp\\htdocs...')
#13 {main}
CRITICAL - 2022-04-23 14:55:02 --> strpos(): Empty needle
#0 [internal function]: CodeIgniter\Debug\Exceptions->errorHandler(2, 'strpos(): Empty...', 'C:\\xampp\\htdocs...', 1227, Array)
#1 C:\xampp\htdocs\github\toko\vendor\codeigniter4\framework\system\Router\RouteCollection.php(1227): strpos('Modules\\Layout\\...', '')
#2 C:\xampp\htdocs\github\toko\vendor\codeigniter4\framework\system\Common.php(979): CodeIgniter\Router\RouteCollection->reverseRoute('')
#3 C:\xampp\htdocs\github\toko\modules\Produk\Views\tambahproduk.php(103): route_to('')
#4 C:\xampp\htdocs\github\toko\vendor\codeigniter4\framework\system\View\View.php(220): include('C:\\xampp\\htdocs...')
#5 C:\xampp\htdocs\github\toko\vendor\codeigniter4\framework\system\View\View.php(222): CodeIgniter\View\View->CodeIgniter\View\{closure}()
#6 C:\xampp\htdocs\github\toko\vendor\codeigniter4\framework\system\Common.php(1217): CodeIgniter\View\View->render('Modules\\Produk\\...', Array, true)
#7 C:\xampp\htdocs\github\toko\modules\Produk\Controllers\DataTambahProduk.php(31): view('Modules\\Produk\\...', Array)
#8 C:\xampp\htdocs\github\toko\vendor\codeigniter4\framework\system\CodeIgniter.php(940): Modules\Produk\Controllers\DataTambahProduk->index()
#9 C:\xampp\htdocs\github\toko\vendor\codeigniter4\framework\system\CodeIgniter.php(436): CodeIgniter\CodeIgniter->runController(Object(Modules\Produk\Controllers\DataTambahProduk))
#10 C:\xampp\htdocs\github\toko\vendor\codeigniter4\framework\system\CodeIgniter.php(337): CodeIgniter\CodeIgniter->handleRequest(NULL, Object(Config\Cache), false)
#11 C:\xampp\htdocs\github\toko\public\index.php(44): CodeIgniter\CodeIgniter->run()
#12 C:\xampp\htdocs\github\toko\vendor\codeigniter4\framework\system\Commands\Server\rewrite.php(45): require_once('C:\\xampp\\htdocs...')
#13 {main}
CRITICAL - 2022-04-23 14:55:08 --> strpos(): Empty needle
#0 [internal function]: CodeIgniter\Debug\Exceptions->errorHandler(2, 'strpos(): Empty...', 'C:\\xampp\\htdocs...', 1227, Array)
#1 C:\xampp\htdocs\github\toko\vendor\codeigniter4\framework\system\Router\RouteCollection.php(1227): strpos('Modules\\Layout\\...', '')
#2 C:\xampp\htdocs\github\toko\vendor\codeigniter4\framework\system\Common.php(979): CodeIgniter\Router\RouteCollection->reverseRoute('')
#3 C:\xampp\htdocs\github\toko\modules\Produk\Views\tambahproduk.php(103): route_to('')
#4 C:\xampp\htdocs\github\toko\vendor\codeigniter4\framework\system\View\View.php(220): include('C:\\xampp\\htdocs...')
#5 C:\xampp\htdocs\github\toko\vendor\codeigniter4\framework\system\View\View.php(222): CodeIgniter\View\View->CodeIgniter\View\{closure}()
#6 C:\xampp\htdocs\github\toko\vendor\codeigniter4\framework\system\Common.php(1217): CodeIgniter\View\View->render('Modules\\Produk\\...', Array, true)
#7 C:\xampp\htdocs\github\toko\modules\Produk\Controllers\DataTambahProduk.php(31): view('Modules\\Produk\\...', Array)
#8 C:\xampp\htdocs\github\toko\vendor\codeigniter4\framework\system\CodeIgniter.php(940): Modules\Produk\Controllers\DataTambahProduk->index()
#9 C:\xampp\htdocs\github\toko\vendor\codeigniter4\framework\system\CodeIgniter.php(436): CodeIgniter\CodeIgniter->runController(Object(Modules\Produk\Controllers\DataTambahProduk))
#10 C:\xampp\htdocs\github\toko\vendor\codeigniter4\framework\system\CodeIgniter.php(337): CodeIgniter\CodeIgniter->handleRequest(NULL, Object(Config\Cache), false)
#11 C:\xampp\htdocs\github\toko\public\index.php(44): CodeIgniter\CodeIgniter->run()
#12 C:\xampp\htdocs\github\toko\vendor\codeigniter4\framework\system\Commands\Server\rewrite.php(45): require_once('C:\\xampp\\htdocs...')
#13 {main}
CRITICAL - 2022-04-23 14:55:11 --> strpos(): Empty needle
#0 [internal function]: CodeIgniter\Debug\Exceptions->errorHandler(2, 'strpos(): Empty...', 'C:\\xampp\\htdocs...', 1227, Array)
#1 C:\xampp\htdocs\github\toko\vendor\codeigniter4\framework\system\Router\RouteCollection.php(1227): strpos('Modules\\Layout\\...', '')
#2 C:\xampp\htdocs\github\toko\vendor\codeigniter4\framework\system\Common.php(979): CodeIgniter\Router\RouteCollection->reverseRoute('')
#3 C:\xampp\htdocs\github\toko\modules\Produk\Views\tambahproduk.php(103): route_to('')
#4 C:\xampp\htdocs\github\toko\vendor\codeigniter4\framework\system\View\View.php(220): include('C:\\xampp\\htdocs...')
#5 C:\xampp\htdocs\github\toko\vendor\codeigniter4\framework\system\View\View.php(222): CodeIgniter\View\View->CodeIgniter\View\{closure}()
#6 C:\xampp\htdocs\github\toko\vendor\codeigniter4\framework\system\Common.php(1217): CodeIgniter\View\View->render('Modules\\Produk\\...', Array, true)
#7 C:\xampp\htdocs\github\toko\modules\Produk\Controllers\DataTambahProduk.php(31): view('Modules\\Produk\\...', Array)
#8 C:\xampp\htdocs\github\toko\vendor\codeigniter4\framework\system\CodeIgniter.php(940): Modules\Produk\Controllers\DataTambahProduk->index()
#9 C:\xampp\htdocs\github\toko\vendor\codeigniter4\framework\system\CodeIgniter.php(436): CodeIgniter\CodeIgniter->runController(Object(Modules\Produk\Controllers\DataTambahProduk))
#10 C:\xampp\htdocs\github\toko\vendor\codeigniter4\framework\system\CodeIgniter.php(337): CodeIgniter\CodeIgniter->handleRequest(NULL, Object(Config\Cache), false)
#11 C:\xampp\htdocs\github\toko\public\index.php(44): CodeIgniter\CodeIgniter->run()
#12 C:\xampp\htdocs\github\toko\vendor\codeigniter4\framework\system\Commands\Server\rewrite.php(45): require_once('C:\\xampp\\htdocs...')
#13 {main}
CRITICAL - 2022-04-23 14:55:26 --> strpos(): Empty needle
#0 [internal function]: CodeIgniter\Debug\Exceptions->errorHandler(2, 'strpos(): Empty...', 'C:\\xampp\\htdocs...', 1227, Array)
#1 C:\xampp\htdocs\github\toko\vendor\codeigniter4\framework\system\Router\RouteCollection.php(1227): strpos('Modules\\Layout\\...', '')
#2 C:\xampp\htdocs\github\toko\vendor\codeigniter4\framework\system\Common.php(979): CodeIgniter\Router\RouteCollection->reverseRoute('')
#3 C:\xampp\htdocs\github\toko\modules\Produk\Views\tambahproduk.php(103): route_to('')
#4 C:\xampp\htdocs\github\toko\vendor\codeigniter4\framework\system\View\View.php(220): include('C:\\xampp\\htdocs...')
#5 C:\xampp\htdocs\github\toko\vendor\codeigniter4\framework\system\View\View.php(222): CodeIgniter\View\View->CodeIgniter\View\{closure}()
#6 C:\xampp\htdocs\github\toko\vendor\codeigniter4\framework\system\Common.php(1217): CodeIgniter\View\View->render('Modules\\Produk\\...', Array, true)
#7 C:\xampp\htdocs\github\toko\modules\Produk\Controllers\DataTambahProduk.php(31): view('Modules\\Produk\\...', Array)
#8 C:\xampp\htdocs\github\toko\vendor\codeigniter4\framework\system\CodeIgniter.php(940): Modules\Produk\Controllers\DataTambahProduk->index()
#9 C:\xampp\htdocs\github\toko\vendor\codeigniter4\framework\system\CodeIgniter.php(436): CodeIgniter\CodeIgniter->runController(Object(Modules\Produk\Controllers\DataTambahProduk))
#10 C:\xampp\htdocs\github\toko\vendor\codeigniter4\framework\system\CodeIgniter.php(337): CodeIgniter\CodeIgniter->handleRequest(NULL, Object(Config\Cache), false)
#11 C:\xampp\htdocs\github\toko\public\index.php(44): CodeIgniter\CodeIgniter->run()
#12 C:\xampp\htdocs\github\toko\vendor\codeigniter4\framework\system\Commands\Server\rewrite.php(45): require_once('C:\\xampp\\htdocs...')
#13 {main}
CRITICAL - 2022-04-23 14:56:59 --> strpos(): Empty needle
#0 [internal function]: CodeIgniter\Debug\Exceptions->errorHandler(2, 'strpos(): Empty...', 'C:\\xampp\\htdocs...', 1227, Array)
#1 C:\xampp\htdocs\github\toko\vendor\codeigniter4\framework\system\Router\RouteCollection.php(1227): strpos('Modules\\Layout\\...', '')
#2 C:\xampp\htdocs\github\toko\vendor\codeigniter4\framework\system\Common.php(979): CodeIgniter\Router\RouteCollection->reverseRoute('')
#3 C:\xampp\htdocs\github\toko\modules\Produk\Views\tambahproduk.php(103): route_to('')
#4 C:\xampp\htdocs\github\toko\vendor\codeigniter4\framework\system\View\View.php(220): include('C:\\xampp\\htdocs...')
#5 C:\xampp\htdocs\github\toko\vendor\codeigniter4\framework\system\View\View.php(222): CodeIgniter\View\View->CodeIgniter\View\{closure}()
#6 C:\xampp\htdocs\github\toko\vendor\codeigniter4\framework\system\Common.php(1217): CodeIgniter\View\View->render('Modules\\Produk\\...', Array, true)
#7 C:\xampp\htdocs\github\toko\modules\Produk\Controllers\DataTambahProduk.php(31): view('Modules\\Produk\\...', Array)
#8 C:\xampp\htdocs\github\toko\vendor\codeigniter4\framework\system\CodeIgniter.php(940): Modules\Produk\Controllers\DataTambahProduk->index()
#9 C:\xampp\htdocs\github\toko\vendor\codeigniter4\framework\system\CodeIgniter.php(436): CodeIgniter\CodeIgniter->runController(Object(Modules\Produk\Controllers\DataTambahProduk))
#10 C:\xampp\htdocs\github\toko\vendor\codeigniter4\framework\system\CodeIgniter.php(337): CodeIgniter\CodeIgniter->handleRequest(NULL, Object(Config\Cache), false)
#11 C:\xampp\htdocs\github\toko\public\index.php(44): CodeIgniter\CodeIgniter->run()
#12 C:\xampp\htdocs\github\toko\vendor\codeigniter4\framework\system\Commands\Server\rewrite.php(45): require_once('C:\\xampp\\htdocs...')
#13 {main}
CRITICAL - 2022-04-23 14:57:18 --> strpos(): Empty needle
#0 [internal function]: CodeIgniter\Debug\Exceptions->errorHandler(2, 'strpos(): Empty...', 'C:\\xampp\\htdocs...', 1227, Array)
#1 C:\xampp\htdocs\github\toko\vendor\codeigniter4\framework\system\Router\RouteCollection.php(1227): strpos('Modules\\Layout\\...', '')
#2 C:\xampp\htdocs\github\toko\vendor\codeigniter4\framework\system\Common.php(979): CodeIgniter\Router\RouteCollection->reverseRoute('')
#3 C:\xampp\htdocs\github\toko\modules\Produk\Views\tambahproduk.php(103): route_to('')
#4 C:\xampp\htdocs\github\toko\vendor\codeigniter4\framework\system\View\View.php(220): include('C:\\xampp\\htdocs...')
#5 C:\xampp\htdocs\github\toko\vendor\codeigniter4\framework\system\View\View.php(222): CodeIgniter\View\View->CodeIgniter\View\{closure}()
#6 C:\xampp\htdocs\github\toko\vendor\codeigniter4\framework\system\Common.php(1217): CodeIgniter\View\View->render('Modules\\Produk\\...', Array, true)
#7 C:\xampp\htdocs\github\toko\modules\Produk\Controllers\DataTambahProduk.php(31): view('Modules\\Produk\\...', Array)
#8 C:\xampp\htdocs\github\toko\vendor\codeigniter4\framework\system\CodeIgniter.php(940): Modules\Produk\Controllers\DataTambahProduk->index()
#9 C:\xampp\htdocs\github\toko\vendor\codeigniter4\framework\system\CodeIgniter.php(436): CodeIgniter\CodeIgniter->runController(Object(Modules\Produk\Controllers\DataTambahProduk))
#10 C:\xampp\htdocs\github\toko\vendor\codeigniter4\framework\system\CodeIgniter.php(337): CodeIgniter\CodeIgniter->handleRequest(NULL, Object(Config\Cache), false)
#11 C:\xampp\htdocs\github\toko\public\index.php(44): CodeIgniter\CodeIgniter->run()
#12 C:\xampp\htdocs\github\toko\vendor\codeigniter4\framework\system\Commands\Server\rewrite.php(45): require_once('C:\\xampp\\htdocs...')
#13 {main}
CRITICAL - 2022-04-23 14:57:29 --> strpos(): Empty needle
#0 [internal function]: CodeIgniter\Debug\Exceptions->errorHandler(2, 'strpos(): Empty...', 'C:\\xampp\\htdocs...', 1227, Array)
#1 C:\xampp\htdocs\github\toko\vendor\codeigniter4\framework\system\Router\RouteCollection.php(1227): strpos('Modules\\Layout\\...', '')
#2 C:\xampp\htdocs\github\toko\vendor\codeigniter4\framework\system\Common.php(979): CodeIgniter\Router\RouteCollection->reverseRoute('')
#3 C:\xampp\htdocs\github\toko\modules\Produk\Views\tambahproduk.php(103): route_to('')
#4 C:\xampp\htdocs\github\toko\vendor\codeigniter4\framework\system\View\View.php(220): include('C:\\xampp\\htdocs...')
#5 C:\xampp\htdocs\github\toko\vendor\codeigniter4\framework\system\View\View.php(222): CodeIgniter\View\View->CodeIgniter\View\{closure}()
#6 C:\xampp\htdocs\github\toko\vendor\codeigniter4\framework\system\Common.php(1217): CodeIgniter\View\View->render('Modules\\Produk\\...', Array, true)
#7 C:\xampp\htdocs\github\toko\modules\Produk\Controllers\DataTambahProduk.php(31): view('Modules\\Produk\\...', Array)
#8 C:\xampp\htdocs\github\toko\vendor\codeigniter4\framework\system\CodeIgniter.php(940): Modules\Produk\Controllers\DataTambahProduk->index()
#9 C:\xampp\htdocs\github\toko\vendor\codeigniter4\framework\system\CodeIgniter.php(436): CodeIgniter\CodeIgniter->runController(Object(Modules\Produk\Controllers\DataTambahProduk))
#10 C:\xampp\htdocs\github\toko\vendor\codeigniter4\framework\system\CodeIgniter.php(337): CodeIgniter\CodeIgniter->handleRequest(NULL, Object(Config\Cache), false)
#11 C:\xampp\htdocs\github\toko\public\index.php(44): CodeIgniter\CodeIgniter->run()
#12 C:\xampp\htdocs\github\toko\vendor\codeigniter4\framework\system\Commands\Server\rewrite.php(45): require_once('C:\\xampp\\htdocs...')
#13 {main}
CRITICAL - 2022-04-23 14:58:00 --> strpos(): Empty needle
#0 [internal function]: CodeIgniter\Debug\Exceptions->errorHandler(2, 'strpos(): Empty...', 'C:\\xampp\\htdocs...', 1227, Array)
#1 C:\xampp\htdocs\github\toko\vendor\codeigniter4\framework\system\Router\RouteCollection.php(1227): strpos('Modules\\Layout\\...', '')
#2 C:\xampp\htdocs\github\toko\vendor\codeigniter4\framework\system\Common.php(979): CodeIgniter\Router\RouteCollection->reverseRoute('')
#3 C:\xampp\htdocs\github\toko\modules\Produk\Views\tambahproduk.php(103): route_to('')
#4 C:\xampp\htdocs\github\toko\vendor\codeigniter4\framework\system\View\View.php(220): include('C:\\xampp\\htdocs...')
#5 C:\xampp\htdocs\github\toko\vendor\codeigniter4\framework\system\View\View.php(222): CodeIgniter\View\View->CodeIgniter\View\{closure}()
#6 C:\xampp\htdocs\github\toko\vendor\codeigniter4\framework\system\Common.php(1217): CodeIgniter\View\View->render('Modules\\Produk\\...', Array, true)
#7 C:\xampp\htdocs\github\toko\modules\Produk\Controllers\DataTambahProduk.php(31): view('Modules\\Produk\\...', Array)
#8 C:\xampp\htdocs\github\toko\vendor\codeigniter4\framework\system\CodeIgniter.php(940): Modules\Produk\Controllers\DataTambahProduk->index()
#9 C:\xampp\htdocs\github\toko\vendor\codeigniter4\framework\system\CodeIgniter.php(436): CodeIgniter\CodeIgniter->runController(Object(Modules\Produk\Controllers\DataTambahProduk))
#10 C:\xampp\htdocs\github\toko\vendor\codeigniter4\framework\system\CodeIgniter.php(337): CodeIgniter\CodeIgniter->handleRequest(NULL, Object(Config\Cache), false)
#11 C:\xampp\htdocs\github\toko\public\index.php(44): CodeIgniter\CodeIgniter->run()
#12 C:\xampp\htdocs\github\toko\vendor\codeigniter4\framework\system\Commands\Server\rewrite.php(45): require_once('C:\\xampp\\htdocs...')
#13 {main}
CRITICAL - 2022-04-23 14:58:01 --> strpos(): Empty needle
#0 [internal function]: CodeIgniter\Debug\Exceptions->errorHandler(2, 'strpos(): Empty...', 'C:\\xampp\\htdocs...', 1227, Array)
#1 C:\xampp\htdocs\github\toko\vendor\codeigniter4\framework\system\Router\RouteCollection.php(1227): strpos('Modules\\Layout\\...', '')
#2 C:\xampp\htdocs\github\toko\vendor\codeigniter4\framework\system\Common.php(979): CodeIgniter\Router\RouteCollection->reverseRoute('')
#3 C:\xampp\htdocs\github\toko\modules\Produk\Views\tambahproduk.php(103): route_to('')
#4 C:\xampp\htdocs\github\toko\vendor\codeigniter4\framework\system\View\View.php(220): include('C:\\xampp\\htdocs...')
#5 C:\xampp\htdocs\github\toko\vendor\codeigniter4\framework\system\View\View.php(222): CodeIgniter\View\View->CodeIgniter\View\{closure}()
#6 C:\xampp\htdocs\github\toko\vendor\codeigniter4\framework\system\Common.php(1217): CodeIgniter\View\View->render('Modules\\Produk\\...', Array, true)
#7 C:\xampp\htdocs\github\toko\modules\Produk\Controllers\DataTambahProduk.php(31): view('Modules\\Produk\\...', Array)
#8 C:\xampp\htdocs\github\toko\vendor\codeigniter4\framework\system\CodeIgniter.php(940): Modules\Produk\Controllers\DataTambahProduk->index()
#9 C:\xampp\htdocs\github\toko\vendor\codeigniter4\framework\system\CodeIgniter.php(436): CodeIgniter\CodeIgniter->runController(Object(Modules\Produk\Controllers\DataTambahProduk))
#10 C:\xampp\htdocs\github\toko\vendor\codeigniter4\framework\system\CodeIgniter.php(337): CodeIgniter\CodeIgniter->handleRequest(NULL, Object(Config\Cache), false)
#11 C:\xampp\htdocs\github\toko\public\index.php(44): CodeIgniter\CodeIgniter->run()
#12 C:\xampp\htdocs\github\toko\vendor\codeigniter4\framework\system\Commands\Server\rewrite.php(45): require_once('C:\\xampp\\htdocs...')
#13 {main}
CRITICAL - 2022-04-23 14:58:02 --> strpos(): Empty needle
#0 [internal function]: CodeIgniter\Debug\Exceptions->errorHandler(2, 'strpos(): Empty...', 'C:\\xampp\\htdocs...', 1227, Array)
#1 C:\xampp\htdocs\github\toko\vendor\codeigniter4\framework\system\Router\RouteCollection.php(1227): strpos('Modules\\Layout\\...', '')
#2 C:\xampp\htdocs\github\toko\vendor\codeigniter4\framework\system\Common.php(979): CodeIgniter\Router\RouteCollection->reverseRoute('')
#3 C:\xampp\htdocs\github\toko\modules\Produk\Views\tambahproduk.php(103): route_to('')
#4 C:\xampp\htdocs\github\toko\vendor\codeigniter4\framework\system\View\View.php(220): include('C:\\xampp\\htdocs...')
#5 C:\xampp\htdocs\github\toko\vendor\codeigniter4\framework\system\View\View.php(222): CodeIgniter\View\View->CodeIgniter\View\{closure}()
#6 C:\xampp\htdocs\github\toko\vendor\codeigniter4\framework\system\Common.php(1217): CodeIgniter\View\View->render('Modules\\Produk\\...', Array, true)
#7 C:\xampp\htdocs\github\toko\modules\Produk\Controllers\DataTambahProduk.php(31): view('Modules\\Produk\\...', Array)
#8 C:\xampp\htdocs\github\toko\vendor\codeigniter4\framework\system\CodeIgniter.php(940): Modules\Produk\Controllers\DataTambahProduk->index()
#9 C:\xampp\htdocs\github\toko\vendor\codeigniter4\framework\system\CodeIgniter.php(436): CodeIgniter\CodeIgniter->runController(Object(Modules\Produk\Controllers\DataTambahProduk))
#10 C:\xampp\htdocs\github\toko\vendor\codeigniter4\framework\system\CodeIgniter.php(337): CodeIgniter\CodeIgniter->handleRequest(NULL, Object(Config\Cache), false)
#11 C:\xampp\htdocs\github\toko\public\index.php(44): CodeIgniter\CodeIgniter->run()
#12 C:\xampp\htdocs\github\toko\vendor\codeigniter4\framework\system\Commands\Server\rewrite.php(45): require_once('C:\\xampp\\htdocs...')
#13 {main}
CRITICAL - 2022-04-23 14:58:02 --> strpos(): Empty needle
#0 [internal function]: CodeIgniter\Debug\Exceptions->errorHandler(2, 'strpos(): Empty...', 'C:\\xampp\\htdocs...', 1227, Array)
#1 C:\xampp\htdocs\github\toko\vendor\codeigniter4\framework\system\Router\RouteCollection.php(1227): strpos('Modules\\Layout\\...', '')
#2 C:\xampp\htdocs\github\toko\vendor\codeigniter4\framework\system\Common.php(979): CodeIgniter\Router\RouteCollection->reverseRoute('')
#3 C:\xampp\htdocs\github\toko\modules\Produk\Views\tambahproduk.php(103): route_to('')
#4 C:\xampp\htdocs\github\toko\vendor\codeigniter4\framework\system\View\View.php(220): include('C:\\xampp\\htdocs...')
#5 C:\xampp\htdocs\github\toko\vendor\codeigniter4\framework\system\View\View.php(222): CodeIgniter\View\View->CodeIgniter\View\{closure}()
#6 C:\xampp\htdocs\github\toko\vendor\codeigniter4\framework\system\Common.php(1217): CodeIgniter\View\View->render('Modules\\Produk\\...', Array, true)
#7 C:\xampp\htdocs\github\toko\modules\Produk\Controllers\DataTambahProduk.php(31): view('Modules\\Produk\\...', Array)
#8 C:\xampp\htdocs\github\toko\vendor\codeigniter4\framework\system\CodeIgniter.php(940): Modules\Produk\Controllers\DataTambahProduk->index()
#9 C:\xampp\htdocs\github\toko\vendor\codeigniter4\framework\system\CodeIgniter.php(436): CodeIgniter\CodeIgniter->runController(Object(Modules\Produk\Controllers\DataTambahProduk))
#10 C:\xampp\htdocs\github\toko\vendor\codeigniter4\framework\system\CodeIgniter.php(337): CodeIgniter\CodeIgniter->handleRequest(NULL, Object(Config\Cache), false)
#11 C:\xampp\htdocs\github\toko\public\index.php(44): CodeIgniter\CodeIgniter->run()
#12 C:\xampp\htdocs\github\toko\vendor\codeigniter4\framework\system\Commands\Server\rewrite.php(45): require_once('C:\\xampp\\htdocs...')
#13 {main}
CRITICAL - 2022-04-23 14:58:03 --> strpos(): Empty needle
#0 [internal function]: CodeIgniter\Debug\Exceptions->errorHandler(2, 'strpos(): Empty...', 'C:\\xampp\\htdocs...', 1227, Array)
#1 C:\xampp\htdocs\github\toko\vendor\codeigniter4\framework\system\Router\RouteCollection.php(1227): strpos('Modules\\Layout\\...', '')
#2 C:\xampp\htdocs\github\toko\vendor\codeigniter4\framework\system\Common.php(979): CodeIgniter\Router\RouteCollection->reverseRoute('')
#3 C:\xampp\htdocs\github\toko\modules\Produk\Views\tambahproduk.php(103): route_to('')
#4 C:\xampp\htdocs\github\toko\vendor\codeigniter4\framework\system\View\View.php(220): include('C:\\xampp\\htdocs...')
#5 C:\xampp\htdocs\github\toko\vendor\codeigniter4\framework\system\View\View.php(222): CodeIgniter\View\View->CodeIgniter\View\{closure}()
#6 C:\xampp\htdocs\github\toko\vendor\codeigniter4\framework\system\Common.php(1217): CodeIgniter\View\View->render('Modules\\Produk\\...', Array, true)
#7 C:\xampp\htdocs\github\toko\modules\Produk\Controllers\DataTambahProduk.php(31): view('Modules\\Produk\\...', Array)
#8 C:\xampp\htdocs\github\toko\vendor\codeigniter4\framework\system\CodeIgniter.php(940): Modules\Produk\Controllers\DataTambahProduk->index()
#9 C:\xampp\htdocs\github\toko\vendor\codeigniter4\framework\system\CodeIgniter.php(436): CodeIgniter\CodeIgniter->runController(Object(Modules\Produk\Controllers\DataTambahProduk))
#10 C:\xampp\htdocs\github\toko\vendor\codeigniter4\framework\system\CodeIgniter.php(337): CodeIgniter\CodeIgniter->handleRequest(NULL, Object(Config\Cache), false)
#11 C:\xampp\htdocs\github\toko\public\index.php(44): CodeIgniter\CodeIgniter->run()
#12 C:\xampp\htdocs\github\toko\vendor\codeigniter4\framework\system\Commands\Server\rewrite.php(45): require_once('C:\\xampp\\htdocs...')
#13 {main}
CRITICAL - 2022-04-23 14:58:03 --> strpos(): Empty needle
#0 [internal function]: CodeIgniter\Debug\Exceptions->errorHandler(2, 'strpos(): Empty...', 'C:\\xampp\\htdocs...', 1227, Array)
#1 C:\xampp\htdocs\github\toko\vendor\codeigniter4\framework\system\Router\RouteCollection.php(1227): strpos('Modules\\Layout\\...', '')
#2 C:\xampp\htdocs\github\toko\vendor\codeigniter4\framework\system\Common.php(979): CodeIgniter\Router\RouteCollection->reverseRoute('')
#3 C:\xampp\htdocs\github\toko\modules\Produk\Views\tambahproduk.php(103): route_to('')
#4 C:\xampp\htdocs\github\toko\vendor\codeigniter4\framework\system\View\View.php(220): include('C:\\xampp\\htdocs...')
#5 C:\xampp\htdocs\github\toko\vendor\codeigniter4\framework\system\View\View.php(222): CodeIgniter\View\View->CodeIgniter\View\{closure}()
#6 C:\xampp\htdocs\github\toko\vendor\codeigniter4\framework\system\Common.php(1217): CodeIgniter\View\View->render('Modules\\Produk\\...', Array, true)
#7 C:\xampp\htdocs\github\toko\modules\Produk\Controllers\DataTambahProduk.php(31): view('Modules\\Produk\\...', Array)
#8 C:\xampp\htdocs\github\toko\vendor\codeigniter4\framework\system\CodeIgniter.php(940): Modules\Produk\Controllers\DataTambahProduk->index()
#9 C:\xampp\htdocs\github\toko\vendor\codeigniter4\framework\system\CodeIgniter.php(436): CodeIgniter\CodeIgniter->runController(Object(Modules\Produk\Controllers\DataTambahProduk))
#10 C:\xampp\htdocs\github\toko\vendor\codeigniter4\framework\system\CodeIgniter.php(337): CodeIgniter\CodeIgniter->handleRequest(NULL, Object(Config\Cache), false)
#11 C:\xampp\htdocs\github\toko\public\index.php(44): CodeIgniter\CodeIgniter->run()
#12 C:\xampp\htdocs\github\toko\vendor\codeigniter4\framework\system\Commands\Server\rewrite.php(45): require_once('C:\\xampp\\htdocs...')
#13 {main}
CRITICAL - 2022-04-23 14:58:03 --> strpos(): Empty needle
#0 [internal function]: CodeIgniter\Debug\Exceptions->errorHandler(2, 'strpos(): Empty...', 'C:\\xampp\\htdocs...', 1227, Array)
#1 C:\xampp\htdocs\github\toko\vendor\codeigniter4\framework\system\Router\RouteCollection.php(1227): strpos('Modules\\Layout\\...', '')
#2 C:\xampp\htdocs\github\toko\vendor\codeigniter4\framework\system\Common.php(979): CodeIgniter\Router\RouteCollection->reverseRoute('')
#3 C:\xampp\htdocs\github\toko\modules\Produk\Views\tambahproduk.php(103): route_to('')
#4 C:\xampp\htdocs\github\toko\vendor\codeigniter4\framework\system\View\View.php(220): include('C:\\xampp\\htdocs...')
#5 C:\xampp\htdocs\github\toko\vendor\codeigniter4\framework\system\View\View.php(222): CodeIgniter\View\View->CodeIgniter\View\{closure}()
#6 C:\xampp\htdocs\github\toko\vendor\codeigniter4\framework\system\Common.php(1217): CodeIgniter\View\View->render('Modules\\Produk\\...', Array, true)
#7 C:\xampp\htdocs\github\toko\modules\Produk\Controllers\DataTambahProduk.php(31): view('Modules\\Produk\\...', Array)
#8 C:\xampp\htdocs\github\toko\vendor\codeigniter4\framework\system\CodeIgniter.php(940): Modules\Produk\Controllers\DataTambahProduk->index()
#9 C:\xampp\htdocs\github\toko\vendor\codeigniter4\framework\system\CodeIgniter.php(436): CodeIgniter\CodeIgniter->runController(Object(Modules\Produk\Controllers\DataTambahProduk))
#10 C:\xampp\htdocs\github\toko\vendor\codeigniter4\framework\system\CodeIgniter.php(337): CodeIgniter\CodeIgniter->handleRequest(NULL, Object(Config\Cache), false)
#11 C:\xampp\htdocs\github\toko\public\index.php(44): CodeIgniter\CodeIgniter->run()
#12 C:\xampp\htdocs\github\toko\vendor\codeigniter4\framework\system\Commands\Server\rewrite.php(45): require_once('C:\\xampp\\htdocs...')
#13 {main}
CRITICAL - 2022-04-23 14:58:04 --> strpos(): Empty needle
#0 [internal function]: CodeIgniter\Debug\Exceptions->errorHandler(2, 'strpos(): Empty...', 'C:\\xampp\\htdocs...', 1227, Array)
#1 C:\xampp\htdocs\github\toko\vendor\codeigniter4\framework\system\Router\RouteCollection.php(1227): strpos('Modules\\Layout\\...', '')
#2 C:\xampp\htdocs\github\toko\vendor\codeigniter4\framework\system\Common.php(979): CodeIgniter\Router\RouteCollection->reverseRoute('')
#3 C:\xampp\htdocs\github\toko\modules\Produk\Views\tambahproduk.php(103): route_to('')
#4 C:\xampp\htdocs\github\toko\vendor\codeigniter4\framework\system\View\View.php(220): include('C:\\xampp\\htdocs...')
#5 C:\xampp\htdocs\github\toko\vendor\codeigniter4\framework\system\View\View.php(222): CodeIgniter\View\View->CodeIgniter\View\{closure}()
#6 C:\xampp\htdocs\github\toko\vendor\codeigniter4\framework\system\Common.php(1217): CodeIgniter\View\View->render('Modules\\Produk\\...', Array, true)
#7 C:\xampp\htdocs\github\toko\modules\Produk\Controllers\DataTambahProduk.php(31): view('Modules\\Produk\\...', Array)
#8 C:\xampp\htdocs\github\toko\vendor\codeigniter4\framework\system\CodeIgniter.php(940): Modules\Produk\Controllers\DataTambahProduk->index()
#9 C:\xampp\htdocs\github\toko\vendor\codeigniter4\framework\system\CodeIgniter.php(436): CodeIgniter\CodeIgniter->runController(Object(Modules\Produk\Controllers\DataTambahProduk))
#10 C:\xampp\htdocs\github\toko\vendor\codeigniter4\framework\system\CodeIgniter.php(337): CodeIgniter\CodeIgniter->handleRequest(NULL, Object(Config\Cache), false)
#11 C:\xampp\htdocs\github\toko\public\index.php(44): CodeIgniter\CodeIgniter->run()
#12 C:\xampp\htdocs\github\toko\vendor\codeigniter4\framework\system\Commands\Server\rewrite.php(45): require_once('C:\\xampp\\htdocs...')
#13 {main}
CRITICAL - 2022-04-23 14:58:04 --> strpos(): Empty needle
#0 [internal function]: CodeIgniter\Debug\Exceptions->errorHandler(2, 'strpos(): Empty...', 'C:\\xampp\\htdocs...', 1227, Array)
#1 C:\xampp\htdocs\github\toko\vendor\codeigniter4\framework\system\Router\RouteCollection.php(1227): strpos('Modules\\Layout\\...', '')
#2 C:\xampp\htdocs\github\toko\vendor\codeigniter4\framework\system\Common.php(979): CodeIgniter\Router\RouteCollection->reverseRoute('')
#3 C:\xampp\htdocs\github\toko\modules\Produk\Views\tambahproduk.php(103): route_to('')
#4 C:\xampp\htdocs\github\toko\vendor\codeigniter4\framework\system\View\View.php(220): include('C:\\xampp\\htdocs...')
#5 C:\xampp\htdocs\github\toko\vendor\codeigniter4\framework\system\View\View.php(222): CodeIgniter\View\View->CodeIgniter\View\{closure}()
#6 C:\xampp\htdocs\github\toko\vendor\codeigniter4\framework\system\Common.php(1217): CodeIgniter\View\View->render('Modules\\Produk\\...', Array, true)
#7 C:\xampp\htdocs\github\toko\modules\Produk\Controllers\DataTambahProduk.php(31): view('Modules\\Produk\\...', Array)
#8 C:\xampp\htdocs\github\toko\vendor\codeigniter4\framework\system\CodeIgniter.php(940): Modules\Produk\Controllers\DataTambahProduk->index()
#9 C:\xampp\htdocs\github\toko\vendor\codeigniter4\framework\system\CodeIgniter.php(436): CodeIgniter\CodeIgniter->runController(Object(Modules\Produk\Controllers\DataTambahProduk))
#10 C:\xampp\htdocs\github\toko\vendor\codeigniter4\framework\system\CodeIgniter.php(337): CodeIgniter\CodeIgniter->handleRequest(NULL, Object(Config\Cache), false)
#11 C:\xampp\htdocs\github\toko\public\index.php(44): CodeIgniter\CodeIgniter->run()
#12 C:\xampp\htdocs\github\toko\vendor\codeigniter4\framework\system\Commands\Server\rewrite.php(45): require_once('C:\\xampp\\htdocs...')
#13 {main}
CRITICAL - 2022-04-23 14:58:09 --> strpos(): Empty needle
#0 [internal function]: CodeIgniter\Debug\Exceptions->errorHandler(2, 'strpos(): Empty...', 'C:\\xampp\\htdocs...', 1227, Array)
#1 C:\xampp\htdocs\github\toko\vendor\codeigniter4\framework\system\Router\RouteCollection.php(1227): strpos('Modules\\Layout\\...', '')
#2 C:\xampp\htdocs\github\toko\vendor\codeigniter4\framework\system\Common.php(979): CodeIgniter\Router\RouteCollection->reverseRoute('')
#3 C:\xampp\htdocs\github\toko\modules\Produk\Views\tambahproduk.php(103): route_to('')
#4 C:\xampp\htdocs\github\toko\vendor\codeigniter4\framework\system\View\View.php(220): include('C:\\xampp\\htdocs...')
#5 C:\xampp\htdocs\github\toko\vendor\codeigniter4\framework\system\View\View.php(222): CodeIgniter\View\View->CodeIgniter\View\{closure}()
#6 C:\xampp\htdocs\github\toko\vendor\codeigniter4\framework\system\Common.php(1217): CodeIgniter\View\View->render('Modules\\Produk\\...', Array, true)
#7 C:\xampp\htdocs\github\toko\modules\Produk\Controllers\DataTambahProduk.php(31): view('Modules\\Produk\\...', Array)
#8 C:\xampp\htdocs\github\toko\vendor\codeigniter4\framework\system\CodeIgniter.php(940): Modules\Produk\Controllers\DataTambahProduk->index()
#9 C:\xampp\htdocs\github\toko\vendor\codeigniter4\framework\system\CodeIgniter.php(436): CodeIgniter\CodeIgniter->runController(Object(Modules\Produk\Controllers\DataTambahProduk))
#10 C:\xampp\htdocs\github\toko\vendor\codeigniter4\framework\system\CodeIgniter.php(337): CodeIgniter\CodeIgniter->handleRequest(NULL, Object(Config\Cache), false)
#11 C:\xampp\htdocs\github\toko\public\index.php(44): CodeIgniter\CodeIgniter->run()
#12 C:\xampp\htdocs\github\toko\vendor\codeigniter4\framework\system\Commands\Server\rewrite.php(45): require_once('C:\\xampp\\htdocs...')
#13 {main}
CRITICAL - 2022-04-23 14:58:21 --> strpos(): Empty needle
#0 [internal function]: CodeIgniter\Debug\Exceptions->errorHandler(2, 'strpos(): Empty...', 'C:\\xampp\\htdocs...', 1227, Array)
#1 C:\xampp\htdocs\github\toko\vendor\codeigniter4\framework\system\Router\RouteCollection.php(1227): strpos('Modules\\Layout\\...', '')
#2 C:\xampp\htdocs\github\toko\vendor\codeigniter4\framework\system\Common.php(979): CodeIgniter\Router\RouteCollection->reverseRoute('')
#3 C:\xampp\htdocs\github\toko\modules\Produk\Views\tambahproduk.php(103): route_to('')
#4 C:\xampp\htdocs\github\toko\vendor\codeigniter4\framework\system\View\View.php(220): include('C:\\xampp\\htdocs...')
#5 C:\xampp\htdocs\github\toko\vendor\codeigniter4\framework\system\View\View.php(222): CodeIgniter\View\View->CodeIgniter\View\{closure}()
#6 C:\xampp\htdocs\github\toko\vendor\codeigniter4\framework\system\Common.php(1217): CodeIgniter\View\View->render('Modules\\Produk\\...', Array, true)
#7 C:\xampp\htdocs\github\toko\modules\Produk\Controllers\DataTambahProduk.php(31): view('Modules\\Produk\\...', Array)
#8 C:\xampp\htdocs\github\toko\vendor\codeigniter4\framework\system\CodeIgniter.php(940): Modules\Produk\Controllers\DataTambahProduk->index()
#9 C:\xampp\htdocs\github\toko\vendor\codeigniter4\framework\system\CodeIgniter.php(436): CodeIgniter\CodeIgniter->runController(Object(Modules\Produk\Controllers\DataTambahProduk))
#10 C:\xampp\htdocs\github\toko\vendor\codeigniter4\framework\system\CodeIgniter.php(337): CodeIgniter\CodeIgniter->handleRequest(NULL, Object(Config\Cache), false)
#11 C:\xampp\htdocs\github\toko\public\index.php(44): CodeIgniter\CodeIgniter->run()
#12 C:\xampp\htdocs\github\toko\vendor\codeigniter4\framework\system\Commands\Server\rewrite.php(45): require_once('C:\\xampp\\htdocs...')
#13 {main}
CRITICAL - 2022-04-23 14:58:42 --> strpos(): Empty needle
#0 [internal function]: CodeIgniter\Debug\Exceptions->errorHandler(2, 'strpos(): Empty...', 'C:\\xampp\\htdocs...', 1227, Array)
#1 C:\xampp\htdocs\github\toko\vendor\codeigniter4\framework\system\Router\RouteCollection.php(1227): strpos('Modules\\Layout\\...', '')
#2 C:\xampp\htdocs\github\toko\vendor\codeigniter4\framework\system\Common.php(979): CodeIgniter\Router\RouteCollection->reverseRoute('')
#3 C:\xampp\htdocs\github\toko\modules\Produk\Views\tambahproduk.php(103): route_to('')
#4 C:\xampp\htdocs\github\toko\vendor\codeigniter4\framework\system\View\View.php(220): include('C:\\xampp\\htdocs...')
#5 C:\xampp\htdocs\github\toko\vendor\codeigniter4\framework\system\View\View.php(222): CodeIgniter\View\View->CodeIgniter\View\{closure}()
#6 C:\xampp\htdocs\github\toko\vendor\codeigniter4\framework\system\Common.php(1217): CodeIgniter\View\View->render('Modules\\Produk\\...', Array, true)
#7 C:\xampp\htdocs\github\toko\modules\Produk\Controllers\DataTambahProduk.php(31): view('Modules\\Produk\\...', Array)
#8 C:\xampp\htdocs\github\toko\vendor\codeigniter4\framework\system\CodeIgniter.php(940): Modules\Produk\Controllers\DataTambahProduk->index()
#9 C:\xampp\htdocs\github\toko\vendor\codeigniter4\framework\system\CodeIgniter.php(436): CodeIgniter\CodeIgniter->runController(Object(Modules\Produk\Controllers\DataTambahProduk))
#10 C:\xampp\htdocs\github\toko\vendor\codeigniter4\framework\system\CodeIgniter.php(337): CodeIgniter\CodeIgniter->handleRequest(NULL, Object(Config\Cache), false)
#11 C:\xampp\htdocs\github\toko\public\index.php(44): CodeIgniter\CodeIgniter->run()
#12 C:\xampp\htdocs\github\toko\vendor\codeigniter4\framework\system\Commands\Server\rewrite.php(45): require_once('C:\\xampp\\htdocs...')
#13 {main}
CRITICAL - 2022-04-23 14:59:16 --> strpos(): Empty needle
#0 [internal function]: CodeIgniter\Debug\Exceptions->errorHandler(2, 'strpos(): Empty...', 'C:\\xampp\\htdocs...', 1227, Array)
#1 C:\xampp\htdocs\github\toko\vendor\codeigniter4\framework\system\Router\RouteCollection.php(1227): strpos('Modules\\Layout\\...', '')
#2 C:\xampp\htdocs\github\toko\vendor\codeigniter4\framework\system\Common.php(979): CodeIgniter\Router\RouteCollection->reverseRoute('')
#3 C:\xampp\htdocs\github\toko\modules\Produk\Views\tambahproduk.php(103): route_to('')
#4 C:\xampp\htdocs\github\toko\vendor\codeigniter4\framework\system\View\View.php(220): include('C:\\xampp\\htdocs...')
#5 C:\xampp\htdocs\github\toko\vendor\codeigniter4\framework\system\View\View.php(222): CodeIgniter\View\View->CodeIgniter\View\{closure}()
#6 C:\xampp\htdocs\github\toko\vendor\codeigniter4\framework\system\Common.php(1217): CodeIgniter\View\View->render('Modules\\Produk\\...', Array, true)
#7 C:\xampp\htdocs\github\toko\modules\Produk\Controllers\DataTambahProduk.php(31): view('Modules\\Produk\\...', Array)
#8 C:\xampp\htdocs\github\toko\vendor\codeigniter4\framework\system\CodeIgniter.php(940): Modules\Produk\Controllers\DataTambahProduk->index()
#9 C:\xampp\htdocs\github\toko\vendor\codeigniter4\framework\system\CodeIgniter.php(436): CodeIgniter\CodeIgniter->runController(Object(Modules\Produk\Controllers\DataTambahProduk))
#10 C:\xampp\htdocs\github\toko\vendor\codeigniter4\framework\system\CodeIgniter.php(337): CodeIgniter\CodeIgniter->handleRequest(NULL, Object(Config\Cache), false)
#11 C:\xampp\htdocs\github\toko\public\index.php(44): CodeIgniter\CodeIgniter->run()
#12 C:\xampp\htdocs\github\toko\vendor\codeigniter4\framework\system\Commands\Server\rewrite.php(45): require_once('C:\\xampp\\htdocs...')
#13 {main}
CRITICAL - 2022-04-23 14:59:17 --> strpos(): Empty needle
#0 [internal function]: CodeIgniter\Debug\Exceptions->errorHandler(2, 'strpos(): Empty...', 'C:\\xampp\\htdocs...', 1227, Array)
#1 C:\xampp\htdocs\github\toko\vendor\codeigniter4\framework\system\Router\RouteCollection.php(1227): strpos('Modules\\Layout\\...', '')
#2 C:\xampp\htdocs\github\toko\vendor\codeigniter4\framework\system\Common.php(979): CodeIgniter\Router\RouteCollection->reverseRoute('')
#3 C:\xampp\htdocs\github\toko\modules\Produk\Views\tambahproduk.php(103): route_to('')
#4 C:\xampp\htdocs\github\toko\vendor\codeigniter4\framework\system\View\View.php(220): include('C:\\xampp\\htdocs...')
#5 C:\xampp\htdocs\github\toko\vendor\codeigniter4\framework\system\View\View.php(222): CodeIgniter\View\View->CodeIgniter\View\{closure}()
#6 C:\xampp\htdocs\github\toko\vendor\codeigniter4\framework\system\Common.php(1217): CodeIgniter\View\View->render('Modules\\Produk\\...', Array, true)
#7 C:\xampp\htdocs\github\toko\modules\Produk\Controllers\DataTambahProduk.php(31): view('Modules\\Produk\\...', Array)
#8 C:\xampp\htdocs\github\toko\vendor\codeigniter4\framework\system\CodeIgniter.php(940): Modules\Produk\Controllers\DataTambahProduk->index()
#9 C:\xampp\htdocs\github\toko\vendor\codeigniter4\framework\system\CodeIgniter.php(436): CodeIgniter\CodeIgniter->runController(Object(Modules\Produk\Controllers\DataTambahProduk))
#10 C:\xampp\htdocs\github\toko\vendor\codeigniter4\framework\system\CodeIgniter.php(337): CodeIgniter\CodeIgniter->handleRequest(NULL, Object(Config\Cache), false)
#11 C:\xampp\htdocs\github\toko\public\index.php(44): CodeIgniter\CodeIgniter->run()
#12 C:\xampp\htdocs\github\toko\vendor\codeigniter4\framework\system\Commands\Server\rewrite.php(45): require_once('C:\\xampp\\htdocs...')
#13 {main}
CRITICAL - 2022-04-23 14:59:18 --> strpos(): Empty needle
#0 [internal function]: CodeIgniter\Debug\Exceptions->errorHandler(2, 'strpos(): Empty...', 'C:\\xampp\\htdocs...', 1227, Array)
#1 C:\xampp\htdocs\github\toko\vendor\codeigniter4\framework\system\Router\RouteCollection.php(1227): strpos('Modules\\Layout\\...', '')
#2 C:\xampp\htdocs\github\toko\vendor\codeigniter4\framework\system\Common.php(979): CodeIgniter\Router\RouteCollection->reverseRoute('')
#3 C:\xampp\htdocs\github\toko\modules\Produk\Views\tambahproduk.php(103): route_to('')
#4 C:\xampp\htdocs\github\toko\vendor\codeigniter4\framework\system\View\View.php(220): include('C:\\xampp\\htdocs...')
#5 C:\xampp\htdocs\github\toko\vendor\codeigniter4\framework\system\View\View.php(222): CodeIgniter\View\View->CodeIgniter\View\{closure}()
#6 C:\xampp\htdocs\github\toko\vendor\codeigniter4\framework\system\Common.php(1217): CodeIgniter\View\View->render('Modules\\Produk\\...', Array, true)
#7 C:\xampp\htdocs\github\toko\modules\Produk\Controllers\DataTambahProduk.php(31): view('Modules\\Produk\\...', Array)
#8 C:\xampp\htdocs\github\toko\vendor\codeigniter4\framework\system\CodeIgniter.php(940): Modules\Produk\Controllers\DataTambahProduk->index()
#9 C:\xampp\htdocs\github\toko\vendor\codeigniter4\framework\system\CodeIgniter.php(436): CodeIgniter\CodeIgniter->runController(Object(Modules\Produk\Controllers\DataTambahProduk))
#10 C:\xampp\htdocs\github\toko\vendor\codeigniter4\framework\system\CodeIgniter.php(337): CodeIgniter\CodeIgniter->handleRequest(NULL, Object(Config\Cache), false)
#11 C:\xampp\htdocs\github\toko\public\index.php(44): CodeIgniter\CodeIgniter->run()
#12 C:\xampp\htdocs\github\toko\vendor\codeigniter4\framework\system\Commands\Server\rewrite.php(45): require_once('C:\\xampp\\htdocs...')
#13 {main}
CRITICAL - 2022-04-23 14:59:18 --> strpos(): Empty needle
#0 [internal function]: CodeIgniter\Debug\Exceptions->errorHandler(2, 'strpos(): Empty...', 'C:\\xampp\\htdocs...', 1227, Array)
#1 C:\xampp\htdocs\github\toko\vendor\codeigniter4\framework\system\Router\RouteCollection.php(1227): strpos('Modules\\Layout\\...', '')
#2 C:\xampp\htdocs\github\toko\vendor\codeigniter4\framework\system\Common.php(979): CodeIgniter\Router\RouteCollection->reverseRoute('')
#3 C:\xampp\htdocs\github\toko\modules\Produk\Views\tambahproduk.php(103): route_to('')
#4 C:\xampp\htdocs\github\toko\vendor\codeigniter4\framework\system\View\View.php(220): include('C:\\xampp\\htdocs...')
#5 C:\xampp\htdocs\github\toko\vendor\codeigniter4\framework\system\View\View.php(222): CodeIgniter\View\View->CodeIgniter\View\{closure}()
#6 C:\xampp\htdocs\github\toko\vendor\codeigniter4\framework\system\Common.php(1217): CodeIgniter\View\View->render('Modules\\Produk\\...', Array, true)
#7 C:\xampp\htdocs\github\toko\modules\Produk\Controllers\DataTambahProduk.php(31): view('Modules\\Produk\\...', Array)
#8 C:\xampp\htdocs\github\toko\vendor\codeigniter4\framework\system\CodeIgniter.php(940): Modules\Produk\Controllers\DataTambahProduk->index()
#9 C:\xampp\htdocs\github\toko\vendor\codeigniter4\framework\system\CodeIgniter.php(436): CodeIgniter\CodeIgniter->runController(Object(Modules\Produk\Controllers\DataTambahProduk))
#10 C:\xampp\htdocs\github\toko\vendor\codeigniter4\framework\system\CodeIgniter.php(337): CodeIgniter\CodeIgniter->handleRequest(NULL, Object(Config\Cache), false)
#11 C:\xampp\htdocs\github\toko\public\index.php(44): CodeIgniter\CodeIgniter->run()
#12 C:\xampp\htdocs\github\toko\vendor\codeigniter4\framework\system\Commands\Server\rewrite.php(45): require_once('C:\\xampp\\htdocs...')
#13 {main}
CRITICAL - 2022-04-23 14:59:18 --> strpos(): Empty needle
#0 [internal function]: CodeIgniter\Debug\Exceptions->errorHandler(2, 'strpos(): Empty...', 'C:\\xampp\\htdocs...', 1227, Array)
#1 C:\xampp\htdocs\github\toko\vendor\codeigniter4\framework\system\Router\RouteCollection.php(1227): strpos('Modules\\Layout\\...', '')
#2 C:\xampp\htdocs\github\toko\vendor\codeigniter4\framework\system\Common.php(979): CodeIgniter\Router\RouteCollection->reverseRoute('')
#3 C:\xampp\htdocs\github\toko\modules\Produk\Views\tambahproduk.php(103): route_to('')
#4 C:\xampp\htdocs\github\toko\vendor\codeigniter4\framework\system\View\View.php(220): include('C:\\xampp\\htdocs...')
#5 C:\xampp\htdocs\github\toko\vendor\codeigniter4\framework\system\View\View.php(222): CodeIgniter\View\View->CodeIgniter\View\{closure}()
#6 C:\xampp\htdocs\github\toko\vendor\codeigniter4\framework\system\Common.php(1217): CodeIgniter\View\View->render('Modules\\Produk\\...', Array, true)
#7 C:\xampp\htdocs\github\toko\modules\Produk\Controllers\DataTambahProduk.php(31): view('Modules\\Produk\\...', Array)
#8 C:\xampp\htdocs\github\toko\vendor\codeigniter4\framework\system\CodeIgniter.php(940): Modules\Produk\Controllers\DataTambahProduk->index()
#9 C:\xampp\htdocs\github\toko\vendor\codeigniter4\framework\system\CodeIgniter.php(436): CodeIgniter\CodeIgniter->runController(Object(Modules\Produk\Controllers\DataTambahProduk))
#10 C:\xampp\htdocs\github\toko\vendor\codeigniter4\framework\system\CodeIgniter.php(337): CodeIgniter\CodeIgniter->handleRequest(NULL, Object(Config\Cache), false)
#11 C:\xampp\htdocs\github\toko\public\index.php(44): CodeIgniter\CodeIgniter->run()
#12 C:\xampp\htdocs\github\toko\vendor\codeigniter4\framework\system\Commands\Server\rewrite.php(45): require_once('C:\\xampp\\htdocs...')
#13 {main}
CRITICAL - 2022-04-23 14:59:18 --> strpos(): Empty needle
#0 [internal function]: CodeIgniter\Debug\Exceptions->errorHandler(2, 'strpos(): Empty...', 'C:\\xampp\\htdocs...', 1227, Array)
#1 C:\xampp\htdocs\github\toko\vendor\codeigniter4\framework\system\Router\RouteCollection.php(1227): strpos('Modules\\Layout\\...', '')
#2 C:\xampp\htdocs\github\toko\vendor\codeigniter4\framework\system\Common.php(979): CodeIgniter\Router\RouteCollection->reverseRoute('')
#3 C:\xampp\htdocs\github\toko\modules\Produk\Views\tambahproduk.php(103): route_to('')
#4 C:\xampp\htdocs\github\toko\vendor\codeigniter4\framework\system\View\View.php(220): include('C:\\xampp\\htdocs...')
#5 C:\xampp\htdocs\github\toko\vendor\codeigniter4\framework\system\View\View.php(222): CodeIgniter\View\View->CodeIgniter\View\{closure}()
#6 C:\xampp\htdocs\github\toko\vendor\codeigniter4\framework\system\Common.php(1217): CodeIgniter\View\View->render('Modules\\Produk\\...', Array, true)
#7 C:\xampp\htdocs\github\toko\modules\Produk\Controllers\DataTambahProduk.php(31): view('Modules\\Produk\\...', Array)
#8 C:\xampp\htdocs\github\toko\vendor\codeigniter4\framework\system\CodeIgniter.php(940): Modules\Produk\Controllers\DataTambahProduk->index()
#9 C:\xampp\htdocs\github\toko\vendor\codeigniter4\framework\system\CodeIgniter.php(436): CodeIgniter\CodeIgniter->runController(Object(Modules\Produk\Controllers\DataTambahProduk))
#10 C:\xampp\htdocs\github\toko\vendor\codeigniter4\framework\system\CodeIgniter.php(337): CodeIgniter\CodeIgniter->handleRequest(NULL, Object(Config\Cache), false)
#11 C:\xampp\htdocs\github\toko\public\index.php(44): CodeIgniter\CodeIgniter->run()
#12 C:\xampp\htdocs\github\toko\vendor\codeigniter4\framework\system\Commands\Server\rewrite.php(45): require_once('C:\\xampp\\htdocs...')
#13 {main}
CRITICAL - 2022-04-23 14:59:19 --> strpos(): Empty needle
#0 [internal function]: CodeIgniter\Debug\Exceptions->errorHandler(2, 'strpos(): Empty...', 'C:\\xampp\\htdocs...', 1227, Array)
#1 C:\xampp\htdocs\github\toko\vendor\codeigniter4\framework\system\Router\RouteCollection.php(1227): strpos('Modules\\Layout\\...', '')
#2 C:\xampp\htdocs\github\toko\vendor\codeigniter4\framework\system\Common.php(979): CodeIgniter\Router\RouteCollection->reverseRoute('')
#3 C:\xampp\htdocs\github\toko\modules\Produk\Views\tambahproduk.php(103): route_to('')
#4 C:\xampp\htdocs\github\toko\vendor\codeigniter4\framework\system\View\View.php(220): include('C:\\xampp\\htdocs...')
#5 C:\xampp\htdocs\github\toko\vendor\codeigniter4\framework\system\View\View.php(222): CodeIgniter\View\View->CodeIgniter\View\{closure}()
#6 C:\xampp\htdocs\github\toko\vendor\codeigniter4\framework\system\Common.php(1217): CodeIgniter\View\View->render('Modules\\Produk\\...', Array, true)
#7 C:\xampp\htdocs\github\toko\modules\Produk\Controllers\DataTambahProduk.php(31): view('Modules\\Produk\\...', Array)
#8 C:\xampp\htdocs\github\toko\vendor\codeigniter4\framework\system\CodeIgniter.php(940): Modules\Produk\Controllers\DataTambahProduk->index()
#9 C:\xampp\htdocs\github\toko\vendor\codeigniter4\framework\system\CodeIgniter.php(436): CodeIgniter\CodeIgniter->runController(Object(Modules\Produk\Controllers\DataTambahProduk))
#10 C:\xampp\htdocs\github\toko\vendor\codeigniter4\framework\system\CodeIgniter.php(337): CodeIgniter\CodeIgniter->handleRequest(NULL, Object(Config\Cache), false)
#11 C:\xampp\htdocs\github\toko\public\index.php(44): CodeIgniter\CodeIgniter->run()
#12 C:\xampp\htdocs\github\toko\vendor\codeigniter4\framework\system\Commands\Server\rewrite.php(45): require_once('C:\\xampp\\htdocs...')
#13 {main}
CRITICAL - 2022-04-23 14:59:19 --> strpos(): Empty needle
#0 [internal function]: CodeIgniter\Debug\Exceptions->errorHandler(2, 'strpos(): Empty...', 'C:\\xampp\\htdocs...', 1227, Array)
#1 C:\xampp\htdocs\github\toko\vendor\codeigniter4\framework\system\Router\RouteCollection.php(1227): strpos('Modules\\Layout\\...', '')
#2 C:\xampp\htdocs\github\toko\vendor\codeigniter4\framework\system\Common.php(979): CodeIgniter\Router\RouteCollection->reverseRoute('')
#3 C:\xampp\htdocs\github\toko\modules\Produk\Views\tambahproduk.php(103): route_to('')
#4 C:\xampp\htdocs\github\toko\vendor\codeigniter4\framework\system\View\View.php(220): include('C:\\xampp\\htdocs...')
#5 C:\xampp\htdocs\github\toko\vendor\codeigniter4\framework\system\View\View.php(222): CodeIgniter\View\View->CodeIgniter\View\{closure}()
#6 C:\xampp\htdocs\github\toko\vendor\codeigniter4\framework\system\Common.php(1217): CodeIgniter\View\View->render('Modules\\Produk\\...', Array, true)
#7 C:\xampp\htdocs\github\toko\modules\Produk\Controllers\DataTambahProduk.php(31): view('Modules\\Produk\\...', Array)
#8 C:\xampp\htdocs\github\toko\vendor\codeigniter4\framework\system\CodeIgniter.php(940): Modules\Produk\Controllers\DataTambahProduk->index()
#9 C:\xampp\htdocs\github\toko\vendor\codeigniter4\framework\system\CodeIgniter.php(436): CodeIgniter\CodeIgniter->runController(Object(Modules\Produk\Controllers\DataTambahProduk))
#10 C:\xampp\htdocs\github\toko\vendor\codeigniter4\framework\system\CodeIgniter.php(337): CodeIgniter\CodeIgniter->handleRequest(NULL, Object(Config\Cache), false)
#11 C:\xampp\htdocs\github\toko\public\index.php(44): CodeIgniter\CodeIgniter->run()
#12 C:\xampp\htdocs\github\toko\vendor\codeigniter4\framework\system\Commands\Server\rewrite.php(45): require_once('C:\\xampp\\htdocs...')
#13 {main}
CRITICAL - 2022-04-23 14:59:20 --> strpos(): Empty needle
#0 [internal function]: CodeIgniter\Debug\Exceptions->errorHandler(2, 'strpos(): Empty...', 'C:\\xampp\\htdocs...', 1227, Array)
#1 C:\xampp\htdocs\github\toko\vendor\codeigniter4\framework\system\Router\RouteCollection.php(1227): strpos('Modules\\Layout\\...', '')
#2 C:\xampp\htdocs\github\toko\vendor\codeigniter4\framework\system\Common.php(979): CodeIgniter\Router\RouteCollection->reverseRoute('')
#3 C:\xampp\htdocs\github\toko\modules\Produk\Views\tambahproduk.php(103): route_to('')
#4 C:\xampp\htdocs\github\toko\vendor\codeigniter4\framework\system\View\View.php(220): include('C:\\xampp\\htdocs...')
#5 C:\xampp\htdocs\github\toko\vendor\codeigniter4\framework\system\View\View.php(222): CodeIgniter\View\View->CodeIgniter\View\{closure}()
#6 C:\xampp\htdocs\github\toko\vendor\codeigniter4\framework\system\Common.php(1217): CodeIgniter\View\View->render('Modules\\Produk\\...', Array, true)
#7 C:\xampp\htdocs\github\toko\modules\Produk\Controllers\DataTambahProduk.php(31): view('Modules\\Produk\\...', Array)
#8 C:\xampp\htdocs\github\toko\vendor\codeigniter4\framework\system\CodeIgniter.php(940): Modules\Produk\Controllers\DataTambahProduk->index()
#9 C:\xampp\htdocs\github\toko\vendor\codeigniter4\framework\system\CodeIgniter.php(436): CodeIgniter\CodeIgniter->runController(Object(Modules\Produk\Controllers\DataTambahProduk))
#10 C:\xampp\htdocs\github\toko\vendor\codeigniter4\framework\system\CodeIgniter.php(337): CodeIgniter\CodeIgniter->handleRequest(NULL, Object(Config\Cache), false)
#11 C:\xampp\htdocs\github\toko\public\index.php(44): CodeIgniter\CodeIgniter->run()
#12 C:\xampp\htdocs\github\toko\vendor\codeigniter4\framework\system\Commands\Server\rewrite.php(45): require_once('C:\\xampp\\htdocs...')
#13 {main}
CRITICAL - 2022-04-23 14:59:20 --> strpos(): Empty needle
#0 [internal function]: CodeIgniter\Debug\Exceptions->errorHandler(2, 'strpos(): Empty...', 'C:\\xampp\\htdocs...', 1227, Array)
#1 C:\xampp\htdocs\github\toko\vendor\codeigniter4\framework\system\Router\RouteCollection.php(1227): strpos('Modules\\Layout\\...', '')
#2 C:\xampp\htdocs\github\toko\vendor\codeigniter4\framework\system\Common.php(979): CodeIgniter\Router\RouteCollection->reverseRoute('')
#3 C:\xampp\htdocs\github\toko\modules\Produk\Views\tambahproduk.php(103): route_to('')
#4 C:\xampp\htdocs\github\toko\vendor\codeigniter4\framework\system\View\View.php(220): include('C:\\xampp\\htdocs...')
#5 C:\xampp\htdocs\github\toko\vendor\codeigniter4\framework\system\View\View.php(222): CodeIgniter\View\View->CodeIgniter\View\{closure}()
#6 C:\xampp\htdocs\github\toko\vendor\codeigniter4\framework\system\Common.php(1217): CodeIgniter\View\View->render('Modules\\Produk\\...', Array, true)
#7 C:\xampp\htdocs\github\toko\modules\Produk\Controllers\DataTambahProduk.php(31): view('Modules\\Produk\\...', Array)
#8 C:\xampp\htdocs\github\toko\vendor\codeigniter4\framework\system\CodeIgniter.php(940): Modules\Produk\Controllers\DataTambahProduk->index()
#9 C:\xampp\htdocs\github\toko\vendor\codeigniter4\framework\system\CodeIgniter.php(436): CodeIgniter\CodeIgniter->runController(Object(Modules\Produk\Controllers\DataTambahProduk))
#10 C:\xampp\htdocs\github\toko\vendor\codeigniter4\framework\system\CodeIgniter.php(337): CodeIgniter\CodeIgniter->handleRequest(NULL, Object(Config\Cache), false)
#11 C:\xampp\htdocs\github\toko\public\index.php(44): CodeIgniter\CodeIgniter->run()
#12 C:\xampp\htdocs\github\toko\vendor\codeigniter4\framework\system\Commands\Server\rewrite.php(45): require_once('C:\\xampp\\htdocs...')
#13 {main}
CRITICAL - 2022-04-23 14:59:20 --> strpos(): Empty needle
#0 [internal function]: CodeIgniter\Debug\Exceptions->errorHandler(2, 'strpos(): Empty...', 'C:\\xampp\\htdocs...', 1227, Array)
#1 C:\xampp\htdocs\github\toko\vendor\codeigniter4\framework\system\Router\RouteCollection.php(1227): strpos('Modules\\Layout\\...', '')
#2 C:\xampp\htdocs\github\toko\vendor\codeigniter4\framework\system\Common.php(979): CodeIgniter\Router\RouteCollection->reverseRoute('')
#3 C:\xampp\htdocs\github\toko\modules\Produk\Views\tambahproduk.php(103): route_to('')
#4 C:\xampp\htdocs\github\toko\vendor\codeigniter4\framework\system\View\View.php(220): include('C:\\xampp\\htdocs...')
#5 C:\xampp\htdocs\github\toko\vendor\codeigniter4\framework\system\View\View.php(222): CodeIgniter\View\View->CodeIgniter\View\{closure}()
#6 C:\xampp\htdocs\github\toko\vendor\codeigniter4\framework\system\Common.php(1217): CodeIgniter\View\View->render('Modules\\Produk\\...', Array, true)
#7 C:\xampp\htdocs\github\toko\modules\Produk\Controllers\DataTambahProduk.php(31): view('Modules\\Produk\\...', Array)
#8 C:\xampp\htdocs\github\toko\vendor\codeigniter4\framework\system\CodeIgniter.php(940): Modules\Produk\Controllers\DataTambahProduk->index()
#9 C:\xampp\htdocs\github\toko\vendor\codeigniter4\framework\system\CodeIgniter.php(436): CodeIgniter\CodeIgniter->runController(Object(Modules\Produk\Controllers\DataTambahProduk))
#10 C:\xampp\htdocs\github\toko\vendor\codeigniter4\framework\system\CodeIgniter.php(337): CodeIgniter\CodeIgniter->handleRequest(NULL, Object(Config\Cache), false)
#11 C:\xampp\htdocs\github\toko\public\index.php(44): CodeIgniter\CodeIgniter->run()
#12 C:\xampp\htdocs\github\toko\vendor\codeigniter4\framework\system\Commands\Server\rewrite.php(45): require_once('C:\\xampp\\htdocs...')
#13 {main}
CRITICAL - 2022-04-23 14:59:21 --> strpos(): Empty needle
#0 [internal function]: CodeIgniter\Debug\Exceptions->errorHandler(2, 'strpos(): Empty...', 'C:\\xampp\\htdocs...', 1227, Array)
#1 C:\xampp\htdocs\github\toko\vendor\codeigniter4\framework\system\Router\RouteCollection.php(1227): strpos('Modules\\Layout\\...', '')
#2 C:\xampp\htdocs\github\toko\vendor\codeigniter4\framework\system\Common.php(979): CodeIgniter\Router\RouteCollection->reverseRoute('')
#3 C:\xampp\htdocs\github\toko\modules\Produk\Views\tambahproduk.php(103): route_to('')
#4 C:\xampp\htdocs\github\toko\vendor\codeigniter4\framework\system\View\View.php(220): include('C:\\xampp\\htdocs...')
#5 C:\xampp\htdocs\github\toko\vendor\codeigniter4\framework\system\View\View.php(222): CodeIgniter\View\View->CodeIgniter\View\{closure}()
#6 C:\xampp\htdocs\github\toko\vendor\codeigniter4\framework\system\Common.php(1217): CodeIgniter\View\View->render('Modules\\Produk\\...', Array, true)
#7 C:\xampp\htdocs\github\toko\modules\Produk\Controllers\DataTambahProduk.php(31): view('Modules\\Produk\\...', Array)
#8 C:\xampp\htdocs\github\toko\vendor\codeigniter4\framework\system\CodeIgniter.php(940): Modules\Produk\Controllers\DataTambahProduk->index()
#9 C:\xampp\htdocs\github\toko\vendor\codeigniter4\framework\system\CodeIgniter.php(436): CodeIgniter\CodeIgniter->runController(Object(Modules\Produk\Controllers\DataTambahProduk))
#10 C:\xampp\htdocs\github\toko\vendor\codeigniter4\framework\system\CodeIgniter.php(337): CodeIgniter\CodeIgniter->handleRequest(NULL, Object(Config\Cache), false)
#11 C:\xampp\htdocs\github\toko\public\index.php(44): CodeIgniter\CodeIgniter->run()
#12 C:\xampp\htdocs\github\toko\vendor\codeigniter4\framework\system\Commands\Server\rewrite.php(45): require_once('C:\\xampp\\htdocs...')
#13 {main}
CRITICAL - 2022-04-23 14:59:21 --> strpos(): Empty needle
#0 [internal function]: CodeIgniter\Debug\Exceptions->errorHandler(2, 'strpos(): Empty...', 'C:\\xampp\\htdocs...', 1227, Array)
#1 C:\xampp\htdocs\github\toko\vendor\codeigniter4\framework\system\Router\RouteCollection.php(1227): strpos('Modules\\Layout\\...', '')
#2 C:\xampp\htdocs\github\toko\vendor\codeigniter4\framework\system\Common.php(979): CodeIgniter\Router\RouteCollection->reverseRoute('')
#3 C:\xampp\htdocs\github\toko\modules\Produk\Views\tambahproduk.php(103): route_to('')
#4 C:\xampp\htdocs\github\toko\vendor\codeigniter4\framework\system\View\View.php(220): include('C:\\xampp\\htdocs...')
#5 C:\xampp\htdocs\github\toko\vendor\codeigniter4\framework\system\View\View.php(222): CodeIgniter\View\View->CodeIgniter\View\{closure}()
#6 C:\xampp\htdocs\github\toko\vendor\codeigniter4\framework\system\Common.php(1217): CodeIgniter\View\View->render('Modules\\Produk\\...', Array, true)
#7 C:\xampp\htdocs\github\toko\modules\Produk\Controllers\DataTambahProduk.php(31): view('Modules\\Produk\\...', Array)
#8 C:\xampp\htdocs\github\toko\vendor\codeigniter4\framework\system\CodeIgniter.php(940): Modules\Produk\Controllers\DataTambahProduk->index()
#9 C:\xampp\htdocs\github\toko\vendor\codeigniter4\framework\system\CodeIgniter.php(436): CodeIgniter\CodeIgniter->runController(Object(Modules\Produk\Controllers\DataTambahProduk))
#10 C:\xampp\htdocs\github\toko\vendor\codeigniter4\framework\system\CodeIgniter.php(337): CodeIgniter\CodeIgniter->handleRequest(NULL, Object(Config\Cache), false)
#11 C:\xampp\htdocs\github\toko\public\index.php(44): CodeIgniter\CodeIgniter->run()
#12 C:\xampp\htdocs\github\toko\vendor\codeigniter4\framework\system\Commands\Server\rewrite.php(45): require_once('C:\\xampp\\htdocs...')
#13 {main}
CRITICAL - 2022-04-23 14:59:57 --> strpos(): Empty needle
#0 [internal function]: CodeIgniter\Debug\Exceptions->errorHandler(2, 'strpos(): Empty...', 'C:\\xampp\\htdocs...', 1227, Array)
#1 C:\xampp\htdocs\github\toko\vendor\codeigniter4\framework\system\Router\RouteCollection.php(1227): strpos('Modules\\Layout\\...', '')
#2 C:\xampp\htdocs\github\toko\vendor\codeigniter4\framework\system\Common.php(979): CodeIgniter\Router\RouteCollection->reverseRoute('')
#3 C:\xampp\htdocs\github\toko\modules\Produk\Views\tambahproduk.php(103): route_to('')
#4 C:\xampp\htdocs\github\toko\vendor\codeigniter4\framework\system\View\View.php(220): include('C:\\xampp\\htdocs...')
#5 C:\xampp\htdocs\github\toko\vendor\codeigniter4\framework\system\View\View.php(222): CodeIgniter\View\View->CodeIgniter\View\{closure}()
#6 C:\xampp\htdocs\github\toko\vendor\codeigniter4\framework\system\Common.php(1217): CodeIgniter\View\View->render('Modules\\Produk\\...', Array, true)
#7 C:\xampp\htdocs\github\toko\modules\Produk\Controllers\DataTambahProduk.php(31): view('Modules\\Produk\\...', Array)
#8 C:\xampp\htdocs\github\toko\vendor\codeigniter4\framework\system\CodeIgniter.php(940): Modules\Produk\Controllers\DataTambahProduk->index()
#9 C:\xampp\htdocs\github\toko\vendor\codeigniter4\framework\system\CodeIgniter.php(436): CodeIgniter\CodeIgniter->runController(Object(Modules\Produk\Controllers\DataTambahProduk))
#10 C:\xampp\htdocs\github\toko\vendor\codeigniter4\framework\system\CodeIgniter.php(337): CodeIgniter\CodeIgniter->handleRequest(NULL, Object(Config\Cache), false)
#11 C:\xampp\htdocs\github\toko\public\index.php(44): CodeIgniter\CodeIgniter->run()
#12 C:\xampp\htdocs\github\toko\vendor\codeigniter4\framework\system\Commands\Server\rewrite.php(45): require_once('C:\\xampp\\htdocs...')
#13 {main}
CRITICAL - 2022-04-23 15:18:15 --> Undefined variable: randoms
#0 C:\xampp\htdocs\github\toko\modules\Produk\Controllers\DataTambahProduk.php(168): CodeIgniter\Debug\Exceptions->errorHandler(8, 'Undefined varia...', 'C:\\xampp\\htdocs...', 168, Array)
#1 C:\xampp\htdocs\github\toko\vendor\codeigniter4\framework\system\CodeIgniter.php(940): Modules\Produk\Controllers\DataTambahProduk->saveproduk()
#2 C:\xampp\htdocs\github\toko\vendor\codeigniter4\framework\system\CodeIgniter.php(436): CodeIgniter\CodeIgniter->runController(Object(Modules\Produk\Controllers\DataTambahProduk))
#3 C:\xampp\htdocs\github\toko\vendor\codeigniter4\framework\system\CodeIgniter.php(337): CodeIgniter\CodeIgniter->handleRequest(NULL, Object(Config\Cache), false)
#4 C:\xampp\htdocs\github\toko\public\index.php(44): CodeIgniter\CodeIgniter->run()
#5 C:\xampp\htdocs\github\toko\vendor\codeigniter4\framework\system\Commands\Server\rewrite.php(45): require_once('C:\\xampp\\htdocs...')
#6 {main}
CRITICAL - 2022-04-23 15:22:16 --> Undefined variable: random
#0 C:\xampp\htdocs\github\toko\modules\Produk\Controllers\DataTambahProduk.php(182): CodeIgniter\Debug\Exceptions->errorHandler(8, 'Undefined varia...', 'C:\\xampp\\htdocs...', 182, Array)
#1 C:\xampp\htdocs\github\toko\vendor\codeigniter4\framework\system\CodeIgniter.php(940): Modules\Produk\Controllers\DataTambahProduk->saveproduk()
#2 C:\xampp\htdocs\github\toko\vendor\codeigniter4\framework\system\CodeIgniter.php(436): CodeIgniter\CodeIgniter->runController(Object(Modules\Produk\Controllers\DataTambahProduk))
#3 C:\xampp\htdocs\github\toko\vendor\codeigniter4\framework\system\CodeIgniter.php(337): CodeIgniter\CodeIgniter->handleRequest(NULL, Object(Config\Cache), false)
#4 C:\xampp\htdocs\github\toko\public\index.php(44): CodeIgniter\CodeIgniter->run()
#5 C:\xampp\htdocs\github\toko\vendor\codeigniter4\framework\system\Commands\Server\rewrite.php(45): require_once('C:\\xampp\\htdocs...')
#6 {main}
CRITICAL - 2022-04-23 15:23:01 --> Trying to access array offset on value of type null
#0 C:\xampp\htdocs\github\toko\app\Controllers\BaseController.php(72): CodeIgniter\Debug\Exceptions->errorHandler(8, 'Trying to acces...', 'C:\\xampp\\htdocs...', 72, Array)
#1 C:\xampp\htdocs\github\toko\modules\Produk\Controllers\DataTambahProduk.php(182): App\Controllers\BaseController->logdata('x_produk', '1', Array)
#2 C:\xampp\htdocs\github\toko\vendor\codeigniter4\framework\system\CodeIgniter.php(940): Modules\Produk\Controllers\DataTambahProduk->saveproduk()
#3 C:\xampp\htdocs\github\toko\vendor\codeigniter4\framework\system\CodeIgniter.php(436): CodeIgniter\CodeIgniter->runController(Object(Modules\Produk\Controllers\DataTambahProduk))
#4 C:\xampp\htdocs\github\toko\vendor\codeigniter4\framework\system\CodeIgniter.php(337): CodeIgniter\CodeIgniter->handleRequest(NULL, Object(Config\Cache), false)
#5 C:\xampp\htdocs\github\toko\public\index.php(44): CodeIgniter\CodeIgniter->run()
#6 C:\xampp\htdocs\github\toko\vendor\codeigniter4\framework\system\Commands\Server\rewrite.php(45): require_once('C:\\xampp\\htdocs...')
#7 {main}
CRITICAL - 2022-04-23 15:34:04 --> Undefined index: id
#0 C:\xampp\htdocs\github\toko\modules\Produk\Controllers\DataTambahProduk.php(201): CodeIgniter\Debug\Exceptions->errorHandler(8, 'Undefined index...', 'C:\\xampp\\htdocs...', 201, Array)
#1 C:\xampp\htdocs\github\toko\vendor\codeigniter4\framework\system\CodeIgniter.php(940): Modules\Produk\Controllers\DataTambahProduk->saveproduk()
#2 C:\xampp\htdocs\github\toko\vendor\codeigniter4\framework\system\CodeIgniter.php(436): CodeIgniter\CodeIgniter->runController(Object(Modules\Produk\Controllers\DataTambahProduk))
#3 C:\xampp\htdocs\github\toko\vendor\codeigniter4\framework\system\CodeIgniter.php(337): CodeIgniter\CodeIgniter->handleRequest(NULL, Object(Config\Cache), false)
#4 C:\xampp\htdocs\github\toko\public\index.php(44): CodeIgniter\CodeIgniter->run()
#5 C:\xampp\htdocs\github\toko\vendor\codeigniter4\framework\system\Commands\Server\rewrite.php(45): require_once('C:\\xampp\\htdocs...')
#6 {main}
CRITICAL - 2022-04-23 15:36:15 --> Undefined index: id
#0 C:\xampp\htdocs\github\toko\modules\Produk\Controllers\DataTambahProduk.php(187): CodeIgniter\Debug\Exceptions->errorHandler(8, 'Undefined index...', 'C:\\xampp\\htdocs...', 187, Array)
#1 C:\xampp\htdocs\github\toko\vendor\codeigniter4\framework\system\CodeIgniter.php(940): Modules\Produk\Controllers\DataTambahProduk->saveproduk()
#2 C:\xampp\htdocs\github\toko\vendor\codeigniter4\framework\system\CodeIgniter.php(436): CodeIgniter\CodeIgniter->runController(Object(Modules\Produk\Controllers\DataTambahProduk))
#3 C:\xampp\htdocs\github\toko\vendor\codeigniter4\framework\system\CodeIgniter.php(337): CodeIgniter\CodeIgniter->handleRequest(NULL, Object(Config\Cache), false)
#4 C:\xampp\htdocs\github\toko\public\index.php(44): CodeIgniter\CodeIgniter->run()
#5 C:\xampp\htdocs\github\toko\vendor\codeigniter4\framework\system\Commands\Server\rewrite.php(45): require_once('C:\\xampp\\htdocs...')
#6 {main}
