CRITICAL - 2021-10-28 08:21:02 --> Undefined variable: link
#0 C:\xampp\htdocs\github\master\modules\Sosmed\Controllers\DataOperatorSosmed.php(146): CodeIgniter\Debug\Exceptions->errorHandler(8, 'Undefined varia...', 'C:\\xampp\\htdocs...', 146, Array)
#1 C:\xampp\htdocs\github\master\vendor\codeigniter4\framework\system\CodeIgniter.php(940): Modules\Sosmed\Controllers\DataOperatorSosmed->sosmedpendaftar('eccd7c5b7d29545...')
#2 C:\xampp\htdocs\github\master\vendor\codeigniter4\framework\system\CodeIgniter.php(436): CodeIgniter\CodeIgniter->runController(Object(Modules\Sosmed\Controllers\DataOperatorSosmed))
#3 C:\xampp\htdocs\github\master\vendor\codeigniter4\framework\system\CodeIgniter.php(337): CodeIgniter\CodeIgniter->handleRequest(NULL, Object(Config\Cache), false)
#4 C:\xampp\htdocs\github\master\public\index.php(44): CodeIgniter\CodeIgniter->run()
#5 C:\xampp\htdocs\github\master\vendor\codeigniter4\framework\system\Commands\Server\rewrite.php(45): require_once('C:\\xampp\\htdocs...')
#6 {main}
CRITICAL - 2021-10-28 08:21:19 --> Undefined index: namarelasi
#0 C:\xampp\htdocs\github\master\modules\Sosmed\Views\operatorsosmedpendaftar.php(90): CodeIgniter\Debug\Exceptions->errorHandler(8, 'Undefined index...', 'C:\\xampp\\htdocs...', 90, Array)
#1 C:\xampp\htdocs\github\master\vendor\codeigniter4\framework\system\View\View.php(220): include('C:\\xampp\\htdocs...')
#2 C:\xampp\htdocs\github\master\vendor\codeigniter4\framework\system\View\View.php(222): CodeIgniter\View\View->CodeIgniter\View\{closure}()
#3 C:\xampp\htdocs\github\master\vendor\codeigniter4\framework\system\Common.php(1217): CodeIgniter\View\View->render('Modules\\Sosmed\\...', Array, true)
#4 C:\xampp\htdocs\github\master\modules\Sosmed\Controllers\DataOperatorSosmed.php(151): view('Modules\\Sosmed\\...', Array)
#5 C:\xampp\htdocs\github\master\vendor\codeigniter4\framework\system\CodeIgniter.php(940): Modules\Sosmed\Controllers\DataOperatorSosmed->sosmedpendaftar('eccd7c5b7d29545...')
#6 C:\xampp\htdocs\github\master\vendor\codeigniter4\framework\system\CodeIgniter.php(436): CodeIgniter\CodeIgniter->runController(Object(Modules\Sosmed\Controllers\DataOperatorSosmed))
#7 C:\xampp\htdocs\github\master\vendor\codeigniter4\framework\system\CodeIgniter.php(337): CodeIgniter\CodeIgniter->handleRequest(NULL, Object(Config\Cache), false)
#8 C:\xampp\htdocs\github\master\public\index.php(44): CodeIgniter\CodeIgniter->run()
#9 C:\xampp\htdocs\github\master\vendor\codeigniter4\framework\system\Commands\Server\rewrite.php(45): require_once('C:\\xampp\\htdocs...')
#10 {main}
CRITICAL - 2021-10-28 08:31:28 --> Undefined variable: id
#0 C:\xampp\htdocs\github\master\modules\Sosmed\Controllers\DataOperatorSosmed.php(190): CodeIgniter\Debug\Exceptions->errorHandler(8, 'Undefined varia...', 'C:\\xampp\\htdocs...', 190, Array)
#1 C:\xampp\htdocs\github\master\vendor\codeigniter4\framework\system\CodeIgniter.php(940): Modules\Sosmed\Controllers\DataOperatorSosmed->approverejected()
#2 C:\xampp\htdocs\github\master\vendor\codeigniter4\framework\system\CodeIgniter.php(436): CodeIgniter\CodeIgniter->runController(Object(Modules\Sosmed\Controllers\DataOperatorSosmed))
#3 C:\xampp\htdocs\github\master\vendor\codeigniter4\framework\system\CodeIgniter.php(337): CodeIgniter\CodeIgniter->handleRequest(NULL, Object(Config\Cache), false)
#4 C:\xampp\htdocs\github\master\public\index.php(44): CodeIgniter\CodeIgniter->run()
#5 C:\xampp\htdocs\github\master\vendor\codeigniter4\framework\system\Commands\Server\rewrite.php(45): require_once('C:\\xampp\\htdocs...')
#6 {main}
CRITICAL - 2021-10-28 08:45:19 --> Class 'Modules\Menu\Models\ModelMenu' not found
#0 C:\xampp\htdocs\github\master\vendor\codeigniter4\framework\system\CodeIgniter.php(912): Modules\Menu\Controllers\DataMenu->__construct()
#1 C:\xampp\htdocs\github\master\vendor\codeigniter4\framework\system\CodeIgniter.php(426): CodeIgniter\CodeIgniter->createController()
#2 C:\xampp\htdocs\github\master\vendor\codeigniter4\framework\system\CodeIgniter.php(337): CodeIgniter\CodeIgniter->handleRequest(NULL, Object(Config\Cache), false)
#3 C:\xampp\htdocs\github\master\public\index.php(44): CodeIgniter\CodeIgniter->run()
#4 C:\xampp\htdocs\github\master\vendor\codeigniter4\framework\system\Commands\Server\rewrite.php(45): require_once('C:\\xampp\\htdocs...')
#5 {main}
CRITICAL - 2021-10-28 08:45:43 --> Argument 1 passed to CodeIgniter\Database\BaseBuilder::orderBy() must be of the type string, array given, called in C:\xampp\htdocs\github\master\modules\Menu\Controllers\DataMenu.php on line 38
#0 C:\xampp\htdocs\github\master\modules\Menu\Controllers\DataMenu.php(38): CodeIgniter\Database\BaseBuilder->orderBy(Array)
#1 C:\xampp\htdocs\github\master\vendor\codeigniter4\framework\system\CodeIgniter.php(940): Modules\Menu\Controllers\DataMenu->menu()
#2 C:\xampp\htdocs\github\master\vendor\codeigniter4\framework\system\CodeIgniter.php(436): CodeIgniter\CodeIgniter->runController(Object(Modules\Menu\Controllers\DataMenu))
#3 C:\xampp\htdocs\github\master\vendor\codeigniter4\framework\system\CodeIgniter.php(337): CodeIgniter\CodeIgniter->handleRequest(NULL, Object(Config\Cache), false)
#4 C:\xampp\htdocs\github\master\public\index.php(44): CodeIgniter\CodeIgniter->run()
#5 C:\xampp\htdocs\github\master\vendor\codeigniter4\framework\system\Commands\Server\rewrite.php(45): require_once('C:\\xampp\\htdocs...')
#6 {main}
CRITICAL - 2021-10-28 08:45:55 --> Argument 1 passed to CodeIgniter\Database\BaseBuilder::orderBy() must be of the type string, array given, called in C:\xampp\htdocs\github\master\modules\Menu\Controllers\DataMenu.php on line 40
#0 C:\xampp\htdocs\github\master\modules\Menu\Controllers\DataMenu.php(40): CodeIgniter\Database\BaseBuilder->orderBy(Array)
#1 C:\xampp\htdocs\github\master\vendor\codeigniter4\framework\system\CodeIgniter.php(940): Modules\Menu\Controllers\DataMenu->menu()
#2 C:\xampp\htdocs\github\master\vendor\codeigniter4\framework\system\CodeIgniter.php(436): CodeIgniter\CodeIgniter->runController(Object(Modules\Menu\Controllers\DataMenu))
#3 C:\xampp\htdocs\github\master\vendor\codeigniter4\framework\system\CodeIgniter.php(337): CodeIgniter\CodeIgniter->handleRequest(NULL, Object(Config\Cache), false)
#4 C:\xampp\htdocs\github\master\public\index.php(44): CodeIgniter\CodeIgniter->run()
#5 C:\xampp\htdocs\github\master\vendor\codeigniter4\framework\system\Commands\Server\rewrite.php(45): require_once('C:\\xampp\\htdocs...')
#6 {main}
CRITICAL - 2021-10-28 08:48:11 --> Call to a member function get_datatables() on null
#0 C:\xampp\htdocs\github\master\vendor\codeigniter4\framework\system\CodeIgniter.php(940): Modules\Menu\Controllers\DataMenu->datatabel()
#1 C:\xampp\htdocs\github\master\vendor\codeigniter4\framework\system\CodeIgniter.php(436): CodeIgniter\CodeIgniter->runController(Object(Modules\Menu\Controllers\DataMenu))
#2 C:\xampp\htdocs\github\master\vendor\codeigniter4\framework\system\CodeIgniter.php(337): CodeIgniter\CodeIgniter->handleRequest(NULL, Object(Config\Cache), false)
#3 C:\xampp\htdocs\github\master\public\index.php(44): CodeIgniter\CodeIgniter->run()
#4 C:\xampp\htdocs\github\master\vendor\codeigniter4\framework\system\Commands\Server\rewrite.php(45): require_once('C:\\xampp\\htdocs...')
#5 {main}
CRITICAL - 2021-10-28 08:52:10 --> Undefined variable: disabled
#0 C:\xampp\htdocs\github\master\modules\Menu\Views\menu.php(132): CodeIgniter\Debug\Exceptions->errorHandler(8, 'Undefined varia...', 'C:\\xampp\\htdocs...', 132, Array)
#1 C:\xampp\htdocs\github\master\vendor\codeigniter4\framework\system\View\View.php(220): include('C:\\xampp\\htdocs...')
#2 C:\xampp\htdocs\github\master\vendor\codeigniter4\framework\system\View\View.php(222): CodeIgniter\View\View->CodeIgniter\View\{closure}()
#3 C:\xampp\htdocs\github\master\vendor\codeigniter4\framework\system\Common.php(1217): CodeIgniter\View\View->render('Modules\\Menu\\Vi...', Array, true)
#4 C:\xampp\htdocs\github\master\modules\Menu\Controllers\DataMenu.php(52): view('Modules\\Menu\\Vi...', Array)
#5 C:\xampp\htdocs\github\master\vendor\codeigniter4\framework\system\CodeIgniter.php(940): Modules\Menu\Controllers\DataMenu->menu()
#6 C:\xampp\htdocs\github\master\vendor\codeigniter4\framework\system\CodeIgniter.php(436): CodeIgniter\CodeIgniter->runController(Object(Modules\Menu\Controllers\DataMenu))
#7 C:\xampp\htdocs\github\master\vendor\codeigniter4\framework\system\CodeIgniter.php(337): CodeIgniter\CodeIgniter->handleRequest(NULL, Object(Config\Cache), false)
#8 C:\xampp\htdocs\github\master\public\index.php(44): CodeIgniter\CodeIgniter->run()
#9 C:\xampp\htdocs\github\master\vendor\codeigniter4\framework\system\Commands\Server\rewrite.php(45): require_once('C:\\xampp\\htdocs...')
#10 {main}
CRITICAL - 2021-10-28 09:28:51 --> Invalid argument supplied for foreach()
#0 C:\xampp\htdocs\github\master\vendor\codeigniter4\framework\system\Database\BaseBuilder.php(377): CodeIgniter\Debug\Exceptions->errorHandler(2, 'Invalid argumen...', 'C:\\xampp\\htdocs...', 377, Array)
#1 C:\xampp\htdocs\github\master\app\Models\ModelMaster.php(175): CodeIgniter\Database\BaseBuilder->select(0)
#2 C:\xampp\htdocs\github\master\modules\Menu\Controllers\DataGroupMenu.php(27): App\Models\ModelMaster->tampildata('menu_group', Array, Array, NULL)
#3 C:\xampp\htdocs\github\master\vendor\codeigniter4\framework\system\CodeIgniter.php(940): Modules\Menu\Controllers\DataGroupMenu->group_menu()
#4 C:\xampp\htdocs\github\master\vendor\codeigniter4\framework\system\CodeIgniter.php(436): CodeIgniter\CodeIgniter->runController(Object(Modules\Menu\Controllers\DataGroupMenu))
#5 C:\xampp\htdocs\github\master\vendor\codeigniter4\framework\system\CodeIgniter.php(337): CodeIgniter\CodeIgniter->handleRequest(NULL, Object(Config\Cache), false)
#6 C:\xampp\htdocs\github\master\public\index.php(44): CodeIgniter\CodeIgniter->run()
#7 C:\xampp\htdocs\github\master\vendor\codeigniter4\framework\system\Commands\Server\rewrite.php(45): require_once('C:\\xampp\\htdocs...')
#8 {main}
CRITICAL - 2021-10-28 09:32:12 --> Undefined index: search
#0 C:\xampp\htdocs\github\master\app\Models\ModelMaster.php(179): CodeIgniter\Debug\Exceptions->errorHandler(8, 'Undefined index...', 'C:\\xampp\\htdocs...', 179, Array)
#1 C:\xampp\htdocs\github\master\modules\Menu\Controllers\DataGroupMenu.php(27): App\Models\ModelMaster->tampildata('menu_group', Array, Array, NULL)
#2 C:\xampp\htdocs\github\master\vendor\codeigniter4\framework\system\CodeIgniter.php(940): Modules\Menu\Controllers\DataGroupMenu->group_menu()
#3 C:\xampp\htdocs\github\master\vendor\codeigniter4\framework\system\CodeIgniter.php(436): CodeIgniter\CodeIgniter->runController(Object(Modules\Menu\Controllers\DataGroupMenu))
#4 C:\xampp\htdocs\github\master\vendor\codeigniter4\framework\system\CodeIgniter.php(337): CodeIgniter\CodeIgniter->handleRequest(NULL, Object(Config\Cache), false)
#5 C:\xampp\htdocs\github\master\public\index.php(44): CodeIgniter\CodeIgniter->run()
#6 C:\xampp\htdocs\github\master\vendor\codeigniter4\framework\system\Commands\Server\rewrite.php(45): require_once('C:\\xampp\\htdocs...')
#7 {main}
CRITICAL - 2021-10-28 09:33:54 --> Invalid argument supplied for foreach()
#0 C:\xampp\htdocs\github\master\vendor\codeigniter4\framework\system\Database\BaseBuilder.php(377): CodeIgniter\Debug\Exceptions->errorHandler(2, 'Invalid argumen...', 'C:\\xampp\\htdocs...', 377, Array)
#1 C:\xampp\htdocs\github\master\app\Models\ModelMaster.php(175): CodeIgniter\Database\BaseBuilder->select(0)
#2 C:\xampp\htdocs\github\master\modules\Menu\Controllers\DataGroupMenu.php(27): App\Models\ModelMaster->tampildata('menu_group', Array, Array, NULL)
#3 C:\xampp\htdocs\github\master\vendor\codeigniter4\framework\system\CodeIgniter.php(940): Modules\Menu\Controllers\DataGroupMenu->group_menu()
#4 C:\xampp\htdocs\github\master\vendor\codeigniter4\framework\system\CodeIgniter.php(436): CodeIgniter\CodeIgniter->runController(Object(Modules\Menu\Controllers\DataGroupMenu))
#5 C:\xampp\htdocs\github\master\vendor\codeigniter4\framework\system\CodeIgniter.php(337): CodeIgniter\CodeIgniter->handleRequest(NULL, Object(Config\Cache), false)
#6 C:\xampp\htdocs\github\master\public\index.php(44): CodeIgniter\CodeIgniter->run()
#7 C:\xampp\htdocs\github\master\vendor\codeigniter4\framework\system\Commands\Server\rewrite.php(45): require_once('C:\\xampp\\htdocs...')
#8 {main}
CRITICAL - 2021-10-28 09:34:13 --> Undefined offset: 0
#0 C:\xampp\htdocs\github\master\app\Models\ModelMaster.php(175): CodeIgniter\Debug\Exceptions->errorHandler(8, 'Undefined offse...', 'C:\\xampp\\htdocs...', 175, Array)
#1 C:\xampp\htdocs\github\master\modules\Menu\Controllers\DataGroupMenu.php(27): App\Models\ModelMaster->tampildata('menu_group', Array, Array, NULL)
#2 C:\xampp\htdocs\github\master\vendor\codeigniter4\framework\system\CodeIgniter.php(940): Modules\Menu\Controllers\DataGroupMenu->group_menu()
#3 C:\xampp\htdocs\github\master\vendor\codeigniter4\framework\system\CodeIgniter.php(436): CodeIgniter\CodeIgniter->runController(Object(Modules\Menu\Controllers\DataGroupMenu))
#4 C:\xampp\htdocs\github\master\vendor\codeigniter4\framework\system\CodeIgniter.php(337): CodeIgniter\CodeIgniter->handleRequest(NULL, Object(Config\Cache), false)
#5 C:\xampp\htdocs\github\master\public\index.php(44): CodeIgniter\CodeIgniter->run()
#6 C:\xampp\htdocs\github\master\vendor\codeigniter4\framework\system\Commands\Server\rewrite.php(45): require_once('C:\\xampp\\htdocs...')
#7 {main}
CRITICAL - 2021-10-28 10:04:10 --> Array to string conversion
#0 C:\xampp\htdocs\github\master\modules\Menu\Controllers\DataGroupMenu.php(31): CodeIgniter\Debug\Exceptions->errorHandler(8, 'Array to string...', 'C:\\xampp\\htdocs...', 31, Array)
#1 C:\xampp\htdocs\github\master\vendor\codeigniter4\framework\system\CodeIgniter.php(940): Modules\Menu\Controllers\DataGroupMenu->group_menu()
#2 C:\xampp\htdocs\github\master\vendor\codeigniter4\framework\system\CodeIgniter.php(436): CodeIgniter\CodeIgniter->runController(Object(Modules\Menu\Controllers\DataGroupMenu))
#3 C:\xampp\htdocs\github\master\vendor\codeigniter4\framework\system\CodeIgniter.php(337): CodeIgniter\CodeIgniter->handleRequest(NULL, Object(Config\Cache), false)
#4 C:\xampp\htdocs\github\master\public\index.php(44): CodeIgniter\CodeIgniter->run()
#5 C:\xampp\htdocs\github\master\vendor\codeigniter4\framework\system\Commands\Server\rewrite.php(45): require_once('C:\\xampp\\htdocs...')
#6 {main}
CRITICAL - 2021-10-28 10:07:22 --> Undefined variable: where
#0 C:\xampp\htdocs\github\master\modules\Menu\Controllers\DataGroupMenu.php(30): CodeIgniter\Debug\Exceptions->errorHandler(8, 'Undefined varia...', 'C:\\xampp\\htdocs...', 30, Array)
#1 C:\xampp\htdocs\github\master\vendor\codeigniter4\framework\system\CodeIgniter.php(940): Modules\Menu\Controllers\DataGroupMenu->group_menu()
#2 C:\xampp\htdocs\github\master\vendor\codeigniter4\framework\system\CodeIgniter.php(436): CodeIgniter\CodeIgniter->runController(Object(Modules\Menu\Controllers\DataGroupMenu))
#3 C:\xampp\htdocs\github\master\vendor\codeigniter4\framework\system\CodeIgniter.php(337): CodeIgniter\CodeIgniter->handleRequest(NULL, Object(Config\Cache), false)
#4 C:\xampp\htdocs\github\master\public\index.php(44): CodeIgniter\CodeIgniter->run()
#5 C:\xampp\htdocs\github\master\vendor\codeigniter4\framework\system\Commands\Server\rewrite.php(45): require_once('C:\\xampp\\htdocs...')
#6 {main}
CRITICAL - 2021-10-28 10:10:50 --> Undefined variable: select
#0 C:\xampp\htdocs\github\master\modules\Menu\Controllers\DataGroupMenu.php(30): CodeIgniter\Debug\Exceptions->errorHandler(8, 'Undefined varia...', 'C:\\xampp\\htdocs...', 30, Array)
#1 C:\xampp\htdocs\github\master\vendor\codeigniter4\framework\system\CodeIgniter.php(940): Modules\Menu\Controllers\DataGroupMenu->group_menu()
#2 C:\xampp\htdocs\github\master\vendor\codeigniter4\framework\system\CodeIgniter.php(436): CodeIgniter\CodeIgniter->runController(Object(Modules\Menu\Controllers\DataGroupMenu))
#3 C:\xampp\htdocs\github\master\vendor\codeigniter4\framework\system\CodeIgniter.php(337): CodeIgniter\CodeIgniter->handleRequest(NULL, Object(Config\Cache), false)
#4 C:\xampp\htdocs\github\master\public\index.php(44): CodeIgniter\CodeIgniter->run()
#5 C:\xampp\htdocs\github\master\vendor\codeigniter4\framework\system\Commands\Server\rewrite.php(45): require_once('C:\\xampp\\htdocs...')
#6 {main}
CRITICAL - 2021-10-28 10:11:56 --> key() expects parameter 1 to be array, string given
#0 [internal function]: CodeIgniter\Debug\Exceptions->errorHandler(2, 'key() expects p...', 'C:\\xampp\\htdocs...', 182, Array)
#1 C:\xampp\htdocs\github\master\app\Models\ModelMaster.php(182): key('nama_group')
#2 C:\xampp\htdocs\github\master\modules\Menu\Controllers\DataGroupMenu.php(30): App\Models\ModelMaster->tampildata('menu_group', Array, Array, 'nama_group')
#3 C:\xampp\htdocs\github\master\vendor\codeigniter4\framework\system\CodeIgniter.php(940): Modules\Menu\Controllers\DataGroupMenu->group_menu()
#4 C:\xampp\htdocs\github\master\vendor\codeigniter4\framework\system\CodeIgniter.php(436): CodeIgniter\CodeIgniter->runController(Object(Modules\Menu\Controllers\DataGroupMenu))
#5 C:\xampp\htdocs\github\master\vendor\codeigniter4\framework\system\CodeIgniter.php(337): CodeIgniter\CodeIgniter->handleRequest(NULL, Object(Config\Cache), false)
#6 C:\xampp\htdocs\github\master\public\index.php(44): CodeIgniter\CodeIgniter->run()
#7 C:\xampp\htdocs\github\master\vendor\codeigniter4\framework\system\Commands\Server\rewrite.php(45): require_once('C:\\xampp\\htdocs...')
#8 {main}
CRITICAL - 2021-10-28 10:17:50 --> Argument 1 passed to CodeIgniter\Database\BaseBuilder::orderBy() must be of the type string, array given, called in C:\xampp\htdocs\github\master\app\Models\ModelMaster.php on line 182
#0 C:\xampp\htdocs\github\master\app\Models\ModelMaster.php(182): CodeIgniter\Database\BaseBuilder->orderBy(Array)
#1 C:\xampp\htdocs\github\master\modules\Menu\Controllers\DataGroupMenu.php(30): App\Models\ModelMaster->tampildata('menu_group', 'nama_group,no_u...', Array, Array, 'nama_group')
#2 C:\xampp\htdocs\github\master\vendor\codeigniter4\framework\system\CodeIgniter.php(940): Modules\Menu\Controllers\DataGroupMenu->group_menu()
#3 C:\xampp\htdocs\github\master\vendor\codeigniter4\framework\system\CodeIgniter.php(436): CodeIgniter\CodeIgniter->runController(Object(Modules\Menu\Controllers\DataGroupMenu))
#4 C:\xampp\htdocs\github\master\vendor\codeigniter4\framework\system\CodeIgniter.php(337): CodeIgniter\CodeIgniter->handleRequest(NULL, Object(Config\Cache), false)
#5 C:\xampp\htdocs\github\master\public\index.php(44): CodeIgniter\CodeIgniter->run()
#6 C:\xampp\htdocs\github\master\vendor\codeigniter4\framework\system\Commands\Server\rewrite.php(45): require_once('C:\\xampp\\htdocs...')
#7 {main}
CRITICAL - 2021-10-28 10:20:03 --> Invalid argument supplied for foreach()
#0 C:\xampp\htdocs\github\master\vendor\codeigniter4\framework\system\Database\BaseBuilder.php(377): CodeIgniter\Debug\Exceptions->errorHandler(2, 'Invalid argumen...', 'C:\\xampp\\htdocs...', 377, Array)
#1 C:\xampp\htdocs\github\master\app\Models\ModelMaster.php(174): CodeIgniter\Database\BaseBuilder->select(NULL)
#2 C:\xampp\htdocs\github\master\modules\Menu\Controllers\DataGroupMenu.php(28): App\Models\ModelMaster->tampildata('menu_group', NULL, Array, Array, NULL)
#3 C:\xampp\htdocs\github\master\vendor\codeigniter4\framework\system\CodeIgniter.php(940): Modules\Menu\Controllers\DataGroupMenu->group_menu()
#4 C:\xampp\htdocs\github\master\vendor\codeigniter4\framework\system\CodeIgniter.php(436): CodeIgniter\CodeIgniter->runController(Object(Modules\Menu\Controllers\DataGroupMenu))
#5 C:\xampp\htdocs\github\master\vendor\codeigniter4\framework\system\CodeIgniter.php(337): CodeIgniter\CodeIgniter->handleRequest(NULL, Object(Config\Cache), false)
#6 C:\xampp\htdocs\github\master\public\index.php(44): CodeIgniter\CodeIgniter->run()
#7 C:\xampp\htdocs\github\master\vendor\codeigniter4\framework\system\Commands\Server\rewrite.php(45): require_once('C:\\xampp\\htdocs...')
#8 {main}
CRITICAL - 2021-10-28 10:20:30 --> Invalid argument supplied for foreach()
#0 C:\xampp\htdocs\github\master\vendor\codeigniter4\framework\system\Database\BaseBuilder.php(377): CodeIgniter\Debug\Exceptions->errorHandler(2, 'Invalid argumen...', 'C:\\xampp\\htdocs...', 377, Array)
#1 C:\xampp\htdocs\github\master\app\Models\ModelMaster.php(174): CodeIgniter\Database\BaseBuilder->select(NULL)
#2 C:\xampp\htdocs\github\master\modules\Menu\Controllers\DataGroupMenu.php(28): App\Models\ModelMaster->tampildata('menu_group', NULL, Array, Array, NULL)
#3 C:\xampp\htdocs\github\master\vendor\codeigniter4\framework\system\CodeIgniter.php(940): Modules\Menu\Controllers\DataGroupMenu->group_menu()
#4 C:\xampp\htdocs\github\master\vendor\codeigniter4\framework\system\CodeIgniter.php(436): CodeIgniter\CodeIgniter->runController(Object(Modules\Menu\Controllers\DataGroupMenu))
#5 C:\xampp\htdocs\github\master\vendor\codeigniter4\framework\system\CodeIgniter.php(337): CodeIgniter\CodeIgniter->handleRequest(NULL, Object(Config\Cache), false)
#6 C:\xampp\htdocs\github\master\public\index.php(44): CodeIgniter\CodeIgniter->run()
#7 C:\xampp\htdocs\github\master\vendor\codeigniter4\framework\system\Commands\Server\rewrite.php(45): require_once('C:\\xampp\\htdocs...')
#8 {main}
CRITICAL - 2021-10-28 10:30:37 --> Invalid file: Modules\ManageMenu\Views\group_menu.php
#0 C:\xampp\htdocs\github\master\vendor\codeigniter4\framework\system\View\View.php(203): CodeIgniter\Exceptions\FrameworkException::forInvalidFile('Modules\\ManageM...')
#1 C:\xampp\htdocs\github\master\vendor\codeigniter4\framework\system\Common.php(1217): CodeIgniter\View\View->render('Modules\\ManageM...', Array, true)
#2 C:\xampp\htdocs\github\master\modules\Menu\Controllers\DataGroupMenu.php(34): view('Modules\\ManageM...', Array)
#3 C:\xampp\htdocs\github\master\vendor\codeigniter4\framework\system\CodeIgniter.php(940): Modules\Menu\Controllers\DataGroupMenu->group_menu()
#4 C:\xampp\htdocs\github\master\vendor\codeigniter4\framework\system\CodeIgniter.php(436): CodeIgniter\CodeIgniter->runController(Object(Modules\Menu\Controllers\DataGroupMenu))
#5 C:\xampp\htdocs\github\master\vendor\codeigniter4\framework\system\CodeIgniter.php(337): CodeIgniter\CodeIgniter->handleRequest(NULL, Object(Config\Cache), false)
#6 C:\xampp\htdocs\github\master\public\index.php(44): CodeIgniter\CodeIgniter->run()
#7 C:\xampp\htdocs\github\master\vendor\codeigniter4\framework\system\Commands\Server\rewrite.php(45): require_once('C:\\xampp\\htdocs...')
#8 {main}
CRITICAL - 2021-10-28 10:40:05 --> You must set the database table to be used with your query.
#0 C:\xampp\htdocs\github\master\vendor\codeigniter4\framework\system\Model.php(615): CodeIgniter\Database\BaseConnection->table(NULL)
#1 C:\xampp\htdocs\github\master\vendor\codeigniter4\framework\system\Model.php(834): CodeIgniter\Model->builder()
#2 C:\xampp\htdocs\github\master\modules\Menu\Controllers\DataGroupMenu.php(25): CodeIgniter\Model->__call('tampildata', Array)
#3 C:\xampp\htdocs\github\master\vendor\codeigniter4\framework\system\CodeIgniter.php(940): Modules\Menu\Controllers\DataGroupMenu->group_menu()
#4 C:\xampp\htdocs\github\master\vendor\codeigniter4\framework\system\CodeIgniter.php(436): CodeIgniter\CodeIgniter->runController(Object(Modules\Menu\Controllers\DataGroupMenu))
#5 C:\xampp\htdocs\github\master\vendor\codeigniter4\framework\system\CodeIgniter.php(337): CodeIgniter\CodeIgniter->handleRequest(NULL, Object(Config\Cache), false)
#6 C:\xampp\htdocs\github\master\public\index.php(44): CodeIgniter\CodeIgniter->run()
#7 C:\xampp\htdocs\github\master\vendor\codeigniter4\framework\system\Commands\Server\rewrite.php(45): require_once('C:\\xampp\\htdocs...')
#8 {main}
CRITICAL - 2021-10-28 10:40:38 --> You must set the database table to be used with your query.
#0 C:\xampp\htdocs\github\master\vendor\codeigniter4\framework\system\Model.php(615): CodeIgniter\Database\BaseConnection->table(NULL)
#1 C:\xampp\htdocs\github\master\vendor\codeigniter4\framework\system\Model.php(834): CodeIgniter\Model->builder()
#2 C:\xampp\htdocs\github\master\modules\Menu\Controllers\DataGroupMenu.php(25): CodeIgniter\Model->__call('tampildata', Array)
#3 C:\xampp\htdocs\github\master\vendor\codeigniter4\framework\system\CodeIgniter.php(940): Modules\Menu\Controllers\DataGroupMenu->group_menu()
#4 C:\xampp\htdocs\github\master\vendor\codeigniter4\framework\system\CodeIgniter.php(436): CodeIgniter\CodeIgniter->runController(Object(Modules\Menu\Controllers\DataGroupMenu))
#5 C:\xampp\htdocs\github\master\vendor\codeigniter4\framework\system\CodeIgniter.php(337): CodeIgniter\CodeIgniter->handleRequest(NULL, Object(Config\Cache), false)
#6 C:\xampp\htdocs\github\master\public\index.php(44): CodeIgniter\CodeIgniter->run()
#7 C:\xampp\htdocs\github\master\vendor\codeigniter4\framework\system\Commands\Server\rewrite.php(45): require_once('C:\\xampp\\htdocs...')
#8 {main}
CRITICAL - 2021-10-28 10:41:09 --> You must set the database table to be used with your query.
#0 C:\xampp\htdocs\github\master\vendor\codeigniter4\framework\system\Model.php(615): CodeIgniter\Database\BaseConnection->table(NULL)
#1 C:\xampp\htdocs\github\master\vendor\codeigniter4\framework\system\Model.php(834): CodeIgniter\Model->builder()
#2 C:\xampp\htdocs\github\master\modules\Menu\Controllers\DataGroupMenu.php(25): CodeIgniter\Model->__call('tampildata', Array)
#3 C:\xampp\htdocs\github\master\vendor\codeigniter4\framework\system\CodeIgniter.php(940): Modules\Menu\Controllers\DataGroupMenu->group_menu()
#4 C:\xampp\htdocs\github\master\vendor\codeigniter4\framework\system\CodeIgniter.php(436): CodeIgniter\CodeIgniter->runController(Object(Modules\Menu\Controllers\DataGroupMenu))
#5 C:\xampp\htdocs\github\master\vendor\codeigniter4\framework\system\CodeIgniter.php(337): CodeIgniter\CodeIgniter->handleRequest(NULL, Object(Config\Cache), false)
#6 C:\xampp\htdocs\github\master\public\index.php(44): CodeIgniter\CodeIgniter->run()
#7 C:\xampp\htdocs\github\master\vendor\codeigniter4\framework\system\Commands\Server\rewrite.php(45): require_once('C:\\xampp\\htdocs...')
#8 {main}
CRITICAL - 2021-10-28 10:41:28 --> You must set the database table to be used with your query.
#0 C:\xampp\htdocs\github\master\vendor\codeigniter4\framework\system\Model.php(615): CodeIgniter\Database\BaseConnection->table(NULL)
#1 C:\xampp\htdocs\github\master\vendor\codeigniter4\framework\system\Model.php(834): CodeIgniter\Model->builder()
#2 C:\xampp\htdocs\github\master\modules\Menu\Controllers\DataGroupMenu.php(25): CodeIgniter\Model->__call('tampildata', Array)
#3 C:\xampp\htdocs\github\master\vendor\codeigniter4\framework\system\CodeIgniter.php(940): Modules\Menu\Controllers\DataGroupMenu->group_menu()
#4 C:\xampp\htdocs\github\master\vendor\codeigniter4\framework\system\CodeIgniter.php(436): CodeIgniter\CodeIgniter->runController(Object(Modules\Menu\Controllers\DataGroupMenu))
#5 C:\xampp\htdocs\github\master\vendor\codeigniter4\framework\system\CodeIgniter.php(337): CodeIgniter\CodeIgniter->handleRequest(NULL, Object(Config\Cache), false)
#6 C:\xampp\htdocs\github\master\public\index.php(44): CodeIgniter\CodeIgniter->run()
#7 C:\xampp\htdocs\github\master\vendor\codeigniter4\framework\system\Commands\Server\rewrite.php(45): require_once('C:\\xampp\\htdocs...')
#8 {main}
CRITICAL - 2021-10-28 10:41:46 --> You must set the database table to be used with your query.
#0 C:\xampp\htdocs\github\master\vendor\codeigniter4\framework\system\Model.php(615): CodeIgniter\Database\BaseConnection->table(NULL)
#1 C:\xampp\htdocs\github\master\vendor\codeigniter4\framework\system\Model.php(834): CodeIgniter\Model->builder()
#2 C:\xampp\htdocs\github\master\modules\Menu\Controllers\DataGroupMenu.php(25): CodeIgniter\Model->__call('tampildata', Array)
#3 C:\xampp\htdocs\github\master\vendor\codeigniter4\framework\system\CodeIgniter.php(940): Modules\Menu\Controllers\DataGroupMenu->group_menu()
#4 C:\xampp\htdocs\github\master\vendor\codeigniter4\framework\system\CodeIgniter.php(436): CodeIgniter\CodeIgniter->runController(Object(Modules\Menu\Controllers\DataGroupMenu))
#5 C:\xampp\htdocs\github\master\vendor\codeigniter4\framework\system\CodeIgniter.php(337): CodeIgniter\CodeIgniter->handleRequest(NULL, Object(Config\Cache), false)
#6 C:\xampp\htdocs\github\master\public\index.php(44): CodeIgniter\CodeIgniter->run()
#7 C:\xampp\htdocs\github\master\vendor\codeigniter4\framework\system\Commands\Server\rewrite.php(45): require_once('C:\\xampp\\htdocs...')
#8 {main}
CRITICAL - 2021-10-28 10:42:05 --> Undefined variable: status
#0 C:\xampp\htdocs\github\master\modules\Menu\Controllers\DataGroupMenu.php(179): CodeIgniter\Debug\Exceptions->errorHandler(8, 'Undefined varia...', 'C:\\xampp\\htdocs...', 179, Array)
#1 C:\xampp\htdocs\github\master\vendor\codeigniter4\framework\system\CodeIgniter.php(940): Modules\Menu\Controllers\DataGroupMenu->delete_groups_menu()
#2 C:\xampp\htdocs\github\master\vendor\codeigniter4\framework\system\CodeIgniter.php(436): CodeIgniter\CodeIgniter->runController(Object(Modules\Menu\Controllers\DataGroupMenu))
#3 C:\xampp\htdocs\github\master\vendor\codeigniter4\framework\system\CodeIgniter.php(337): CodeIgniter\CodeIgniter->handleRequest(NULL, Object(Config\Cache), false)
#4 C:\xampp\htdocs\github\master\public\index.php(44): CodeIgniter\CodeIgniter->run()
#5 C:\xampp\htdocs\github\master\vendor\codeigniter4\framework\system\Commands\Server\rewrite.php(45): require_once('C:\\xampp\\htdocs...')
#6 {main}
CRITICAL - 2021-10-28 10:52:33 --> Too few arguments to function App\Models\ModelMaster::datatambah(), 2 passed in C:\xampp\htdocs\github\master\modules\Menu\Controllers\DataGroupMenu.php on line 77 and exactly 3 expected
#0 C:\xampp\htdocs\github\master\modules\Menu\Controllers\DataGroupMenu.php(77): App\Models\ModelMaster->datatambah('menu_group', Array)
#1 C:\xampp\htdocs\github\master\vendor\codeigniter4\framework\system\CodeIgniter.php(940): Modules\Menu\Controllers\DataGroupMenu->tambah_group_menu()
#2 C:\xampp\htdocs\github\master\vendor\codeigniter4\framework\system\CodeIgniter.php(436): CodeIgniter\CodeIgniter->runController(Object(Modules\Menu\Controllers\DataGroupMenu))
#3 C:\xampp\htdocs\github\master\vendor\codeigniter4\framework\system\CodeIgniter.php(337): CodeIgniter\CodeIgniter->handleRequest(NULL, Object(Config\Cache), false)
#4 C:\xampp\htdocs\github\master\public\index.php(44): CodeIgniter\CodeIgniter->run()
#5 C:\xampp\htdocs\github\master\vendor\codeigniter4\framework\system\Commands\Server\rewrite.php(45): require_once('C:\\xampp\\htdocs...')
#6 {main}
CRITICAL - 2021-10-28 11:12:01 --> syntax error, unexpected end of file
#0 C:\xampp\htdocs\github\master\vendor\codeigniter4\framework\system\View\View.php(222): CodeIgniter\View\View->CodeIgniter\View\{closure}()
#1 C:\xampp\htdocs\github\master\vendor\codeigniter4\framework\system\Common.php(1217): CodeIgniter\View\View->render('Modules\\Menu\\Vi...', Array, true)
#2 C:\xampp\htdocs\github\master\modules\Menu\Controllers\DataSubMenu.php(47): view('Modules\\Menu\\Vi...', Array)
#3 C:\xampp\htdocs\github\master\vendor\codeigniter4\framework\system\CodeIgniter.php(940): Modules\Menu\Controllers\DataSubMenu->sub_menu()
#4 C:\xampp\htdocs\github\master\vendor\codeigniter4\framework\system\CodeIgniter.php(436): CodeIgniter\CodeIgniter->runController(Object(Modules\Menu\Controllers\DataSubMenu))
#5 C:\xampp\htdocs\github\master\vendor\codeigniter4\framework\system\CodeIgniter.php(337): CodeIgniter\CodeIgniter->handleRequest(NULL, Object(Config\Cache), false)
#6 C:\xampp\htdocs\github\master\public\index.php(44): CodeIgniter\CodeIgniter->run()
#7 C:\xampp\htdocs\github\master\vendor\codeigniter4\framework\system\Commands\Server\rewrite.php(45): require_once('C:\\xampp\\htdocs...')
#8 {main}
CRITICAL - 2021-10-28 11:19:13 --> Undefined index: no_urut
#0 C:\xampp\htdocs\github\master\modules\Menu\Views\sub_menu.php(155): CodeIgniter\Debug\Exceptions->errorHandler(8, 'Undefined index...', 'C:\\xampp\\htdocs...', 155, Array)
#1 C:\xampp\htdocs\github\master\vendor\codeigniter4\framework\system\View\View.php(220): include('C:\\xampp\\htdocs...')
#2 C:\xampp\htdocs\github\master\vendor\codeigniter4\framework\system\View\View.php(222): CodeIgniter\View\View->CodeIgniter\View\{closure}()
#3 C:\xampp\htdocs\github\master\vendor\codeigniter4\framework\system\Common.php(1217): CodeIgniter\View\View->render('Modules\\Menu\\Vi...', Array, true)
#4 C:\xampp\htdocs\github\master\modules\Menu\Controllers\DataSubMenu.php(47): view('Modules\\Menu\\Vi...', Array)
#5 C:\xampp\htdocs\github\master\vendor\codeigniter4\framework\system\CodeIgniter.php(940): Modules\Menu\Controllers\DataSubMenu->sub_menu()
#6 C:\xampp\htdocs\github\master\vendor\codeigniter4\framework\system\CodeIgniter.php(436): CodeIgniter\CodeIgniter->runController(Object(Modules\Menu\Controllers\DataSubMenu))
#7 C:\xampp\htdocs\github\master\vendor\codeigniter4\framework\system\CodeIgniter.php(337): CodeIgniter\CodeIgniter->handleRequest(NULL, Object(Config\Cache), false)
#8 C:\xampp\htdocs\github\master\public\index.php(44): CodeIgniter\CodeIgniter->run()
#9 C:\xampp\htdocs\github\master\vendor\codeigniter4\framework\system\Commands\Server\rewrite.php(45): require_once('C:\\xampp\\htdocs...')
#10 {main}
CRITICAL - 2021-10-28 11:19:43 --> Undefined index: no_urut
#0 C:\xampp\htdocs\github\master\modules\Menu\Views\sub_menu.php(155): CodeIgniter\Debug\Exceptions->errorHandler(8, 'Undefined index...', 'C:\\xampp\\htdocs...', 155, Array)
#1 C:\xampp\htdocs\github\master\vendor\codeigniter4\framework\system\View\View.php(220): include('C:\\xampp\\htdocs...')
#2 C:\xampp\htdocs\github\master\vendor\codeigniter4\framework\system\View\View.php(222): CodeIgniter\View\View->CodeIgniter\View\{closure}()
#3 C:\xampp\htdocs\github\master\vendor\codeigniter4\framework\system\Common.php(1217): CodeIgniter\View\View->render('Modules\\Menu\\Vi...', Array, true)
#4 C:\xampp\htdocs\github\master\modules\Menu\Controllers\DataSubMenu.php(47): view('Modules\\Menu\\Vi...', Array)
#5 C:\xampp\htdocs\github\master\vendor\codeigniter4\framework\system\CodeIgniter.php(940): Modules\Menu\Controllers\DataSubMenu->sub_menu()
#6 C:\xampp\htdocs\github\master\vendor\codeigniter4\framework\system\CodeIgniter.php(436): CodeIgniter\CodeIgniter->runController(Object(Modules\Menu\Controllers\DataSubMenu))
#7 C:\xampp\htdocs\github\master\vendor\codeigniter4\framework\system\CodeIgniter.php(337): CodeIgniter\CodeIgniter->handleRequest(NULL, Object(Config\Cache), false)
#8 C:\xampp\htdocs\github\master\public\index.php(44): CodeIgniter\CodeIgniter->run()
#9 C:\xampp\htdocs\github\master\vendor\codeigniter4\framework\system\Commands\Server\rewrite.php(45): require_once('C:\\xampp\\htdocs...')
#10 {main}
CRITICAL - 2021-10-28 11:46:45 --> Undefined variable: random
#0 C:\xampp\htdocs\github\master\modules\Users\Views\groups.php(42): CodeIgniter\Debug\Exceptions->errorHandler(8, 'Undefined varia...', 'C:\\xampp\\htdocs...', 42, Array)
#1 C:\xampp\htdocs\github\master\vendor\codeigniter4\framework\system\View\View.php(220): include('C:\\xampp\\htdocs...')
#2 C:\xampp\htdocs\github\master\vendor\codeigniter4\framework\system\View\View.php(222): CodeIgniter\View\View->CodeIgniter\View\{closure}()
#3 C:\xampp\htdocs\github\master\vendor\codeigniter4\framework\system\Common.php(1217): CodeIgniter\View\View->render('Modules\\Users\\V...', Array, true)
#4 C:\xampp\htdocs\github\master\modules\Users\Controllers\DataGroups.php(36): view('Modules\\Users\\V...', Array)
#5 C:\xampp\htdocs\github\master\vendor\codeigniter4\framework\system\CodeIgniter.php(940): Modules\Users\Controllers\DataGroups->index()
#6 C:\xampp\htdocs\github\master\vendor\codeigniter4\framework\system\CodeIgniter.php(436): CodeIgniter\CodeIgniter->runController(Object(Modules\Users\Controllers\DataGroups))
#7 C:\xampp\htdocs\github\master\vendor\codeigniter4\framework\system\CodeIgniter.php(337): CodeIgniter\CodeIgniter->handleRequest(NULL, Object(Config\Cache), false)
#8 C:\xampp\htdocs\github\master\public\index.php(44): CodeIgniter\CodeIgniter->run()
#9 C:\xampp\htdocs\github\master\vendor\codeigniter4\framework\system\Commands\Server\rewrite.php(45): require_once('C:\\xampp\\htdocs...')
#10 {main}
CRITICAL - 2021-10-28 11:47:10 --> Undefined variable: random
#0 C:\xampp\htdocs\github\master\modules\Users\Views\groups.php(56): CodeIgniter\Debug\Exceptions->errorHandler(8, 'Undefined varia...', 'C:\\xampp\\htdocs...', 56, Array)
#1 C:\xampp\htdocs\github\master\vendor\codeigniter4\framework\system\View\View.php(220): include('C:\\xampp\\htdocs...')
#2 C:\xampp\htdocs\github\master\vendor\codeigniter4\framework\system\View\View.php(222): CodeIgniter\View\View->CodeIgniter\View\{closure}()
#3 C:\xampp\htdocs\github\master\vendor\codeigniter4\framework\system\Common.php(1217): CodeIgniter\View\View->render('Modules\\Users\\V...', Array, true)
#4 C:\xampp\htdocs\github\master\modules\Users\Controllers\DataGroups.php(36): view('Modules\\Users\\V...', Array)
#5 C:\xampp\htdocs\github\master\vendor\codeigniter4\framework\system\CodeIgniter.php(940): Modules\Users\Controllers\DataGroups->index()
#6 C:\xampp\htdocs\github\master\vendor\codeigniter4\framework\system\CodeIgniter.php(436): CodeIgniter\CodeIgniter->runController(Object(Modules\Users\Controllers\DataGroups))
#7 C:\xampp\htdocs\github\master\vendor\codeigniter4\framework\system\CodeIgniter.php(337): CodeIgniter\CodeIgniter->handleRequest(NULL, Object(Config\Cache), false)
#8 C:\xampp\htdocs\github\master\public\index.php(44): CodeIgniter\CodeIgniter->run()
#9 C:\xampp\htdocs\github\master\vendor\codeigniter4\framework\system\Commands\Server\rewrite.php(45): require_once('C:\\xampp\\htdocs...')
#10 {main}
CRITICAL - 2021-10-28 11:47:17 --> Undefined variable: row
#0 C:\xampp\htdocs\github\master\modules\Users\Views\groups.php(59): CodeIgniter\Debug\Exceptions->errorHandler(8, 'Undefined varia...', 'C:\\xampp\\htdocs...', 59, Array)
#1 C:\xampp\htdocs\github\master\vendor\codeigniter4\framework\system\View\View.php(220): include('C:\\xampp\\htdocs...')
#2 C:\xampp\htdocs\github\master\vendor\codeigniter4\framework\system\View\View.php(222): CodeIgniter\View\View->CodeIgniter\View\{closure}()
#3 C:\xampp\htdocs\github\master\vendor\codeigniter4\framework\system\Common.php(1217): CodeIgniter\View\View->render('Modules\\Users\\V...', Array, true)
#4 C:\xampp\htdocs\github\master\modules\Users\Controllers\DataGroups.php(36): view('Modules\\Users\\V...', Array)
#5 C:\xampp\htdocs\github\master\vendor\codeigniter4\framework\system\CodeIgniter.php(940): Modules\Users\Controllers\DataGroups->index()
#6 C:\xampp\htdocs\github\master\vendor\codeigniter4\framework\system\CodeIgniter.php(436): CodeIgniter\CodeIgniter->runController(Object(Modules\Users\Controllers\DataGroups))
#7 C:\xampp\htdocs\github\master\vendor\codeigniter4\framework\system\CodeIgniter.php(337): CodeIgniter\CodeIgniter->handleRequest(NULL, Object(Config\Cache), false)
#8 C:\xampp\htdocs\github\master\public\index.php(44): CodeIgniter\CodeIgniter->run()
#9 C:\xampp\htdocs\github\master\vendor\codeigniter4\framework\system\Commands\Server\rewrite.php(45): require_once('C:\\xampp\\htdocs...')
#10 {main}
CRITICAL - 2021-10-28 11:54:25 --> You must set the database table to be used with your query.
#0 C:\xampp\htdocs\github\master\vendor\codeigniter4\framework\system\Model.php(615): CodeIgniter\Database\BaseConnection->table(NULL)
#1 C:\xampp\htdocs\github\master\vendor\codeigniter4\framework\system\Model.php(834): CodeIgniter\Model->builder()
#2 C:\xampp\htdocs\github\master\modules\Users\Controllers\DataGroups.php(122): CodeIgniter\Model->__call('datadelete', Array)
#3 C:\xampp\htdocs\github\master\vendor\codeigniter4\framework\system\CodeIgniter.php(940): Modules\Users\Controllers\DataGroups->delete_groups()
#4 C:\xampp\htdocs\github\master\vendor\codeigniter4\framework\system\CodeIgniter.php(436): CodeIgniter\CodeIgniter->runController(Object(Modules\Users\Controllers\DataGroups))
#5 C:\xampp\htdocs\github\master\vendor\codeigniter4\framework\system\CodeIgniter.php(337): CodeIgniter\CodeIgniter->handleRequest(NULL, Object(Config\Cache), false)
#6 C:\xampp\htdocs\github\master\public\index.php(44): CodeIgniter\CodeIgniter->run()
#7 C:\xampp\htdocs\github\master\vendor\codeigniter4\framework\system\Commands\Server\rewrite.php(45): require_once('C:\\xampp\\htdocs...')
#8 {main}
CRITICAL - 2021-10-28 11:55:34 --> You must set the database table to be used with your query.
#0 C:\xampp\htdocs\github\master\vendor\codeigniter4\framework\system\Model.php(615): CodeIgniter\Database\BaseConnection->table(NULL)
#1 C:\xampp\htdocs\github\master\vendor\codeigniter4\framework\system\Model.php(834): CodeIgniter\Model->builder()
#2 C:\xampp\htdocs\github\master\modules\Users\Controllers\DataGroups.php(122): CodeIgniter\Model->__call('datadelete', Array)
#3 C:\xampp\htdocs\github\master\vendor\codeigniter4\framework\system\CodeIgniter.php(940): Modules\Users\Controllers\DataGroups->delete_groups()
#4 C:\xampp\htdocs\github\master\vendor\codeigniter4\framework\system\CodeIgniter.php(436): CodeIgniter\CodeIgniter->runController(Object(Modules\Users\Controllers\DataGroups))
#5 C:\xampp\htdocs\github\master\vendor\codeigniter4\framework\system\CodeIgniter.php(337): CodeIgniter\CodeIgniter->handleRequest(NULL, Object(Config\Cache), false)
#6 C:\xampp\htdocs\github\master\public\index.php(44): CodeIgniter\CodeIgniter->run()
#7 C:\xampp\htdocs\github\master\vendor\codeigniter4\framework\system\Commands\Server\rewrite.php(45): require_once('C:\\xampp\\htdocs...')
#8 {main}
ERROR - 2021-10-28 11:56:05 --> mysqli_sql_exception: Unknown column 'random' in 'where clause' in C:\xampp\htdocs\github\master\vendor\codeigniter4\framework\system\Database\MySQLi\Connection.php:314
Stack trace:
#0 C:\xampp\htdocs\github\master\vendor\codeigniter4\framework\system\Database\MySQLi\Connection.php(314): mysqli->query('DELETE FROM `au...')
#1 C:\xampp\htdocs\github\master\vendor\codeigniter4\framework\system\Database\BaseConnection.php(713): CodeIgniter\Database\MySQLi\Connection->execute('DELETE FROM `au...')
#2 C:\xampp\htdocs\github\master\vendor\codeigniter4\framework\system\Database\BaseConnection.php(641): CodeIgniter\Database\BaseConnection->simpleQuery('DELETE FROM `au...')
#3 C:\xampp\htdocs\github\master\vendor\codeigniter4\framework\system\Database\BaseBuilder.php(2864): CodeIgniter\Database\BaseConnection->query('DELETE FROM `au...', Array, false)
#4 C:\xampp\htdocs\github\master\app\Models\ModelMaster.php(233): CodeIgniter\Database\BaseBuilder->delete()
#5 C:\xampp\htdocs\github\master\modules\Users\Controllers\DataGroups.php(122): App\Models\ModelMaster->datadelete('auth_groups', Array)
#6 C:\xampp\htdocs\github\master\vendor\codeigniter4\framework\system\CodeIgniter.php(940): Modules\Users\Controllers\DataGroups->delete_groups()
#7 C:\xampp\htdocs\github\master\vendor\codeigniter4\framework\system\CodeIgniter.php(436): CodeIgniter\CodeIgniter->runController(Object(Modules\Users\Controllers\DataGroups))
#8 C:\xampp\htdocs\github\master\vendor\codeigniter4\framework\system\CodeIgniter.php(337): CodeIgniter\CodeIgniter->handleRequest(NULL, Object(Config\Cache), false)
#9 C:\xampp\htdocs\github\master\public\index.php(44): CodeIgniter\CodeIgniter->run()
#10 C:\xampp\htdocs\github\master\vendor\codeigniter4\framework\system\Commands\Server\rewrite.php(45): require_once('C:\\xampp\\htdocs...')
#11 {main}
CRITICAL - 2021-10-28 11:56:05 --> Unknown column 'random' in 'where clause'
#0 C:\xampp\htdocs\github\master\vendor\codeigniter4\framework\system\Database\MySQLi\Connection.php(314): mysqli->query('DELETE FROM `au...')
#1 C:\xampp\htdocs\github\master\vendor\codeigniter4\framework\system\Database\BaseConnection.php(713): CodeIgniter\Database\MySQLi\Connection->execute('DELETE FROM `au...')
#2 C:\xampp\htdocs\github\master\vendor\codeigniter4\framework\system\Database\BaseConnection.php(641): CodeIgniter\Database\BaseConnection->simpleQuery('DELETE FROM `au...')
#3 C:\xampp\htdocs\github\master\vendor\codeigniter4\framework\system\Database\BaseBuilder.php(2864): CodeIgniter\Database\BaseConnection->query('DELETE FROM `au...', Array, false)
#4 C:\xampp\htdocs\github\master\app\Models\ModelMaster.php(233): CodeIgniter\Database\BaseBuilder->delete()
#5 C:\xampp\htdocs\github\master\modules\Users\Controllers\DataGroups.php(122): App\Models\ModelMaster->datadelete('auth_groups', Array)
#6 C:\xampp\htdocs\github\master\vendor\codeigniter4\framework\system\CodeIgniter.php(940): Modules\Users\Controllers\DataGroups->delete_groups()
#7 C:\xampp\htdocs\github\master\vendor\codeigniter4\framework\system\CodeIgniter.php(436): CodeIgniter\CodeIgniter->runController(Object(Modules\Users\Controllers\DataGroups))
#8 C:\xampp\htdocs\github\master\vendor\codeigniter4\framework\system\CodeIgniter.php(337): CodeIgniter\CodeIgniter->handleRequest(NULL, Object(Config\Cache), false)
#9 C:\xampp\htdocs\github\master\public\index.php(44): CodeIgniter\CodeIgniter->run()
#10 C:\xampp\htdocs\github\master\vendor\codeigniter4\framework\system\Commands\Server\rewrite.php(45): require_once('C:\\xampp\\htdocs...')
#11 {main}
CRITICAL - 2021-10-28 13:50:14 --> Undefined variable: group
#0 C:\xampp\htdocs\github\master\modules\Users\Controllers\DataGroupsPermissions.php(28): CodeIgniter\Debug\Exceptions->errorHandler(8, 'Undefined varia...', 'C:\\xampp\\htdocs...', 28, Array)
#1 C:\xampp\htdocs\github\master\vendor\codeigniter4\framework\system\CodeIgniter.php(940): Modules\Users\Controllers\DataGroupsPermissions->index()
#2 C:\xampp\htdocs\github\master\vendor\codeigniter4\framework\system\CodeIgniter.php(436): CodeIgniter\CodeIgniter->runController(Object(Modules\Users\Controllers\DataGroupsPermissions))
#3 C:\xampp\htdocs\github\master\vendor\codeigniter4\framework\system\CodeIgniter.php(337): CodeIgniter\CodeIgniter->handleRequest(NULL, Object(Config\Cache), false)
#4 C:\xampp\htdocs\github\master\public\index.php(44): CodeIgniter\CodeIgniter->run()
#5 C:\xampp\htdocs\github\master\vendor\codeigniter4\framework\system\Commands\Server\rewrite.php(45): require_once('C:\\xampp\\htdocs...')
#6 {main}
CRITICAL - 2021-10-28 13:50:25 --> Undefined property: Modules\Users\Controllers\DataGroupsPermissions::$db
#0 C:\xampp\htdocs\github\master\modules\Users\Controllers\DataGroupsPermissions.php(31): CodeIgniter\Debug\Exceptions->errorHandler(8, 'Undefined prope...', 'C:\\xampp\\htdocs...', 31, Array)
#1 C:\xampp\htdocs\github\master\vendor\codeigniter4\framework\system\CodeIgniter.php(940): Modules\Users\Controllers\DataGroupsPermissions->index()
#2 C:\xampp\htdocs\github\master\vendor\codeigniter4\framework\system\CodeIgniter.php(436): CodeIgniter\CodeIgniter->runController(Object(Modules\Users\Controllers\DataGroupsPermissions))
#3 C:\xampp\htdocs\github\master\vendor\codeigniter4\framework\system\CodeIgniter.php(337): CodeIgniter\CodeIgniter->handleRequest(NULL, Object(Config\Cache), false)
#4 C:\xampp\htdocs\github\master\public\index.php(44): CodeIgniter\CodeIgniter->run()
#5 C:\xampp\htdocs\github\master\vendor\codeigniter4\framework\system\Commands\Server\rewrite.php(45): require_once('C:\\xampp\\htdocs...')
#6 {main}
CRITICAL - 2021-10-28 13:50:56 --> Undefined variable: db
#0 C:\xampp\htdocs\github\master\modules\Users\Views\groups_permissions.php(64): CodeIgniter\Debug\Exceptions->errorHandler(8, 'Undefined varia...', 'C:\\xampp\\htdocs...', 64, Array)
#1 C:\xampp\htdocs\github\master\vendor\codeigniter4\framework\system\View\View.php(220): include('C:\\xampp\\htdocs...')
#2 C:\xampp\htdocs\github\master\vendor\codeigniter4\framework\system\View\View.php(222): CodeIgniter\View\View->CodeIgniter\View\{closure}()
#3 C:\xampp\htdocs\github\master\vendor\codeigniter4\framework\system\Common.php(1217): CodeIgniter\View\View->render('Modules\\Users\\V...', Array, true)
#4 C:\xampp\htdocs\github\master\modules\Users\Controllers\DataGroupsPermissions.php(53): view('Modules\\Users\\V...', Array)
#5 C:\xampp\htdocs\github\master\vendor\codeigniter4\framework\system\CodeIgniter.php(940): Modules\Users\Controllers\DataGroupsPermissions->index()
#6 C:\xampp\htdocs\github\master\vendor\codeigniter4\framework\system\CodeIgniter.php(436): CodeIgniter\CodeIgniter->runController(Object(Modules\Users\Controllers\DataGroupsPermissions))
#7 C:\xampp\htdocs\github\master\vendor\codeigniter4\framework\system\CodeIgniter.php(337): CodeIgniter\CodeIgniter->handleRequest(NULL, Object(Config\Cache), false)
#8 C:\xampp\htdocs\github\master\public\index.php(44): CodeIgniter\CodeIgniter->run()
#9 C:\xampp\htdocs\github\master\vendor\codeigniter4\framework\system\Commands\Server\rewrite.php(45): require_once('C:\\xampp\\htdocs...')
#10 {main}
CRITICAL - 2021-10-28 14:01:22 --> Undefined index: name
#0 C:\xampp\htdocs\github\master\modules\Users\Views\groups_permissions.php(134): CodeIgniter\Debug\Exceptions->errorHandler(8, 'Undefined index...', 'C:\\xampp\\htdocs...', 134, Array)
#1 C:\xampp\htdocs\github\master\vendor\codeigniter4\framework\system\View\View.php(220): include('C:\\xampp\\htdocs...')
#2 C:\xampp\htdocs\github\master\vendor\codeigniter4\framework\system\View\View.php(222): CodeIgniter\View\View->CodeIgniter\View\{closure}()
#3 C:\xampp\htdocs\github\master\vendor\codeigniter4\framework\system\Common.php(1217): CodeIgniter\View\View->render('Modules\\Users\\V...', Array, true)
#4 C:\xampp\htdocs\github\master\modules\Users\Controllers\DataGroupsPermissions.php(53): view('Modules\\Users\\V...', Array)
#5 C:\xampp\htdocs\github\master\vendor\codeigniter4\framework\system\CodeIgniter.php(940): Modules\Users\Controllers\DataGroupsPermissions->index()
#6 C:\xampp\htdocs\github\master\vendor\codeigniter4\framework\system\CodeIgniter.php(436): CodeIgniter\CodeIgniter->runController(Object(Modules\Users\Controllers\DataGroupsPermissions))
#7 C:\xampp\htdocs\github\master\vendor\codeigniter4\framework\system\CodeIgniter.php(337): CodeIgniter\CodeIgniter->handleRequest(NULL, Object(Config\Cache), false)
#8 C:\xampp\htdocs\github\master\public\index.php(44): CodeIgniter\CodeIgniter->run()
#9 C:\xampp\htdocs\github\master\vendor\codeigniter4\framework\system\Commands\Server\rewrite.php(45): require_once('C:\\xampp\\htdocs...')
#10 {main}
CRITICAL - 2021-10-28 14:37:25 --> Undefined variable: r
#0 C:\xampp\htdocs\github\master\modules\Users\Views\groups_permissions.php(173): CodeIgniter\Debug\Exceptions->errorHandler(8, 'Undefined varia...', 'C:\\xampp\\htdocs...', 173, Array)
#1 C:\xampp\htdocs\github\master\vendor\codeigniter4\framework\system\View\View.php(220): include('C:\\xampp\\htdocs...')
#2 C:\xampp\htdocs\github\master\vendor\codeigniter4\framework\system\View\View.php(222): CodeIgniter\View\View->CodeIgniter\View\{closure}()
#3 C:\xampp\htdocs\github\master\vendor\codeigniter4\framework\system\Common.php(1217): CodeIgniter\View\View->render('Modules\\Users\\V...', Array, true)
#4 C:\xampp\htdocs\github\master\modules\Users\Controllers\DataGroupsPermissions.php(51): view('Modules\\Users\\V...', Array)
#5 C:\xampp\htdocs\github\master\vendor\codeigniter4\framework\system\CodeIgniter.php(940): Modules\Users\Controllers\DataGroupsPermissions->index()
#6 C:\xampp\htdocs\github\master\vendor\codeigniter4\framework\system\CodeIgniter.php(436): CodeIgniter\CodeIgniter->runController(Object(Modules\Users\Controllers\DataGroupsPermissions))
#7 C:\xampp\htdocs\github\master\vendor\codeigniter4\framework\system\CodeIgniter.php(337): CodeIgniter\CodeIgniter->handleRequest(NULL, Object(Config\Cache), false)
#8 C:\xampp\htdocs\github\master\public\index.php(44): CodeIgniter\CodeIgniter->run()
#9 C:\xampp\htdocs\github\master\vendor\codeigniter4\framework\system\Commands\Server\rewrite.php(45): require_once('C:\\xampp\\htdocs...')
#10 {main}
CRITICAL - 2021-10-28 14:37:36 --> Undefined variable: r
#0 C:\xampp\htdocs\github\master\modules\Users\Views\groups_permissions.php(178): CodeIgniter\Debug\Exceptions->errorHandler(8, 'Undefined varia...', 'C:\\xampp\\htdocs...', 178, Array)
#1 C:\xampp\htdocs\github\master\vendor\codeigniter4\framework\system\View\View.php(220): include('C:\\xampp\\htdocs...')
#2 C:\xampp\htdocs\github\master\vendor\codeigniter4\framework\system\View\View.php(222): CodeIgniter\View\View->CodeIgniter\View\{closure}()
#3 C:\xampp\htdocs\github\master\vendor\codeigniter4\framework\system\Common.php(1217): CodeIgniter\View\View->render('Modules\\Users\\V...', Array, true)
#4 C:\xampp\htdocs\github\master\modules\Users\Controllers\DataGroupsPermissions.php(51): view('Modules\\Users\\V...', Array)
#5 C:\xampp\htdocs\github\master\vendor\codeigniter4\framework\system\CodeIgniter.php(940): Modules\Users\Controllers\DataGroupsPermissions->index()
#6 C:\xampp\htdocs\github\master\vendor\codeigniter4\framework\system\CodeIgniter.php(436): CodeIgniter\CodeIgniter->runController(Object(Modules\Users\Controllers\DataGroupsPermissions))
#7 C:\xampp\htdocs\github\master\vendor\codeigniter4\framework\system\CodeIgniter.php(337): CodeIgniter\CodeIgniter->handleRequest(NULL, Object(Config\Cache), false)
#8 C:\xampp\htdocs\github\master\public\index.php(44): CodeIgniter\CodeIgniter->run()
#9 C:\xampp\htdocs\github\master\vendor\codeigniter4\framework\system\Commands\Server\rewrite.php(45): require_once('C:\\xampp\\htdocs...')
#10 {main}
CRITICAL - 2021-10-28 14:48:03 --> syntax error, unexpected '<'
#0 C:\xampp\htdocs\github\master\vendor\codeigniter4\framework\system\View\View.php(222): CodeIgniter\View\View->CodeIgniter\View\{closure}()
#1 C:\xampp\htdocs\github\master\vendor\codeigniter4\framework\system\Common.php(1217): CodeIgniter\View\View->render('Modules\\Users\\V...', Array, true)
#2 C:\xampp\htdocs\github\master\modules\Users\Controllers\DataGroupsPermissions.php(51): view('Modules\\Users\\V...', Array)
#3 C:\xampp\htdocs\github\master\vendor\codeigniter4\framework\system\CodeIgniter.php(940): Modules\Users\Controllers\DataGroupsPermissions->index()
#4 C:\xampp\htdocs\github\master\vendor\codeigniter4\framework\system\CodeIgniter.php(436): CodeIgniter\CodeIgniter->runController(Object(Modules\Users\Controllers\DataGroupsPermissions))
#5 C:\xampp\htdocs\github\master\vendor\codeigniter4\framework\system\CodeIgniter.php(337): CodeIgniter\CodeIgniter->handleRequest(NULL, Object(Config\Cache), false)
#6 C:\xampp\htdocs\github\master\public\index.php(44): CodeIgniter\CodeIgniter->run()
#7 C:\xampp\htdocs\github\master\vendor\codeigniter4\framework\system\Commands\Server\rewrite.php(45): require_once('C:\\xampp\\htdocs...')
#8 {main}
CRITICAL - 2021-10-28 14:56:11 --> Undefined variable: random
#0 C:\xampp\htdocs\github\master\modules\Users\Views\groups_permissions.php(58): CodeIgniter\Debug\Exceptions->errorHandler(8, 'Undefined varia...', 'C:\\xampp\\htdocs...', 58, Array)
#1 C:\xampp\htdocs\github\master\vendor\codeigniter4\framework\system\View\View.php(220): include('C:\\xampp\\htdocs...')
#2 C:\xampp\htdocs\github\master\vendor\codeigniter4\framework\system\View\View.php(222): CodeIgniter\View\View->CodeIgniter\View\{closure}()
#3 C:\xampp\htdocs\github\master\vendor\codeigniter4\framework\system\Common.php(1217): CodeIgniter\View\View->render('Modules\\Users\\V...', Array, true)
#4 C:\xampp\htdocs\github\master\modules\Users\Controllers\DataGroupsPermissions.php(51): view('Modules\\Users\\V...', Array)
#5 C:\xampp\htdocs\github\master\vendor\codeigniter4\framework\system\CodeIgniter.php(940): Modules\Users\Controllers\DataGroupsPermissions->index()
#6 C:\xampp\htdocs\github\master\vendor\codeigniter4\framework\system\CodeIgniter.php(436): CodeIgniter\CodeIgniter->runController(Object(Modules\Users\Controllers\DataGroupsPermissions))
#7 C:\xampp\htdocs\github\master\vendor\codeigniter4\framework\system\CodeIgniter.php(337): CodeIgniter\CodeIgniter->handleRequest(NULL, Object(Config\Cache), false)
#8 C:\xampp\htdocs\github\master\public\index.php(44): CodeIgniter\CodeIgniter->run()
#9 C:\xampp\htdocs\github\master\vendor\codeigniter4\framework\system\Commands\Server\rewrite.php(45): require_once('C:\\xampp\\htdocs...')
#10 {main}
CRITICAL - 2021-10-28 14:56:56 --> Undefined variable: random
#0 C:\xampp\htdocs\github\master\modules\Users\Views\groups_permissions.php(69): CodeIgniter\Debug\Exceptions->errorHandler(8, 'Undefined varia...', 'C:\\xampp\\htdocs...', 69, Array)
#1 C:\xampp\htdocs\github\master\vendor\codeigniter4\framework\system\View\View.php(220): include('C:\\xampp\\htdocs...')
#2 C:\xampp\htdocs\github\master\vendor\codeigniter4\framework\system\View\View.php(222): CodeIgniter\View\View->CodeIgniter\View\{closure}()
#3 C:\xampp\htdocs\github\master\vendor\codeigniter4\framework\system\Common.php(1217): CodeIgniter\View\View->render('Modules\\Users\\V...', Array, true)
#4 C:\xampp\htdocs\github\master\modules\Users\Controllers\DataGroupsPermissions.php(51): view('Modules\\Users\\V...', Array)
#5 C:\xampp\htdocs\github\master\vendor\codeigniter4\framework\system\CodeIgniter.php(940): Modules\Users\Controllers\DataGroupsPermissions->index()
#6 C:\xampp\htdocs\github\master\vendor\codeigniter4\framework\system\CodeIgniter.php(436): CodeIgniter\CodeIgniter->runController(Object(Modules\Users\Controllers\DataGroupsPermissions))
#7 C:\xampp\htdocs\github\master\vendor\codeigniter4\framework\system\CodeIgniter.php(337): CodeIgniter\CodeIgniter->handleRequest(NULL, Object(Config\Cache), false)
#8 C:\xampp\htdocs\github\master\public\index.php(44): CodeIgniter\CodeIgniter->run()
#9 C:\xampp\htdocs\github\master\vendor\codeigniter4\framework\system\Commands\Server\rewrite.php(45): require_once('C:\\xampp\\htdocs...')
#10 {main}
CRITICAL - 2021-10-28 14:57:37 --> Undefined variable: random
#0 C:\xampp\htdocs\github\master\modules\Users\Views\groups_permissions.php(99): CodeIgniter\Debug\Exceptions->errorHandler(8, 'Undefined varia...', 'C:\\xampp\\htdocs...', 99, Array)
#1 C:\xampp\htdocs\github\master\vendor\codeigniter4\framework\system\View\View.php(220): include('C:\\xampp\\htdocs...')
#2 C:\xampp\htdocs\github\master\vendor\codeigniter4\framework\system\View\View.php(222): CodeIgniter\View\View->CodeIgniter\View\{closure}()
#3 C:\xampp\htdocs\github\master\vendor\codeigniter4\framework\system\Common.php(1217): CodeIgniter\View\View->render('Modules\\Users\\V...', Array, true)
#4 C:\xampp\htdocs\github\master\modules\Users\Controllers\DataGroupsPermissions.php(51): view('Modules\\Users\\V...', Array)
#5 C:\xampp\htdocs\github\master\vendor\codeigniter4\framework\system\CodeIgniter.php(940): Modules\Users\Controllers\DataGroupsPermissions->index()
#6 C:\xampp\htdocs\github\master\vendor\codeigniter4\framework\system\CodeIgniter.php(436): CodeIgniter\CodeIgniter->runController(Object(Modules\Users\Controllers\DataGroupsPermissions))
#7 C:\xampp\htdocs\github\master\vendor\codeigniter4\framework\system\CodeIgniter.php(337): CodeIgniter\CodeIgniter->handleRequest(NULL, Object(Config\Cache), false)
#8 C:\xampp\htdocs\github\master\public\index.php(44): CodeIgniter\CodeIgniter->run()
#9 C:\xampp\htdocs\github\master\vendor\codeigniter4\framework\system\Commands\Server\rewrite.php(45): require_once('C:\\xampp\\htdocs...')
#10 {main}
CRITICAL - 2021-10-28 15:07:47 --> Undefined variable: status
#0 C:\xampp\htdocs\github\master\modules\Users\Controllers\DataGroupsPermissions.php(172): CodeIgniter\Debug\Exceptions->errorHandler(8, 'Undefined varia...', 'C:\\xampp\\htdocs...', 172, Array)
#1 C:\xampp\htdocs\github\master\vendor\codeigniter4\framework\system\CodeIgniter.php(940): Modules\Users\Controllers\DataGroupsPermissions->delete_groups_permissions()
#2 C:\xampp\htdocs\github\master\vendor\codeigniter4\framework\system\CodeIgniter.php(436): CodeIgniter\CodeIgniter->runController(Object(Modules\Users\Controllers\DataGroupsPermissions))
#3 C:\xampp\htdocs\github\master\vendor\codeigniter4\framework\system\CodeIgniter.php(337): CodeIgniter\CodeIgniter->handleRequest(NULL, Object(Config\Cache), false)
#4 C:\xampp\htdocs\github\master\public\index.php(44): CodeIgniter\CodeIgniter->run()
#5 C:\xampp\htdocs\github\master\vendor\codeigniter4\framework\system\Commands\Server\rewrite.php(45): require_once('C:\\xampp\\htdocs...')
#6 {main}
CRITICAL - 2021-10-28 15:42:55 --> Undefined variable: users
#0 C:\xampp\htdocs\github\master\modules\Users\Controllers\DataUsers.php(300): CodeIgniter\Debug\Exceptions->errorHandler(8, 'Undefined varia...', 'C:\\xampp\\htdocs...', 300, Array)
#1 C:\xampp\htdocs\github\master\vendor\codeigniter4\framework\system\CodeIgniter.php(940): Modules\Users\Controllers\DataUsers->edit_users()
#2 C:\xampp\htdocs\github\master\vendor\codeigniter4\framework\system\CodeIgniter.php(436): CodeIgniter\CodeIgniter->runController(Object(Modules\Users\Controllers\DataUsers))
#3 C:\xampp\htdocs\github\master\vendor\codeigniter4\framework\system\CodeIgniter.php(337): CodeIgniter\CodeIgniter->handleRequest(NULL, Object(Config\Cache), false)
#4 C:\xampp\htdocs\github\master\public\index.php(44): CodeIgniter\CodeIgniter->run()
#5 C:\xampp\htdocs\github\master\vendor\codeigniter4\framework\system\Commands\Server\rewrite.php(45): require_once('C:\\xampp\\htdocs...')
#6 {main}
CRITICAL - 2021-10-28 15:43:22 --> Trying to access array offset on value of type null
#0 C:\xampp\htdocs\github\master\modules\Users\Controllers\DataUsers.php(305): CodeIgniter\Debug\Exceptions->errorHandler(8, 'Trying to acces...', 'C:\\xampp\\htdocs...', 305, Array)
#1 C:\xampp\htdocs\github\master\vendor\codeigniter4\framework\system\CodeIgniter.php(940): Modules\Users\Controllers\DataUsers->edit_users()
#2 C:\xampp\htdocs\github\master\vendor\codeigniter4\framework\system\CodeIgniter.php(436): CodeIgniter\CodeIgniter->runController(Object(Modules\Users\Controllers\DataUsers))
#3 C:\xampp\htdocs\github\master\vendor\codeigniter4\framework\system\CodeIgniter.php(337): CodeIgniter\CodeIgniter->handleRequest(NULL, Object(Config\Cache), false)
#4 C:\xampp\htdocs\github\master\public\index.php(44): CodeIgniter\CodeIgniter->run()
#5 C:\xampp\htdocs\github\master\vendor\codeigniter4\framework\system\Commands\Server\rewrite.php(45): require_once('C:\\xampp\\htdocs...')
#6 {main}
CRITICAL - 2021-10-28 15:44:45 --> Too few arguments to function App\Models\ModelMaster::dataedit(), 2 passed in C:\xampp\htdocs\github\master\modules\Users\Controllers\DataUsers.php on line 313 and exactly 3 expected
#0 C:\xampp\htdocs\github\master\modules\Users\Controllers\DataUsers.php(313): App\Models\ModelMaster->dataedit('1', '10')
#1 C:\xampp\htdocs\github\master\vendor\codeigniter4\framework\system\CodeIgniter.php(940): Modules\Users\Controllers\DataUsers->edit_users()
#2 C:\xampp\htdocs\github\master\vendor\codeigniter4\framework\system\CodeIgniter.php(436): CodeIgniter\CodeIgniter->runController(Object(Modules\Users\Controllers\DataUsers))
#3 C:\xampp\htdocs\github\master\vendor\codeigniter4\framework\system\CodeIgniter.php(337): CodeIgniter\CodeIgniter->handleRequest(NULL, Object(Config\Cache), false)
#4 C:\xampp\htdocs\github\master\public\index.php(44): CodeIgniter\CodeIgniter->run()
#5 C:\xampp\htdocs\github\master\vendor\codeigniter4\framework\system\Commands\Server\rewrite.php(45): require_once('C:\\xampp\\htdocs...')
#6 {main}
CRITICAL - 2021-10-28 16:01:48 --> Undefined variable: db
#0 C:\xampp\htdocs\github\master\modules\Users\Controllers\DataUsers.php(347): CodeIgniter\Debug\Exceptions->errorHandler(8, 'Undefined varia...', 'C:\\xampp\\htdocs...', 347, Array)
#1 C:\xampp\htdocs\github\master\vendor\codeigniter4\framework\system\CodeIgniter.php(940): Modules\Users\Controllers\DataUsers->profile('db14e6b29337f00...')
#2 C:\xampp\htdocs\github\master\vendor\codeigniter4\framework\system\CodeIgniter.php(436): CodeIgniter\CodeIgniter->runController(Object(Modules\Users\Controllers\DataUsers))
#3 C:\xampp\htdocs\github\master\vendor\codeigniter4\framework\system\CodeIgniter.php(337): CodeIgniter\CodeIgniter->handleRequest(NULL, Object(Config\Cache), false)
#4 C:\xampp\htdocs\github\master\public\index.php(44): CodeIgniter\CodeIgniter->run()
#5 C:\xampp\htdocs\github\master\vendor\codeigniter4\framework\system\Commands\Server\rewrite.php(45): require_once('C:\\xampp\\htdocs...')
#6 {main}
CRITICAL - 2021-10-28 16:05:15 --> Undefined index: image_user
#0 C:\xampp\htdocs\github\master\modules\Users\Views\profile.php(31): CodeIgniter\Debug\Exceptions->errorHandler(8, 'Undefined index...', 'C:\\xampp\\htdocs...', 31, Array)
#1 C:\xampp\htdocs\github\master\vendor\codeigniter4\framework\system\View\View.php(220): include('C:\\xampp\\htdocs...')
#2 C:\xampp\htdocs\github\master\vendor\codeigniter4\framework\system\View\View.php(222): CodeIgniter\View\View->CodeIgniter\View\{closure}()
#3 C:\xampp\htdocs\github\master\vendor\codeigniter4\framework\system\Common.php(1217): CodeIgniter\View\View->render('Modules\\Users\\V...', Array, true)
#4 C:\xampp\htdocs\github\master\modules\Users\Controllers\DataUsers.php(366): view('Modules\\Users\\V...', Array)
#5 C:\xampp\htdocs\github\master\vendor\codeigniter4\framework\system\CodeIgniter.php(940): Modules\Users\Controllers\DataUsers->profile('db14e6b29337f00...')
#6 C:\xampp\htdocs\github\master\vendor\codeigniter4\framework\system\CodeIgniter.php(436): CodeIgniter\CodeIgniter->runController(Object(Modules\Users\Controllers\DataUsers))
#7 C:\xampp\htdocs\github\master\vendor\codeigniter4\framework\system\CodeIgniter.php(337): CodeIgniter\CodeIgniter->handleRequest(NULL, Object(Config\Cache), false)
#8 C:\xampp\htdocs\github\master\public\index.php(44): CodeIgniter\CodeIgniter->run()
#9 C:\xampp\htdocs\github\master\vendor\codeigniter4\framework\system\Commands\Server\rewrite.php(45): require_once('C:\\xampp\\htdocs...')
#10 {main}
CRITICAL - 2021-10-28 16:23:08 --> You must set the database table to be used with your query.
#0 C:\xampp\htdocs\github\master\vendor\codeigniter4\framework\system\Model.php(615): CodeIgniter\Database\BaseConnection->table(NULL)
#1 C:\xampp\htdocs\github\master\vendor\codeigniter4\framework\system\Model.php(834): CodeIgniter\Model->builder()
#2 C:\xampp\htdocs\github\master\modules\Users\Controllers\DataUsers.php(471): CodeIgniter\Model->__call('datasave', Array)
#3 C:\xampp\htdocs\github\master\vendor\codeigniter4\framework\system\CodeIgniter.php(940): Modules\Users\Controllers\DataUsers->edit_profile()
#4 C:\xampp\htdocs\github\master\vendor\codeigniter4\framework\system\CodeIgniter.php(436): CodeIgniter\CodeIgniter->runController(Object(Modules\Users\Controllers\DataUsers))
#5 C:\xampp\htdocs\github\master\vendor\codeigniter4\framework\system\CodeIgniter.php(337): CodeIgniter\CodeIgniter->handleRequest(NULL, Object(Config\Cache), false)
#6 C:\xampp\htdocs\github\master\public\index.php(44): CodeIgniter\CodeIgniter->run()
#7 C:\xampp\htdocs\github\master\vendor\codeigniter4\framework\system\Commands\Server\rewrite.php(45): require_once('C:\\xampp\\htdocs...')
#8 {main}
