CRITICAL - 2022-04-21 09:57:00 --> Undefined variable: randomclub
#0 C:\xampp\htdocs\github\toko\modules\Produk\Views\tambahproduk.php(50): CodeIgniter\Debug\Exceptions->errorHandler(8, 'Undefined varia...', 'C:\\xampp\\htdocs...', 50, Array)
#1 C:\xampp\htdocs\github\toko\vendor\codeigniter4\framework\system\View\View.php(220): include('C:\\xampp\\htdocs...')
#2 C:\xampp\htdocs\github\toko\vendor\codeigniter4\framework\system\View\View.php(222): CodeIgniter\View\View->CodeIgniter\View\{closure}()
#3 C:\xampp\htdocs\github\toko\vendor\codeigniter4\framework\system\Common.php(1217): CodeIgniter\View\View->render('Modules\\Produk\\...', Array, true)
#4 C:\xampp\htdocs\github\toko\modules\Produk\Controllers\DataTambahProduk.php(31): view('Modules\\Produk\\...', Array)
#5 C:\xampp\htdocs\github\toko\vendor\codeigniter4\framework\system\CodeIgniter.php(940): Modules\Produk\Controllers\DataTambahProduk->index()
#6 C:\xampp\htdocs\github\toko\vendor\codeigniter4\framework\system\CodeIgniter.php(436): CodeIgniter\CodeIgniter->runController(Object(Modules\Produk\Controllers\DataTambahProduk))
#7 C:\xampp\htdocs\github\toko\vendor\codeigniter4\framework\system\CodeIgniter.php(337): CodeIgniter\CodeIgniter->handleRequest(NULL, Object(Config\Cache), false)
#8 C:\xampp\htdocs\github\toko\public\index.php(44): CodeIgniter\CodeIgniter->run()
#9 C:\xampp\htdocs\github\toko\vendor\codeigniter4\framework\system\Commands\Server\rewrite.php(45): require_once('C:\\xampp\\htdocs...')
#10 {main}
CRITICAL - 2022-04-21 09:57:19 --> strpos(): Empty needle
#0 [internal function]: CodeIgniter\Debug\Exceptions->errorHandler(2, 'strpos(): Empty...', 'C:\\xampp\\htdocs...', 1227, Array)
#1 C:\xampp\htdocs\github\toko\vendor\codeigniter4\framework\system\Router\RouteCollection.php(1227): strpos('Modules\\Layout\\...', '')
#2 C:\xampp\htdocs\github\toko\vendor\codeigniter4\framework\system\Common.php(979): CodeIgniter\Router\RouteCollection->reverseRoute('')
#3 C:\xampp\htdocs\github\toko\modules\Produk\Views\tambahproduk.php(47): route_to('')
#4 C:\xampp\htdocs\github\toko\vendor\codeigniter4\framework\system\View\View.php(220): include('C:\\xampp\\htdocs...')
#5 C:\xampp\htdocs\github\toko\vendor\codeigniter4\framework\system\View\View.php(222): CodeIgniter\View\View->CodeIgniter\View\{closure}()
#6 C:\xampp\htdocs\github\toko\vendor\codeigniter4\framework\system\Common.php(1217): CodeIgniter\View\View->render('Modules\\Produk\\...', Array, true)
#7 C:\xampp\htdocs\github\toko\modules\Produk\Controllers\DataTambahProduk.php(31): view('Modules\\Produk\\...', Array)
#8 C:\xampp\htdocs\github\toko\vendor\codeigniter4\framework\system\CodeIgniter.php(940): Modules\Produk\Controllers\DataTambahProduk->index()
#9 C:\xampp\htdocs\github\toko\vendor\codeigniter4\framework\system\CodeIgniter.php(436): CodeIgniter\CodeIgniter->runController(Object(Modules\Produk\Controllers\DataTambahProduk))
#10 C:\xampp\htdocs\github\toko\vendor\codeigniter4\framework\system\CodeIgniter.php(337): CodeIgniter\CodeIgniter->handleRequest(NULL, Object(Config\Cache), false)
#11 C:\xampp\htdocs\github\toko\public\index.php(44): CodeIgniter\CodeIgniter->run()
#12 C:\xampp\htdocs\github\toko\vendor\codeigniter4\framework\system\Commands\Server\rewrite.php(45): require_once('C:\\xampp\\htdocs...')
#13 {main}
CRITICAL - 2022-04-21 09:57:21 --> strpos(): Empty needle
#0 [internal function]: CodeIgniter\Debug\Exceptions->errorHandler(2, 'strpos(): Empty...', 'C:\\xampp\\htdocs...', 1227, Array)
#1 C:\xampp\htdocs\github\toko\vendor\codeigniter4\framework\system\Router\RouteCollection.php(1227): strpos('Modules\\Layout\\...', '')
#2 C:\xampp\htdocs\github\toko\vendor\codeigniter4\framework\system\Common.php(979): CodeIgniter\Router\RouteCollection->reverseRoute('')
#3 C:\xampp\htdocs\github\toko\modules\Produk\Views\tambahproduk.php(47): route_to('')
#4 C:\xampp\htdocs\github\toko\vendor\codeigniter4\framework\system\View\View.php(220): include('C:\\xampp\\htdocs...')
#5 C:\xampp\htdocs\github\toko\vendor\codeigniter4\framework\system\View\View.php(222): CodeIgniter\View\View->CodeIgniter\View\{closure}()
#6 C:\xampp\htdocs\github\toko\vendor\codeigniter4\framework\system\Common.php(1217): CodeIgniter\View\View->render('Modules\\Produk\\...', Array, true)
#7 C:\xampp\htdocs\github\toko\modules\Produk\Controllers\DataTambahProduk.php(31): view('Modules\\Produk\\...', Array)
#8 C:\xampp\htdocs\github\toko\vendor\codeigniter4\framework\system\CodeIgniter.php(940): Modules\Produk\Controllers\DataTambahProduk->index()
#9 C:\xampp\htdocs\github\toko\vendor\codeigniter4\framework\system\CodeIgniter.php(436): CodeIgniter\CodeIgniter->runController(Object(Modules\Produk\Controllers\DataTambahProduk))
#10 C:\xampp\htdocs\github\toko\vendor\codeigniter4\framework\system\CodeIgniter.php(337): CodeIgniter\CodeIgniter->handleRequest(NULL, Object(Config\Cache), false)
#11 C:\xampp\htdocs\github\toko\public\index.php(44): CodeIgniter\CodeIgniter->run()
#12 C:\xampp\htdocs\github\toko\vendor\codeigniter4\framework\system\Commands\Server\rewrite.php(45): require_once('C:\\xampp\\htdocs...')
#13 {main}
CRITICAL - 2022-04-21 09:57:22 --> strpos(): Empty needle
#0 [internal function]: CodeIgniter\Debug\Exceptions->errorHandler(2, 'strpos(): Empty...', 'C:\\xampp\\htdocs...', 1227, Array)
#1 C:\xampp\htdocs\github\toko\vendor\codeigniter4\framework\system\Router\RouteCollection.php(1227): strpos('Modules\\Layout\\...', '')
#2 C:\xampp\htdocs\github\toko\vendor\codeigniter4\framework\system\Common.php(979): CodeIgniter\Router\RouteCollection->reverseRoute('')
#3 C:\xampp\htdocs\github\toko\modules\Produk\Views\tambahproduk.php(47): route_to('')
#4 C:\xampp\htdocs\github\toko\vendor\codeigniter4\framework\system\View\View.php(220): include('C:\\xampp\\htdocs...')
#5 C:\xampp\htdocs\github\toko\vendor\codeigniter4\framework\system\View\View.php(222): CodeIgniter\View\View->CodeIgniter\View\{closure}()
#6 C:\xampp\htdocs\github\toko\vendor\codeigniter4\framework\system\Common.php(1217): CodeIgniter\View\View->render('Modules\\Produk\\...', Array, true)
#7 C:\xampp\htdocs\github\toko\modules\Produk\Controllers\DataTambahProduk.php(31): view('Modules\\Produk\\...', Array)
#8 C:\xampp\htdocs\github\toko\vendor\codeigniter4\framework\system\CodeIgniter.php(940): Modules\Produk\Controllers\DataTambahProduk->index()
#9 C:\xampp\htdocs\github\toko\vendor\codeigniter4\framework\system\CodeIgniter.php(436): CodeIgniter\CodeIgniter->runController(Object(Modules\Produk\Controllers\DataTambahProduk))
#10 C:\xampp\htdocs\github\toko\vendor\codeigniter4\framework\system\CodeIgniter.php(337): CodeIgniter\CodeIgniter->handleRequest(NULL, Object(Config\Cache), false)
#11 C:\xampp\htdocs\github\toko\public\index.php(44): CodeIgniter\CodeIgniter->run()
#12 C:\xampp\htdocs\github\toko\vendor\codeigniter4\framework\system\Commands\Server\rewrite.php(45): require_once('C:\\xampp\\htdocs...')
#13 {main}
CRITICAL - 2022-04-21 09:57:22 --> strpos(): Empty needle
#0 [internal function]: CodeIgniter\Debug\Exceptions->errorHandler(2, 'strpos(): Empty...', 'C:\\xampp\\htdocs...', 1227, Array)
#1 C:\xampp\htdocs\github\toko\vendor\codeigniter4\framework\system\Router\RouteCollection.php(1227): strpos('Modules\\Layout\\...', '')
#2 C:\xampp\htdocs\github\toko\vendor\codeigniter4\framework\system\Common.php(979): CodeIgniter\Router\RouteCollection->reverseRoute('')
#3 C:\xampp\htdocs\github\toko\modules\Produk\Views\tambahproduk.php(47): route_to('')
#4 C:\xampp\htdocs\github\toko\vendor\codeigniter4\framework\system\View\View.php(220): include('C:\\xampp\\htdocs...')
#5 C:\xampp\htdocs\github\toko\vendor\codeigniter4\framework\system\View\View.php(222): CodeIgniter\View\View->CodeIgniter\View\{closure}()
#6 C:\xampp\htdocs\github\toko\vendor\codeigniter4\framework\system\Common.php(1217): CodeIgniter\View\View->render('Modules\\Produk\\...', Array, true)
#7 C:\xampp\htdocs\github\toko\modules\Produk\Controllers\DataTambahProduk.php(31): view('Modules\\Produk\\...', Array)
#8 C:\xampp\htdocs\github\toko\vendor\codeigniter4\framework\system\CodeIgniter.php(940): Modules\Produk\Controllers\DataTambahProduk->index()
#9 C:\xampp\htdocs\github\toko\vendor\codeigniter4\framework\system\CodeIgniter.php(436): CodeIgniter\CodeIgniter->runController(Object(Modules\Produk\Controllers\DataTambahProduk))
#10 C:\xampp\htdocs\github\toko\vendor\codeigniter4\framework\system\CodeIgniter.php(337): CodeIgniter\CodeIgniter->handleRequest(NULL, Object(Config\Cache), false)
#11 C:\xampp\htdocs\github\toko\public\index.php(44): CodeIgniter\CodeIgniter->run()
#12 C:\xampp\htdocs\github\toko\vendor\codeigniter4\framework\system\Commands\Server\rewrite.php(45): require_once('C:\\xampp\\htdocs...')
#13 {main}
CRITICAL - 2022-04-21 09:57:23 --> strpos(): Empty needle
#0 [internal function]: CodeIgniter\Debug\Exceptions->errorHandler(2, 'strpos(): Empty...', 'C:\\xampp\\htdocs...', 1227, Array)
#1 C:\xampp\htdocs\github\toko\vendor\codeigniter4\framework\system\Router\RouteCollection.php(1227): strpos('Modules\\Layout\\...', '')
#2 C:\xampp\htdocs\github\toko\vendor\codeigniter4\framework\system\Common.php(979): CodeIgniter\Router\RouteCollection->reverseRoute('')
#3 C:\xampp\htdocs\github\toko\modules\Produk\Views\tambahproduk.php(47): route_to('')
#4 C:\xampp\htdocs\github\toko\vendor\codeigniter4\framework\system\View\View.php(220): include('C:\\xampp\\htdocs...')
#5 C:\xampp\htdocs\github\toko\vendor\codeigniter4\framework\system\View\View.php(222): CodeIgniter\View\View->CodeIgniter\View\{closure}()
#6 C:\xampp\htdocs\github\toko\vendor\codeigniter4\framework\system\Common.php(1217): CodeIgniter\View\View->render('Modules\\Produk\\...', Array, true)
#7 C:\xampp\htdocs\github\toko\modules\Produk\Controllers\DataTambahProduk.php(31): view('Modules\\Produk\\...', Array)
#8 C:\xampp\htdocs\github\toko\vendor\codeigniter4\framework\system\CodeIgniter.php(940): Modules\Produk\Controllers\DataTambahProduk->index()
#9 C:\xampp\htdocs\github\toko\vendor\codeigniter4\framework\system\CodeIgniter.php(436): CodeIgniter\CodeIgniter->runController(Object(Modules\Produk\Controllers\DataTambahProduk))
#10 C:\xampp\htdocs\github\toko\vendor\codeigniter4\framework\system\CodeIgniter.php(337): CodeIgniter\CodeIgniter->handleRequest(NULL, Object(Config\Cache), false)
#11 C:\xampp\htdocs\github\toko\public\index.php(44): CodeIgniter\CodeIgniter->run()
#12 C:\xampp\htdocs\github\toko\vendor\codeigniter4\framework\system\Commands\Server\rewrite.php(45): require_once('C:\\xampp\\htdocs...')
#13 {main}
CRITICAL - 2022-04-21 09:57:23 --> strpos(): Empty needle
#0 [internal function]: CodeIgniter\Debug\Exceptions->errorHandler(2, 'strpos(): Empty...', 'C:\\xampp\\htdocs...', 1227, Array)
#1 C:\xampp\htdocs\github\toko\vendor\codeigniter4\framework\system\Router\RouteCollection.php(1227): strpos('Modules\\Layout\\...', '')
#2 C:\xampp\htdocs\github\toko\vendor\codeigniter4\framework\system\Common.php(979): CodeIgniter\Router\RouteCollection->reverseRoute('')
#3 C:\xampp\htdocs\github\toko\modules\Produk\Views\tambahproduk.php(47): route_to('')
#4 C:\xampp\htdocs\github\toko\vendor\codeigniter4\framework\system\View\View.php(220): include('C:\\xampp\\htdocs...')
#5 C:\xampp\htdocs\github\toko\vendor\codeigniter4\framework\system\View\View.php(222): CodeIgniter\View\View->CodeIgniter\View\{closure}()
#6 C:\xampp\htdocs\github\toko\vendor\codeigniter4\framework\system\Common.php(1217): CodeIgniter\View\View->render('Modules\\Produk\\...', Array, true)
#7 C:\xampp\htdocs\github\toko\modules\Produk\Controllers\DataTambahProduk.php(31): view('Modules\\Produk\\...', Array)
#8 C:\xampp\htdocs\github\toko\vendor\codeigniter4\framework\system\CodeIgniter.php(940): Modules\Produk\Controllers\DataTambahProduk->index()
#9 C:\xampp\htdocs\github\toko\vendor\codeigniter4\framework\system\CodeIgniter.php(436): CodeIgniter\CodeIgniter->runController(Object(Modules\Produk\Controllers\DataTambahProduk))
#10 C:\xampp\htdocs\github\toko\vendor\codeigniter4\framework\system\CodeIgniter.php(337): CodeIgniter\CodeIgniter->handleRequest(NULL, Object(Config\Cache), false)
#11 C:\xampp\htdocs\github\toko\public\index.php(44): CodeIgniter\CodeIgniter->run()
#12 C:\xampp\htdocs\github\toko\vendor\codeigniter4\framework\system\Commands\Server\rewrite.php(45): require_once('C:\\xampp\\htdocs...')
#13 {main}
CRITICAL - 2022-04-21 09:57:23 --> strpos(): Empty needle
#0 [internal function]: CodeIgniter\Debug\Exceptions->errorHandler(2, 'strpos(): Empty...', 'C:\\xampp\\htdocs...', 1227, Array)
#1 C:\xampp\htdocs\github\toko\vendor\codeigniter4\framework\system\Router\RouteCollection.php(1227): strpos('Modules\\Layout\\...', '')
#2 C:\xampp\htdocs\github\toko\vendor\codeigniter4\framework\system\Common.php(979): CodeIgniter\Router\RouteCollection->reverseRoute('')
#3 C:\xampp\htdocs\github\toko\modules\Produk\Views\tambahproduk.php(47): route_to('')
#4 C:\xampp\htdocs\github\toko\vendor\codeigniter4\framework\system\View\View.php(220): include('C:\\xampp\\htdocs...')
#5 C:\xampp\htdocs\github\toko\vendor\codeigniter4\framework\system\View\View.php(222): CodeIgniter\View\View->CodeIgniter\View\{closure}()
#6 C:\xampp\htdocs\github\toko\vendor\codeigniter4\framework\system\Common.php(1217): CodeIgniter\View\View->render('Modules\\Produk\\...', Array, true)
#7 C:\xampp\htdocs\github\toko\modules\Produk\Controllers\DataTambahProduk.php(31): view('Modules\\Produk\\...', Array)
#8 C:\xampp\htdocs\github\toko\vendor\codeigniter4\framework\system\CodeIgniter.php(940): Modules\Produk\Controllers\DataTambahProduk->index()
#9 C:\xampp\htdocs\github\toko\vendor\codeigniter4\framework\system\CodeIgniter.php(436): CodeIgniter\CodeIgniter->runController(Object(Modules\Produk\Controllers\DataTambahProduk))
#10 C:\xampp\htdocs\github\toko\vendor\codeigniter4\framework\system\CodeIgniter.php(337): CodeIgniter\CodeIgniter->handleRequest(NULL, Object(Config\Cache), false)
#11 C:\xampp\htdocs\github\toko\public\index.php(44): CodeIgniter\CodeIgniter->run()
#12 C:\xampp\htdocs\github\toko\vendor\codeigniter4\framework\system\Commands\Server\rewrite.php(45): require_once('C:\\xampp\\htdocs...')
#13 {main}
CRITICAL - 2022-04-21 09:57:23 --> strpos(): Empty needle
#0 [internal function]: CodeIgniter\Debug\Exceptions->errorHandler(2, 'strpos(): Empty...', 'C:\\xampp\\htdocs...', 1227, Array)
#1 C:\xampp\htdocs\github\toko\vendor\codeigniter4\framework\system\Router\RouteCollection.php(1227): strpos('Modules\\Layout\\...', '')
#2 C:\xampp\htdocs\github\toko\vendor\codeigniter4\framework\system\Common.php(979): CodeIgniter\Router\RouteCollection->reverseRoute('')
#3 C:\xampp\htdocs\github\toko\modules\Produk\Views\tambahproduk.php(47): route_to('')
#4 C:\xampp\htdocs\github\toko\vendor\codeigniter4\framework\system\View\View.php(220): include('C:\\xampp\\htdocs...')
#5 C:\xampp\htdocs\github\toko\vendor\codeigniter4\framework\system\View\View.php(222): CodeIgniter\View\View->CodeIgniter\View\{closure}()
#6 C:\xampp\htdocs\github\toko\vendor\codeigniter4\framework\system\Common.php(1217): CodeIgniter\View\View->render('Modules\\Produk\\...', Array, true)
#7 C:\xampp\htdocs\github\toko\modules\Produk\Controllers\DataTambahProduk.php(31): view('Modules\\Produk\\...', Array)
#8 C:\xampp\htdocs\github\toko\vendor\codeigniter4\framework\system\CodeIgniter.php(940): Modules\Produk\Controllers\DataTambahProduk->index()
#9 C:\xampp\htdocs\github\toko\vendor\codeigniter4\framework\system\CodeIgniter.php(436): CodeIgniter\CodeIgniter->runController(Object(Modules\Produk\Controllers\DataTambahProduk))
#10 C:\xampp\htdocs\github\toko\vendor\codeigniter4\framework\system\CodeIgniter.php(337): CodeIgniter\CodeIgniter->handleRequest(NULL, Object(Config\Cache), false)
#11 C:\xampp\htdocs\github\toko\public\index.php(44): CodeIgniter\CodeIgniter->run()
#12 C:\xampp\htdocs\github\toko\vendor\codeigniter4\framework\system\Commands\Server\rewrite.php(45): require_once('C:\\xampp\\htdocs...')
#13 {main}
CRITICAL - 2022-04-21 10:52:56 --> Undefined variable: namakategori
#0 C:\xampp\htdocs\github\toko\modules\Produk\Controllers\DataTambahProduk.php(36): CodeIgniter\Debug\Exceptions->errorHandler(8, 'Undefined varia...', 'C:\\xampp\\htdocs...', 36, Array)
#1 C:\xampp\htdocs\github\toko\vendor\codeigniter4\framework\system\CodeIgniter.php(940): Modules\Produk\Controllers\DataTambahProduk->datakategori()
#2 C:\xampp\htdocs\github\toko\vendor\codeigniter4\framework\system\CodeIgniter.php(436): CodeIgniter\CodeIgniter->runController(Object(Modules\Produk\Controllers\DataTambahProduk))
#3 C:\xampp\htdocs\github\toko\vendor\codeigniter4\framework\system\CodeIgniter.php(337): CodeIgniter\CodeIgniter->handleRequest(NULL, Object(Config\Cache), false)
#4 C:\xampp\htdocs\github\toko\public\index.php(44): CodeIgniter\CodeIgniter->run()
#5 C:\xampp\htdocs\github\toko\vendor\codeigniter4\framework\system\Commands\Server\rewrite.php(45): require_once('C:\\xampp\\htdocs...')
#6 {main}
CRITICAL - 2022-04-21 10:52:57 --> Undefined variable: namakategori
#0 C:\xampp\htdocs\github\toko\modules\Produk\Controllers\DataTambahProduk.php(36): CodeIgniter\Debug\Exceptions->errorHandler(8, 'Undefined varia...', 'C:\\xampp\\htdocs...', 36, Array)
#1 C:\xampp\htdocs\github\toko\vendor\codeigniter4\framework\system\CodeIgniter.php(940): Modules\Produk\Controllers\DataTambahProduk->datakategori()
#2 C:\xampp\htdocs\github\toko\vendor\codeigniter4\framework\system\CodeIgniter.php(436): CodeIgniter\CodeIgniter->runController(Object(Modules\Produk\Controllers\DataTambahProduk))
#3 C:\xampp\htdocs\github\toko\vendor\codeigniter4\framework\system\CodeIgniter.php(337): CodeIgniter\CodeIgniter->handleRequest(NULL, Object(Config\Cache), false)
#4 C:\xampp\htdocs\github\toko\public\index.php(44): CodeIgniter\CodeIgniter->run()
#5 C:\xampp\htdocs\github\toko\vendor\codeigniter4\framework\system\Commands\Server\rewrite.php(45): require_once('C:\\xampp\\htdocs...')
#6 {main}
CRITICAL - 2022-04-21 11:18:34 --> Call to undefined method CodeIgniter\Database\MySQLi\Builder::countAllResutls()
#0 C:\xampp\htdocs\github\toko\vendor\codeigniter4\framework\system\CodeIgniter.php(940): Modules\Produk\Controllers\DataTambahProduk->datakategorisub()
#1 C:\xampp\htdocs\github\toko\vendor\codeigniter4\framework\system\CodeIgniter.php(436): CodeIgniter\CodeIgniter->runController(Object(Modules\Produk\Controllers\DataTambahProduk))
#2 C:\xampp\htdocs\github\toko\vendor\codeigniter4\framework\system\CodeIgniter.php(337): CodeIgniter\CodeIgniter->handleRequest(NULL, Object(Config\Cache), false)
#3 C:\xampp\htdocs\github\toko\public\index.php(44): CodeIgniter\CodeIgniter->run()
#4 C:\xampp\htdocs\github\toko\vendor\codeigniter4\framework\system\Commands\Server\rewrite.php(45): require_once('C:\\xampp\\htdocs...')
#5 {main}
CRITICAL - 2022-04-21 11:18:35 --> Call to undefined method CodeIgniter\Database\MySQLi\Builder::countAllResutls()
#0 C:\xampp\htdocs\github\toko\vendor\codeigniter4\framework\system\CodeIgniter.php(940): Modules\Produk\Controllers\DataTambahProduk->datakategorisub()
#1 C:\xampp\htdocs\github\toko\vendor\codeigniter4\framework\system\CodeIgniter.php(436): CodeIgniter\CodeIgniter->runController(Object(Modules\Produk\Controllers\DataTambahProduk))
#2 C:\xampp\htdocs\github\toko\vendor\codeigniter4\framework\system\CodeIgniter.php(337): CodeIgniter\CodeIgniter->handleRequest(NULL, Object(Config\Cache), false)
#3 C:\xampp\htdocs\github\toko\public\index.php(44): CodeIgniter\CodeIgniter->run()
#4 C:\xampp\htdocs\github\toko\vendor\codeigniter4\framework\system\Commands\Server\rewrite.php(45): require_once('C:\\xampp\\htdocs...')
#5 {main}
CRITICAL - 2022-04-21 11:18:36 --> Call to undefined method CodeIgniter\Database\MySQLi\Builder::countAllResutls()
#0 C:\xampp\htdocs\github\toko\vendor\codeigniter4\framework\system\CodeIgniter.php(940): Modules\Produk\Controllers\DataTambahProduk->datakategorisub()
#1 C:\xampp\htdocs\github\toko\vendor\codeigniter4\framework\system\CodeIgniter.php(436): CodeIgniter\CodeIgniter->runController(Object(Modules\Produk\Controllers\DataTambahProduk))
#2 C:\xampp\htdocs\github\toko\vendor\codeigniter4\framework\system\CodeIgniter.php(337): CodeIgniter\CodeIgniter->handleRequest(NULL, Object(Config\Cache), false)
#3 C:\xampp\htdocs\github\toko\public\index.php(44): CodeIgniter\CodeIgniter->run()
#4 C:\xampp\htdocs\github\toko\vendor\codeigniter4\framework\system\Commands\Server\rewrite.php(45): require_once('C:\\xampp\\htdocs...')
#5 {main}
CRITICAL - 2022-04-21 11:18:49 --> Call to undefined method CodeIgniter\Database\MySQLi\Builder::countAllResutls()
#0 C:\xampp\htdocs\github\toko\vendor\codeigniter4\framework\system\CodeIgniter.php(940): Modules\Produk\Controllers\DataTambahProduk->datakategorisub()
#1 C:\xampp\htdocs\github\toko\vendor\codeigniter4\framework\system\CodeIgniter.php(436): CodeIgniter\CodeIgniter->runController(Object(Modules\Produk\Controllers\DataTambahProduk))
#2 C:\xampp\htdocs\github\toko\vendor\codeigniter4\framework\system\CodeIgniter.php(337): CodeIgniter\CodeIgniter->handleRequest(NULL, Object(Config\Cache), false)
#3 C:\xampp\htdocs\github\toko\public\index.php(44): CodeIgniter\CodeIgniter->run()
#4 C:\xampp\htdocs\github\toko\vendor\codeigniter4\framework\system\Commands\Server\rewrite.php(45): require_once('C:\\xampp\\htdocs...')
#5 {main}
CRITICAL - 2022-04-21 11:58:10 --> Trying to access array offset on value of type null
#0 C:\xampp\htdocs\github\toko\modules\Produk\Controllers\DataTambahProduk.php(120): CodeIgniter\Debug\Exceptions->errorHandler(8, 'Trying to acces...', 'C:\\xampp\\htdocs...', 120, Array)
#1 C:\xampp\htdocs\github\toko\vendor\codeigniter4\framework\system\CodeIgniter.php(940): Modules\Produk\Controllers\DataTambahProduk->datakategorisubsubsub()
#2 C:\xampp\htdocs\github\toko\vendor\codeigniter4\framework\system\CodeIgniter.php(436): CodeIgniter\CodeIgniter->runController(Object(Modules\Produk\Controllers\DataTambahProduk))
#3 C:\xampp\htdocs\github\toko\vendor\codeigniter4\framework\system\CodeIgniter.php(337): CodeIgniter\CodeIgniter->handleRequest(NULL, Object(Config\Cache), false)
#4 C:\xampp\htdocs\github\toko\public\index.php(44): CodeIgniter\CodeIgniter->run()
#5 C:\xampp\htdocs\github\toko\vendor\codeigniter4\framework\system\Commands\Server\rewrite.php(45): require_once('C:\\xampp\\htdocs...')
#6 {main}
CRITICAL - 2022-04-21 11:58:12 --> Trying to access array offset on value of type null
#0 C:\xampp\htdocs\github\toko\modules\Produk\Controllers\DataTambahProduk.php(120): CodeIgniter\Debug\Exceptions->errorHandler(8, 'Trying to acces...', 'C:\\xampp\\htdocs...', 120, Array)
#1 C:\xampp\htdocs\github\toko\vendor\codeigniter4\framework\system\CodeIgniter.php(940): Modules\Produk\Controllers\DataTambahProduk->datakategorisubsubsub()
#2 C:\xampp\htdocs\github\toko\vendor\codeigniter4\framework\system\CodeIgniter.php(436): CodeIgniter\CodeIgniter->runController(Object(Modules\Produk\Controllers\DataTambahProduk))
#3 C:\xampp\htdocs\github\toko\vendor\codeigniter4\framework\system\CodeIgniter.php(337): CodeIgniter\CodeIgniter->handleRequest(NULL, Object(Config\Cache), false)
#4 C:\xampp\htdocs\github\toko\public\index.php(44): CodeIgniter\CodeIgniter->run()
#5 C:\xampp\htdocs\github\toko\vendor\codeigniter4\framework\system\Commands\Server\rewrite.php(45): require_once('C:\\xampp\\htdocs...')
#6 {main}
CRITICAL - 2022-04-21 11:58:17 --> Trying to access array offset on value of type null
#0 C:\xampp\htdocs\github\toko\modules\Produk\Controllers\DataTambahProduk.php(120): CodeIgniter\Debug\Exceptions->errorHandler(8, 'Trying to acces...', 'C:\\xampp\\htdocs...', 120, Array)
#1 C:\xampp\htdocs\github\toko\vendor\codeigniter4\framework\system\CodeIgniter.php(940): Modules\Produk\Controllers\DataTambahProduk->datakategorisubsubsub()
#2 C:\xampp\htdocs\github\toko\vendor\codeigniter4\framework\system\CodeIgniter.php(436): CodeIgniter\CodeIgniter->runController(Object(Modules\Produk\Controllers\DataTambahProduk))
#3 C:\xampp\htdocs\github\toko\vendor\codeigniter4\framework\system\CodeIgniter.php(337): CodeIgniter\CodeIgniter->handleRequest(NULL, Object(Config\Cache), false)
#4 C:\xampp\htdocs\github\toko\public\index.php(44): CodeIgniter\CodeIgniter->run()
#5 C:\xampp\htdocs\github\toko\vendor\codeigniter4\framework\system\Commands\Server\rewrite.php(45): require_once('C:\\xampp\\htdocs...')
#6 {main}
ERROR - 2022-04-21 14:55:08 --> mysqli_sql_exception: Unknown column 'idkategorisub' in 'where clause' in C:\xampp\htdocs\github\toko\vendor\codeigniter4\framework\system\Database\MySQLi\Connection.php:314
Stack trace:
#0 C:\xampp\htdocs\github\toko\vendor\codeigniter4\framework\system\Database\MySQLi\Connection.php(314): mysqli->query('SELECT COUNT(*)...')
#1 C:\xampp\htdocs\github\toko\vendor\codeigniter4\framework\system\Database\BaseConnection.php(713): CodeIgniter\Database\MySQLi\Connection->execute('SELECT COUNT(*)...')
#2 C:\xampp\htdocs\github\toko\vendor\codeigniter4\framework\system\Database\BaseConnection.php(641): CodeIgniter\Database\BaseConnection->simpleQuery('SELECT COUNT(*)...')
#3 C:\xampp\htdocs\github\toko\vendor\codeigniter4\framework\system\Database\BaseBuilder.php(1966): CodeIgniter\Database\BaseConnection->query('SELECT COUNT(*)...', Array, false)
#4 C:\xampp\htdocs\github\toko\modules\Produk\Controllers\DataTambahProduk.php(98): CodeIgniter\Database\BaseBuilder->countAllResults()
#5 C:\xampp\htdocs\github\toko\vendor\codeigniter4\framework\system\CodeIgniter.php(940): Modules\Produk\Controllers\DataTambahProduk->datakategorisubsub()
#6 C:\xampp\htdocs\github\toko\vendor\codeigniter4\framework\system\CodeIgniter.php(436): CodeIgniter\CodeIgniter->runController(Object(Modules\Produk\Controllers\DataTambahProduk))
#7 C:\xampp\htdocs\github\toko\vendor\codeigniter4\framework\system\CodeIgniter.php(337): CodeIgniter\CodeIgniter->handleRequest(NULL, Object(Config\Cache), false)
#8 C:\xampp\htdocs\github\toko\public\index.php(44): CodeIgniter\CodeIgniter->run()
#9 C:\xampp\htdocs\github\toko\vendor\codeigniter4\framework\system\Commands\Server\rewrite.php(45): require_once('C:\\xampp\\htdocs...')
#10 {main}
CRITICAL - 2022-04-21 14:55:08 --> Unknown column 'idkategorisub' in 'where clause'
#0 C:\xampp\htdocs\github\toko\vendor\codeigniter4\framework\system\Database\MySQLi\Connection.php(314): mysqli->query('SELECT COUNT(*)...')
#1 C:\xampp\htdocs\github\toko\vendor\codeigniter4\framework\system\Database\BaseConnection.php(713): CodeIgniter\Database\MySQLi\Connection->execute('SELECT COUNT(*)...')
#2 C:\xampp\htdocs\github\toko\vendor\codeigniter4\framework\system\Database\BaseConnection.php(641): CodeIgniter\Database\BaseConnection->simpleQuery('SELECT COUNT(*)...')
#3 C:\xampp\htdocs\github\toko\vendor\codeigniter4\framework\system\Database\BaseBuilder.php(1966): CodeIgniter\Database\BaseConnection->query('SELECT COUNT(*)...', Array, false)
#4 C:\xampp\htdocs\github\toko\modules\Produk\Controllers\DataTambahProduk.php(98): CodeIgniter\Database\BaseBuilder->countAllResults()
#5 C:\xampp\htdocs\github\toko\vendor\codeigniter4\framework\system\CodeIgniter.php(940): Modules\Produk\Controllers\DataTambahProduk->datakategorisubsub()
#6 C:\xampp\htdocs\github\toko\vendor\codeigniter4\framework\system\CodeIgniter.php(436): CodeIgniter\CodeIgniter->runController(Object(Modules\Produk\Controllers\DataTambahProduk))
#7 C:\xampp\htdocs\github\toko\vendor\codeigniter4\framework\system\CodeIgniter.php(337): CodeIgniter\CodeIgniter->handleRequest(NULL, Object(Config\Cache), false)
#8 C:\xampp\htdocs\github\toko\public\index.php(44): CodeIgniter\CodeIgniter->run()
#9 C:\xampp\htdocs\github\toko\vendor\codeigniter4\framework\system\Commands\Server\rewrite.php(45): require_once('C:\\xampp\\htdocs...')
#10 {main}
ERROR - 2022-04-21 14:55:09 --> mysqli_sql_exception: Unknown column 'idkategorisub' in 'where clause' in C:\xampp\htdocs\github\toko\vendor\codeigniter4\framework\system\Database\MySQLi\Connection.php:314
Stack trace:
#0 C:\xampp\htdocs\github\toko\vendor\codeigniter4\framework\system\Database\MySQLi\Connection.php(314): mysqli->query('SELECT COUNT(*)...')
#1 C:\xampp\htdocs\github\toko\vendor\codeigniter4\framework\system\Database\BaseConnection.php(713): CodeIgniter\Database\MySQLi\Connection->execute('SELECT COUNT(*)...')
#2 C:\xampp\htdocs\github\toko\vendor\codeigniter4\framework\system\Database\BaseConnection.php(641): CodeIgniter\Database\BaseConnection->simpleQuery('SELECT COUNT(*)...')
#3 C:\xampp\htdocs\github\toko\vendor\codeigniter4\framework\system\Database\BaseBuilder.php(1966): CodeIgniter\Database\BaseConnection->query('SELECT COUNT(*)...', Array, false)
#4 C:\xampp\htdocs\github\toko\modules\Produk\Controllers\DataTambahProduk.php(98): CodeIgniter\Database\BaseBuilder->countAllResults()
#5 C:\xampp\htdocs\github\toko\vendor\codeigniter4\framework\system\CodeIgniter.php(940): Modules\Produk\Controllers\DataTambahProduk->datakategorisubsub()
#6 C:\xampp\htdocs\github\toko\vendor\codeigniter4\framework\system\CodeIgniter.php(436): CodeIgniter\CodeIgniter->runController(Object(Modules\Produk\Controllers\DataTambahProduk))
#7 C:\xampp\htdocs\github\toko\vendor\codeigniter4\framework\system\CodeIgniter.php(337): CodeIgniter\CodeIgniter->handleRequest(NULL, Object(Config\Cache), false)
#8 C:\xampp\htdocs\github\toko\public\index.php(44): CodeIgniter\CodeIgniter->run()
#9 C:\xampp\htdocs\github\toko\vendor\codeigniter4\framework\system\Commands\Server\rewrite.php(45): require_once('C:\\xampp\\htdocs...')
#10 {main}
CRITICAL - 2022-04-21 14:55:09 --> Unknown column 'idkategorisub' in 'where clause'
#0 C:\xampp\htdocs\github\toko\vendor\codeigniter4\framework\system\Database\MySQLi\Connection.php(314): mysqli->query('SELECT COUNT(*)...')
#1 C:\xampp\htdocs\github\toko\vendor\codeigniter4\framework\system\Database\BaseConnection.php(713): CodeIgniter\Database\MySQLi\Connection->execute('SELECT COUNT(*)...')
#2 C:\xampp\htdocs\github\toko\vendor\codeigniter4\framework\system\Database\BaseConnection.php(641): CodeIgniter\Database\BaseConnection->simpleQuery('SELECT COUNT(*)...')
#3 C:\xampp\htdocs\github\toko\vendor\codeigniter4\framework\system\Database\BaseBuilder.php(1966): CodeIgniter\Database\BaseConnection->query('SELECT COUNT(*)...', Array, false)
#4 C:\xampp\htdocs\github\toko\modules\Produk\Controllers\DataTambahProduk.php(98): CodeIgniter\Database\BaseBuilder->countAllResults()
#5 C:\xampp\htdocs\github\toko\vendor\codeigniter4\framework\system\CodeIgniter.php(940): Modules\Produk\Controllers\DataTambahProduk->datakategorisubsub()
#6 C:\xampp\htdocs\github\toko\vendor\codeigniter4\framework\system\CodeIgniter.php(436): CodeIgniter\CodeIgniter->runController(Object(Modules\Produk\Controllers\DataTambahProduk))
#7 C:\xampp\htdocs\github\toko\vendor\codeigniter4\framework\system\CodeIgniter.php(337): CodeIgniter\CodeIgniter->handleRequest(NULL, Object(Config\Cache), false)
#8 C:\xampp\htdocs\github\toko\public\index.php(44): CodeIgniter\CodeIgniter->run()
#9 C:\xampp\htdocs\github\toko\vendor\codeigniter4\framework\system\Commands\Server\rewrite.php(45): require_once('C:\\xampp\\htdocs...')
#10 {main}
ERROR - 2022-04-21 14:55:12 --> mysqli_sql_exception: Unknown column 'idkategorisub' in 'where clause' in C:\xampp\htdocs\github\toko\vendor\codeigniter4\framework\system\Database\MySQLi\Connection.php:314
Stack trace:
#0 C:\xampp\htdocs\github\toko\vendor\codeigniter4\framework\system\Database\MySQLi\Connection.php(314): mysqli->query('SELECT COUNT(*)...')
#1 C:\xampp\htdocs\github\toko\vendor\codeigniter4\framework\system\Database\BaseConnection.php(713): CodeIgniter\Database\MySQLi\Connection->execute('SELECT COUNT(*)...')
#2 C:\xampp\htdocs\github\toko\vendor\codeigniter4\framework\system\Database\BaseConnection.php(641): CodeIgniter\Database\BaseConnection->simpleQuery('SELECT COUNT(*)...')
#3 C:\xampp\htdocs\github\toko\vendor\codeigniter4\framework\system\Database\BaseBuilder.php(1966): CodeIgniter\Database\BaseConnection->query('SELECT COUNT(*)...', Array, false)
#4 C:\xampp\htdocs\github\toko\modules\Produk\Controllers\DataTambahProduk.php(98): CodeIgniter\Database\BaseBuilder->countAllResults()
#5 C:\xampp\htdocs\github\toko\vendor\codeigniter4\framework\system\CodeIgniter.php(940): Modules\Produk\Controllers\DataTambahProduk->datakategorisubsub()
#6 C:\xampp\htdocs\github\toko\vendor\codeigniter4\framework\system\CodeIgniter.php(436): CodeIgniter\CodeIgniter->runController(Object(Modules\Produk\Controllers\DataTambahProduk))
#7 C:\xampp\htdocs\github\toko\vendor\codeigniter4\framework\system\CodeIgniter.php(337): CodeIgniter\CodeIgniter->handleRequest(NULL, Object(Config\Cache), false)
#8 C:\xampp\htdocs\github\toko\public\index.php(44): CodeIgniter\CodeIgniter->run()
#9 C:\xampp\htdocs\github\toko\vendor\codeigniter4\framework\system\Commands\Server\rewrite.php(45): require_once('C:\\xampp\\htdocs...')
#10 {main}
CRITICAL - 2022-04-21 14:55:12 --> Unknown column 'idkategorisub' in 'where clause'
#0 C:\xampp\htdocs\github\toko\vendor\codeigniter4\framework\system\Database\MySQLi\Connection.php(314): mysqli->query('SELECT COUNT(*)...')
#1 C:\xampp\htdocs\github\toko\vendor\codeigniter4\framework\system\Database\BaseConnection.php(713): CodeIgniter\Database\MySQLi\Connection->execute('SELECT COUNT(*)...')
#2 C:\xampp\htdocs\github\toko\vendor\codeigniter4\framework\system\Database\BaseConnection.php(641): CodeIgniter\Database\BaseConnection->simpleQuery('SELECT COUNT(*)...')
#3 C:\xampp\htdocs\github\toko\vendor\codeigniter4\framework\system\Database\BaseBuilder.php(1966): CodeIgniter\Database\BaseConnection->query('SELECT COUNT(*)...', Array, false)
#4 C:\xampp\htdocs\github\toko\modules\Produk\Controllers\DataTambahProduk.php(98): CodeIgniter\Database\BaseBuilder->countAllResults()
#5 C:\xampp\htdocs\github\toko\vendor\codeigniter4\framework\system\CodeIgniter.php(940): Modules\Produk\Controllers\DataTambahProduk->datakategorisubsub()
#6 C:\xampp\htdocs\github\toko\vendor\codeigniter4\framework\system\CodeIgniter.php(436): CodeIgniter\CodeIgniter->runController(Object(Modules\Produk\Controllers\DataTambahProduk))
#7 C:\xampp\htdocs\github\toko\vendor\codeigniter4\framework\system\CodeIgniter.php(337): CodeIgniter\CodeIgniter->handleRequest(NULL, Object(Config\Cache), false)
#8 C:\xampp\htdocs\github\toko\public\index.php(44): CodeIgniter\CodeIgniter->run()
#9 C:\xampp\htdocs\github\toko\vendor\codeigniter4\framework\system\Commands\Server\rewrite.php(45): require_once('C:\\xampp\\htdocs...')
#10 {main}
ERROR - 2022-04-21 14:55:15 --> mysqli_sql_exception: Unknown column 'idkategorisub' in 'where clause' in C:\xampp\htdocs\github\toko\vendor\codeigniter4\framework\system\Database\MySQLi\Connection.php:314
Stack trace:
#0 C:\xampp\htdocs\github\toko\vendor\codeigniter4\framework\system\Database\MySQLi\Connection.php(314): mysqli->query('SELECT COUNT(*)...')
#1 C:\xampp\htdocs\github\toko\vendor\codeigniter4\framework\system\Database\BaseConnection.php(713): CodeIgniter\Database\MySQLi\Connection->execute('SELECT COUNT(*)...')
#2 C:\xampp\htdocs\github\toko\vendor\codeigniter4\framework\system\Database\BaseConnection.php(641): CodeIgniter\Database\BaseConnection->simpleQuery('SELECT COUNT(*)...')
#3 C:\xampp\htdocs\github\toko\vendor\codeigniter4\framework\system\Database\BaseBuilder.php(1966): CodeIgniter\Database\BaseConnection->query('SELECT COUNT(*)...', Array, false)
#4 C:\xampp\htdocs\github\toko\modules\Produk\Controllers\DataTambahProduk.php(98): CodeIgniter\Database\BaseBuilder->countAllResults()
#5 C:\xampp\htdocs\github\toko\vendor\codeigniter4\framework\system\CodeIgniter.php(940): Modules\Produk\Controllers\DataTambahProduk->datakategorisubsub()
#6 C:\xampp\htdocs\github\toko\vendor\codeigniter4\framework\system\CodeIgniter.php(436): CodeIgniter\CodeIgniter->runController(Object(Modules\Produk\Controllers\DataTambahProduk))
#7 C:\xampp\htdocs\github\toko\vendor\codeigniter4\framework\system\CodeIgniter.php(337): CodeIgniter\CodeIgniter->handleRequest(NULL, Object(Config\Cache), false)
#8 C:\xampp\htdocs\github\toko\public\index.php(44): CodeIgniter\CodeIgniter->run()
#9 C:\xampp\htdocs\github\toko\vendor\codeigniter4\framework\system\Commands\Server\rewrite.php(45): require_once('C:\\xampp\\htdocs...')
#10 {main}
CRITICAL - 2022-04-21 14:55:15 --> Unknown column 'idkategorisub' in 'where clause'
#0 C:\xampp\htdocs\github\toko\vendor\codeigniter4\framework\system\Database\MySQLi\Connection.php(314): mysqli->query('SELECT COUNT(*)...')
#1 C:\xampp\htdocs\github\toko\vendor\codeigniter4\framework\system\Database\BaseConnection.php(713): CodeIgniter\Database\MySQLi\Connection->execute('SELECT COUNT(*)...')
#2 C:\xampp\htdocs\github\toko\vendor\codeigniter4\framework\system\Database\BaseConnection.php(641): CodeIgniter\Database\BaseConnection->simpleQuery('SELECT COUNT(*)...')
#3 C:\xampp\htdocs\github\toko\vendor\codeigniter4\framework\system\Database\BaseBuilder.php(1966): CodeIgniter\Database\BaseConnection->query('SELECT COUNT(*)...', Array, false)
#4 C:\xampp\htdocs\github\toko\modules\Produk\Controllers\DataTambahProduk.php(98): CodeIgniter\Database\BaseBuilder->countAllResults()
#5 C:\xampp\htdocs\github\toko\vendor\codeigniter4\framework\system\CodeIgniter.php(940): Modules\Produk\Controllers\DataTambahProduk->datakategorisubsub()
#6 C:\xampp\htdocs\github\toko\vendor\codeigniter4\framework\system\CodeIgniter.php(436): CodeIgniter\CodeIgniter->runController(Object(Modules\Produk\Controllers\DataTambahProduk))
#7 C:\xampp\htdocs\github\toko\vendor\codeigniter4\framework\system\CodeIgniter.php(337): CodeIgniter\CodeIgniter->handleRequest(NULL, Object(Config\Cache), false)
#8 C:\xampp\htdocs\github\toko\public\index.php(44): CodeIgniter\CodeIgniter->run()
#9 C:\xampp\htdocs\github\toko\vendor\codeigniter4\framework\system\Commands\Server\rewrite.php(45): require_once('C:\\xampp\\htdocs...')
#10 {main}
ERROR - 2022-04-21 14:55:16 --> mysqli_sql_exception: Unknown column 'idkategorisub' in 'where clause' in C:\xampp\htdocs\github\toko\vendor\codeigniter4\framework\system\Database\MySQLi\Connection.php:314
Stack trace:
#0 C:\xampp\htdocs\github\toko\vendor\codeigniter4\framework\system\Database\MySQLi\Connection.php(314): mysqli->query('SELECT COUNT(*)...')
#1 C:\xampp\htdocs\github\toko\vendor\codeigniter4\framework\system\Database\BaseConnection.php(713): CodeIgniter\Database\MySQLi\Connection->execute('SELECT COUNT(*)...')
#2 C:\xampp\htdocs\github\toko\vendor\codeigniter4\framework\system\Database\BaseConnection.php(641): CodeIgniter\Database\BaseConnection->simpleQuery('SELECT COUNT(*)...')
#3 C:\xampp\htdocs\github\toko\vendor\codeigniter4\framework\system\Database\BaseBuilder.php(1966): CodeIgniter\Database\BaseConnection->query('SELECT COUNT(*)...', Array, false)
#4 C:\xampp\htdocs\github\toko\modules\Produk\Controllers\DataTambahProduk.php(98): CodeIgniter\Database\BaseBuilder->countAllResults()
#5 C:\xampp\htdocs\github\toko\vendor\codeigniter4\framework\system\CodeIgniter.php(940): Modules\Produk\Controllers\DataTambahProduk->datakategorisubsub()
#6 C:\xampp\htdocs\github\toko\vendor\codeigniter4\framework\system\CodeIgniter.php(436): CodeIgniter\CodeIgniter->runController(Object(Modules\Produk\Controllers\DataTambahProduk))
#7 C:\xampp\htdocs\github\toko\vendor\codeigniter4\framework\system\CodeIgniter.php(337): CodeIgniter\CodeIgniter->handleRequest(NULL, Object(Config\Cache), false)
#8 C:\xampp\htdocs\github\toko\public\index.php(44): CodeIgniter\CodeIgniter->run()
#9 C:\xampp\htdocs\github\toko\vendor\codeigniter4\framework\system\Commands\Server\rewrite.php(45): require_once('C:\\xampp\\htdocs...')
#10 {main}
CRITICAL - 2022-04-21 14:55:16 --> Unknown column 'idkategorisub' in 'where clause'
#0 C:\xampp\htdocs\github\toko\vendor\codeigniter4\framework\system\Database\MySQLi\Connection.php(314): mysqli->query('SELECT COUNT(*)...')
#1 C:\xampp\htdocs\github\toko\vendor\codeigniter4\framework\system\Database\BaseConnection.php(713): CodeIgniter\Database\MySQLi\Connection->execute('SELECT COUNT(*)...')
#2 C:\xampp\htdocs\github\toko\vendor\codeigniter4\framework\system\Database\BaseConnection.php(641): CodeIgniter\Database\BaseConnection->simpleQuery('SELECT COUNT(*)...')
#3 C:\xampp\htdocs\github\toko\vendor\codeigniter4\framework\system\Database\BaseBuilder.php(1966): CodeIgniter\Database\BaseConnection->query('SELECT COUNT(*)...', Array, false)
#4 C:\xampp\htdocs\github\toko\modules\Produk\Controllers\DataTambahProduk.php(98): CodeIgniter\Database\BaseBuilder->countAllResults()
#5 C:\xampp\htdocs\github\toko\vendor\codeigniter4\framework\system\CodeIgniter.php(940): Modules\Produk\Controllers\DataTambahProduk->datakategorisubsub()
#6 C:\xampp\htdocs\github\toko\vendor\codeigniter4\framework\system\CodeIgniter.php(436): CodeIgniter\CodeIgniter->runController(Object(Modules\Produk\Controllers\DataTambahProduk))
#7 C:\xampp\htdocs\github\toko\vendor\codeigniter4\framework\system\CodeIgniter.php(337): CodeIgniter\CodeIgniter->handleRequest(NULL, Object(Config\Cache), false)
#8 C:\xampp\htdocs\github\toko\public\index.php(44): CodeIgniter\CodeIgniter->run()
#9 C:\xampp\htdocs\github\toko\vendor\codeigniter4\framework\system\Commands\Server\rewrite.php(45): require_once('C:\\xampp\\htdocs...')
#10 {main}
ERROR - 2022-04-21 14:55:44 --> mysqli_sql_exception: Unknown column 'idkategorisub' in 'where clause' in C:\xampp\htdocs\github\toko\vendor\codeigniter4\framework\system\Database\MySQLi\Connection.php:314
Stack trace:
#0 C:\xampp\htdocs\github\toko\vendor\codeigniter4\framework\system\Database\MySQLi\Connection.php(314): mysqli->query('SELECT COUNT(*)...')
#1 C:\xampp\htdocs\github\toko\vendor\codeigniter4\framework\system\Database\BaseConnection.php(713): CodeIgniter\Database\MySQLi\Connection->execute('SELECT COUNT(*)...')
#2 C:\xampp\htdocs\github\toko\vendor\codeigniter4\framework\system\Database\BaseConnection.php(641): CodeIgniter\Database\BaseConnection->simpleQuery('SELECT COUNT(*)...')
#3 C:\xampp\htdocs\github\toko\vendor\codeigniter4\framework\system\Database\BaseBuilder.php(1966): CodeIgniter\Database\BaseConnection->query('SELECT COUNT(*)...', Array, false)
#4 C:\xampp\htdocs\github\toko\modules\Produk\Controllers\DataTambahProduk.php(98): CodeIgniter\Database\BaseBuilder->countAllResults()
#5 C:\xampp\htdocs\github\toko\vendor\codeigniter4\framework\system\CodeIgniter.php(940): Modules\Produk\Controllers\DataTambahProduk->datakategorisubsub()
#6 C:\xampp\htdocs\github\toko\vendor\codeigniter4\framework\system\CodeIgniter.php(436): CodeIgniter\CodeIgniter->runController(Object(Modules\Produk\Controllers\DataTambahProduk))
#7 C:\xampp\htdocs\github\toko\vendor\codeigniter4\framework\system\CodeIgniter.php(337): CodeIgniter\CodeIgniter->handleRequest(NULL, Object(Config\Cache), false)
#8 C:\xampp\htdocs\github\toko\public\index.php(44): CodeIgniter\CodeIgniter->run()
#9 C:\xampp\htdocs\github\toko\vendor\codeigniter4\framework\system\Commands\Server\rewrite.php(45): require_once('C:\\xampp\\htdocs...')
#10 {main}
CRITICAL - 2022-04-21 14:55:44 --> Unknown column 'idkategorisub' in 'where clause'
#0 C:\xampp\htdocs\github\toko\vendor\codeigniter4\framework\system\Database\MySQLi\Connection.php(314): mysqli->query('SELECT COUNT(*)...')
#1 C:\xampp\htdocs\github\toko\vendor\codeigniter4\framework\system\Database\BaseConnection.php(713): CodeIgniter\Database\MySQLi\Connection->execute('SELECT COUNT(*)...')
#2 C:\xampp\htdocs\github\toko\vendor\codeigniter4\framework\system\Database\BaseConnection.php(641): CodeIgniter\Database\BaseConnection->simpleQuery('SELECT COUNT(*)...')
#3 C:\xampp\htdocs\github\toko\vendor\codeigniter4\framework\system\Database\BaseBuilder.php(1966): CodeIgniter\Database\BaseConnection->query('SELECT COUNT(*)...', Array, false)
#4 C:\xampp\htdocs\github\toko\modules\Produk\Controllers\DataTambahProduk.php(98): CodeIgniter\Database\BaseBuilder->countAllResults()
#5 C:\xampp\htdocs\github\toko\vendor\codeigniter4\framework\system\CodeIgniter.php(940): Modules\Produk\Controllers\DataTambahProduk->datakategorisubsub()
#6 C:\xampp\htdocs\github\toko\vendor\codeigniter4\framework\system\CodeIgniter.php(436): CodeIgniter\CodeIgniter->runController(Object(Modules\Produk\Controllers\DataTambahProduk))
#7 C:\xampp\htdocs\github\toko\vendor\codeigniter4\framework\system\CodeIgniter.php(337): CodeIgniter\CodeIgniter->handleRequest(NULL, Object(Config\Cache), false)
#8 C:\xampp\htdocs\github\toko\public\index.php(44): CodeIgniter\CodeIgniter->run()
#9 C:\xampp\htdocs\github\toko\vendor\codeigniter4\framework\system\Commands\Server\rewrite.php(45): require_once('C:\\xampp\\htdocs...')
#10 {main}
ERROR - 2022-04-21 14:55:50 --> mysqli_sql_exception: Unknown column 'idkategorisub' in 'where clause' in C:\xampp\htdocs\github\toko\vendor\codeigniter4\framework\system\Database\MySQLi\Connection.php:314
Stack trace:
#0 C:\xampp\htdocs\github\toko\vendor\codeigniter4\framework\system\Database\MySQLi\Connection.php(314): mysqli->query('SELECT COUNT(*)...')
#1 C:\xampp\htdocs\github\toko\vendor\codeigniter4\framework\system\Database\BaseConnection.php(713): CodeIgniter\Database\MySQLi\Connection->execute('SELECT COUNT(*)...')
#2 C:\xampp\htdocs\github\toko\vendor\codeigniter4\framework\system\Database\BaseConnection.php(641): CodeIgniter\Database\BaseConnection->simpleQuery('SELECT COUNT(*)...')
#3 C:\xampp\htdocs\github\toko\vendor\codeigniter4\framework\system\Database\BaseBuilder.php(1966): CodeIgniter\Database\BaseConnection->query('SELECT COUNT(*)...', Array, false)
#4 C:\xampp\htdocs\github\toko\modules\Produk\Controllers\DataTambahProduk.php(98): CodeIgniter\Database\BaseBuilder->countAllResults()
#5 C:\xampp\htdocs\github\toko\vendor\codeigniter4\framework\system\CodeIgniter.php(940): Modules\Produk\Controllers\DataTambahProduk->datakategorisubsub()
#6 C:\xampp\htdocs\github\toko\vendor\codeigniter4\framework\system\CodeIgniter.php(436): CodeIgniter\CodeIgniter->runController(Object(Modules\Produk\Controllers\DataTambahProduk))
#7 C:\xampp\htdocs\github\toko\vendor\codeigniter4\framework\system\CodeIgniter.php(337): CodeIgniter\CodeIgniter->handleRequest(NULL, Object(Config\Cache), false)
#8 C:\xampp\htdocs\github\toko\public\index.php(44): CodeIgniter\CodeIgniter->run()
#9 C:\xampp\htdocs\github\toko\vendor\codeigniter4\framework\system\Commands\Server\rewrite.php(45): require_once('C:\\xampp\\htdocs...')
#10 {main}
CRITICAL - 2022-04-21 14:55:50 --> Unknown column 'idkategorisub' in 'where clause'
#0 C:\xampp\htdocs\github\toko\vendor\codeigniter4\framework\system\Database\MySQLi\Connection.php(314): mysqli->query('SELECT COUNT(*)...')
#1 C:\xampp\htdocs\github\toko\vendor\codeigniter4\framework\system\Database\BaseConnection.php(713): CodeIgniter\Database\MySQLi\Connection->execute('SELECT COUNT(*)...')
#2 C:\xampp\htdocs\github\toko\vendor\codeigniter4\framework\system\Database\BaseConnection.php(641): CodeIgniter\Database\BaseConnection->simpleQuery('SELECT COUNT(*)...')
#3 C:\xampp\htdocs\github\toko\vendor\codeigniter4\framework\system\Database\BaseBuilder.php(1966): CodeIgniter\Database\BaseConnection->query('SELECT COUNT(*)...', Array, false)
#4 C:\xampp\htdocs\github\toko\modules\Produk\Controllers\DataTambahProduk.php(98): CodeIgniter\Database\BaseBuilder->countAllResults()
#5 C:\xampp\htdocs\github\toko\vendor\codeigniter4\framework\system\CodeIgniter.php(940): Modules\Produk\Controllers\DataTambahProduk->datakategorisubsub()
#6 C:\xampp\htdocs\github\toko\vendor\codeigniter4\framework\system\CodeIgniter.php(436): CodeIgniter\CodeIgniter->runController(Object(Modules\Produk\Controllers\DataTambahProduk))
#7 C:\xampp\htdocs\github\toko\vendor\codeigniter4\framework\system\CodeIgniter.php(337): CodeIgniter\CodeIgniter->handleRequest(NULL, Object(Config\Cache), false)
#8 C:\xampp\htdocs\github\toko\public\index.php(44): CodeIgniter\CodeIgniter->run()
#9 C:\xampp\htdocs\github\toko\vendor\codeigniter4\framework\system\Commands\Server\rewrite.php(45): require_once('C:\\xampp\\htdocs...')
#10 {main}
ERROR - 2022-04-21 14:56:56 --> mysqli_sql_exception: Unknown column 'idkategorisub' in 'where clause' in C:\xampp\htdocs\github\toko\vendor\codeigniter4\framework\system\Database\MySQLi\Connection.php:314
Stack trace:
#0 C:\xampp\htdocs\github\toko\vendor\codeigniter4\framework\system\Database\MySQLi\Connection.php(314): mysqli->query('SELECT COUNT(*)...')
#1 C:\xampp\htdocs\github\toko\vendor\codeigniter4\framework\system\Database\BaseConnection.php(713): CodeIgniter\Database\MySQLi\Connection->execute('SELECT COUNT(*)...')
#2 C:\xampp\htdocs\github\toko\vendor\codeigniter4\framework\system\Database\BaseConnection.php(641): CodeIgniter\Database\BaseConnection->simpleQuery('SELECT COUNT(*)...')
#3 C:\xampp\htdocs\github\toko\vendor\codeigniter4\framework\system\Database\BaseBuilder.php(1966): CodeIgniter\Database\BaseConnection->query('SELECT COUNT(*)...', Array, false)
#4 C:\xampp\htdocs\github\toko\modules\Produk\Controllers\DataTambahProduk.php(98): CodeIgniter\Database\BaseBuilder->countAllResults()
#5 C:\xampp\htdocs\github\toko\vendor\codeigniter4\framework\system\CodeIgniter.php(940): Modules\Produk\Controllers\DataTambahProduk->datakategorisubsub()
#6 C:\xampp\htdocs\github\toko\vendor\codeigniter4\framework\system\CodeIgniter.php(436): CodeIgniter\CodeIgniter->runController(Object(Modules\Produk\Controllers\DataTambahProduk))
#7 C:\xampp\htdocs\github\toko\vendor\codeigniter4\framework\system\CodeIgniter.php(337): CodeIgniter\CodeIgniter->handleRequest(NULL, Object(Config\Cache), false)
#8 C:\xampp\htdocs\github\toko\public\index.php(44): CodeIgniter\CodeIgniter->run()
#9 C:\xampp\htdocs\github\toko\vendor\codeigniter4\framework\system\Commands\Server\rewrite.php(45): require_once('C:\\xampp\\htdocs...')
#10 {main}
CRITICAL - 2022-04-21 14:56:56 --> Unknown column 'idkategorisub' in 'where clause'
#0 C:\xampp\htdocs\github\toko\vendor\codeigniter4\framework\system\Database\MySQLi\Connection.php(314): mysqli->query('SELECT COUNT(*)...')
#1 C:\xampp\htdocs\github\toko\vendor\codeigniter4\framework\system\Database\BaseConnection.php(713): CodeIgniter\Database\MySQLi\Connection->execute('SELECT COUNT(*)...')
#2 C:\xampp\htdocs\github\toko\vendor\codeigniter4\framework\system\Database\BaseConnection.php(641): CodeIgniter\Database\BaseConnection->simpleQuery('SELECT COUNT(*)...')
#3 C:\xampp\htdocs\github\toko\vendor\codeigniter4\framework\system\Database\BaseBuilder.php(1966): CodeIgniter\Database\BaseConnection->query('SELECT COUNT(*)...', Array, false)
#4 C:\xampp\htdocs\github\toko\modules\Produk\Controllers\DataTambahProduk.php(98): CodeIgniter\Database\BaseBuilder->countAllResults()
#5 C:\xampp\htdocs\github\toko\vendor\codeigniter4\framework\system\CodeIgniter.php(940): Modules\Produk\Controllers\DataTambahProduk->datakategorisubsub()
#6 C:\xampp\htdocs\github\toko\vendor\codeigniter4\framework\system\CodeIgniter.php(436): CodeIgniter\CodeIgniter->runController(Object(Modules\Produk\Controllers\DataTambahProduk))
#7 C:\xampp\htdocs\github\toko\vendor\codeigniter4\framework\system\CodeIgniter.php(337): CodeIgniter\CodeIgniter->handleRequest(NULL, Object(Config\Cache), false)
#8 C:\xampp\htdocs\github\toko\public\index.php(44): CodeIgniter\CodeIgniter->run()
#9 C:\xampp\htdocs\github\toko\vendor\codeigniter4\framework\system\Commands\Server\rewrite.php(45): require_once('C:\\xampp\\htdocs...')
#10 {main}
ERROR - 2022-04-21 14:58:26 --> mysqli_sql_exception: Unknown column 'idkategorisub' in 'where clause' in C:\xampp\htdocs\github\toko\vendor\codeigniter4\framework\system\Database\MySQLi\Connection.php:314
Stack trace:
#0 C:\xampp\htdocs\github\toko\vendor\codeigniter4\framework\system\Database\MySQLi\Connection.php(314): mysqli->query('SELECT `id`, `r...')
#1 C:\xampp\htdocs\github\toko\vendor\codeigniter4\framework\system\Database\BaseConnection.php(713): CodeIgniter\Database\MySQLi\Connection->execute('SELECT `id`, `r...')
#2 C:\xampp\htdocs\github\toko\vendor\codeigniter4\framework\system\Database\BaseConnection.php(641): CodeIgniter\Database\BaseConnection->simpleQuery('SELECT `id`, `r...')
#3 C:\xampp\htdocs\github\toko\vendor\codeigniter4\framework\system\Database\BaseBuilder.php(1866): CodeIgniter\Database\BaseConnection->query('SELECT `id`, `r...', Array, false)
#4 C:\xampp\htdocs\github\toko\modules\Produk\Controllers\DataTambahProduk.php(121): CodeIgniter\Database\BaseBuilder->get()
#5 C:\xampp\htdocs\github\toko\vendor\codeigniter4\framework\system\CodeIgniter.php(940): Modules\Produk\Controllers\DataTambahProduk->datakategorisubsubsub()
#6 C:\xampp\htdocs\github\toko\vendor\codeigniter4\framework\system\CodeIgniter.php(436): CodeIgniter\CodeIgniter->runController(Object(Modules\Produk\Controllers\DataTambahProduk))
#7 C:\xampp\htdocs\github\toko\vendor\codeigniter4\framework\system\CodeIgniter.php(337): CodeIgniter\CodeIgniter->handleRequest(NULL, Object(Config\Cache), false)
#8 C:\xampp\htdocs\github\toko\public\index.php(44): CodeIgniter\CodeIgniter->run()
#9 C:\xampp\htdocs\github\toko\vendor\codeigniter4\framework\system\Commands\Server\rewrite.php(45): require_once('C:\\xampp\\htdocs...')
#10 {main}
CRITICAL - 2022-04-21 14:58:26 --> Unknown column 'idkategorisub' in 'where clause'
#0 C:\xampp\htdocs\github\toko\vendor\codeigniter4\framework\system\Database\MySQLi\Connection.php(314): mysqli->query('SELECT `id`, `r...')
#1 C:\xampp\htdocs\github\toko\vendor\codeigniter4\framework\system\Database\BaseConnection.php(713): CodeIgniter\Database\MySQLi\Connection->execute('SELECT `id`, `r...')
#2 C:\xampp\htdocs\github\toko\vendor\codeigniter4\framework\system\Database\BaseConnection.php(641): CodeIgniter\Database\BaseConnection->simpleQuery('SELECT `id`, `r...')
#3 C:\xampp\htdocs\github\toko\vendor\codeigniter4\framework\system\Database\BaseBuilder.php(1866): CodeIgniter\Database\BaseConnection->query('SELECT `id`, `r...', Array, false)
#4 C:\xampp\htdocs\github\toko\modules\Produk\Controllers\DataTambahProduk.php(121): CodeIgniter\Database\BaseBuilder->get()
#5 C:\xampp\htdocs\github\toko\vendor\codeigniter4\framework\system\CodeIgniter.php(940): Modules\Produk\Controllers\DataTambahProduk->datakategorisubsubsub()
#6 C:\xampp\htdocs\github\toko\vendor\codeigniter4\framework\system\CodeIgniter.php(436): CodeIgniter\CodeIgniter->runController(Object(Modules\Produk\Controllers\DataTambahProduk))
#7 C:\xampp\htdocs\github\toko\vendor\codeigniter4\framework\system\CodeIgniter.php(337): CodeIgniter\CodeIgniter->handleRequest(NULL, Object(Config\Cache), false)
#8 C:\xampp\htdocs\github\toko\public\index.php(44): CodeIgniter\CodeIgniter->run()
#9 C:\xampp\htdocs\github\toko\vendor\codeigniter4\framework\system\Commands\Server\rewrite.php(45): require_once('C:\\xampp\\htdocs...')
#10 {main}
ERROR - 2022-04-21 14:58:28 --> mysqli_sql_exception: Unknown column 'idkategorisub' in 'where clause' in C:\xampp\htdocs\github\toko\vendor\codeigniter4\framework\system\Database\MySQLi\Connection.php:314
Stack trace:
#0 C:\xampp\htdocs\github\toko\vendor\codeigniter4\framework\system\Database\MySQLi\Connection.php(314): mysqli->query('SELECT `id`, `r...')
#1 C:\xampp\htdocs\github\toko\vendor\codeigniter4\framework\system\Database\BaseConnection.php(713): CodeIgniter\Database\MySQLi\Connection->execute('SELECT `id`, `r...')
#2 C:\xampp\htdocs\github\toko\vendor\codeigniter4\framework\system\Database\BaseConnection.php(641): CodeIgniter\Database\BaseConnection->simpleQuery('SELECT `id`, `r...')
#3 C:\xampp\htdocs\github\toko\vendor\codeigniter4\framework\system\Database\BaseBuilder.php(1866): CodeIgniter\Database\BaseConnection->query('SELECT `id`, `r...', Array, false)
#4 C:\xampp\htdocs\github\toko\modules\Produk\Controllers\DataTambahProduk.php(121): CodeIgniter\Database\BaseBuilder->get()
#5 C:\xampp\htdocs\github\toko\vendor\codeigniter4\framework\system\CodeIgniter.php(940): Modules\Produk\Controllers\DataTambahProduk->datakategorisubsubsub()
#6 C:\xampp\htdocs\github\toko\vendor\codeigniter4\framework\system\CodeIgniter.php(436): CodeIgniter\CodeIgniter->runController(Object(Modules\Produk\Controllers\DataTambahProduk))
#7 C:\xampp\htdocs\github\toko\vendor\codeigniter4\framework\system\CodeIgniter.php(337): CodeIgniter\CodeIgniter->handleRequest(NULL, Object(Config\Cache), false)
#8 C:\xampp\htdocs\github\toko\public\index.php(44): CodeIgniter\CodeIgniter->run()
#9 C:\xampp\htdocs\github\toko\vendor\codeigniter4\framework\system\Commands\Server\rewrite.php(45): require_once('C:\\xampp\\htdocs...')
#10 {main}
CRITICAL - 2022-04-21 14:58:28 --> Unknown column 'idkategorisub' in 'where clause'
#0 C:\xampp\htdocs\github\toko\vendor\codeigniter4\framework\system\Database\MySQLi\Connection.php(314): mysqli->query('SELECT `id`, `r...')
#1 C:\xampp\htdocs\github\toko\vendor\codeigniter4\framework\system\Database\BaseConnection.php(713): CodeIgniter\Database\MySQLi\Connection->execute('SELECT `id`, `r...')
#2 C:\xampp\htdocs\github\toko\vendor\codeigniter4\framework\system\Database\BaseConnection.php(641): CodeIgniter\Database\BaseConnection->simpleQuery('SELECT `id`, `r...')
#3 C:\xampp\htdocs\github\toko\vendor\codeigniter4\framework\system\Database\BaseBuilder.php(1866): CodeIgniter\Database\BaseConnection->query('SELECT `id`, `r...', Array, false)
#4 C:\xampp\htdocs\github\toko\modules\Produk\Controllers\DataTambahProduk.php(121): CodeIgniter\Database\BaseBuilder->get()
#5 C:\xampp\htdocs\github\toko\vendor\codeigniter4\framework\system\CodeIgniter.php(940): Modules\Produk\Controllers\DataTambahProduk->datakategorisubsubsub()
#6 C:\xampp\htdocs\github\toko\vendor\codeigniter4\framework\system\CodeIgniter.php(436): CodeIgniter\CodeIgniter->runController(Object(Modules\Produk\Controllers\DataTambahProduk))
#7 C:\xampp\htdocs\github\toko\vendor\codeigniter4\framework\system\CodeIgniter.php(337): CodeIgniter\CodeIgniter->handleRequest(NULL, Object(Config\Cache), false)
#8 C:\xampp\htdocs\github\toko\public\index.php(44): CodeIgniter\CodeIgniter->run()
#9 C:\xampp\htdocs\github\toko\vendor\codeigniter4\framework\system\Commands\Server\rewrite.php(45): require_once('C:\\xampp\\htdocs...')
#10 {main}
CRITICAL - 2022-04-21 15:01:10 --> Trying to access array offset on value of type null
#0 C:\xampp\htdocs\github\toko\modules\Produk\Controllers\DataTambahProduk.php(149): CodeIgniter\Debug\Exceptions->errorHandler(8, 'Trying to acces...', 'C:\\xampp\\htdocs...', 149, Array)
#1 C:\xampp\htdocs\github\toko\vendor\codeigniter4\framework\system\CodeIgniter.php(940): Modules\Produk\Controllers\DataTambahProduk->datakategorisubsubsubsub()
#2 C:\xampp\htdocs\github\toko\vendor\codeigniter4\framework\system\CodeIgniter.php(436): CodeIgniter\CodeIgniter->runController(Object(Modules\Produk\Controllers\DataTambahProduk))
#3 C:\xampp\htdocs\github\toko\vendor\codeigniter4\framework\system\CodeIgniter.php(337): CodeIgniter\CodeIgniter->handleRequest(NULL, Object(Config\Cache), false)
#4 C:\xampp\htdocs\github\toko\public\index.php(44): CodeIgniter\CodeIgniter->run()
#5 C:\xampp\htdocs\github\toko\vendor\codeigniter4\framework\system\Commands\Server\rewrite.php(45): require_once('C:\\xampp\\htdocs...')
#6 {main}
CRITICAL - 2022-04-21 15:01:12 --> Trying to access array offset on value of type null
#0 C:\xampp\htdocs\github\toko\modules\Produk\Controllers\DataTambahProduk.php(149): CodeIgniter\Debug\Exceptions->errorHandler(8, 'Trying to acces...', 'C:\\xampp\\htdocs...', 149, Array)
#1 C:\xampp\htdocs\github\toko\vendor\codeigniter4\framework\system\CodeIgniter.php(940): Modules\Produk\Controllers\DataTambahProduk->datakategorisubsubsubsub()
#2 C:\xampp\htdocs\github\toko\vendor\codeigniter4\framework\system\CodeIgniter.php(436): CodeIgniter\CodeIgniter->runController(Object(Modules\Produk\Controllers\DataTambahProduk))
#3 C:\xampp\htdocs\github\toko\vendor\codeigniter4\framework\system\CodeIgniter.php(337): CodeIgniter\CodeIgniter->handleRequest(NULL, Object(Config\Cache), false)
#4 C:\xampp\htdocs\github\toko\public\index.php(44): CodeIgniter\CodeIgniter->run()
#5 C:\xampp\htdocs\github\toko\vendor\codeigniter4\framework\system\Commands\Server\rewrite.php(45): require_once('C:\\xampp\\htdocs...')
#6 {main}
CRITICAL - 2022-04-21 15:07:32 --> Trying to access array offset on value of type null
#0 C:\xampp\htdocs\github\toko\modules\Produk\Controllers\DataTambahProduk.php(144): CodeIgniter\Debug\Exceptions->errorHandler(8, 'Trying to acces...', 'C:\\xampp\\htdocs...', 144, Array)
#1 C:\xampp\htdocs\github\toko\vendor\codeigniter4\framework\system\CodeIgniter.php(940): Modules\Produk\Controllers\DataTambahProduk->datakategorisubsubsubsub()
#2 C:\xampp\htdocs\github\toko\vendor\codeigniter4\framework\system\CodeIgniter.php(436): CodeIgniter\CodeIgniter->runController(Object(Modules\Produk\Controllers\DataTambahProduk))
#3 C:\xampp\htdocs\github\toko\vendor\codeigniter4\framework\system\CodeIgniter.php(337): CodeIgniter\CodeIgniter->handleRequest(NULL, Object(Config\Cache), false)
#4 C:\xampp\htdocs\github\toko\public\index.php(44): CodeIgniter\CodeIgniter->run()
#5 C:\xampp\htdocs\github\toko\vendor\codeigniter4\framework\system\Commands\Server\rewrite.php(45): require_once('C:\\xampp\\htdocs...')
#6 {main}
CRITICAL - 2022-04-21 15:21:55 --> Undefined index: randomkategori
#0 C:\xampp\htdocs\github\toko\modules\Produk\Controllers\DataTambahProduk.php(81): CodeIgniter\Debug\Exceptions->errorHandler(8, 'Undefined index...', 'C:\\xampp\\htdocs...', 81, Array)
#1 C:\xampp\htdocs\github\toko\vendor\codeigniter4\framework\system\CodeIgniter.php(940): Modules\Produk\Controllers\DataTambahProduk->datakategorisub()
#2 C:\xampp\htdocs\github\toko\vendor\codeigniter4\framework\system\CodeIgniter.php(436): CodeIgniter\CodeIgniter->runController(Object(Modules\Produk\Controllers\DataTambahProduk))
#3 C:\xampp\htdocs\github\toko\vendor\codeigniter4\framework\system\CodeIgniter.php(337): CodeIgniter\CodeIgniter->handleRequest(NULL, Object(Config\Cache), false)
#4 C:\xampp\htdocs\github\toko\public\index.php(44): CodeIgniter\CodeIgniter->run()
#5 C:\xampp\htdocs\github\toko\vendor\codeigniter4\framework\system\Commands\Server\rewrite.php(45): require_once('C:\\xampp\\htdocs...')
#6 {main}
CRITICAL - 2022-04-21 15:21:56 --> Undefined index: randomkategori
#0 C:\xampp\htdocs\github\toko\modules\Produk\Controllers\DataTambahProduk.php(81): CodeIgniter\Debug\Exceptions->errorHandler(8, 'Undefined index...', 'C:\\xampp\\htdocs...', 81, Array)
#1 C:\xampp\htdocs\github\toko\vendor\codeigniter4\framework\system\CodeIgniter.php(940): Modules\Produk\Controllers\DataTambahProduk->datakategorisub()
#2 C:\xampp\htdocs\github\toko\vendor\codeigniter4\framework\system\CodeIgniter.php(436): CodeIgniter\CodeIgniter->runController(Object(Modules\Produk\Controllers\DataTambahProduk))
#3 C:\xampp\htdocs\github\toko\vendor\codeigniter4\framework\system\CodeIgniter.php(337): CodeIgniter\CodeIgniter->handleRequest(NULL, Object(Config\Cache), false)
#4 C:\xampp\htdocs\github\toko\public\index.php(44): CodeIgniter\CodeIgniter->run()
#5 C:\xampp\htdocs\github\toko\vendor\codeigniter4\framework\system\Commands\Server\rewrite.php(45): require_once('C:\\xampp\\htdocs...')
#6 {main}
CRITICAL - 2022-04-21 15:24:18 --> Undefined variable: active
#0 C:\xampp\htdocs\github\toko\modules\Produk\Controllers\DataTambahProduk.php(47): CodeIgniter\Debug\Exceptions->errorHandler(8, 'Undefined varia...', 'C:\\xampp\\htdocs...', 47, Array)
#1 C:\xampp\htdocs\github\toko\vendor\codeigniter4\framework\system\CodeIgniter.php(940): Modules\Produk\Controllers\DataTambahProduk->datakategori()
#2 C:\xampp\htdocs\github\toko\vendor\codeigniter4\framework\system\CodeIgniter.php(436): CodeIgniter\CodeIgniter->runController(Object(Modules\Produk\Controllers\DataTambahProduk))
#3 C:\xampp\htdocs\github\toko\vendor\codeigniter4\framework\system\CodeIgniter.php(337): CodeIgniter\CodeIgniter->handleRequest(NULL, Object(Config\Cache), false)
#4 C:\xampp\htdocs\github\toko\public\index.php(44): CodeIgniter\CodeIgniter->run()
#5 C:\xampp\htdocs\github\toko\vendor\codeigniter4\framework\system\Commands\Server\rewrite.php(45): require_once('C:\\xampp\\htdocs...')
#6 {main}
CRITICAL - 2022-04-21 15:24:21 --> Undefined variable: active
#0 C:\xampp\htdocs\github\toko\modules\Produk\Controllers\DataTambahProduk.php(47): CodeIgniter\Debug\Exceptions->errorHandler(8, 'Undefined varia...', 'C:\\xampp\\htdocs...', 47, Array)
#1 C:\xampp\htdocs\github\toko\vendor\codeigniter4\framework\system\CodeIgniter.php(940): Modules\Produk\Controllers\DataTambahProduk->datakategori()
#2 C:\xampp\htdocs\github\toko\vendor\codeigniter4\framework\system\CodeIgniter.php(436): CodeIgniter\CodeIgniter->runController(Object(Modules\Produk\Controllers\DataTambahProduk))
#3 C:\xampp\htdocs\github\toko\vendor\codeigniter4\framework\system\CodeIgniter.php(337): CodeIgniter\CodeIgniter->handleRequest(NULL, Object(Config\Cache), false)
#4 C:\xampp\htdocs\github\toko\public\index.php(44): CodeIgniter\CodeIgniter->run()
#5 C:\xampp\htdocs\github\toko\vendor\codeigniter4\framework\system\Commands\Server\rewrite.php(45): require_once('C:\\xampp\\htdocs...')
#6 {main}
CRITICAL - 2022-04-21 15:24:28 --> Undefined variable: active
#0 C:\xampp\htdocs\github\toko\modules\Produk\Controllers\DataTambahProduk.php(47): CodeIgniter\Debug\Exceptions->errorHandler(8, 'Undefined varia...', 'C:\\xampp\\htdocs...', 47, Array)
#1 C:\xampp\htdocs\github\toko\vendor\codeigniter4\framework\system\CodeIgniter.php(940): Modules\Produk\Controllers\DataTambahProduk->datakategori()
#2 C:\xampp\htdocs\github\toko\vendor\codeigniter4\framework\system\CodeIgniter.php(436): CodeIgniter\CodeIgniter->runController(Object(Modules\Produk\Controllers\DataTambahProduk))
#3 C:\xampp\htdocs\github\toko\vendor\codeigniter4\framework\system\CodeIgniter.php(337): CodeIgniter\CodeIgniter->handleRequest(NULL, Object(Config\Cache), false)
#4 C:\xampp\htdocs\github\toko\public\index.php(44): CodeIgniter\CodeIgniter->run()
#5 C:\xampp\htdocs\github\toko\vendor\codeigniter4\framework\system\Commands\Server\rewrite.php(45): require_once('C:\\xampp\\htdocs...')
#6 {main}
CRITICAL - 2022-04-21 15:30:36 --> Trying to access array offset on value of type null
#0 C:\xampp\htdocs\github\toko\modules\Produk\Controllers\DataTambahProduk.php(64): CodeIgniter\Debug\Exceptions->errorHandler(8, 'Trying to acces...', 'C:\\xampp\\htdocs...', 64, Array)
#1 C:\xampp\htdocs\github\toko\vendor\codeigniter4\framework\system\CodeIgniter.php(940): Modules\Produk\Controllers\DataTambahProduk->datakategorisub()
#2 C:\xampp\htdocs\github\toko\vendor\codeigniter4\framework\system\CodeIgniter.php(436): CodeIgniter\CodeIgniter->runController(Object(Modules\Produk\Controllers\DataTambahProduk))
#3 C:\xampp\htdocs\github\toko\vendor\codeigniter4\framework\system\CodeIgniter.php(337): CodeIgniter\CodeIgniter->handleRequest(NULL, Object(Config\Cache), false)
#4 C:\xampp\htdocs\github\toko\public\index.php(44): CodeIgniter\CodeIgniter->run()
#5 C:\xampp\htdocs\github\toko\vendor\codeigniter4\framework\system\Commands\Server\rewrite.php(45): require_once('C:\\xampp\\htdocs...')
#6 {main}
CRITICAL - 2022-04-21 15:31:11 --> Trying to access array offset on value of type null
#0 C:\xampp\htdocs\github\toko\modules\Produk\Controllers\DataTambahProduk.php(64): CodeIgniter\Debug\Exceptions->errorHandler(8, 'Trying to acces...', 'C:\\xampp\\htdocs...', 64, Array)
#1 C:\xampp\htdocs\github\toko\vendor\codeigniter4\framework\system\CodeIgniter.php(940): Modules\Produk\Controllers\DataTambahProduk->datakategorisub()
#2 C:\xampp\htdocs\github\toko\vendor\codeigniter4\framework\system\CodeIgniter.php(436): CodeIgniter\CodeIgniter->runController(Object(Modules\Produk\Controllers\DataTambahProduk))
#3 C:\xampp\htdocs\github\toko\vendor\codeigniter4\framework\system\CodeIgniter.php(337): CodeIgniter\CodeIgniter->handleRequest(NULL, Object(Config\Cache), false)
#4 C:\xampp\htdocs\github\toko\public\index.php(44): CodeIgniter\CodeIgniter->run()
#5 C:\xampp\htdocs\github\toko\vendor\codeigniter4\framework\system\Commands\Server\rewrite.php(45): require_once('C:\\xampp\\htdocs...')
#6 {main}
CRITICAL - 2022-04-21 15:32:12 --> Trying to access array offset on value of type null
#0 C:\xampp\htdocs\github\toko\modules\Produk\Controllers\DataTambahProduk.php(64): CodeIgniter\Debug\Exceptions->errorHandler(8, 'Trying to acces...', 'C:\\xampp\\htdocs...', 64, Array)
#1 C:\xampp\htdocs\github\toko\vendor\codeigniter4\framework\system\CodeIgniter.php(940): Modules\Produk\Controllers\DataTambahProduk->datakategorisub()
#2 C:\xampp\htdocs\github\toko\vendor\codeigniter4\framework\system\CodeIgniter.php(436): CodeIgniter\CodeIgniter->runController(Object(Modules\Produk\Controllers\DataTambahProduk))
#3 C:\xampp\htdocs\github\toko\vendor\codeigniter4\framework\system\CodeIgniter.php(337): CodeIgniter\CodeIgniter->handleRequest(NULL, Object(Config\Cache), false)
#4 C:\xampp\htdocs\github\toko\public\index.php(44): CodeIgniter\CodeIgniter->run()
#5 C:\xampp\htdocs\github\toko\vendor\codeigniter4\framework\system\Commands\Server\rewrite.php(45): require_once('C:\\xampp\\htdocs...')
#6 {main}
CRITICAL - 2022-04-21 15:32:13 --> Trying to access array offset on value of type null
#0 C:\xampp\htdocs\github\toko\modules\Produk\Controllers\DataTambahProduk.php(64): CodeIgniter\Debug\Exceptions->errorHandler(8, 'Trying to acces...', 'C:\\xampp\\htdocs...', 64, Array)
#1 C:\xampp\htdocs\github\toko\vendor\codeigniter4\framework\system\CodeIgniter.php(940): Modules\Produk\Controllers\DataTambahProduk->datakategorisub()
#2 C:\xampp\htdocs\github\toko\vendor\codeigniter4\framework\system\CodeIgniter.php(436): CodeIgniter\CodeIgniter->runController(Object(Modules\Produk\Controllers\DataTambahProduk))
#3 C:\xampp\htdocs\github\toko\vendor\codeigniter4\framework\system\CodeIgniter.php(337): CodeIgniter\CodeIgniter->handleRequest(NULL, Object(Config\Cache), false)
#4 C:\xampp\htdocs\github\toko\public\index.php(44): CodeIgniter\CodeIgniter->run()
#5 C:\xampp\htdocs\github\toko\vendor\codeigniter4\framework\system\Commands\Server\rewrite.php(45): require_once('C:\\xampp\\htdocs...')
#6 {main}
CRITICAL - 2022-04-21 15:32:14 --> Trying to access array offset on value of type null
#0 C:\xampp\htdocs\github\toko\modules\Produk\Controllers\DataTambahProduk.php(64): CodeIgniter\Debug\Exceptions->errorHandler(8, 'Trying to acces...', 'C:\\xampp\\htdocs...', 64, Array)
#1 C:\xampp\htdocs\github\toko\vendor\codeigniter4\framework\system\CodeIgniter.php(940): Modules\Produk\Controllers\DataTambahProduk->datakategorisub()
#2 C:\xampp\htdocs\github\toko\vendor\codeigniter4\framework\system\CodeIgniter.php(436): CodeIgniter\CodeIgniter->runController(Object(Modules\Produk\Controllers\DataTambahProduk))
#3 C:\xampp\htdocs\github\toko\vendor\codeigniter4\framework\system\CodeIgniter.php(337): CodeIgniter\CodeIgniter->handleRequest(NULL, Object(Config\Cache), false)
#4 C:\xampp\htdocs\github\toko\public\index.php(44): CodeIgniter\CodeIgniter->run()
#5 C:\xampp\htdocs\github\toko\vendor\codeigniter4\framework\system\Commands\Server\rewrite.php(45): require_once('C:\\xampp\\htdocs...')
#6 {main}
CRITICAL - 2022-04-21 15:32:15 --> Trying to access array offset on value of type null
#0 C:\xampp\htdocs\github\toko\modules\Produk\Controllers\DataTambahProduk.php(64): CodeIgniter\Debug\Exceptions->errorHandler(8, 'Trying to acces...', 'C:\\xampp\\htdocs...', 64, Array)
#1 C:\xampp\htdocs\github\toko\vendor\codeigniter4\framework\system\CodeIgniter.php(940): Modules\Produk\Controllers\DataTambahProduk->datakategorisub()
#2 C:\xampp\htdocs\github\toko\vendor\codeigniter4\framework\system\CodeIgniter.php(436): CodeIgniter\CodeIgniter->runController(Object(Modules\Produk\Controllers\DataTambahProduk))
#3 C:\xampp\htdocs\github\toko\vendor\codeigniter4\framework\system\CodeIgniter.php(337): CodeIgniter\CodeIgniter->handleRequest(NULL, Object(Config\Cache), false)
#4 C:\xampp\htdocs\github\toko\public\index.php(44): CodeIgniter\CodeIgniter->run()
#5 C:\xampp\htdocs\github\toko\vendor\codeigniter4\framework\system\Commands\Server\rewrite.php(45): require_once('C:\\xampp\\htdocs...')
#6 {main}
CRITICAL - 2022-04-21 15:32:25 --> Trying to access array offset on value of type null
#0 C:\xampp\htdocs\github\toko\modules\Produk\Controllers\DataTambahProduk.php(64): CodeIgniter\Debug\Exceptions->errorHandler(8, 'Trying to acces...', 'C:\\xampp\\htdocs...', 64, Array)
#1 C:\xampp\htdocs\github\toko\vendor\codeigniter4\framework\system\CodeIgniter.php(940): Modules\Produk\Controllers\DataTambahProduk->datakategorisub()
#2 C:\xampp\htdocs\github\toko\vendor\codeigniter4\framework\system\CodeIgniter.php(436): CodeIgniter\CodeIgniter->runController(Object(Modules\Produk\Controllers\DataTambahProduk))
#3 C:\xampp\htdocs\github\toko\vendor\codeigniter4\framework\system\CodeIgniter.php(337): CodeIgniter\CodeIgniter->handleRequest(NULL, Object(Config\Cache), false)
#4 C:\xampp\htdocs\github\toko\public\index.php(44): CodeIgniter\CodeIgniter->run()
#5 C:\xampp\htdocs\github\toko\vendor\codeigniter4\framework\system\Commands\Server\rewrite.php(45): require_once('C:\\xampp\\htdocs...')
#6 {main}
CRITICAL - 2022-04-21 15:32:49 --> Trying to access array offset on value of type null
#0 C:\xampp\htdocs\github\toko\modules\Produk\Controllers\DataTambahProduk.php(64): CodeIgniter\Debug\Exceptions->errorHandler(8, 'Trying to acces...', 'C:\\xampp\\htdocs...', 64, Array)
#1 C:\xampp\htdocs\github\toko\vendor\codeigniter4\framework\system\CodeIgniter.php(940): Modules\Produk\Controllers\DataTambahProduk->datakategorisub()
#2 C:\xampp\htdocs\github\toko\vendor\codeigniter4\framework\system\CodeIgniter.php(436): CodeIgniter\CodeIgniter->runController(Object(Modules\Produk\Controllers\DataTambahProduk))
#3 C:\xampp\htdocs\github\toko\vendor\codeigniter4\framework\system\CodeIgniter.php(337): CodeIgniter\CodeIgniter->handleRequest(NULL, Object(Config\Cache), false)
#4 C:\xampp\htdocs\github\toko\public\index.php(44): CodeIgniter\CodeIgniter->run()
#5 C:\xampp\htdocs\github\toko\vendor\codeigniter4\framework\system\Commands\Server\rewrite.php(45): require_once('C:\\xampp\\htdocs...')
#6 {main}
CRITICAL - 2022-04-21 15:32:52 --> Trying to access array offset on value of type null
#0 C:\xampp\htdocs\github\toko\modules\Produk\Controllers\DataTambahProduk.php(64): CodeIgniter\Debug\Exceptions->errorHandler(8, 'Trying to acces...', 'C:\\xampp\\htdocs...', 64, Array)
#1 C:\xampp\htdocs\github\toko\vendor\codeigniter4\framework\system\CodeIgniter.php(940): Modules\Produk\Controllers\DataTambahProduk->datakategorisub()
#2 C:\xampp\htdocs\github\toko\vendor\codeigniter4\framework\system\CodeIgniter.php(436): CodeIgniter\CodeIgniter->runController(Object(Modules\Produk\Controllers\DataTambahProduk))
#3 C:\xampp\htdocs\github\toko\vendor\codeigniter4\framework\system\CodeIgniter.php(337): CodeIgniter\CodeIgniter->handleRequest(NULL, Object(Config\Cache), false)
#4 C:\xampp\htdocs\github\toko\public\index.php(44): CodeIgniter\CodeIgniter->run()
#5 C:\xampp\htdocs\github\toko\vendor\codeigniter4\framework\system\Commands\Server\rewrite.php(45): require_once('C:\\xampp\\htdocs...')
#6 {main}
CRITICAL - 2022-04-21 15:39:52 --> Trying to access array offset on value of type null
#0 C:\xampp\htdocs\github\toko\modules\Produk\Controllers\DataTambahProduk.php(64): CodeIgniter\Debug\Exceptions->errorHandler(8, 'Trying to acces...', 'C:\\xampp\\htdocs...', 64, Array)
#1 C:\xampp\htdocs\github\toko\vendor\codeigniter4\framework\system\CodeIgniter.php(940): Modules\Produk\Controllers\DataTambahProduk->datakategorisub()
#2 C:\xampp\htdocs\github\toko\vendor\codeigniter4\framework\system\CodeIgniter.php(436): CodeIgniter\CodeIgniter->runController(Object(Modules\Produk\Controllers\DataTambahProduk))
#3 C:\xampp\htdocs\github\toko\vendor\codeigniter4\framework\system\CodeIgniter.php(337): CodeIgniter\CodeIgniter->handleRequest(NULL, Object(Config\Cache), false)
#4 C:\xampp\htdocs\github\toko\public\index.php(44): CodeIgniter\CodeIgniter->run()
#5 C:\xampp\htdocs\github\toko\vendor\codeigniter4\framework\system\Commands\Server\rewrite.php(45): require_once('C:\\xampp\\htdocs...')
#6 {main}
CRITICAL - 2022-04-21 15:39:54 --> Trying to access array offset on value of type null
#0 C:\xampp\htdocs\github\toko\modules\Produk\Controllers\DataTambahProduk.php(64): CodeIgniter\Debug\Exceptions->errorHandler(8, 'Trying to acces...', 'C:\\xampp\\htdocs...', 64, Array)
#1 C:\xampp\htdocs\github\toko\vendor\codeigniter4\framework\system\CodeIgniter.php(940): Modules\Produk\Controllers\DataTambahProduk->datakategorisub()
#2 C:\xampp\htdocs\github\toko\vendor\codeigniter4\framework\system\CodeIgniter.php(436): CodeIgniter\CodeIgniter->runController(Object(Modules\Produk\Controllers\DataTambahProduk))
#3 C:\xampp\htdocs\github\toko\vendor\codeigniter4\framework\system\CodeIgniter.php(337): CodeIgniter\CodeIgniter->handleRequest(NULL, Object(Config\Cache), false)
#4 C:\xampp\htdocs\github\toko\public\index.php(44): CodeIgniter\CodeIgniter->run()
#5 C:\xampp\htdocs\github\toko\vendor\codeigniter4\framework\system\Commands\Server\rewrite.php(45): require_once('C:\\xampp\\htdocs...')
#6 {main}
CRITICAL - 2022-04-21 15:39:56 --> Trying to access array offset on value of type null
#0 C:\xampp\htdocs\github\toko\modules\Produk\Controllers\DataTambahProduk.php(64): CodeIgniter\Debug\Exceptions->errorHandler(8, 'Trying to acces...', 'C:\\xampp\\htdocs...', 64, Array)
#1 C:\xampp\htdocs\github\toko\vendor\codeigniter4\framework\system\CodeIgniter.php(940): Modules\Produk\Controllers\DataTambahProduk->datakategorisub()
#2 C:\xampp\htdocs\github\toko\vendor\codeigniter4\framework\system\CodeIgniter.php(436): CodeIgniter\CodeIgniter->runController(Object(Modules\Produk\Controllers\DataTambahProduk))
#3 C:\xampp\htdocs\github\toko\vendor\codeigniter4\framework\system\CodeIgniter.php(337): CodeIgniter\CodeIgniter->handleRequest(NULL, Object(Config\Cache), false)
#4 C:\xampp\htdocs\github\toko\public\index.php(44): CodeIgniter\CodeIgniter->run()
#5 C:\xampp\htdocs\github\toko\vendor\codeigniter4\framework\system\Commands\Server\rewrite.php(45): require_once('C:\\xampp\\htdocs...')
#6 {main}
CRITICAL - 2022-04-21 15:39:58 --> Trying to access array offset on value of type null
#0 C:\xampp\htdocs\github\toko\modules\Produk\Controllers\DataTambahProduk.php(64): CodeIgniter\Debug\Exceptions->errorHandler(8, 'Trying to acces...', 'C:\\xampp\\htdocs...', 64, Array)
#1 C:\xampp\htdocs\github\toko\vendor\codeigniter4\framework\system\CodeIgniter.php(940): Modules\Produk\Controllers\DataTambahProduk->datakategorisub()
#2 C:\xampp\htdocs\github\toko\vendor\codeigniter4\framework\system\CodeIgniter.php(436): CodeIgniter\CodeIgniter->runController(Object(Modules\Produk\Controllers\DataTambahProduk))
#3 C:\xampp\htdocs\github\toko\vendor\codeigniter4\framework\system\CodeIgniter.php(337): CodeIgniter\CodeIgniter->handleRequest(NULL, Object(Config\Cache), false)
#4 C:\xampp\htdocs\github\toko\public\index.php(44): CodeIgniter\CodeIgniter->run()
#5 C:\xampp\htdocs\github\toko\vendor\codeigniter4\framework\system\Commands\Server\rewrite.php(45): require_once('C:\\xampp\\htdocs...')
#6 {main}
CRITICAL - 2022-04-21 15:40:13 --> Trying to access array offset on value of type null
#0 C:\xampp\htdocs\github\toko\modules\Produk\Controllers\DataTambahProduk.php(64): CodeIgniter\Debug\Exceptions->errorHandler(8, 'Trying to acces...', 'C:\\xampp\\htdocs...', 64, Array)
#1 C:\xampp\htdocs\github\toko\vendor\codeigniter4\framework\system\CodeIgniter.php(940): Modules\Produk\Controllers\DataTambahProduk->datakategorisub()
#2 C:\xampp\htdocs\github\toko\vendor\codeigniter4\framework\system\CodeIgniter.php(436): CodeIgniter\CodeIgniter->runController(Object(Modules\Produk\Controllers\DataTambahProduk))
#3 C:\xampp\htdocs\github\toko\vendor\codeigniter4\framework\system\CodeIgniter.php(337): CodeIgniter\CodeIgniter->handleRequest(NULL, Object(Config\Cache), false)
#4 C:\xampp\htdocs\github\toko\public\index.php(44): CodeIgniter\CodeIgniter->run()
#5 C:\xampp\htdocs\github\toko\vendor\codeigniter4\framework\system\Commands\Server\rewrite.php(45): require_once('C:\\xampp\\htdocs...')
#6 {main}
CRITICAL - 2022-04-21 15:40:14 --> Trying to access array offset on value of type null
#0 C:\xampp\htdocs\github\toko\modules\Produk\Controllers\DataTambahProduk.php(64): CodeIgniter\Debug\Exceptions->errorHandler(8, 'Trying to acces...', 'C:\\xampp\\htdocs...', 64, Array)
#1 C:\xampp\htdocs\github\toko\vendor\codeigniter4\framework\system\CodeIgniter.php(940): Modules\Produk\Controllers\DataTambahProduk->datakategorisub()
#2 C:\xampp\htdocs\github\toko\vendor\codeigniter4\framework\system\CodeIgniter.php(436): CodeIgniter\CodeIgniter->runController(Object(Modules\Produk\Controllers\DataTambahProduk))
#3 C:\xampp\htdocs\github\toko\vendor\codeigniter4\framework\system\CodeIgniter.php(337): CodeIgniter\CodeIgniter->handleRequest(NULL, Object(Config\Cache), false)
#4 C:\xampp\htdocs\github\toko\public\index.php(44): CodeIgniter\CodeIgniter->run()
#5 C:\xampp\htdocs\github\toko\vendor\codeigniter4\framework\system\Commands\Server\rewrite.php(45): require_once('C:\\xampp\\htdocs...')
#6 {main}
CRITICAL - 2022-04-21 15:40:19 --> Trying to access array offset on value of type null
#0 C:\xampp\htdocs\github\toko\modules\Produk\Controllers\DataTambahProduk.php(64): CodeIgniter\Debug\Exceptions->errorHandler(8, 'Trying to acces...', 'C:\\xampp\\htdocs...', 64, Array)
#1 C:\xampp\htdocs\github\toko\vendor\codeigniter4\framework\system\CodeIgniter.php(940): Modules\Produk\Controllers\DataTambahProduk->datakategorisub()
#2 C:\xampp\htdocs\github\toko\vendor\codeigniter4\framework\system\CodeIgniter.php(436): CodeIgniter\CodeIgniter->runController(Object(Modules\Produk\Controllers\DataTambahProduk))
#3 C:\xampp\htdocs\github\toko\vendor\codeigniter4\framework\system\CodeIgniter.php(337): CodeIgniter\CodeIgniter->handleRequest(NULL, Object(Config\Cache), false)
#4 C:\xampp\htdocs\github\toko\public\index.php(44): CodeIgniter\CodeIgniter->run()
#5 C:\xampp\htdocs\github\toko\vendor\codeigniter4\framework\system\Commands\Server\rewrite.php(45): require_once('C:\\xampp\\htdocs...')
#6 {main}
CRITICAL - 2022-04-21 15:40:54 --> Trying to access array offset on value of type null
#0 C:\xampp\htdocs\github\toko\modules\Produk\Controllers\DataTambahProduk.php(64): CodeIgniter\Debug\Exceptions->errorHandler(8, 'Trying to acces...', 'C:\\xampp\\htdocs...', 64, Array)
#1 C:\xampp\htdocs\github\toko\vendor\codeigniter4\framework\system\CodeIgniter.php(940): Modules\Produk\Controllers\DataTambahProduk->datakategorisub()
#2 C:\xampp\htdocs\github\toko\vendor\codeigniter4\framework\system\CodeIgniter.php(436): CodeIgniter\CodeIgniter->runController(Object(Modules\Produk\Controllers\DataTambahProduk))
#3 C:\xampp\htdocs\github\toko\vendor\codeigniter4\framework\system\CodeIgniter.php(337): CodeIgniter\CodeIgniter->handleRequest(NULL, Object(Config\Cache), false)
#4 C:\xampp\htdocs\github\toko\public\index.php(44): CodeIgniter\CodeIgniter->run()
#5 C:\xampp\htdocs\github\toko\vendor\codeigniter4\framework\system\Commands\Server\rewrite.php(45): require_once('C:\\xampp\\htdocs...')
#6 {main}
CRITICAL - 2022-04-21 15:41:15 --> Trying to access array offset on value of type null
#0 C:\xampp\htdocs\github\toko\modules\Produk\Controllers\DataTambahProduk.php(64): CodeIgniter\Debug\Exceptions->errorHandler(8, 'Trying to acces...', 'C:\\xampp\\htdocs...', 64, Array)
#1 C:\xampp\htdocs\github\toko\vendor\codeigniter4\framework\system\CodeIgniter.php(940): Modules\Produk\Controllers\DataTambahProduk->datakategorisub()
#2 C:\xampp\htdocs\github\toko\vendor\codeigniter4\framework\system\CodeIgniter.php(436): CodeIgniter\CodeIgniter->runController(Object(Modules\Produk\Controllers\DataTambahProduk))
#3 C:\xampp\htdocs\github\toko\vendor\codeigniter4\framework\system\CodeIgniter.php(337): CodeIgniter\CodeIgniter->handleRequest(NULL, Object(Config\Cache), false)
#4 C:\xampp\htdocs\github\toko\public\index.php(44): CodeIgniter\CodeIgniter->run()
#5 C:\xampp\htdocs\github\toko\vendor\codeigniter4\framework\system\Commands\Server\rewrite.php(45): require_once('C:\\xampp\\htdocs...')
#6 {main}
CRITICAL - 2022-04-21 15:41:26 --> Trying to access array offset on value of type null
#0 C:\xampp\htdocs\github\toko\modules\Produk\Controllers\DataTambahProduk.php(64): CodeIgniter\Debug\Exceptions->errorHandler(8, 'Trying to acces...', 'C:\\xampp\\htdocs...', 64, Array)
#1 C:\xampp\htdocs\github\toko\vendor\codeigniter4\framework\system\CodeIgniter.php(940): Modules\Produk\Controllers\DataTambahProduk->datakategorisub()
#2 C:\xampp\htdocs\github\toko\vendor\codeigniter4\framework\system\CodeIgniter.php(436): CodeIgniter\CodeIgniter->runController(Object(Modules\Produk\Controllers\DataTambahProduk))
#3 C:\xampp\htdocs\github\toko\vendor\codeigniter4\framework\system\CodeIgniter.php(337): CodeIgniter\CodeIgniter->handleRequest(NULL, Object(Config\Cache), false)
#4 C:\xampp\htdocs\github\toko\public\index.php(44): CodeIgniter\CodeIgniter->run()
#5 C:\xampp\htdocs\github\toko\vendor\codeigniter4\framework\system\Commands\Server\rewrite.php(45): require_once('C:\\xampp\\htdocs...')
#6 {main}
CRITICAL - 2022-04-21 15:42:41 --> Trying to access array offset on value of type null
#0 C:\xampp\htdocs\github\toko\modules\Produk\Controllers\DataTambahProduk.php(64): CodeIgniter\Debug\Exceptions->errorHandler(8, 'Trying to acces...', 'C:\\xampp\\htdocs...', 64, Array)
#1 C:\xampp\htdocs\github\toko\vendor\codeigniter4\framework\system\CodeIgniter.php(940): Modules\Produk\Controllers\DataTambahProduk->datakategorisub()
#2 C:\xampp\htdocs\github\toko\vendor\codeigniter4\framework\system\CodeIgniter.php(436): CodeIgniter\CodeIgniter->runController(Object(Modules\Produk\Controllers\DataTambahProduk))
#3 C:\xampp\htdocs\github\toko\vendor\codeigniter4\framework\system\CodeIgniter.php(337): CodeIgniter\CodeIgniter->handleRequest(NULL, Object(Config\Cache), false)
#4 C:\xampp\htdocs\github\toko\public\index.php(44): CodeIgniter\CodeIgniter->run()
#5 C:\xampp\htdocs\github\toko\vendor\codeigniter4\framework\system\Commands\Server\rewrite.php(45): require_once('C:\\xampp\\htdocs...')
#6 {main}
CRITICAL - 2022-04-21 15:43:01 --> Trying to access array offset on value of type null
#0 C:\xampp\htdocs\github\toko\modules\Produk\Controllers\DataTambahProduk.php(64): CodeIgniter\Debug\Exceptions->errorHandler(8, 'Trying to acces...', 'C:\\xampp\\htdocs...', 64, Array)
#1 C:\xampp\htdocs\github\toko\vendor\codeigniter4\framework\system\CodeIgniter.php(940): Modules\Produk\Controllers\DataTambahProduk->datakategorisub()
#2 C:\xampp\htdocs\github\toko\vendor\codeigniter4\framework\system\CodeIgniter.php(436): CodeIgniter\CodeIgniter->runController(Object(Modules\Produk\Controllers\DataTambahProduk))
#3 C:\xampp\htdocs\github\toko\vendor\codeigniter4\framework\system\CodeIgniter.php(337): CodeIgniter\CodeIgniter->handleRequest(NULL, Object(Config\Cache), false)
#4 C:\xampp\htdocs\github\toko\public\index.php(44): CodeIgniter\CodeIgniter->run()
#5 C:\xampp\htdocs\github\toko\vendor\codeigniter4\framework\system\Commands\Server\rewrite.php(45): require_once('C:\\xampp\\htdocs...')
#6 {main}
CRITICAL - 2022-04-21 15:43:03 --> Trying to access array offset on value of type null
#0 C:\xampp\htdocs\github\toko\modules\Produk\Controllers\DataTambahProduk.php(64): CodeIgniter\Debug\Exceptions->errorHandler(8, 'Trying to acces...', 'C:\\xampp\\htdocs...', 64, Array)
#1 C:\xampp\htdocs\github\toko\vendor\codeigniter4\framework\system\CodeIgniter.php(940): Modules\Produk\Controllers\DataTambahProduk->datakategorisub()
#2 C:\xampp\htdocs\github\toko\vendor\codeigniter4\framework\system\CodeIgniter.php(436): CodeIgniter\CodeIgniter->runController(Object(Modules\Produk\Controllers\DataTambahProduk))
#3 C:\xampp\htdocs\github\toko\vendor\codeigniter4\framework\system\CodeIgniter.php(337): CodeIgniter\CodeIgniter->handleRequest(NULL, Object(Config\Cache), false)
#4 C:\xampp\htdocs\github\toko\public\index.php(44): CodeIgniter\CodeIgniter->run()
#5 C:\xampp\htdocs\github\toko\vendor\codeigniter4\framework\system\Commands\Server\rewrite.php(45): require_once('C:\\xampp\\htdocs...')
#6 {main}
CRITICAL - 2022-04-21 15:43:05 --> Trying to access array offset on value of type null
#0 C:\xampp\htdocs\github\toko\modules\Produk\Controllers\DataTambahProduk.php(64): CodeIgniter\Debug\Exceptions->errorHandler(8, 'Trying to acces...', 'C:\\xampp\\htdocs...', 64, Array)
#1 C:\xampp\htdocs\github\toko\vendor\codeigniter4\framework\system\CodeIgniter.php(940): Modules\Produk\Controllers\DataTambahProduk->datakategorisub()
#2 C:\xampp\htdocs\github\toko\vendor\codeigniter4\framework\system\CodeIgniter.php(436): CodeIgniter\CodeIgniter->runController(Object(Modules\Produk\Controllers\DataTambahProduk))
#3 C:\xampp\htdocs\github\toko\vendor\codeigniter4\framework\system\CodeIgniter.php(337): CodeIgniter\CodeIgniter->handleRequest(NULL, Object(Config\Cache), false)
#4 C:\xampp\htdocs\github\toko\public\index.php(44): CodeIgniter\CodeIgniter->run()
#5 C:\xampp\htdocs\github\toko\vendor\codeigniter4\framework\system\Commands\Server\rewrite.php(45): require_once('C:\\xampp\\htdocs...')
#6 {main}
CRITICAL - 2022-04-21 15:43:19 --> Trying to access array offset on value of type null
#0 C:\xampp\htdocs\github\toko\modules\Produk\Controllers\DataTambahProduk.php(64): CodeIgniter\Debug\Exceptions->errorHandler(8, 'Trying to acces...', 'C:\\xampp\\htdocs...', 64, Array)
#1 C:\xampp\htdocs\github\toko\vendor\codeigniter4\framework\system\CodeIgniter.php(940): Modules\Produk\Controllers\DataTambahProduk->datakategorisub()
#2 C:\xampp\htdocs\github\toko\vendor\codeigniter4\framework\system\CodeIgniter.php(436): CodeIgniter\CodeIgniter->runController(Object(Modules\Produk\Controllers\DataTambahProduk))
#3 C:\xampp\htdocs\github\toko\vendor\codeigniter4\framework\system\CodeIgniter.php(337): CodeIgniter\CodeIgniter->handleRequest(NULL, Object(Config\Cache), false)
#4 C:\xampp\htdocs\github\toko\public\index.php(44): CodeIgniter\CodeIgniter->run()
#5 C:\xampp\htdocs\github\toko\vendor\codeigniter4\framework\system\Commands\Server\rewrite.php(45): require_once('C:\\xampp\\htdocs...')
#6 {main}
CRITICAL - 2022-04-21 15:43:31 --> Trying to access array offset on value of type null
#0 C:\xampp\htdocs\github\toko\modules\Produk\Controllers\DataTambahProduk.php(64): CodeIgniter\Debug\Exceptions->errorHandler(8, 'Trying to acces...', 'C:\\xampp\\htdocs...', 64, Array)
#1 C:\xampp\htdocs\github\toko\vendor\codeigniter4\framework\system\CodeIgniter.php(940): Modules\Produk\Controllers\DataTambahProduk->datakategorisub()
#2 C:\xampp\htdocs\github\toko\vendor\codeigniter4\framework\system\CodeIgniter.php(436): CodeIgniter\CodeIgniter->runController(Object(Modules\Produk\Controllers\DataTambahProduk))
#3 C:\xampp\htdocs\github\toko\vendor\codeigniter4\framework\system\CodeIgniter.php(337): CodeIgniter\CodeIgniter->handleRequest(NULL, Object(Config\Cache), false)
#4 C:\xampp\htdocs\github\toko\public\index.php(44): CodeIgniter\CodeIgniter->run()
#5 C:\xampp\htdocs\github\toko\vendor\codeigniter4\framework\system\Commands\Server\rewrite.php(45): require_once('C:\\xampp\\htdocs...')
#6 {main}
CRITICAL - 2022-04-21 15:43:40 --> Trying to access array offset on value of type null
#0 C:\xampp\htdocs\github\toko\modules\Produk\Controllers\DataTambahProduk.php(64): CodeIgniter\Debug\Exceptions->errorHandler(8, 'Trying to acces...', 'C:\\xampp\\htdocs...', 64, Array)
#1 C:\xampp\htdocs\github\toko\vendor\codeigniter4\framework\system\CodeIgniter.php(940): Modules\Produk\Controllers\DataTambahProduk->datakategorisub()
#2 C:\xampp\htdocs\github\toko\vendor\codeigniter4\framework\system\CodeIgniter.php(436): CodeIgniter\CodeIgniter->runController(Object(Modules\Produk\Controllers\DataTambahProduk))
#3 C:\xampp\htdocs\github\toko\vendor\codeigniter4\framework\system\CodeIgniter.php(337): CodeIgniter\CodeIgniter->handleRequest(NULL, Object(Config\Cache), false)
#4 C:\xampp\htdocs\github\toko\public\index.php(44): CodeIgniter\CodeIgniter->run()
#5 C:\xampp\htdocs\github\toko\vendor\codeigniter4\framework\system\Commands\Server\rewrite.php(45): require_once('C:\\xampp\\htdocs...')
#6 {main}
CRITICAL - 2022-04-21 15:43:41 --> Trying to access array offset on value of type null
#0 C:\xampp\htdocs\github\toko\modules\Produk\Controllers\DataTambahProduk.php(64): CodeIgniter\Debug\Exceptions->errorHandler(8, 'Trying to acces...', 'C:\\xampp\\htdocs...', 64, Array)
#1 C:\xampp\htdocs\github\toko\vendor\codeigniter4\framework\system\CodeIgniter.php(940): Modules\Produk\Controllers\DataTambahProduk->datakategorisub()
#2 C:\xampp\htdocs\github\toko\vendor\codeigniter4\framework\system\CodeIgniter.php(436): CodeIgniter\CodeIgniter->runController(Object(Modules\Produk\Controllers\DataTambahProduk))
#3 C:\xampp\htdocs\github\toko\vendor\codeigniter4\framework\system\CodeIgniter.php(337): CodeIgniter\CodeIgniter->handleRequest(NULL, Object(Config\Cache), false)
#4 C:\xampp\htdocs\github\toko\public\index.php(44): CodeIgniter\CodeIgniter->run()
#5 C:\xampp\htdocs\github\toko\vendor\codeigniter4\framework\system\Commands\Server\rewrite.php(45): require_once('C:\\xampp\\htdocs...')
#6 {main}
CRITICAL - 2022-04-21 15:43:42 --> Trying to access array offset on value of type null
#0 C:\xampp\htdocs\github\toko\modules\Produk\Controllers\DataTambahProduk.php(64): CodeIgniter\Debug\Exceptions->errorHandler(8, 'Trying to acces...', 'C:\\xampp\\htdocs...', 64, Array)
#1 C:\xampp\htdocs\github\toko\vendor\codeigniter4\framework\system\CodeIgniter.php(940): Modules\Produk\Controllers\DataTambahProduk->datakategorisub()
#2 C:\xampp\htdocs\github\toko\vendor\codeigniter4\framework\system\CodeIgniter.php(436): CodeIgniter\CodeIgniter->runController(Object(Modules\Produk\Controllers\DataTambahProduk))
#3 C:\xampp\htdocs\github\toko\vendor\codeigniter4\framework\system\CodeIgniter.php(337): CodeIgniter\CodeIgniter->handleRequest(NULL, Object(Config\Cache), false)
#4 C:\xampp\htdocs\github\toko\public\index.php(44): CodeIgniter\CodeIgniter->run()
#5 C:\xampp\htdocs\github\toko\vendor\codeigniter4\framework\system\Commands\Server\rewrite.php(45): require_once('C:\\xampp\\htdocs...')
#6 {main}
CRITICAL - 2022-04-21 15:43:46 --> Trying to access array offset on value of type null
#0 C:\xampp\htdocs\github\toko\modules\Produk\Controllers\DataTambahProduk.php(64): CodeIgniter\Debug\Exceptions->errorHandler(8, 'Trying to acces...', 'C:\\xampp\\htdocs...', 64, Array)
#1 C:\xampp\htdocs\github\toko\vendor\codeigniter4\framework\system\CodeIgniter.php(940): Modules\Produk\Controllers\DataTambahProduk->datakategorisub()
#2 C:\xampp\htdocs\github\toko\vendor\codeigniter4\framework\system\CodeIgniter.php(436): CodeIgniter\CodeIgniter->runController(Object(Modules\Produk\Controllers\DataTambahProduk))
#3 C:\xampp\htdocs\github\toko\vendor\codeigniter4\framework\system\CodeIgniter.php(337): CodeIgniter\CodeIgniter->handleRequest(NULL, Object(Config\Cache), false)
#4 C:\xampp\htdocs\github\toko\public\index.php(44): CodeIgniter\CodeIgniter->run()
#5 C:\xampp\htdocs\github\toko\vendor\codeigniter4\framework\system\Commands\Server\rewrite.php(45): require_once('C:\\xampp\\htdocs...')
#6 {main}
CRITICAL - 2022-04-21 15:43:51 --> Trying to access array offset on value of type null
#0 C:\xampp\htdocs\github\toko\modules\Produk\Controllers\DataTambahProduk.php(64): CodeIgniter\Debug\Exceptions->errorHandler(8, 'Trying to acces...', 'C:\\xampp\\htdocs...', 64, Array)
#1 C:\xampp\htdocs\github\toko\vendor\codeigniter4\framework\system\CodeIgniter.php(940): Modules\Produk\Controllers\DataTambahProduk->datakategorisub()
#2 C:\xampp\htdocs\github\toko\vendor\codeigniter4\framework\system\CodeIgniter.php(436): CodeIgniter\CodeIgniter->runController(Object(Modules\Produk\Controllers\DataTambahProduk))
#3 C:\xampp\htdocs\github\toko\vendor\codeigniter4\framework\system\CodeIgniter.php(337): CodeIgniter\CodeIgniter->handleRequest(NULL, Object(Config\Cache), false)
#4 C:\xampp\htdocs\github\toko\public\index.php(44): CodeIgniter\CodeIgniter->run()
#5 C:\xampp\htdocs\github\toko\vendor\codeigniter4\framework\system\Commands\Server\rewrite.php(45): require_once('C:\\xampp\\htdocs...')
#6 {main}
CRITICAL - 2022-04-21 15:43:53 --> Trying to access array offset on value of type null
#0 C:\xampp\htdocs\github\toko\modules\Produk\Controllers\DataTambahProduk.php(64): CodeIgniter\Debug\Exceptions->errorHandler(8, 'Trying to acces...', 'C:\\xampp\\htdocs...', 64, Array)
#1 C:\xampp\htdocs\github\toko\vendor\codeigniter4\framework\system\CodeIgniter.php(940): Modules\Produk\Controllers\DataTambahProduk->datakategorisub()
#2 C:\xampp\htdocs\github\toko\vendor\codeigniter4\framework\system\CodeIgniter.php(436): CodeIgniter\CodeIgniter->runController(Object(Modules\Produk\Controllers\DataTambahProduk))
#3 C:\xampp\htdocs\github\toko\vendor\codeigniter4\framework\system\CodeIgniter.php(337): CodeIgniter\CodeIgniter->handleRequest(NULL, Object(Config\Cache), false)
#4 C:\xampp\htdocs\github\toko\public\index.php(44): CodeIgniter\CodeIgniter->run()
#5 C:\xampp\htdocs\github\toko\vendor\codeigniter4\framework\system\Commands\Server\rewrite.php(45): require_once('C:\\xampp\\htdocs...')
#6 {main}
CRITICAL - 2022-04-21 15:43:55 --> Trying to access array offset on value of type null
#0 C:\xampp\htdocs\github\toko\modules\Produk\Controllers\DataTambahProduk.php(64): CodeIgniter\Debug\Exceptions->errorHandler(8, 'Trying to acces...', 'C:\\xampp\\htdocs...', 64, Array)
#1 C:\xampp\htdocs\github\toko\vendor\codeigniter4\framework\system\CodeIgniter.php(940): Modules\Produk\Controllers\DataTambahProduk->datakategorisub()
#2 C:\xampp\htdocs\github\toko\vendor\codeigniter4\framework\system\CodeIgniter.php(436): CodeIgniter\CodeIgniter->runController(Object(Modules\Produk\Controllers\DataTambahProduk))
#3 C:\xampp\htdocs\github\toko\vendor\codeigniter4\framework\system\CodeIgniter.php(337): CodeIgniter\CodeIgniter->handleRequest(NULL, Object(Config\Cache), false)
#4 C:\xampp\htdocs\github\toko\public\index.php(44): CodeIgniter\CodeIgniter->run()
#5 C:\xampp\htdocs\github\toko\vendor\codeigniter4\framework\system\Commands\Server\rewrite.php(45): require_once('C:\\xampp\\htdocs...')
#6 {main}
CRITICAL - 2022-04-21 15:45:14 --> Trying to access array offset on value of type null
#0 C:\xampp\htdocs\github\toko\modules\Produk\Controllers\DataTambahProduk.php(64): CodeIgniter\Debug\Exceptions->errorHandler(8, 'Trying to acces...', 'C:\\xampp\\htdocs...', 64, Array)
#1 C:\xampp\htdocs\github\toko\vendor\codeigniter4\framework\system\CodeIgniter.php(940): Modules\Produk\Controllers\DataTambahProduk->datakategorisub()
#2 C:\xampp\htdocs\github\toko\vendor\codeigniter4\framework\system\CodeIgniter.php(436): CodeIgniter\CodeIgniter->runController(Object(Modules\Produk\Controllers\DataTambahProduk))
#3 C:\xampp\htdocs\github\toko\vendor\codeigniter4\framework\system\CodeIgniter.php(337): CodeIgniter\CodeIgniter->handleRequest(NULL, Object(Config\Cache), false)
#4 C:\xampp\htdocs\github\toko\public\index.php(44): CodeIgniter\CodeIgniter->run()
#5 C:\xampp\htdocs\github\toko\vendor\codeigniter4\framework\system\Commands\Server\rewrite.php(45): require_once('C:\\xampp\\htdocs...')
#6 {main}
