CRITICAL - 2021-06-07 08:34:02 --> Undefined property: CodeIgniter\View\View::$session
#0 D:\WEBSITE\xampp-7.4\htdocs\master-web\modules\FrontEndLayout\Views\login.php(46): CodeIgniter\Debug\Exceptions->errorHandler(8, 'Undefined prope...', 'D:\\WEBSITE\\xamp...', 46, Array)
#1 D:\WEBSITE\xampp-7.4\htdocs\master-web\vendor\codeigniter4\framework\system\View\View.php(220): include('D:\\WEBSITE\\xamp...')
#2 D:\WEBSITE\xampp-7.4\htdocs\master-web\vendor\codeigniter4\framework\system\View\View.php(222): CodeIgniter\View\View->CodeIgniter\View\{closure}()
#3 D:\WEBSITE\xampp-7.4\htdocs\master-web\vendor\codeigniter4\framework\system\Common.php(1217): CodeIgniter\View\View->render('Modules\\FrontEn...', Array, true)
#4 D:\WEBSITE\xampp-7.4\htdocs\master-web\modules\FrontEndLayout\Controllers\Login.php(47): view('Modules\\FrontEn...', Array)
#5 D:\WEBSITE\xampp-7.4\htdocs\master-web\vendor\codeigniter4\framework\system\CodeIgniter.php(936): Modules\FrontEndLayout\Controllers\Login->index()
#6 D:\WEBSITE\xampp-7.4\htdocs\master-web\vendor\codeigniter4\framework\system\CodeIgniter.php(432): CodeIgniter\CodeIgniter->runController(Object(Modules\FrontEndLayout\Controllers\Login))
#7 D:\WEBSITE\xampp-7.4\htdocs\master-web\vendor\codeigniter4\framework\system\CodeIgniter.php(333): CodeIgniter\CodeIgniter->handleRequest(NULL, Object(Config\Cache), false)
#8 D:\WEBSITE\xampp-7.4\htdocs\master-web\public\index.php(44): CodeIgniter\CodeIgniter->run()
#9 D:\WEBSITE\xampp-7.4\htdocs\master-web\vendor\codeigniter4\framework\system\Commands\Server\rewrite.php(45): require_once('D:\\WEBSITE\\xamp...')
#10 {main}
CRITICAL - 2021-06-07 08:42:59 --> Undefined property: CodeIgniter\View\View::$session
#0 D:\WEBSITE\xampp-7.4\htdocs\master-web\modules\FrontEndLayout\Views\login.php(49): CodeIgniter\Debug\Exceptions->errorHandler(8, 'Undefined prope...', 'D:\\WEBSITE\\xamp...', 49, Array)
#1 D:\WEBSITE\xampp-7.4\htdocs\master-web\vendor\codeigniter4\framework\system\View\View.php(220): include('D:\\WEBSITE\\xamp...')
#2 D:\WEBSITE\xampp-7.4\htdocs\master-web\vendor\codeigniter4\framework\system\View\View.php(222): CodeIgniter\View\View->CodeIgniter\View\{closure}()
#3 D:\WEBSITE\xampp-7.4\htdocs\master-web\vendor\codeigniter4\framework\system\Common.php(1217): CodeIgniter\View\View->render('Modules\\FrontEn...', Array, true)
#4 D:\WEBSITE\xampp-7.4\htdocs\master-web\modules\FrontEndLayout\Controllers\Login.php(47): view('Modules\\FrontEn...', Array)
#5 D:\WEBSITE\xampp-7.4\htdocs\master-web\vendor\codeigniter4\framework\system\CodeIgniter.php(936): Modules\FrontEndLayout\Controllers\Login->index()
#6 D:\WEBSITE\xampp-7.4\htdocs\master-web\vendor\codeigniter4\framework\system\CodeIgniter.php(432): CodeIgniter\CodeIgniter->runController(Object(Modules\FrontEndLayout\Controllers\Login))
#7 D:\WEBSITE\xampp-7.4\htdocs\master-web\vendor\codeigniter4\framework\system\CodeIgniter.php(333): CodeIgniter\CodeIgniter->handleRequest(NULL, Object(Config\Cache), false)
#8 D:\WEBSITE\xampp-7.4\htdocs\master-web\public\index.php(44): CodeIgniter\CodeIgniter->run()
#9 D:\WEBSITE\xampp-7.4\htdocs\master-web\vendor\codeigniter4\framework\system\Commands\Server\rewrite.php(45): require_once('D:\\WEBSITE\\xamp...')
#10 {main}
CRITICAL - 2021-06-07 08:47:31 --> Undefined variable: session
#0 D:\WEBSITE\xampp-7.4\htdocs\master-web\modules\FrontEndLayout\Controllers\Login.php(139): CodeIgniter\Debug\Exceptions->errorHandler(8, 'Undefined varia...', 'D:\\WEBSITE\\xamp...', 139, Array)
#1 D:\WEBSITE\xampp-7.4\htdocs\master-web\vendor\codeigniter4\framework\system\CodeIgniter.php(936): Modules\FrontEndLayout\Controllers\Login->auth_login()
#2 D:\WEBSITE\xampp-7.4\htdocs\master-web\vendor\codeigniter4\framework\system\CodeIgniter.php(432): CodeIgniter\CodeIgniter->runController(Object(Modules\FrontEndLayout\Controllers\Login))
#3 D:\WEBSITE\xampp-7.4\htdocs\master-web\vendor\codeigniter4\framework\system\CodeIgniter.php(333): CodeIgniter\CodeIgniter->handleRequest(NULL, Object(Config\Cache), false)
#4 D:\WEBSITE\xampp-7.4\htdocs\master-web\public\index.php(44): CodeIgniter\CodeIgniter->run()
#5 D:\WEBSITE\xampp-7.4\htdocs\master-web\vendor\codeigniter4\framework\system\Commands\Server\rewrite.php(45): require_once('D:\\WEBSITE\\xamp...')
#6 {main}
CRITICAL - 2021-06-07 08:47:44 --> Undefined variable: session
#0 D:\WEBSITE\xampp-7.4\htdocs\master-web\modules\FrontEndLayout\Controllers\Login.php(139): CodeIgniter\Debug\Exceptions->errorHandler(8, 'Undefined varia...', 'D:\\WEBSITE\\xamp...', 139, Array)
#1 D:\WEBSITE\xampp-7.4\htdocs\master-web\vendor\codeigniter4\framework\system\CodeIgniter.php(936): Modules\FrontEndLayout\Controllers\Login->auth_login()
#2 D:\WEBSITE\xampp-7.4\htdocs\master-web\vendor\codeigniter4\framework\system\CodeIgniter.php(432): CodeIgniter\CodeIgniter->runController(Object(Modules\FrontEndLayout\Controllers\Login))
#3 D:\WEBSITE\xampp-7.4\htdocs\master-web\vendor\codeigniter4\framework\system\CodeIgniter.php(333): CodeIgniter\CodeIgniter->handleRequest(NULL, Object(Config\Cache), false)
#4 D:\WEBSITE\xampp-7.4\htdocs\master-web\public\index.php(44): CodeIgniter\CodeIgniter->run()
#5 D:\WEBSITE\xampp-7.4\htdocs\master-web\vendor\codeigniter4\framework\system\Commands\Server\rewrite.php(45): require_once('D:\\WEBSITE\\xamp...')
#6 {main}
CRITICAL - 2021-06-07 09:08:33 --> Class 'Modules\FrontEndLayout\Controllers\ModelLogin' not found
#0 D:\WEBSITE\xampp-7.4\htdocs\master-web\vendor\codeigniter4\framework\system\CodeIgniter.php(908): Modules\FrontEndLayout\Controllers\Login->__construct()
#1 D:\WEBSITE\xampp-7.4\htdocs\master-web\vendor\codeigniter4\framework\system\CodeIgniter.php(422): CodeIgniter\CodeIgniter->createController()
#2 D:\WEBSITE\xampp-7.4\htdocs\master-web\vendor\codeigniter4\framework\system\CodeIgniter.php(333): CodeIgniter\CodeIgniter->handleRequest(NULL, Object(Config\Cache), false)
#3 D:\WEBSITE\xampp-7.4\htdocs\master-web\public\index.php(44): CodeIgniter\CodeIgniter->run()
#4 D:\WEBSITE\xampp-7.4\htdocs\master-web\vendor\codeigniter4\framework\system\Commands\Server\rewrite.php(45): require_once('D:\\WEBSITE\\xamp...')
#5 {main}
CRITICAL - 2021-06-07 09:09:04 --> syntax error, unexpected '$nim' (T_VARIABLE), expecting ')'
#0 D:\WEBSITE\xampp-7.4\htdocs\master-web\vendor\codeigniter4\framework\system\Autoloader\Autoloader.php(265): CodeIgniter\Autoloader\Autoloader->includeFile('D:\\WEBSITE\\xamp...')
#1 D:\WEBSITE\xampp-7.4\htdocs\master-web\vendor\codeigniter4\framework\system\Autoloader\Autoloader.php(228): CodeIgniter\Autoloader\Autoloader->loadInNamespace('Modules\\FrontEn...')
#2 [internal function]: CodeIgniter\Autoloader\Autoloader->loadClass('Modules\\FrontEn...')
#3 D:\WEBSITE\xampp-7.4\htdocs\master-web\modules\FrontEndLayout\Controllers\Login.php(17): spl_autoload_call('Modules\\FrontEn...')
#4 D:\WEBSITE\xampp-7.4\htdocs\master-web\vendor\codeigniter4\framework\system\CodeIgniter.php(908): Modules\FrontEndLayout\Controllers\Login->__construct()
#5 D:\WEBSITE\xampp-7.4\htdocs\master-web\vendor\codeigniter4\framework\system\CodeIgniter.php(422): CodeIgniter\CodeIgniter->createController()
#6 D:\WEBSITE\xampp-7.4\htdocs\master-web\vendor\codeigniter4\framework\system\CodeIgniter.php(333): CodeIgniter\CodeIgniter->handleRequest(NULL, Object(Config\Cache), false)
#7 D:\WEBSITE\xampp-7.4\htdocs\master-web\public\index.php(44): CodeIgniter\CodeIgniter->run()
#8 D:\WEBSITE\xampp-7.4\htdocs\master-web\vendor\codeigniter4\framework\system\Commands\Server\rewrite.php(45): require_once('D:\\WEBSITE\\xamp...')
#9 {main}
CRITICAL - 2021-06-07 09:43:44 --> Invalid file: Modules\Login\Views\login_mahasiwa.php
#0 D:\WEBSITE\xampp-7.4\htdocs\master-web\vendor\codeigniter4\framework\system\View\View.php(203): CodeIgniter\Exceptions\FrameworkException::forInvalidFile('Modules\\Login\\V...')
#1 D:\WEBSITE\xampp-7.4\htdocs\master-web\vendor\codeigniter4\framework\system\Common.php(1217): CodeIgniter\View\View->render('Modules\\Login\\V...', Array, true)
#2 D:\WEBSITE\xampp-7.4\htdocs\master-web\modules\Login\Controllers\Login.php(40): view('Modules\\Login\\V...', Array)
#3 D:\WEBSITE\xampp-7.4\htdocs\master-web\vendor\codeigniter4\framework\system\CodeIgniter.php(936): Modules\Login\Controllers\Login->mahasiswa()
#4 D:\WEBSITE\xampp-7.4\htdocs\master-web\vendor\codeigniter4\framework\system\CodeIgniter.php(432): CodeIgniter\CodeIgniter->runController(Object(Modules\Login\Controllers\Login))
#5 D:\WEBSITE\xampp-7.4\htdocs\master-web\vendor\codeigniter4\framework\system\CodeIgniter.php(333): CodeIgniter\CodeIgniter->handleRequest(NULL, Object(Config\Cache), false)
#6 D:\WEBSITE\xampp-7.4\htdocs\master-web\public\index.php(44): CodeIgniter\CodeIgniter->run()
#7 D:\WEBSITE\xampp-7.4\htdocs\master-web\vendor\codeigniter4\framework\system\Commands\Server\rewrite.php(45): require_once('D:\\WEBSITE\\xamp...')
#8 {main}
CRITICAL - 2021-06-07 09:45:06 --> Invalid file: Modules\Login\Views\login_mahasiwa.php
#0 D:\WEBSITE\xampp-7.4\htdocs\master-web\vendor\codeigniter4\framework\system\View\View.php(203): CodeIgniter\Exceptions\FrameworkException::forInvalidFile('Modules\\Login\\V...')
#1 D:\WEBSITE\xampp-7.4\htdocs\master-web\vendor\codeigniter4\framework\system\Common.php(1217): CodeIgniter\View\View->render('Modules\\Login\\V...', Array, true)
#2 D:\WEBSITE\xampp-7.4\htdocs\master-web\modules\Login\Controllers\Login.php(40): view('Modules\\Login\\V...', Array)
#3 D:\WEBSITE\xampp-7.4\htdocs\master-web\vendor\codeigniter4\framework\system\CodeIgniter.php(936): Modules\Login\Controllers\Login->mahasiswa()
#4 D:\WEBSITE\xampp-7.4\htdocs\master-web\vendor\codeigniter4\framework\system\CodeIgniter.php(432): CodeIgniter\CodeIgniter->runController(Object(Modules\Login\Controllers\Login))
#5 D:\WEBSITE\xampp-7.4\htdocs\master-web\vendor\codeigniter4\framework\system\CodeIgniter.php(333): CodeIgniter\CodeIgniter->handleRequest(NULL, Object(Config\Cache), false)
#6 D:\WEBSITE\xampp-7.4\htdocs\master-web\public\index.php(44): CodeIgniter\CodeIgniter->run()
#7 D:\WEBSITE\xampp-7.4\htdocs\master-web\vendor\codeigniter4\framework\system\Commands\Server\rewrite.php(45): require_once('D:\\WEBSITE\\xamp...')
#8 {main}
CRITICAL - 2021-06-07 09:45:41 --> Invalid file: Modules\Login\Views\login_mahasiwa.php
#0 D:\WEBSITE\xampp-7.4\htdocs\master-web\vendor\codeigniter4\framework\system\View\View.php(203): CodeIgniter\Exceptions\FrameworkException::forInvalidFile('Modules\\Login\\V...')
#1 D:\WEBSITE\xampp-7.4\htdocs\master-web\vendor\codeigniter4\framework\system\Common.php(1217): CodeIgniter\View\View->render('Modules\\Login\\V...', Array, true)
#2 D:\WEBSITE\xampp-7.4\htdocs\master-web\modules\Login\Controllers\Login.php(40): view('Modules\\Login\\V...', Array)
#3 D:\WEBSITE\xampp-7.4\htdocs\master-web\vendor\codeigniter4\framework\system\CodeIgniter.php(936): Modules\Login\Controllers\Login->mahasiswa()
#4 D:\WEBSITE\xampp-7.4\htdocs\master-web\vendor\codeigniter4\framework\system\CodeIgniter.php(432): CodeIgniter\CodeIgniter->runController(Object(Modules\Login\Controllers\Login))
#5 D:\WEBSITE\xampp-7.4\htdocs\master-web\vendor\codeigniter4\framework\system\CodeIgniter.php(333): CodeIgniter\CodeIgniter->handleRequest(NULL, Object(Config\Cache), false)
#6 D:\WEBSITE\xampp-7.4\htdocs\master-web\public\index.php(44): CodeIgniter\CodeIgniter->run()
#7 D:\WEBSITE\xampp-7.4\htdocs\master-web\vendor\codeigniter4\framework\system\Commands\Server\rewrite.php(45): require_once('D:\\WEBSITE\\xamp...')
#8 {main}
CRITICAL - 2021-06-07 10:07:37 --> Undefined variable: username
#0 D:\WEBSITE\xampp-7.4\htdocs\master-web\vendor\myth\auth\src\Controllers\AuthController.php(75): CodeIgniter\Debug\Exceptions->errorHandler(8, 'Undefined varia...', 'D:\\WEBSITE\\xamp...', 75, Array)
#1 D:\WEBSITE\xampp-7.4\htdocs\master-web\vendor\codeigniter4\framework\system\CodeIgniter.php(936): Myth\Auth\Controllers\AuthController->attemptLoginmahasiswa()
#2 D:\WEBSITE\xampp-7.4\htdocs\master-web\vendor\codeigniter4\framework\system\CodeIgniter.php(432): CodeIgniter\CodeIgniter->runController(Object(Myth\Auth\Controllers\AuthController))
#3 D:\WEBSITE\xampp-7.4\htdocs\master-web\vendor\codeigniter4\framework\system\CodeIgniter.php(333): CodeIgniter\CodeIgniter->handleRequest(NULL, Object(Config\Cache), false)
#4 D:\WEBSITE\xampp-7.4\htdocs\master-web\public\index.php(44): CodeIgniter\CodeIgniter->run()
#5 D:\WEBSITE\xampp-7.4\htdocs\master-web\vendor\codeigniter4\framework\system\Commands\Server\rewrite.php(45): require_once('D:\\WEBSITE\\xamp...')
#6 {main}
CRITICAL - 2021-06-07 10:08:09 --> Call to undefined function Myth\Auth\Controllers\filterdata()
#0 D:\WEBSITE\xampp-7.4\htdocs\master-web\vendor\codeigniter4\framework\system\CodeIgniter.php(936): Myth\Auth\Controllers\AuthController->attemptLoginmahasiswa()
#1 D:\WEBSITE\xampp-7.4\htdocs\master-web\vendor\codeigniter4\framework\system\CodeIgniter.php(432): CodeIgniter\CodeIgniter->runController(Object(Myth\Auth\Controllers\AuthController))
#2 D:\WEBSITE\xampp-7.4\htdocs\master-web\vendor\codeigniter4\framework\system\CodeIgniter.php(333): CodeIgniter\CodeIgniter->handleRequest(NULL, Object(Config\Cache), false)
#3 D:\WEBSITE\xampp-7.4\htdocs\master-web\public\index.php(44): CodeIgniter\CodeIgniter->run()
#4 D:\WEBSITE\xampp-7.4\htdocs\master-web\vendor\codeigniter4\framework\system\Commands\Server\rewrite.php(45): require_once('D:\\WEBSITE\\xamp...')
#5 {main}
CRITICAL - 2021-06-07 10:21:06 --> syntax error, unexpected 'default' (T_DEFAULT)
#0 D:\WEBSITE\xampp-7.4\htdocs\master-web\vendor\codeigniter4\framework\system\Autoloader\Autoloader.php(265): CodeIgniter\Autoloader\Autoloader->includeFile('D:\\WEBSITE\\xamp...')
#1 D:\WEBSITE\xampp-7.4\htdocs\master-web\vendor\codeigniter4\framework\system\Autoloader\Autoloader.php(228): CodeIgniter\Autoloader\Autoloader->loadInNamespace('Myth\\Auth\\Contr...')
#2 [internal function]: CodeIgniter\Autoloader\Autoloader->loadClass('Myth\\Auth\\Contr...')
#3 [internal function]: spl_autoload_call('Myth\\Auth\\Contr...')
#4 D:\WEBSITE\xampp-7.4\htdocs\master-web\vendor\codeigniter4\framework\system\CodeIgniter.php(893): class_exists('\\Myth\\Auth\\Cont...', true)
#5 D:\WEBSITE\xampp-7.4\htdocs\master-web\vendor\codeigniter4\framework\system\CodeIgniter.php(417): CodeIgniter\CodeIgniter->startController()
#6 D:\WEBSITE\xampp-7.4\htdocs\master-web\vendor\codeigniter4\framework\system\CodeIgniter.php(333): CodeIgniter\CodeIgniter->handleRequest(NULL, Object(Config\Cache), false)
#7 D:\WEBSITE\xampp-7.4\htdocs\master-web\public\index.php(44): CodeIgniter\CodeIgniter->run()
#8 D:\WEBSITE\xampp-7.4\htdocs\master-web\vendor\codeigniter4\framework\system\Commands\Server\rewrite.php(45): require_once('D:\\WEBSITE\\xamp...')
#9 {main}
CRITICAL - 2021-06-07 10:27:02 --> There is no data to insert.
#0 D:\WEBSITE\xampp-7.4\htdocs\master-web\vendor\codeigniter4\framework\system\BaseModel.php(1704): CodeIgniter\Database\Exceptions\DataException::forEmptyDataset('insert')
#1 D:\WEBSITE\xampp-7.4\htdocs\master-web\vendor\codeigniter4\framework\system\BaseModel.php(719): CodeIgniter\BaseModel->transformDataToArray(Array, 'insert')
#2 D:\WEBSITE\xampp-7.4\htdocs\master-web\vendor\codeigniter4\framework\system\Model.php(705): CodeIgniter\BaseModel->insert(Object(Myth\Auth\Entities\User), false)
#3 D:\WEBSITE\xampp-7.4\htdocs\master-web\vendor\codeigniter4\framework\system\BaseModel.php(667): CodeIgniter\Model->insert(Object(Myth\Auth\Entities\User), false)
#4 D:\WEBSITE\xampp-7.4\htdocs\master-web\vendor\myth\auth\src\Controllers\AuthController.php(109): CodeIgniter\BaseModel->save(Object(Myth\Auth\Entities\User))
#5 D:\WEBSITE\xampp-7.4\htdocs\master-web\vendor\codeigniter4\framework\system\CodeIgniter.php(936): Myth\Auth\Controllers\AuthController->attemptLoginmahasiswa()
#6 D:\WEBSITE\xampp-7.4\htdocs\master-web\vendor\codeigniter4\framework\system\CodeIgniter.php(432): CodeIgniter\CodeIgniter->runController(Object(Myth\Auth\Controllers\AuthController))
#7 D:\WEBSITE\xampp-7.4\htdocs\master-web\vendor\codeigniter4\framework\system\CodeIgniter.php(333): CodeIgniter\CodeIgniter->handleRequest(NULL, Object(Config\Cache), false)
#8 D:\WEBSITE\xampp-7.4\htdocs\master-web\public\index.php(44): CodeIgniter\CodeIgniter->run()
#9 D:\WEBSITE\xampp-7.4\htdocs\master-web\vendor\codeigniter4\framework\system\Commands\Server\rewrite.php(45): require_once('D:\\WEBSITE\\xamp...')
#10 {main}
CRITICAL - 2021-06-07 10:47:09 --> array_merge(): Expected parameter 1 to be an array, string given
#0 [internal function]: CodeIgniter\Debug\Exceptions->errorHandler(2, 'array_merge(): ...', 'D:\\WEBSITE\\xamp...', 103, Array)
#1 D:\WEBSITE\xampp-7.4\htdocs\master-web\vendor\myth\auth\src\Controllers\AuthController.php(103): array_merge('dc0511ee1d2e520...', Array, Array)
#2 D:\WEBSITE\xampp-7.4\htdocs\master-web\vendor\codeigniter4\framework\system\CodeIgniter.php(936): Myth\Auth\Controllers\AuthController->attemptLoginmahasiswa()
#3 D:\WEBSITE\xampp-7.4\htdocs\master-web\vendor\codeigniter4\framework\system\CodeIgniter.php(432): CodeIgniter\CodeIgniter->runController(Object(Myth\Auth\Controllers\AuthController))
#4 D:\WEBSITE\xampp-7.4\htdocs\master-web\vendor\codeigniter4\framework\system\CodeIgniter.php(333): CodeIgniter\CodeIgniter->handleRequest(NULL, Object(Config\Cache), false)
#5 D:\WEBSITE\xampp-7.4\htdocs\master-web\public\index.php(44): CodeIgniter\CodeIgniter->run()
#6 D:\WEBSITE\xampp-7.4\htdocs\master-web\vendor\codeigniter4\framework\system\Commands\Server\rewrite.php(45): require_once('D:\\WEBSITE\\xamp...')
#7 {main}
CRITICAL - 2021-06-07 10:58:56 --> Undefined index: username
#0 D:\WEBSITE\xampp-7.4\htdocs\master-web\vendor\myth\auth\src\Authentication\LocalAuthenticator.php(26): CodeIgniter\Debug\Exceptions->errorHandler(8, 'Undefined index...', 'D:\\WEBSITE\\xamp...', 26, Array)
#1 D:\WEBSITE\xampp-7.4\htdocs\master-web\vendor\myth\auth\src\Controllers\AuthController.php(118): Myth\Auth\Authentication\LocalAuthenticator->attempt(Array, false)
#2 D:\WEBSITE\xampp-7.4\htdocs\master-web\vendor\codeigniter4\framework\system\CodeIgniter.php(936): Myth\Auth\Controllers\AuthController->attemptLoginmahasiswa()
#3 D:\WEBSITE\xampp-7.4\htdocs\master-web\vendor\codeigniter4\framework\system\CodeIgniter.php(432): CodeIgniter\CodeIgniter->runController(Object(Myth\Auth\Controllers\AuthController))
#4 D:\WEBSITE\xampp-7.4\htdocs\master-web\vendor\codeigniter4\framework\system\CodeIgniter.php(333): CodeIgniter\CodeIgniter->handleRequest(NULL, Object(Config\Cache), false)
#5 D:\WEBSITE\xampp-7.4\htdocs\master-web\public\index.php(44): CodeIgniter\CodeIgniter->run()
#6 D:\WEBSITE\xampp-7.4\htdocs\master-web\vendor\codeigniter4\framework\system\Commands\Server\rewrite.php(45): require_once('D:\\WEBSITE\\xamp...')
#7 {main}
CRITICAL - 2021-06-07 11:06:26 --> The "nim" field cannot be used to validate credentials.
#0 D:\WEBSITE\xampp-7.4\htdocs\master-web\vendor\myth\auth\src\Authentication\LocalAuthenticator.php(151): Myth\Auth\Exceptions\AuthException::forInvalidFields('nim')
#1 D:\WEBSITE\xampp-7.4\htdocs\master-web\vendor\myth\auth\src\Authentication\LocalAuthenticator.php(20): Myth\Auth\Authentication\LocalAuthenticator->validate(Array, true)
#2 D:\WEBSITE\xampp-7.4\htdocs\master-web\vendor\myth\auth\src\Controllers\AuthController.php(118): Myth\Auth\Authentication\LocalAuthenticator->attempt(Array, false)
#3 D:\WEBSITE\xampp-7.4\htdocs\master-web\vendor\codeigniter4\framework\system\CodeIgniter.php(936): Myth\Auth\Controllers\AuthController->attemptLoginmahasiswa()
#4 D:\WEBSITE\xampp-7.4\htdocs\master-web\vendor\codeigniter4\framework\system\CodeIgniter.php(432): CodeIgniter\CodeIgniter->runController(Object(Myth\Auth\Controllers\AuthController))
#5 D:\WEBSITE\xampp-7.4\htdocs\master-web\vendor\codeigniter4\framework\system\CodeIgniter.php(333): CodeIgniter\CodeIgniter->handleRequest(NULL, Object(Config\Cache), false)
#6 D:\WEBSITE\xampp-7.4\htdocs\master-web\public\index.php(44): CodeIgniter\CodeIgniter->run()
#7 D:\WEBSITE\xampp-7.4\htdocs\master-web\vendor\codeigniter4\framework\system\Commands\Server\rewrite.php(45): require_once('D:\\WEBSITE\\xamp...')
#8 {main}
CRITICAL - 2021-06-07 11:08:05 --> The "nim" field cannot be used to validate credentials.
#0 D:\WEBSITE\xampp-7.4\htdocs\master-web\vendor\myth\auth\src\Authentication\LocalAuthenticator.php(151): Myth\Auth\Exceptions\AuthException::forInvalidFields('nim')
#1 D:\WEBSITE\xampp-7.4\htdocs\master-web\vendor\myth\auth\src\Authentication\LocalAuthenticator.php(20): Myth\Auth\Authentication\LocalAuthenticator->validate(Array, true)
#2 D:\WEBSITE\xampp-7.4\htdocs\master-web\vendor\myth\auth\src\Controllers\AuthController.php(118): Myth\Auth\Authentication\LocalAuthenticator->attempt(Array, false)
#3 D:\WEBSITE\xampp-7.4\htdocs\master-web\vendor\codeigniter4\framework\system\CodeIgniter.php(936): Myth\Auth\Controllers\AuthController->attemptLoginmahasiswa()
#4 D:\WEBSITE\xampp-7.4\htdocs\master-web\vendor\codeigniter4\framework\system\CodeIgniter.php(432): CodeIgniter\CodeIgniter->runController(Object(Myth\Auth\Controllers\AuthController))
#5 D:\WEBSITE\xampp-7.4\htdocs\master-web\vendor\codeigniter4\framework\system\CodeIgniter.php(333): CodeIgniter\CodeIgniter->handleRequest(NULL, Object(Config\Cache), false)
#6 D:\WEBSITE\xampp-7.4\htdocs\master-web\public\index.php(44): CodeIgniter\CodeIgniter->run()
#7 D:\WEBSITE\xampp-7.4\htdocs\master-web\vendor\codeigniter4\framework\system\Commands\Server\rewrite.php(45): require_once('D:\\WEBSITE\\xamp...')
#8 {main}
CRITICAL - 2021-06-07 11:09:04 --> You do not have sufficient permissions to access that page.
#0 D:\WEBSITE\xampp-7.4\htdocs\master-web\vendor\codeigniter4\framework\system\Filters\Filters.php(181): Myth\Auth\Filters\RoleFilter->before(Object(CodeIgniter\HTTP\IncomingRequest), Array)
#1 D:\WEBSITE\xampp-7.4\htdocs\master-web\vendor\codeigniter4\framework\system\CodeIgniter.php(403): CodeIgniter\Filters\Filters->run('admin', 'before')
#2 D:\WEBSITE\xampp-7.4\htdocs\master-web\vendor\codeigniter4\framework\system\CodeIgniter.php(333): CodeIgniter\CodeIgniter->handleRequest(NULL, Object(Config\Cache), false)
#3 D:\WEBSITE\xampp-7.4\htdocs\master-web\public\index.php(44): CodeIgniter\CodeIgniter->run()
#4 D:\WEBSITE\xampp-7.4\htdocs\master-web\vendor\codeigniter4\framework\system\Commands\Server\rewrite.php(45): require_once('D:\\WEBSITE\\xamp...')
#5 {main}
CRITICAL - 2021-06-07 11:11:59 --> You do not have sufficient permissions to access that page.
#0 D:\WEBSITE\xampp-7.4\htdocs\master-web\vendor\codeigniter4\framework\system\Filters\Filters.php(181): Myth\Auth\Filters\RoleFilter->before(Object(CodeIgniter\HTTP\IncomingRequest), Array)
#1 D:\WEBSITE\xampp-7.4\htdocs\master-web\vendor\codeigniter4\framework\system\CodeIgniter.php(403): CodeIgniter\Filters\Filters->run('admin', 'before')
#2 D:\WEBSITE\xampp-7.4\htdocs\master-web\vendor\codeigniter4\framework\system\CodeIgniter.php(333): CodeIgniter\CodeIgniter->handleRequest(NULL, Object(Config\Cache), false)
#3 D:\WEBSITE\xampp-7.4\htdocs\master-web\public\index.php(44): CodeIgniter\CodeIgniter->run()
#4 D:\WEBSITE\xampp-7.4\htdocs\master-web\vendor\codeigniter4\framework\system\Commands\Server\rewrite.php(45): require_once('D:\\WEBSITE\\xamp...')
#5 {main}
CRITICAL - 2021-06-07 11:15:43 --> syntax error, unexpected ':'
#0 D:\WEBSITE\xampp-7.4\htdocs\master-web\vendor\codeigniter4\framework\system\Autoloader\Autoloader.php(265): CodeIgniter\Autoloader\Autoloader->includeFile('D:\\WEBSITE\\xamp...')
#1 D:\WEBSITE\xampp-7.4\htdocs\master-web\vendor\codeigniter4\framework\system\Autoloader\Autoloader.php(228): CodeIgniter\Autoloader\Autoloader->loadInNamespace('Myth\\Auth\\Contr...')
#2 [internal function]: CodeIgniter\Autoloader\Autoloader->loadClass('Myth\\Auth\\Contr...')
#3 [internal function]: spl_autoload_call('Myth\\Auth\\Contr...')
#4 D:\WEBSITE\xampp-7.4\htdocs\master-web\vendor\codeigniter4\framework\system\CodeIgniter.php(893): class_exists('\\Myth\\Auth\\Cont...', true)
#5 D:\WEBSITE\xampp-7.4\htdocs\master-web\vendor\codeigniter4\framework\system\CodeIgniter.php(417): CodeIgniter\CodeIgniter->startController()
#6 D:\WEBSITE\xampp-7.4\htdocs\master-web\vendor\codeigniter4\framework\system\CodeIgniter.php(333): CodeIgniter\CodeIgniter->handleRequest(NULL, Object(Config\Cache), false)
#7 D:\WEBSITE\xampp-7.4\htdocs\master-web\public\index.php(44): CodeIgniter\CodeIgniter->run()
#8 D:\WEBSITE\xampp-7.4\htdocs\master-web\vendor\codeigniter4\framework\system\Commands\Server\rewrite.php(45): require_once('D:\\WEBSITE\\xamp...')
#9 {main}
CRITICAL - 2021-06-07 11:16:11 --> You do not have sufficient permissions to access that page.
#0 D:\WEBSITE\xampp-7.4\htdocs\master-web\vendor\codeigniter4\framework\system\Filters\Filters.php(181): Myth\Auth\Filters\RoleFilter->before(Object(CodeIgniter\HTTP\IncomingRequest), Array)
#1 D:\WEBSITE\xampp-7.4\htdocs\master-web\vendor\codeigniter4\framework\system\CodeIgniter.php(403): CodeIgniter\Filters\Filters->run('admin', 'before')
#2 D:\WEBSITE\xampp-7.4\htdocs\master-web\vendor\codeigniter4\framework\system\CodeIgniter.php(333): CodeIgniter\CodeIgniter->handleRequest(NULL, Object(Config\Cache), false)
#3 D:\WEBSITE\xampp-7.4\htdocs\master-web\public\index.php(44): CodeIgniter\CodeIgniter->run()
#4 D:\WEBSITE\xampp-7.4\htdocs\master-web\vendor\codeigniter4\framework\system\Commands\Server\rewrite.php(45): require_once('D:\\WEBSITE\\xamp...')
#5 {main}
CRITICAL - 2021-06-07 11:16:16 --> You do not have sufficient permissions to access that page.
#0 D:\WEBSITE\xampp-7.4\htdocs\master-web\vendor\codeigniter4\framework\system\Filters\Filters.php(181): Myth\Auth\Filters\PermissionFilter->before(Object(CodeIgniter\HTTP\IncomingRequest), Array)
#1 D:\WEBSITE\xampp-7.4\htdocs\master-web\vendor\codeigniter4\framework\system\CodeIgniter.php(403): CodeIgniter\Filters\Filters->run('admin-menu', 'before')
#2 D:\WEBSITE\xampp-7.4\htdocs\master-web\vendor\codeigniter4\framework\system\CodeIgniter.php(333): CodeIgniter\CodeIgniter->handleRequest(NULL, Object(Config\Cache), false)
#3 D:\WEBSITE\xampp-7.4\htdocs\master-web\public\index.php(44): CodeIgniter\CodeIgniter->run()
#4 D:\WEBSITE\xampp-7.4\htdocs\master-web\vendor\codeigniter4\framework\system\Commands\Server\rewrite.php(45): require_once('D:\\WEBSITE\\xamp...')
#5 {main}
CRITICAL - 2021-06-07 11:25:22 --> syntax error, unexpected ')', expecting ']'
#0 D:\WEBSITE\xampp-7.4\htdocs\master-web\vendor\codeigniter4\framework\system\Autoloader\Autoloader.php(265): CodeIgniter\Autoloader\Autoloader->includeFile('D:\\WEBSITE\\xamp...')
#1 D:\WEBSITE\xampp-7.4\htdocs\master-web\vendor\codeigniter4\framework\system\Autoloader\Autoloader.php(228): CodeIgniter\Autoloader\Autoloader->loadInNamespace('Myth\\Auth\\Contr...')
#2 [internal function]: CodeIgniter\Autoloader\Autoloader->loadClass('Myth\\Auth\\Contr...')
#3 [internal function]: spl_autoload_call('Myth\\Auth\\Contr...')
#4 D:\WEBSITE\xampp-7.4\htdocs\master-web\vendor\codeigniter4\framework\system\CodeIgniter.php(893): class_exists('\\Myth\\Auth\\Cont...', true)
#5 D:\WEBSITE\xampp-7.4\htdocs\master-web\vendor\codeigniter4\framework\system\CodeIgniter.php(417): CodeIgniter\CodeIgniter->startController()
#6 D:\WEBSITE\xampp-7.4\htdocs\master-web\vendor\codeigniter4\framework\system\CodeIgniter.php(333): CodeIgniter\CodeIgniter->handleRequest(NULL, Object(Config\Cache), false)
#7 D:\WEBSITE\xampp-7.4\htdocs\master-web\public\index.php(44): CodeIgniter\CodeIgniter->run()
#8 D:\WEBSITE\xampp-7.4\htdocs\master-web\vendor\codeigniter4\framework\system\Commands\Server\rewrite.php(45): require_once('D:\\WEBSITE\\xamp...')
#9 {main}
ERROR - 2021-06-07 11:36:37 --> mysqli_sql_exception: Column 'email' cannot be null in D:\WEBSITE\xampp-7.4\htdocs\master-web\vendor\codeigniter4\framework\system\Database\MySQLi\Connection.php:314
Stack trace:
#0 D:\WEBSITE\xampp-7.4\htdocs\master-web\vendor\codeigniter4\framework\system\Database\MySQLi\Connection.php(314): mysqli->query('INSERT INTO `us...')
#1 D:\WEBSITE\xampp-7.4\htdocs\master-web\vendor\codeigniter4\framework\system\Database\BaseConnection.php(713): CodeIgniter\Database\MySQLi\Connection->execute('INSERT INTO `us...')
#2 D:\WEBSITE\xampp-7.4\htdocs\master-web\vendor\codeigniter4\framework\system\Database\BaseConnection.php(641): CodeIgniter\Database\BaseConnection->simpleQuery('INSERT INTO `us...')
#3 D:\WEBSITE\xampp-7.4\htdocs\master-web\vendor\codeigniter4\framework\system\Database\BaseBuilder.php(2263): CodeIgniter\Database\BaseConnection->query('INSERT INTO `us...', Array, false)
#4 D:\WEBSITE\xampp-7.4\htdocs\master-web\vendor\codeigniter4\framework\system\Model.php(278): CodeIgniter\Database\BaseBuilder->insert()
#5 D:\WEBSITE\xampp-7.4\htdocs\master-web\vendor\codeigniter4\framework\system\BaseModel.php(758): CodeIgniter\Model->doInsert(Array)
#6 D:\WEBSITE\xampp-7.4\htdocs\master-web\vendor\codeigniter4\framework\system\Model.php(705): CodeIgniter\BaseModel->insert(Array, false)
#7 D:\WEBSITE\xampp-7.4\htdocs\master-web\vendor\codeigniter4\framework\system\BaseModel.php(667): CodeIgniter\Model->insert(Object(Myth\Auth\Entities\User), false)
#8 D:\WEBSITE\xampp-7.4\htdocs\master-web\vendor\myth\auth\src\Controllers\AuthController.php(115): CodeIgniter\BaseModel->save(Object(Myth\Auth\Entities\User))
#9 D:\WEBSITE\xampp-7.4\htdocs\master-web\vendor\codeigniter4\framework\system\CodeIgniter.php(936): Myth\Auth\Controllers\AuthController->attemptLoginmahasiswa()
#10 D:\WEBSITE\xampp-7.4\htdocs\master-web\vendor\codeigniter4\framework\system\CodeIgniter.php(432): CodeIgniter\CodeIgniter->runController(Object(Myth\Auth\Controllers\AuthController))
#11 D:\WEBSITE\xampp-7.4\htdocs\master-web\vendor\codeigniter4\framework\system\CodeIgniter.php(333): CodeIgniter\CodeIgniter->handleRequest(NULL, Object(Config\Cache), false)
#12 D:\WEBSITE\xampp-7.4\htdocs\master-web\public\index.php(44): CodeIgniter\CodeIgniter->run()
#13 D:\WEBSITE\xampp-7.4\htdocs\master-web\vendor\codeigniter4\framework\system\Commands\Server\rewrite.php(45): require_once('D:\\WEBSITE\\xamp...')
#14 {main}
CRITICAL - 2021-06-07 11:36:37 --> Column 'email' cannot be null
#0 D:\WEBSITE\xampp-7.4\htdocs\master-web\vendor\codeigniter4\framework\system\Database\MySQLi\Connection.php(314): mysqli->query('INSERT INTO `us...')
#1 D:\WEBSITE\xampp-7.4\htdocs\master-web\vendor\codeigniter4\framework\system\Database\BaseConnection.php(713): CodeIgniter\Database\MySQLi\Connection->execute('INSERT INTO `us...')
#2 D:\WEBSITE\xampp-7.4\htdocs\master-web\vendor\codeigniter4\framework\system\Database\BaseConnection.php(641): CodeIgniter\Database\BaseConnection->simpleQuery('INSERT INTO `us...')
#3 D:\WEBSITE\xampp-7.4\htdocs\master-web\vendor\codeigniter4\framework\system\Database\BaseBuilder.php(2263): CodeIgniter\Database\BaseConnection->query('INSERT INTO `us...', Array, false)
#4 D:\WEBSITE\xampp-7.4\htdocs\master-web\vendor\codeigniter4\framework\system\Model.php(278): CodeIgniter\Database\BaseBuilder->insert()
#5 D:\WEBSITE\xampp-7.4\htdocs\master-web\vendor\codeigniter4\framework\system\BaseModel.php(758): CodeIgniter\Model->doInsert(Array)
#6 D:\WEBSITE\xampp-7.4\htdocs\master-web\vendor\codeigniter4\framework\system\Model.php(705): CodeIgniter\BaseModel->insert(Array, false)
#7 D:\WEBSITE\xampp-7.4\htdocs\master-web\vendor\codeigniter4\framework\system\BaseModel.php(667): CodeIgniter\Model->insert(Object(Myth\Auth\Entities\User), false)
#8 D:\WEBSITE\xampp-7.4\htdocs\master-web\vendor\myth\auth\src\Controllers\AuthController.php(115): CodeIgniter\BaseModel->save(Object(Myth\Auth\Entities\User))
#9 D:\WEBSITE\xampp-7.4\htdocs\master-web\vendor\codeigniter4\framework\system\CodeIgniter.php(936): Myth\Auth\Controllers\AuthController->attemptLoginmahasiswa()
#10 D:\WEBSITE\xampp-7.4\htdocs\master-web\vendor\codeigniter4\framework\system\CodeIgniter.php(432): CodeIgniter\CodeIgniter->runController(Object(Myth\Auth\Controllers\AuthController))
#11 D:\WEBSITE\xampp-7.4\htdocs\master-web\vendor\codeigniter4\framework\system\CodeIgniter.php(333): CodeIgniter\CodeIgniter->handleRequest(NULL, Object(Config\Cache), false)
#12 D:\WEBSITE\xampp-7.4\htdocs\master-web\public\index.php(44): CodeIgniter\CodeIgniter->run()
#13 D:\WEBSITE\xampp-7.4\htdocs\master-web\vendor\codeigniter4\framework\system\Commands\Server\rewrite.php(45): require_once('D:\\WEBSITE\\xamp...')
#14 {main}
CRITICAL - 2021-06-07 11:47:53 --> syntax error, unexpected '='
#0 D:\WEBSITE\xampp-7.4\htdocs\master-web\vendor\codeigniter4\framework\system\Autoloader\Autoloader.php(265): CodeIgniter\Autoloader\Autoloader->includeFile('D:\\WEBSITE\\xamp...')
#1 D:\WEBSITE\xampp-7.4\htdocs\master-web\vendor\codeigniter4\framework\system\Autoloader\Autoloader.php(228): CodeIgniter\Autoloader\Autoloader->loadInNamespace('Myth\\Auth\\Contr...')
#2 [internal function]: CodeIgniter\Autoloader\Autoloader->loadClass('Myth\\Auth\\Contr...')
#3 [internal function]: spl_autoload_call('Myth\\Auth\\Contr...')
#4 D:\WEBSITE\xampp-7.4\htdocs\master-web\vendor\codeigniter4\framework\system\CodeIgniter.php(893): class_exists('\\Myth\\Auth\\Cont...', true)
#5 D:\WEBSITE\xampp-7.4\htdocs\master-web\vendor\codeigniter4\framework\system\CodeIgniter.php(417): CodeIgniter\CodeIgniter->startController()
#6 D:\WEBSITE\xampp-7.4\htdocs\master-web\vendor\codeigniter4\framework\system\CodeIgniter.php(333): CodeIgniter\CodeIgniter->handleRequest(NULL, Object(Config\Cache), false)
#7 D:\WEBSITE\xampp-7.4\htdocs\master-web\public\index.php(44): CodeIgniter\CodeIgniter->run()
#8 D:\WEBSITE\xampp-7.4\htdocs\master-web\vendor\codeigniter4\framework\system\Commands\Server\rewrite.php(45): require_once('D:\\WEBSITE\\xamp...')
#9 {main}
CRITICAL - 2021-06-07 11:48:21 --> Call to undefined function Myth\Auth\Controllers\setPassword()
#0 D:\WEBSITE\xampp-7.4\htdocs\master-web\vendor\codeigniter4\framework\system\CodeIgniter.php(936): Myth\Auth\Controllers\AuthController->attemptLoginmahasiswa()
#1 D:\WEBSITE\xampp-7.4\htdocs\master-web\vendor\codeigniter4\framework\system\CodeIgniter.php(432): CodeIgniter\CodeIgniter->runController(Object(Myth\Auth\Controllers\AuthController))
#2 D:\WEBSITE\xampp-7.4\htdocs\master-web\vendor\codeigniter4\framework\system\CodeIgniter.php(333): CodeIgniter\CodeIgniter->handleRequest(NULL, Object(Config\Cache), false)
#3 D:\WEBSITE\xampp-7.4\htdocs\master-web\public\index.php(44): CodeIgniter\CodeIgniter->run()
#4 D:\WEBSITE\xampp-7.4\htdocs\master-web\vendor\codeigniter4\framework\system\Commands\Server\rewrite.php(45): require_once('D:\\WEBSITE\\xamp...')
#5 {main}
CRITICAL - 2021-06-07 11:49:24 --> Cannot redeclare setPassword() (previously declared in D:\WEBSITE\xampp-7.4\htdocs\master-web\vendor\myth\auth\src\Helpers\auth_helper.php:104)
#0 [internal function]: CodeIgniter\Debug\Exceptions->shutdownHandler()
#1 {main}
CRITICAL - 2021-06-07 11:49:55 --> Cannot redeclare setPassword() (previously declared in D:\WEBSITE\xampp-7.4\htdocs\master-web\vendor\myth\auth\src\Helpers\auth_helper.php:104)
#0 [internal function]: CodeIgniter\Debug\Exceptions->shutdownHandler()
#1 {main}
CRITICAL - 2021-06-07 11:49:57 --> Cannot redeclare setPassword() (previously declared in D:\WEBSITE\xampp-7.4\htdocs\master-web\vendor\myth\auth\src\Helpers\auth_helper.php:104)
#0 [internal function]: CodeIgniter\Debug\Exceptions->shutdownHandler()
#1 {main}
CRITICAL - 2021-06-07 11:49:58 --> Cannot redeclare setPassword() (previously declared in D:\WEBSITE\xampp-7.4\htdocs\master-web\vendor\myth\auth\src\Helpers\auth_helper.php:104)
#0 [internal function]: CodeIgniter\Debug\Exceptions->shutdownHandler()
#1 {main}
CRITICAL - 2021-06-07 11:50:18 --> Cannot redeclare setPassword() (previously declared in D:\WEBSITE\xampp-7.4\htdocs\master-web\vendor\myth\auth\src\Helpers\auth_helper.php:5)
#0 [internal function]: CodeIgniter\Debug\Exceptions->shutdownHandler()
#1 {main}
CRITICAL - 2021-06-07 11:51:23 --> Cannot redeclare cek_link() (previously declared in D:\WEBSITE\xampp-7.4\htdocs\master-web\app\Helpers\my_helpers.php:3)
#0 [internal function]: CodeIgniter\Debug\Exceptions->shutdownHandler()
#1 {main}
CRITICAL - 2021-06-07 11:51:38 --> Cannot redeclare setPassword() (previously declared in D:\WEBSITE\xampp-7.4\htdocs\master-web\app\Helpers\my_helpers.php:16)
#0 [internal function]: CodeIgniter\Debug\Exceptions->shutdownHandler()
#1 {main}
CRITICAL - 2021-06-07 11:55:18 --> Call to undefined function Myth\Auth\Controllers\setPassword()
#0 D:\WEBSITE\xampp-7.4\htdocs\master-web\vendor\codeigniter4\framework\system\CodeIgniter.php(936): Myth\Auth\Controllers\AuthController->attemptLoginmahasiswa()
#1 D:\WEBSITE\xampp-7.4\htdocs\master-web\vendor\codeigniter4\framework\system\CodeIgniter.php(432): CodeIgniter\CodeIgniter->runController(Object(Myth\Auth\Controllers\AuthController))
#2 D:\WEBSITE\xampp-7.4\htdocs\master-web\vendor\codeigniter4\framework\system\CodeIgniter.php(333): CodeIgniter\CodeIgniter->handleRequest(NULL, Object(Config\Cache), false)
#3 D:\WEBSITE\xampp-7.4\htdocs\master-web\public\index.php(44): CodeIgniter\CodeIgniter->run()
#4 D:\WEBSITE\xampp-7.4\htdocs\master-web\vendor\codeigniter4\framework\system\Commands\Server\rewrite.php(45): require_once('D:\\WEBSITE\\xamp...')
#5 {main}
CRITICAL - 2021-06-07 11:55:57 --> syntax error, unexpected '(', expecting variable (T_VARIABLE)
#0 D:\WEBSITE\xampp-7.4\htdocs\master-web\vendor\codeigniter4\framework\system\Autoloader\Autoloader.php(265): CodeIgniter\Autoloader\Autoloader->includeFile('D:\\WEBSITE\\xamp...')
#1 D:\WEBSITE\xampp-7.4\htdocs\master-web\vendor\codeigniter4\framework\system\Autoloader\Autoloader.php(228): CodeIgniter\Autoloader\Autoloader->loadInNamespace('Myth\\Auth\\Contr...')
#2 [internal function]: CodeIgniter\Autoloader\Autoloader->loadClass('Myth\\Auth\\Contr...')
#3 [internal function]: spl_autoload_call('Myth\\Auth\\Contr...')
#4 D:\WEBSITE\xampp-7.4\htdocs\master-web\vendor\codeigniter4\framework\system\CodeIgniter.php(893): class_exists('\\Myth\\Auth\\Cont...', true)
#5 D:\WEBSITE\xampp-7.4\htdocs\master-web\vendor\codeigniter4\framework\system\CodeIgniter.php(417): CodeIgniter\CodeIgniter->startController()
#6 D:\WEBSITE\xampp-7.4\htdocs\master-web\vendor\codeigniter4\framework\system\CodeIgniter.php(333): CodeIgniter\CodeIgniter->handleRequest(NULL, Object(Config\Cache), false)
#7 D:\WEBSITE\xampp-7.4\htdocs\master-web\public\index.php(44): CodeIgniter\CodeIgniter->run()
#8 D:\WEBSITE\xampp-7.4\htdocs\master-web\vendor\codeigniter4\framework\system\Commands\Server\rewrite.php(45): require_once('D:\\WEBSITE\\xamp...')
#9 {main}
CRITICAL - 2021-06-07 11:56:11 --> Call to undefined function Myth\Auth\Controllers\setPassword()
#0 D:\WEBSITE\xampp-7.4\htdocs\master-web\vendor\codeigniter4\framework\system\CodeIgniter.php(936): Myth\Auth\Controllers\AuthController->attemptLoginmahasiswa()
#1 D:\WEBSITE\xampp-7.4\htdocs\master-web\vendor\codeigniter4\framework\system\CodeIgniter.php(432): CodeIgniter\CodeIgniter->runController(Object(Myth\Auth\Controllers\AuthController))
#2 D:\WEBSITE\xampp-7.4\htdocs\master-web\vendor\codeigniter4\framework\system\CodeIgniter.php(333): CodeIgniter\CodeIgniter->handleRequest(NULL, Object(Config\Cache), false)
#3 D:\WEBSITE\xampp-7.4\htdocs\master-web\public\index.php(44): CodeIgniter\CodeIgniter->run()
#4 D:\WEBSITE\xampp-7.4\htdocs\master-web\vendor\codeigniter4\framework\system\Commands\Server\rewrite.php(45): require_once('D:\\WEBSITE\\xamp...')
#5 {main}
CRITICAL - 2021-06-07 12:07:32 --> Undefined variable: login
#0 D:\WEBSITE\xampp-7.4\htdocs\master-web\vendor\myth\auth\src\Controllers\AuthController.php(139): CodeIgniter\Debug\Exceptions->errorHandler(8, 'Undefined varia...', 'D:\\WEBSITE\\xamp...', 139, Array)
#1 D:\WEBSITE\xampp-7.4\htdocs\master-web\vendor\codeigniter4\framework\system\CodeIgniter.php(936): Myth\Auth\Controllers\AuthController->attemptLoginmahasiswa()
#2 D:\WEBSITE\xampp-7.4\htdocs\master-web\vendor\codeigniter4\framework\system\CodeIgniter.php(432): CodeIgniter\CodeIgniter->runController(Object(Myth\Auth\Controllers\AuthController))
#3 D:\WEBSITE\xampp-7.4\htdocs\master-web\vendor\codeigniter4\framework\system\CodeIgniter.php(333): CodeIgniter\CodeIgniter->handleRequest(NULL, Object(Config\Cache), false)
#4 D:\WEBSITE\xampp-7.4\htdocs\master-web\public\index.php(44): CodeIgniter\CodeIgniter->run()
#5 D:\WEBSITE\xampp-7.4\htdocs\master-web\vendor\codeigniter4\framework\system\Commands\Server\rewrite.php(45): require_once('D:\\WEBSITE\\xamp...')
#6 {main}
CRITICAL - 2021-06-07 12:07:51 --> Too few arguments to function Myth\Auth\Authentication\LocalAuthenticator::attempt_mahasiswa(), 0 passed in D:\WEBSITE\xampp-7.4\htdocs\master-web\vendor\myth\auth\src\Controllers\AuthController.php on line 139 and at least 1 expected
#0 D:\WEBSITE\xampp-7.4\htdocs\master-web\vendor\myth\auth\src\Controllers\AuthController.php(139): Myth\Auth\Authentication\LocalAuthenticator->attempt_mahasiswa()
#1 D:\WEBSITE\xampp-7.4\htdocs\master-web\vendor\codeigniter4\framework\system\CodeIgniter.php(936): Myth\Auth\Controllers\AuthController->attemptLoginmahasiswa()
#2 D:\WEBSITE\xampp-7.4\htdocs\master-web\vendor\codeigniter4\framework\system\CodeIgniter.php(432): CodeIgniter\CodeIgniter->runController(Object(Myth\Auth\Controllers\AuthController))
#3 D:\WEBSITE\xampp-7.4\htdocs\master-web\vendor\codeigniter4\framework\system\CodeIgniter.php(333): CodeIgniter\CodeIgniter->handleRequest(NULL, Object(Config\Cache), false)
#4 D:\WEBSITE\xampp-7.4\htdocs\master-web\public\index.php(44): CodeIgniter\CodeIgniter->run()
#5 D:\WEBSITE\xampp-7.4\htdocs\master-web\vendor\codeigniter4\framework\system\Commands\Server\rewrite.php(45): require_once('D:\\WEBSITE\\xamp...')
#6 {main}
CRITICAL - 2021-06-07 13:42:17 --> Call to undefined function Myth\Auth\Controllers\setPassword()
#0 D:\WEBSITE\xampp-7.4\htdocs\master-web\vendor\codeigniter4\framework\system\CodeIgniter.php(936): Myth\Auth\Controllers\AuthController->attemptLoginmahasiswa()
#1 D:\WEBSITE\xampp-7.4\htdocs\master-web\vendor\codeigniter4\framework\system\CodeIgniter.php(432): CodeIgniter\CodeIgniter->runController(Object(Myth\Auth\Controllers\AuthController))
#2 D:\WEBSITE\xampp-7.4\htdocs\master-web\vendor\codeigniter4\framework\system\CodeIgniter.php(333): CodeIgniter\CodeIgniter->handleRequest(NULL, Object(Config\Cache), false)
#3 D:\WEBSITE\xampp-7.4\htdocs\master-web\public\index.php(44): CodeIgniter\CodeIgniter->run()
#4 D:\WEBSITE\xampp-7.4\htdocs\master-web\vendor\codeigniter4\framework\system\Commands\Server\rewrite.php(45): require_once('D:\\WEBSITE\\xamp...')
#5 {main}
CRITICAL - 2021-06-07 13:43:28 --> Cannot redeclare setPassword() (previously declared in D:\WEBSITE\xampp-7.4\htdocs\master-web\app\Helpers\my_helpers.php:16)
#0 [internal function]: CodeIgniter\Debug\Exceptions->shutdownHandler()
#1 {main}
CRITICAL - 2021-06-07 13:46:23 --> Call to undefined function Myth\Auth\Controllers\setPassword()
#0 D:\WEBSITE\xampp-7.4\htdocs\master-web\vendor\codeigniter4\framework\system\CodeIgniter.php(936): Myth\Auth\Controllers\AuthController->attemptLoginmahasiswa()
#1 D:\WEBSITE\xampp-7.4\htdocs\master-web\vendor\codeigniter4\framework\system\CodeIgniter.php(432): CodeIgniter\CodeIgniter->runController(Object(Myth\Auth\Controllers\AuthController))
#2 D:\WEBSITE\xampp-7.4\htdocs\master-web\vendor\codeigniter4\framework\system\CodeIgniter.php(333): CodeIgniter\CodeIgniter->handleRequest(NULL, Object(Config\Cache), false)
#3 D:\WEBSITE\xampp-7.4\htdocs\master-web\public\index.php(44): CodeIgniter\CodeIgniter->run()
#4 D:\WEBSITE\xampp-7.4\htdocs\master-web\vendor\codeigniter4\framework\system\Commands\Server\rewrite.php(45): require_once('D:\\WEBSITE\\xamp...')
#5 {main}
CRITICAL - 2021-06-07 13:47:39 --> Undefined variable: config
#0 D:\WEBSITE\xampp-7.4\htdocs\master-web\vendor\myth\auth\src\Controllers\AuthController.php(110): CodeIgniter\Debug\Exceptions->errorHandler(8, 'Undefined varia...', 'D:\\WEBSITE\\xamp...', 110, Array)
#1 D:\WEBSITE\xampp-7.4\htdocs\master-web\vendor\codeigniter4\framework\system\CodeIgniter.php(936): Myth\Auth\Controllers\AuthController->attemptLoginmahasiswa()
#2 D:\WEBSITE\xampp-7.4\htdocs\master-web\vendor\codeigniter4\framework\system\CodeIgniter.php(432): CodeIgniter\CodeIgniter->runController(Object(Myth\Auth\Controllers\AuthController))
#3 D:\WEBSITE\xampp-7.4\htdocs\master-web\vendor\codeigniter4\framework\system\CodeIgniter.php(333): CodeIgniter\CodeIgniter->handleRequest(NULL, Object(Config\Cache), false)
#4 D:\WEBSITE\xampp-7.4\htdocs\master-web\public\index.php(44): CodeIgniter\CodeIgniter->run()
#5 D:\WEBSITE\xampp-7.4\htdocs\master-web\vendor\codeigniter4\framework\system\Commands\Server\rewrite.php(45): require_once('D:\\WEBSITE\\xamp...')
#6 {main}
CRITICAL - 2021-06-07 13:48:26 --> Call to undefined function Myth\Auth\Controllers\setPassword()
#0 D:\WEBSITE\xampp-7.4\htdocs\master-web\vendor\codeigniter4\framework\system\CodeIgniter.php(936): Myth\Auth\Controllers\AuthController->attemptLoginmahasiswa()
#1 D:\WEBSITE\xampp-7.4\htdocs\master-web\vendor\codeigniter4\framework\system\CodeIgniter.php(432): CodeIgniter\CodeIgniter->runController(Object(Myth\Auth\Controllers\AuthController))
#2 D:\WEBSITE\xampp-7.4\htdocs\master-web\vendor\codeigniter4\framework\system\CodeIgniter.php(333): CodeIgniter\CodeIgniter->handleRequest(NULL, Object(Config\Cache), false)
#3 D:\WEBSITE\xampp-7.4\htdocs\master-web\public\index.php(44): CodeIgniter\CodeIgniter->run()
#4 D:\WEBSITE\xampp-7.4\htdocs\master-web\vendor\codeigniter4\framework\system\Commands\Server\rewrite.php(45): require_once('D:\\WEBSITE\\xamp...')
#5 {main}
CRITICAL - 2021-06-07 13:52:54 --> Undefined variable: pass
#0 D:\WEBSITE\xampp-7.4\htdocs\master-web\vendor\myth\auth\src\Controllers\AuthController.php(112): CodeIgniter\Debug\Exceptions->errorHandler(8, 'Undefined varia...', 'D:\\WEBSITE\\xamp...', 112, Array)
#1 D:\WEBSITE\xampp-7.4\htdocs\master-web\vendor\codeigniter4\framework\system\CodeIgniter.php(936): Myth\Auth\Controllers\AuthController->attemptLoginmahasiswa()
#2 D:\WEBSITE\xampp-7.4\htdocs\master-web\vendor\codeigniter4\framework\system\CodeIgniter.php(432): CodeIgniter\CodeIgniter->runController(Object(Myth\Auth\Controllers\AuthController))
#3 D:\WEBSITE\xampp-7.4\htdocs\master-web\vendor\codeigniter4\framework\system\CodeIgniter.php(333): CodeIgniter\CodeIgniter->handleRequest(NULL, Object(Config\Cache), false)
#4 D:\WEBSITE\xampp-7.4\htdocs\master-web\public\index.php(44): CodeIgniter\CodeIgniter->run()
#5 D:\WEBSITE\xampp-7.4\htdocs\master-web\vendor\codeigniter4\framework\system\Commands\Server\rewrite.php(45): require_once('D:\\WEBSITE\\xamp...')
#6 {main}
CRITICAL - 2021-06-07 13:55:01 --> syntax error, unexpected ';', expecting ']'
#0 D:\WEBSITE\xampp-7.4\htdocs\master-web\vendor\codeigniter4\framework\system\Autoloader\Autoloader.php(265): CodeIgniter\Autoloader\Autoloader->includeFile('D:\\WEBSITE\\xamp...')
#1 D:\WEBSITE\xampp-7.4\htdocs\master-web\vendor\codeigniter4\framework\system\Autoloader\Autoloader.php(228): CodeIgniter\Autoloader\Autoloader->loadInNamespace('Myth\\Auth\\Contr...')
#2 [internal function]: CodeIgniter\Autoloader\Autoloader->loadClass('Myth\\Auth\\Contr...')
#3 [internal function]: spl_autoload_call('Myth\\Auth\\Contr...')
#4 D:\WEBSITE\xampp-7.4\htdocs\master-web\vendor\codeigniter4\framework\system\CodeIgniter.php(893): class_exists('\\Myth\\Auth\\Cont...', true)
#5 D:\WEBSITE\xampp-7.4\htdocs\master-web\vendor\codeigniter4\framework\system\CodeIgniter.php(417): CodeIgniter\CodeIgniter->startController()
#6 D:\WEBSITE\xampp-7.4\htdocs\master-web\vendor\codeigniter4\framework\system\CodeIgniter.php(333): CodeIgniter\CodeIgniter->handleRequest(NULL, Object(Config\Cache), false)
#7 D:\WEBSITE\xampp-7.4\htdocs\master-web\public\index.php(44): CodeIgniter\CodeIgniter->run()
#8 D:\WEBSITE\xampp-7.4\htdocs\master-web\vendor\codeigniter4\framework\system\Commands\Server\rewrite.php(45): require_once('D:\\WEBSITE\\xamp...')
#9 {main}
CRITICAL - 2021-06-07 13:55:17 --> Argument 1 passed to Myth\Auth\Authentication\AuthenticationBase::recordLoginAttempt() must be of the type string, null given, called in D:\WEBSITE\xampp-7.4\htdocs\master-web\vendor\myth\auth\src\Authentication\AuthenticationBase.php on line 88
#0 D:\WEBSITE\xampp-7.4\htdocs\master-web\vendor\myth\auth\src\Authentication\AuthenticationBase.php(88): Myth\Auth\Authentication\AuthenticationBase->recordLoginAttempt(NULL, '::1', '43', true)
#1 D:\WEBSITE\xampp-7.4\htdocs\master-web\vendor\myth\auth\src\Authentication\LocalAuthenticator.php(61): Myth\Auth\Authentication\AuthenticationBase->login(Object(Myth\Auth\Entities\User), false)
#2 D:\WEBSITE\xampp-7.4\htdocs\master-web\vendor\myth\auth\src\Controllers\AuthController.php(234): Myth\Auth\Authentication\LocalAuthenticator->attempt_mahasiswa(Array, false)
#3 D:\WEBSITE\xampp-7.4\htdocs\master-web\vendor\codeigniter4\framework\system\CodeIgniter.php(936): Myth\Auth\Controllers\AuthController->attemptLoginmahasiswa()
#4 D:\WEBSITE\xampp-7.4\htdocs\master-web\vendor\codeigniter4\framework\system\CodeIgniter.php(432): CodeIgniter\CodeIgniter->runController(Object(Myth\Auth\Controllers\AuthController))
#5 D:\WEBSITE\xampp-7.4\htdocs\master-web\vendor\codeigniter4\framework\system\CodeIgniter.php(333): CodeIgniter\CodeIgniter->handleRequest(NULL, Object(Config\Cache), false)
#6 D:\WEBSITE\xampp-7.4\htdocs\master-web\public\index.php(44): CodeIgniter\CodeIgniter->run()
#7 D:\WEBSITE\xampp-7.4\htdocs\master-web\vendor\codeigniter4\framework\system\Commands\Server\rewrite.php(45): require_once('D:\\WEBSITE\\xamp...')
#8 {main}
CRITICAL - 2021-06-07 13:57:39 --> Argument 1 passed to Myth\Auth\Authentication\AuthenticationBase::recordLoginAttempt() must be of the type string, null given, called in D:\WEBSITE\xampp-7.4\htdocs\master-web\vendor\myth\auth\src\Authentication\AuthenticationBase.php on line 88
#0 D:\WEBSITE\xampp-7.4\htdocs\master-web\vendor\myth\auth\src\Authentication\AuthenticationBase.php(88): Myth\Auth\Authentication\AuthenticationBase->recordLoginAttempt(NULL, '::1', '43', true)
#1 D:\WEBSITE\xampp-7.4\htdocs\master-web\vendor\myth\auth\src\Authentication\LocalAuthenticator.php(61): Myth\Auth\Authentication\AuthenticationBase->login(Object(Myth\Auth\Entities\User), false)
#2 D:\WEBSITE\xampp-7.4\htdocs\master-web\vendor\myth\auth\src\Controllers\AuthController.php(222): Myth\Auth\Authentication\LocalAuthenticator->attempt_mahasiswa(Array, false)
#3 D:\WEBSITE\xampp-7.4\htdocs\master-web\vendor\codeigniter4\framework\system\CodeIgniter.php(936): Myth\Auth\Controllers\AuthController->attemptLoginmahasiswa()
#4 D:\WEBSITE\xampp-7.4\htdocs\master-web\vendor\codeigniter4\framework\system\CodeIgniter.php(432): CodeIgniter\CodeIgniter->runController(Object(Myth\Auth\Controllers\AuthController))
#5 D:\WEBSITE\xampp-7.4\htdocs\master-web\vendor\codeigniter4\framework\system\CodeIgniter.php(333): CodeIgniter\CodeIgniter->handleRequest(NULL, Object(Config\Cache), false)
#6 D:\WEBSITE\xampp-7.4\htdocs\master-web\public\index.php(44): CodeIgniter\CodeIgniter->run()
#7 D:\WEBSITE\xampp-7.4\htdocs\master-web\vendor\codeigniter4\framework\system\Commands\Server\rewrite.php(45): require_once('D:\\WEBSITE\\xamp...')
#8 {main}
CRITICAL - 2021-06-07 13:59:59 --> Argument 1 passed to Myth\Auth\Authentication\AuthenticationBase::recordLoginAttempt() must be of the type string, null given, called in D:\WEBSITE\xampp-7.4\htdocs\master-web\vendor\myth\auth\src\Authentication\AuthenticationBase.php on line 88
#0 D:\WEBSITE\xampp-7.4\htdocs\master-web\vendor\myth\auth\src\Authentication\AuthenticationBase.php(88): Myth\Auth\Authentication\AuthenticationBase->recordLoginAttempt(NULL, '::1', '43', true)
#1 D:\WEBSITE\xampp-7.4\htdocs\master-web\vendor\myth\auth\src\Authentication\LocalAuthenticator.php(61): Myth\Auth\Authentication\AuthenticationBase->login(Object(Myth\Auth\Entities\User), false)
#2 D:\WEBSITE\xampp-7.4\htdocs\master-web\vendor\myth\auth\src\Controllers\AuthController.php(230): Myth\Auth\Authentication\LocalAuthenticator->attempt_mahasiswa(Array, false)
#3 D:\WEBSITE\xampp-7.4\htdocs\master-web\vendor\codeigniter4\framework\system\CodeIgniter.php(936): Myth\Auth\Controllers\AuthController->attemptLoginmahasiswa()
#4 D:\WEBSITE\xampp-7.4\htdocs\master-web\vendor\codeigniter4\framework\system\CodeIgniter.php(432): CodeIgniter\CodeIgniter->runController(Object(Myth\Auth\Controllers\AuthController))
#5 D:\WEBSITE\xampp-7.4\htdocs\master-web\vendor\codeigniter4\framework\system\CodeIgniter.php(333): CodeIgniter\CodeIgniter->handleRequest(NULL, Object(Config\Cache), false)
#6 D:\WEBSITE\xampp-7.4\htdocs\master-web\public\index.php(44): CodeIgniter\CodeIgniter->run()
#7 D:\WEBSITE\xampp-7.4\htdocs\master-web\vendor\codeigniter4\framework\system\Commands\Server\rewrite.php(45): require_once('D:\\WEBSITE\\xamp...')
#8 {main}
CRITICAL - 2021-06-07 14:09:58 --> Argument 1 passed to Myth\Auth\Authentication\AuthenticationBase::recordLoginAttempt() must be of the type string, null given, called in D:\WEBSITE\xampp-7.4\htdocs\master-web\vendor\myth\auth\src\Authentication\AuthenticationBase.php on line 88
#0 D:\WEBSITE\xampp-7.4\htdocs\master-web\vendor\myth\auth\src\Authentication\AuthenticationBase.php(88): Myth\Auth\Authentication\AuthenticationBase->recordLoginAttempt(NULL, '::1', '44', true)
#1 D:\WEBSITE\xampp-7.4\htdocs\master-web\vendor\myth\auth\src\Authentication\LocalAuthenticator.php(61): Myth\Auth\Authentication\AuthenticationBase->login(Object(Myth\Auth\Entities\User), false)
#2 D:\WEBSITE\xampp-7.4\htdocs\master-web\vendor\myth\auth\src\Controllers\AuthController.php(238): Myth\Auth\Authentication\LocalAuthenticator->attempt_mahasiswa(Array, false)
#3 D:\WEBSITE\xampp-7.4\htdocs\master-web\vendor\codeigniter4\framework\system\CodeIgniter.php(936): Myth\Auth\Controllers\AuthController->attemptLoginmahasiswa()
#4 D:\WEBSITE\xampp-7.4\htdocs\master-web\vendor\codeigniter4\framework\system\CodeIgniter.php(432): CodeIgniter\CodeIgniter->runController(Object(Myth\Auth\Controllers\AuthController))
#5 D:\WEBSITE\xampp-7.4\htdocs\master-web\vendor\codeigniter4\framework\system\CodeIgniter.php(333): CodeIgniter\CodeIgniter->handleRequest(NULL, Object(Config\Cache), false)
#6 D:\WEBSITE\xampp-7.4\htdocs\master-web\public\index.php(44): CodeIgniter\CodeIgniter->run()
#7 D:\WEBSITE\xampp-7.4\htdocs\master-web\vendor\codeigniter4\framework\system\Commands\Server\rewrite.php(45): require_once('D:\\WEBSITE\\xamp...')
#8 {main}
CRITICAL - 2021-06-07 14:17:55 --> Argument 1 passed to Myth\Auth\Authentication\AuthenticationBase::recordLoginAttempt() must be of the type string, null given, called in D:\WEBSITE\xampp-7.4\htdocs\master-web\vendor\myth\auth\src\Authentication\AuthenticationBase.php on line 88
#0 D:\WEBSITE\xampp-7.4\htdocs\master-web\vendor\myth\auth\src\Authentication\AuthenticationBase.php(88): Myth\Auth\Authentication\AuthenticationBase->recordLoginAttempt(NULL, '::1', '45', true)
#1 D:\WEBSITE\xampp-7.4\htdocs\master-web\vendor\myth\auth\src\Authentication\LocalAuthenticator.php(61): Myth\Auth\Authentication\AuthenticationBase->login(Object(Myth\Auth\Entities\User), false)
#2 D:\WEBSITE\xampp-7.4\htdocs\master-web\vendor\myth\auth\src\Controllers\AuthController.php(238): Myth\Auth\Authentication\LocalAuthenticator->attempt_mahasiswa(Array, false)
#3 D:\WEBSITE\xampp-7.4\htdocs\master-web\vendor\codeigniter4\framework\system\CodeIgniter.php(936): Myth\Auth\Controllers\AuthController->attemptLoginmahasiswa()
#4 D:\WEBSITE\xampp-7.4\htdocs\master-web\vendor\codeigniter4\framework\system\CodeIgniter.php(432): CodeIgniter\CodeIgniter->runController(Object(Myth\Auth\Controllers\AuthController))
#5 D:\WEBSITE\xampp-7.4\htdocs\master-web\vendor\codeigniter4\framework\system\CodeIgniter.php(333): CodeIgniter\CodeIgniter->handleRequest(NULL, Object(Config\Cache), false)
#6 D:\WEBSITE\xampp-7.4\htdocs\master-web\public\index.php(44): CodeIgniter\CodeIgniter->run()
#7 D:\WEBSITE\xampp-7.4\htdocs\master-web\vendor\codeigniter4\framework\system\Commands\Server\rewrite.php(45): require_once('D:\\WEBSITE\\xamp...')
#8 {main}
CRITICAL - 2021-06-07 14:18:55 --> Too few arguments to function Myth\Auth\Authentication\AuthenticationBase::recordLoginAttempt(), 3 passed in D:\WEBSITE\xampp-7.4\htdocs\master-web\vendor\myth\auth\src\Authentication\AuthenticationBase.php on line 89 and exactly 4 expected
#0 D:\WEBSITE\xampp-7.4\htdocs\master-web\vendor\myth\auth\src\Authentication\AuthenticationBase.php(89): Myth\Auth\Authentication\AuthenticationBase->recordLoginAttempt('::1', '45', 1)
#1 D:\WEBSITE\xampp-7.4\htdocs\master-web\vendor\myth\auth\src\Authentication\LocalAuthenticator.php(61): Myth\Auth\Authentication\AuthenticationBase->login(Object(Myth\Auth\Entities\User), false)
#2 D:\WEBSITE\xampp-7.4\htdocs\master-web\vendor\myth\auth\src\Controllers\AuthController.php(238): Myth\Auth\Authentication\LocalAuthenticator->attempt_mahasiswa(Array, false)
#3 D:\WEBSITE\xampp-7.4\htdocs\master-web\vendor\codeigniter4\framework\system\CodeIgniter.php(936): Myth\Auth\Controllers\AuthController->attemptLoginmahasiswa()
#4 D:\WEBSITE\xampp-7.4\htdocs\master-web\vendor\codeigniter4\framework\system\CodeIgniter.php(432): CodeIgniter\CodeIgniter->runController(Object(Myth\Auth\Controllers\AuthController))
#5 D:\WEBSITE\xampp-7.4\htdocs\master-web\vendor\codeigniter4\framework\system\CodeIgniter.php(333): CodeIgniter\CodeIgniter->handleRequest(NULL, Object(Config\Cache), false)
#6 D:\WEBSITE\xampp-7.4\htdocs\master-web\public\index.php(44): CodeIgniter\CodeIgniter->run()
#7 D:\WEBSITE\xampp-7.4\htdocs\master-web\vendor\codeigniter4\framework\system\Commands\Server\rewrite.php(45): require_once('D:\\WEBSITE\\xamp...')
#8 {main}
CRITICAL - 2021-06-07 14:23:42 --> Call to undefined function Myth\Auth\Controllers\urltitle()
#0 D:\WEBSITE\xampp-7.4\htdocs\master-web\vendor\codeigniter4\framework\system\CodeIgniter.php(936): Myth\Auth\Controllers\AuthController->attemptLoginmahasiswa()
#1 D:\WEBSITE\xampp-7.4\htdocs\master-web\vendor\codeigniter4\framework\system\CodeIgniter.php(432): CodeIgniter\CodeIgniter->runController(Object(Myth\Auth\Controllers\AuthController))
#2 D:\WEBSITE\xampp-7.4\htdocs\master-web\vendor\codeigniter4\framework\system\CodeIgniter.php(333): CodeIgniter\CodeIgniter->handleRequest(NULL, Object(Config\Cache), false)
#3 D:\WEBSITE\xampp-7.4\htdocs\master-web\public\index.php(44): CodeIgniter\CodeIgniter->run()
#4 D:\WEBSITE\xampp-7.4\htdocs\master-web\vendor\codeigniter4\framework\system\Commands\Server\rewrite.php(45): require_once('D:\\WEBSITE\\xamp...')
#5 {main}
CRITICAL - 2021-06-07 14:23:59 --> str_replace() expects at least 3 parameters, 1 given
#0 [internal function]: CodeIgniter\Debug\Exceptions->errorHandler(2, 'str_replace() e...', 'D:\\WEBSITE\\xamp...', 147, Array)
#1 D:\WEBSITE\xampp-7.4\htdocs\master-web\vendor\myth\auth\src\Controllers\AuthController.php(147): str_replace('eko-haryono')
#2 D:\WEBSITE\xampp-7.4\htdocs\master-web\vendor\codeigniter4\framework\system\CodeIgniter.php(936): Myth\Auth\Controllers\AuthController->attemptLoginmahasiswa()
#3 D:\WEBSITE\xampp-7.4\htdocs\master-web\vendor\codeigniter4\framework\system\CodeIgniter.php(432): CodeIgniter\CodeIgniter->runController(Object(Myth\Auth\Controllers\AuthController))
#4 D:\WEBSITE\xampp-7.4\htdocs\master-web\vendor\codeigniter4\framework\system\CodeIgniter.php(333): CodeIgniter\CodeIgniter->handleRequest(NULL, Object(Config\Cache), false)
#5 D:\WEBSITE\xampp-7.4\htdocs\master-web\public\index.php(44): CodeIgniter\CodeIgniter->run()
#6 D:\WEBSITE\xampp-7.4\htdocs\master-web\vendor\codeigniter4\framework\system\Commands\Server\rewrite.php(45): require_once('D:\\WEBSITE\\xamp...')
#7 {main}
CRITICAL - 2021-06-07 14:24:22 --> str_replace() expects at least 3 parameters, 2 given
#0 [internal function]: CodeIgniter\Debug\Exceptions->errorHandler(2, 'str_replace() e...', 'D:\\WEBSITE\\xamp...', 147, Array)
#1 D:\WEBSITE\xampp-7.4\htdocs\master-web\vendor\myth\auth\src\Controllers\AuthController.php(147): str_replace('-', 'eko-haryono')
#2 D:\WEBSITE\xampp-7.4\htdocs\master-web\vendor\codeigniter4\framework\system\CodeIgniter.php(936): Myth\Auth\Controllers\AuthController->attemptLoginmahasiswa()
#3 D:\WEBSITE\xampp-7.4\htdocs\master-web\vendor\codeigniter4\framework\system\CodeIgniter.php(432): CodeIgniter\CodeIgniter->runController(Object(Myth\Auth\Controllers\AuthController))
#4 D:\WEBSITE\xampp-7.4\htdocs\master-web\vendor\codeigniter4\framework\system\CodeIgniter.php(333): CodeIgniter\CodeIgniter->handleRequest(NULL, Object(Config\Cache), false)
#5 D:\WEBSITE\xampp-7.4\htdocs\master-web\public\index.php(44): CodeIgniter\CodeIgniter->run()
#6 D:\WEBSITE\xampp-7.4\htdocs\master-web\vendor\codeigniter4\framework\system\Commands\Server\rewrite.php(45): require_once('D:\\WEBSITE\\xamp...')
#7 {main}
ERROR - 2021-06-07 14:25:16 --> mysqli_sql_exception: Duplicate entry 'ekoharyono' for key 'username' in D:\WEBSITE\xampp-7.4\htdocs\master-web\vendor\codeigniter4\framework\system\Database\MySQLi\Connection.php:314
Stack trace:
#0 D:\WEBSITE\xampp-7.4\htdocs\master-web\vendor\codeigniter4\framework\system\Database\MySQLi\Connection.php(314): mysqli->query('INSERT INTO `us...')
#1 D:\WEBSITE\xampp-7.4\htdocs\master-web\vendor\codeigniter4\framework\system\Database\BaseConnection.php(713): CodeIgniter\Database\MySQLi\Connection->execute('INSERT INTO `us...')
#2 D:\WEBSITE\xampp-7.4\htdocs\master-web\vendor\codeigniter4\framework\system\Database\BaseConnection.php(641): CodeIgniter\Database\BaseConnection->simpleQuery('INSERT INTO `us...')
#3 D:\WEBSITE\xampp-7.4\htdocs\master-web\vendor\codeigniter4\framework\system\Database\BaseBuilder.php(2263): CodeIgniter\Database\BaseConnection->query('INSERT INTO `us...', Array, false)
#4 D:\WEBSITE\xampp-7.4\htdocs\master-web\vendor\myth\auth\src\Controllers\AuthController.php(213): CodeIgniter\Database\BaseBuilder->insert(Array)
#5 D:\WEBSITE\xampp-7.4\htdocs\master-web\vendor\codeigniter4\framework\system\CodeIgniter.php(936): Myth\Auth\Controllers\AuthController->attemptLoginmahasiswa()
#6 D:\WEBSITE\xampp-7.4\htdocs\master-web\vendor\codeigniter4\framework\system\CodeIgniter.php(432): CodeIgniter\CodeIgniter->runController(Object(Myth\Auth\Controllers\AuthController))
#7 D:\WEBSITE\xampp-7.4\htdocs\master-web\vendor\codeigniter4\framework\system\CodeIgniter.php(333): CodeIgniter\CodeIgniter->handleRequest(NULL, Object(Config\Cache), false)
#8 D:\WEBSITE\xampp-7.4\htdocs\master-web\public\index.php(44): CodeIgniter\CodeIgniter->run()
#9 D:\WEBSITE\xampp-7.4\htdocs\master-web\vendor\codeigniter4\framework\system\Commands\Server\rewrite.php(45): require_once('D:\\WEBSITE\\xamp...')
#10 {main}
CRITICAL - 2021-06-07 14:25:16 --> Duplicate entry 'ekoharyono' for key 'username'
#0 D:\WEBSITE\xampp-7.4\htdocs\master-web\vendor\codeigniter4\framework\system\Database\MySQLi\Connection.php(314): mysqli->query('INSERT INTO `us...')
#1 D:\WEBSITE\xampp-7.4\htdocs\master-web\vendor\codeigniter4\framework\system\Database\BaseConnection.php(713): CodeIgniter\Database\MySQLi\Connection->execute('INSERT INTO `us...')
#2 D:\WEBSITE\xampp-7.4\htdocs\master-web\vendor\codeigniter4\framework\system\Database\BaseConnection.php(641): CodeIgniter\Database\BaseConnection->simpleQuery('INSERT INTO `us...')
#3 D:\WEBSITE\xampp-7.4\htdocs\master-web\vendor\codeigniter4\framework\system\Database\BaseBuilder.php(2263): CodeIgniter\Database\BaseConnection->query('INSERT INTO `us...', Array, false)
#4 D:\WEBSITE\xampp-7.4\htdocs\master-web\vendor\myth\auth\src\Controllers\AuthController.php(213): CodeIgniter\Database\BaseBuilder->insert(Array)
#5 D:\WEBSITE\xampp-7.4\htdocs\master-web\vendor\codeigniter4\framework\system\CodeIgniter.php(936): Myth\Auth\Controllers\AuthController->attemptLoginmahasiswa()
#6 D:\WEBSITE\xampp-7.4\htdocs\master-web\vendor\codeigniter4\framework\system\CodeIgniter.php(432): CodeIgniter\CodeIgniter->runController(Object(Myth\Auth\Controllers\AuthController))
#7 D:\WEBSITE\xampp-7.4\htdocs\master-web\vendor\codeigniter4\framework\system\CodeIgniter.php(333): CodeIgniter\CodeIgniter->handleRequest(NULL, Object(Config\Cache), false)
#8 D:\WEBSITE\xampp-7.4\htdocs\master-web\public\index.php(44): CodeIgniter\CodeIgniter->run()
#9 D:\WEBSITE\xampp-7.4\htdocs\master-web\vendor\codeigniter4\framework\system\Commands\Server\rewrite.php(45): require_once('D:\\WEBSITE\\xamp...')
#10 {main}
CRITICAL - 2021-06-07 14:26:06 --> You do not have sufficient permissions to access that page.
#0 D:\WEBSITE\xampp-7.4\htdocs\master-web\vendor\codeigniter4\framework\system\Filters\Filters.php(181): Myth\Auth\Filters\RoleFilter->before(Object(CodeIgniter\HTTP\IncomingRequest), Array)
#1 D:\WEBSITE\xampp-7.4\htdocs\master-web\vendor\codeigniter4\framework\system\CodeIgniter.php(403): CodeIgniter\Filters\Filters->run('admin', 'before')
#2 D:\WEBSITE\xampp-7.4\htdocs\master-web\vendor\codeigniter4\framework\system\CodeIgniter.php(333): CodeIgniter\CodeIgniter->handleRequest(NULL, Object(Config\Cache), false)
#3 D:\WEBSITE\xampp-7.4\htdocs\master-web\public\index.php(44): CodeIgniter\CodeIgniter->run()
#4 D:\WEBSITE\xampp-7.4\htdocs\master-web\vendor\codeigniter4\framework\system\Commands\Server\rewrite.php(45): require_once('D:\\WEBSITE\\xamp...')
#5 {main}
CRITICAL - 2021-06-07 14:33:06 --> You do not have sufficient permissions to access that page.
#0 D:\WEBSITE\xampp-7.4\htdocs\master-web\vendor\codeigniter4\framework\system\Filters\Filters.php(181): Myth\Auth\Filters\RoleFilter->before(Object(CodeIgniter\HTTP\IncomingRequest), Array)
#1 D:\WEBSITE\xampp-7.4\htdocs\master-web\vendor\codeigniter4\framework\system\CodeIgniter.php(403): CodeIgniter\Filters\Filters->run('admin', 'before')
#2 D:\WEBSITE\xampp-7.4\htdocs\master-web\vendor\codeigniter4\framework\system\CodeIgniter.php(333): CodeIgniter\CodeIgniter->handleRequest(NULL, Object(Config\Cache), false)
#3 D:\WEBSITE\xampp-7.4\htdocs\master-web\public\index.php(44): CodeIgniter\CodeIgniter->run()
#4 D:\WEBSITE\xampp-7.4\htdocs\master-web\vendor\codeigniter4\framework\system\Commands\Server\rewrite.php(45): require_once('D:\\WEBSITE\\xamp...')
#5 {main}
CRITICAL - 2021-06-07 14:45:19 --> Undefined variable: nama_legkap
#0 D:\WEBSITE\xampp-7.4\htdocs\master-web\vendor\myth\auth\src\Controllers\AuthController.php(235): CodeIgniter\Debug\Exceptions->errorHandler(8, 'Undefined varia...', 'D:\\WEBSITE\\xamp...', 235, Array)
#1 D:\WEBSITE\xampp-7.4\htdocs\master-web\vendor\codeigniter4\framework\system\CodeIgniter.php(936): Myth\Auth\Controllers\AuthController->attemptLoginmahasiswa()
#2 D:\WEBSITE\xampp-7.4\htdocs\master-web\vendor\codeigniter4\framework\system\CodeIgniter.php(432): CodeIgniter\CodeIgniter->runController(Object(Myth\Auth\Controllers\AuthController))
#3 D:\WEBSITE\xampp-7.4\htdocs\master-web\vendor\codeigniter4\framework\system\CodeIgniter.php(333): CodeIgniter\CodeIgniter->handleRequest(NULL, Object(Config\Cache), false)
#4 D:\WEBSITE\xampp-7.4\htdocs\master-web\public\index.php(44): CodeIgniter\CodeIgniter->run()
#5 D:\WEBSITE\xampp-7.4\htdocs\master-web\vendor\codeigniter4\framework\system\Commands\Server\rewrite.php(45): require_once('D:\\WEBSITE\\xamp...')
#6 {main}
CRITICAL - 2021-06-07 14:46:10 --> Undefined variable: nama_legkap
#0 D:\WEBSITE\xampp-7.4\htdocs\master-web\vendor\myth\auth\src\Controllers\AuthController.php(235): CodeIgniter\Debug\Exceptions->errorHandler(8, 'Undefined varia...', 'D:\\WEBSITE\\xamp...', 235, Array)
#1 D:\WEBSITE\xampp-7.4\htdocs\master-web\vendor\codeigniter4\framework\system\CodeIgniter.php(936): Myth\Auth\Controllers\AuthController->attemptLoginmahasiswa()
#2 D:\WEBSITE\xampp-7.4\htdocs\master-web\vendor\codeigniter4\framework\system\CodeIgniter.php(432): CodeIgniter\CodeIgniter->runController(Object(Myth\Auth\Controllers\AuthController))
#3 D:\WEBSITE\xampp-7.4\htdocs\master-web\vendor\codeigniter4\framework\system\CodeIgniter.php(333): CodeIgniter\CodeIgniter->handleRequest(NULL, Object(Config\Cache), false)
#4 D:\WEBSITE\xampp-7.4\htdocs\master-web\public\index.php(44): CodeIgniter\CodeIgniter->run()
#5 D:\WEBSITE\xampp-7.4\htdocs\master-web\vendor\codeigniter4\framework\system\Commands\Server\rewrite.php(45): require_once('D:\\WEBSITE\\xamp...')
#6 {main}
CRITICAL - 2021-06-07 14:53:37 --> You do not have sufficient permissions to access that page.
#0 D:\WEBSITE\xampp-7.4\htdocs\master-web\vendor\codeigniter4\framework\system\Filters\Filters.php(181): Myth\Auth\Filters\RoleFilter->before(Object(CodeIgniter\HTTP\IncomingRequest), Array)
#1 D:\WEBSITE\xampp-7.4\htdocs\master-web\vendor\codeigniter4\framework\system\CodeIgniter.php(403): CodeIgniter\Filters\Filters->run('admin', 'before')
#2 D:\WEBSITE\xampp-7.4\htdocs\master-web\vendor\codeigniter4\framework\system\CodeIgniter.php(333): CodeIgniter\CodeIgniter->handleRequest(NULL, Object(Config\Cache), false)
#3 D:\WEBSITE\xampp-7.4\htdocs\master-web\public\index.php(44): CodeIgniter\CodeIgniter->run()
#4 D:\WEBSITE\xampp-7.4\htdocs\master-web\vendor\codeigniter4\framework\system\Commands\Server\rewrite.php(45): require_once('D:\\WEBSITE\\xamp...')
#5 {main}
CRITICAL - 2021-06-07 15:43:38 --> Class 'Modules\MahasiswaPresma\Models\ModelPresmaKejuaraanIndividu' not found
#0 D:\WEBSITE\xampp-7.4\htdocs\master-web\vendor\codeigniter4\framework\system\CodeIgniter.php(908): Modules\MahasiswaPresma\Controllers\DataPresmaKejuaraanIndividu->__construct()
#1 D:\WEBSITE\xampp-7.4\htdocs\master-web\vendor\codeigniter4\framework\system\CodeIgniter.php(422): CodeIgniter\CodeIgniter->createController()
#2 D:\WEBSITE\xampp-7.4\htdocs\master-web\vendor\codeigniter4\framework\system\CodeIgniter.php(333): CodeIgniter\CodeIgniter->handleRequest(NULL, Object(Config\Cache), false)
#3 D:\WEBSITE\xampp-7.4\htdocs\master-web\public\index.php(44): CodeIgniter\CodeIgniter->run()
#4 D:\WEBSITE\xampp-7.4\htdocs\master-web\vendor\codeigniter4\framework\system\Commands\Server\rewrite.php(45): require_once('D:\\WEBSITE\\xamp...')
#5 {main}
CRITICAL - 2021-06-07 15:53:11 --> Class 'Modules\MahasiswaPresma\Models\ModelPresmaKejuaraanIndividu' not found
#0 D:\WEBSITE\xampp-7.4\htdocs\master-web\vendor\codeigniter4\framework\system\CodeIgniter.php(908): Modules\MahasiswaPresma\Controllers\DataPresmaKejuaraanIndividu->__construct()
#1 D:\WEBSITE\xampp-7.4\htdocs\master-web\vendor\codeigniter4\framework\system\CodeIgniter.php(422): CodeIgniter\CodeIgniter->createController()
#2 D:\WEBSITE\xampp-7.4\htdocs\master-web\vendor\codeigniter4\framework\system\CodeIgniter.php(333): CodeIgniter\CodeIgniter->handleRequest(NULL, Object(Config\Cache), false)
#3 D:\WEBSITE\xampp-7.4\htdocs\master-web\public\index.php(44): CodeIgniter\CodeIgniter->run()
#4 D:\WEBSITE\xampp-7.4\htdocs\master-web\vendor\codeigniter4\framework\system\Commands\Server\rewrite.php(45): require_once('D:\\WEBSITE\\xamp...')
#5 {main}
CRITICAL - 2021-06-07 15:57:22 --> Undefined variable: user
#0 D:\WEBSITE\xampp-7.4\htdocs\master-web\modules\MahasiswaPresma\Controllers\DataPresmaKejuaraanIndividu.php(23): CodeIgniter\Debug\Exceptions->errorHandler(8, 'Undefined varia...', 'D:\\WEBSITE\\xamp...', 23, Array)
#1 D:\WEBSITE\xampp-7.4\htdocs\master-web\vendor\codeigniter4\framework\system\CodeIgniter.php(936): Modules\MahasiswaPresma\Controllers\DataPresmaKejuaraanIndividu->presma_kejuaraan_individu()
#2 D:\WEBSITE\xampp-7.4\htdocs\master-web\vendor\codeigniter4\framework\system\CodeIgniter.php(432): CodeIgniter\CodeIgniter->runController(Object(Modules\MahasiswaPresma\Controllers\DataPresmaKejuaraanIndividu))
#3 D:\WEBSITE\xampp-7.4\htdocs\master-web\vendor\codeigniter4\framework\system\CodeIgniter.php(333): CodeIgniter\CodeIgniter->handleRequest(NULL, Object(Config\Cache), false)
#4 D:\WEBSITE\xampp-7.4\htdocs\master-web\public\index.php(44): CodeIgniter\CodeIgniter->run()
#5 D:\WEBSITE\xampp-7.4\htdocs\master-web\vendor\codeigniter4\framework\system\Commands\Server\rewrite.php(45): require_once('D:\\WEBSITE\\xamp...')
#6 {main}
ERROR - 2021-06-07 16:06:56 --> mysqli_sql_exception: Table 'database_web_master.tingkat_kejuaraan' doesn't exist in D:\WEBSITE\xampp-7.4\htdocs\master-web\vendor\codeigniter4\framework\system\Database\MySQLi\Connection.php:314
Stack trace:
#0 D:\WEBSITE\xampp-7.4\htdocs\master-web\vendor\codeigniter4\framework\system\Database\MySQLi\Connection.php(314): mysqli->query('SELECT *, `pres...')
#1 D:\WEBSITE\xampp-7.4\htdocs\master-web\vendor\codeigniter4\framework\system\Database\BaseConnection.php(713): CodeIgniter\Database\MySQLi\Connection->execute('SELECT *, `pres...')
#2 D:\WEBSITE\xampp-7.4\htdocs\master-web\vendor\codeigniter4\framework\system\Database\BaseConnection.php(641): CodeIgniter\Database\BaseConnection->simpleQuery('SELECT *, `pres...')
#3 D:\WEBSITE\xampp-7.4\htdocs\master-web\vendor\codeigniter4\framework\system\Database\BaseBuilder.php(1866): CodeIgniter\Database\BaseConnection->query('SELECT *, `pres...', Array, false)
#4 D:\WEBSITE\xampp-7.4\htdocs\master-web\modules\MahasiswaPresma\Models\ModelPresmaKejuaraanIndividu.php(28): CodeIgniter\Database\BaseBuilder->get()
#5 D:\WEBSITE\xampp-7.4\htdocs\master-web\modules\MahasiswaPresma\Controllers\DataPresmaKejuaraanIndividu.php(26): Modules\MahasiswaPresma\Models\ModelPresmaKejuaraanIndividu->get_kejuaraan_individu()
#6 D:\WEBSITE\xampp-7.4\htdocs\master-web\vendor\codeigniter4\framework\system\CodeIgniter.php(936): Modules\MahasiswaPresma\Controllers\DataPresmaKejuaraanIndividu->presma_kejuaraan_individu()
#7 D:\WEBSITE\xampp-7.4\htdocs\master-web\vendor\codeigniter4\framework\system\CodeIgniter.php(432): CodeIgniter\CodeIgniter->runController(Object(Modules\MahasiswaPresma\Controllers\DataPresmaKejuaraanIndividu))
#8 D:\WEBSITE\xampp-7.4\htdocs\master-web\vendor\codeigniter4\framework\system\CodeIgniter.php(333): CodeIgniter\CodeIgniter->handleRequest(NULL, Object(Config\Cache), false)
#9 D:\WEBSITE\xampp-7.4\htdocs\master-web\public\index.php(44): CodeIgniter\CodeIgniter->run()
#10 D:\WEBSITE\xampp-7.4\htdocs\master-web\vendor\codeigniter4\framework\system\Commands\Server\rewrite.php(45): require_once('D:\\WEBSITE\\xamp...')
#11 {main}
CRITICAL - 2021-06-07 16:06:56 --> Table 'database_web_master.tingkat_kejuaraan' doesn't exist
#0 D:\WEBSITE\xampp-7.4\htdocs\master-web\vendor\codeigniter4\framework\system\Database\MySQLi\Connection.php(314): mysqli->query('SELECT *, `pres...')
#1 D:\WEBSITE\xampp-7.4\htdocs\master-web\vendor\codeigniter4\framework\system\Database\BaseConnection.php(713): CodeIgniter\Database\MySQLi\Connection->execute('SELECT *, `pres...')
#2 D:\WEBSITE\xampp-7.4\htdocs\master-web\vendor\codeigniter4\framework\system\Database\BaseConnection.php(641): CodeIgniter\Database\BaseConnection->simpleQuery('SELECT *, `pres...')
#3 D:\WEBSITE\xampp-7.4\htdocs\master-web\vendor\codeigniter4\framework\system\Database\BaseBuilder.php(1866): CodeIgniter\Database\BaseConnection->query('SELECT *, `pres...', Array, false)
#4 D:\WEBSITE\xampp-7.4\htdocs\master-web\modules\MahasiswaPresma\Models\ModelPresmaKejuaraanIndividu.php(28): CodeIgniter\Database\BaseBuilder->get()
#5 D:\WEBSITE\xampp-7.4\htdocs\master-web\modules\MahasiswaPresma\Controllers\DataPresmaKejuaraanIndividu.php(26): Modules\MahasiswaPresma\Models\ModelPresmaKejuaraanIndividu->get_kejuaraan_individu()
#6 D:\WEBSITE\xampp-7.4\htdocs\master-web\vendor\codeigniter4\framework\system\CodeIgniter.php(936): Modules\MahasiswaPresma\Controllers\DataPresmaKejuaraanIndividu->presma_kejuaraan_individu()
#7 D:\WEBSITE\xampp-7.4\htdocs\master-web\vendor\codeigniter4\framework\system\CodeIgniter.php(432): CodeIgniter\CodeIgniter->runController(Object(Modules\MahasiswaPresma\Controllers\DataPresmaKejuaraanIndividu))
#8 D:\WEBSITE\xampp-7.4\htdocs\master-web\vendor\codeigniter4\framework\system\CodeIgniter.php(333): CodeIgniter\CodeIgniter->handleRequest(NULL, Object(Config\Cache), false)
#9 D:\WEBSITE\xampp-7.4\htdocs\master-web\public\index.php(44): CodeIgniter\CodeIgniter->run()
#10 D:\WEBSITE\xampp-7.4\htdocs\master-web\vendor\codeigniter4\framework\system\Commands\Server\rewrite.php(45): require_once('D:\\WEBSITE\\xamp...')
#11 {main}
CRITICAL - 2021-06-07 16:08:39 --> Undefined index: draf_individu
#0 D:\WEBSITE\xampp-7.4\htdocs\master-web\modules\MahasiswaPresma\Views\presma_kejuaraan_individu.php(145): CodeIgniter\Debug\Exceptions->errorHandler(8, 'Undefined index...', 'D:\\WEBSITE\\xamp...', 145, Array)
#1 D:\WEBSITE\xampp-7.4\htdocs\master-web\vendor\codeigniter4\framework\system\View\View.php(220): include('D:\\WEBSITE\\xamp...')
#2 D:\WEBSITE\xampp-7.4\htdocs\master-web\vendor\codeigniter4\framework\system\View\View.php(222): CodeIgniter\View\View->CodeIgniter\View\{closure}()
#3 D:\WEBSITE\xampp-7.4\htdocs\master-web\vendor\codeigniter4\framework\system\Common.php(1217): CodeIgniter\View\View->render('Modules\\Mahasis...', Array, true)
#4 D:\WEBSITE\xampp-7.4\htdocs\master-web\modules\MahasiswaPresma\Controllers\DataPresmaKejuaraanIndividu.php(38): view('Modules\\Mahasis...', Array)
#5 D:\WEBSITE\xampp-7.4\htdocs\master-web\vendor\codeigniter4\framework\system\CodeIgniter.php(936): Modules\MahasiswaPresma\Controllers\DataPresmaKejuaraanIndividu->presma_kejuaraan_individu()
#6 D:\WEBSITE\xampp-7.4\htdocs\master-web\vendor\codeigniter4\framework\system\CodeIgniter.php(432): CodeIgniter\CodeIgniter->runController(Object(Modules\MahasiswaPresma\Controllers\DataPresmaKejuaraanIndividu))
#7 D:\WEBSITE\xampp-7.4\htdocs\master-web\vendor\codeigniter4\framework\system\CodeIgniter.php(333): CodeIgniter\CodeIgniter->handleRequest(NULL, Object(Config\Cache), false)
#8 D:\WEBSITE\xampp-7.4\htdocs\master-web\public\index.php(44): CodeIgniter\CodeIgniter->run()
#9 D:\WEBSITE\xampp-7.4\htdocs\master-web\vendor\codeigniter4\framework\system\Commands\Server\rewrite.php(45): require_once('D:\\WEBSITE\\xamp...')
#10 {main}
ERROR - 2021-06-07 16:09:22 --> mysqli_sql_exception: Unknown column 'presma_kompetisi.draf' in 'field list' in D:\WEBSITE\xampp-7.4\htdocs\master-web\vendor\codeigniter4\framework\system\Database\MySQLi\Connection.php:314
Stack trace:
#0 D:\WEBSITE\xampp-7.4\htdocs\master-web\vendor\codeigniter4\framework\system\Database\MySQLi\Connection.php(314): mysqli->query('SELECT *, `pres...')
#1 D:\WEBSITE\xampp-7.4\htdocs\master-web\vendor\codeigniter4\framework\system\Database\BaseConnection.php(713): CodeIgniter\Database\MySQLi\Connection->execute('SELECT *, `pres...')
#2 D:\WEBSITE\xampp-7.4\htdocs\master-web\vendor\codeigniter4\framework\system\Database\BaseConnection.php(641): CodeIgniter\Database\BaseConnection->simpleQuery('SELECT *, `pres...')
#3 D:\WEBSITE\xampp-7.4\htdocs\master-web\vendor\codeigniter4\framework\system\Database\BaseBuilder.php(1866): CodeIgniter\Database\BaseConnection->query('SELECT *, `pres...', Array, false)
#4 D:\WEBSITE\xampp-7.4\htdocs\master-web\modules\MahasiswaPresma\Models\ModelPresmaKejuaraanIndividu.php(28): CodeIgniter\Database\BaseBuilder->get()
#5 D:\WEBSITE\xampp-7.4\htdocs\master-web\modules\MahasiswaPresma\Controllers\DataPresmaKejuaraanIndividu.php(26): Modules\MahasiswaPresma\Models\ModelPresmaKejuaraanIndividu->get_kejuaraan_individu()
#6 D:\WEBSITE\xampp-7.4\htdocs\master-web\vendor\codeigniter4\framework\system\CodeIgniter.php(936): Modules\MahasiswaPresma\Controllers\DataPresmaKejuaraanIndividu->presma_kejuaraan_individu()
#7 D:\WEBSITE\xampp-7.4\htdocs\master-web\vendor\codeigniter4\framework\system\CodeIgniter.php(432): CodeIgniter\CodeIgniter->runController(Object(Modules\MahasiswaPresma\Controllers\DataPresmaKejuaraanIndividu))
#8 D:\WEBSITE\xampp-7.4\htdocs\master-web\vendor\codeigniter4\framework\system\CodeIgniter.php(333): CodeIgniter\CodeIgniter->handleRequest(NULL, Object(Config\Cache), false)
#9 D:\WEBSITE\xampp-7.4\htdocs\master-web\public\index.php(44): CodeIgniter\CodeIgniter->run()
#10 D:\WEBSITE\xampp-7.4\htdocs\master-web\vendor\codeigniter4\framework\system\Commands\Server\rewrite.php(45): require_once('D:\\WEBSITE\\xamp...')
#11 {main}
CRITICAL - 2021-06-07 16:09:22 --> Unknown column 'presma_kompetisi.draf' in 'field list'
#0 D:\WEBSITE\xampp-7.4\htdocs\master-web\vendor\codeigniter4\framework\system\Database\MySQLi\Connection.php(314): mysqli->query('SELECT *, `pres...')
#1 D:\WEBSITE\xampp-7.4\htdocs\master-web\vendor\codeigniter4\framework\system\Database\BaseConnection.php(713): CodeIgniter\Database\MySQLi\Connection->execute('SELECT *, `pres...')
#2 D:\WEBSITE\xampp-7.4\htdocs\master-web\vendor\codeigniter4\framework\system\Database\BaseConnection.php(641): CodeIgniter\Database\BaseConnection->simpleQuery('SELECT *, `pres...')
#3 D:\WEBSITE\xampp-7.4\htdocs\master-web\vendor\codeigniter4\framework\system\Database\BaseBuilder.php(1866): CodeIgniter\Database\BaseConnection->query('SELECT *, `pres...', Array, false)
#4 D:\WEBSITE\xampp-7.4\htdocs\master-web\modules\MahasiswaPresma\Models\ModelPresmaKejuaraanIndividu.php(28): CodeIgniter\Database\BaseBuilder->get()
#5 D:\WEBSITE\xampp-7.4\htdocs\master-web\modules\MahasiswaPresma\Controllers\DataPresmaKejuaraanIndividu.php(26): Modules\MahasiswaPresma\Models\ModelPresmaKejuaraanIndividu->get_kejuaraan_individu()
#6 D:\WEBSITE\xampp-7.4\htdocs\master-web\vendor\codeigniter4\framework\system\CodeIgniter.php(936): Modules\MahasiswaPresma\Controllers\DataPresmaKejuaraanIndividu->presma_kejuaraan_individu()
#7 D:\WEBSITE\xampp-7.4\htdocs\master-web\vendor\codeigniter4\framework\system\CodeIgniter.php(432): CodeIgniter\CodeIgniter->runController(Object(Modules\MahasiswaPresma\Controllers\DataPresmaKejuaraanIndividu))
#8 D:\WEBSITE\xampp-7.4\htdocs\master-web\vendor\codeigniter4\framework\system\CodeIgniter.php(333): CodeIgniter\CodeIgniter->handleRequest(NULL, Object(Config\Cache), false)
#9 D:\WEBSITE\xampp-7.4\htdocs\master-web\public\index.php(44): CodeIgniter\CodeIgniter->run()
#10 D:\WEBSITE\xampp-7.4\htdocs\master-web\vendor\codeigniter4\framework\system\Commands\Server\rewrite.php(45): require_once('D:\\WEBSITE\\xamp...')
#11 {main}
CRITICAL - 2021-06-07 16:09:59 --> Undefined index: draf_individu
#0 D:\WEBSITE\xampp-7.4\htdocs\master-web\modules\MahasiswaPresma\Views\presma_kejuaraan_individu.php(145): CodeIgniter\Debug\Exceptions->errorHandler(8, 'Undefined index...', 'D:\\WEBSITE\\xamp...', 145, Array)
#1 D:\WEBSITE\xampp-7.4\htdocs\master-web\vendor\codeigniter4\framework\system\View\View.php(220): include('D:\\WEBSITE\\xamp...')
#2 D:\WEBSITE\xampp-7.4\htdocs\master-web\vendor\codeigniter4\framework\system\View\View.php(222): CodeIgniter\View\View->CodeIgniter\View\{closure}()
#3 D:\WEBSITE\xampp-7.4\htdocs\master-web\vendor\codeigniter4\framework\system\Common.php(1217): CodeIgniter\View\View->render('Modules\\Mahasis...', Array, true)
#4 D:\WEBSITE\xampp-7.4\htdocs\master-web\modules\MahasiswaPresma\Controllers\DataPresmaKejuaraanIndividu.php(38): view('Modules\\Mahasis...', Array)
#5 D:\WEBSITE\xampp-7.4\htdocs\master-web\vendor\codeigniter4\framework\system\CodeIgniter.php(936): Modules\MahasiswaPresma\Controllers\DataPresmaKejuaraanIndividu->presma_kejuaraan_individu()
#6 D:\WEBSITE\xampp-7.4\htdocs\master-web\vendor\codeigniter4\framework\system\CodeIgniter.php(432): CodeIgniter\CodeIgniter->runController(Object(Modules\MahasiswaPresma\Controllers\DataPresmaKejuaraanIndividu))
#7 D:\WEBSITE\xampp-7.4\htdocs\master-web\vendor\codeigniter4\framework\system\CodeIgniter.php(333): CodeIgniter\CodeIgniter->handleRequest(NULL, Object(Config\Cache), false)
#8 D:\WEBSITE\xampp-7.4\htdocs\master-web\public\index.php(44): CodeIgniter\CodeIgniter->run()
#9 D:\WEBSITE\xampp-7.4\htdocs\master-web\vendor\codeigniter4\framework\system\Commands\Server\rewrite.php(45): require_once('D:\\WEBSITE\\xamp...')
#10 {main}
CRITICAL - 2021-06-07 16:11:37 --> Call to undefined function tanggal_indoneisa()
#0 D:\WEBSITE\xampp-7.4\htdocs\master-web\vendor\codeigniter4\framework\system\View\View.php(220): include()
#1 D:\WEBSITE\xampp-7.4\htdocs\master-web\vendor\codeigniter4\framework\system\View\View.php(222): CodeIgniter\View\View->CodeIgniter\View\{closure}()
#2 D:\WEBSITE\xampp-7.4\htdocs\master-web\vendor\codeigniter4\framework\system\Common.php(1217): CodeIgniter\View\View->render('Modules\\Mahasis...', Array, true)
#3 D:\WEBSITE\xampp-7.4\htdocs\master-web\modules\MahasiswaPresma\Controllers\DataPresmaKejuaraanIndividu.php(38): view('Modules\\Mahasis...', Array)
#4 D:\WEBSITE\xampp-7.4\htdocs\master-web\vendor\codeigniter4\framework\system\CodeIgniter.php(936): Modules\MahasiswaPresma\Controllers\DataPresmaKejuaraanIndividu->presma_kejuaraan_individu()
#5 D:\WEBSITE\xampp-7.4\htdocs\master-web\vendor\codeigniter4\framework\system\CodeIgniter.php(432): CodeIgniter\CodeIgniter->runController(Object(Modules\MahasiswaPresma\Controllers\DataPresmaKejuaraanIndividu))
#6 D:\WEBSITE\xampp-7.4\htdocs\master-web\vendor\codeigniter4\framework\system\CodeIgniter.php(333): CodeIgniter\CodeIgniter->handleRequest(NULL, Object(Config\Cache), false)
#7 D:\WEBSITE\xampp-7.4\htdocs\master-web\public\index.php(44): CodeIgniter\CodeIgniter->run()
#8 D:\WEBSITE\xampp-7.4\htdocs\master-web\vendor\codeigniter4\framework\system\Commands\Server\rewrite.php(45): require_once('D:\\WEBSITE\\xamp...')
#9 {main}
CRITICAL - 2021-06-07 16:19:50 --> Undefined variable: kategori
#0 D:\WEBSITE\xampp-7.4\htdocs\master-web\modules\MahasiswaPresma\Views\presma_kejuaraan_individu_tambah.php(79): CodeIgniter\Debug\Exceptions->errorHandler(8, 'Undefined varia...', 'D:\\WEBSITE\\xamp...', 79, Array)
#1 D:\WEBSITE\xampp-7.4\htdocs\master-web\vendor\codeigniter4\framework\system\View\View.php(220): include('D:\\WEBSITE\\xamp...')
#2 D:\WEBSITE\xampp-7.4\htdocs\master-web\vendor\codeigniter4\framework\system\View\View.php(222): CodeIgniter\View\View->CodeIgniter\View\{closure}()
#3 D:\WEBSITE\xampp-7.4\htdocs\master-web\vendor\codeigniter4\framework\system\Common.php(1217): CodeIgniter\View\View->render('Modules\\Mahasis...', Array, true)
#4 D:\WEBSITE\xampp-7.4\htdocs\master-web\modules\MahasiswaPresma\Controllers\DataPresmaKejuaraanIndividu.php(57): view('Modules\\Mahasis...', Array)
#5 D:\WEBSITE\xampp-7.4\htdocs\master-web\vendor\codeigniter4\framework\system\CodeIgniter.php(936): Modules\MahasiswaPresma\Controllers\DataPresmaKejuaraanIndividu->presma_kejuaraan_individu_tambah()
#6 D:\WEBSITE\xampp-7.4\htdocs\master-web\vendor\codeigniter4\framework\system\CodeIgniter.php(432): CodeIgniter\CodeIgniter->runController(Object(Modules\MahasiswaPresma\Controllers\DataPresmaKejuaraanIndividu))
#7 D:\WEBSITE\xampp-7.4\htdocs\master-web\vendor\codeigniter4\framework\system\CodeIgniter.php(333): CodeIgniter\CodeIgniter->handleRequest(NULL, Object(Config\Cache), false)
#8 D:\WEBSITE\xampp-7.4\htdocs\master-web\public\index.php(44): CodeIgniter\CodeIgniter->run()
#9 D:\WEBSITE\xampp-7.4\htdocs\master-web\vendor\codeigniter4\framework\system\Commands\Server\rewrite.php(45): require_once('D:\\WEBSITE\\xamp...')
#10 {main}
CRITICAL - 2021-06-07 16:20:00 --> Undefined variable: tags
#0 D:\WEBSITE\xampp-7.4\htdocs\master-web\modules\MahasiswaPresma\Views\presma_kejuaraan_individu_tambah.php(79): CodeIgniter\Debug\Exceptions->errorHandler(8, 'Undefined varia...', 'D:\\WEBSITE\\xamp...', 79, Array)
#1 D:\WEBSITE\xampp-7.4\htdocs\master-web\vendor\codeigniter4\framework\system\View\View.php(220): include('D:\\WEBSITE\\xamp...')
#2 D:\WEBSITE\xampp-7.4\htdocs\master-web\vendor\codeigniter4\framework\system\View\View.php(222): CodeIgniter\View\View->CodeIgniter\View\{closure}()
#3 D:\WEBSITE\xampp-7.4\htdocs\master-web\vendor\codeigniter4\framework\system\Common.php(1217): CodeIgniter\View\View->render('Modules\\Mahasis...', Array, true)
#4 D:\WEBSITE\xampp-7.4\htdocs\master-web\modules\MahasiswaPresma\Controllers\DataPresmaKejuaraanIndividu.php(57): view('Modules\\Mahasis...', Array)
#5 D:\WEBSITE\xampp-7.4\htdocs\master-web\vendor\codeigniter4\framework\system\CodeIgniter.php(936): Modules\MahasiswaPresma\Controllers\DataPresmaKejuaraanIndividu->presma_kejuaraan_individu_tambah()
#6 D:\WEBSITE\xampp-7.4\htdocs\master-web\vendor\codeigniter4\framework\system\CodeIgniter.php(432): CodeIgniter\CodeIgniter->runController(Object(Modules\MahasiswaPresma\Controllers\DataPresmaKejuaraanIndividu))
#7 D:\WEBSITE\xampp-7.4\htdocs\master-web\vendor\codeigniter4\framework\system\CodeIgniter.php(333): CodeIgniter\CodeIgniter->handleRequest(NULL, Object(Config\Cache), false)
#8 D:\WEBSITE\xampp-7.4\htdocs\master-web\public\index.php(44): CodeIgniter\CodeIgniter->run()
#9 D:\WEBSITE\xampp-7.4\htdocs\master-web\vendor\codeigniter4\framework\system\Commands\Server\rewrite.php(45): require_once('D:\\WEBSITE\\xamp...')
#10 {main}
CRITICAL - 2021-06-07 16:22:47 --> Undefined variable: k
#0 D:\WEBSITE\xampp-7.4\htdocs\master-web\modules\MahasiswaPresma\Views\presma_kejuaraan_individu_tambah.php(80): CodeIgniter\Debug\Exceptions->errorHandler(8, 'Undefined varia...', 'D:\\WEBSITE\\xamp...', 80, Array)
#1 D:\WEBSITE\xampp-7.4\htdocs\master-web\vendor\codeigniter4\framework\system\View\View.php(220): include('D:\\WEBSITE\\xamp...')
#2 D:\WEBSITE\xampp-7.4\htdocs\master-web\vendor\codeigniter4\framework\system\View\View.php(222): CodeIgniter\View\View->CodeIgniter\View\{closure}()
#3 D:\WEBSITE\xampp-7.4\htdocs\master-web\vendor\codeigniter4\framework\system\Common.php(1217): CodeIgniter\View\View->render('Modules\\Mahasis...', Array, true)
#4 D:\WEBSITE\xampp-7.4\htdocs\master-web\modules\MahasiswaPresma\Controllers\DataPresmaKejuaraanIndividu.php(57): view('Modules\\Mahasis...', Array)
#5 D:\WEBSITE\xampp-7.4\htdocs\master-web\vendor\codeigniter4\framework\system\CodeIgniter.php(936): Modules\MahasiswaPresma\Controllers\DataPresmaKejuaraanIndividu->presma_kejuaraan_individu_tambah()
#6 D:\WEBSITE\xampp-7.4\htdocs\master-web\vendor\codeigniter4\framework\system\CodeIgniter.php(432): CodeIgniter\CodeIgniter->runController(Object(Modules\MahasiswaPresma\Controllers\DataPresmaKejuaraanIndividu))
#7 D:\WEBSITE\xampp-7.4\htdocs\master-web\vendor\codeigniter4\framework\system\CodeIgniter.php(333): CodeIgniter\CodeIgniter->handleRequest(NULL, Object(Config\Cache), false)
#8 D:\WEBSITE\xampp-7.4\htdocs\master-web\public\index.php(44): CodeIgniter\CodeIgniter->run()
#9 D:\WEBSITE\xampp-7.4\htdocs\master-web\vendor\codeigniter4\framework\system\Commands\Server\rewrite.php(45): require_once('D:\\WEBSITE\\xamp...')
#10 {main}
