ERROR - 2021-06-29 11:59:52 --> mysqli_sql_exception: You have an error in your SQL syntax; check the manual that corresponds to your MariaDB server version for the right syntax to use near 'group
FROM `menu`
WHERE `deleted_at` IS NULL
AND `status` = 0
ORDER BY `no_ur...' at line 1 in C:\xampp\htdocs\kegiatan\vendor\codeigniter4\framework\system\Database\MySQLi\Connection.php:314
Stack trace:
#0 C:\xampp\htdocs\kegiatan\vendor\codeigniter4\framework\system\Database\MySQLi\Connection.php(314): mysqli->query('SELECT `manage`...')
#1 C:\xampp\htdocs\kegiatan\vendor\codeigniter4\framework\system\Database\BaseConnection.php(713): CodeIgniter\Database\MySQLi\Connection->execute('SELECT `manage`...')
#2 C:\xampp\htdocs\kegiatan\vendor\codeigniter4\framework\system\Database\BaseConnection.php(641): CodeIgniter\Database\BaseConnection->simpleQuery('SELECT `manage`...')
#3 C:\xampp\htdocs\kegiatan\vendor\codeigniter4\framework\system\Database\BaseBuilder.php(1866): CodeIgniter\Database\BaseConnection->query('SELECT `manage`...', Array, false)
#4 C:\xampp\htdocs\kegiatan\modules\AdminLayout\Models\ModelLayout.php(25): CodeIgniter\Database\BaseBuilder->get()
#5 C:\xampp\htdocs\kegiatan\modules\AdminLayout\Controllers\Layout.php(28): Modules\AdminLayout\Models\ModelLayout->get_menu()
#6 C:\xampp\htdocs\kegiatan\vendor\codeigniter4\framework\system\CodeIgniter.php(940): Modules\AdminLayout\Controllers\Layout->index()
#7 C:\xampp\htdocs\kegiatan\vendor\codeigniter4\framework\system\CodeIgniter.php(436): CodeIgniter\CodeIgniter->runController(Object(Modules\AdminLayout\Controllers\Layout))
#8 C:\xampp\htdocs\kegiatan\vendor\codeigniter4\framework\system\CodeIgniter.php(337): CodeIgniter\CodeIgniter->handleRequest(NULL, Object(Config\Cache), false)
#9 C:\xampp\htdocs\kegiatan\public\index.php(44): CodeIgniter\CodeIgniter->run()
#10 C:\xampp\htdocs\kegiatan\vendor\codeigniter4\framework\system\Commands\Server\rewrite.php(45): require_once('C:\\xampp\\htdocs...')
#11 {main}
CRITICAL - 2021-06-29 11:59:52 --> You have an error in your SQL syntax; check the manual that corresponds to your MariaDB server version for the right syntax to use near 'group
FROM `menu`
WHERE `deleted_at` IS NULL
AND `status` = 0
ORDER BY `no_ur...' at line 1
#0 C:\xampp\htdocs\kegiatan\vendor\codeigniter4\framework\system\Database\MySQLi\Connection.php(314): mysqli->query('SELECT `manage`...')
#1 C:\xampp\htdocs\kegiatan\vendor\codeigniter4\framework\system\Database\BaseConnection.php(713): CodeIgniter\Database\MySQLi\Connection->execute('SELECT `manage`...')
#2 C:\xampp\htdocs\kegiatan\vendor\codeigniter4\framework\system\Database\BaseConnection.php(641): CodeIgniter\Database\BaseConnection->simpleQuery('SELECT `manage`...')
#3 C:\xampp\htdocs\kegiatan\vendor\codeigniter4\framework\system\Database\BaseBuilder.php(1866): CodeIgniter\Database\BaseConnection->query('SELECT `manage`...', Array, false)
#4 C:\xampp\htdocs\kegiatan\modules\AdminLayout\Models\ModelLayout.php(25): CodeIgniter\Database\BaseBuilder->get()
#5 C:\xampp\htdocs\kegiatan\modules\AdminLayout\Controllers\Layout.php(28): Modules\AdminLayout\Models\ModelLayout->get_menu()
#6 C:\xampp\htdocs\kegiatan\vendor\codeigniter4\framework\system\CodeIgniter.php(940): Modules\AdminLayout\Controllers\Layout->index()
#7 C:\xampp\htdocs\kegiatan\vendor\codeigniter4\framework\system\CodeIgniter.php(436): CodeIgniter\CodeIgniter->runController(Object(Modules\AdminLayout\Controllers\Layout))
#8 C:\xampp\htdocs\kegiatan\vendor\codeigniter4\framework\system\CodeIgniter.php(337): CodeIgniter\CodeIgniter->handleRequest(NULL, Object(Config\Cache), false)
#9 C:\xampp\htdocs\kegiatan\public\index.php(44): CodeIgniter\CodeIgniter->run()
#10 C:\xampp\htdocs\kegiatan\vendor\codeigniter4\framework\system\Commands\Server\rewrite.php(45): require_once('C:\\xampp\\htdocs...')
#11 {main}
CRITICAL - 2021-06-29 12:07:16 --> Undefined index: group_
#0 C:\xampp\htdocs\kegiatan\modules\AdminLayout\Views\sidebar.php(94): CodeIgniter\Debug\Exceptions->errorHandler(8, 'Undefined index...', 'C:\\xampp\\htdocs...', 94, Array)
#1 C:\xampp\htdocs\kegiatan\vendor\codeigniter4\framework\system\View\View.php(220): include('C:\\xampp\\htdocs...')
#2 C:\xampp\htdocs\kegiatan\vendor\codeigniter4\framework\system\View\View.php(222): CodeIgniter\View\View->CodeIgniter\View\{closure}()
#3 C:\xampp\htdocs\kegiatan\vendor\codeigniter4\framework\system\View\View.php(468): CodeIgniter\View\View->render('Modules\\AdminLa...', NULL, true)
#4 C:\xampp\htdocs\kegiatan\modules\AdminLayout\Views\layout.php(66): CodeIgniter\View\View->include('Modules\\AdminLa...')
#5 C:\xampp\htdocs\kegiatan\vendor\codeigniter4\framework\system\View\View.php(220): include('C:\\xampp\\htdocs...')
#6 C:\xampp\htdocs\kegiatan\vendor\codeigniter4\framework\system\View\View.php(222): CodeIgniter\View\View->CodeIgniter\View\{closure}()
#7 C:\xampp\htdocs\kegiatan\vendor\codeigniter4\framework\system\View\View.php(236): CodeIgniter\View\View->render('Modules\\AdminLa...', Array, true)
#8 C:\xampp\htdocs\kegiatan\vendor\codeigniter4\framework\system\Common.php(1217): CodeIgniter\View\View->render('Modules\\AdminMe...', Array, true)
#9 C:\xampp\htdocs\kegiatan\modules\AdminMenu\Controllers\DataMenu.php(34): view('Modules\\AdminMe...', Array)
#10 C:\xampp\htdocs\kegiatan\vendor\codeigniter4\framework\system\CodeIgniter.php(940): Modules\AdminMenu\Controllers\DataMenu->menu()
#11 C:\xampp\htdocs\kegiatan\vendor\codeigniter4\framework\system\CodeIgniter.php(436): CodeIgniter\CodeIgniter->runController(Object(Modules\AdminMenu\Controllers\DataMenu))
#12 C:\xampp\htdocs\kegiatan\vendor\codeigniter4\framework\system\CodeIgniter.php(337): CodeIgniter\CodeIgniter->handleRequest(NULL, Object(Config\Cache), false)
#13 C:\xampp\htdocs\kegiatan\public\index.php(44): CodeIgniter\CodeIgniter->run()
#14 C:\xampp\htdocs\kegiatan\vendor\codeigniter4\framework\system\Commands\Server\rewrite.php(45): require_once('C:\\xampp\\htdocs...')
#15 {main}
ERROR - 2021-06-29 13:34:45 --> mysqli_sql_exception: You have an error in your SQL syntax; check the manual that corresponds to your MariaDB server version for the right syntax to use near 'group) as group_
FROM `menu`
WHERE `deleted_at` IS NULL
AND `status` = 0
ORDE...' at line 1 in C:\xampp\htdocs\kegiatan\vendor\codeigniter4\framework\system\Database\MySQLi\Connection.php:314
Stack trace:
#0 C:\xampp\htdocs\kegiatan\vendor\codeigniter4\framework\system\Database\MySQLi\Connection.php(314): mysqli->query('SELECT `manage`...')
#1 C:\xampp\htdocs\kegiatan\vendor\codeigniter4\framework\system\Database\BaseConnection.php(713): CodeIgniter\Database\MySQLi\Connection->execute('SELECT `manage`...')
#2 C:\xampp\htdocs\kegiatan\vendor\codeigniter4\framework\system\Database\BaseConnection.php(641): CodeIgniter\Database\BaseConnection->simpleQuery('SELECT `manage`...')
#3 C:\xampp\htdocs\kegiatan\vendor\codeigniter4\framework\system\Database\BaseBuilder.php(1866): CodeIgniter\Database\BaseConnection->query('SELECT `manage`...', Array, false)
#4 C:\xampp\htdocs\kegiatan\modules\AdminLayout\Models\ModelLayout.php(25): CodeIgniter\Database\BaseBuilder->get()
#5 C:\xampp\htdocs\kegiatan\modules\AdminLayout\Controllers\Layout.php(28): Modules\AdminLayout\Models\ModelLayout->get_menu()
#6 C:\xampp\htdocs\kegiatan\vendor\codeigniter4\framework\system\CodeIgniter.php(940): Modules\AdminLayout\Controllers\Layout->index()
#7 C:\xampp\htdocs\kegiatan\vendor\codeigniter4\framework\system\CodeIgniter.php(436): CodeIgniter\CodeIgniter->runController(Object(Modules\AdminLayout\Controllers\Layout))
#8 C:\xampp\htdocs\kegiatan\vendor\codeigniter4\framework\system\CodeIgniter.php(337): CodeIgniter\CodeIgniter->handleRequest(NULL, Object(Config\Cache), false)
#9 C:\xampp\htdocs\kegiatan\public\index.php(44): CodeIgniter\CodeIgniter->run()
#10 C:\xampp\htdocs\kegiatan\vendor\codeigniter4\framework\system\Commands\Server\rewrite.php(45): require_once('C:\\xampp\\htdocs...')
#11 {main}
CRITICAL - 2021-06-29 13:34:45 --> You have an error in your SQL syntax; check the manual that corresponds to your MariaDB server version for the right syntax to use near 'group) as group_
FROM `menu`
WHERE `deleted_at` IS NULL
AND `status` = 0
ORDE...' at line 1
#0 C:\xampp\htdocs\kegiatan\vendor\codeigniter4\framework\system\Database\MySQLi\Connection.php(314): mysqli->query('SELECT `manage`...')
#1 C:\xampp\htdocs\kegiatan\vendor\codeigniter4\framework\system\Database\BaseConnection.php(713): CodeIgniter\Database\MySQLi\Connection->execute('SELECT `manage`...')
#2 C:\xampp\htdocs\kegiatan\vendor\codeigniter4\framework\system\Database\BaseConnection.php(641): CodeIgniter\Database\BaseConnection->simpleQuery('SELECT `manage`...')
#3 C:\xampp\htdocs\kegiatan\vendor\codeigniter4\framework\system\Database\BaseBuilder.php(1866): CodeIgniter\Database\BaseConnection->query('SELECT `manage`...', Array, false)
#4 C:\xampp\htdocs\kegiatan\modules\AdminLayout\Models\ModelLayout.php(25): CodeIgniter\Database\BaseBuilder->get()
#5 C:\xampp\htdocs\kegiatan\modules\AdminLayout\Controllers\Layout.php(28): Modules\AdminLayout\Models\ModelLayout->get_menu()
#6 C:\xampp\htdocs\kegiatan\vendor\codeigniter4\framework\system\CodeIgniter.php(940): Modules\AdminLayout\Controllers\Layout->index()
#7 C:\xampp\htdocs\kegiatan\vendor\codeigniter4\framework\system\CodeIgniter.php(436): CodeIgniter\CodeIgniter->runController(Object(Modules\AdminLayout\Controllers\Layout))
#8 C:\xampp\htdocs\kegiatan\vendor\codeigniter4\framework\system\CodeIgniter.php(337): CodeIgniter\CodeIgniter->handleRequest(NULL, Object(Config\Cache), false)
#9 C:\xampp\htdocs\kegiatan\public\index.php(44): CodeIgniter\CodeIgniter->run()
#10 C:\xampp\htdocs\kegiatan\vendor\codeigniter4\framework\system\Commands\Server\rewrite.php(45): require_once('C:\\xampp\\htdocs...')
#11 {main}
CRITICAL - 2021-06-29 13:58:57 --> Undefined variable: menu
#0 C:\xampp\htdocs\kegiatan\modules\AdminLayout\Views\sidebar.php(36): CodeIgniter\Debug\Exceptions->errorHandler(8, 'Undefined varia...', 'C:\\xampp\\htdocs...', 36, Array)
#1 C:\xampp\htdocs\kegiatan\vendor\codeigniter4\framework\system\View\View.php(220): include('C:\\xampp\\htdocs...')
#2 C:\xampp\htdocs\kegiatan\vendor\codeigniter4\framework\system\View\View.php(222): CodeIgniter\View\View->CodeIgniter\View\{closure}()
#3 C:\xampp\htdocs\kegiatan\vendor\codeigniter4\framework\system\View\View.php(468): CodeIgniter\View\View->render('Modules\\AdminLa...', NULL, true)
#4 C:\xampp\htdocs\kegiatan\modules\AdminLayout\Views\layout.php(66): CodeIgniter\View\View->include('Modules\\AdminLa...')
#5 C:\xampp\htdocs\kegiatan\vendor\codeigniter4\framework\system\View\View.php(220): include('C:\\xampp\\htdocs...')
#6 C:\xampp\htdocs\kegiatan\vendor\codeigniter4\framework\system\View\View.php(222): CodeIgniter\View\View->CodeIgniter\View\{closure}()
#7 C:\xampp\htdocs\kegiatan\vendor\codeigniter4\framework\system\View\View.php(236): CodeIgniter\View\View->render('Modules\\AdminLa...', Array, true)
#8 C:\xampp\htdocs\kegiatan\vendor\codeigniter4\framework\system\Common.php(1217): CodeIgniter\View\View->render('Modules\\AdminMe...', Array, true)
#9 C:\xampp\htdocs\kegiatan\modules\AdminMenu\Controllers\DataGroupMenu.php(34): view('Modules\\AdminMe...', Array)
#10 C:\xampp\htdocs\kegiatan\vendor\codeigniter4\framework\system\CodeIgniter.php(940): Modules\AdminMenu\Controllers\DataGroupMenu->group_menu()
#11 C:\xampp\htdocs\kegiatan\vendor\codeigniter4\framework\system\CodeIgniter.php(436): CodeIgniter\CodeIgniter->runController(Object(Modules\AdminMenu\Controllers\DataGroupMenu))
#12 C:\xampp\htdocs\kegiatan\vendor\codeigniter4\framework\system\CodeIgniter.php(337): CodeIgniter\CodeIgniter->handleRequest(NULL, Object(Config\Cache), false)
#13 C:\xampp\htdocs\kegiatan\public\index.php(44): CodeIgniter\CodeIgniter->run()
#14 C:\xampp\htdocs\kegiatan\vendor\codeigniter4\framework\system\Commands\Server\rewrite.php(45): require_once('C:\\xampp\\htdocs...')
#15 {main}
CRITICAL - 2021-06-29 14:00:22 --> You must set the database table to be used with your query.
#0 C:\xampp\htdocs\kegiatan\vendor\codeigniter4\framework\system\Model.php(615): CodeIgniter\Database\BaseConnection->table(NULL)
#1 C:\xampp\htdocs\kegiatan\vendor\codeigniter4\framework\system\Model.php(834): CodeIgniter\Model->builder()
#2 C:\xampp\htdocs\kegiatan\modules\AdminMenu\Controllers\DataGroupMenu.php(69): CodeIgniter\Model->__call('save_group_menu', Array)
#3 C:\xampp\htdocs\kegiatan\vendor\codeigniter4\framework\system\CodeIgniter.php(940): Modules\AdminMenu\Controllers\DataGroupMenu->group_menu_save()
#4 C:\xampp\htdocs\kegiatan\vendor\codeigniter4\framework\system\CodeIgniter.php(436): CodeIgniter\CodeIgniter->runController(Object(Modules\AdminMenu\Controllers\DataGroupMenu))
#5 C:\xampp\htdocs\kegiatan\vendor\codeigniter4\framework\system\CodeIgniter.php(337): CodeIgniter\CodeIgniter->handleRequest(NULL, Object(Config\Cache), false)
#6 C:\xampp\htdocs\kegiatan\public\index.php(44): CodeIgniter\CodeIgniter->run()
#7 C:\xampp\htdocs\kegiatan\vendor\codeigniter4\framework\system\Commands\Server\rewrite.php(45): require_once('C:\\xampp\\htdocs...')
#8 {main}
CRITICAL - 2021-06-29 14:06:46 --> Undefined index: random
#0 C:\xampp\htdocs\kegiatan\modules\AdminMenu\Views\group_menu.php(126): CodeIgniter\Debug\Exceptions->errorHandler(8, 'Undefined index...', 'C:\\xampp\\htdocs...', 126, Array)
#1 C:\xampp\htdocs\kegiatan\vendor\codeigniter4\framework\system\View\View.php(220): include('C:\\xampp\\htdocs...')
#2 C:\xampp\htdocs\kegiatan\vendor\codeigniter4\framework\system\View\View.php(222): CodeIgniter\View\View->CodeIgniter\View\{closure}()
#3 C:\xampp\htdocs\kegiatan\vendor\codeigniter4\framework\system\Common.php(1217): CodeIgniter\View\View->render('Modules\\AdminMe...', Array, true)
#4 C:\xampp\htdocs\kegiatan\modules\AdminMenu\Controllers\DataGroupMenu.php(36): view('Modules\\AdminMe...', Array)
#5 C:\xampp\htdocs\kegiatan\vendor\codeigniter4\framework\system\CodeIgniter.php(940): Modules\AdminMenu\Controllers\DataGroupMenu->group_menu()
#6 C:\xampp\htdocs\kegiatan\vendor\codeigniter4\framework\system\CodeIgniter.php(436): CodeIgniter\CodeIgniter->runController(Object(Modules\AdminMenu\Controllers\DataGroupMenu))
#7 C:\xampp\htdocs\kegiatan\vendor\codeigniter4\framework\system\CodeIgniter.php(337): CodeIgniter\CodeIgniter->handleRequest(NULL, Object(Config\Cache), false)
#8 C:\xampp\htdocs\kegiatan\public\index.php(44): CodeIgniter\CodeIgniter->run()
#9 C:\xampp\htdocs\kegiatan\vendor\codeigniter4\framework\system\Commands\Server\rewrite.php(45): require_once('C:\\xampp\\htdocs...')
#10 {main}
CRITICAL - 2021-06-29 14:13:42 --> Undefined index: id
#0 C:\xampp\htdocs\kegiatan\modules\AdminMenu\Views\menu.php(74): CodeIgniter\Debug\Exceptions->errorHandler(8, 'Undefined index...', 'C:\\xampp\\htdocs...', 74, Array)
#1 C:\xampp\htdocs\kegiatan\vendor\codeigniter4\framework\system\View\View.php(220): include('C:\\xampp\\htdocs...')
#2 C:\xampp\htdocs\kegiatan\vendor\codeigniter4\framework\system\View\View.php(222): CodeIgniter\View\View->CodeIgniter\View\{closure}()
#3 C:\xampp\htdocs\kegiatan\vendor\codeigniter4\framework\system\Common.php(1217): CodeIgniter\View\View->render('Modules\\AdminMe...', Array, true)
#4 C:\xampp\htdocs\kegiatan\modules\AdminMenu\Controllers\DataMenu.php(36): view('Modules\\AdminMe...', Array)
#5 C:\xampp\htdocs\kegiatan\vendor\codeigniter4\framework\system\CodeIgniter.php(940): Modules\AdminMenu\Controllers\DataMenu->menu()
#6 C:\xampp\htdocs\kegiatan\vendor\codeigniter4\framework\system\CodeIgniter.php(436): CodeIgniter\CodeIgniter->runController(Object(Modules\AdminMenu\Controllers\DataMenu))
#7 C:\xampp\htdocs\kegiatan\vendor\codeigniter4\framework\system\CodeIgniter.php(337): CodeIgniter\CodeIgniter->handleRequest(NULL, Object(Config\Cache), false)
#8 C:\xampp\htdocs\kegiatan\public\index.php(44): CodeIgniter\CodeIgniter->run()
#9 C:\xampp\htdocs\kegiatan\vendor\codeigniter4\framework\system\Commands\Server\rewrite.php(45): require_once('C:\\xampp\\htdocs...')
#10 {main}
CRITICAL - 2021-06-29 14:14:03 --> Undefined index: id_group
#0 C:\xampp\htdocs\kegiatan\modules\AdminMenu\Views\menu.php(221): CodeIgniter\Debug\Exceptions->errorHandler(8, 'Undefined index...', 'C:\\xampp\\htdocs...', 221, Array)
#1 C:\xampp\htdocs\kegiatan\vendor\codeigniter4\framework\system\View\View.php(220): include('C:\\xampp\\htdocs...')
#2 C:\xampp\htdocs\kegiatan\vendor\codeigniter4\framework\system\View\View.php(222): CodeIgniter\View\View->CodeIgniter\View\{closure}()
#3 C:\xampp\htdocs\kegiatan\vendor\codeigniter4\framework\system\Common.php(1217): CodeIgniter\View\View->render('Modules\\AdminMe...', Array, true)
#4 C:\xampp\htdocs\kegiatan\modules\AdminMenu\Controllers\DataMenu.php(36): view('Modules\\AdminMe...', Array)
#5 C:\xampp\htdocs\kegiatan\vendor\codeigniter4\framework\system\CodeIgniter.php(940): Modules\AdminMenu\Controllers\DataMenu->menu()
#6 C:\xampp\htdocs\kegiatan\vendor\codeigniter4\framework\system\CodeIgniter.php(436): CodeIgniter\CodeIgniter->runController(Object(Modules\AdminMenu\Controllers\DataMenu))
#7 C:\xampp\htdocs\kegiatan\vendor\codeigniter4\framework\system\CodeIgniter.php(337): CodeIgniter\CodeIgniter->handleRequest(NULL, Object(Config\Cache), false)
#8 C:\xampp\htdocs\kegiatan\public\index.php(44): CodeIgniter\CodeIgniter->run()
#9 C:\xampp\htdocs\kegiatan\vendor\codeigniter4\framework\system\Commands\Server\rewrite.php(45): require_once('C:\\xampp\\htdocs...')
#10 {main}
ERROR - 2021-06-29 14:15:52 --> mysqli_sql_exception: Unknown column 'menu_group' in 'on clause' in C:\xampp\htdocs\kegiatan\vendor\codeigniter4\framework\system\Database\MySQLi\Connection.php:314
Stack trace:
#0 C:\xampp\htdocs\kegiatan\vendor\codeigniter4\framework\system\Database\MySQLi\Connection.php(314): mysqli->query('SELECT `id_grou...')
#1 C:\xampp\htdocs\kegiatan\vendor\codeigniter4\framework\system\Database\BaseConnection.php(713): CodeIgniter\Database\MySQLi\Connection->execute('SELECT `id_grou...')
#2 C:\xampp\htdocs\kegiatan\vendor\codeigniter4\framework\system\Database\BaseConnection.php(641): CodeIgniter\Database\BaseConnection->simpleQuery('SELECT `id_grou...')
#3 C:\xampp\htdocs\kegiatan\vendor\codeigniter4\framework\system\Database\BaseBuilder.php(1866): CodeIgniter\Database\BaseConnection->query('SELECT `id_grou...', Array, false)
#4 C:\xampp\htdocs\kegiatan\modules\AdminMenu\Models\ModelMenu.php(34): CodeIgniter\Database\BaseBuilder->get()
#5 C:\xampp\htdocs\kegiatan\modules\AdminMenu\Controllers\DataMenu.php(25): Modules\AdminMenu\Models\ModelMenu->get_menu()
#6 C:\xampp\htdocs\kegiatan\vendor\codeigniter4\framework\system\CodeIgniter.php(940): Modules\AdminMenu\Controllers\DataMenu->menu()
#7 C:\xampp\htdocs\kegiatan\vendor\codeigniter4\framework\system\CodeIgniter.php(436): CodeIgniter\CodeIgniter->runController(Object(Modules\AdminMenu\Controllers\DataMenu))
#8 C:\xampp\htdocs\kegiatan\vendor\codeigniter4\framework\system\CodeIgniter.php(337): CodeIgniter\CodeIgniter->handleRequest(NULL, Object(Config\Cache), false)
#9 C:\xampp\htdocs\kegiatan\public\index.php(44): CodeIgniter\CodeIgniter->run()
#10 C:\xampp\htdocs\kegiatan\vendor\codeigniter4\framework\system\Commands\Server\rewrite.php(45): require_once('C:\\xampp\\htdocs...')
#11 {main}
CRITICAL - 2021-06-29 14:15:52 --> Unknown column 'menu_group' in 'on clause'
#0 C:\xampp\htdocs\kegiatan\vendor\codeigniter4\framework\system\Database\MySQLi\Connection.php(314): mysqli->query('SELECT `id_grou...')
#1 C:\xampp\htdocs\kegiatan\vendor\codeigniter4\framework\system\Database\BaseConnection.php(713): CodeIgniter\Database\MySQLi\Connection->execute('SELECT `id_grou...')
#2 C:\xampp\htdocs\kegiatan\vendor\codeigniter4\framework\system\Database\BaseConnection.php(641): CodeIgniter\Database\BaseConnection->simpleQuery('SELECT `id_grou...')
#3 C:\xampp\htdocs\kegiatan\vendor\codeigniter4\framework\system\Database\BaseBuilder.php(1866): CodeIgniter\Database\BaseConnection->query('SELECT `id_grou...', Array, false)
#4 C:\xampp\htdocs\kegiatan\modules\AdminMenu\Models\ModelMenu.php(34): CodeIgniter\Database\BaseBuilder->get()
#5 C:\xampp\htdocs\kegiatan\modules\AdminMenu\Controllers\DataMenu.php(25): Modules\AdminMenu\Models\ModelMenu->get_menu()
#6 C:\xampp\htdocs\kegiatan\vendor\codeigniter4\framework\system\CodeIgniter.php(940): Modules\AdminMenu\Controllers\DataMenu->menu()
#7 C:\xampp\htdocs\kegiatan\vendor\codeigniter4\framework\system\CodeIgniter.php(436): CodeIgniter\CodeIgniter->runController(Object(Modules\AdminMenu\Controllers\DataMenu))
#8 C:\xampp\htdocs\kegiatan\vendor\codeigniter4\framework\system\CodeIgniter.php(337): CodeIgniter\CodeIgniter->handleRequest(NULL, Object(Config\Cache), false)
#9 C:\xampp\htdocs\kegiatan\public\index.php(44): CodeIgniter\CodeIgniter->run()
#10 C:\xampp\htdocs\kegiatan\vendor\codeigniter4\framework\system\Commands\Server\rewrite.php(45): require_once('C:\\xampp\\htdocs...')
#11 {main}
CRITICAL - 2021-06-29 14:28:57 --> Undefined index: manage
#0 C:\xampp\htdocs\kegiatan\modules\AdminLayout\Views\sidebar.php(38): CodeIgniter\Debug\Exceptions->errorHandler(8, 'Undefined index...', 'C:\\xampp\\htdocs...', 38, Array)
#1 C:\xampp\htdocs\kegiatan\vendor\codeigniter4\framework\system\View\View.php(220): include('C:\\xampp\\htdocs...')
#2 C:\xampp\htdocs\kegiatan\vendor\codeigniter4\framework\system\View\View.php(222): CodeIgniter\View\View->CodeIgniter\View\{closure}()
#3 C:\xampp\htdocs\kegiatan\vendor\codeigniter4\framework\system\View\View.php(468): CodeIgniter\View\View->render('Modules\\AdminLa...', NULL, true)
#4 C:\xampp\htdocs\kegiatan\modules\AdminLayout\Views\layout.php(66): CodeIgniter\View\View->include('Modules\\AdminLa...')
#5 C:\xampp\htdocs\kegiatan\vendor\codeigniter4\framework\system\View\View.php(220): include('C:\\xampp\\htdocs...')
#6 C:\xampp\htdocs\kegiatan\vendor\codeigniter4\framework\system\View\View.php(222): CodeIgniter\View\View->CodeIgniter\View\{closure}()
#7 C:\xampp\htdocs\kegiatan\vendor\codeigniter4\framework\system\View\View.php(236): CodeIgniter\View\View->render('Modules\\AdminLa...', Array, true)
#8 C:\xampp\htdocs\kegiatan\vendor\codeigniter4\framework\system\Common.php(1217): CodeIgniter\View\View->render('Modules\\AdminMe...', Array, true)
#9 C:\xampp\htdocs\kegiatan\modules\AdminMenu\Controllers\DataMenu.php(36): view('Modules\\AdminMe...', Array)
#10 C:\xampp\htdocs\kegiatan\vendor\codeigniter4\framework\system\CodeIgniter.php(940): Modules\AdminMenu\Controllers\DataMenu->menu()
#11 C:\xampp\htdocs\kegiatan\vendor\codeigniter4\framework\system\CodeIgniter.php(436): CodeIgniter\CodeIgniter->runController(Object(Modules\AdminMenu\Controllers\DataMenu))
#12 C:\xampp\htdocs\kegiatan\vendor\codeigniter4\framework\system\CodeIgniter.php(337): CodeIgniter\CodeIgniter->handleRequest(NULL, Object(Config\Cache), false)
#13 C:\xampp\htdocs\kegiatan\public\index.php(44): CodeIgniter\CodeIgniter->run()
#14 C:\xampp\htdocs\kegiatan\vendor\codeigniter4\framework\system\Commands\Server\rewrite.php(45): require_once('C:\\xampp\\htdocs...')
#15 {main}
CRITICAL - 2021-06-29 14:37:17 --> Undefined variable: get_group_menu
#0 C:\xampp\htdocs\kegiatan\modules\AdminLayout\Views\sidebar.php(32): CodeIgniter\Debug\Exceptions->errorHandler(8, 'Undefined varia...', 'C:\\xampp\\htdocs...', 32, Array)
#1 C:\xampp\htdocs\kegiatan\vendor\codeigniter4\framework\system\View\View.php(220): include('C:\\xampp\\htdocs...')
#2 C:\xampp\htdocs\kegiatan\vendor\codeigniter4\framework\system\View\View.php(222): CodeIgniter\View\View->CodeIgniter\View\{closure}()
#3 C:\xampp\htdocs\kegiatan\vendor\codeigniter4\framework\system\View\View.php(468): CodeIgniter\View\View->render('Modules\\AdminLa...', NULL, true)
#4 C:\xampp\htdocs\kegiatan\modules\AdminLayout\Views\layout.php(66): CodeIgniter\View\View->include('Modules\\AdminLa...')
#5 C:\xampp\htdocs\kegiatan\vendor\codeigniter4\framework\system\View\View.php(220): include('C:\\xampp\\htdocs...')
#6 C:\xampp\htdocs\kegiatan\vendor\codeigniter4\framework\system\View\View.php(222): CodeIgniter\View\View->CodeIgniter\View\{closure}()
#7 C:\xampp\htdocs\kegiatan\vendor\codeigniter4\framework\system\View\View.php(236): CodeIgniter\View\View->render('Modules\\AdminLa...', Array, true)
#8 C:\xampp\htdocs\kegiatan\vendor\codeigniter4\framework\system\Common.php(1217): CodeIgniter\View\View->render('Modules\\AdminLa...', Array, true)
#9 C:\xampp\htdocs\kegiatan\modules\AdminLayout\Controllers\Layout.php(35): view('Modules\\AdminLa...', Array)
#10 C:\xampp\htdocs\kegiatan\vendor\codeigniter4\framework\system\CodeIgniter.php(940): Modules\AdminLayout\Controllers\Layout->index()
#11 C:\xampp\htdocs\kegiatan\vendor\codeigniter4\framework\system\CodeIgniter.php(436): CodeIgniter\CodeIgniter->runController(Object(Modules\AdminLayout\Controllers\Layout))
#12 C:\xampp\htdocs\kegiatan\vendor\codeigniter4\framework\system\CodeIgniter.php(337): CodeIgniter\CodeIgniter->handleRequest(NULL, Object(Config\Cache), false)
#13 C:\xampp\htdocs\kegiatan\public\index.php(44): CodeIgniter\CodeIgniter->run()
#14 C:\xampp\htdocs\kegiatan\vendor\codeigniter4\framework\system\Commands\Server\rewrite.php(45): require_once('C:\\xampp\\htdocs...')
#15 {main}
ERROR - 2021-06-29 14:38:01 --> mysqli_sql_exception: You have an error in your SQL syntax; check the manual that corresponds to your MariaDB server version for the right syntax to use near '.`id_group`)
ORDER BY `no_urut` ASC' at line 3 in C:\xampp\htdocs\kegiatan\vendor\codeigniter4\framework\system\Database\MySQLi\Connection.php:314
Stack trace:
#0 C:\xampp\htdocs\kegiatan\vendor\codeigniter4\framework\system\Database\MySQLi\Connection.php(314): mysqli->query('SELECT `manage`...')
#1 C:\xampp\htdocs\kegiatan\vendor\codeigniter4\framework\system\Database\BaseConnection.php(713): CodeIgniter\Database\MySQLi\Connection->execute('SELECT `manage`...')
#2 C:\xampp\htdocs\kegiatan\vendor\codeigniter4\framework\system\Database\BaseConnection.php(641): CodeIgniter\Database\BaseConnection->simpleQuery('SELECT `manage`...')
#3 C:\xampp\htdocs\kegiatan\vendor\codeigniter4\framework\system\Database\BaseBuilder.php(1866): CodeIgniter\Database\BaseConnection->query('SELECT `manage`...', Array, false)
#4 C:\xampp\htdocs\kegiatan\modules\AdminLayout\Models\ModelLayout.php(24): CodeIgniter\Database\BaseBuilder->get()
#5 C:\xampp\htdocs\kegiatan\modules\AdminLayout\Controllers\Layout.php(28): Modules\AdminLayout\Models\ModelLayout->get_group_menu()
#6 C:\xampp\htdocs\kegiatan\vendor\codeigniter4\framework\system\CodeIgniter.php(940): Modules\AdminLayout\Controllers\Layout->index()
#7 C:\xampp\htdocs\kegiatan\vendor\codeigniter4\framework\system\CodeIgniter.php(436): CodeIgniter\CodeIgniter->runController(Object(Modules\AdminLayout\Controllers\Layout))
#8 C:\xampp\htdocs\kegiatan\vendor\codeigniter4\framework\system\CodeIgniter.php(337): CodeIgniter\CodeIgniter->handleRequest(NULL, Object(Config\Cache), false)
#9 C:\xampp\htdocs\kegiatan\public\index.php(44): CodeIgniter\CodeIgniter->run()
#10 C:\xampp\htdocs\kegiatan\vendor\codeigniter4\framework\system\Commands\Server\rewrite.php(45): require_once('C:\\xampp\\htdocs...')
#11 {main}
CRITICAL - 2021-06-29 14:38:01 --> You have an error in your SQL syntax; check the manual that corresponds to your MariaDB server version for the right syntax to use near '.`id_group`)
ORDER BY `no_urut` ASC' at line 3
#0 C:\xampp\htdocs\kegiatan\vendor\codeigniter4\framework\system\Database\MySQLi\Connection.php(314): mysqli->query('SELECT `manage`...')
#1 C:\xampp\htdocs\kegiatan\vendor\codeigniter4\framework\system\Database\BaseConnection.php(713): CodeIgniter\Database\MySQLi\Connection->execute('SELECT `manage`...')
#2 C:\xampp\htdocs\kegiatan\vendor\codeigniter4\framework\system\Database\BaseConnection.php(641): CodeIgniter\Database\BaseConnection->simpleQuery('SELECT `manage`...')
#3 C:\xampp\htdocs\kegiatan\vendor\codeigniter4\framework\system\Database\BaseBuilder.php(1866): CodeIgniter\Database\BaseConnection->query('SELECT `manage`...', Array, false)
#4 C:\xampp\htdocs\kegiatan\modules\AdminLayout\Models\ModelLayout.php(24): CodeIgniter\Database\BaseBuilder->get()
#5 C:\xampp\htdocs\kegiatan\modules\AdminLayout\Controllers\Layout.php(28): Modules\AdminLayout\Models\ModelLayout->get_group_menu()
#6 C:\xampp\htdocs\kegiatan\vendor\codeigniter4\framework\system\CodeIgniter.php(940): Modules\AdminLayout\Controllers\Layout->index()
#7 C:\xampp\htdocs\kegiatan\vendor\codeigniter4\framework\system\CodeIgniter.php(436): CodeIgniter\CodeIgniter->runController(Object(Modules\AdminLayout\Controllers\Layout))
#8 C:\xampp\htdocs\kegiatan\vendor\codeigniter4\framework\system\CodeIgniter.php(337): CodeIgniter\CodeIgniter->handleRequest(NULL, Object(Config\Cache), false)
#9 C:\xampp\htdocs\kegiatan\public\index.php(44): CodeIgniter\CodeIgniter->run()
#10 C:\xampp\htdocs\kegiatan\vendor\codeigniter4\framework\system\Commands\Server\rewrite.php(45): require_once('C:\\xampp\\htdocs...')
#11 {main}
ERROR - 2021-06-29 14:38:21 --> mysqli_sql_exception: You have an error in your SQL syntax; check the manual that corresponds to your MariaDB server version for the right syntax to use near '.`id_group`)
ORDER BY `menu_group`.`no_urut` ASC' at line 3 in C:\xampp\htdocs\kegiatan\vendor\codeigniter4\framework\system\Database\MySQLi\Connection.php:314
Stack trace:
#0 C:\xampp\htdocs\kegiatan\vendor\codeigniter4\framework\system\Database\MySQLi\Connection.php(314): mysqli->query('SELECT `manage`...')
#1 C:\xampp\htdocs\kegiatan\vendor\codeigniter4\framework\system\Database\BaseConnection.php(713): CodeIgniter\Database\MySQLi\Connection->execute('SELECT `manage`...')
#2 C:\xampp\htdocs\kegiatan\vendor\codeigniter4\framework\system\Database\BaseConnection.php(641): CodeIgniter\Database\BaseConnection->simpleQuery('SELECT `manage`...')
#3 C:\xampp\htdocs\kegiatan\vendor\codeigniter4\framework\system\Database\BaseBuilder.php(1866): CodeIgniter\Database\BaseConnection->query('SELECT `manage`...', Array, false)
#4 C:\xampp\htdocs\kegiatan\modules\AdminLayout\Models\ModelLayout.php(24): CodeIgniter\Database\BaseBuilder->get()
#5 C:\xampp\htdocs\kegiatan\modules\AdminLayout\Controllers\Layout.php(28): Modules\AdminLayout\Models\ModelLayout->get_group_menu()
#6 C:\xampp\htdocs\kegiatan\vendor\codeigniter4\framework\system\CodeIgniter.php(940): Modules\AdminLayout\Controllers\Layout->index()
#7 C:\xampp\htdocs\kegiatan\vendor\codeigniter4\framework\system\CodeIgniter.php(436): CodeIgniter\CodeIgniter->runController(Object(Modules\AdminLayout\Controllers\Layout))
#8 C:\xampp\htdocs\kegiatan\vendor\codeigniter4\framework\system\CodeIgniter.php(337): CodeIgniter\CodeIgniter->handleRequest(NULL, Object(Config\Cache), false)
#9 C:\xampp\htdocs\kegiatan\public\index.php(44): CodeIgniter\CodeIgniter->run()
#10 C:\xampp\htdocs\kegiatan\vendor\codeigniter4\framework\system\Commands\Server\rewrite.php(45): require_once('C:\\xampp\\htdocs...')
#11 {main}
CRITICAL - 2021-06-29 14:38:21 --> You have an error in your SQL syntax; check the manual that corresponds to your MariaDB server version for the right syntax to use near '.`id_group`)
ORDER BY `menu_group`.`no_urut` ASC' at line 3
#0 C:\xampp\htdocs\kegiatan\vendor\codeigniter4\framework\system\Database\MySQLi\Connection.php(314): mysqli->query('SELECT `manage`...')
#1 C:\xampp\htdocs\kegiatan\vendor\codeigniter4\framework\system\Database\BaseConnection.php(713): CodeIgniter\Database\MySQLi\Connection->execute('SELECT `manage`...')
#2 C:\xampp\htdocs\kegiatan\vendor\codeigniter4\framework\system\Database\BaseConnection.php(641): CodeIgniter\Database\BaseConnection->simpleQuery('SELECT `manage`...')
#3 C:\xampp\htdocs\kegiatan\vendor\codeigniter4\framework\system\Database\BaseBuilder.php(1866): CodeIgniter\Database\BaseConnection->query('SELECT `manage`...', Array, false)
#4 C:\xampp\htdocs\kegiatan\modules\AdminLayout\Models\ModelLayout.php(24): CodeIgniter\Database\BaseBuilder->get()
#5 C:\xampp\htdocs\kegiatan\modules\AdminLayout\Controllers\Layout.php(28): Modules\AdminLayout\Models\ModelLayout->get_group_menu()
#6 C:\xampp\htdocs\kegiatan\vendor\codeigniter4\framework\system\CodeIgniter.php(940): Modules\AdminLayout\Controllers\Layout->index()
#7 C:\xampp\htdocs\kegiatan\vendor\codeigniter4\framework\system\CodeIgniter.php(436): CodeIgniter\CodeIgniter->runController(Object(Modules\AdminLayout\Controllers\Layout))
#8 C:\xampp\htdocs\kegiatan\vendor\codeigniter4\framework\system\CodeIgniter.php(337): CodeIgniter\CodeIgniter->handleRequest(NULL, Object(Config\Cache), false)
#9 C:\xampp\htdocs\kegiatan\public\index.php(44): CodeIgniter\CodeIgniter->run()
#10 C:\xampp\htdocs\kegiatan\vendor\codeigniter4\framework\system\Commands\Server\rewrite.php(45): require_once('C:\\xampp\\htdocs...')
#11 {main}
ERROR - 2021-06-29 14:38:43 --> mysqli_sql_exception: You have an error in your SQL syntax; check the manual that corresponds to your MariaDB server version for the right syntax to use near '.`id_group`)
WHERE `menu_group`.`deleted_at` IS NULL
ORDER BY `menu_group`.`n...' at line 3 in C:\xampp\htdocs\kegiatan\vendor\codeigniter4\framework\system\Database\MySQLi\Connection.php:314
Stack trace:
#0 C:\xampp\htdocs\kegiatan\vendor\codeigniter4\framework\system\Database\MySQLi\Connection.php(314): mysqli->query('SELECT `manage`...')
#1 C:\xampp\htdocs\kegiatan\vendor\codeigniter4\framework\system\Database\BaseConnection.php(713): CodeIgniter\Database\MySQLi\Connection->execute('SELECT `manage`...')
#2 C:\xampp\htdocs\kegiatan\vendor\codeigniter4\framework\system\Database\BaseConnection.php(641): CodeIgniter\Database\BaseConnection->simpleQuery('SELECT `manage`...')
#3 C:\xampp\htdocs\kegiatan\vendor\codeigniter4\framework\system\Database\BaseBuilder.php(1866): CodeIgniter\Database\BaseConnection->query('SELECT `manage`...', Array, false)
#4 C:\xampp\htdocs\kegiatan\modules\AdminLayout\Models\ModelLayout.php(25): CodeIgniter\Database\BaseBuilder->get()
#5 C:\xampp\htdocs\kegiatan\modules\AdminLayout\Controllers\Layout.php(28): Modules\AdminLayout\Models\ModelLayout->get_group_menu()
#6 C:\xampp\htdocs\kegiatan\vendor\codeigniter4\framework\system\CodeIgniter.php(940): Modules\AdminLayout\Controllers\Layout->index()
#7 C:\xampp\htdocs\kegiatan\vendor\codeigniter4\framework\system\CodeIgniter.php(436): CodeIgniter\CodeIgniter->runController(Object(Modules\AdminLayout\Controllers\Layout))
#8 C:\xampp\htdocs\kegiatan\vendor\codeigniter4\framework\system\CodeIgniter.php(337): CodeIgniter\CodeIgniter->handleRequest(NULL, Object(Config\Cache), false)
#9 C:\xampp\htdocs\kegiatan\public\index.php(44): CodeIgniter\CodeIgniter->run()
#10 C:\xampp\htdocs\kegiatan\vendor\codeigniter4\framework\system\Commands\Server\rewrite.php(45): require_once('C:\\xampp\\htdocs...')
#11 {main}
CRITICAL - 2021-06-29 14:38:43 --> You have an error in your SQL syntax; check the manual that corresponds to your MariaDB server version for the right syntax to use near '.`id_group`)
WHERE `menu_group`.`deleted_at` IS NULL
ORDER BY `menu_group`.`n...' at line 3
#0 C:\xampp\htdocs\kegiatan\vendor\codeigniter4\framework\system\Database\MySQLi\Connection.php(314): mysqli->query('SELECT `manage`...')
#1 C:\xampp\htdocs\kegiatan\vendor\codeigniter4\framework\system\Database\BaseConnection.php(713): CodeIgniter\Database\MySQLi\Connection->execute('SELECT `manage`...')
#2 C:\xampp\htdocs\kegiatan\vendor\codeigniter4\framework\system\Database\BaseConnection.php(641): CodeIgniter\Database\BaseConnection->simpleQuery('SELECT `manage`...')
#3 C:\xampp\htdocs\kegiatan\vendor\codeigniter4\framework\system\Database\BaseBuilder.php(1866): CodeIgniter\Database\BaseConnection->query('SELECT `manage`...', Array, false)
#4 C:\xampp\htdocs\kegiatan\modules\AdminLayout\Models\ModelLayout.php(25): CodeIgniter\Database\BaseBuilder->get()
#5 C:\xampp\htdocs\kegiatan\modules\AdminLayout\Controllers\Layout.php(28): Modules\AdminLayout\Models\ModelLayout->get_group_menu()
#6 C:\xampp\htdocs\kegiatan\vendor\codeigniter4\framework\system\CodeIgniter.php(940): Modules\AdminLayout\Controllers\Layout->index()
#7 C:\xampp\htdocs\kegiatan\vendor\codeigniter4\framework\system\CodeIgniter.php(436): CodeIgniter\CodeIgniter->runController(Object(Modules\AdminLayout\Controllers\Layout))
#8 C:\xampp\htdocs\kegiatan\vendor\codeigniter4\framework\system\CodeIgniter.php(337): CodeIgniter\CodeIgniter->handleRequest(NULL, Object(Config\Cache), false)
#9 C:\xampp\htdocs\kegiatan\public\index.php(44): CodeIgniter\CodeIgniter->run()
#10 C:\xampp\htdocs\kegiatan\vendor\codeigniter4\framework\system\Commands\Server\rewrite.php(45): require_once('C:\\xampp\\htdocs...')
#11 {main}
CRITICAL - 2021-06-29 14:41:05 --> Call to undefined method CodeIgniter\Database\MySQLi\Builder::gorupBy()
#0 C:\xampp\htdocs\kegiatan\modules\AdminLayout\Controllers\Layout.php(28): Modules\AdminLayout\Models\ModelLayout->get_group_menu()
#1 C:\xampp\htdocs\kegiatan\vendor\codeigniter4\framework\system\CodeIgniter.php(940): Modules\AdminLayout\Controllers\Layout->index()
#2 C:\xampp\htdocs\kegiatan\vendor\codeigniter4\framework\system\CodeIgniter.php(436): CodeIgniter\CodeIgniter->runController(Object(Modules\AdminLayout\Controllers\Layout))
#3 C:\xampp\htdocs\kegiatan\vendor\codeigniter4\framework\system\CodeIgniter.php(337): CodeIgniter\CodeIgniter->handleRequest(NULL, Object(Config\Cache), false)
#4 C:\xampp\htdocs\kegiatan\public\index.php(44): CodeIgniter\CodeIgniter->run()
#5 C:\xampp\htdocs\kegiatan\vendor\codeigniter4\framework\system\Commands\Server\rewrite.php(45): require_once('C:\\xampp\\htdocs...')
#6 {main}
ERROR - 2021-06-29 14:46:38 --> mysqli_sql_exception: Column 'status' in field list is ambiguous in C:\xampp\htdocs\kegiatan\vendor\codeigniter4\framework\system\Database\MySQLi\Connection.php:314
Stack trace:
#0 C:\xampp\htdocs\kegiatan\vendor\codeigniter4\framework\system\Database\MySQLi\Connection.php(314): mysqli->query('SELECT `nama_gr...')
#1 C:\xampp\htdocs\kegiatan\vendor\codeigniter4\framework\system\Database\BaseConnection.php(713): CodeIgniter\Database\MySQLi\Connection->execute('SELECT `nama_gr...')
#2 C:\xampp\htdocs\kegiatan\vendor\codeigniter4\framework\system\Database\BaseConnection.php(641): CodeIgniter\Database\BaseConnection->simpleQuery('SELECT `nama_gr...')
#3 C:\xampp\htdocs\kegiatan\vendor\codeigniter4\framework\system\Database\BaseBuilder.php(1866): CodeIgniter\Database\BaseConnection->query('SELECT `nama_gr...', Array, false)
#4 C:\xampp\htdocs\kegiatan\modules\AdminMenu\Models\ModelMenu.php(34): CodeIgniter\Database\BaseBuilder->get()
#5 C:\xampp\htdocs\kegiatan\modules\AdminMenu\Controllers\DataGroupMenu.php(24): Modules\AdminMenu\Models\ModelMenu->get_menu()
#6 C:\xampp\htdocs\kegiatan\vendor\codeigniter4\framework\system\CodeIgniter.php(940): Modules\AdminMenu\Controllers\DataGroupMenu->group_menu()
#7 C:\xampp\htdocs\kegiatan\vendor\codeigniter4\framework\system\CodeIgniter.php(436): CodeIgniter\CodeIgniter->runController(Object(Modules\AdminMenu\Controllers\DataGroupMenu))
#8 C:\xampp\htdocs\kegiatan\vendor\codeigniter4\framework\system\CodeIgniter.php(337): CodeIgniter\CodeIgniter->handleRequest(NULL, Object(Config\Cache), false)
#9 C:\xampp\htdocs\kegiatan\public\index.php(44): CodeIgniter\CodeIgniter->run()
#10 C:\xampp\htdocs\kegiatan\vendor\codeigniter4\framework\system\Commands\Server\rewrite.php(45): require_once('C:\\xampp\\htdocs...')
#11 {main}
CRITICAL - 2021-06-29 14:46:38 --> Column 'status' in field list is ambiguous
#0 C:\xampp\htdocs\kegiatan\vendor\codeigniter4\framework\system\Database\MySQLi\Connection.php(314): mysqli->query('SELECT `nama_gr...')
#1 C:\xampp\htdocs\kegiatan\vendor\codeigniter4\framework\system\Database\BaseConnection.php(713): CodeIgniter\Database\MySQLi\Connection->execute('SELECT `nama_gr...')
#2 C:\xampp\htdocs\kegiatan\vendor\codeigniter4\framework\system\Database\BaseConnection.php(641): CodeIgniter\Database\BaseConnection->simpleQuery('SELECT `nama_gr...')
#3 C:\xampp\htdocs\kegiatan\vendor\codeigniter4\framework\system\Database\BaseBuilder.php(1866): CodeIgniter\Database\BaseConnection->query('SELECT `nama_gr...', Array, false)
#4 C:\xampp\htdocs\kegiatan\modules\AdminMenu\Models\ModelMenu.php(34): CodeIgniter\Database\BaseBuilder->get()
#5 C:\xampp\htdocs\kegiatan\modules\AdminMenu\Controllers\DataGroupMenu.php(24): Modules\AdminMenu\Models\ModelMenu->get_menu()
#6 C:\xampp\htdocs\kegiatan\vendor\codeigniter4\framework\system\CodeIgniter.php(940): Modules\AdminMenu\Controllers\DataGroupMenu->group_menu()
#7 C:\xampp\htdocs\kegiatan\vendor\codeigniter4\framework\system\CodeIgniter.php(436): CodeIgniter\CodeIgniter->runController(Object(Modules\AdminMenu\Controllers\DataGroupMenu))
#8 C:\xampp\htdocs\kegiatan\vendor\codeigniter4\framework\system\CodeIgniter.php(337): CodeIgniter\CodeIgniter->handleRequest(NULL, Object(Config\Cache), false)
#9 C:\xampp\htdocs\kegiatan\public\index.php(44): CodeIgniter\CodeIgniter->run()
#10 C:\xampp\htdocs\kegiatan\vendor\codeigniter4\framework\system\Commands\Server\rewrite.php(45): require_once('C:\\xampp\\htdocs...')
#11 {main}
ERROR - 2021-06-29 14:46:56 --> mysqli_sql_exception: Column 'status' in field list is ambiguous in C:\xampp\htdocs\kegiatan\vendor\codeigniter4\framework\system\Database\MySQLi\Connection.php:314
Stack trace:
#0 C:\xampp\htdocs\kegiatan\vendor\codeigniter4\framework\system\Database\MySQLi\Connection.php(314): mysqli->query('SELECT `nama_gr...')
#1 C:\xampp\htdocs\kegiatan\vendor\codeigniter4\framework\system\Database\BaseConnection.php(713): CodeIgniter\Database\MySQLi\Connection->execute('SELECT `nama_gr...')
#2 C:\xampp\htdocs\kegiatan\vendor\codeigniter4\framework\system\Database\BaseConnection.php(641): CodeIgniter\Database\BaseConnection->simpleQuery('SELECT `nama_gr...')
#3 C:\xampp\htdocs\kegiatan\vendor\codeigniter4\framework\system\Database\BaseBuilder.php(1866): CodeIgniter\Database\BaseConnection->query('SELECT `nama_gr...', Array, false)
#4 C:\xampp\htdocs\kegiatan\modules\AdminMenu\Models\ModelMenu.php(34): CodeIgniter\Database\BaseBuilder->get()
#5 C:\xampp\htdocs\kegiatan\modules\AdminMenu\Controllers\DataGroupMenu.php(24): Modules\AdminMenu\Models\ModelMenu->get_menu()
#6 C:\xampp\htdocs\kegiatan\vendor\codeigniter4\framework\system\CodeIgniter.php(940): Modules\AdminMenu\Controllers\DataGroupMenu->group_menu()
#7 C:\xampp\htdocs\kegiatan\vendor\codeigniter4\framework\system\CodeIgniter.php(436): CodeIgniter\CodeIgniter->runController(Object(Modules\AdminMenu\Controllers\DataGroupMenu))
#8 C:\xampp\htdocs\kegiatan\vendor\codeigniter4\framework\system\CodeIgniter.php(337): CodeIgniter\CodeIgniter->handleRequest(NULL, Object(Config\Cache), false)
#9 C:\xampp\htdocs\kegiatan\public\index.php(44): CodeIgniter\CodeIgniter->run()
#10 C:\xampp\htdocs\kegiatan\vendor\codeigniter4\framework\system\Commands\Server\rewrite.php(45): require_once('C:\\xampp\\htdocs...')
#11 {main}
CRITICAL - 2021-06-29 14:46:56 --> Column 'status' in field list is ambiguous
#0 C:\xampp\htdocs\kegiatan\vendor\codeigniter4\framework\system\Database\MySQLi\Connection.php(314): mysqli->query('SELECT `nama_gr...')
#1 C:\xampp\htdocs\kegiatan\vendor\codeigniter4\framework\system\Database\BaseConnection.php(713): CodeIgniter\Database\MySQLi\Connection->execute('SELECT `nama_gr...')
#2 C:\xampp\htdocs\kegiatan\vendor\codeigniter4\framework\system\Database\BaseConnection.php(641): CodeIgniter\Database\BaseConnection->simpleQuery('SELECT `nama_gr...')
#3 C:\xampp\htdocs\kegiatan\vendor\codeigniter4\framework\system\Database\BaseBuilder.php(1866): CodeIgniter\Database\BaseConnection->query('SELECT `nama_gr...', Array, false)
#4 C:\xampp\htdocs\kegiatan\modules\AdminMenu\Models\ModelMenu.php(34): CodeIgniter\Database\BaseBuilder->get()
#5 C:\xampp\htdocs\kegiatan\modules\AdminMenu\Controllers\DataGroupMenu.php(24): Modules\AdminMenu\Models\ModelMenu->get_menu()
#6 C:\xampp\htdocs\kegiatan\vendor\codeigniter4\framework\system\CodeIgniter.php(940): Modules\AdminMenu\Controllers\DataGroupMenu->group_menu()
#7 C:\xampp\htdocs\kegiatan\vendor\codeigniter4\framework\system\CodeIgniter.php(436): CodeIgniter\CodeIgniter->runController(Object(Modules\AdminMenu\Controllers\DataGroupMenu))
#8 C:\xampp\htdocs\kegiatan\vendor\codeigniter4\framework\system\CodeIgniter.php(337): CodeIgniter\CodeIgniter->handleRequest(NULL, Object(Config\Cache), false)
#9 C:\xampp\htdocs\kegiatan\public\index.php(44): CodeIgniter\CodeIgniter->run()
#10 C:\xampp\htdocs\kegiatan\vendor\codeigniter4\framework\system\Commands\Server\rewrite.php(45): require_once('C:\\xampp\\htdocs...')
#11 {main}
ERROR - 2021-06-29 14:50:58 --> mysqli_sql_exception: Column 'status' in field list is ambiguous in C:\xampp\htdocs\kegiatan\vendor\codeigniter4\framework\system\Database\MySQLi\Connection.php:314
Stack trace:
#0 C:\xampp\htdocs\kegiatan\vendor\codeigniter4\framework\system\Database\MySQLi\Connection.php(314): mysqli->query('SELECT `nama_gr...')
#1 C:\xampp\htdocs\kegiatan\vendor\codeigniter4\framework\system\Database\BaseConnection.php(713): CodeIgniter\Database\MySQLi\Connection->execute('SELECT `nama_gr...')
#2 C:\xampp\htdocs\kegiatan\vendor\codeigniter4\framework\system\Database\BaseConnection.php(641): CodeIgniter\Database\BaseConnection->simpleQuery('SELECT `nama_gr...')
#3 C:\xampp\htdocs\kegiatan\vendor\codeigniter4\framework\system\Database\BaseBuilder.php(1866): CodeIgniter\Database\BaseConnection->query('SELECT `nama_gr...', Array, false)
#4 C:\xampp\htdocs\kegiatan\modules\AdminMenu\Models\ModelMenu.php(47): CodeIgniter\Database\BaseBuilder->get()
#5 C:\xampp\htdocs\kegiatan\modules\AdminMenu\Controllers\DataGroupMenu.php(24): Modules\AdminMenu\Models\ModelMenu->get_menu()
#6 C:\xampp\htdocs\kegiatan\vendor\codeigniter4\framework\system\CodeIgniter.php(940): Modules\AdminMenu\Controllers\DataGroupMenu->group_menu()
#7 C:\xampp\htdocs\kegiatan\vendor\codeigniter4\framework\system\CodeIgniter.php(436): CodeIgniter\CodeIgniter->runController(Object(Modules\AdminMenu\Controllers\DataGroupMenu))
#8 C:\xampp\htdocs\kegiatan\vendor\codeigniter4\framework\system\CodeIgniter.php(337): CodeIgniter\CodeIgniter->handleRequest(NULL, Object(Config\Cache), false)
#9 C:\xampp\htdocs\kegiatan\public\index.php(44): CodeIgniter\CodeIgniter->run()
#10 C:\xampp\htdocs\kegiatan\vendor\codeigniter4\framework\system\Commands\Server\rewrite.php(45): require_once('C:\\xampp\\htdocs...')
#11 {main}
CRITICAL - 2021-06-29 14:50:58 --> Column 'status' in field list is ambiguous
#0 C:\xampp\htdocs\kegiatan\vendor\codeigniter4\framework\system\Database\MySQLi\Connection.php(314): mysqli->query('SELECT `nama_gr...')
#1 C:\xampp\htdocs\kegiatan\vendor\codeigniter4\framework\system\Database\BaseConnection.php(713): CodeIgniter\Database\MySQLi\Connection->execute('SELECT `nama_gr...')
#2 C:\xampp\htdocs\kegiatan\vendor\codeigniter4\framework\system\Database\BaseConnection.php(641): CodeIgniter\Database\BaseConnection->simpleQuery('SELECT `nama_gr...')
#3 C:\xampp\htdocs\kegiatan\vendor\codeigniter4\framework\system\Database\BaseBuilder.php(1866): CodeIgniter\Database\BaseConnection->query('SELECT `nama_gr...', Array, false)
#4 C:\xampp\htdocs\kegiatan\modules\AdminMenu\Models\ModelMenu.php(47): CodeIgniter\Database\BaseBuilder->get()
#5 C:\xampp\htdocs\kegiatan\modules\AdminMenu\Controllers\DataGroupMenu.php(24): Modules\AdminMenu\Models\ModelMenu->get_menu()
#6 C:\xampp\htdocs\kegiatan\vendor\codeigniter4\framework\system\CodeIgniter.php(940): Modules\AdminMenu\Controllers\DataGroupMenu->group_menu()
#7 C:\xampp\htdocs\kegiatan\vendor\codeigniter4\framework\system\CodeIgniter.php(436): CodeIgniter\CodeIgniter->runController(Object(Modules\AdminMenu\Controllers\DataGroupMenu))
#8 C:\xampp\htdocs\kegiatan\vendor\codeigniter4\framework\system\CodeIgniter.php(337): CodeIgniter\CodeIgniter->handleRequest(NULL, Object(Config\Cache), false)
#9 C:\xampp\htdocs\kegiatan\public\index.php(44): CodeIgniter\CodeIgniter->run()
#10 C:\xampp\htdocs\kegiatan\vendor\codeigniter4\framework\system\Commands\Server\rewrite.php(45): require_once('C:\\xampp\\htdocs...')
#11 {main}
ERROR - 2021-06-29 14:51:35 --> mysqli_sql_exception: Column 'status' in field list is ambiguous in C:\xampp\htdocs\kegiatan\vendor\codeigniter4\framework\system\Database\MySQLi\Connection.php:314
Stack trace:
#0 C:\xampp\htdocs\kegiatan\vendor\codeigniter4\framework\system\Database\MySQLi\Connection.php(314): mysqli->query('SELECT `nama_gr...')
#1 C:\xampp\htdocs\kegiatan\vendor\codeigniter4\framework\system\Database\BaseConnection.php(713): CodeIgniter\Database\MySQLi\Connection->execute('SELECT `nama_gr...')
#2 C:\xampp\htdocs\kegiatan\vendor\codeigniter4\framework\system\Database\BaseConnection.php(641): CodeIgniter\Database\BaseConnection->simpleQuery('SELECT `nama_gr...')
#3 C:\xampp\htdocs\kegiatan\vendor\codeigniter4\framework\system\Database\BaseBuilder.php(1866): CodeIgniter\Database\BaseConnection->query('SELECT `nama_gr...', Array, false)
#4 C:\xampp\htdocs\kegiatan\modules\AdminMenu\Models\ModelMenu.php(47): CodeIgniter\Database\BaseBuilder->get()
#5 C:\xampp\htdocs\kegiatan\modules\AdminMenu\Controllers\DataGroupMenu.php(24): Modules\AdminMenu\Models\ModelMenu->get_menu()
#6 C:\xampp\htdocs\kegiatan\vendor\codeigniter4\framework\system\CodeIgniter.php(940): Modules\AdminMenu\Controllers\DataGroupMenu->group_menu()
#7 C:\xampp\htdocs\kegiatan\vendor\codeigniter4\framework\system\CodeIgniter.php(436): CodeIgniter\CodeIgniter->runController(Object(Modules\AdminMenu\Controllers\DataGroupMenu))
#8 C:\xampp\htdocs\kegiatan\vendor\codeigniter4\framework\system\CodeIgniter.php(337): CodeIgniter\CodeIgniter->handleRequest(NULL, Object(Config\Cache), false)
#9 C:\xampp\htdocs\kegiatan\public\index.php(44): CodeIgniter\CodeIgniter->run()
#10 C:\xampp\htdocs\kegiatan\vendor\codeigniter4\framework\system\Commands\Server\rewrite.php(45): require_once('C:\\xampp\\htdocs...')
#11 {main}
CRITICAL - 2021-06-29 14:51:35 --> Column 'status' in field list is ambiguous
#0 C:\xampp\htdocs\kegiatan\vendor\codeigniter4\framework\system\Database\MySQLi\Connection.php(314): mysqli->query('SELECT `nama_gr...')
#1 C:\xampp\htdocs\kegiatan\vendor\codeigniter4\framework\system\Database\BaseConnection.php(713): CodeIgniter\Database\MySQLi\Connection->execute('SELECT `nama_gr...')
#2 C:\xampp\htdocs\kegiatan\vendor\codeigniter4\framework\system\Database\BaseConnection.php(641): CodeIgniter\Database\BaseConnection->simpleQuery('SELECT `nama_gr...')
#3 C:\xampp\htdocs\kegiatan\vendor\codeigniter4\framework\system\Database\BaseBuilder.php(1866): CodeIgniter\Database\BaseConnection->query('SELECT `nama_gr...', Array, false)
#4 C:\xampp\htdocs\kegiatan\modules\AdminMenu\Models\ModelMenu.php(47): CodeIgniter\Database\BaseBuilder->get()
#5 C:\xampp\htdocs\kegiatan\modules\AdminMenu\Controllers\DataGroupMenu.php(24): Modules\AdminMenu\Models\ModelMenu->get_menu()
#6 C:\xampp\htdocs\kegiatan\vendor\codeigniter4\framework\system\CodeIgniter.php(940): Modules\AdminMenu\Controllers\DataGroupMenu->group_menu()
#7 C:\xampp\htdocs\kegiatan\vendor\codeigniter4\framework\system\CodeIgniter.php(436): CodeIgniter\CodeIgniter->runController(Object(Modules\AdminMenu\Controllers\DataGroupMenu))
#8 C:\xampp\htdocs\kegiatan\vendor\codeigniter4\framework\system\CodeIgniter.php(337): CodeIgniter\CodeIgniter->handleRequest(NULL, Object(Config\Cache), false)
#9 C:\xampp\htdocs\kegiatan\public\index.php(44): CodeIgniter\CodeIgniter->run()
#10 C:\xampp\htdocs\kegiatan\vendor\codeigniter4\framework\system\Commands\Server\rewrite.php(45): require_once('C:\\xampp\\htdocs...')
#11 {main}
ERROR - 2021-06-29 14:52:42 --> mysqli_sql_exception: Column 'status' in field list is ambiguous in C:\xampp\htdocs\kegiatan\vendor\codeigniter4\framework\system\Database\MySQLi\Connection.php:314
Stack trace:
#0 C:\xampp\htdocs\kegiatan\vendor\codeigniter4\framework\system\Database\MySQLi\Connection.php(314): mysqli->query('SELECT `nama_gr...')
#1 C:\xampp\htdocs\kegiatan\vendor\codeigniter4\framework\system\Database\BaseConnection.php(713): CodeIgniter\Database\MySQLi\Connection->execute('SELECT `nama_gr...')
#2 C:\xampp\htdocs\kegiatan\vendor\codeigniter4\framework\system\Database\BaseConnection.php(641): CodeIgniter\Database\BaseConnection->simpleQuery('SELECT `nama_gr...')
#3 C:\xampp\htdocs\kegiatan\vendor\codeigniter4\framework\system\Database\BaseBuilder.php(1866): CodeIgniter\Database\BaseConnection->query('SELECT `nama_gr...', Array, false)
#4 C:\xampp\htdocs\kegiatan\modules\AdminMenu\Models\ModelMenu.php(47): CodeIgniter\Database\BaseBuilder->get()
#5 C:\xampp\htdocs\kegiatan\modules\AdminMenu\Controllers\DataGroupMenu.php(24): Modules\AdminMenu\Models\ModelMenu->get_menu()
#6 C:\xampp\htdocs\kegiatan\vendor\codeigniter4\framework\system\CodeIgniter.php(940): Modules\AdminMenu\Controllers\DataGroupMenu->group_menu()
#7 C:\xampp\htdocs\kegiatan\vendor\codeigniter4\framework\system\CodeIgniter.php(436): CodeIgniter\CodeIgniter->runController(Object(Modules\AdminMenu\Controllers\DataGroupMenu))
#8 C:\xampp\htdocs\kegiatan\vendor\codeigniter4\framework\system\CodeIgniter.php(337): CodeIgniter\CodeIgniter->handleRequest(NULL, Object(Config\Cache), false)
#9 C:\xampp\htdocs\kegiatan\public\index.php(44): CodeIgniter\CodeIgniter->run()
#10 C:\xampp\htdocs\kegiatan\vendor\codeigniter4\framework\system\Commands\Server\rewrite.php(45): require_once('C:\\xampp\\htdocs...')
#11 {main}
CRITICAL - 2021-06-29 14:52:42 --> Column 'status' in field list is ambiguous
#0 C:\xampp\htdocs\kegiatan\vendor\codeigniter4\framework\system\Database\MySQLi\Connection.php(314): mysqli->query('SELECT `nama_gr...')
#1 C:\xampp\htdocs\kegiatan\vendor\codeigniter4\framework\system\Database\BaseConnection.php(713): CodeIgniter\Database\MySQLi\Connection->execute('SELECT `nama_gr...')
#2 C:\xampp\htdocs\kegiatan\vendor\codeigniter4\framework\system\Database\BaseConnection.php(641): CodeIgniter\Database\BaseConnection->simpleQuery('SELECT `nama_gr...')
#3 C:\xampp\htdocs\kegiatan\vendor\codeigniter4\framework\system\Database\BaseBuilder.php(1866): CodeIgniter\Database\BaseConnection->query('SELECT `nama_gr...', Array, false)
#4 C:\xampp\htdocs\kegiatan\modules\AdminMenu\Models\ModelMenu.php(47): CodeIgniter\Database\BaseBuilder->get()
#5 C:\xampp\htdocs\kegiatan\modules\AdminMenu\Controllers\DataGroupMenu.php(24): Modules\AdminMenu\Models\ModelMenu->get_menu()
#6 C:\xampp\htdocs\kegiatan\vendor\codeigniter4\framework\system\CodeIgniter.php(940): Modules\AdminMenu\Controllers\DataGroupMenu->group_menu()
#7 C:\xampp\htdocs\kegiatan\vendor\codeigniter4\framework\system\CodeIgniter.php(436): CodeIgniter\CodeIgniter->runController(Object(Modules\AdminMenu\Controllers\DataGroupMenu))
#8 C:\xampp\htdocs\kegiatan\vendor\codeigniter4\framework\system\CodeIgniter.php(337): CodeIgniter\CodeIgniter->handleRequest(NULL, Object(Config\Cache), false)
#9 C:\xampp\htdocs\kegiatan\public\index.php(44): CodeIgniter\CodeIgniter->run()
#10 C:\xampp\htdocs\kegiatan\vendor\codeigniter4\framework\system\Commands\Server\rewrite.php(45): require_once('C:\\xampp\\htdocs...')
#11 {main}
ERROR - 2021-06-29 14:52:45 --> mysqli_sql_exception: Column 'status' in field list is ambiguous in C:\xampp\htdocs\kegiatan\vendor\codeigniter4\framework\system\Database\MySQLi\Connection.php:314
Stack trace:
#0 C:\xampp\htdocs\kegiatan\vendor\codeigniter4\framework\system\Database\MySQLi\Connection.php(314): mysqli->query('SELECT `nama_gr...')
#1 C:\xampp\htdocs\kegiatan\vendor\codeigniter4\framework\system\Database\BaseConnection.php(713): CodeIgniter\Database\MySQLi\Connection->execute('SELECT `nama_gr...')
#2 C:\xampp\htdocs\kegiatan\vendor\codeigniter4\framework\system\Database\BaseConnection.php(641): CodeIgniter\Database\BaseConnection->simpleQuery('SELECT `nama_gr...')
#3 C:\xampp\htdocs\kegiatan\vendor\codeigniter4\framework\system\Database\BaseBuilder.php(1866): CodeIgniter\Database\BaseConnection->query('SELECT `nama_gr...', Array, false)
#4 C:\xampp\htdocs\kegiatan\modules\AdminMenu\Models\ModelMenu.php(47): CodeIgniter\Database\BaseBuilder->get()
#5 C:\xampp\htdocs\kegiatan\modules\AdminMenu\Controllers\DataMenu.php(25): Modules\AdminMenu\Models\ModelMenu->get_menu()
#6 C:\xampp\htdocs\kegiatan\vendor\codeigniter4\framework\system\CodeIgniter.php(940): Modules\AdminMenu\Controllers\DataMenu->menu()
#7 C:\xampp\htdocs\kegiatan\vendor\codeigniter4\framework\system\CodeIgniter.php(436): CodeIgniter\CodeIgniter->runController(Object(Modules\AdminMenu\Controllers\DataMenu))
#8 C:\xampp\htdocs\kegiatan\vendor\codeigniter4\framework\system\CodeIgniter.php(337): CodeIgniter\CodeIgniter->handleRequest(NULL, Object(Config\Cache), false)
#9 C:\xampp\htdocs\kegiatan\public\index.php(44): CodeIgniter\CodeIgniter->run()
#10 C:\xampp\htdocs\kegiatan\vendor\codeigniter4\framework\system\Commands\Server\rewrite.php(45): require_once('C:\\xampp\\htdocs...')
#11 {main}
CRITICAL - 2021-06-29 14:52:45 --> Column 'status' in field list is ambiguous
#0 C:\xampp\htdocs\kegiatan\vendor\codeigniter4\framework\system\Database\MySQLi\Connection.php(314): mysqli->query('SELECT `nama_gr...')
#1 C:\xampp\htdocs\kegiatan\vendor\codeigniter4\framework\system\Database\BaseConnection.php(713): CodeIgniter\Database\MySQLi\Connection->execute('SELECT `nama_gr...')
#2 C:\xampp\htdocs\kegiatan\vendor\codeigniter4\framework\system\Database\BaseConnection.php(641): CodeIgniter\Database\BaseConnection->simpleQuery('SELECT `nama_gr...')
#3 C:\xampp\htdocs\kegiatan\vendor\codeigniter4\framework\system\Database\BaseBuilder.php(1866): CodeIgniter\Database\BaseConnection->query('SELECT `nama_gr...', Array, false)
#4 C:\xampp\htdocs\kegiatan\modules\AdminMenu\Models\ModelMenu.php(47): CodeIgniter\Database\BaseBuilder->get()
#5 C:\xampp\htdocs\kegiatan\modules\AdminMenu\Controllers\DataMenu.php(25): Modules\AdminMenu\Models\ModelMenu->get_menu()
#6 C:\xampp\htdocs\kegiatan\vendor\codeigniter4\framework\system\CodeIgniter.php(940): Modules\AdminMenu\Controllers\DataMenu->menu()
#7 C:\xampp\htdocs\kegiatan\vendor\codeigniter4\framework\system\CodeIgniter.php(436): CodeIgniter\CodeIgniter->runController(Object(Modules\AdminMenu\Controllers\DataMenu))
#8 C:\xampp\htdocs\kegiatan\vendor\codeigniter4\framework\system\CodeIgniter.php(337): CodeIgniter\CodeIgniter->handleRequest(NULL, Object(Config\Cache), false)
#9 C:\xampp\htdocs\kegiatan\public\index.php(44): CodeIgniter\CodeIgniter->run()
#10 C:\xampp\htdocs\kegiatan\vendor\codeigniter4\framework\system\Commands\Server\rewrite.php(45): require_once('C:\\xampp\\htdocs...')
#11 {main}
CRITICAL - 2021-06-29 14:56:02 --> Undefined variable: r
#0 C:\xampp\htdocs\kegiatan\modules\AdminMenu\Views\group_menu.php(79): CodeIgniter\Debug\Exceptions->errorHandler(8, 'Undefined varia...', 'C:\\xampp\\htdocs...', 79, Array)
#1 C:\xampp\htdocs\kegiatan\vendor\codeigniter4\framework\system\View\View.php(220): include('C:\\xampp\\htdocs...')
#2 C:\xampp\htdocs\kegiatan\vendor\codeigniter4\framework\system\View\View.php(222): CodeIgniter\View\View->CodeIgniter\View\{closure}()
#3 C:\xampp\htdocs\kegiatan\vendor\codeigniter4\framework\system\Common.php(1217): CodeIgniter\View\View->render('Modules\\AdminMe...', Array, true)
#4 C:\xampp\htdocs\kegiatan\modules\AdminMenu\Controllers\DataGroupMenu.php(38): view('Modules\\AdminMe...', Array)
#5 C:\xampp\htdocs\kegiatan\vendor\codeigniter4\framework\system\CodeIgniter.php(940): Modules\AdminMenu\Controllers\DataGroupMenu->group_menu()
#6 C:\xampp\htdocs\kegiatan\vendor\codeigniter4\framework\system\CodeIgniter.php(436): CodeIgniter\CodeIgniter->runController(Object(Modules\AdminMenu\Controllers\DataGroupMenu))
#7 C:\xampp\htdocs\kegiatan\vendor\codeigniter4\framework\system\CodeIgniter.php(337): CodeIgniter\CodeIgniter->handleRequest(NULL, Object(Config\Cache), false)
#8 C:\xampp\htdocs\kegiatan\public\index.php(44): CodeIgniter\CodeIgniter->run()
#9 C:\xampp\htdocs\kegiatan\vendor\codeigniter4\framework\system\Commands\Server\rewrite.php(45): require_once('C:\\xampp\\htdocs...')
#10 {main}
CRITICAL - 2021-06-29 14:56:51 --> Undefined variable: r
#0 C:\xampp\htdocs\kegiatan\modules\AdminMenu\Views\group_menu.php(79): CodeIgniter\Debug\Exceptions->errorHandler(8, 'Undefined varia...', 'C:\\xampp\\htdocs...', 79, Array)
#1 C:\xampp\htdocs\kegiatan\vendor\codeigniter4\framework\system\View\View.php(220): include('C:\\xampp\\htdocs...')
#2 C:\xampp\htdocs\kegiatan\vendor\codeigniter4\framework\system\View\View.php(222): CodeIgniter\View\View->CodeIgniter\View\{closure}()
#3 C:\xampp\htdocs\kegiatan\vendor\codeigniter4\framework\system\Common.php(1217): CodeIgniter\View\View->render('Modules\\AdminMe...', Array, true)
#4 C:\xampp\htdocs\kegiatan\modules\AdminMenu\Controllers\DataGroupMenu.php(38): view('Modules\\AdminMe...', Array)
#5 C:\xampp\htdocs\kegiatan\vendor\codeigniter4\framework\system\CodeIgniter.php(940): Modules\AdminMenu\Controllers\DataGroupMenu->group_menu()
#6 C:\xampp\htdocs\kegiatan\vendor\codeigniter4\framework\system\CodeIgniter.php(436): CodeIgniter\CodeIgniter->runController(Object(Modules\AdminMenu\Controllers\DataGroupMenu))
#7 C:\xampp\htdocs\kegiatan\vendor\codeigniter4\framework\system\CodeIgniter.php(337): CodeIgniter\CodeIgniter->handleRequest(NULL, Object(Config\Cache), false)
#8 C:\xampp\htdocs\kegiatan\public\index.php(44): CodeIgniter\CodeIgniter->run()
#9 C:\xampp\htdocs\kegiatan\vendor\codeigniter4\framework\system\Commands\Server\rewrite.php(45): require_once('C:\\xampp\\htdocs...')
#10 {main}
CRITICAL - 2021-06-29 15:02:28 --> Undefined property: Modules\AdminUsers\Controllers\DataUsers::$ModelLayout
#0 C:\xampp\htdocs\kegiatan\modules\AdminUsers\Controllers\DataUsers.php(29): CodeIgniter\Debug\Exceptions->errorHandler(8, 'Undefined prope...', 'C:\\xampp\\htdocs...', 29, Array)
#1 C:\xampp\htdocs\kegiatan\vendor\codeigniter4\framework\system\CodeIgniter.php(940): Modules\AdminUsers\Controllers\DataUsers->index()
#2 C:\xampp\htdocs\kegiatan\vendor\codeigniter4\framework\system\CodeIgniter.php(436): CodeIgniter\CodeIgniter->runController(Object(Modules\AdminUsers\Controllers\DataUsers))
#3 C:\xampp\htdocs\kegiatan\vendor\codeigniter4\framework\system\CodeIgniter.php(337): CodeIgniter\CodeIgniter->handleRequest(NULL, Object(Config\Cache), false)
#4 C:\xampp\htdocs\kegiatan\public\index.php(44): CodeIgniter\CodeIgniter->run()
#5 C:\xampp\htdocs\kegiatan\vendor\codeigniter4\framework\system\Commands\Server\rewrite.php(45): require_once('C:\\xampp\\htdocs...')
#6 {main}
CRITICAL - 2021-06-29 15:03:08 --> Undefined variable: group_menu
#0 C:\xampp\htdocs\kegiatan\modules\AdminLayout\Views\sidebar.php(33): CodeIgniter\Debug\Exceptions->errorHandler(8, 'Undefined varia...', 'C:\\xampp\\htdocs...', 33, Array)
#1 C:\xampp\htdocs\kegiatan\vendor\codeigniter4\framework\system\View\View.php(220): include('C:\\xampp\\htdocs...')
#2 C:\xampp\htdocs\kegiatan\vendor\codeigniter4\framework\system\View\View.php(222): CodeIgniter\View\View->CodeIgniter\View\{closure}()
#3 C:\xampp\htdocs\kegiatan\vendor\codeigniter4\framework\system\View\View.php(468): CodeIgniter\View\View->render('Modules\\AdminLa...', NULL, true)
#4 C:\xampp\htdocs\kegiatan\modules\AdminLayout\Views\layout.php(66): CodeIgniter\View\View->include('Modules\\AdminLa...')
#5 C:\xampp\htdocs\kegiatan\vendor\codeigniter4\framework\system\View\View.php(220): include('C:\\xampp\\htdocs...')
#6 C:\xampp\htdocs\kegiatan\vendor\codeigniter4\framework\system\View\View.php(222): CodeIgniter\View\View->CodeIgniter\View\{closure}()
#7 C:\xampp\htdocs\kegiatan\vendor\codeigniter4\framework\system\View\View.php(236): CodeIgniter\View\View->render('Modules\\AdminLa...', Array, true)
#8 C:\xampp\htdocs\kegiatan\vendor\codeigniter4\framework\system\Common.php(1217): CodeIgniter\View\View->render('Modules\\AdminMa...', Array, true)
#9 C:\xampp\htdocs\kegiatan\modules\AdminMasterPerusahaan\Controllers\DataMasterPerusahaan.php(37): view('Modules\\AdminMa...', Array)
#10 C:\xampp\htdocs\kegiatan\vendor\codeigniter4\framework\system\CodeIgniter.php(940): Modules\AdminMasterPerusahaan\Controllers\DataMasterPerusahaan->master()
#11 C:\xampp\htdocs\kegiatan\vendor\codeigniter4\framework\system\CodeIgniter.php(436): CodeIgniter\CodeIgniter->runController(Object(Modules\AdminMasterPerusahaan\Controllers\DataMasterPerusahaan))
#12 C:\xampp\htdocs\kegiatan\vendor\codeigniter4\framework\system\CodeIgniter.php(337): CodeIgniter\CodeIgniter->handleRequest(NULL, Object(Config\Cache), false)
#13 C:\xampp\htdocs\kegiatan\public\index.php(44): CodeIgniter\CodeIgniter->run()
#14 C:\xampp\htdocs\kegiatan\vendor\codeigniter4\framework\system\Commands\Server\rewrite.php(45): require_once('C:\\xampp\\htdocs...')
#15 {main}
CRITICAL - 2021-06-29 15:04:58 --> Undefined variable: group_menu
#0 C:\xampp\htdocs\kegiatan\modules\AdminLayout\Views\sidebar.php(33): CodeIgniter\Debug\Exceptions->errorHandler(8, 'Undefined varia...', 'C:\\xampp\\htdocs...', 33, Array)
#1 C:\xampp\htdocs\kegiatan\vendor\codeigniter4\framework\system\View\View.php(220): include('C:\\xampp\\htdocs...')
#2 C:\xampp\htdocs\kegiatan\vendor\codeigniter4\framework\system\View\View.php(222): CodeIgniter\View\View->CodeIgniter\View\{closure}()
#3 C:\xampp\htdocs\kegiatan\vendor\codeigniter4\framework\system\View\View.php(468): CodeIgniter\View\View->render('Modules\\AdminLa...', NULL, true)
#4 C:\xampp\htdocs\kegiatan\modules\AdminLayout\Views\layout.php(66): CodeIgniter\View\View->include('Modules\\AdminLa...')
#5 C:\xampp\htdocs\kegiatan\vendor\codeigniter4\framework\system\View\View.php(220): include('C:\\xampp\\htdocs...')
#6 C:\xampp\htdocs\kegiatan\vendor\codeigniter4\framework\system\View\View.php(222): CodeIgniter\View\View->CodeIgniter\View\{closure}()
#7 C:\xampp\htdocs\kegiatan\vendor\codeigniter4\framework\system\View\View.php(236): CodeIgniter\View\View->render('Modules\\AdminLa...', Array, true)
#8 C:\xampp\htdocs\kegiatan\vendor\codeigniter4\framework\system\Common.php(1217): CodeIgniter\View\View->render('Modules\\AdminKe...', Array, true)
#9 C:\xampp\htdocs\kegiatan\modules\AdminKegiatan\Controllers\DataKegiatan.php(37): view('Modules\\AdminKe...', Array)
#10 C:\xampp\htdocs\kegiatan\vendor\codeigniter4\framework\system\CodeIgniter.php(940): Modules\AdminKegiatan\Controllers\DataKegiatan->kegiatan('$1')
#11 C:\xampp\htdocs\kegiatan\vendor\codeigniter4\framework\system\CodeIgniter.php(436): CodeIgniter\CodeIgniter->runController(Object(Modules\AdminKegiatan\Controllers\DataKegiatan))
#12 C:\xampp\htdocs\kegiatan\vendor\codeigniter4\framework\system\CodeIgniter.php(337): CodeIgniter\CodeIgniter->handleRequest(NULL, Object(Config\Cache), false)
#13 C:\xampp\htdocs\kegiatan\public\index.php(44): CodeIgniter\CodeIgniter->run()
#14 C:\xampp\htdocs\kegiatan\vendor\codeigniter4\framework\system\Commands\Server\rewrite.php(45): require_once('C:\\xampp\\htdocs...')
#15 {main}
CRITICAL - 2021-06-29 15:05:00 --> Undefined variable: group_menu
#0 C:\xampp\htdocs\kegiatan\modules\AdminLayout\Views\sidebar.php(33): CodeIgniter\Debug\Exceptions->errorHandler(8, 'Undefined varia...', 'C:\\xampp\\htdocs...', 33, Array)
#1 C:\xampp\htdocs\kegiatan\vendor\codeigniter4\framework\system\View\View.php(220): include('C:\\xampp\\htdocs...')
#2 C:\xampp\htdocs\kegiatan\vendor\codeigniter4\framework\system\View\View.php(222): CodeIgniter\View\View->CodeIgniter\View\{closure}()
#3 C:\xampp\htdocs\kegiatan\vendor\codeigniter4\framework\system\View\View.php(468): CodeIgniter\View\View->render('Modules\\AdminLa...', NULL, true)
#4 C:\xampp\htdocs\kegiatan\modules\AdminLayout\Views\layout.php(66): CodeIgniter\View\View->include('Modules\\AdminLa...')
#5 C:\xampp\htdocs\kegiatan\vendor\codeigniter4\framework\system\View\View.php(220): include('C:\\xampp\\htdocs...')
#6 C:\xampp\htdocs\kegiatan\vendor\codeigniter4\framework\system\View\View.php(222): CodeIgniter\View\View->CodeIgniter\View\{closure}()
#7 C:\xampp\htdocs\kegiatan\vendor\codeigniter4\framework\system\View\View.php(236): CodeIgniter\View\View->render('Modules\\AdminLa...', Array, true)
#8 C:\xampp\htdocs\kegiatan\vendor\codeigniter4\framework\system\Common.php(1217): CodeIgniter\View\View->render('Modules\\AdminKe...', Array, true)
#9 C:\xampp\htdocs\kegiatan\modules\AdminKegiatan\Controllers\DataKegiatan.php(37): view('Modules\\AdminKe...', Array)
#10 C:\xampp\htdocs\kegiatan\vendor\codeigniter4\framework\system\CodeIgniter.php(940): Modules\AdminKegiatan\Controllers\DataKegiatan->kegiatan('$1')
#11 C:\xampp\htdocs\kegiatan\vendor\codeigniter4\framework\system\CodeIgniter.php(436): CodeIgniter\CodeIgniter->runController(Object(Modules\AdminKegiatan\Controllers\DataKegiatan))
#12 C:\xampp\htdocs\kegiatan\vendor\codeigniter4\framework\system\CodeIgniter.php(337): CodeIgniter\CodeIgniter->handleRequest(NULL, Object(Config\Cache), false)
#13 C:\xampp\htdocs\kegiatan\public\index.php(44): CodeIgniter\CodeIgniter->run()
#14 C:\xampp\htdocs\kegiatan\vendor\codeigniter4\framework\system\Commands\Server\rewrite.php(45): require_once('C:\\xampp\\htdocs...')
#15 {main}
CRITICAL - 2021-06-29 15:05:58 --> Undefined property: Modules\AdminKegiatan\Controllers\DataKegiatan::$ModelLayout
#0 C:\xampp\htdocs\kegiatan\modules\AdminKegiatan\Controllers\DataKegiatan.php(25): CodeIgniter\Debug\Exceptions->errorHandler(8, 'Undefined prope...', 'C:\\xampp\\htdocs...', 25, Array)
#1 C:\xampp\htdocs\kegiatan\vendor\codeigniter4\framework\system\CodeIgniter.php(940): Modules\AdminKegiatan\Controllers\DataKegiatan->kegiatan('$1')
#2 C:\xampp\htdocs\kegiatan\vendor\codeigniter4\framework\system\CodeIgniter.php(436): CodeIgniter\CodeIgniter->runController(Object(Modules\AdminKegiatan\Controllers\DataKegiatan))
#3 C:\xampp\htdocs\kegiatan\vendor\codeigniter4\framework\system\CodeIgniter.php(337): CodeIgniter\CodeIgniter->handleRequest(NULL, Object(Config\Cache), false)
#4 C:\xampp\htdocs\kegiatan\public\index.php(44): CodeIgniter\CodeIgniter->run()
#5 C:\xampp\htdocs\kegiatan\vendor\codeigniter4\framework\system\Commands\Server\rewrite.php(45): require_once('C:\\xampp\\htdocs...')
#6 {main}
CRITICAL - 2021-06-29 15:26:50 --> Uncaught ErrorException: Undefined variable: viewFile in C:\xampp\htdocs\kegiatan\vendor\codeigniter4\framework\system\Debug\Exceptions.php:281
Stack trace:
#0 C:\xampp\htdocs\kegiatan\vendor\codeigniter4\framework\system\Debug\Exceptions.php(281): CodeIgniter\Debug\Exceptions->errorHandler(8, 'Undefined varia...', 'C:\\xampp\\htdocs...', 281, Array)
#1 C:\xampp\htdocs\kegiatan\vendor\codeigniter4\framework\system\Debug\Exceptions.php(281): include()
#2 C:\xampp\htdocs\kegiatan\vendor\codeigniter4\framework\system\Debug\Exceptions.php(147): CodeIgniter\Debug\Exceptions->render(Object(CodeIgniter\Exceptions\PageNotFoundException), 404)
#3 [internal function]: CodeIgniter\Debug\Exceptions->exceptionHandler(Object(CodeIgniter\Exceptions\PageNotFoundException))
#4 {main}
  thrown
#0 [internal function]: CodeIgniter\Debug\Exceptions->shutdownHandler()
#1 {main}
ERROR - 2021-06-29 15:32:17 --> mysqli_sql_exception: Table 'database_web_kegiatan.kegiatan_master' doesn't exist in C:\xampp\htdocs\kegiatan\vendor\codeigniter4\framework\system\Database\MySQLi\Connection.php:314
Stack trace:
#0 C:\xampp\htdocs\kegiatan\vendor\codeigniter4\framework\system\Database\MySQLi\Connection.php(314): mysqli->query('SELECT *\nFROM `...')
#1 C:\xampp\htdocs\kegiatan\vendor\codeigniter4\framework\system\Database\BaseConnection.php(713): CodeIgniter\Database\MySQLi\Connection->execute('SELECT *\nFROM `...')
#2 C:\xampp\htdocs\kegiatan\vendor\codeigniter4\framework\system\Database\BaseConnection.php(641): CodeIgniter\Database\BaseConnection->simpleQuery('SELECT *\nFROM `...')
#3 C:\xampp\htdocs\kegiatan\vendor\codeigniter4\framework\system\Database\BaseBuilder.php(1866): CodeIgniter\Database\BaseConnection->query('SELECT *\nFROM `...', Array, false)
#4 C:\xampp\htdocs\kegiatan\modules\AdminKegiatan\Models\ModelKegiatan.php(24): CodeIgniter\Database\BaseBuilder->get()
#5 C:\xampp\htdocs\kegiatan\modules\AdminKegiatan\Controllers\DataKegiatan.php(26): Modules\AdminKegiatan\Models\ModelKegiatan->get_kegiatan('$1')
#6 C:\xampp\htdocs\kegiatan\vendor\codeigniter4\framework\system\CodeIgniter.php(940): Modules\AdminKegiatan\Controllers\DataKegiatan->kegiatan('$1')
#7 C:\xampp\htdocs\kegiatan\vendor\codeigniter4\framework\system\CodeIgniter.php(436): CodeIgniter\CodeIgniter->runController(Object(Modules\AdminKegiatan\Controllers\DataKegiatan))
#8 C:\xampp\htdocs\kegiatan\vendor\codeigniter4\framework\system\CodeIgniter.php(337): CodeIgniter\CodeIgniter->handleRequest(NULL, Object(Config\Cache), false)
#9 C:\xampp\htdocs\kegiatan\public\index.php(44): CodeIgniter\CodeIgniter->run()
#10 C:\xampp\htdocs\kegiatan\vendor\codeigniter4\framework\system\Commands\Server\rewrite.php(45): require_once('C:\\xampp\\htdocs...')
#11 {main}
CRITICAL - 2021-06-29 15:32:17 --> Table 'database_web_kegiatan.kegiatan_master' doesn't exist
#0 C:\xampp\htdocs\kegiatan\vendor\codeigniter4\framework\system\Database\MySQLi\Connection.php(314): mysqli->query('SELECT *\nFROM `...')
#1 C:\xampp\htdocs\kegiatan\vendor\codeigniter4\framework\system\Database\BaseConnection.php(713): CodeIgniter\Database\MySQLi\Connection->execute('SELECT *\nFROM `...')
#2 C:\xampp\htdocs\kegiatan\vendor\codeigniter4\framework\system\Database\BaseConnection.php(641): CodeIgniter\Database\BaseConnection->simpleQuery('SELECT *\nFROM `...')
#3 C:\xampp\htdocs\kegiatan\vendor\codeigniter4\framework\system\Database\BaseBuilder.php(1866): CodeIgniter\Database\BaseConnection->query('SELECT *\nFROM `...', Array, false)
#4 C:\xampp\htdocs\kegiatan\modules\AdminKegiatan\Models\ModelKegiatan.php(24): CodeIgniter\Database\BaseBuilder->get()
#5 C:\xampp\htdocs\kegiatan\modules\AdminKegiatan\Controllers\DataKegiatan.php(26): Modules\AdminKegiatan\Models\ModelKegiatan->get_kegiatan('$1')
#6 C:\xampp\htdocs\kegiatan\vendor\codeigniter4\framework\system\CodeIgniter.php(940): Modules\AdminKegiatan\Controllers\DataKegiatan->kegiatan('$1')
#7 C:\xampp\htdocs\kegiatan\vendor\codeigniter4\framework\system\CodeIgniter.php(436): CodeIgniter\CodeIgniter->runController(Object(Modules\AdminKegiatan\Controllers\DataKegiatan))
#8 C:\xampp\htdocs\kegiatan\vendor\codeigniter4\framework\system\CodeIgniter.php(337): CodeIgniter\CodeIgniter->handleRequest(NULL, Object(Config\Cache), false)
#9 C:\xampp\htdocs\kegiatan\public\index.php(44): CodeIgniter\CodeIgniter->run()
#10 C:\xampp\htdocs\kegiatan\vendor\codeigniter4\framework\system\Commands\Server\rewrite.php(45): require_once('C:\\xampp\\htdocs...')
#11 {main}
ERROR - 2021-06-29 15:35:44 --> mysqli_sql_exception: Table 'database_web_kegiatan.kegiatan_master' doesn't exist in C:\xampp\htdocs\kegiatan\vendor\codeigniter4\framework\system\Database\MySQLi\Connection.php:314
Stack trace:
#0 C:\xampp\htdocs\kegiatan\vendor\codeigniter4\framework\system\Database\MySQLi\Connection.php(314): mysqli->query('SELECT *\nFROM `...')
#1 C:\xampp\htdocs\kegiatan\vendor\codeigniter4\framework\system\Database\BaseConnection.php(713): CodeIgniter\Database\MySQLi\Connection->execute('SELECT *\nFROM `...')
#2 C:\xampp\htdocs\kegiatan\vendor\codeigniter4\framework\system\Database\BaseConnection.php(641): CodeIgniter\Database\BaseConnection->simpleQuery('SELECT *\nFROM `...')
#3 C:\xampp\htdocs\kegiatan\vendor\codeigniter4\framework\system\Database\BaseBuilder.php(1866): CodeIgniter\Database\BaseConnection->query('SELECT *\nFROM `...', Array, false)
#4 C:\xampp\htdocs\kegiatan\modules\AdminKegiatanPerusahaan\Models\ModelKegiatan.php(24): CodeIgniter\Database\BaseBuilder->get()
#5 C:\xampp\htdocs\kegiatan\modules\AdminKegiatanPerusahaan\Controllers\DataKegiatan.php(26): Modules\AdminKegiatanPerusahaan\Models\ModelKegiatan->get_kegiatan()
#6 C:\xampp\htdocs\kegiatan\vendor\codeigniter4\framework\system\CodeIgniter.php(940): Modules\AdminKegiatanPerusahaan\Controllers\DataKegiatan->kegiatan()
#7 C:\xampp\htdocs\kegiatan\vendor\codeigniter4\framework\system\CodeIgniter.php(436): CodeIgniter\CodeIgniter->runController(Object(Modules\AdminKegiatanPerusahaan\Controllers\DataKegiatan))
#8 C:\xampp\htdocs\kegiatan\vendor\codeigniter4\framework\system\CodeIgniter.php(337): CodeIgniter\CodeIgniter->handleRequest(NULL, Object(Config\Cache), false)
#9 C:\xampp\htdocs\kegiatan\public\index.php(44): CodeIgniter\CodeIgniter->run()
#10 C:\xampp\htdocs\kegiatan\vendor\codeigniter4\framework\system\Commands\Server\rewrite.php(45): require_once('C:\\xampp\\htdocs...')
#11 {main}
CRITICAL - 2021-06-29 15:35:44 --> Table 'database_web_kegiatan.kegiatan_master' doesn't exist
#0 C:\xampp\htdocs\kegiatan\vendor\codeigniter4\framework\system\Database\MySQLi\Connection.php(314): mysqli->query('SELECT *\nFROM `...')
#1 C:\xampp\htdocs\kegiatan\vendor\codeigniter4\framework\system\Database\BaseConnection.php(713): CodeIgniter\Database\MySQLi\Connection->execute('SELECT *\nFROM `...')
#2 C:\xampp\htdocs\kegiatan\vendor\codeigniter4\framework\system\Database\BaseConnection.php(641): CodeIgniter\Database\BaseConnection->simpleQuery('SELECT *\nFROM `...')
#3 C:\xampp\htdocs\kegiatan\vendor\codeigniter4\framework\system\Database\BaseBuilder.php(1866): CodeIgniter\Database\BaseConnection->query('SELECT *\nFROM `...', Array, false)
#4 C:\xampp\htdocs\kegiatan\modules\AdminKegiatanPerusahaan\Models\ModelKegiatan.php(24): CodeIgniter\Database\BaseBuilder->get()
#5 C:\xampp\htdocs\kegiatan\modules\AdminKegiatanPerusahaan\Controllers\DataKegiatan.php(26): Modules\AdminKegiatanPerusahaan\Models\ModelKegiatan->get_kegiatan()
#6 C:\xampp\htdocs\kegiatan\vendor\codeigniter4\framework\system\CodeIgniter.php(940): Modules\AdminKegiatanPerusahaan\Controllers\DataKegiatan->kegiatan()
#7 C:\xampp\htdocs\kegiatan\vendor\codeigniter4\framework\system\CodeIgniter.php(436): CodeIgniter\CodeIgniter->runController(Object(Modules\AdminKegiatanPerusahaan\Controllers\DataKegiatan))
#8 C:\xampp\htdocs\kegiatan\vendor\codeigniter4\framework\system\CodeIgniter.php(337): CodeIgniter\CodeIgniter->handleRequest(NULL, Object(Config\Cache), false)
#9 C:\xampp\htdocs\kegiatan\public\index.php(44): CodeIgniter\CodeIgniter->run()
#10 C:\xampp\htdocs\kegiatan\vendor\codeigniter4\framework\system\Commands\Server\rewrite.php(45): require_once('C:\\xampp\\htdocs...')
#11 {main}
CRITICAL - 2021-06-29 16:19:01 --> Argument 1 passed to CodeIgniter\Validation\FileRules::uploaded() must be of the type string or null, array given, called in C:\xampp\htdocs\kegiatan\vendor\codeigniter4\framework\system\Validation\Validation.php on line 306
#0 C:\xampp\htdocs\kegiatan\vendor\codeigniter4\framework\system\Validation\Validation.php(306): CodeIgniter\Validation\FileRules->uploaded(Array, 'dokumen', Array, NULL)
#1 C:\xampp\htdocs\kegiatan\vendor\codeigniter4\framework\system\Validation\Validation.php(164): CodeIgniter\Validation\Validation->processRules('dokumen', 'dokumen', Array, Array, Array)
#2 C:\xampp\htdocs\kegiatan\vendor\codeigniter4\framework\system\Controller.php(181): CodeIgniter\Validation\Validation->run()
#3 C:\xampp\htdocs\kegiatan\modules\AdminKegiatanPerusahaan\Controllers\DataKegiatan.php(87): CodeIgniter\Controller->validate(Array)
#4 C:\xampp\htdocs\kegiatan\vendor\codeigniter4\framework\system\CodeIgniter.php(940): Modules\AdminKegiatanPerusahaan\Controllers\DataKegiatan->kegiatan_save()
#5 C:\xampp\htdocs\kegiatan\vendor\codeigniter4\framework\system\CodeIgniter.php(436): CodeIgniter\CodeIgniter->runController(Object(Modules\AdminKegiatanPerusahaan\Controllers\DataKegiatan))
#6 C:\xampp\htdocs\kegiatan\vendor\codeigniter4\framework\system\CodeIgniter.php(337): CodeIgniter\CodeIgniter->handleRequest(NULL, Object(Config\Cache), false)
#7 C:\xampp\htdocs\kegiatan\public\index.php(44): CodeIgniter\CodeIgniter->run()
#8 C:\xampp\htdocs\kegiatan\vendor\codeigniter4\framework\system\Commands\Server\rewrite.php(45): require_once('C:\\xampp\\htdocs...')
#9 {main}
CRITICAL - 2021-06-29 16:21:15 --> Argument 1 passed to CodeIgniter\Validation\FileRules::uploaded() must be of the type string or null, array given, called in C:\xampp\htdocs\kegiatan\vendor\codeigniter4\framework\system\Validation\Validation.php on line 306
#0 C:\xampp\htdocs\kegiatan\vendor\codeigniter4\framework\system\Validation\Validation.php(306): CodeIgniter\Validation\FileRules->uploaded(Array, 'dokumen', Array, NULL)
#1 C:\xampp\htdocs\kegiatan\vendor\codeigniter4\framework\system\Validation\Validation.php(164): CodeIgniter\Validation\Validation->processRules('dokumen', 'dokumen', Array, Array, Array)
#2 C:\xampp\htdocs\kegiatan\vendor\codeigniter4\framework\system\Controller.php(181): CodeIgniter\Validation\Validation->run()
#3 C:\xampp\htdocs\kegiatan\modules\AdminKegiatanPerusahaan\Controllers\DataKegiatan.php(87): CodeIgniter\Controller->validate(Array)
#4 C:\xampp\htdocs\kegiatan\vendor\codeigniter4\framework\system\CodeIgniter.php(940): Modules\AdminKegiatanPerusahaan\Controllers\DataKegiatan->kegiatan_save()
#5 C:\xampp\htdocs\kegiatan\vendor\codeigniter4\framework\system\CodeIgniter.php(436): CodeIgniter\CodeIgniter->runController(Object(Modules\AdminKegiatanPerusahaan\Controllers\DataKegiatan))
#6 C:\xampp\htdocs\kegiatan\vendor\codeigniter4\framework\system\CodeIgniter.php(337): CodeIgniter\CodeIgniter->handleRequest(NULL, Object(Config\Cache), false)
#7 C:\xampp\htdocs\kegiatan\public\index.php(44): CodeIgniter\CodeIgniter->run()
#8 C:\xampp\htdocs\kegiatan\vendor\codeigniter4\framework\system\Commands\Server\rewrite.php(45): require_once('C:\\xampp\\htdocs...')
#9 {main}
CRITICAL - 2021-06-29 16:22:17 --> Argument 1 passed to CodeIgniter\Validation\FileRules::uploaded() must be of the type string or null, array given, called in C:\xampp\htdocs\kegiatan\vendor\codeigniter4\framework\system\Validation\Validation.php on line 306
#0 C:\xampp\htdocs\kegiatan\vendor\codeigniter4\framework\system\Validation\Validation.php(306): CodeIgniter\Validation\FileRules->uploaded(Array, 'dokumen_kegiata...', Array, NULL)
#1 C:\xampp\htdocs\kegiatan\vendor\codeigniter4\framework\system\Validation\Validation.php(164): CodeIgniter\Validation\Validation->processRules('dokumen_kegiata...', 'dokumen_kegiata...', Array, Array, Array)
#2 C:\xampp\htdocs\kegiatan\vendor\codeigniter4\framework\system\Controller.php(181): CodeIgniter\Validation\Validation->run()
#3 C:\xampp\htdocs\kegiatan\modules\AdminKegiatanPerusahaan\Controllers\DataKegiatan.php(87): CodeIgniter\Controller->validate(Array)
#4 C:\xampp\htdocs\kegiatan\vendor\codeigniter4\framework\system\CodeIgniter.php(940): Modules\AdminKegiatanPerusahaan\Controllers\DataKegiatan->kegiatan_save()
#5 C:\xampp\htdocs\kegiatan\vendor\codeigniter4\framework\system\CodeIgniter.php(436): CodeIgniter\CodeIgniter->runController(Object(Modules\AdminKegiatanPerusahaan\Controllers\DataKegiatan))
#6 C:\xampp\htdocs\kegiatan\vendor\codeigniter4\framework\system\CodeIgniter.php(337): CodeIgniter\CodeIgniter->handleRequest(NULL, Object(Config\Cache), false)
#7 C:\xampp\htdocs\kegiatan\public\index.php(44): CodeIgniter\CodeIgniter->run()
#8 C:\xampp\htdocs\kegiatan\vendor\codeigniter4\framework\system\Commands\Server\rewrite.php(45): require_once('C:\\xampp\\htdocs...')
#9 {main}
CRITICAL - 2021-06-29 16:26:36 --> Argument 1 passed to CodeIgniter\Validation\FileRules::uploaded() must be of the type string or null, array given, called in C:\xampp\htdocs\kegiatan\vendor\codeigniter4\framework\system\Validation\Validation.php on line 306
#0 C:\xampp\htdocs\kegiatan\vendor\codeigniter4\framework\system\Validation\Validation.php(306): CodeIgniter\Validation\FileRules->uploaded(Array, 'dokumen_kegiata...', Array, NULL)
#1 C:\xampp\htdocs\kegiatan\vendor\codeigniter4\framework\system\Validation\Validation.php(164): CodeIgniter\Validation\Validation->processRules('dokumen_kegiata...', 'dokumen_kegiata...', Array, Array, Array)
#2 C:\xampp\htdocs\kegiatan\vendor\codeigniter4\framework\system\Controller.php(181): CodeIgniter\Validation\Validation->run()
#3 C:\xampp\htdocs\kegiatan\modules\AdminKegiatanPerusahaan\Controllers\DataKegiatan.php(87): CodeIgniter\Controller->validate(Array)
#4 C:\xampp\htdocs\kegiatan\vendor\codeigniter4\framework\system\CodeIgniter.php(940): Modules\AdminKegiatanPerusahaan\Controllers\DataKegiatan->kegiatan_save()
#5 C:\xampp\htdocs\kegiatan\vendor\codeigniter4\framework\system\CodeIgniter.php(436): CodeIgniter\CodeIgniter->runController(Object(Modules\AdminKegiatanPerusahaan\Controllers\DataKegiatan))
#6 C:\xampp\htdocs\kegiatan\vendor\codeigniter4\framework\system\CodeIgniter.php(337): CodeIgniter\CodeIgniter->handleRequest(NULL, Object(Config\Cache), false)
#7 C:\xampp\htdocs\kegiatan\public\index.php(44): CodeIgniter\CodeIgniter->run()
#8 C:\xampp\htdocs\kegiatan\vendor\codeigniter4\framework\system\Commands\Server\rewrite.php(45): require_once('C:\\xampp\\htdocs...')
#9 {main}
ERROR - 2021-06-29 16:31:50 --> mysqli_sql_exception: Unknown column 'perusahaan_kegiataan.id_perusahaan' in 'on clause' in C:\xampp\htdocs\kegiatan\vendor\codeigniter4\framework\system\Database\MySQLi\Connection.php:314
Stack trace:
#0 C:\xampp\htdocs\kegiatan\vendor\codeigniter4\framework\system\Database\MySQLi\Connection.php(314): mysqli->query('SELECT `perusah...')
#1 C:\xampp\htdocs\kegiatan\vendor\codeigniter4\framework\system\Database\BaseConnection.php(713): CodeIgniter\Database\MySQLi\Connection->execute('SELECT `perusah...')
#2 C:\xampp\htdocs\kegiatan\vendor\codeigniter4\framework\system\Database\BaseConnection.php(641): CodeIgniter\Database\BaseConnection->simpleQuery('SELECT `perusah...')
#3 C:\xampp\htdocs\kegiatan\vendor\codeigniter4\framework\system\Database\BaseBuilder.php(1866): CodeIgniter\Database\BaseConnection->query('SELECT `perusah...', Array, false)
#4 C:\xampp\htdocs\kegiatan\modules\AdminKegiatanPerusahaan\Models\ModelKegiatan.php(38): CodeIgniter\Database\BaseBuilder->get()
#5 C:\xampp\htdocs\kegiatan\modules\AdminKegiatanPerusahaan\Controllers\DataKegiatan.php(28): Modules\AdminKegiatanPerusahaan\Models\ModelKegiatan->get_kegiatan()
#6 C:\xampp\htdocs\kegiatan\vendor\codeigniter4\framework\system\CodeIgniter.php(940): Modules\AdminKegiatanPerusahaan\Controllers\DataKegiatan->kegiatan()
#7 C:\xampp\htdocs\kegiatan\vendor\codeigniter4\framework\system\CodeIgniter.php(436): CodeIgniter\CodeIgniter->runController(Object(Modules\AdminKegiatanPerusahaan\Controllers\DataKegiatan))
#8 C:\xampp\htdocs\kegiatan\vendor\codeigniter4\framework\system\CodeIgniter.php(337): CodeIgniter\CodeIgniter->handleRequest(NULL, Object(Config\Cache), false)
#9 C:\xampp\htdocs\kegiatan\public\index.php(44): CodeIgniter\CodeIgniter->run()
#10 C:\xampp\htdocs\kegiatan\vendor\codeigniter4\framework\system\Commands\Server\rewrite.php(45): require_once('C:\\xampp\\htdocs...')
#11 {main}
CRITICAL - 2021-06-29 16:31:50 --> Unknown column 'perusahaan_kegiataan.id_perusahaan' in 'on clause'
#0 C:\xampp\htdocs\kegiatan\vendor\codeigniter4\framework\system\Database\MySQLi\Connection.php(314): mysqli->query('SELECT `perusah...')
#1 C:\xampp\htdocs\kegiatan\vendor\codeigniter4\framework\system\Database\BaseConnection.php(713): CodeIgniter\Database\MySQLi\Connection->execute('SELECT `perusah...')
#2 C:\xampp\htdocs\kegiatan\vendor\codeigniter4\framework\system\Database\BaseConnection.php(641): CodeIgniter\Database\BaseConnection->simpleQuery('SELECT `perusah...')
#3 C:\xampp\htdocs\kegiatan\vendor\codeigniter4\framework\system\Database\BaseBuilder.php(1866): CodeIgniter\Database\BaseConnection->query('SELECT `perusah...', Array, false)
#4 C:\xampp\htdocs\kegiatan\modules\AdminKegiatanPerusahaan\Models\ModelKegiatan.php(38): CodeIgniter\Database\BaseBuilder->get()
#5 C:\xampp\htdocs\kegiatan\modules\AdminKegiatanPerusahaan\Controllers\DataKegiatan.php(28): Modules\AdminKegiatanPerusahaan\Models\ModelKegiatan->get_kegiatan()
#6 C:\xampp\htdocs\kegiatan\vendor\codeigniter4\framework\system\CodeIgniter.php(940): Modules\AdminKegiatanPerusahaan\Controllers\DataKegiatan->kegiatan()
#7 C:\xampp\htdocs\kegiatan\vendor\codeigniter4\framework\system\CodeIgniter.php(436): CodeIgniter\CodeIgniter->runController(Object(Modules\AdminKegiatanPerusahaan\Controllers\DataKegiatan))
#8 C:\xampp\htdocs\kegiatan\vendor\codeigniter4\framework\system\CodeIgniter.php(337): CodeIgniter\CodeIgniter->handleRequest(NULL, Object(Config\Cache), false)
#9 C:\xampp\htdocs\kegiatan\public\index.php(44): CodeIgniter\CodeIgniter->run()
#10 C:\xampp\htdocs\kegiatan\vendor\codeigniter4\framework\system\Commands\Server\rewrite.php(45): require_once('C:\\xampp\\htdocs...')
#11 {main}
CRITICAL - 2021-06-29 16:32:17 --> Undefined index: random
#0 C:\xampp\htdocs\kegiatan\modules\AdminKegiatanPerusahaan\Views\kegiatan.php(189): CodeIgniter\Debug\Exceptions->errorHandler(8, 'Undefined index...', 'C:\\xampp\\htdocs...', 189, Array)
#1 C:\xampp\htdocs\kegiatan\vendor\codeigniter4\framework\system\View\View.php(220): include('C:\\xampp\\htdocs...')
#2 C:\xampp\htdocs\kegiatan\vendor\codeigniter4\framework\system\View\View.php(222): CodeIgniter\View\View->CodeIgniter\View\{closure}()
#3 C:\xampp\htdocs\kegiatan\vendor\codeigniter4\framework\system\Common.php(1217): CodeIgniter\View\View->render('Modules\\AdminKe...', Array, true)
#4 C:\xampp\htdocs\kegiatan\modules\AdminKegiatanPerusahaan\Controllers\DataKegiatan.php(40): view('Modules\\AdminKe...', Array)
#5 C:\xampp\htdocs\kegiatan\vendor\codeigniter4\framework\system\CodeIgniter.php(940): Modules\AdminKegiatanPerusahaan\Controllers\DataKegiatan->kegiatan()
#6 C:\xampp\htdocs\kegiatan\vendor\codeigniter4\framework\system\CodeIgniter.php(436): CodeIgniter\CodeIgniter->runController(Object(Modules\AdminKegiatanPerusahaan\Controllers\DataKegiatan))
#7 C:\xampp\htdocs\kegiatan\vendor\codeigniter4\framework\system\CodeIgniter.php(337): CodeIgniter\CodeIgniter->handleRequest(NULL, Object(Config\Cache), false)
#8 C:\xampp\htdocs\kegiatan\public\index.php(44): CodeIgniter\CodeIgniter->run()
#9 C:\xampp\htdocs\kegiatan\vendor\codeigniter4\framework\system\Commands\Server\rewrite.php(45): require_once('C:\\xampp\\htdocs...')
#10 {main}
