CRITICAL - 2021-04-20 06:53:39 --> Undefined index: fullname
#0 D:\WEBSITE\xampp-7.4\htdocs\web-master\modules\AdminUsers\Views\profile.php(42): CodeIgniter\Debug\Exceptions->errorHandler(8, 'Undefined index...', 'D:\\WEBSITE\\xamp...', 42, Array)
#1 D:\WEBSITE\xampp-7.4\htdocs\web-master\vendor\codeigniter4\framework\system\View\View.php(220): include('D:\\WEBSITE\\xamp...')
#2 D:\WEBSITE\xampp-7.4\htdocs\web-master\vendor\codeigniter4\framework\system\View\View.php(222): CodeIgniter\View\View->CodeIgniter\View\{closure}()
#3 D:\WEBSITE\xampp-7.4\htdocs\web-master\vendor\codeigniter4\framework\system\Common.php(1217): CodeIgniter\View\View->render('Modules\\AdminUs...', Array, true)
#4 D:\WEBSITE\xampp-7.4\htdocs\web-master\modules\AdminUsers\Controllers\DataUsers.php(48): view('Modules\\AdminUs...', Array)
#5 D:\WEBSITE\xampp-7.4\htdocs\web-master\vendor\codeigniter4\framework\system\CodeIgniter.php(936): Modules\AdminUsers\Controllers\DataUsers->profile('f73a8cccb9771a6...')
#6 D:\WEBSITE\xampp-7.4\htdocs\web-master\vendor\codeigniter4\framework\system\CodeIgniter.php(432): CodeIgniter\CodeIgniter->runController(Object(Modules\AdminUsers\Controllers\DataUsers))
#7 D:\WEBSITE\xampp-7.4\htdocs\web-master\vendor\codeigniter4\framework\system\CodeIgniter.php(333): CodeIgniter\CodeIgniter->handleRequest(NULL, Object(Config\Cache), false)
#8 D:\WEBSITE\xampp-7.4\htdocs\web-master\public\index.php(44): CodeIgniter\CodeIgniter->run()
#9 D:\WEBSITE\xampp-7.4\htdocs\web-master\vendor\codeigniter4\framework\system\Commands\Server\rewrite.php(45): require_once('D:\\WEBSITE\\xamp...')
#10 {main}
CRITICAL - 2021-04-20 06:54:37 --> Undefined index: fullname
#0 D:\WEBSITE\xampp-7.4\htdocs\web-master\modules\AdminUsers\Views\profile.php(42): CodeIgniter\Debug\Exceptions->errorHandler(8, 'Undefined index...', 'D:\\WEBSITE\\xamp...', 42, Array)
#1 D:\WEBSITE\xampp-7.4\htdocs\web-master\vendor\codeigniter4\framework\system\View\View.php(220): include('D:\\WEBSITE\\xamp...')
#2 D:\WEBSITE\xampp-7.4\htdocs\web-master\vendor\codeigniter4\framework\system\View\View.php(222): CodeIgniter\View\View->CodeIgniter\View\{closure}()
#3 D:\WEBSITE\xampp-7.4\htdocs\web-master\vendor\codeigniter4\framework\system\Common.php(1217): CodeIgniter\View\View->render('Modules\\AdminUs...', Array, true)
#4 D:\WEBSITE\xampp-7.4\htdocs\web-master\modules\AdminUsers\Controllers\DataUsers.php(48): view('Modules\\AdminUs...', Array)
#5 D:\WEBSITE\xampp-7.4\htdocs\web-master\vendor\codeigniter4\framework\system\CodeIgniter.php(936): Modules\AdminUsers\Controllers\DataUsers->profile('f73a8cccb9771a6...')
#6 D:\WEBSITE\xampp-7.4\htdocs\web-master\vendor\codeigniter4\framework\system\CodeIgniter.php(432): CodeIgniter\CodeIgniter->runController(Object(Modules\AdminUsers\Controllers\DataUsers))
#7 D:\WEBSITE\xampp-7.4\htdocs\web-master\vendor\codeigniter4\framework\system\CodeIgniter.php(333): CodeIgniter\CodeIgniter->handleRequest(NULL, Object(Config\Cache), false)
#8 D:\WEBSITE\xampp-7.4\htdocs\web-master\public\index.php(44): CodeIgniter\CodeIgniter->run()
#9 D:\WEBSITE\xampp-7.4\htdocs\web-master\vendor\codeigniter4\framework\system\Commands\Server\rewrite.php(45): require_once('D:\\WEBSITE\\xamp...')
#10 {main}
CRITICAL - 2021-04-20 06:55:43 --> Undefined index: fullname
#0 D:\WEBSITE\xampp-7.4\htdocs\web-master\modules\AdminUsers\Views\profile.php(42): CodeIgniter\Debug\Exceptions->errorHandler(8, 'Undefined index...', 'D:\\WEBSITE\\xamp...', 42, Array)
#1 D:\WEBSITE\xampp-7.4\htdocs\web-master\vendor\codeigniter4\framework\system\View\View.php(220): include('D:\\WEBSITE\\xamp...')
#2 D:\WEBSITE\xampp-7.4\htdocs\web-master\vendor\codeigniter4\framework\system\View\View.php(222): CodeIgniter\View\View->CodeIgniter\View\{closure}()
#3 D:\WEBSITE\xampp-7.4\htdocs\web-master\vendor\codeigniter4\framework\system\Common.php(1217): CodeIgniter\View\View->render('Modules\\AdminUs...', Array, true)
#4 D:\WEBSITE\xampp-7.4\htdocs\web-master\modules\AdminUsers\Controllers\DataUsers.php(48): view('Modules\\AdminUs...', Array)
#5 D:\WEBSITE\xampp-7.4\htdocs\web-master\vendor\codeigniter4\framework\system\CodeIgniter.php(936): Modules\AdminUsers\Controllers\DataUsers->profile('f73a8cccb9771a6...')
#6 D:\WEBSITE\xampp-7.4\htdocs\web-master\vendor\codeigniter4\framework\system\CodeIgniter.php(432): CodeIgniter\CodeIgniter->runController(Object(Modules\AdminUsers\Controllers\DataUsers))
#7 D:\WEBSITE\xampp-7.4\htdocs\web-master\vendor\codeigniter4\framework\system\CodeIgniter.php(333): CodeIgniter\CodeIgniter->handleRequest(NULL, Object(Config\Cache), false)
#8 D:\WEBSITE\xampp-7.4\htdocs\web-master\public\index.php(44): CodeIgniter\CodeIgniter->run()
#9 D:\WEBSITE\xampp-7.4\htdocs\web-master\vendor\codeigniter4\framework\system\Commands\Server\rewrite.php(45): require_once('D:\\WEBSITE\\xamp...')
#10 {main}
CRITICAL - 2021-04-20 06:56:23 --> Undefined index: fullname
#0 D:\WEBSITE\xampp-7.4\htdocs\web-master\modules\AdminUsers\Views\profile.php(42): CodeIgniter\Debug\Exceptions->errorHandler(8, 'Undefined index...', 'D:\\WEBSITE\\xamp...', 42, Array)
#1 D:\WEBSITE\xampp-7.4\htdocs\web-master\vendor\codeigniter4\framework\system\View\View.php(220): include('D:\\WEBSITE\\xamp...')
#2 D:\WEBSITE\xampp-7.4\htdocs\web-master\vendor\codeigniter4\framework\system\View\View.php(222): CodeIgniter\View\View->CodeIgniter\View\{closure}()
#3 D:\WEBSITE\xampp-7.4\htdocs\web-master\vendor\codeigniter4\framework\system\Common.php(1217): CodeIgniter\View\View->render('Modules\\AdminUs...', Array, true)
#4 D:\WEBSITE\xampp-7.4\htdocs\web-master\modules\AdminUsers\Controllers\DataUsers.php(48): view('Modules\\AdminUs...', Array)
#5 D:\WEBSITE\xampp-7.4\htdocs\web-master\vendor\codeigniter4\framework\system\CodeIgniter.php(936): Modules\AdminUsers\Controllers\DataUsers->profile('f73a8cccb9771a6...')
#6 D:\WEBSITE\xampp-7.4\htdocs\web-master\vendor\codeigniter4\framework\system\CodeIgniter.php(432): CodeIgniter\CodeIgniter->runController(Object(Modules\AdminUsers\Controllers\DataUsers))
#7 D:\WEBSITE\xampp-7.4\htdocs\web-master\vendor\codeigniter4\framework\system\CodeIgniter.php(333): CodeIgniter\CodeIgniter->handleRequest(NULL, Object(Config\Cache), false)
#8 D:\WEBSITE\xampp-7.4\htdocs\web-master\public\index.php(44): CodeIgniter\CodeIgniter->run()
#9 D:\WEBSITE\xampp-7.4\htdocs\web-master\vendor\codeigniter4\framework\system\Commands\Server\rewrite.php(45): require_once('D:\\WEBSITE\\xamp...')
#10 {main}
CRITICAL - 2021-04-20 06:58:01 --> Undefined index: nama_lengkap
#0 D:\WEBSITE\xampp-7.4\htdocs\web-master\modules\AdminUsers\Views\profile.php(42): CodeIgniter\Debug\Exceptions->errorHandler(8, 'Undefined index...', 'D:\\WEBSITE\\xamp...', 42, Array)
#1 D:\WEBSITE\xampp-7.4\htdocs\web-master\vendor\codeigniter4\framework\system\View\View.php(220): include('D:\\WEBSITE\\xamp...')
#2 D:\WEBSITE\xampp-7.4\htdocs\web-master\vendor\codeigniter4\framework\system\View\View.php(222): CodeIgniter\View\View->CodeIgniter\View\{closure}()
#3 D:\WEBSITE\xampp-7.4\htdocs\web-master\vendor\codeigniter4\framework\system\Common.php(1217): CodeIgniter\View\View->render('Modules\\AdminUs...', Array, true)
#4 D:\WEBSITE\xampp-7.4\htdocs\web-master\modules\AdminUsers\Controllers\DataUsers.php(48): view('Modules\\AdminUs...', Array)
#5 D:\WEBSITE\xampp-7.4\htdocs\web-master\vendor\codeigniter4\framework\system\CodeIgniter.php(936): Modules\AdminUsers\Controllers\DataUsers->profile('f73a8cccb9771a6...')
#6 D:\WEBSITE\xampp-7.4\htdocs\web-master\vendor\codeigniter4\framework\system\CodeIgniter.php(432): CodeIgniter\CodeIgniter->runController(Object(Modules\AdminUsers\Controllers\DataUsers))
#7 D:\WEBSITE\xampp-7.4\htdocs\web-master\vendor\codeigniter4\framework\system\CodeIgniter.php(333): CodeIgniter\CodeIgniter->handleRequest(NULL, Object(Config\Cache), false)
#8 D:\WEBSITE\xampp-7.4\htdocs\web-master\public\index.php(44): CodeIgniter\CodeIgniter->run()
#9 D:\WEBSITE\xampp-7.4\htdocs\web-master\vendor\codeigniter4\framework\system\Commands\Server\rewrite.php(45): require_once('D:\\WEBSITE\\xamp...')
#10 {main}
CRITICAL - 2021-04-20 06:58:03 --> Undefined index: nama_lengkap
#0 D:\WEBSITE\xampp-7.4\htdocs\web-master\modules\AdminUsers\Views\profile.php(42): CodeIgniter\Debug\Exceptions->errorHandler(8, 'Undefined index...', 'D:\\WEBSITE\\xamp...', 42, Array)
#1 D:\WEBSITE\xampp-7.4\htdocs\web-master\vendor\codeigniter4\framework\system\View\View.php(220): include('D:\\WEBSITE\\xamp...')
#2 D:\WEBSITE\xampp-7.4\htdocs\web-master\vendor\codeigniter4\framework\system\View\View.php(222): CodeIgniter\View\View->CodeIgniter\View\{closure}()
#3 D:\WEBSITE\xampp-7.4\htdocs\web-master\vendor\codeigniter4\framework\system\Common.php(1217): CodeIgniter\View\View->render('Modules\\AdminUs...', Array, true)
#4 D:\WEBSITE\xampp-7.4\htdocs\web-master\modules\AdminUsers\Controllers\DataUsers.php(48): view('Modules\\AdminUs...', Array)
#5 D:\WEBSITE\xampp-7.4\htdocs\web-master\vendor\codeigniter4\framework\system\CodeIgniter.php(936): Modules\AdminUsers\Controllers\DataUsers->profile('f73a8cccb9771a6...')
#6 D:\WEBSITE\xampp-7.4\htdocs\web-master\vendor\codeigniter4\framework\system\CodeIgniter.php(432): CodeIgniter\CodeIgniter->runController(Object(Modules\AdminUsers\Controllers\DataUsers))
#7 D:\WEBSITE\xampp-7.4\htdocs\web-master\vendor\codeigniter4\framework\system\CodeIgniter.php(333): CodeIgniter\CodeIgniter->handleRequest(NULL, Object(Config\Cache), false)
#8 D:\WEBSITE\xampp-7.4\htdocs\web-master\public\index.php(44): CodeIgniter\CodeIgniter->run()
#9 D:\WEBSITE\xampp-7.4\htdocs\web-master\vendor\codeigniter4\framework\system\Commands\Server\rewrite.php(45): require_once('D:\\WEBSITE\\xamp...')
#10 {main}
CRITICAL - 2021-04-20 06:58:55 --> Undefined index: fullname
#0 D:\WEBSITE\xampp-7.4\htdocs\web-master\modules\AdminUsers\Views\profile.php(42): CodeIgniter\Debug\Exceptions->errorHandler(8, 'Undefined index...', 'D:\\WEBSITE\\xamp...', 42, Array)
#1 D:\WEBSITE\xampp-7.4\htdocs\web-master\vendor\codeigniter4\framework\system\View\View.php(220): include('D:\\WEBSITE\\xamp...')
#2 D:\WEBSITE\xampp-7.4\htdocs\web-master\vendor\codeigniter4\framework\system\View\View.php(222): CodeIgniter\View\View->CodeIgniter\View\{closure}()
#3 D:\WEBSITE\xampp-7.4\htdocs\web-master\vendor\codeigniter4\framework\system\Common.php(1217): CodeIgniter\View\View->render('Modules\\AdminUs...', Array, true)
#4 D:\WEBSITE\xampp-7.4\htdocs\web-master\modules\AdminUsers\Controllers\DataUsers.php(48): view('Modules\\AdminUs...', Array)
#5 D:\WEBSITE\xampp-7.4\htdocs\web-master\vendor\codeigniter4\framework\system\CodeIgniter.php(936): Modules\AdminUsers\Controllers\DataUsers->profile('f73a8cccb9771a6...')
#6 D:\WEBSITE\xampp-7.4\htdocs\web-master\vendor\codeigniter4\framework\system\CodeIgniter.php(432): CodeIgniter\CodeIgniter->runController(Object(Modules\AdminUsers\Controllers\DataUsers))
#7 D:\WEBSITE\xampp-7.4\htdocs\web-master\vendor\codeigniter4\framework\system\CodeIgniter.php(333): CodeIgniter\CodeIgniter->handleRequest(NULL, Object(Config\Cache), false)
#8 D:\WEBSITE\xampp-7.4\htdocs\web-master\public\index.php(44): CodeIgniter\CodeIgniter->run()
#9 D:\WEBSITE\xampp-7.4\htdocs\web-master\vendor\codeigniter4\framework\system\Commands\Server\rewrite.php(45): require_once('D:\\WEBSITE\\xamp...')
#10 {main}
CRITICAL - 2021-04-20 06:59:07 --> Undefined index: fullname
#0 D:\WEBSITE\xampp-7.4\htdocs\web-master\modules\AdminUsers\Views\profile.php(36): CodeIgniter\Debug\Exceptions->errorHandler(8, 'Undefined index...', 'D:\\WEBSITE\\xamp...', 36, Array)
#1 D:\WEBSITE\xampp-7.4\htdocs\web-master\vendor\codeigniter4\framework\system\View\View.php(220): include('D:\\WEBSITE\\xamp...')
#2 D:\WEBSITE\xampp-7.4\htdocs\web-master\vendor\codeigniter4\framework\system\View\View.php(222): CodeIgniter\View\View->CodeIgniter\View\{closure}()
#3 D:\WEBSITE\xampp-7.4\htdocs\web-master\vendor\codeigniter4\framework\system\Common.php(1217): CodeIgniter\View\View->render('Modules\\AdminUs...', Array, true)
#4 D:\WEBSITE\xampp-7.4\htdocs\web-master\modules\AdminUsers\Controllers\DataUsers.php(48): view('Modules\\AdminUs...', Array)
#5 D:\WEBSITE\xampp-7.4\htdocs\web-master\vendor\codeigniter4\framework\system\CodeIgniter.php(936): Modules\AdminUsers\Controllers\DataUsers->profile('f73a8cccb9771a6...')
#6 D:\WEBSITE\xampp-7.4\htdocs\web-master\vendor\codeigniter4\framework\system\CodeIgniter.php(432): CodeIgniter\CodeIgniter->runController(Object(Modules\AdminUsers\Controllers\DataUsers))
#7 D:\WEBSITE\xampp-7.4\htdocs\web-master\vendor\codeigniter4\framework\system\CodeIgniter.php(333): CodeIgniter\CodeIgniter->handleRequest(NULL, Object(Config\Cache), false)
#8 D:\WEBSITE\xampp-7.4\htdocs\web-master\public\index.php(44): CodeIgniter\CodeIgniter->run()
#9 D:\WEBSITE\xampp-7.4\htdocs\web-master\vendor\codeigniter4\framework\system\Commands\Server\rewrite.php(45): require_once('D:\\WEBSITE\\xamp...')
#10 {main}
CRITICAL - 2021-04-20 06:59:31 --> Undefined index: fullname
#0 D:\WEBSITE\xampp-7.4\htdocs\web-master\modules\AdminUsers\Views\profile.php(42): CodeIgniter\Debug\Exceptions->errorHandler(8, 'Undefined index...', 'D:\\WEBSITE\\xamp...', 42, Array)
#1 D:\WEBSITE\xampp-7.4\htdocs\web-master\vendor\codeigniter4\framework\system\View\View.php(220): include('D:\\WEBSITE\\xamp...')
#2 D:\WEBSITE\xampp-7.4\htdocs\web-master\vendor\codeigniter4\framework\system\View\View.php(222): CodeIgniter\View\View->CodeIgniter\View\{closure}()
#3 D:\WEBSITE\xampp-7.4\htdocs\web-master\vendor\codeigniter4\framework\system\Common.php(1217): CodeIgniter\View\View->render('Modules\\AdminUs...', Array, true)
#4 D:\WEBSITE\xampp-7.4\htdocs\web-master\modules\AdminUsers\Controllers\DataUsers.php(48): view('Modules\\AdminUs...', Array)
#5 D:\WEBSITE\xampp-7.4\htdocs\web-master\vendor\codeigniter4\framework\system\CodeIgniter.php(936): Modules\AdminUsers\Controllers\DataUsers->profile('f73a8cccb9771a6...')
#6 D:\WEBSITE\xampp-7.4\htdocs\web-master\vendor\codeigniter4\framework\system\CodeIgniter.php(432): CodeIgniter\CodeIgniter->runController(Object(Modules\AdminUsers\Controllers\DataUsers))
#7 D:\WEBSITE\xampp-7.4\htdocs\web-master\vendor\codeigniter4\framework\system\CodeIgniter.php(333): CodeIgniter\CodeIgniter->handleRequest(NULL, Object(Config\Cache), false)
#8 D:\WEBSITE\xampp-7.4\htdocs\web-master\public\index.php(44): CodeIgniter\CodeIgniter->run()
#9 D:\WEBSITE\xampp-7.4\htdocs\web-master\vendor\codeigniter4\framework\system\Commands\Server\rewrite.php(45): require_once('D:\\WEBSITE\\xamp...')
#10 {main}
CRITICAL - 2021-04-20 06:59:32 --> Undefined index: fullname
#0 D:\WEBSITE\xampp-7.4\htdocs\web-master\modules\AdminUsers\Views\profile.php(42): CodeIgniter\Debug\Exceptions->errorHandler(8, 'Undefined index...', 'D:\\WEBSITE\\xamp...', 42, Array)
#1 D:\WEBSITE\xampp-7.4\htdocs\web-master\vendor\codeigniter4\framework\system\View\View.php(220): include('D:\\WEBSITE\\xamp...')
#2 D:\WEBSITE\xampp-7.4\htdocs\web-master\vendor\codeigniter4\framework\system\View\View.php(222): CodeIgniter\View\View->CodeIgniter\View\{closure}()
#3 D:\WEBSITE\xampp-7.4\htdocs\web-master\vendor\codeigniter4\framework\system\Common.php(1217): CodeIgniter\View\View->render('Modules\\AdminUs...', Array, true)
#4 D:\WEBSITE\xampp-7.4\htdocs\web-master\modules\AdminUsers\Controllers\DataUsers.php(48): view('Modules\\AdminUs...', Array)
#5 D:\WEBSITE\xampp-7.4\htdocs\web-master\vendor\codeigniter4\framework\system\CodeIgniter.php(936): Modules\AdminUsers\Controllers\DataUsers->profile('f73a8cccb9771a6...')
#6 D:\WEBSITE\xampp-7.4\htdocs\web-master\vendor\codeigniter4\framework\system\CodeIgniter.php(432): CodeIgniter\CodeIgniter->runController(Object(Modules\AdminUsers\Controllers\DataUsers))
#7 D:\WEBSITE\xampp-7.4\htdocs\web-master\vendor\codeigniter4\framework\system\CodeIgniter.php(333): CodeIgniter\CodeIgniter->handleRequest(NULL, Object(Config\Cache), false)
#8 D:\WEBSITE\xampp-7.4\htdocs\web-master\public\index.php(44): CodeIgniter\CodeIgniter->run()
#9 D:\WEBSITE\xampp-7.4\htdocs\web-master\vendor\codeigniter4\framework\system\Commands\Server\rewrite.php(45): require_once('D:\\WEBSITE\\xamp...')
#10 {main}
CRITICAL - 2021-04-20 06:59:33 --> Undefined index: fullname
#0 D:\WEBSITE\xampp-7.4\htdocs\web-master\modules\AdminUsers\Views\profile.php(42): CodeIgniter\Debug\Exceptions->errorHandler(8, 'Undefined index...', 'D:\\WEBSITE\\xamp...', 42, Array)
#1 D:\WEBSITE\xampp-7.4\htdocs\web-master\vendor\codeigniter4\framework\system\View\View.php(220): include('D:\\WEBSITE\\xamp...')
#2 D:\WEBSITE\xampp-7.4\htdocs\web-master\vendor\codeigniter4\framework\system\View\View.php(222): CodeIgniter\View\View->CodeIgniter\View\{closure}()
#3 D:\WEBSITE\xampp-7.4\htdocs\web-master\vendor\codeigniter4\framework\system\Common.php(1217): CodeIgniter\View\View->render('Modules\\AdminUs...', Array, true)
#4 D:\WEBSITE\xampp-7.4\htdocs\web-master\modules\AdminUsers\Controllers\DataUsers.php(48): view('Modules\\AdminUs...', Array)
#5 D:\WEBSITE\xampp-7.4\htdocs\web-master\vendor\codeigniter4\framework\system\CodeIgniter.php(936): Modules\AdminUsers\Controllers\DataUsers->profile('f73a8cccb9771a6...')
#6 D:\WEBSITE\xampp-7.4\htdocs\web-master\vendor\codeigniter4\framework\system\CodeIgniter.php(432): CodeIgniter\CodeIgniter->runController(Object(Modules\AdminUsers\Controllers\DataUsers))
#7 D:\WEBSITE\xampp-7.4\htdocs\web-master\vendor\codeigniter4\framework\system\CodeIgniter.php(333): CodeIgniter\CodeIgniter->handleRequest(NULL, Object(Config\Cache), false)
#8 D:\WEBSITE\xampp-7.4\htdocs\web-master\public\index.php(44): CodeIgniter\CodeIgniter->run()
#9 D:\WEBSITE\xampp-7.4\htdocs\web-master\vendor\codeigniter4\framework\system\Commands\Server\rewrite.php(45): require_once('D:\\WEBSITE\\xamp...')
#10 {main}
CRITICAL - 2021-04-20 06:59:53 --> Undefined index: fullname
#0 D:\WEBSITE\xampp-7.4\htdocs\web-master\modules\AdminUsers\Views\profile.php(42): CodeIgniter\Debug\Exceptions->errorHandler(8, 'Undefined index...', 'D:\\WEBSITE\\xamp...', 42, Array)
#1 D:\WEBSITE\xampp-7.4\htdocs\web-master\vendor\codeigniter4\framework\system\View\View.php(220): include('D:\\WEBSITE\\xamp...')
#2 D:\WEBSITE\xampp-7.4\htdocs\web-master\vendor\codeigniter4\framework\system\View\View.php(222): CodeIgniter\View\View->CodeIgniter\View\{closure}()
#3 D:\WEBSITE\xampp-7.4\htdocs\web-master\vendor\codeigniter4\framework\system\Common.php(1217): CodeIgniter\View\View->render('Modules\\AdminUs...', Array, true)
#4 D:\WEBSITE\xampp-7.4\htdocs\web-master\modules\AdminUsers\Controllers\DataUsers.php(48): view('Modules\\AdminUs...', Array)
#5 D:\WEBSITE\xampp-7.4\htdocs\web-master\vendor\codeigniter4\framework\system\CodeIgniter.php(936): Modules\AdminUsers\Controllers\DataUsers->profile('f73a8cccb9771a6...')
#6 D:\WEBSITE\xampp-7.4\htdocs\web-master\vendor\codeigniter4\framework\system\CodeIgniter.php(432): CodeIgniter\CodeIgniter->runController(Object(Modules\AdminUsers\Controllers\DataUsers))
#7 D:\WEBSITE\xampp-7.4\htdocs\web-master\vendor\codeigniter4\framework\system\CodeIgniter.php(333): CodeIgniter\CodeIgniter->handleRequest(NULL, Object(Config\Cache), false)
#8 D:\WEBSITE\xampp-7.4\htdocs\web-master\public\index.php(44): CodeIgniter\CodeIgniter->run()
#9 D:\WEBSITE\xampp-7.4\htdocs\web-master\vendor\codeigniter4\framework\system\Commands\Server\rewrite.php(45): require_once('D:\\WEBSITE\\xamp...')
#10 {main}
CRITICAL - 2021-04-20 07:00:04 --> Undefined index: fullnasme
#0 D:\WEBSITE\xampp-7.4\htdocs\web-master\modules\AdminUsers\Views\profile.php(42): CodeIgniter\Debug\Exceptions->errorHandler(8, 'Undefined index...', 'D:\\WEBSITE\\xamp...', 42, Array)
#1 D:\WEBSITE\xampp-7.4\htdocs\web-master\vendor\codeigniter4\framework\system\View\View.php(220): include('D:\\WEBSITE\\xamp...')
#2 D:\WEBSITE\xampp-7.4\htdocs\web-master\vendor\codeigniter4\framework\system\View\View.php(222): CodeIgniter\View\View->CodeIgniter\View\{closure}()
#3 D:\WEBSITE\xampp-7.4\htdocs\web-master\vendor\codeigniter4\framework\system\Common.php(1217): CodeIgniter\View\View->render('Modules\\AdminUs...', Array, true)
#4 D:\WEBSITE\xampp-7.4\htdocs\web-master\modules\AdminUsers\Controllers\DataUsers.php(48): view('Modules\\AdminUs...', Array)
#5 D:\WEBSITE\xampp-7.4\htdocs\web-master\vendor\codeigniter4\framework\system\CodeIgniter.php(936): Modules\AdminUsers\Controllers\DataUsers->profile('f73a8cccb9771a6...')
#6 D:\WEBSITE\xampp-7.4\htdocs\web-master\vendor\codeigniter4\framework\system\CodeIgniter.php(432): CodeIgniter\CodeIgniter->runController(Object(Modules\AdminUsers\Controllers\DataUsers))
#7 D:\WEBSITE\xampp-7.4\htdocs\web-master\vendor\codeigniter4\framework\system\CodeIgniter.php(333): CodeIgniter\CodeIgniter->handleRequest(NULL, Object(Config\Cache), false)
#8 D:\WEBSITE\xampp-7.4\htdocs\web-master\public\index.php(44): CodeIgniter\CodeIgniter->run()
#9 D:\WEBSITE\xampp-7.4\htdocs\web-master\vendor\codeigniter4\framework\system\Commands\Server\rewrite.php(45): require_once('D:\\WEBSITE\\xamp...')
#10 {main}
CRITICAL - 2021-04-20 07:01:04 --> Undefined index: fullname
#0 D:\WEBSITE\xampp-7.4\htdocs\web-master\modules\AdminUsers\Views\profile.php(42): CodeIgniter\Debug\Exceptions->errorHandler(8, 'Undefined index...', 'D:\\WEBSITE\\xamp...', 42, Array)
#1 D:\WEBSITE\xampp-7.4\htdocs\web-master\vendor\codeigniter4\framework\system\View\View.php(220): include('D:\\WEBSITE\\xamp...')
#2 D:\WEBSITE\xampp-7.4\htdocs\web-master\vendor\codeigniter4\framework\system\View\View.php(222): CodeIgniter\View\View->CodeIgniter\View\{closure}()
#3 D:\WEBSITE\xampp-7.4\htdocs\web-master\vendor\codeigniter4\framework\system\Common.php(1217): CodeIgniter\View\View->render('Modules\\AdminUs...', Array, true)
#4 D:\WEBSITE\xampp-7.4\htdocs\web-master\modules\AdminUsers\Controllers\DataUsers.php(48): view('Modules\\AdminUs...', Array)
#5 D:\WEBSITE\xampp-7.4\htdocs\web-master\vendor\codeigniter4\framework\system\CodeIgniter.php(936): Modules\AdminUsers\Controllers\DataUsers->profile('7b861e52241fdb2...')
#6 D:\WEBSITE\xampp-7.4\htdocs\web-master\vendor\codeigniter4\framework\system\CodeIgniter.php(432): CodeIgniter\CodeIgniter->runController(Object(Modules\AdminUsers\Controllers\DataUsers))
#7 D:\WEBSITE\xampp-7.4\htdocs\web-master\vendor\codeigniter4\framework\system\CodeIgniter.php(333): CodeIgniter\CodeIgniter->handleRequest(NULL, Object(Config\Cache), false)
#8 D:\WEBSITE\xampp-7.4\htdocs\web-master\public\index.php(44): CodeIgniter\CodeIgniter->run()
#9 D:\WEBSITE\xampp-7.4\htdocs\web-master\vendor\codeigniter4\framework\system\Commands\Server\rewrite.php(45): require_once('D:\\WEBSITE\\xamp...')
#10 {main}
CRITICAL - 2021-04-20 07:02:12 --> Undefined index: fullname
#0 D:\WEBSITE\xampp-7.4\htdocs\web-master\modules\AdminUsers\Views\profile.php(42): CodeIgniter\Debug\Exceptions->errorHandler(8, 'Undefined index...', 'D:\\WEBSITE\\xamp...', 42, Array)
#1 D:\WEBSITE\xampp-7.4\htdocs\web-master\vendor\codeigniter4\framework\system\View\View.php(220): include('D:\\WEBSITE\\xamp...')
#2 D:\WEBSITE\xampp-7.4\htdocs\web-master\vendor\codeigniter4\framework\system\View\View.php(222): CodeIgniter\View\View->CodeIgniter\View\{closure}()
#3 D:\WEBSITE\xampp-7.4\htdocs\web-master\vendor\codeigniter4\framework\system\Common.php(1217): CodeIgniter\View\View->render('Modules\\AdminUs...', Array, true)
#4 D:\WEBSITE\xampp-7.4\htdocs\web-master\modules\AdminUsers\Controllers\DataUsers.php(48): view('Modules\\AdminUs...', Array)
#5 D:\WEBSITE\xampp-7.4\htdocs\web-master\vendor\codeigniter4\framework\system\CodeIgniter.php(936): Modules\AdminUsers\Controllers\DataUsers->profile('7b861e52241fdb2...')
#6 D:\WEBSITE\xampp-7.4\htdocs\web-master\vendor\codeigniter4\framework\system\CodeIgniter.php(432): CodeIgniter\CodeIgniter->runController(Object(Modules\AdminUsers\Controllers\DataUsers))
#7 D:\WEBSITE\xampp-7.4\htdocs\web-master\vendor\codeigniter4\framework\system\CodeIgniter.php(333): CodeIgniter\CodeIgniter->handleRequest(NULL, Object(Config\Cache), false)
#8 D:\WEBSITE\xampp-7.4\htdocs\web-master\public\index.php(44): CodeIgniter\CodeIgniter->run()
#9 D:\WEBSITE\xampp-7.4\htdocs\web-master\vendor\codeigniter4\framework\system\Commands\Server\rewrite.php(45): require_once('D:\\WEBSITE\\xamp...')
#10 {main}
CRITICAL - 2021-04-20 07:02:37 --> Undefined index: fullname
#0 D:\WEBSITE\xampp-7.4\htdocs\web-master\modules\AdminUsers\Views\users.php(35): CodeIgniter\Debug\Exceptions->errorHandler(8, 'Undefined index...', 'D:\\WEBSITE\\xamp...', 35, Array)
#1 D:\WEBSITE\xampp-7.4\htdocs\web-master\vendor\codeigniter4\framework\system\View\View.php(220): include('D:\\WEBSITE\\xamp...')
#2 D:\WEBSITE\xampp-7.4\htdocs\web-master\vendor\codeigniter4\framework\system\View\View.php(222): CodeIgniter\View\View->CodeIgniter\View\{closure}()
#3 D:\WEBSITE\xampp-7.4\htdocs\web-master\vendor\codeigniter4\framework\system\Common.php(1217): CodeIgniter\View\View->render('Modules\\AdminUs...', Array, true)
#4 D:\WEBSITE\xampp-7.4\htdocs\web-master\modules\AdminUsers\Controllers\DataUsers.php(33): view('Modules\\AdminUs...', Array)
#5 D:\WEBSITE\xampp-7.4\htdocs\web-master\vendor\codeigniter4\framework\system\CodeIgniter.php(936): Modules\AdminUsers\Controllers\DataUsers->index()
#6 D:\WEBSITE\xampp-7.4\htdocs\web-master\vendor\codeigniter4\framework\system\CodeIgniter.php(432): CodeIgniter\CodeIgniter->runController(Object(Modules\AdminUsers\Controllers\DataUsers))
#7 D:\WEBSITE\xampp-7.4\htdocs\web-master\vendor\codeigniter4\framework\system\CodeIgniter.php(333): CodeIgniter\CodeIgniter->handleRequest(NULL, Object(Config\Cache), false)
#8 D:\WEBSITE\xampp-7.4\htdocs\web-master\public\index.php(44): CodeIgniter\CodeIgniter->run()
#9 D:\WEBSITE\xampp-7.4\htdocs\web-master\vendor\codeigniter4\framework\system\Commands\Server\rewrite.php(45): require_once('D:\\WEBSITE\\xamp...')
#10 {main}
CRITICAL - 2021-04-20 07:02:39 --> Undefined index: fullname
#0 D:\WEBSITE\xampp-7.4\htdocs\web-master\modules\AdminUsers\Views\users.php(35): CodeIgniter\Debug\Exceptions->errorHandler(8, 'Undefined index...', 'D:\\WEBSITE\\xamp...', 35, Array)
#1 D:\WEBSITE\xampp-7.4\htdocs\web-master\vendor\codeigniter4\framework\system\View\View.php(220): include('D:\\WEBSITE\\xamp...')
#2 D:\WEBSITE\xampp-7.4\htdocs\web-master\vendor\codeigniter4\framework\system\View\View.php(222): CodeIgniter\View\View->CodeIgniter\View\{closure}()
#3 D:\WEBSITE\xampp-7.4\htdocs\web-master\vendor\codeigniter4\framework\system\Common.php(1217): CodeIgniter\View\View->render('Modules\\AdminUs...', Array, true)
#4 D:\WEBSITE\xampp-7.4\htdocs\web-master\modules\AdminUsers\Controllers\DataUsers.php(33): view('Modules\\AdminUs...', Array)
#5 D:\WEBSITE\xampp-7.4\htdocs\web-master\vendor\codeigniter4\framework\system\CodeIgniter.php(936): Modules\AdminUsers\Controllers\DataUsers->index()
#6 D:\WEBSITE\xampp-7.4\htdocs\web-master\vendor\codeigniter4\framework\system\CodeIgniter.php(432): CodeIgniter\CodeIgniter->runController(Object(Modules\AdminUsers\Controllers\DataUsers))
#7 D:\WEBSITE\xampp-7.4\htdocs\web-master\vendor\codeigniter4\framework\system\CodeIgniter.php(333): CodeIgniter\CodeIgniter->handleRequest(NULL, Object(Config\Cache), false)
#8 D:\WEBSITE\xampp-7.4\htdocs\web-master\public\index.php(44): CodeIgniter\CodeIgniter->run()
#9 D:\WEBSITE\xampp-7.4\htdocs\web-master\vendor\codeigniter4\framework\system\Commands\Server\rewrite.php(45): require_once('D:\\WEBSITE\\xamp...')
#10 {main}
CRITICAL - 2021-04-20 07:02:39 --> Undefined index: fullname
#0 D:\WEBSITE\xampp-7.4\htdocs\web-master\modules\AdminUsers\Views\users.php(35): CodeIgniter\Debug\Exceptions->errorHandler(8, 'Undefined index...', 'D:\\WEBSITE\\xamp...', 35, Array)
#1 D:\WEBSITE\xampp-7.4\htdocs\web-master\vendor\codeigniter4\framework\system\View\View.php(220): include('D:\\WEBSITE\\xamp...')
#2 D:\WEBSITE\xampp-7.4\htdocs\web-master\vendor\codeigniter4\framework\system\View\View.php(222): CodeIgniter\View\View->CodeIgniter\View\{closure}()
#3 D:\WEBSITE\xampp-7.4\htdocs\web-master\vendor\codeigniter4\framework\system\Common.php(1217): CodeIgniter\View\View->render('Modules\\AdminUs...', Array, true)
#4 D:\WEBSITE\xampp-7.4\htdocs\web-master\modules\AdminUsers\Controllers\DataUsers.php(33): view('Modules\\AdminUs...', Array)
#5 D:\WEBSITE\xampp-7.4\htdocs\web-master\vendor\codeigniter4\framework\system\CodeIgniter.php(936): Modules\AdminUsers\Controllers\DataUsers->index()
#6 D:\WEBSITE\xampp-7.4\htdocs\web-master\vendor\codeigniter4\framework\system\CodeIgniter.php(432): CodeIgniter\CodeIgniter->runController(Object(Modules\AdminUsers\Controllers\DataUsers))
#7 D:\WEBSITE\xampp-7.4\htdocs\web-master\vendor\codeigniter4\framework\system\CodeIgniter.php(333): CodeIgniter\CodeIgniter->handleRequest(NULL, Object(Config\Cache), false)
#8 D:\WEBSITE\xampp-7.4\htdocs\web-master\public\index.php(44): CodeIgniter\CodeIgniter->run()
#9 D:\WEBSITE\xampp-7.4\htdocs\web-master\vendor\codeigniter4\framework\system\Commands\Server\rewrite.php(45): require_once('D:\\WEBSITE\\xamp...')
#10 {main}
CRITICAL - 2021-04-20 07:03:09 --> Undefined index: fullname
#0 D:\WEBSITE\xampp-7.4\htdocs\web-master\modules\AdminUsers\Views\profile.php(42): CodeIgniter\Debug\Exceptions->errorHandler(8, 'Undefined index...', 'D:\\WEBSITE\\xamp...', 42, Array)
#1 D:\WEBSITE\xampp-7.4\htdocs\web-master\vendor\codeigniter4\framework\system\View\View.php(220): include('D:\\WEBSITE\\xamp...')
#2 D:\WEBSITE\xampp-7.4\htdocs\web-master\vendor\codeigniter4\framework\system\View\View.php(222): CodeIgniter\View\View->CodeIgniter\View\{closure}()
#3 D:\WEBSITE\xampp-7.4\htdocs\web-master\vendor\codeigniter4\framework\system\Common.php(1217): CodeIgniter\View\View->render('Modules\\AdminUs...', Array, true)
#4 D:\WEBSITE\xampp-7.4\htdocs\web-master\modules\AdminUsers\Controllers\DataUsers.php(48): view('Modules\\AdminUs...', Array)
#5 D:\WEBSITE\xampp-7.4\htdocs\web-master\vendor\codeigniter4\framework\system\CodeIgniter.php(936): Modules\AdminUsers\Controllers\DataUsers->profile('7b861e52241fdb2...')
#6 D:\WEBSITE\xampp-7.4\htdocs\web-master\vendor\codeigniter4\framework\system\CodeIgniter.php(432): CodeIgniter\CodeIgniter->runController(Object(Modules\AdminUsers\Controllers\DataUsers))
#7 D:\WEBSITE\xampp-7.4\htdocs\web-master\vendor\codeigniter4\framework\system\CodeIgniter.php(333): CodeIgniter\CodeIgniter->handleRequest(NULL, Object(Config\Cache), false)
#8 D:\WEBSITE\xampp-7.4\htdocs\web-master\public\index.php(44): CodeIgniter\CodeIgniter->run()
#9 D:\WEBSITE\xampp-7.4\htdocs\web-master\vendor\codeigniter4\framework\system\Commands\Server\rewrite.php(45): require_once('D:\\WEBSITE\\xamp...')
#10 {main}
CRITICAL - 2021-04-20 07:04:45 --> Undefined index: nama_lengkap
#0 D:\WEBSITE\xampp-7.4\htdocs\web-master\modules\AdminUsers\Views\profile.php(42): CodeIgniter\Debug\Exceptions->errorHandler(8, 'Undefined index...', 'D:\\WEBSITE\\xamp...', 42, Array)
#1 D:\WEBSITE\xampp-7.4\htdocs\web-master\vendor\codeigniter4\framework\system\View\View.php(220): include('D:\\WEBSITE\\xamp...')
#2 D:\WEBSITE\xampp-7.4\htdocs\web-master\vendor\codeigniter4\framework\system\View\View.php(222): CodeIgniter\View\View->CodeIgniter\View\{closure}()
#3 D:\WEBSITE\xampp-7.4\htdocs\web-master\vendor\codeigniter4\framework\system\Common.php(1217): CodeIgniter\View\View->render('Modules\\AdminUs...', Array, true)
#4 D:\WEBSITE\xampp-7.4\htdocs\web-master\modules\AdminUsers\Controllers\DataUsers.php(48): view('Modules\\AdminUs...', Array)
#5 D:\WEBSITE\xampp-7.4\htdocs\web-master\vendor\codeigniter4\framework\system\CodeIgniter.php(936): Modules\AdminUsers\Controllers\DataUsers->profile('7b861e52241fdb2...')
#6 D:\WEBSITE\xampp-7.4\htdocs\web-master\vendor\codeigniter4\framework\system\CodeIgniter.php(432): CodeIgniter\CodeIgniter->runController(Object(Modules\AdminUsers\Controllers\DataUsers))
#7 D:\WEBSITE\xampp-7.4\htdocs\web-master\vendor\codeigniter4\framework\system\CodeIgniter.php(333): CodeIgniter\CodeIgniter->handleRequest(NULL, Object(Config\Cache), false)
#8 D:\WEBSITE\xampp-7.4\htdocs\web-master\public\index.php(44): CodeIgniter\CodeIgniter->run()
#9 D:\WEBSITE\xampp-7.4\htdocs\web-master\vendor\codeigniter4\framework\system\Commands\Server\rewrite.php(45): require_once('D:\\WEBSITE\\xamp...')
#10 {main}
CRITICAL - 2021-04-20 07:05:00 --> Undefined index: nama_lengkap
#0 D:\WEBSITE\xampp-7.4\htdocs\web-master\modules\AdminUsers\Views\profile.php(42): CodeIgniter\Debug\Exceptions->errorHandler(8, 'Undefined index...', 'D:\\WEBSITE\\xamp...', 42, Array)
#1 D:\WEBSITE\xampp-7.4\htdocs\web-master\vendor\codeigniter4\framework\system\View\View.php(220): include('D:\\WEBSITE\\xamp...')
#2 D:\WEBSITE\xampp-7.4\htdocs\web-master\vendor\codeigniter4\framework\system\View\View.php(222): CodeIgniter\View\View->CodeIgniter\View\{closure}()
#3 D:\WEBSITE\xampp-7.4\htdocs\web-master\vendor\codeigniter4\framework\system\Common.php(1217): CodeIgniter\View\View->render('Modules\\AdminUs...', Array, true)
#4 D:\WEBSITE\xampp-7.4\htdocs\web-master\modules\AdminUsers\Controllers\DataUsers.php(48): view('Modules\\AdminUs...', Array)
#5 D:\WEBSITE\xampp-7.4\htdocs\web-master\vendor\codeigniter4\framework\system\CodeIgniter.php(936): Modules\AdminUsers\Controllers\DataUsers->profile('7b861e52241fdb2...')
#6 D:\WEBSITE\xampp-7.4\htdocs\web-master\vendor\codeigniter4\framework\system\CodeIgniter.php(432): CodeIgniter\CodeIgniter->runController(Object(Modules\AdminUsers\Controllers\DataUsers))
#7 D:\WEBSITE\xampp-7.4\htdocs\web-master\vendor\codeigniter4\framework\system\CodeIgniter.php(333): CodeIgniter\CodeIgniter->handleRequest(NULL, Object(Config\Cache), false)
#8 D:\WEBSITE\xampp-7.4\htdocs\web-master\public\index.php(44): CodeIgniter\CodeIgniter->run()
#9 D:\WEBSITE\xampp-7.4\htdocs\web-master\vendor\codeigniter4\framework\system\Commands\Server\rewrite.php(45): require_once('D:\\WEBSITE\\xamp...')
#10 {main}
CRITICAL - 2021-04-20 07:05:27 --> Undefined index: nama_lengkap
#0 D:\WEBSITE\xampp-7.4\htdocs\web-master\modules\AdminUsers\Views\profile.php(42): CodeIgniter\Debug\Exceptions->errorHandler(8, 'Undefined index...', 'D:\\WEBSITE\\xamp...', 42, Array)
#1 D:\WEBSITE\xampp-7.4\htdocs\web-master\vendor\codeigniter4\framework\system\View\View.php(220): include('D:\\WEBSITE\\xamp...')
#2 D:\WEBSITE\xampp-7.4\htdocs\web-master\vendor\codeigniter4\framework\system\View\View.php(222): CodeIgniter\View\View->CodeIgniter\View\{closure}()
#3 D:\WEBSITE\xampp-7.4\htdocs\web-master\vendor\codeigniter4\framework\system\Common.php(1217): CodeIgniter\View\View->render('Modules\\AdminUs...', Array, true)
#4 D:\WEBSITE\xampp-7.4\htdocs\web-master\modules\AdminUsers\Controllers\DataUsers.php(48): view('Modules\\AdminUs...', Array)
#5 D:\WEBSITE\xampp-7.4\htdocs\web-master\vendor\codeigniter4\framework\system\CodeIgniter.php(936): Modules\AdminUsers\Controllers\DataUsers->profile('7b861e52241fdb2...')
#6 D:\WEBSITE\xampp-7.4\htdocs\web-master\vendor\codeigniter4\framework\system\CodeIgniter.php(432): CodeIgniter\CodeIgniter->runController(Object(Modules\AdminUsers\Controllers\DataUsers))
#7 D:\WEBSITE\xampp-7.4\htdocs\web-master\vendor\codeigniter4\framework\system\CodeIgniter.php(333): CodeIgniter\CodeIgniter->handleRequest(NULL, Object(Config\Cache), false)
#8 D:\WEBSITE\xampp-7.4\htdocs\web-master\public\index.php(44): CodeIgniter\CodeIgniter->run()
#9 D:\WEBSITE\xampp-7.4\htdocs\web-master\vendor\codeigniter4\framework\system\Commands\Server\rewrite.php(45): require_once('D:\\WEBSITE\\xamp...')
#10 {main}
CRITICAL - 2021-04-20 07:06:07 --> Undefined index: nama_lengkap
#0 D:\WEBSITE\xampp-7.4\htdocs\web-master\modules\AdminUsers\Views\profile.php(42): CodeIgniter\Debug\Exceptions->errorHandler(8, 'Undefined index...', 'D:\\WEBSITE\\xamp...', 42, Array)
#1 D:\WEBSITE\xampp-7.4\htdocs\web-master\vendor\codeigniter4\framework\system\View\View.php(220): include('D:\\WEBSITE\\xamp...')
#2 D:\WEBSITE\xampp-7.4\htdocs\web-master\vendor\codeigniter4\framework\system\View\View.php(222): CodeIgniter\View\View->CodeIgniter\View\{closure}()
#3 D:\WEBSITE\xampp-7.4\htdocs\web-master\vendor\codeigniter4\framework\system\Common.php(1217): CodeIgniter\View\View->render('Modules\\AdminUs...', Array, true)
#4 D:\WEBSITE\xampp-7.4\htdocs\web-master\modules\AdminUsers\Controllers\DataUsers.php(48): view('Modules\\AdminUs...', Array)
#5 D:\WEBSITE\xampp-7.4\htdocs\web-master\vendor\codeigniter4\framework\system\CodeIgniter.php(936): Modules\AdminUsers\Controllers\DataUsers->profile('7b861e52241fdb2...')
#6 D:\WEBSITE\xampp-7.4\htdocs\web-master\vendor\codeigniter4\framework\system\CodeIgniter.php(432): CodeIgniter\CodeIgniter->runController(Object(Modules\AdminUsers\Controllers\DataUsers))
#7 D:\WEBSITE\xampp-7.4\htdocs\web-master\vendor\codeigniter4\framework\system\CodeIgniter.php(333): CodeIgniter\CodeIgniter->handleRequest(NULL, Object(Config\Cache), false)
#8 D:\WEBSITE\xampp-7.4\htdocs\web-master\public\index.php(44): CodeIgniter\CodeIgniter->run()
#9 D:\WEBSITE\xampp-7.4\htdocs\web-master\vendor\codeigniter4\framework\system\Commands\Server\rewrite.php(45): require_once('D:\\WEBSITE\\xamp...')
#10 {main}
ERROR - 2021-04-20 07:07:26 --> mysqli_sql_exception: Unknown column 'name' in 'field list' in D:\WEBSITE\xampp-7.4\htdocs\web-master\vendor\codeigniter4\framework\system\Database\MySQLi\Connection.php:314
Stack trace:
#0 D:\WEBSITE\xampp-7.4\htdocs\web-master\vendor\codeigniter4\framework\system\Database\MySQLi\Connection.php(314): mysqli->query('SELECT `random`...')
#1 D:\WEBSITE\xampp-7.4\htdocs\web-master\vendor\codeigniter4\framework\system\Database\BaseConnection.php(713): CodeIgniter\Database\MySQLi\Connection->execute('SELECT `random`...')
#2 D:\WEBSITE\xampp-7.4\htdocs\web-master\vendor\codeigniter4\framework\system\Database\BaseConnection.php(641): CodeIgniter\Database\BaseConnection->simpleQuery('SELECT `random`...')
#3 D:\WEBSITE\xampp-7.4\htdocs\web-master\vendor\codeigniter4\framework\system\Database\BaseBuilder.php(1866): CodeIgniter\Database\BaseConnection->query('SELECT `random`...', Array, false)
#4 D:\WEBSITE\xampp-7.4\htdocs\web-master\modules\AdminUsers\Models\ModelUsers.php(32): CodeIgniter\Database\BaseBuilder->get()
#5 D:\WEBSITE\xampp-7.4\htdocs\web-master\modules\AdminUsers\Controllers\DataUsers.php(39): Modules\AdminUsers\Models\ModelUsers->get_users_profile('7b861e52241fdb2...')
#6 D:\WEBSITE\xampp-7.4\htdocs\web-master\vendor\codeigniter4\framework\system\CodeIgniter.php(936): Modules\AdminUsers\Controllers\DataUsers->profile('7b861e52241fdb2...')
#7 D:\WEBSITE\xampp-7.4\htdocs\web-master\vendor\codeigniter4\framework\system\CodeIgniter.php(432): CodeIgniter\CodeIgniter->runController(Object(Modules\AdminUsers\Controllers\DataUsers))
#8 D:\WEBSITE\xampp-7.4\htdocs\web-master\vendor\codeigniter4\framework\system\CodeIgniter.php(333): CodeIgniter\CodeIgniter->handleRequest(NULL, Object(Config\Cache), false)
#9 D:\WEBSITE\xampp-7.4\htdocs\web-master\public\index.php(44): CodeIgniter\CodeIgniter->run()
#10 D:\WEBSITE\xampp-7.4\htdocs\web-master\vendor\codeigniter4\framework\system\Commands\Server\rewrite.php(45): require_once('D:\\WEBSITE\\xamp...')
#11 {main}
CRITICAL - 2021-04-20 07:07:26 --> Unknown column 'name' in 'field list'
#0 D:\WEBSITE\xampp-7.4\htdocs\web-master\vendor\codeigniter4\framework\system\Database\MySQLi\Connection.php(314): mysqli->query('SELECT `random`...')
#1 D:\WEBSITE\xampp-7.4\htdocs\web-master\vendor\codeigniter4\framework\system\Database\BaseConnection.php(713): CodeIgniter\Database\MySQLi\Connection->execute('SELECT `random`...')
#2 D:\WEBSITE\xampp-7.4\htdocs\web-master\vendor\codeigniter4\framework\system\Database\BaseConnection.php(641): CodeIgniter\Database\BaseConnection->simpleQuery('SELECT `random`...')
#3 D:\WEBSITE\xampp-7.4\htdocs\web-master\vendor\codeigniter4\framework\system\Database\BaseBuilder.php(1866): CodeIgniter\Database\BaseConnection->query('SELECT `random`...', Array, false)
#4 D:\WEBSITE\xampp-7.4\htdocs\web-master\modules\AdminUsers\Models\ModelUsers.php(32): CodeIgniter\Database\BaseBuilder->get()
#5 D:\WEBSITE\xampp-7.4\htdocs\web-master\modules\AdminUsers\Controllers\DataUsers.php(39): Modules\AdminUsers\Models\ModelUsers->get_users_profile('7b861e52241fdb2...')
#6 D:\WEBSITE\xampp-7.4\htdocs\web-master\vendor\codeigniter4\framework\system\CodeIgniter.php(936): Modules\AdminUsers\Controllers\DataUsers->profile('7b861e52241fdb2...')
#7 D:\WEBSITE\xampp-7.4\htdocs\web-master\vendor\codeigniter4\framework\system\CodeIgniter.php(432): CodeIgniter\CodeIgniter->runController(Object(Modules\AdminUsers\Controllers\DataUsers))
#8 D:\WEBSITE\xampp-7.4\htdocs\web-master\vendor\codeigniter4\framework\system\CodeIgniter.php(333): CodeIgniter\CodeIgniter->handleRequest(NULL, Object(Config\Cache), false)
#9 D:\WEBSITE\xampp-7.4\htdocs\web-master\public\index.php(44): CodeIgniter\CodeIgniter->run()
#10 D:\WEBSITE\xampp-7.4\htdocs\web-master\vendor\codeigniter4\framework\system\Commands\Server\rewrite.php(45): require_once('D:\\WEBSITE\\xamp...')
#11 {main}
ERROR - 2021-04-20 07:08:12 --> mysqli_sql_exception: Column 'random' in field list is ambiguous in D:\WEBSITE\xampp-7.4\htdocs\web-master\vendor\codeigniter4\framework\system\Database\MySQLi\Connection.php:314
Stack trace:
#0 D:\WEBSITE\xampp-7.4\htdocs\web-master\vendor\codeigniter4\framework\system\Database\MySQLi\Connection.php(314): mysqli->query('SELECT `random`...')
#1 D:\WEBSITE\xampp-7.4\htdocs\web-master\vendor\codeigniter4\framework\system\Database\BaseConnection.php(713): CodeIgniter\Database\MySQLi\Connection->execute('SELECT `random`...')
#2 D:\WEBSITE\xampp-7.4\htdocs\web-master\vendor\codeigniter4\framework\system\Database\BaseConnection.php(641): CodeIgniter\Database\BaseConnection->simpleQuery('SELECT `random`...')
#3 D:\WEBSITE\xampp-7.4\htdocs\web-master\vendor\codeigniter4\framework\system\Database\BaseBuilder.php(1866): CodeIgniter\Database\BaseConnection->query('SELECT `random`...', Array, false)
#4 D:\WEBSITE\xampp-7.4\htdocs\web-master\modules\AdminUsers\Models\ModelUsers.php(33): CodeIgniter\Database\BaseBuilder->get()
#5 D:\WEBSITE\xampp-7.4\htdocs\web-master\modules\AdminUsers\Controllers\DataUsers.php(39): Modules\AdminUsers\Models\ModelUsers->get_users_profile('7b861e52241fdb2...')
#6 D:\WEBSITE\xampp-7.4\htdocs\web-master\vendor\codeigniter4\framework\system\CodeIgniter.php(936): Modules\AdminUsers\Controllers\DataUsers->profile('7b861e52241fdb2...')
#7 D:\WEBSITE\xampp-7.4\htdocs\web-master\vendor\codeigniter4\framework\system\CodeIgniter.php(432): CodeIgniter\CodeIgniter->runController(Object(Modules\AdminUsers\Controllers\DataUsers))
#8 D:\WEBSITE\xampp-7.4\htdocs\web-master\vendor\codeigniter4\framework\system\CodeIgniter.php(333): CodeIgniter\CodeIgniter->handleRequest(NULL, Object(Config\Cache), false)
#9 D:\WEBSITE\xampp-7.4\htdocs\web-master\public\index.php(44): CodeIgniter\CodeIgniter->run()
#10 D:\WEBSITE\xampp-7.4\htdocs\web-master\vendor\codeigniter4\framework\system\Commands\Server\rewrite.php(45): require_once('D:\\WEBSITE\\xamp...')
#11 {main}
CRITICAL - 2021-04-20 07:08:12 --> Column 'random' in field list is ambiguous
#0 D:\WEBSITE\xampp-7.4\htdocs\web-master\vendor\codeigniter4\framework\system\Database\MySQLi\Connection.php(314): mysqli->query('SELECT `random`...')
#1 D:\WEBSITE\xampp-7.4\htdocs\web-master\vendor\codeigniter4\framework\system\Database\BaseConnection.php(713): CodeIgniter\Database\MySQLi\Connection->execute('SELECT `random`...')
#2 D:\WEBSITE\xampp-7.4\htdocs\web-master\vendor\codeigniter4\framework\system\Database\BaseConnection.php(641): CodeIgniter\Database\BaseConnection->simpleQuery('SELECT `random`...')
#3 D:\WEBSITE\xampp-7.4\htdocs\web-master\vendor\codeigniter4\framework\system\Database\BaseBuilder.php(1866): CodeIgniter\Database\BaseConnection->query('SELECT `random`...', Array, false)
#4 D:\WEBSITE\xampp-7.4\htdocs\web-master\modules\AdminUsers\Models\ModelUsers.php(33): CodeIgniter\Database\BaseBuilder->get()
#5 D:\WEBSITE\xampp-7.4\htdocs\web-master\modules\AdminUsers\Controllers\DataUsers.php(39): Modules\AdminUsers\Models\ModelUsers->get_users_profile('7b861e52241fdb2...')
#6 D:\WEBSITE\xampp-7.4\htdocs\web-master\vendor\codeigniter4\framework\system\CodeIgniter.php(936): Modules\AdminUsers\Controllers\DataUsers->profile('7b861e52241fdb2...')
#7 D:\WEBSITE\xampp-7.4\htdocs\web-master\vendor\codeigniter4\framework\system\CodeIgniter.php(432): CodeIgniter\CodeIgniter->runController(Object(Modules\AdminUsers\Controllers\DataUsers))
#8 D:\WEBSITE\xampp-7.4\htdocs\web-master\vendor\codeigniter4\framework\system\CodeIgniter.php(333): CodeIgniter\CodeIgniter->handleRequest(NULL, Object(Config\Cache), false)
#9 D:\WEBSITE\xampp-7.4\htdocs\web-master\public\index.php(44): CodeIgniter\CodeIgniter->run()
#10 D:\WEBSITE\xampp-7.4\htdocs\web-master\vendor\codeigniter4\framework\system\Commands\Server\rewrite.php(45): require_once('D:\\WEBSITE\\xamp...')
#11 {main}
CRITICAL - 2021-04-20 07:08:57 --> Trying to access array offset on value of type null
#0 D:\WEBSITE\xampp-7.4\htdocs\web-master\modules\AdminUsers\Views\profile.php(28): CodeIgniter\Debug\Exceptions->errorHandler(8, 'Trying to acces...', 'D:\\WEBSITE\\xamp...', 28, Array)
#1 D:\WEBSITE\xampp-7.4\htdocs\web-master\vendor\codeigniter4\framework\system\View\View.php(220): include('D:\\WEBSITE\\xamp...')
#2 D:\WEBSITE\xampp-7.4\htdocs\web-master\vendor\codeigniter4\framework\system\View\View.php(222): CodeIgniter\View\View->CodeIgniter\View\{closure}()
#3 D:\WEBSITE\xampp-7.4\htdocs\web-master\vendor\codeigniter4\framework\system\Common.php(1217): CodeIgniter\View\View->render('Modules\\AdminUs...', Array, true)
#4 D:\WEBSITE\xampp-7.4\htdocs\web-master\modules\AdminUsers\Controllers\DataUsers.php(48): view('Modules\\AdminUs...', Array)
#5 D:\WEBSITE\xampp-7.4\htdocs\web-master\vendor\codeigniter4\framework\system\CodeIgniter.php(936): Modules\AdminUsers\Controllers\DataUsers->profile('7b861e52241fdb2...')
#6 D:\WEBSITE\xampp-7.4\htdocs\web-master\vendor\codeigniter4\framework\system\CodeIgniter.php(432): CodeIgniter\CodeIgniter->runController(Object(Modules\AdminUsers\Controllers\DataUsers))
#7 D:\WEBSITE\xampp-7.4\htdocs\web-master\vendor\codeigniter4\framework\system\CodeIgniter.php(333): CodeIgniter\CodeIgniter->handleRequest(NULL, Object(Config\Cache), false)
#8 D:\WEBSITE\xampp-7.4\htdocs\web-master\public\index.php(44): CodeIgniter\CodeIgniter->run()
#9 D:\WEBSITE\xampp-7.4\htdocs\web-master\vendor\codeigniter4\framework\system\Commands\Server\rewrite.php(45): require_once('D:\\WEBSITE\\xamp...')
#10 {main}
CRITICAL - 2021-04-20 07:18:57 --> Undefined index: jenis_kelamin
#0 D:\WEBSITE\xampp-7.4\htdocs\web-master\modules\AdminUsers\Views\profile.php(57): CodeIgniter\Debug\Exceptions->errorHandler(8, 'Undefined index...', 'D:\\WEBSITE\\xamp...', 57, Array)
#1 D:\WEBSITE\xampp-7.4\htdocs\web-master\vendor\codeigniter4\framework\system\View\View.php(220): include('D:\\WEBSITE\\xamp...')
#2 D:\WEBSITE\xampp-7.4\htdocs\web-master\vendor\codeigniter4\framework\system\View\View.php(222): CodeIgniter\View\View->CodeIgniter\View\{closure}()
#3 D:\WEBSITE\xampp-7.4\htdocs\web-master\vendor\codeigniter4\framework\system\Common.php(1217): CodeIgniter\View\View->render('Modules\\AdminUs...', Array, true)
#4 D:\WEBSITE\xampp-7.4\htdocs\web-master\modules\AdminUsers\Controllers\DataUsers.php(50): view('Modules\\AdminUs...', Array)
#5 D:\WEBSITE\xampp-7.4\htdocs\web-master\vendor\codeigniter4\framework\system\CodeIgniter.php(936): Modules\AdminUsers\Controllers\DataUsers->profile('7b861e52241fdb2...')
#6 D:\WEBSITE\xampp-7.4\htdocs\web-master\vendor\codeigniter4\framework\system\CodeIgniter.php(432): CodeIgniter\CodeIgniter->runController(Object(Modules\AdminUsers\Controllers\DataUsers))
#7 D:\WEBSITE\xampp-7.4\htdocs\web-master\vendor\codeigniter4\framework\system\CodeIgniter.php(333): CodeIgniter\CodeIgniter->handleRequest(NULL, Object(Config\Cache), false)
#8 D:\WEBSITE\xampp-7.4\htdocs\web-master\public\index.php(44): CodeIgniter\CodeIgniter->run()
#9 D:\WEBSITE\xampp-7.4\htdocs\web-master\vendor\codeigniter4\framework\system\Commands\Server\rewrite.php(45): require_once('D:\\WEBSITE\\xamp...')
#10 {main}
CRITICAL - 2021-04-20 08:21:46 --> Array to string conversion
#0 D:\WEBSITE\xampp-7.4\htdocs\web-master\modules\AdminUsers\Views\profile.php(23): CodeIgniter\Debug\Exceptions->errorHandler(8, 'Array to string...', 'D:\\WEBSITE\\xamp...', 23, Array)
#1 D:\WEBSITE\xampp-7.4\htdocs\web-master\vendor\codeigniter4\framework\system\View\View.php(220): include('D:\\WEBSITE\\xamp...')
#2 D:\WEBSITE\xampp-7.4\htdocs\web-master\vendor\codeigniter4\framework\system\View\View.php(222): CodeIgniter\View\View->CodeIgniter\View\{closure}()
#3 D:\WEBSITE\xampp-7.4\htdocs\web-master\vendor\codeigniter4\framework\system\Common.php(1217): CodeIgniter\View\View->render('Modules\\AdminUs...', Array, true)
#4 D:\WEBSITE\xampp-7.4\htdocs\web-master\modules\AdminUsers\Controllers\DataUsers.php(50): view('Modules\\AdminUs...', Array)
#5 D:\WEBSITE\xampp-7.4\htdocs\web-master\vendor\codeigniter4\framework\system\CodeIgniter.php(936): Modules\AdminUsers\Controllers\DataUsers->profile('f73a8cccb9771a6...')
#6 D:\WEBSITE\xampp-7.4\htdocs\web-master\vendor\codeigniter4\framework\system\CodeIgniter.php(432): CodeIgniter\CodeIgniter->runController(Object(Modules\AdminUsers\Controllers\DataUsers))
#7 D:\WEBSITE\xampp-7.4\htdocs\web-master\vendor\codeigniter4\framework\system\CodeIgniter.php(333): CodeIgniter\CodeIgniter->handleRequest(NULL, Object(Config\Cache), false)
#8 D:\WEBSITE\xampp-7.4\htdocs\web-master\public\index.php(44): CodeIgniter\CodeIgniter->run()
#9 D:\WEBSITE\xampp-7.4\htdocs\web-master\vendor\codeigniter4\framework\system\Commands\Server\rewrite.php(45): require_once('D:\\WEBSITE\\xamp...')
#10 {main}
CRITICAL - 2021-04-20 08:23:15 --> max_lenght is not a valid rule.
#0 D:\WEBSITE\xampp-7.4\htdocs\web-master\vendor\codeigniter4\framework\system\Validation\Validation.php(314): CodeIgniter\Validation\Exceptions\ValidationException::forRuleNotFound('max_lenght')
#1 D:\WEBSITE\xampp-7.4\htdocs\web-master\vendor\codeigniter4\framework\system\Validation\Validation.php(164): CodeIgniter\Validation\Validation->processRules('no_telp', 'no_telp', '085540431345', Array, Array)
#2 D:\WEBSITE\xampp-7.4\htdocs\web-master\vendor\codeigniter4\framework\system\Controller.php(181): CodeIgniter\Validation\Validation->run()
#3 D:\WEBSITE\xampp-7.4\htdocs\web-master\modules\AdminUsers\Controllers\DataUsers.php(112): CodeIgniter\Controller->validate(Array)
#4 D:\WEBSITE\xampp-7.4\htdocs\web-master\vendor\codeigniter4\framework\system\CodeIgniter.php(936): Modules\AdminUsers\Controllers\DataUsers->edit_profile()
#5 D:\WEBSITE\xampp-7.4\htdocs\web-master\vendor\codeigniter4\framework\system\CodeIgniter.php(432): CodeIgniter\CodeIgniter->runController(Object(Modules\AdminUsers\Controllers\DataUsers))
#6 D:\WEBSITE\xampp-7.4\htdocs\web-master\vendor\codeigniter4\framework\system\CodeIgniter.php(333): CodeIgniter\CodeIgniter->handleRequest(NULL, Object(Config\Cache), false)
#7 D:\WEBSITE\xampp-7.4\htdocs\web-master\public\index.php(44): CodeIgniter\CodeIgniter->run()
#8 D:\WEBSITE\xampp-7.4\htdocs\web-master\vendor\codeigniter4\framework\system\Commands\Server\rewrite.php(45): require_once('D:\\WEBSITE\\xamp...')
#9 {main}
ERROR - 2021-04-20 08:25:02 --> mysqli_sql_exception: Table 'database_web_master.profile_users' doesn't exist in D:\WEBSITE\xampp-7.4\htdocs\web-master\vendor\codeigniter4\framework\system\Database\MySQLi\Connection.php:314
Stack trace:
#0 D:\WEBSITE\xampp-7.4\htdocs\web-master\vendor\codeigniter4\framework\system\Database\MySQLi\Connection.php(314): mysqli->query('INSERT INTO `pr...')
#1 D:\WEBSITE\xampp-7.4\htdocs\web-master\vendor\codeigniter4\framework\system\Database\BaseConnection.php(713): CodeIgniter\Database\MySQLi\Connection->execute('INSERT INTO `pr...')
#2 D:\WEBSITE\xampp-7.4\htdocs\web-master\vendor\codeigniter4\framework\system\Database\BaseConnection.php(641): CodeIgniter\Database\BaseConnection->simpleQuery('INSERT INTO `pr...')
#3 D:\WEBSITE\xampp-7.4\htdocs\web-master\vendor\codeigniter4\framework\system\Database\BaseBuilder.php(2263): CodeIgniter\Database\BaseConnection->query('INSERT INTO `pr...', Array, false)
#4 D:\WEBSITE\xampp-7.4\htdocs\web-master\modules\AdminUsers\Models\ModelUsers.php(95): CodeIgniter\Database\BaseBuilder->insert(Array)
#5 D:\WEBSITE\xampp-7.4\htdocs\web-master\modules\AdminUsers\Controllers\DataUsers.php(135): Modules\AdminUsers\Models\ModelUsers->save_profile_users('2021-04-20', '1', 'Desa Sidomulyo ...', '085540431345')
#6 D:\WEBSITE\xampp-7.4\htdocs\web-master\vendor\codeigniter4\framework\system\CodeIgniter.php(936): Modules\AdminUsers\Controllers\DataUsers->edit_profile()
#7 D:\WEBSITE\xampp-7.4\htdocs\web-master\vendor\codeigniter4\framework\system\CodeIgniter.php(432): CodeIgniter\CodeIgniter->runController(Object(Modules\AdminUsers\Controllers\DataUsers))
#8 D:\WEBSITE\xampp-7.4\htdocs\web-master\vendor\codeigniter4\framework\system\CodeIgniter.php(333): CodeIgniter\CodeIgniter->handleRequest(NULL, Object(Config\Cache), false)
#9 D:\WEBSITE\xampp-7.4\htdocs\web-master\public\index.php(44): CodeIgniter\CodeIgniter->run()
#10 D:\WEBSITE\xampp-7.4\htdocs\web-master\vendor\codeigniter4\framework\system\Commands\Server\rewrite.php(45): require_once('D:\\WEBSITE\\xamp...')
#11 {main}
CRITICAL - 2021-04-20 08:25:02 --> Table 'database_web_master.profile_users' doesn't exist
#0 D:\WEBSITE\xampp-7.4\htdocs\web-master\vendor\codeigniter4\framework\system\Database\MySQLi\Connection.php(314): mysqli->query('INSERT INTO `pr...')
#1 D:\WEBSITE\xampp-7.4\htdocs\web-master\vendor\codeigniter4\framework\system\Database\BaseConnection.php(713): CodeIgniter\Database\MySQLi\Connection->execute('INSERT INTO `pr...')
#2 D:\WEBSITE\xampp-7.4\htdocs\web-master\vendor\codeigniter4\framework\system\Database\BaseConnection.php(641): CodeIgniter\Database\BaseConnection->simpleQuery('INSERT INTO `pr...')
#3 D:\WEBSITE\xampp-7.4\htdocs\web-master\vendor\codeigniter4\framework\system\Database\BaseBuilder.php(2263): CodeIgniter\Database\BaseConnection->query('INSERT INTO `pr...', Array, false)
#4 D:\WEBSITE\xampp-7.4\htdocs\web-master\modules\AdminUsers\Models\ModelUsers.php(95): CodeIgniter\Database\BaseBuilder->insert(Array)
#5 D:\WEBSITE\xampp-7.4\htdocs\web-master\modules\AdminUsers\Controllers\DataUsers.php(135): Modules\AdminUsers\Models\ModelUsers->save_profile_users('2021-04-20', '1', 'Desa Sidomulyo ...', '085540431345')
#6 D:\WEBSITE\xampp-7.4\htdocs\web-master\vendor\codeigniter4\framework\system\CodeIgniter.php(936): Modules\AdminUsers\Controllers\DataUsers->edit_profile()
#7 D:\WEBSITE\xampp-7.4\htdocs\web-master\vendor\codeigniter4\framework\system\CodeIgniter.php(432): CodeIgniter\CodeIgniter->runController(Object(Modules\AdminUsers\Controllers\DataUsers))
#8 D:\WEBSITE\xampp-7.4\htdocs\web-master\vendor\codeigniter4\framework\system\CodeIgniter.php(333): CodeIgniter\CodeIgniter->handleRequest(NULL, Object(Config\Cache), false)
#9 D:\WEBSITE\xampp-7.4\htdocs\web-master\public\index.php(44): CodeIgniter\CodeIgniter->run()
#10 D:\WEBSITE\xampp-7.4\htdocs\web-master\vendor\codeigniter4\framework\system\Commands\Server\rewrite.php(45): require_once('D:\\WEBSITE\\xamp...')
#11 {main}
CRITICAL - 2021-04-20 20:34:26 --> Undefined index: tanggal_lahir
#0 D:\WEBSITE\xampp-7.4\htdocs\web-master\modules\AdminUsers\Views\profile.php(64): CodeIgniter\Debug\Exceptions->errorHandler(8, 'Undefined index...', 'D:\\WEBSITE\\xamp...', 64, Array)
#1 D:\WEBSITE\xampp-7.4\htdocs\web-master\vendor\codeigniter4\framework\system\View\View.php(220): include('D:\\WEBSITE\\xamp...')
#2 D:\WEBSITE\xampp-7.4\htdocs\web-master\vendor\codeigniter4\framework\system\View\View.php(222): CodeIgniter\View\View->CodeIgniter\View\{closure}()
#3 D:\WEBSITE\xampp-7.4\htdocs\web-master\vendor\codeigniter4\framework\system\Common.php(1217): CodeIgniter\View\View->render('Modules\\AdminUs...', Array, true)
#4 D:\WEBSITE\xampp-7.4\htdocs\web-master\modules\AdminUsers\Controllers\DataUsers.php(50): view('Modules\\AdminUs...', Array)
#5 D:\WEBSITE\xampp-7.4\htdocs\web-master\vendor\codeigniter4\framework\system\CodeIgniter.php(936): Modules\AdminUsers\Controllers\DataUsers->profile('f73a8cccb9771a6...')
#6 D:\WEBSITE\xampp-7.4\htdocs\web-master\vendor\codeigniter4\framework\system\CodeIgniter.php(432): CodeIgniter\CodeIgniter->runController(Object(Modules\AdminUsers\Controllers\DataUsers))
#7 D:\WEBSITE\xampp-7.4\htdocs\web-master\vendor\codeigniter4\framework\system\CodeIgniter.php(333): CodeIgniter\CodeIgniter->handleRequest(NULL, Object(Config\Cache), false)
#8 D:\WEBSITE\xampp-7.4\htdocs\web-master\public\index.php(44): CodeIgniter\CodeIgniter->run()
#9 D:\WEBSITE\xampp-7.4\htdocs\web-master\vendor\codeigniter4\framework\system\Commands\Server\rewrite.php(45): require_once('D:\\WEBSITE\\xamp...')
#10 {main}
CRITICAL - 2021-04-20 20:39:52 --> uploaded(user_image) is not a valid rule.
#0 D:\WEBSITE\xampp-7.4\htdocs\web-master\vendor\codeigniter4\framework\system\Validation\Validation.php(314): CodeIgniter\Validation\Exceptions\ValidationException::forRuleNotFound('uploaded(user_i...')
#1 D:\WEBSITE\xampp-7.4\htdocs\web-master\vendor\codeigniter4\framework\system\Validation\Validation.php(164): CodeIgniter\Validation\Validation->processRules('user_image', 'user_image', NULL, Array, Array)
#2 D:\WEBSITE\xampp-7.4\htdocs\web-master\vendor\codeigniter4\framework\system\Controller.php(181): CodeIgniter\Validation\Validation->run()
#3 D:\WEBSITE\xampp-7.4\htdocs\web-master\modules\AdminUsers\Controllers\DataUsers.php(118): CodeIgniter\Controller->validate(Array)
#4 D:\WEBSITE\xampp-7.4\htdocs\web-master\vendor\codeigniter4\framework\system\CodeIgniter.php(936): Modules\AdminUsers\Controllers\DataUsers->edit_profile()
#5 D:\WEBSITE\xampp-7.4\htdocs\web-master\vendor\codeigniter4\framework\system\CodeIgniter.php(432): CodeIgniter\CodeIgniter->runController(Object(Modules\AdminUsers\Controllers\DataUsers))
#6 D:\WEBSITE\xampp-7.4\htdocs\web-master\vendor\codeigniter4\framework\system\CodeIgniter.php(333): CodeIgniter\CodeIgniter->handleRequest(NULL, Object(Config\Cache), false)
#7 D:\WEBSITE\xampp-7.4\htdocs\web-master\public\index.php(44): CodeIgniter\CodeIgniter->run()
#8 D:\WEBSITE\xampp-7.4\htdocs\web-master\vendor\codeigniter4\framework\system\Commands\Server\rewrite.php(45): require_once('D:\\WEBSITE\\xamp...')
#9 {main}
CRITICAL - 2021-04-20 20:54:26 --> mine_in is not a valid rule.
#0 D:\WEBSITE\xampp-7.4\htdocs\web-master\vendor\codeigniter4\framework\system\Validation\Validation.php(314): CodeIgniter\Validation\Exceptions\ValidationException::forRuleNotFound('mine_in')
#1 D:\WEBSITE\xampp-7.4\htdocs\web-master\vendor\codeigniter4\framework\system\Validation\Validation.php(164): CodeIgniter\Validation\Validation->processRules('user_image', 'user_image', NULL, Array, Array)
#2 D:\WEBSITE\xampp-7.4\htdocs\web-master\vendor\codeigniter4\framework\system\Controller.php(181): CodeIgniter\Validation\Validation->run()
#3 D:\WEBSITE\xampp-7.4\htdocs\web-master\modules\AdminUsers\Controllers\DataUsers.php(121): CodeIgniter\Controller->validate(Array)
#4 D:\WEBSITE\xampp-7.4\htdocs\web-master\vendor\codeigniter4\framework\system\CodeIgniter.php(936): Modules\AdminUsers\Controllers\DataUsers->edit_profile()
#5 D:\WEBSITE\xampp-7.4\htdocs\web-master\vendor\codeigniter4\framework\system\CodeIgniter.php(432): CodeIgniter\CodeIgniter->runController(Object(Modules\AdminUsers\Controllers\DataUsers))
#6 D:\WEBSITE\xampp-7.4\htdocs\web-master\vendor\codeigniter4\framework\system\CodeIgniter.php(333): CodeIgniter\CodeIgniter->handleRequest(NULL, Object(Config\Cache), false)
#7 D:\WEBSITE\xampp-7.4\htdocs\web-master\public\index.php(44): CodeIgniter\CodeIgniter->run()
#8 D:\WEBSITE\xampp-7.4\htdocs\web-master\vendor\codeigniter4\framework\system\Commands\Server\rewrite.php(45): require_once('D:\\WEBSITE\\xamp...')
#9 {main}
CRITICAL - 2021-04-20 20:54:43 --> mine_in is not a valid rule.
#0 D:\WEBSITE\xampp-7.4\htdocs\web-master\vendor\codeigniter4\framework\system\Validation\Validation.php(314): CodeIgniter\Validation\Exceptions\ValidationException::forRuleNotFound('mine_in')
#1 D:\WEBSITE\xampp-7.4\htdocs\web-master\vendor\codeigniter4\framework\system\Validation\Validation.php(164): CodeIgniter\Validation\Validation->processRules('user_image', 'user_image', NULL, Array, Array)
#2 D:\WEBSITE\xampp-7.4\htdocs\web-master\vendor\codeigniter4\framework\system\Controller.php(181): CodeIgniter\Validation\Validation->run()
#3 D:\WEBSITE\xampp-7.4\htdocs\web-master\modules\AdminUsers\Controllers\DataUsers.php(121): CodeIgniter\Controller->validate(Array)
#4 D:\WEBSITE\xampp-7.4\htdocs\web-master\vendor\codeigniter4\framework\system\CodeIgniter.php(936): Modules\AdminUsers\Controllers\DataUsers->edit_profile()
#5 D:\WEBSITE\xampp-7.4\htdocs\web-master\vendor\codeigniter4\framework\system\CodeIgniter.php(432): CodeIgniter\CodeIgniter->runController(Object(Modules\AdminUsers\Controllers\DataUsers))
#6 D:\WEBSITE\xampp-7.4\htdocs\web-master\vendor\codeigniter4\framework\system\CodeIgniter.php(333): CodeIgniter\CodeIgniter->handleRequest(NULL, Object(Config\Cache), false)
#7 D:\WEBSITE\xampp-7.4\htdocs\web-master\public\index.php(44): CodeIgniter\CodeIgniter->run()
#8 D:\WEBSITE\xampp-7.4\htdocs\web-master\vendor\codeigniter4\framework\system\Commands\Server\rewrite.php(45): require_once('D:\\WEBSITE\\xamp...')
#9 {main}
CRITICAL - 2021-04-20 21:07:58 --> The original file is not a valid file.
#0 D:\WEBSITE\xampp-7.4\htdocs\web-master\vendor\codeigniter4\framework\system\HTTP\Files\UploadedFile.php(143): CodeIgniter\HTTP\Exceptions\HTTPException::forInvalidFile()
#1 D:\WEBSITE\xampp-7.4\htdocs\web-master\modules\AdminUsers\Controllers\DataUsers.php(132): CodeIgniter\HTTP\Files\UploadedFile->move('assets/images/p...', '1618927678_090c...')
#2 D:\WEBSITE\xampp-7.4\htdocs\web-master\vendor\codeigniter4\framework\system\CodeIgniter.php(936): Modules\AdminUsers\Controllers\DataUsers->edit_profile()
#3 D:\WEBSITE\xampp-7.4\htdocs\web-master\vendor\codeigniter4\framework\system\CodeIgniter.php(432): CodeIgniter\CodeIgniter->runController(Object(Modules\AdminUsers\Controllers\DataUsers))
#4 D:\WEBSITE\xampp-7.4\htdocs\web-master\vendor\codeigniter4\framework\system\CodeIgniter.php(333): CodeIgniter\CodeIgniter->handleRequest(NULL, Object(Config\Cache), false)
#5 D:\WEBSITE\xampp-7.4\htdocs\web-master\public\index.php(44): CodeIgniter\CodeIgniter->run()
#6 D:\WEBSITE\xampp-7.4\htdocs\web-master\vendor\codeigniter4\framework\system\Commands\Server\rewrite.php(45): require_once('D:\\WEBSITE\\xamp...')
#7 {main}
CRITICAL - 2021-04-20 21:47:46 --> Trying to access array offset on value of type null
#0 D:\WEBSITE\xampp-7.4\htdocs\web-master\modules\AdminUsers\Views\profile.php(35): CodeIgniter\Debug\Exceptions->errorHandler(8, 'Trying to acces...', 'D:\\WEBSITE\\xamp...', 35, Array)
#1 D:\WEBSITE\xampp-7.4\htdocs\web-master\vendor\codeigniter4\framework\system\View\View.php(220): include('D:\\WEBSITE\\xamp...')
#2 D:\WEBSITE\xampp-7.4\htdocs\web-master\vendor\codeigniter4\framework\system\View\View.php(222): CodeIgniter\View\View->CodeIgniter\View\{closure}()
#3 D:\WEBSITE\xampp-7.4\htdocs\web-master\vendor\codeigniter4\framework\system\Common.php(1217): CodeIgniter\View\View->render('Modules\\AdminUs...', Array, true)
#4 D:\WEBSITE\xampp-7.4\htdocs\web-master\modules\AdminUsers\Controllers\DataUsers.php(50): view('Modules\\AdminUs...', Array)
#5 D:\WEBSITE\xampp-7.4\htdocs\web-master\vendor\codeigniter4\framework\system\CodeIgniter.php(936): Modules\AdminUsers\Controllers\DataUsers->profile('assest', 'images', 'profile', 'default.jpg')
#6 D:\WEBSITE\xampp-7.4\htdocs\web-master\vendor\codeigniter4\framework\system\CodeIgniter.php(432): CodeIgniter\CodeIgniter->runController(Object(Modules\AdminUsers\Controllers\DataUsers))
#7 D:\WEBSITE\xampp-7.4\htdocs\web-master\vendor\codeigniter4\framework\system\CodeIgniter.php(333): CodeIgniter\CodeIgniter->handleRequest(NULL, Object(Config\Cache), false)
#8 D:\WEBSITE\xampp-7.4\htdocs\web-master\public\index.php(44): CodeIgniter\CodeIgniter->run()
#9 D:\WEBSITE\xampp-7.4\htdocs\web-master\vendor\codeigniter4\framework\system\Commands\Server\rewrite.php(45): require_once('D:\\WEBSITE\\xamp...')
#10 {main}
CRITICAL - 2021-04-20 21:47:55 --> Trying to access array offset on value of type null
#0 D:\WEBSITE\xampp-7.4\htdocs\web-master\modules\AdminUsers\Views\profile.php(35): CodeIgniter\Debug\Exceptions->errorHandler(8, 'Trying to acces...', 'D:\\WEBSITE\\xamp...', 35, Array)
#1 D:\WEBSITE\xampp-7.4\htdocs\web-master\vendor\codeigniter4\framework\system\View\View.php(220): include('D:\\WEBSITE\\xamp...')
#2 D:\WEBSITE\xampp-7.4\htdocs\web-master\vendor\codeigniter4\framework\system\View\View.php(222): CodeIgniter\View\View->CodeIgniter\View\{closure}()
#3 D:\WEBSITE\xampp-7.4\htdocs\web-master\vendor\codeigniter4\framework\system\Common.php(1217): CodeIgniter\View\View->render('Modules\\AdminUs...', Array, true)
#4 D:\WEBSITE\xampp-7.4\htdocs\web-master\modules\AdminUsers\Controllers\DataUsers.php(50): view('Modules\\AdminUs...', Array)
#5 D:\WEBSITE\xampp-7.4\htdocs\web-master\vendor\codeigniter4\framework\system\CodeIgniter.php(936): Modules\AdminUsers\Controllers\DataUsers->profile('assest', 'images', 'profile', 'default.png')
#6 D:\WEBSITE\xampp-7.4\htdocs\web-master\vendor\codeigniter4\framework\system\CodeIgniter.php(432): CodeIgniter\CodeIgniter->runController(Object(Modules\AdminUsers\Controllers\DataUsers))
#7 D:\WEBSITE\xampp-7.4\htdocs\web-master\vendor\codeigniter4\framework\system\CodeIgniter.php(333): CodeIgniter\CodeIgniter->handleRequest(NULL, Object(Config\Cache), false)
#8 D:\WEBSITE\xampp-7.4\htdocs\web-master\public\index.php(44): CodeIgniter\CodeIgniter->run()
#9 D:\WEBSITE\xampp-7.4\htdocs\web-master\vendor\codeigniter4\framework\system\Commands\Server\rewrite.php(45): require_once('D:\\WEBSITE\\xamp...')
#10 {main}
CRITICAL - 2021-04-20 21:49:23 --> Trying to access array offset on value of type null
#0 D:\WEBSITE\xampp-7.4\htdocs\web-master\modules\AdminUsers\Views\profile.php(35): CodeIgniter\Debug\Exceptions->errorHandler(8, 'Trying to acces...', 'D:\\WEBSITE\\xamp...', 35, Array)
#1 D:\WEBSITE\xampp-7.4\htdocs\web-master\vendor\codeigniter4\framework\system\View\View.php(220): include('D:\\WEBSITE\\xamp...')
#2 D:\WEBSITE\xampp-7.4\htdocs\web-master\vendor\codeigniter4\framework\system\View\View.php(222): CodeIgniter\View\View->CodeIgniter\View\{closure}()
#3 D:\WEBSITE\xampp-7.4\htdocs\web-master\vendor\codeigniter4\framework\system\Common.php(1217): CodeIgniter\View\View->render('Modules\\AdminUs...', Array, true)
#4 D:\WEBSITE\xampp-7.4\htdocs\web-master\modules\AdminUsers\Controllers\DataUsers.php(50): view('Modules\\AdminUs...', Array)
#5 D:\WEBSITE\xampp-7.4\htdocs\web-master\vendor\codeigniter4\framework\system\CodeIgniter.php(936): Modules\AdminUsers\Controllers\DataUsers->profile('assets', 'images', 'profile', 'default.jpg')
#6 D:\WEBSITE\xampp-7.4\htdocs\web-master\vendor\codeigniter4\framework\system\CodeIgniter.php(432): CodeIgniter\CodeIgniter->runController(Object(Modules\AdminUsers\Controllers\DataUsers))
#7 D:\WEBSITE\xampp-7.4\htdocs\web-master\vendor\codeigniter4\framework\system\CodeIgniter.php(333): CodeIgniter\CodeIgniter->handleRequest(NULL, Object(Config\Cache), false)
#8 D:\WEBSITE\xampp-7.4\htdocs\web-master\public\index.php(44): CodeIgniter\CodeIgniter->run()
#9 D:\WEBSITE\xampp-7.4\htdocs\web-master\vendor\codeigniter4\framework\system\Commands\Server\rewrite.php(45): require_once('D:\\WEBSITE\\xamp...')
#10 {main}
CRITICAL - 2021-04-20 22:03:10 --> Undefined index: image_user
#0 D:\WEBSITE\xampp-7.4\htdocs\web-master\modules\AdminUsers\Views\profile.php(35): CodeIgniter\Debug\Exceptions->errorHandler(8, 'Undefined index...', 'D:\\WEBSITE\\xamp...', 35, Array)
#1 D:\WEBSITE\xampp-7.4\htdocs\web-master\vendor\codeigniter4\framework\system\View\View.php(220): include('D:\\WEBSITE\\xamp...')
#2 D:\WEBSITE\xampp-7.4\htdocs\web-master\vendor\codeigniter4\framework\system\View\View.php(222): CodeIgniter\View\View->CodeIgniter\View\{closure}()
#3 D:\WEBSITE\xampp-7.4\htdocs\web-master\vendor\codeigniter4\framework\system\Common.php(1217): CodeIgniter\View\View->render('Modules\\AdminUs...', Array, true)
#4 D:\WEBSITE\xampp-7.4\htdocs\web-master\modules\AdminUsers\Controllers\DataUsers.php(50): view('Modules\\AdminUs...', Array)
#5 D:\WEBSITE\xampp-7.4\htdocs\web-master\vendor\codeigniter4\framework\system\CodeIgniter.php(936): Modules\AdminUsers\Controllers\DataUsers->profile('7b861e52241fdb2...')
#6 D:\WEBSITE\xampp-7.4\htdocs\web-master\vendor\codeigniter4\framework\system\CodeIgniter.php(432): CodeIgniter\CodeIgniter->runController(Object(Modules\AdminUsers\Controllers\DataUsers))
#7 D:\WEBSITE\xampp-7.4\htdocs\web-master\vendor\codeigniter4\framework\system\CodeIgniter.php(333): CodeIgniter\CodeIgniter->handleRequest(NULL, Object(Config\Cache), false)
#8 D:\WEBSITE\xampp-7.4\htdocs\web-master\public\index.php(44): CodeIgniter\CodeIgniter->run()
#9 D:\WEBSITE\xampp-7.4\htdocs\web-master\vendor\codeigniter4\framework\system\Commands\Server\rewrite.php(45): require_once('D:\\WEBSITE\\xamp...')
#10 {main}
CRITICAL - 2021-04-20 22:03:52 --> unlink(assets/images/profile/1618930100_d23c19fc9c3ecee72d23.jpg): No such file or directory
#0 [internal function]: CodeIgniter\Debug\Exceptions->errorHandler(2, 'unlink(assets/i...', 'D:\\WEBSITE\\xamp...', 148, Array)
#1 D:\WEBSITE\xampp-7.4\htdocs\web-master\modules\AdminUsers\Controllers\DataUsers.php(148): unlink('assets/images/p...')
#2 D:\WEBSITE\xampp-7.4\htdocs\web-master\vendor\codeigniter4\framework\system\CodeIgniter.php(936): Modules\AdminUsers\Controllers\DataUsers->edit_profile()
#3 D:\WEBSITE\xampp-7.4\htdocs\web-master\vendor\codeigniter4\framework\system\CodeIgniter.php(432): CodeIgniter\CodeIgniter->runController(Object(Modules\AdminUsers\Controllers\DataUsers))
#4 D:\WEBSITE\xampp-7.4\htdocs\web-master\vendor\codeigniter4\framework\system\CodeIgniter.php(333): CodeIgniter\CodeIgniter->handleRequest(NULL, Object(Config\Cache), false)
#5 D:\WEBSITE\xampp-7.4\htdocs\web-master\public\index.php(44): CodeIgniter\CodeIgniter->run()
#6 D:\WEBSITE\xampp-7.4\htdocs\web-master\vendor\codeigniter4\framework\system\Commands\Server\rewrite.php(45): require_once('D:\\WEBSITE\\xamp...')
#7 {main}
CRITICAL - 2021-04-20 22:08:42 --> You do not have sufficient permissions to access that page.
#0 D:\WEBSITE\xampp-7.4\htdocs\web-master\vendor\codeigniter4\framework\system\Filters\Filters.php(181): Myth\Auth\Filters\RoleFilter->before(Object(CodeIgniter\HTTP\IncomingRequest), Array)
#1 D:\WEBSITE\xampp-7.4\htdocs\web-master\vendor\codeigniter4\framework\system\CodeIgniter.php(403): CodeIgniter\Filters\Filters->run('admin', 'before')
#2 D:\WEBSITE\xampp-7.4\htdocs\web-master\vendor\codeigniter4\framework\system\CodeIgniter.php(333): CodeIgniter\CodeIgniter->handleRequest(NULL, Object(Config\Cache), false)
#3 D:\WEBSITE\xampp-7.4\htdocs\web-master\public\index.php(44): CodeIgniter\CodeIgniter->run()
#4 D:\WEBSITE\xampp-7.4\htdocs\web-master\vendor\codeigniter4\framework\system\Commands\Server\rewrite.php(45): require_once('D:\\WEBSITE\\xamp...')
#5 {main}
CRITICAL - 2021-04-20 22:09:39 --> You do not have sufficient permissions to access that page.
#0 D:\WEBSITE\xampp-7.4\htdocs\web-master\vendor\codeigniter4\framework\system\Filters\Filters.php(181): Myth\Auth\Filters\PermissionFilter->before(Object(CodeIgniter\HTTP\IncomingRequest), Array)
#1 D:\WEBSITE\xampp-7.4\htdocs\web-master\vendor\codeigniter4\framework\system\CodeIgniter.php(403): CodeIgniter\Filters\Filters->run('admin-users-pro...', 'before')
#2 D:\WEBSITE\xampp-7.4\htdocs\web-master\vendor\codeigniter4\framework\system\CodeIgniter.php(333): CodeIgniter\CodeIgniter->handleRequest(NULL, Object(Config\Cache), false)
#3 D:\WEBSITE\xampp-7.4\htdocs\web-master\public\index.php(44): CodeIgniter\CodeIgniter->run()
#4 D:\WEBSITE\xampp-7.4\htdocs\web-master\vendor\codeigniter4\framework\system\Commands\Server\rewrite.php(45): require_once('D:\\WEBSITE\\xamp...')
#5 {main}
CRITICAL - 2021-04-20 22:10:42 --> manage-profile filter must have a matching alias defined.
#0 D:\WEBSITE\xampp-7.4\htdocs\web-master\vendor\codeigniter4\framework\system\Filters\Filters.php(354): CodeIgniter\Filters\Exceptions\FilterException::forNoAlias('manage-profile')
#1 D:\WEBSITE\xampp-7.4\htdocs\web-master\vendor\codeigniter4\framework\system\CodeIgniter.php(394): CodeIgniter\Filters\Filters->enableFilter('manage-profile', 'before')
#2 D:\WEBSITE\xampp-7.4\htdocs\web-master\vendor\codeigniter4\framework\system\CodeIgniter.php(333): CodeIgniter\CodeIgniter->handleRequest(NULL, Object(Config\Cache), false)
#3 D:\WEBSITE\xampp-7.4\htdocs\web-master\public\index.php(44): CodeIgniter\CodeIgniter->run()
#4 D:\WEBSITE\xampp-7.4\htdocs\web-master\vendor\codeigniter4\framework\system\Commands\Server\rewrite.php(45): require_once('D:\\WEBSITE\\xamp...')
#5 {main}
CRITICAL - 2021-04-20 22:10:44 --> manage-profile filter must have a matching alias defined.
#0 D:\WEBSITE\xampp-7.4\htdocs\web-master\vendor\codeigniter4\framework\system\Filters\Filters.php(354): CodeIgniter\Filters\Exceptions\FilterException::forNoAlias('manage-profile')
#1 D:\WEBSITE\xampp-7.4\htdocs\web-master\vendor\codeigniter4\framework\system\CodeIgniter.php(394): CodeIgniter\Filters\Filters->enableFilter('manage-profile', 'before')
#2 D:\WEBSITE\xampp-7.4\htdocs\web-master\vendor\codeigniter4\framework\system\CodeIgniter.php(333): CodeIgniter\CodeIgniter->handleRequest(NULL, Object(Config\Cache), false)
#3 D:\WEBSITE\xampp-7.4\htdocs\web-master\public\index.php(44): CodeIgniter\CodeIgniter->run()
#4 D:\WEBSITE\xampp-7.4\htdocs\web-master\vendor\codeigniter4\framework\system\Commands\Server\rewrite.php(45): require_once('D:\\WEBSITE\\xamp...')
#5 {main}
CRITICAL - 2021-04-20 22:19:24 --> Call to undefined function has_group()
#0 D:\WEBSITE\xampp-7.4\htdocs\web-master\vendor\codeigniter4\framework\system\View\View.php(220): include()
#1 D:\WEBSITE\xampp-7.4\htdocs\web-master\vendor\codeigniter4\framework\system\View\View.php(222): CodeIgniter\View\View->CodeIgniter\View\{closure}()
#2 D:\WEBSITE\xampp-7.4\htdocs\web-master\vendor\codeigniter4\framework\system\View\View.php(468): CodeIgniter\View\View->render('Modules\\AdminLa...', NULL, true)
#3 D:\WEBSITE\xampp-7.4\htdocs\web-master\modules\AdminLayout\Views\layout.php(33): CodeIgniter\View\View->include('Modules\\AdminLa...')
#4 D:\WEBSITE\xampp-7.4\htdocs\web-master\vendor\codeigniter4\framework\system\View\View.php(220): include('D:\\WEBSITE\\xamp...')
#5 D:\WEBSITE\xampp-7.4\htdocs\web-master\vendor\codeigniter4\framework\system\View\View.php(222): CodeIgniter\View\View->CodeIgniter\View\{closure}()
#6 D:\WEBSITE\xampp-7.4\htdocs\web-master\vendor\codeigniter4\framework\system\View\View.php(236): CodeIgniter\View\View->render('Modules\\AdminLa...', Array, true)
#7 D:\WEBSITE\xampp-7.4\htdocs\web-master\vendor\codeigniter4\framework\system\Common.php(1217): CodeIgniter\View\View->render('Modules\\AdminUs...', Array, true)
#8 D:\WEBSITE\xampp-7.4\htdocs\web-master\modules\AdminUsers\Controllers\DataUsers.php(33): view('Modules\\AdminUs...', Array)
#9 D:\WEBSITE\xampp-7.4\htdocs\web-master\vendor\codeigniter4\framework\system\CodeIgniter.php(936): Modules\AdminUsers\Controllers\DataUsers->index()
#10 D:\WEBSITE\xampp-7.4\htdocs\web-master\vendor\codeigniter4\framework\system\CodeIgniter.php(432): CodeIgniter\CodeIgniter->runController(Object(Modules\AdminUsers\Controllers\DataUsers))
#11 D:\WEBSITE\xampp-7.4\htdocs\web-master\vendor\codeigniter4\framework\system\CodeIgniter.php(333): CodeIgniter\CodeIgniter->handleRequest(NULL, Object(Config\Cache), false)
#12 D:\WEBSITE\xampp-7.4\htdocs\web-master\public\index.php(44): CodeIgniter\CodeIgniter->run()
#13 D:\WEBSITE\xampp-7.4\htdocs\web-master\vendor\codeigniter4\framework\system\Commands\Server\rewrite.php(45): require_once('D:\\WEBSITE\\xamp...')
#14 {main}
CRITICAL - 2021-04-20 22:19:39 --> Call to undefined function has_group()
#0 D:\WEBSITE\xampp-7.4\htdocs\web-master\vendor\codeigniter4\framework\system\View\View.php(220): include()
#1 D:\WEBSITE\xampp-7.4\htdocs\web-master\vendor\codeigniter4\framework\system\View\View.php(222): CodeIgniter\View\View->CodeIgniter\View\{closure}()
#2 D:\WEBSITE\xampp-7.4\htdocs\web-master\vendor\codeigniter4\framework\system\View\View.php(468): CodeIgniter\View\View->render('Modules\\AdminLa...', NULL, true)
#3 D:\WEBSITE\xampp-7.4\htdocs\web-master\modules\AdminLayout\Views\layout.php(33): CodeIgniter\View\View->include('Modules\\AdminLa...')
#4 D:\WEBSITE\xampp-7.4\htdocs\web-master\vendor\codeigniter4\framework\system\View\View.php(220): include('D:\\WEBSITE\\xamp...')
#5 D:\WEBSITE\xampp-7.4\htdocs\web-master\vendor\codeigniter4\framework\system\View\View.php(222): CodeIgniter\View\View->CodeIgniter\View\{closure}()
#6 D:\WEBSITE\xampp-7.4\htdocs\web-master\vendor\codeigniter4\framework\system\View\View.php(236): CodeIgniter\View\View->render('Modules\\AdminLa...', Array, true)
#7 D:\WEBSITE\xampp-7.4\htdocs\web-master\vendor\codeigniter4\framework\system\Common.php(1217): CodeIgniter\View\View->render('Modules\\AdminUs...', Array, true)
#8 D:\WEBSITE\xampp-7.4\htdocs\web-master\modules\AdminUsers\Controllers\DataUsers.php(33): view('Modules\\AdminUs...', Array)
#9 D:\WEBSITE\xampp-7.4\htdocs\web-master\vendor\codeigniter4\framework\system\CodeIgniter.php(936): Modules\AdminUsers\Controllers\DataUsers->index()
#10 D:\WEBSITE\xampp-7.4\htdocs\web-master\vendor\codeigniter4\framework\system\CodeIgniter.php(432): CodeIgniter\CodeIgniter->runController(Object(Modules\AdminUsers\Controllers\DataUsers))
#11 D:\WEBSITE\xampp-7.4\htdocs\web-master\vendor\codeigniter4\framework\system\CodeIgniter.php(333): CodeIgniter\CodeIgniter->handleRequest(NULL, Object(Config\Cache), false)
#12 D:\WEBSITE\xampp-7.4\htdocs\web-master\public\index.php(44): CodeIgniter\CodeIgniter->run()
#13 D:\WEBSITE\xampp-7.4\htdocs\web-master\vendor\codeigniter4\framework\system\Commands\Server\rewrite.php(45): require_once('D:\\WEBSITE\\xamp...')
#14 {main}
CRITICAL - 2021-04-20 22:19:44 --> Call to undefined function has_groups()
#0 D:\WEBSITE\xampp-7.4\htdocs\web-master\vendor\codeigniter4\framework\system\View\View.php(220): include()
#1 D:\WEBSITE\xampp-7.4\htdocs\web-master\vendor\codeigniter4\framework\system\View\View.php(222): CodeIgniter\View\View->CodeIgniter\View\{closure}()
#2 D:\WEBSITE\xampp-7.4\htdocs\web-master\vendor\codeigniter4\framework\system\View\View.php(468): CodeIgniter\View\View->render('Modules\\AdminLa...', NULL, true)
#3 D:\WEBSITE\xampp-7.4\htdocs\web-master\modules\AdminLayout\Views\layout.php(33): CodeIgniter\View\View->include('Modules\\AdminLa...')
#4 D:\WEBSITE\xampp-7.4\htdocs\web-master\vendor\codeigniter4\framework\system\View\View.php(220): include('D:\\WEBSITE\\xamp...')
#5 D:\WEBSITE\xampp-7.4\htdocs\web-master\vendor\codeigniter4\framework\system\View\View.php(222): CodeIgniter\View\View->CodeIgniter\View\{closure}()
#6 D:\WEBSITE\xampp-7.4\htdocs\web-master\vendor\codeigniter4\framework\system\View\View.php(236): CodeIgniter\View\View->render('Modules\\AdminLa...', Array, true)
#7 D:\WEBSITE\xampp-7.4\htdocs\web-master\vendor\codeigniter4\framework\system\Common.php(1217): CodeIgniter\View\View->render('Modules\\AdminUs...', Array, true)
#8 D:\WEBSITE\xampp-7.4\htdocs\web-master\modules\AdminUsers\Controllers\DataUsers.php(33): view('Modules\\AdminUs...', Array)
#9 D:\WEBSITE\xampp-7.4\htdocs\web-master\vendor\codeigniter4\framework\system\CodeIgniter.php(936): Modules\AdminUsers\Controllers\DataUsers->index()
#10 D:\WEBSITE\xampp-7.4\htdocs\web-master\vendor\codeigniter4\framework\system\CodeIgniter.php(432): CodeIgniter\CodeIgniter->runController(Object(Modules\AdminUsers\Controllers\DataUsers))
#11 D:\WEBSITE\xampp-7.4\htdocs\web-master\vendor\codeigniter4\framework\system\CodeIgniter.php(333): CodeIgniter\CodeIgniter->handleRequest(NULL, Object(Config\Cache), false)
#12 D:\WEBSITE\xampp-7.4\htdocs\web-master\public\index.php(44): CodeIgniter\CodeIgniter->run()
#13 D:\WEBSITE\xampp-7.4\htdocs\web-master\vendor\codeigniter4\framework\system\Commands\Server\rewrite.php(45): require_once('D:\\WEBSITE\\xamp...')
#14 {main}
