ERROR - 2021-06-06 11:55:05 --> Error connecting to the database: No connection could be made because the target machine actively refused it.

CRITICAL - 2021-06-06 11:55:05 --> Unable to connect to the database.
#0 D:\WEBSITE\xampp-7.4\htdocs\master-web\vendor\codeigniter4\framework\system\Database\BaseConnection.php(618): CodeIgniter\Database\BaseConnection->initialize()
#1 D:\WEBSITE\xampp-7.4\htdocs\master-web\vendor\codeigniter4\framework\system\Database\BaseBuilder.php(1866): CodeIgniter\Database\BaseConnection->query('SELECT `blog`.`...', Array, false)
#2 D:\WEBSITE\xampp-7.4\htdocs\master-web\modules\FrontEndLayout\Models\ModelLayout.php(28): CodeIgniter\Database\BaseBuilder->get()
#3 D:\WEBSITE\xampp-7.4\htdocs\master-web\modules\FrontEndLayout\Controllers\Login.php(22): Modules\FrontEndLayout\Models\ModelLayout->get_blog()
#4 D:\WEBSITE\xampp-7.4\htdocs\master-web\vendor\codeigniter4\framework\system\CodeIgniter.php(936): Modules\FrontEndLayout\Controllers\Login->index()
#5 D:\WEBSITE\xampp-7.4\htdocs\master-web\vendor\codeigniter4\framework\system\CodeIgniter.php(432): CodeIgniter\CodeIgniter->runController(Object(Modules\FrontEndLayout\Controllers\Login))
#6 D:\WEBSITE\xampp-7.4\htdocs\master-web\vendor\codeigniter4\framework\system\CodeIgniter.php(333): CodeIgniter\CodeIgniter->handleRequest(NULL, Object(Config\Cache), false)
#7 D:\WEBSITE\xampp-7.4\htdocs\master-web\public\index.php(44): CodeIgniter\CodeIgniter->run()
#8 D:\WEBSITE\xampp-7.4\htdocs\master-web\vendor\codeigniter4\framework\system\Commands\Server\rewrite.php(45): require_once('D:\\WEBSITE\\xamp...')
#9 {main}
CRITICAL - 2021-06-06 12:00:24 --> Undefined variable: kategori
#0 D:\WEBSITE\xampp-7.4\htdocs\master-web\modules\AdminBerita\Controllers\DataBerita.php(196): CodeIgniter\Debug\Exceptions->errorHandler(8, 'Undefined varia...', 'D:\\WEBSITE\\xamp...', 196, Array)
#1 D:\WEBSITE\xampp-7.4\htdocs\master-web\vendor\codeigniter4\framework\system\CodeIgniter.php(936): Modules\AdminBerita\Controllers\DataBerita->berita_update()
#2 D:\WEBSITE\xampp-7.4\htdocs\master-web\vendor\codeigniter4\framework\system\CodeIgniter.php(432): CodeIgniter\CodeIgniter->runController(Object(Modules\AdminBerita\Controllers\DataBerita))
#3 D:\WEBSITE\xampp-7.4\htdocs\master-web\vendor\codeigniter4\framework\system\CodeIgniter.php(333): CodeIgniter\CodeIgniter->handleRequest(NULL, Object(Config\Cache), false)
#4 D:\WEBSITE\xampp-7.4\htdocs\master-web\public\index.php(44): CodeIgniter\CodeIgniter->run()
#5 D:\WEBSITE\xampp-7.4\htdocs\master-web\vendor\codeigniter4\framework\system\Commands\Server\rewrite.php(45): require_once('D:\\WEBSITE\\xamp...')
#6 {main}
CRITICAL - 2021-06-06 12:00:40 --> Undefined variable: kategori
#0 D:\WEBSITE\xampp-7.4\htdocs\master-web\modules\AdminBerita\Controllers\DataBerita.php(196): CodeIgniter\Debug\Exceptions->errorHandler(8, 'Undefined varia...', 'D:\\WEBSITE\\xamp...', 196, Array)
#1 D:\WEBSITE\xampp-7.4\htdocs\master-web\vendor\codeigniter4\framework\system\CodeIgniter.php(936): Modules\AdminBerita\Controllers\DataBerita->berita_update()
#2 D:\WEBSITE\xampp-7.4\htdocs\master-web\vendor\codeigniter4\framework\system\CodeIgniter.php(432): CodeIgniter\CodeIgniter->runController(Object(Modules\AdminBerita\Controllers\DataBerita))
#3 D:\WEBSITE\xampp-7.4\htdocs\master-web\vendor\codeigniter4\framework\system\CodeIgniter.php(333): CodeIgniter\CodeIgniter->handleRequest(NULL, Object(Config\Cache), false)
#4 D:\WEBSITE\xampp-7.4\htdocs\master-web\public\index.php(44): CodeIgniter\CodeIgniter->run()
#5 D:\WEBSITE\xampp-7.4\htdocs\master-web\vendor\codeigniter4\framework\system\Commands\Server\rewrite.php(45): require_once('D:\\WEBSITE\\xamp...')
#6 {main}
ERROR - 2021-06-06 12:03:34 --> mysqli_sql_exception: Unknown column 'nama_berita' in 'field list' in D:\WEBSITE\xampp-7.4\htdocs\master-web\vendor\codeigniter4\framework\system\Database\MySQLi\Connection.php:314
Stack trace:
#0 D:\WEBSITE\xampp-7.4\htdocs\master-web\vendor\codeigniter4\framework\system\Database\MySQLi\Connection.php(314): mysqli->query('UPDATE `blog` S...')
#1 D:\WEBSITE\xampp-7.4\htdocs\master-web\vendor\codeigniter4\framework\system\Database\BaseConnection.php(713): CodeIgniter\Database\MySQLi\Connection->execute('UPDATE `blog` S...')
#2 D:\WEBSITE\xampp-7.4\htdocs\master-web\vendor\codeigniter4\framework\system\Database\BaseConnection.php(641): CodeIgniter\Database\BaseConnection->simpleQuery('UPDATE `blog` S...')
#3 D:\WEBSITE\xampp-7.4\htdocs\master-web\vendor\codeigniter4\framework\system\Database\BaseBuilder.php(2468): CodeIgniter\Database\BaseConnection->query('UPDATE `blog` S...', Array, false)
#4 D:\WEBSITE\xampp-7.4\htdocs\master-web\modules\AdminBerita\Models\ModelBerita.php(91): CodeIgniter\Database\BaseBuilder->update(Array)
#5 D:\WEBSITE\xampp-7.4\htdocs\master-web\modules\AdminBerita\Controllers\DataBerita.php(196): Modules\AdminBerita\Models\ModelBerita->edit_content_berita_image('ad15665819af45b...', 'Cupiditate ut n...', 'cupiditate-ut-n...', '<p>Pellentesque...', '0', '1622955814_0dce...', '2021-06-30 12:0...', '2021-06-30')
#6 D:\WEBSITE\xampp-7.4\htdocs\master-web\vendor\codeigniter4\framework\system\CodeIgniter.php(936): Modules\AdminBerita\Controllers\DataBerita->berita_update()
#7 D:\WEBSITE\xampp-7.4\htdocs\master-web\vendor\codeigniter4\framework\system\CodeIgniter.php(432): CodeIgniter\CodeIgniter->runController(Object(Modules\AdminBerita\Controllers\DataBerita))
#8 D:\WEBSITE\xampp-7.4\htdocs\master-web\vendor\codeigniter4\framework\system\CodeIgniter.php(333): CodeIgniter\CodeIgniter->handleRequest(NULL, Object(Config\Cache), false)
#9 D:\WEBSITE\xampp-7.4\htdocs\master-web\public\index.php(44): CodeIgniter\CodeIgniter->run()
#10 D:\WEBSITE\xampp-7.4\htdocs\master-web\vendor\codeigniter4\framework\system\Commands\Server\rewrite.php(45): require_once('D:\\WEBSITE\\xamp...')
#11 {main}
CRITICAL - 2021-06-06 12:03:34 --> Unknown column 'nama_berita' in 'field list'
#0 D:\WEBSITE\xampp-7.4\htdocs\master-web\vendor\codeigniter4\framework\system\Database\MySQLi\Connection.php(314): mysqli->query('UPDATE `blog` S...')
#1 D:\WEBSITE\xampp-7.4\htdocs\master-web\vendor\codeigniter4\framework\system\Database\BaseConnection.php(713): CodeIgniter\Database\MySQLi\Connection->execute('UPDATE `blog` S...')
#2 D:\WEBSITE\xampp-7.4\htdocs\master-web\vendor\codeigniter4\framework\system\Database\BaseConnection.php(641): CodeIgniter\Database\BaseConnection->simpleQuery('UPDATE `blog` S...')
#3 D:\WEBSITE\xampp-7.4\htdocs\master-web\vendor\codeigniter4\framework\system\Database\BaseBuilder.php(2468): CodeIgniter\Database\BaseConnection->query('UPDATE `blog` S...', Array, false)
#4 D:\WEBSITE\xampp-7.4\htdocs\master-web\modules\AdminBerita\Models\ModelBerita.php(91): CodeIgniter\Database\BaseBuilder->update(Array)
#5 D:\WEBSITE\xampp-7.4\htdocs\master-web\modules\AdminBerita\Controllers\DataBerita.php(196): Modules\AdminBerita\Models\ModelBerita->edit_content_berita_image('ad15665819af45b...', 'Cupiditate ut n...', 'cupiditate-ut-n...', '<p>Pellentesque...', '0', '1622955814_0dce...', '2021-06-30 12:0...', '2021-06-30')
#6 D:\WEBSITE\xampp-7.4\htdocs\master-web\vendor\codeigniter4\framework\system\CodeIgniter.php(936): Modules\AdminBerita\Controllers\DataBerita->berita_update()
#7 D:\WEBSITE\xampp-7.4\htdocs\master-web\vendor\codeigniter4\framework\system\CodeIgniter.php(432): CodeIgniter\CodeIgniter->runController(Object(Modules\AdminBerita\Controllers\DataBerita))
#8 D:\WEBSITE\xampp-7.4\htdocs\master-web\vendor\codeigniter4\framework\system\CodeIgniter.php(333): CodeIgniter\CodeIgniter->handleRequest(NULL, Object(Config\Cache), false)
#9 D:\WEBSITE\xampp-7.4\htdocs\master-web\public\index.php(44): CodeIgniter\CodeIgniter->run()
#10 D:\WEBSITE\xampp-7.4\htdocs\master-web\vendor\codeigniter4\framework\system\Commands\Server\rewrite.php(45): require_once('D:\\WEBSITE\\xamp...')
#11 {main}
ERROR - 2021-06-06 12:05:29 --> mysqli_sql_exception: Unknown column 'nama_content' in 'field list' in D:\WEBSITE\xampp-7.4\htdocs\master-web\vendor\codeigniter4\framework\system\Database\MySQLi\Connection.php:314
Stack trace:
#0 D:\WEBSITE\xampp-7.4\htdocs\master-web\vendor\codeigniter4\framework\system\Database\MySQLi\Connection.php(314): mysqli->query('UPDATE `blog` S...')
#1 D:\WEBSITE\xampp-7.4\htdocs\master-web\vendor\codeigniter4\framework\system\Database\BaseConnection.php(713): CodeIgniter\Database\MySQLi\Connection->execute('UPDATE `blog` S...')
#2 D:\WEBSITE\xampp-7.4\htdocs\master-web\vendor\codeigniter4\framework\system\Database\BaseConnection.php(641): CodeIgniter\Database\BaseConnection->simpleQuery('UPDATE `blog` S...')
#3 D:\WEBSITE\xampp-7.4\htdocs\master-web\vendor\codeigniter4\framework\system\Database\BaseBuilder.php(2468): CodeIgniter\Database\BaseConnection->query('UPDATE `blog` S...', Array, false)
#4 D:\WEBSITE\xampp-7.4\htdocs\master-web\modules\AdminContent\Models\ModelContent.php(91): CodeIgniter\Database\BaseBuilder->update(Array)
#5 D:\WEBSITE\xampp-7.4\htdocs\master-web\modules\AdminContent\Controllers\DataContent.php(196): Modules\AdminContent\Models\ModelContent->edit_content_website_image('388a2506ae00268...', 'Et quis corrupt...', 'et-quis-corrupt...', '<p>Pellentesque...', '0', '1622955929_90ca...', '2020-07-23 12:0...', '2020-07-23')
#6 D:\WEBSITE\xampp-7.4\htdocs\master-web\vendor\codeigniter4\framework\system\CodeIgniter.php(936): Modules\AdminContent\Controllers\DataContent->content_update()
#7 D:\WEBSITE\xampp-7.4\htdocs\master-web\vendor\codeigniter4\framework\system\CodeIgniter.php(432): CodeIgniter\CodeIgniter->runController(Object(Modules\AdminContent\Controllers\DataContent))
#8 D:\WEBSITE\xampp-7.4\htdocs\master-web\vendor\codeigniter4\framework\system\CodeIgniter.php(333): CodeIgniter\CodeIgniter->handleRequest(NULL, Object(Config\Cache), false)
#9 D:\WEBSITE\xampp-7.4\htdocs\master-web\public\index.php(44): CodeIgniter\CodeIgniter->run()
#10 D:\WEBSITE\xampp-7.4\htdocs\master-web\vendor\codeigniter4\framework\system\Commands\Server\rewrite.php(45): require_once('D:\\WEBSITE\\xamp...')
#11 {main}
CRITICAL - 2021-06-06 12:05:29 --> Unknown column 'nama_content' in 'field list'
#0 D:\WEBSITE\xampp-7.4\htdocs\master-web\vendor\codeigniter4\framework\system\Database\MySQLi\Connection.php(314): mysqli->query('UPDATE `blog` S...')
#1 D:\WEBSITE\xampp-7.4\htdocs\master-web\vendor\codeigniter4\framework\system\Database\BaseConnection.php(713): CodeIgniter\Database\MySQLi\Connection->execute('UPDATE `blog` S...')
#2 D:\WEBSITE\xampp-7.4\htdocs\master-web\vendor\codeigniter4\framework\system\Database\BaseConnection.php(641): CodeIgniter\Database\BaseConnection->simpleQuery('UPDATE `blog` S...')
#3 D:\WEBSITE\xampp-7.4\htdocs\master-web\vendor\codeigniter4\framework\system\Database\BaseBuilder.php(2468): CodeIgniter\Database\BaseConnection->query('UPDATE `blog` S...', Array, false)
#4 D:\WEBSITE\xampp-7.4\htdocs\master-web\modules\AdminContent\Models\ModelContent.php(91): CodeIgniter\Database\BaseBuilder->update(Array)
#5 D:\WEBSITE\xampp-7.4\htdocs\master-web\modules\AdminContent\Controllers\DataContent.php(196): Modules\AdminContent\Models\ModelContent->edit_content_website_image('388a2506ae00268...', 'Et quis corrupt...', 'et-quis-corrupt...', '<p>Pellentesque...', '0', '1622955929_90ca...', '2020-07-23 12:0...', '2020-07-23')
#6 D:\WEBSITE\xampp-7.4\htdocs\master-web\vendor\codeigniter4\framework\system\CodeIgniter.php(936): Modules\AdminContent\Controllers\DataContent->content_update()
#7 D:\WEBSITE\xampp-7.4\htdocs\master-web\vendor\codeigniter4\framework\system\CodeIgniter.php(432): CodeIgniter\CodeIgniter->runController(Object(Modules\AdminContent\Controllers\DataContent))
#8 D:\WEBSITE\xampp-7.4\htdocs\master-web\vendor\codeigniter4\framework\system\CodeIgniter.php(333): CodeIgniter\CodeIgniter->handleRequest(NULL, Object(Config\Cache), false)
#9 D:\WEBSITE\xampp-7.4\htdocs\master-web\public\index.php(44): CodeIgniter\CodeIgniter->run()
#10 D:\WEBSITE\xampp-7.4\htdocs\master-web\vendor\codeigniter4\framework\system\Commands\Server\rewrite.php(45): require_once('D:\\WEBSITE\\xamp...')
#11 {main}
ERROR - 2021-06-06 12:06:34 --> mysqli_sql_exception: Unknown column 'nama_content' in 'field list' in D:\WEBSITE\xampp-7.4\htdocs\master-web\vendor\codeigniter4\framework\system\Database\MySQLi\Connection.php:314
Stack trace:
#0 D:\WEBSITE\xampp-7.4\htdocs\master-web\vendor\codeigniter4\framework\system\Database\MySQLi\Connection.php(314): mysqli->query('UPDATE `blog` S...')
#1 D:\WEBSITE\xampp-7.4\htdocs\master-web\vendor\codeigniter4\framework\system\Database\BaseConnection.php(713): CodeIgniter\Database\MySQLi\Connection->execute('UPDATE `blog` S...')
#2 D:\WEBSITE\xampp-7.4\htdocs\master-web\vendor\codeigniter4\framework\system\Database\BaseConnection.php(641): CodeIgniter\Database\BaseConnection->simpleQuery('UPDATE `blog` S...')
#3 D:\WEBSITE\xampp-7.4\htdocs\master-web\vendor\codeigniter4\framework\system\Database\BaseBuilder.php(2468): CodeIgniter\Database\BaseConnection->query('UPDATE `blog` S...', Array, false)
#4 D:\WEBSITE\xampp-7.4\htdocs\master-web\modules\AdminContent\Models\ModelContent.php(91): CodeIgniter\Database\BaseBuilder->update(Array)
#5 D:\WEBSITE\xampp-7.4\htdocs\master-web\modules\AdminContent\Controllers\DataContent.php(196): Modules\AdminContent\Models\ModelContent->edit_content_website_image('388a2506ae00268...', 'Et quis corrupt...', 'et-quis-corrupt...', '<p>Pellentesque...', '0', '1622955994_e754...', '2020-07-23 12:0...', '2020-07-23')
#6 D:\WEBSITE\xampp-7.4\htdocs\master-web\vendor\codeigniter4\framework\system\CodeIgniter.php(936): Modules\AdminContent\Controllers\DataContent->content_update()
#7 D:\WEBSITE\xampp-7.4\htdocs\master-web\vendor\codeigniter4\framework\system\CodeIgniter.php(432): CodeIgniter\CodeIgniter->runController(Object(Modules\AdminContent\Controllers\DataContent))
#8 D:\WEBSITE\xampp-7.4\htdocs\master-web\vendor\codeigniter4\framework\system\CodeIgniter.php(333): CodeIgniter\CodeIgniter->handleRequest(NULL, Object(Config\Cache), false)
#9 D:\WEBSITE\xampp-7.4\htdocs\master-web\public\index.php(44): CodeIgniter\CodeIgniter->run()
#10 D:\WEBSITE\xampp-7.4\htdocs\master-web\vendor\codeigniter4\framework\system\Commands\Server\rewrite.php(45): require_once('D:\\WEBSITE\\xamp...')
#11 {main}
CRITICAL - 2021-06-06 12:06:34 --> Unknown column 'nama_content' in 'field list'
#0 D:\WEBSITE\xampp-7.4\htdocs\master-web\vendor\codeigniter4\framework\system\Database\MySQLi\Connection.php(314): mysqli->query('UPDATE `blog` S...')
#1 D:\WEBSITE\xampp-7.4\htdocs\master-web\vendor\codeigniter4\framework\system\Database\BaseConnection.php(713): CodeIgniter\Database\MySQLi\Connection->execute('UPDATE `blog` S...')
#2 D:\WEBSITE\xampp-7.4\htdocs\master-web\vendor\codeigniter4\framework\system\Database\BaseConnection.php(641): CodeIgniter\Database\BaseConnection->simpleQuery('UPDATE `blog` S...')
#3 D:\WEBSITE\xampp-7.4\htdocs\master-web\vendor\codeigniter4\framework\system\Database\BaseBuilder.php(2468): CodeIgniter\Database\BaseConnection->query('UPDATE `blog` S...', Array, false)
#4 D:\WEBSITE\xampp-7.4\htdocs\master-web\modules\AdminContent\Models\ModelContent.php(91): CodeIgniter\Database\BaseBuilder->update(Array)
#5 D:\WEBSITE\xampp-7.4\htdocs\master-web\modules\AdminContent\Controllers\DataContent.php(196): Modules\AdminContent\Models\ModelContent->edit_content_website_image('388a2506ae00268...', 'Et quis corrupt...', 'et-quis-corrupt...', '<p>Pellentesque...', '0', '1622955994_e754...', '2020-07-23 12:0...', '2020-07-23')
#6 D:\WEBSITE\xampp-7.4\htdocs\master-web\vendor\codeigniter4\framework\system\CodeIgniter.php(936): Modules\AdminContent\Controllers\DataContent->content_update()
#7 D:\WEBSITE\xampp-7.4\htdocs\master-web\vendor\codeigniter4\framework\system\CodeIgniter.php(432): CodeIgniter\CodeIgniter->runController(Object(Modules\AdminContent\Controllers\DataContent))
#8 D:\WEBSITE\xampp-7.4\htdocs\master-web\vendor\codeigniter4\framework\system\CodeIgniter.php(333): CodeIgniter\CodeIgniter->handleRequest(NULL, Object(Config\Cache), false)
#9 D:\WEBSITE\xampp-7.4\htdocs\master-web\public\index.php(44): CodeIgniter\CodeIgniter->run()
#10 D:\WEBSITE\xampp-7.4\htdocs\master-web\vendor\codeigniter4\framework\system\Commands\Server\rewrite.php(45): require_once('D:\\WEBSITE\\xamp...')
#11 {main}
