CRITICAL - 2022-05-28 08:38:43 --> Declaration of Modules\LayoutDepan\Controllers\Layout::datadata() should be compatible with App\Controllers\BaseController::datadata($datasend)
#0 C:\Users\PC Kantor-3\Documents\DOCUMENT KANTOR\PROJECT CI4\wiki\modules\LayoutDepan\Controllers\Layout.php(8): CodeIgniter\Debug\Exceptions->errorHandler(2, 'Declaration of ...', 'C:\\Users\\PC Kan...', 39, Array)
#1 C:\Users\PC Kantor-3\Documents\DOCUMENT KANTOR\PROJECT CI4\wiki\vendor\codeigniter4\framework\system\Autoloader\Autoloader.php(294): include_once('C:\\Users\\PC Kan...')
#2 C:\Users\PC Kantor-3\Documents\DOCUMENT KANTOR\PROJECT CI4\wiki\vendor\codeigniter4\framework\system\Autoloader\Autoloader.php(265): CodeIgniter\Autoloader\Autoloader->includeFile('C:\\Users\\PC Kan...')
#3 C:\Users\PC Kantor-3\Documents\DOCUMENT KANTOR\PROJECT CI4\wiki\vendor\codeigniter4\framework\system\Autoloader\Autoloader.php(228): CodeIgniter\Autoloader\Autoloader->loadInNamespace('Modules\\LayoutD...')
#4 [internal function]: CodeIgniter\Autoloader\Autoloader->loadClass('Modules\\LayoutD...')
#5 [internal function]: spl_autoload_call('Modules\\LayoutD...')
#6 C:\Users\PC Kantor-3\Documents\DOCUMENT KANTOR\PROJECT CI4\wiki\vendor\codeigniter4\framework\system\CodeIgniter.php(897): class_exists('\\Modules\\Layout...', true)
#7 C:\Users\PC Kantor-3\Documents\DOCUMENT KANTOR\PROJECT CI4\wiki\vendor\codeigniter4\framework\system\CodeIgniter.php(421): CodeIgniter\CodeIgniter->startController()
#8 C:\Users\PC Kantor-3\Documents\DOCUMENT KANTOR\PROJECT CI4\wiki\vendor\codeigniter4\framework\system\CodeIgniter.php(337): CodeIgniter\CodeIgniter->handleRequest(NULL, Object(Config\Cache), false)
#9 C:\Users\PC Kantor-3\Documents\DOCUMENT KANTOR\PROJECT CI4\wiki\public\index.php(44): CodeIgniter\CodeIgniter->run()
#10 C:\Users\PC Kantor-3\Documents\DOCUMENT KANTOR\PROJECT CI4\wiki\vendor\codeigniter4\framework\system\Commands\Server\rewrite.php(45): require_once('C:\\Users\\PC Kan...')
#11 {main}
CRITICAL - 2022-05-28 08:38:56 --> Declaration of Modules\LayoutDepan\Controllers\Layout::datadata() should be compatible with App\Controllers\BaseController::datadata($datasend)
#0 C:\Users\PC Kantor-3\Documents\DOCUMENT KANTOR\PROJECT CI4\wiki\modules\LayoutDepan\Controllers\Layout.php(8): CodeIgniter\Debug\Exceptions->errorHandler(2, 'Declaration of ...', 'C:\\Users\\PC Kan...', 39, Array)
#1 C:\Users\PC Kantor-3\Documents\DOCUMENT KANTOR\PROJECT CI4\wiki\vendor\codeigniter4\framework\system\Autoloader\Autoloader.php(294): include_once('C:\\Users\\PC Kan...')
#2 C:\Users\PC Kantor-3\Documents\DOCUMENT KANTOR\PROJECT CI4\wiki\vendor\codeigniter4\framework\system\Autoloader\Autoloader.php(265): CodeIgniter\Autoloader\Autoloader->includeFile('C:\\Users\\PC Kan...')
#3 C:\Users\PC Kantor-3\Documents\DOCUMENT KANTOR\PROJECT CI4\wiki\vendor\codeigniter4\framework\system\Autoloader\Autoloader.php(228): CodeIgniter\Autoloader\Autoloader->loadInNamespace('Modules\\LayoutD...')
#4 [internal function]: CodeIgniter\Autoloader\Autoloader->loadClass('Modules\\LayoutD...')
#5 [internal function]: spl_autoload_call('Modules\\LayoutD...')
#6 C:\Users\PC Kantor-3\Documents\DOCUMENT KANTOR\PROJECT CI4\wiki\vendor\codeigniter4\framework\system\CodeIgniter.php(897): class_exists('\\Modules\\Layout...', true)
#7 C:\Users\PC Kantor-3\Documents\DOCUMENT KANTOR\PROJECT CI4\wiki\vendor\codeigniter4\framework\system\CodeIgniter.php(421): CodeIgniter\CodeIgniter->startController()
#8 C:\Users\PC Kantor-3\Documents\DOCUMENT KANTOR\PROJECT CI4\wiki\vendor\codeigniter4\framework\system\CodeIgniter.php(337): CodeIgniter\CodeIgniter->handleRequest(NULL, Object(Config\Cache), false)
#9 C:\Users\PC Kantor-3\Documents\DOCUMENT KANTOR\PROJECT CI4\wiki\public\index.php(44): CodeIgniter\CodeIgniter->run()
#10 C:\Users\PC Kantor-3\Documents\DOCUMENT KANTOR\PROJECT CI4\wiki\vendor\codeigniter4\framework\system\Commands\Server\rewrite.php(45): require_once('C:\\Users\\PC Kan...')
#11 {main}
CRITICAL - 2022-05-28 08:38:59 --> Declaration of Modules\LayoutDepan\Controllers\Layout::datadata() should be compatible with App\Controllers\BaseController::datadata($datasend)
#0 C:\Users\PC Kantor-3\Documents\DOCUMENT KANTOR\PROJECT CI4\wiki\modules\LayoutDepan\Controllers\Layout.php(8): CodeIgniter\Debug\Exceptions->errorHandler(2, 'Declaration of ...', 'C:\\Users\\PC Kan...', 39, Array)
#1 C:\Users\PC Kantor-3\Documents\DOCUMENT KANTOR\PROJECT CI4\wiki\vendor\codeigniter4\framework\system\Autoloader\Autoloader.php(294): include_once('C:\\Users\\PC Kan...')
#2 C:\Users\PC Kantor-3\Documents\DOCUMENT KANTOR\PROJECT CI4\wiki\vendor\codeigniter4\framework\system\Autoloader\Autoloader.php(265): CodeIgniter\Autoloader\Autoloader->includeFile('C:\\Users\\PC Kan...')
#3 C:\Users\PC Kantor-3\Documents\DOCUMENT KANTOR\PROJECT CI4\wiki\vendor\codeigniter4\framework\system\Autoloader\Autoloader.php(228): CodeIgniter\Autoloader\Autoloader->loadInNamespace('Modules\\LayoutD...')
#4 [internal function]: CodeIgniter\Autoloader\Autoloader->loadClass('Modules\\LayoutD...')
#5 [internal function]: spl_autoload_call('Modules\\LayoutD...')
#6 C:\Users\PC Kantor-3\Documents\DOCUMENT KANTOR\PROJECT CI4\wiki\vendor\codeigniter4\framework\system\CodeIgniter.php(897): class_exists('\\Modules\\Layout...', true)
#7 C:\Users\PC Kantor-3\Documents\DOCUMENT KANTOR\PROJECT CI4\wiki\vendor\codeigniter4\framework\system\CodeIgniter.php(421): CodeIgniter\CodeIgniter->startController()
#8 C:\Users\PC Kantor-3\Documents\DOCUMENT KANTOR\PROJECT CI4\wiki\vendor\codeigniter4\framework\system\CodeIgniter.php(337): CodeIgniter\CodeIgniter->handleRequest(NULL, Object(Config\Cache), false)
#9 C:\Users\PC Kantor-3\Documents\DOCUMENT KANTOR\PROJECT CI4\wiki\public\index.php(44): CodeIgniter\CodeIgniter->run()
#10 C:\Users\PC Kantor-3\Documents\DOCUMENT KANTOR\PROJECT CI4\wiki\vendor\codeigniter4\framework\system\Commands\Server\rewrite.php(45): require_once('C:\\Users\\PC Kan...')
#11 {main}
CRITICAL - 2022-05-28 08:39:08 --> Declaration of Modules\LayoutDepan\Controllers\Layout::datadata() should be compatible with App\Controllers\BaseController::datadata($datasend)
#0 C:\Users\PC Kantor-3\Documents\DOCUMENT KANTOR\PROJECT CI4\wiki\modules\LayoutDepan\Controllers\Layout.php(8): CodeIgniter\Debug\Exceptions->errorHandler(2, 'Declaration of ...', 'C:\\Users\\PC Kan...', 39, Array)
#1 C:\Users\PC Kantor-3\Documents\DOCUMENT KANTOR\PROJECT CI4\wiki\vendor\codeigniter4\framework\system\Autoloader\Autoloader.php(294): include_once('C:\\Users\\PC Kan...')
#2 C:\Users\PC Kantor-3\Documents\DOCUMENT KANTOR\PROJECT CI4\wiki\vendor\codeigniter4\framework\system\Autoloader\Autoloader.php(265): CodeIgniter\Autoloader\Autoloader->includeFile('C:\\Users\\PC Kan...')
#3 C:\Users\PC Kantor-3\Documents\DOCUMENT KANTOR\PROJECT CI4\wiki\vendor\codeigniter4\framework\system\Autoloader\Autoloader.php(228): CodeIgniter\Autoloader\Autoloader->loadInNamespace('Modules\\LayoutD...')
#4 [internal function]: CodeIgniter\Autoloader\Autoloader->loadClass('Modules\\LayoutD...')
#5 [internal function]: spl_autoload_call('Modules\\LayoutD...')
#6 C:\Users\PC Kantor-3\Documents\DOCUMENT KANTOR\PROJECT CI4\wiki\vendor\codeigniter4\framework\system\CodeIgniter.php(897): class_exists('\\Modules\\Layout...', true)
#7 C:\Users\PC Kantor-3\Documents\DOCUMENT KANTOR\PROJECT CI4\wiki\vendor\codeigniter4\framework\system\CodeIgniter.php(421): CodeIgniter\CodeIgniter->startController()
#8 C:\Users\PC Kantor-3\Documents\DOCUMENT KANTOR\PROJECT CI4\wiki\vendor\codeigniter4\framework\system\CodeIgniter.php(337): CodeIgniter\CodeIgniter->handleRequest(NULL, Object(Config\Cache), false)
#9 C:\Users\PC Kantor-3\Documents\DOCUMENT KANTOR\PROJECT CI4\wiki\public\index.php(44): CodeIgniter\CodeIgniter->run()
#10 C:\Users\PC Kantor-3\Documents\DOCUMENT KANTOR\PROJECT CI4\wiki\vendor\codeigniter4\framework\system\Commands\Server\rewrite.php(45): require_once('C:\\Users\\PC Kan...')
#11 {main}
CRITICAL - 2022-05-28 08:39:09 --> Declaration of Modules\LayoutDepan\Controllers\Layout::datadata() should be compatible with App\Controllers\BaseController::datadata($datasend)
#0 C:\Users\PC Kantor-3\Documents\DOCUMENT KANTOR\PROJECT CI4\wiki\modules\LayoutDepan\Controllers\Layout.php(8): CodeIgniter\Debug\Exceptions->errorHandler(2, 'Declaration of ...', 'C:\\Users\\PC Kan...', 39, Array)
#1 C:\Users\PC Kantor-3\Documents\DOCUMENT KANTOR\PROJECT CI4\wiki\vendor\codeigniter4\framework\system\Autoloader\Autoloader.php(294): include_once('C:\\Users\\PC Kan...')
#2 C:\Users\PC Kantor-3\Documents\DOCUMENT KANTOR\PROJECT CI4\wiki\vendor\codeigniter4\framework\system\Autoloader\Autoloader.php(265): CodeIgniter\Autoloader\Autoloader->includeFile('C:\\Users\\PC Kan...')
#3 C:\Users\PC Kantor-3\Documents\DOCUMENT KANTOR\PROJECT CI4\wiki\vendor\codeigniter4\framework\system\Autoloader\Autoloader.php(228): CodeIgniter\Autoloader\Autoloader->loadInNamespace('Modules\\LayoutD...')
#4 [internal function]: CodeIgniter\Autoloader\Autoloader->loadClass('Modules\\LayoutD...')
#5 [internal function]: spl_autoload_call('Modules\\LayoutD...')
#6 C:\Users\PC Kantor-3\Documents\DOCUMENT KANTOR\PROJECT CI4\wiki\vendor\codeigniter4\framework\system\CodeIgniter.php(897): class_exists('\\Modules\\Layout...', true)
#7 C:\Users\PC Kantor-3\Documents\DOCUMENT KANTOR\PROJECT CI4\wiki\vendor\codeigniter4\framework\system\CodeIgniter.php(421): CodeIgniter\CodeIgniter->startController()
#8 C:\Users\PC Kantor-3\Documents\DOCUMENT KANTOR\PROJECT CI4\wiki\vendor\codeigniter4\framework\system\CodeIgniter.php(337): CodeIgniter\CodeIgniter->handleRequest(NULL, Object(Config\Cache), false)
#9 C:\Users\PC Kantor-3\Documents\DOCUMENT KANTOR\PROJECT CI4\wiki\public\index.php(44): CodeIgniter\CodeIgniter->run()
#10 C:\Users\PC Kantor-3\Documents\DOCUMENT KANTOR\PROJECT CI4\wiki\vendor\codeigniter4\framework\system\Commands\Server\rewrite.php(45): require_once('C:\\Users\\PC Kan...')
#11 {main}
CRITICAL - 2022-05-28 08:39:10 --> Declaration of Modules\LayoutDepan\Controllers\Layout::datadata() should be compatible with App\Controllers\BaseController::datadata($datasend)
#0 C:\Users\PC Kantor-3\Documents\DOCUMENT KANTOR\PROJECT CI4\wiki\modules\LayoutDepan\Controllers\Layout.php(8): CodeIgniter\Debug\Exceptions->errorHandler(2, 'Declaration of ...', 'C:\\Users\\PC Kan...', 39, Array)
#1 C:\Users\PC Kantor-3\Documents\DOCUMENT KANTOR\PROJECT CI4\wiki\vendor\codeigniter4\framework\system\Autoloader\Autoloader.php(294): include_once('C:\\Users\\PC Kan...')
#2 C:\Users\PC Kantor-3\Documents\DOCUMENT KANTOR\PROJECT CI4\wiki\vendor\codeigniter4\framework\system\Autoloader\Autoloader.php(265): CodeIgniter\Autoloader\Autoloader->includeFile('C:\\Users\\PC Kan...')
#3 C:\Users\PC Kantor-3\Documents\DOCUMENT KANTOR\PROJECT CI4\wiki\vendor\codeigniter4\framework\system\Autoloader\Autoloader.php(228): CodeIgniter\Autoloader\Autoloader->loadInNamespace('Modules\\LayoutD...')
#4 [internal function]: CodeIgniter\Autoloader\Autoloader->loadClass('Modules\\LayoutD...')
#5 [internal function]: spl_autoload_call('Modules\\LayoutD...')
#6 C:\Users\PC Kantor-3\Documents\DOCUMENT KANTOR\PROJECT CI4\wiki\vendor\codeigniter4\framework\system\CodeIgniter.php(897): class_exists('\\Modules\\Layout...', true)
#7 C:\Users\PC Kantor-3\Documents\DOCUMENT KANTOR\PROJECT CI4\wiki\vendor\codeigniter4\framework\system\CodeIgniter.php(421): CodeIgniter\CodeIgniter->startController()
#8 C:\Users\PC Kantor-3\Documents\DOCUMENT KANTOR\PROJECT CI4\wiki\vendor\codeigniter4\framework\system\CodeIgniter.php(337): CodeIgniter\CodeIgniter->handleRequest(NULL, Object(Config\Cache), false)
#9 C:\Users\PC Kantor-3\Documents\DOCUMENT KANTOR\PROJECT CI4\wiki\public\index.php(44): CodeIgniter\CodeIgniter->run()
#10 C:\Users\PC Kantor-3\Documents\DOCUMENT KANTOR\PROJECT CI4\wiki\vendor\codeigniter4\framework\system\Commands\Server\rewrite.php(45): require_once('C:\\Users\\PC Kan...')
#11 {main}
CRITICAL - 2022-05-28 08:39:39 --> Declaration of Modules\LayoutDepan\Controllers\Layout::datadata() should be compatible with App\Controllers\BaseController::datadata($datasend)
#0 C:\Users\PC Kantor-3\Documents\DOCUMENT KANTOR\PROJECT CI4\wiki\modules\LayoutDepan\Controllers\Layout.php(8): CodeIgniter\Debug\Exceptions->errorHandler(2, 'Declaration of ...', 'C:\\Users\\PC Kan...', 37, Array)
#1 C:\Users\PC Kantor-3\Documents\DOCUMENT KANTOR\PROJECT CI4\wiki\vendor\codeigniter4\framework\system\Autoloader\Autoloader.php(294): include_once('C:\\Users\\PC Kan...')
#2 C:\Users\PC Kantor-3\Documents\DOCUMENT KANTOR\PROJECT CI4\wiki\vendor\codeigniter4\framework\system\Autoloader\Autoloader.php(265): CodeIgniter\Autoloader\Autoloader->includeFile('C:\\Users\\PC Kan...')
#3 C:\Users\PC Kantor-3\Documents\DOCUMENT KANTOR\PROJECT CI4\wiki\vendor\codeigniter4\framework\system\Autoloader\Autoloader.php(228): CodeIgniter\Autoloader\Autoloader->loadInNamespace('Modules\\LayoutD...')
#4 [internal function]: CodeIgniter\Autoloader\Autoloader->loadClass('Modules\\LayoutD...')
#5 [internal function]: spl_autoload_call('Modules\\LayoutD...')
#6 C:\Users\PC Kantor-3\Documents\DOCUMENT KANTOR\PROJECT CI4\wiki\vendor\codeigniter4\framework\system\CodeIgniter.php(897): class_exists('\\Modules\\Layout...', true)
#7 C:\Users\PC Kantor-3\Documents\DOCUMENT KANTOR\PROJECT CI4\wiki\vendor\codeigniter4\framework\system\CodeIgniter.php(421): CodeIgniter\CodeIgniter->startController()
#8 C:\Users\PC Kantor-3\Documents\DOCUMENT KANTOR\PROJECT CI4\wiki\vendor\codeigniter4\framework\system\CodeIgniter.php(337): CodeIgniter\CodeIgniter->handleRequest(NULL, Object(Config\Cache), false)
#9 C:\Users\PC Kantor-3\Documents\DOCUMENT KANTOR\PROJECT CI4\wiki\public\index.php(44): CodeIgniter\CodeIgniter->run()
#10 C:\Users\PC Kantor-3\Documents\DOCUMENT KANTOR\PROJECT CI4\wiki\vendor\codeigniter4\framework\system\Commands\Server\rewrite.php(45): require_once('C:\\Users\\PC Kan...')
#11 {main}
CRITICAL - 2022-05-28 08:39:45 --> Declaration of Modules\LayoutDepan\Controllers\Layout::datadata() should be compatible with App\Controllers\BaseController::datadata($datasend)
#0 C:\Users\PC Kantor-3\Documents\DOCUMENT KANTOR\PROJECT CI4\wiki\modules\LayoutDepan\Controllers\Layout.php(8): CodeIgniter\Debug\Exceptions->errorHandler(2, 'Declaration of ...', 'C:\\Users\\PC Kan...', 37, Array)
#1 C:\Users\PC Kantor-3\Documents\DOCUMENT KANTOR\PROJECT CI4\wiki\vendor\codeigniter4\framework\system\Autoloader\Autoloader.php(294): include_once('C:\\Users\\PC Kan...')
#2 C:\Users\PC Kantor-3\Documents\DOCUMENT KANTOR\PROJECT CI4\wiki\vendor\codeigniter4\framework\system\Autoloader\Autoloader.php(265): CodeIgniter\Autoloader\Autoloader->includeFile('C:\\Users\\PC Kan...')
#3 C:\Users\PC Kantor-3\Documents\DOCUMENT KANTOR\PROJECT CI4\wiki\vendor\codeigniter4\framework\system\Autoloader\Autoloader.php(228): CodeIgniter\Autoloader\Autoloader->loadInNamespace('Modules\\LayoutD...')
#4 [internal function]: CodeIgniter\Autoloader\Autoloader->loadClass('Modules\\LayoutD...')
#5 [internal function]: spl_autoload_call('Modules\\LayoutD...')
#6 C:\Users\PC Kantor-3\Documents\DOCUMENT KANTOR\PROJECT CI4\wiki\vendor\codeigniter4\framework\system\CodeIgniter.php(897): class_exists('\\Modules\\Layout...', true)
#7 C:\Users\PC Kantor-3\Documents\DOCUMENT KANTOR\PROJECT CI4\wiki\vendor\codeigniter4\framework\system\CodeIgniter.php(421): CodeIgniter\CodeIgniter->startController()
#8 C:\Users\PC Kantor-3\Documents\DOCUMENT KANTOR\PROJECT CI4\wiki\vendor\codeigniter4\framework\system\CodeIgniter.php(337): CodeIgniter\CodeIgniter->handleRequest(NULL, Object(Config\Cache), false)
#9 C:\Users\PC Kantor-3\Documents\DOCUMENT KANTOR\PROJECT CI4\wiki\public\index.php(44): CodeIgniter\CodeIgniter->run()
#10 C:\Users\PC Kantor-3\Documents\DOCUMENT KANTOR\PROJECT CI4\wiki\vendor\codeigniter4\framework\system\Commands\Server\rewrite.php(45): require_once('C:\\Users\\PC Kan...')
#11 {main}
CRITICAL - 2022-05-28 08:44:05 --> Undefined variable: kategori
#0 C:\Users\PC Kantor-3\Documents\DOCUMENT KANTOR\PROJECT CI4\wiki\modules\LayoutDepan\Views\home.php(23): CodeIgniter\Debug\Exceptions->errorHandler(8, 'Undefined varia...', 'C:\\Users\\PC Kan...', 23, Array)
#1 C:\Users\PC Kantor-3\Documents\DOCUMENT KANTOR\PROJECT CI4\wiki\vendor\codeigniter4\framework\system\View\View.php(220): include('C:\\Users\\PC Kan...')
#2 C:\Users\PC Kantor-3\Documents\DOCUMENT KANTOR\PROJECT CI4\wiki\vendor\codeigniter4\framework\system\View\View.php(222): CodeIgniter\View\View->CodeIgniter\View\{closure}()
#3 C:\Users\PC Kantor-3\Documents\DOCUMENT KANTOR\PROJECT CI4\wiki\vendor\codeigniter4\framework\system\Common.php(1217): CodeIgniter\View\View->render('Modules\\LayoutD...', Array, true)
#4 C:\Users\PC Kantor-3\Documents\DOCUMENT KANTOR\PROJECT CI4\wiki\modules\LayoutDepan\Controllers\Layout.php(35): view('Modules\\LayoutD...', Array)
#5 C:\Users\PC Kantor-3\Documents\DOCUMENT KANTOR\PROJECT CI4\wiki\vendor\codeigniter4\framework\system\CodeIgniter.php(940): Modules\LayoutDepan\Controllers\Layout->index()
#6 C:\Users\PC Kantor-3\Documents\DOCUMENT KANTOR\PROJECT CI4\wiki\vendor\codeigniter4\framework\system\CodeIgniter.php(436): CodeIgniter\CodeIgniter->runController(Object(Modules\LayoutDepan\Controllers\Layout))
#7 C:\Users\PC Kantor-3\Documents\DOCUMENT KANTOR\PROJECT CI4\wiki\vendor\codeigniter4\framework\system\CodeIgniter.php(337): CodeIgniter\CodeIgniter->handleRequest(NULL, Object(Config\Cache), false)
#8 C:\Users\PC Kantor-3\Documents\DOCUMENT KANTOR\PROJECT CI4\wiki\public\index.php(44): CodeIgniter\CodeIgniter->run()
#9 C:\Users\PC Kantor-3\Documents\DOCUMENT KANTOR\PROJECT CI4\wiki\vendor\codeigniter4\framework\system\Commands\Server\rewrite.php(45): require_once('C:\\Users\\PC Kan...')
#10 {main}
ERROR - 2022-05-28 09:12:35 --> mysqli_sql_exception: You have an error in your SQL syntax; check the manual that corresponds to your MariaDB server version for the right syntax to use near '0) VALUES (('371f61c0ac783528eea473604af2854f10311f74','Indonesia','indonesia...' at line 1 in C:\Users\PC Kantor-3\Documents\DOCUMENT KANTOR\PROJECT CI4\wiki\vendor\codeigniter4\framework\system\Database\MySQLi\Connection.php:314
Stack trace:
#0 C:\Users\PC Kantor-3\Documents\DOCUMENT KANTOR\PROJECT CI4\wiki\vendor\codeigniter4\framework\system\Database\MySQLi\Connection.php(314): mysqli->query('INSERT INTO `x_...')
#1 C:\Users\PC Kantor-3\Documents\DOCUMENT KANTOR\PROJECT CI4\wiki\vendor\codeigniter4\framework\system\Database\BaseConnection.php(713): CodeIgniter\Database\MySQLi\Connection->execute('INSERT INTO `x_...')
#2 C:\Users\PC Kantor-3\Documents\DOCUMENT KANTOR\PROJECT CI4\wiki\vendor\codeigniter4\framework\system\Database\BaseConnection.php(641): CodeIgniter\Database\BaseConnection->simpleQuery('INSERT INTO `x_...')
#3 C:\Users\PC Kantor-3\Documents\DOCUMENT KANTOR\PROJECT CI4\wiki\vendor\codeigniter4\framework\system\Database\BaseBuilder.php(2263): CodeIgniter\Database\BaseConnection->query('INSERT INTO `x_...', Array, false)
#4 C:\Users\PC Kantor-3\Documents\DOCUMENT KANTOR\PROJECT CI4\wiki\app\Controllers\BaseController.php(160): CodeIgniter\Database\BaseBuilder->insert(Array)
#5 C:\Users\PC Kantor-3\Documents\DOCUMENT KANTOR\PROJECT CI4\wiki\modules\LayoutDepan\Controllers\Layout.php(44): App\Controllers\BaseController->datadata(Array)
#6 C:\Users\PC Kantor-3\Documents\DOCUMENT KANTOR\PROJECT CI4\wiki\vendor\codeigniter4\framework\system\CodeIgniter.php(940): Modules\LayoutDepan\Controllers\Layout->datawiki()
#7 C:\Users\PC Kantor-3\Documents\DOCUMENT KANTOR\PROJECT CI4\wiki\vendor\codeigniter4\framework\system\CodeIgniter.php(436): CodeIgniter\CodeIgniter->runController(Object(Modules\LayoutDepan\Controllers\Layout))
#8 C:\Users\PC Kantor-3\Documents\DOCUMENT KANTOR\PROJECT CI4\wiki\vendor\codeigniter4\framework\system\CodeIgniter.php(337): CodeIgniter\CodeIgniter->handleRequest(NULL, Object(Config\Cache), false)
#9 C:\Users\PC Kantor-3\Documents\DOCUMENT KANTOR\PROJECT CI4\wiki\public\index.php(44): CodeIgniter\CodeIgniter->run()
#10 C:\Users\PC Kantor-3\Documents\DOCUMENT KANTOR\PROJECT CI4\wiki\vendor\codeigniter4\framework\system\Commands\Server\rewrite.php(45): require_once('C:\\Users\\PC Kan...')
#11 {main}
CRITICAL - 2022-05-28 09:12:35 --> You have an error in your SQL syntax; check the manual that corresponds to your MariaDB server version for the right syntax to use near '0) VALUES (('371f61c0ac783528eea473604af2854f10311f74','Indonesia','indonesia...' at line 1
#0 C:\Users\PC Kantor-3\Documents\DOCUMENT KANTOR\PROJECT CI4\wiki\vendor\codeigniter4\framework\system\Database\MySQLi\Connection.php(314): mysqli->query('INSERT INTO `x_...')
#1 C:\Users\PC Kantor-3\Documents\DOCUMENT KANTOR\PROJECT CI4\wiki\vendor\codeigniter4\framework\system\Database\BaseConnection.php(713): CodeIgniter\Database\MySQLi\Connection->execute('INSERT INTO `x_...')
#2 C:\Users\PC Kantor-3\Documents\DOCUMENT KANTOR\PROJECT CI4\wiki\vendor\codeigniter4\framework\system\Database\BaseConnection.php(641): CodeIgniter\Database\BaseConnection->simpleQuery('INSERT INTO `x_...')
#3 C:\Users\PC Kantor-3\Documents\DOCUMENT KANTOR\PROJECT CI4\wiki\vendor\codeigniter4\framework\system\Database\BaseBuilder.php(2263): CodeIgniter\Database\BaseConnection->query('INSERT INTO `x_...', Array, false)
#4 C:\Users\PC Kantor-3\Documents\DOCUMENT KANTOR\PROJECT CI4\wiki\app\Controllers\BaseController.php(160): CodeIgniter\Database\BaseBuilder->insert(Array)
#5 C:\Users\PC Kantor-3\Documents\DOCUMENT KANTOR\PROJECT CI4\wiki\modules\LayoutDepan\Controllers\Layout.php(44): App\Controllers\BaseController->datadata(Array)
#6 C:\Users\PC Kantor-3\Documents\DOCUMENT KANTOR\PROJECT CI4\wiki\vendor\codeigniter4\framework\system\CodeIgniter.php(940): Modules\LayoutDepan\Controllers\Layout->datawiki()
#7 C:\Users\PC Kantor-3\Documents\DOCUMENT KANTOR\PROJECT CI4\wiki\vendor\codeigniter4\framework\system\CodeIgniter.php(436): CodeIgniter\CodeIgniter->runController(Object(Modules\LayoutDepan\Controllers\Layout))
#8 C:\Users\PC Kantor-3\Documents\DOCUMENT KANTOR\PROJECT CI4\wiki\vendor\codeigniter4\framework\system\CodeIgniter.php(337): CodeIgniter\CodeIgniter->handleRequest(NULL, Object(Config\Cache), false)
#9 C:\Users\PC Kantor-3\Documents\DOCUMENT KANTOR\PROJECT CI4\wiki\public\index.php(44): CodeIgniter\CodeIgniter->run()
#10 C:\Users\PC Kantor-3\Documents\DOCUMENT KANTOR\PROJECT CI4\wiki\vendor\codeigniter4\framework\system\Commands\Server\rewrite.php(45): require_once('C:\\Users\\PC Kan...')
#11 {main}
ERROR - 2022-05-28 09:12:57 --> mysqli_sql_exception: Table 'database_toko.x_halaman' doesn't exist in C:\Users\PC Kantor-3\Documents\DOCUMENT KANTOR\PROJECT CI4\wiki\vendor\codeigniter4\framework\system\Database\MySQLi\Connection.php:314
Stack trace:
#0 C:\Users\PC Kantor-3\Documents\DOCUMENT KANTOR\PROJECT CI4\wiki\vendor\codeigniter4\framework\system\Database\MySQLi\Connection.php(314): mysqli->query('INSERT INTO `x_...')
#1 C:\Users\PC Kantor-3\Documents\DOCUMENT KANTOR\PROJECT CI4\wiki\vendor\codeigniter4\framework\system\Database\BaseConnection.php(713): CodeIgniter\Database\MySQLi\Connection->execute('INSERT INTO `x_...')
#2 C:\Users\PC Kantor-3\Documents\DOCUMENT KANTOR\PROJECT CI4\wiki\vendor\codeigniter4\framework\system\Database\BaseConnection.php(641): CodeIgniter\Database\BaseConnection->simpleQuery('INSERT INTO `x_...')
#3 C:\Users\PC Kantor-3\Documents\DOCUMENT KANTOR\PROJECT CI4\wiki\vendor\codeigniter4\framework\system\Database\BaseBuilder.php(2263): CodeIgniter\Database\BaseConnection->query('INSERT INTO `x_...', Array, false)
#4 C:\Users\PC Kantor-3\Documents\DOCUMENT KANTOR\PROJECT CI4\wiki\app\Controllers\BaseController.php(160): CodeIgniter\Database\BaseBuilder->insert(Array)
#5 C:\Users\PC Kantor-3\Documents\DOCUMENT KANTOR\PROJECT CI4\wiki\modules\LayoutDepan\Controllers\Layout.php(44): App\Controllers\BaseController->datadata(Array)
#6 C:\Users\PC Kantor-3\Documents\DOCUMENT KANTOR\PROJECT CI4\wiki\vendor\codeigniter4\framework\system\CodeIgniter.php(940): Modules\LayoutDepan\Controllers\Layout->datawiki()
#7 C:\Users\PC Kantor-3\Documents\DOCUMENT KANTOR\PROJECT CI4\wiki\vendor\codeigniter4\framework\system\CodeIgniter.php(436): CodeIgniter\CodeIgniter->runController(Object(Modules\LayoutDepan\Controllers\Layout))
#8 C:\Users\PC Kantor-3\Documents\DOCUMENT KANTOR\PROJECT CI4\wiki\vendor\codeigniter4\framework\system\CodeIgniter.php(337): CodeIgniter\CodeIgniter->handleRequest(NULL, Object(Config\Cache), false)
#9 C:\Users\PC Kantor-3\Documents\DOCUMENT KANTOR\PROJECT CI4\wiki\public\index.php(44): CodeIgniter\CodeIgniter->run()
#10 C:\Users\PC Kantor-3\Documents\DOCUMENT KANTOR\PROJECT CI4\wiki\vendor\codeigniter4\framework\system\Commands\Server\rewrite.php(45): require_once('C:\\Users\\PC Kan...')
#11 {main}
CRITICAL - 2022-05-28 09:12:57 --> Table 'database_toko.x_halaman' doesn't exist
#0 C:\Users\PC Kantor-3\Documents\DOCUMENT KANTOR\PROJECT CI4\wiki\vendor\codeigniter4\framework\system\Database\MySQLi\Connection.php(314): mysqli->query('INSERT INTO `x_...')
#1 C:\Users\PC Kantor-3\Documents\DOCUMENT KANTOR\PROJECT CI4\wiki\vendor\codeigniter4\framework\system\Database\BaseConnection.php(713): CodeIgniter\Database\MySQLi\Connection->execute('INSERT INTO `x_...')
#2 C:\Users\PC Kantor-3\Documents\DOCUMENT KANTOR\PROJECT CI4\wiki\vendor\codeigniter4\framework\system\Database\BaseConnection.php(641): CodeIgniter\Database\BaseConnection->simpleQuery('INSERT INTO `x_...')
#3 C:\Users\PC Kantor-3\Documents\DOCUMENT KANTOR\PROJECT CI4\wiki\vendor\codeigniter4\framework\system\Database\BaseBuilder.php(2263): CodeIgniter\Database\BaseConnection->query('INSERT INTO `x_...', Array, false)
#4 C:\Users\PC Kantor-3\Documents\DOCUMENT KANTOR\PROJECT CI4\wiki\app\Controllers\BaseController.php(160): CodeIgniter\Database\BaseBuilder->insert(Array)
#5 C:\Users\PC Kantor-3\Documents\DOCUMENT KANTOR\PROJECT CI4\wiki\modules\LayoutDepan\Controllers\Layout.php(44): App\Controllers\BaseController->datadata(Array)
#6 C:\Users\PC Kantor-3\Documents\DOCUMENT KANTOR\PROJECT CI4\wiki\vendor\codeigniter4\framework\system\CodeIgniter.php(940): Modules\LayoutDepan\Controllers\Layout->datawiki()
#7 C:\Users\PC Kantor-3\Documents\DOCUMENT KANTOR\PROJECT CI4\wiki\vendor\codeigniter4\framework\system\CodeIgniter.php(436): CodeIgniter\CodeIgniter->runController(Object(Modules\LayoutDepan\Controllers\Layout))
#8 C:\Users\PC Kantor-3\Documents\DOCUMENT KANTOR\PROJECT CI4\wiki\vendor\codeigniter4\framework\system\CodeIgniter.php(337): CodeIgniter\CodeIgniter->handleRequest(NULL, Object(Config\Cache), false)
#9 C:\Users\PC Kantor-3\Documents\DOCUMENT KANTOR\PROJECT CI4\wiki\public\index.php(44): CodeIgniter\CodeIgniter->run()
#10 C:\Users\PC Kantor-3\Documents\DOCUMENT KANTOR\PROJECT CI4\wiki\vendor\codeigniter4\framework\system\Commands\Server\rewrite.php(45): require_once('C:\\Users\\PC Kan...')
#11 {main}
CRITICAL - 2022-05-28 09:20:15 --> Undefined index: query
#0 C:\Users\PC Kantor-3\Documents\DOCUMENT KANTOR\PROJECT CI4\wiki\app\Controllers\BaseController.php(115): CodeIgniter\Debug\Exceptions->errorHandler(8, 'Undefined index...', 'C:\\Users\\PC Kan...', 115, Array)
#1 C:\Users\PC Kantor-3\Documents\DOCUMENT KANTOR\PROJECT CI4\wiki\modules\LayoutDepan\Controllers\Layout.php(44): App\Controllers\BaseController->datadata(Array)
#2 C:\Users\PC Kantor-3\Documents\DOCUMENT KANTOR\PROJECT CI4\wiki\vendor\codeigniter4\framework\system\CodeIgniter.php(940): Modules\LayoutDepan\Controllers\Layout->datawiki()
#3 C:\Users\PC Kantor-3\Documents\DOCUMENT KANTOR\PROJECT CI4\wiki\vendor\codeigniter4\framework\system\CodeIgniter.php(436): CodeIgniter\CodeIgniter->runController(Object(Modules\LayoutDepan\Controllers\Layout))
#4 C:\Users\PC Kantor-3\Documents\DOCUMENT KANTOR\PROJECT CI4\wiki\vendor\codeigniter4\framework\system\CodeIgniter.php(337): CodeIgniter\CodeIgniter->handleRequest(NULL, Object(Config\Cache), false)
#5 C:\Users\PC Kantor-3\Documents\DOCUMENT KANTOR\PROJECT CI4\wiki\public\index.php(44): CodeIgniter\CodeIgniter->run()
#6 C:\Users\PC Kantor-3\Documents\DOCUMENT KANTOR\PROJECT CI4\wiki\vendor\codeigniter4\framework\system\Commands\Server\rewrite.php(45): require_once('C:\\Users\\PC Kan...')
#7 {main}
CRITICAL - 2022-05-28 12:01:53 --> Call to undefined method CodeIgniter\Database\MySQLi\Builder::countAllResult()
#0 C:\Users\PC Kantor-3\Documents\DOCUMENT KANTOR\PROJECT CI4\wiki\modules\LayoutDepan\Controllers\Layout.php(44): App\Controllers\BaseController->datadata(Array)
#1 C:\Users\PC Kantor-3\Documents\DOCUMENT KANTOR\PROJECT CI4\wiki\vendor\codeigniter4\framework\system\CodeIgniter.php(940): Modules\LayoutDepan\Controllers\Layout->datawiki()
#2 C:\Users\PC Kantor-3\Documents\DOCUMENT KANTOR\PROJECT CI4\wiki\vendor\codeigniter4\framework\system\CodeIgniter.php(436): CodeIgniter\CodeIgniter->runController(Object(Modules\LayoutDepan\Controllers\Layout))
#3 C:\Users\PC Kantor-3\Documents\DOCUMENT KANTOR\PROJECT CI4\wiki\vendor\codeigniter4\framework\system\CodeIgniter.php(337): CodeIgniter\CodeIgniter->handleRequest(NULL, Object(Config\Cache), false)
#4 C:\Users\PC Kantor-3\Documents\DOCUMENT KANTOR\PROJECT CI4\wiki\public\index.php(44): CodeIgniter\CodeIgniter->run()
#5 C:\Users\PC Kantor-3\Documents\DOCUMENT KANTOR\PROJECT CI4\wiki\vendor\codeigniter4\framework\system\Commands\Server\rewrite.php(45): require_once('C:\\Users\\PC Kan...')
#6 {main}
ERROR - 2022-05-28 15:41:01 --> mysqli_sql_exception: Table 'database_ku.halaman' doesn't exist in C:\Users\PC Kantor-3\Documents\DOCUMENT KANTOR\PROJECT CI4\wiki\vendor\codeigniter4\framework\system\Database\MySQLi\Connection.php:314
Stack trace:
#0 C:\Users\PC Kantor-3\Documents\DOCUMENT KANTOR\PROJECT CI4\wiki\vendor\codeigniter4\framework\system\Database\MySQLi\Connection.php(314): mysqli->query('SELECT `namahal...')
#1 C:\Users\PC Kantor-3\Documents\DOCUMENT KANTOR\PROJECT CI4\wiki\vendor\codeigniter4\framework\system\Database\BaseConnection.php(713): CodeIgniter\Database\MySQLi\Connection->execute('SELECT `namahal...')
#2 C:\Users\PC Kantor-3\Documents\DOCUMENT KANTOR\PROJECT CI4\wiki\vendor\codeigniter4\framework\system\Database\BaseConnection.php(641): CodeIgniter\Database\BaseConnection->simpleQuery('SELECT `namahal...')
#3 C:\Users\PC Kantor-3\Documents\DOCUMENT KANTOR\PROJECT CI4\wiki\vendor\codeigniter4\framework\system\Database\BaseBuilder.php(1866): CodeIgniter\Database\BaseConnection->query('SELECT `namahal...', Array, false)
#4 C:\Users\PC Kantor-3\Documents\DOCUMENT KANTOR\PROJECT CI4\wiki\modules\LayoutDepan\Views\home.php(254): CodeIgniter\Database\BaseBuilder->get()
#5 C:\Users\PC Kantor-3\Documents\DOCUMENT KANTOR\PROJECT CI4\wiki\vendor\codeigniter4\framework\system\View\View.php(220): include('C:\\Users\\PC Kan...')
#6 C:\Users\PC Kantor-3\Documents\DOCUMENT KANTOR\PROJECT CI4\wiki\vendor\codeigniter4\framework\system\View\View.php(222): CodeIgniter\View\View->CodeIgniter\View\{closure}()
#7 C:\Users\PC Kantor-3\Documents\DOCUMENT KANTOR\PROJECT CI4\wiki\vendor\codeigniter4\framework\system\Common.php(1217): CodeIgniter\View\View->render('Modules\\LayoutD...', Array, true)
#8 C:\Users\PC Kantor-3\Documents\DOCUMENT KANTOR\PROJECT CI4\wiki\modules\LayoutDepan\Controllers\Layout.php(37): view('Modules\\LayoutD...', Array)
#9 C:\Users\PC Kantor-3\Documents\DOCUMENT KANTOR\PROJECT CI4\wiki\vendor\codeigniter4\framework\system\CodeIgniter.php(940): Modules\LayoutDepan\Controllers\Layout->index()
#10 C:\Users\PC Kantor-3\Documents\DOCUMENT KANTOR\PROJECT CI4\wiki\vendor\codeigniter4\framework\system\CodeIgniter.php(436): CodeIgniter\CodeIgniter->runController(Object(Modules\LayoutDepan\Controllers\Layout))
#11 C:\Users\PC Kantor-3\Documents\DOCUMENT KANTOR\PROJECT CI4\wiki\vendor\codeigniter4\framework\system\CodeIgniter.php(337): CodeIgniter\CodeIgniter->handleRequest(NULL, Object(Config\Cache), false)
#12 C:\Users\PC Kantor-3\Documents\DOCUMENT KANTOR\PROJECT CI4\wiki\public\index.php(44): CodeIgniter\CodeIgniter->run()
#13 C:\Users\PC Kantor-3\Documents\DOCUMENT KANTOR\PROJECT CI4\wiki\vendor\codeigniter4\framework\system\Commands\Server\rewrite.php(45): require_once('C:\\Users\\PC Kan...')
#14 {main}
CRITICAL - 2022-05-28 15:41:01 --> Table 'database_ku.halaman' doesn't exist
#0 C:\Users\PC Kantor-3\Documents\DOCUMENT KANTOR\PROJECT CI4\wiki\vendor\codeigniter4\framework\system\Database\MySQLi\Connection.php(314): mysqli->query('SELECT `namahal...')
#1 C:\Users\PC Kantor-3\Documents\DOCUMENT KANTOR\PROJECT CI4\wiki\vendor\codeigniter4\framework\system\Database\BaseConnection.php(713): CodeIgniter\Database\MySQLi\Connection->execute('SELECT `namahal...')
#2 C:\Users\PC Kantor-3\Documents\DOCUMENT KANTOR\PROJECT CI4\wiki\vendor\codeigniter4\framework\system\Database\BaseConnection.php(641): CodeIgniter\Database\BaseConnection->simpleQuery('SELECT `namahal...')
#3 C:\Users\PC Kantor-3\Documents\DOCUMENT KANTOR\PROJECT CI4\wiki\vendor\codeigniter4\framework\system\Database\BaseBuilder.php(1866): CodeIgniter\Database\BaseConnection->query('SELECT `namahal...', Array, false)
#4 C:\Users\PC Kantor-3\Documents\DOCUMENT KANTOR\PROJECT CI4\wiki\modules\LayoutDepan\Views\home.php(254): CodeIgniter\Database\BaseBuilder->get()
#5 C:\Users\PC Kantor-3\Documents\DOCUMENT KANTOR\PROJECT CI4\wiki\vendor\codeigniter4\framework\system\View\View.php(220): include('C:\\Users\\PC Kan...')
#6 C:\Users\PC Kantor-3\Documents\DOCUMENT KANTOR\PROJECT CI4\wiki\vendor\codeigniter4\framework\system\View\View.php(222): CodeIgniter\View\View->CodeIgniter\View\{closure}()
#7 C:\Users\PC Kantor-3\Documents\DOCUMENT KANTOR\PROJECT CI4\wiki\vendor\codeigniter4\framework\system\Common.php(1217): CodeIgniter\View\View->render('Modules\\LayoutD...', Array, true)
#8 C:\Users\PC Kantor-3\Documents\DOCUMENT KANTOR\PROJECT CI4\wiki\modules\LayoutDepan\Controllers\Layout.php(37): view('Modules\\LayoutD...', Array)
#9 C:\Users\PC Kantor-3\Documents\DOCUMENT KANTOR\PROJECT CI4\wiki\vendor\codeigniter4\framework\system\CodeIgniter.php(940): Modules\LayoutDepan\Controllers\Layout->index()
#10 C:\Users\PC Kantor-3\Documents\DOCUMENT KANTOR\PROJECT CI4\wiki\vendor\codeigniter4\framework\system\CodeIgniter.php(436): CodeIgniter\CodeIgniter->runController(Object(Modules\LayoutDepan\Controllers\Layout))
#11 C:\Users\PC Kantor-3\Documents\DOCUMENT KANTOR\PROJECT CI4\wiki\vendor\codeigniter4\framework\system\CodeIgniter.php(337): CodeIgniter\CodeIgniter->handleRequest(NULL, Object(Config\Cache), false)
#12 C:\Users\PC Kantor-3\Documents\DOCUMENT KANTOR\PROJECT CI4\wiki\public\index.php(44): CodeIgniter\CodeIgniter->run()
#13 C:\Users\PC Kantor-3\Documents\DOCUMENT KANTOR\PROJECT CI4\wiki\vendor\codeigniter4\framework\system\Commands\Server\rewrite.php(45): require_once('C:\\Users\\PC Kan...')
#14 {main}
CRITICAL - 2022-05-28 15:41:09 --> str_replace() expects at least 3 parameters, 2 given
#0 [internal function]: CodeIgniter\Debug\Exceptions->errorHandler(2, 'str_replace() e...', 'C:\\Users\\PC Kan...', 260, Array)
#1 C:\Users\PC Kantor-3\Documents\DOCUMENT KANTOR\PROJECT CI4\wiki\modules\LayoutDepan\Views\home.php(260): str_replace(' ', '_Indonesia')
#2 C:\Users\PC Kantor-3\Documents\DOCUMENT KANTOR\PROJECT CI4\wiki\vendor\codeigniter4\framework\system\View\View.php(220): include('C:\\Users\\PC Kan...')
#3 C:\Users\PC Kantor-3\Documents\DOCUMENT KANTOR\PROJECT CI4\wiki\vendor\codeigniter4\framework\system\View\View.php(222): CodeIgniter\View\View->CodeIgniter\View\{closure}()
#4 C:\Users\PC Kantor-3\Documents\DOCUMENT KANTOR\PROJECT CI4\wiki\vendor\codeigniter4\framework\system\Common.php(1217): CodeIgniter\View\View->render('Modules\\LayoutD...', Array, true)
#5 C:\Users\PC Kantor-3\Documents\DOCUMENT KANTOR\PROJECT CI4\wiki\modules\LayoutDepan\Controllers\Layout.php(37): view('Modules\\LayoutD...', Array)
#6 C:\Users\PC Kantor-3\Documents\DOCUMENT KANTOR\PROJECT CI4\wiki\vendor\codeigniter4\framework\system\CodeIgniter.php(940): Modules\LayoutDepan\Controllers\Layout->index()
#7 C:\Users\PC Kantor-3\Documents\DOCUMENT KANTOR\PROJECT CI4\wiki\vendor\codeigniter4\framework\system\CodeIgniter.php(436): CodeIgniter\CodeIgniter->runController(Object(Modules\LayoutDepan\Controllers\Layout))
#8 C:\Users\PC Kantor-3\Documents\DOCUMENT KANTOR\PROJECT CI4\wiki\vendor\codeigniter4\framework\system\CodeIgniter.php(337): CodeIgniter\CodeIgniter->handleRequest(NULL, Object(Config\Cache), false)
#9 C:\Users\PC Kantor-3\Documents\DOCUMENT KANTOR\PROJECT CI4\wiki\public\index.php(44): CodeIgniter\CodeIgniter->run()
#10 C:\Users\PC Kantor-3\Documents\DOCUMENT KANTOR\PROJECT CI4\wiki\vendor\codeigniter4\framework\system\Commands\Server\rewrite.php(45): require_once('C:\\Users\\PC Kan...')
#11 {main}
