ERROR - 2022-04-08 08:23:49 --> mysqli_sql_exception: Table 'database_ukm.x_notif' doesn't exist in C:\xampp\htdocs\github\ukm\vendor\codeigniter4\framework\system\Database\MySQLi\Connection.php:314
Stack trace:
#0 C:\xampp\htdocs\github\ukm\vendor\codeigniter4\framework\system\Database\MySQLi\Connection.php(314): mysqli->query('SELECT `x_notif...')
#1 C:\xampp\htdocs\github\ukm\vendor\codeigniter4\framework\system\Database\BaseConnection.php(713): CodeIgniter\Database\MySQLi\Connection->execute('SELECT `x_notif...')
#2 C:\xampp\htdocs\github\ukm\vendor\codeigniter4\framework\system\Database\BaseConnection.php(641): CodeIgniter\Database\BaseConnection->simpleQuery('SELECT `x_notif...')
#3 C:\xampp\htdocs\github\ukm\vendor\codeigniter4\framework\system\Database\BaseBuilder.php(1866): CodeIgniter\Database\BaseConnection->query('SELECT `x_notif...', Array, false)
#4 C:\xampp\htdocs\github\ukm\modules\Layout\Controllers\Layout.php(40): CodeIgniter\Database\BaseBuilder->get()
#5 C:\xampp\htdocs\github\ukm\vendor\codeigniter4\framework\system\CodeIgniter.php(940): Modules\Layout\Controllers\Layout->notifikasiuser()
#6 C:\xampp\htdocs\github\ukm\vendor\codeigniter4\framework\system\CodeIgniter.php(436): CodeIgniter\CodeIgniter->runController(Object(Modules\Layout\Controllers\Layout))
#7 C:\xampp\htdocs\github\ukm\vendor\codeigniter4\framework\system\CodeIgniter.php(337): CodeIgniter\CodeIgniter->handleRequest(NULL, Object(Config\Cache), false)
#8 C:\xampp\htdocs\github\ukm\public\index.php(44): CodeIgniter\CodeIgniter->run()
#9 C:\xampp\htdocs\github\ukm\vendor\codeigniter4\framework\system\Commands\Server\rewrite.php(45): require_once('C:\\xampp\\htdocs...')
#10 {main}
CRITICAL - 2022-04-08 08:23:49 --> Table 'database_ukm.x_notif' doesn't exist
#0 C:\xampp\htdocs\github\ukm\vendor\codeigniter4\framework\system\Database\MySQLi\Connection.php(314): mysqli->query('SELECT `x_notif...')
#1 C:\xampp\htdocs\github\ukm\vendor\codeigniter4\framework\system\Database\BaseConnection.php(713): CodeIgniter\Database\MySQLi\Connection->execute('SELECT `x_notif...')
#2 C:\xampp\htdocs\github\ukm\vendor\codeigniter4\framework\system\Database\BaseConnection.php(641): CodeIgniter\Database\BaseConnection->simpleQuery('SELECT `x_notif...')
#3 C:\xampp\htdocs\github\ukm\vendor\codeigniter4\framework\system\Database\BaseBuilder.php(1866): CodeIgniter\Database\BaseConnection->query('SELECT `x_notif...', Array, false)
#4 C:\xampp\htdocs\github\ukm\modules\Layout\Controllers\Layout.php(40): CodeIgniter\Database\BaseBuilder->get()
#5 C:\xampp\htdocs\github\ukm\vendor\codeigniter4\framework\system\CodeIgniter.php(940): Modules\Layout\Controllers\Layout->notifikasiuser()
#6 C:\xampp\htdocs\github\ukm\vendor\codeigniter4\framework\system\CodeIgniter.php(436): CodeIgniter\CodeIgniter->runController(Object(Modules\Layout\Controllers\Layout))
#7 C:\xampp\htdocs\github\ukm\vendor\codeigniter4\framework\system\CodeIgniter.php(337): CodeIgniter\CodeIgniter->handleRequest(NULL, Object(Config\Cache), false)
#8 C:\xampp\htdocs\github\ukm\public\index.php(44): CodeIgniter\CodeIgniter->run()
#9 C:\xampp\htdocs\github\ukm\vendor\codeigniter4\framework\system\Commands\Server\rewrite.php(45): require_once('C:\\xampp\\htdocs...')
#10 {main}
ERROR - 2022-04-08 08:23:54 --> mysqli_sql_exception: Table 'database_ukm.x_notif' doesn't exist in C:\xampp\htdocs\github\ukm\vendor\codeigniter4\framework\system\Database\MySQLi\Connection.php:314
Stack trace:
#0 C:\xampp\htdocs\github\ukm\vendor\codeigniter4\framework\system\Database\MySQLi\Connection.php(314): mysqli->query('SELECT `x_notif...')
#1 C:\xampp\htdocs\github\ukm\vendor\codeigniter4\framework\system\Database\BaseConnection.php(713): CodeIgniter\Database\MySQLi\Connection->execute('SELECT `x_notif...')
#2 C:\xampp\htdocs\github\ukm\vendor\codeigniter4\framework\system\Database\BaseConnection.php(641): CodeIgniter\Database\BaseConnection->simpleQuery('SELECT `x_notif...')
#3 C:\xampp\htdocs\github\ukm\vendor\codeigniter4\framework\system\Database\BaseBuilder.php(1866): CodeIgniter\Database\BaseConnection->query('SELECT `x_notif...', Array, false)
#4 C:\xampp\htdocs\github\ukm\modules\Layout\Controllers\Layout.php(40): CodeIgniter\Database\BaseBuilder->get()
#5 C:\xampp\htdocs\github\ukm\vendor\codeigniter4\framework\system\CodeIgniter.php(940): Modules\Layout\Controllers\Layout->notifikasiuser()
#6 C:\xampp\htdocs\github\ukm\vendor\codeigniter4\framework\system\CodeIgniter.php(436): CodeIgniter\CodeIgniter->runController(Object(Modules\Layout\Controllers\Layout))
#7 C:\xampp\htdocs\github\ukm\vendor\codeigniter4\framework\system\CodeIgniter.php(337): CodeIgniter\CodeIgniter->handleRequest(NULL, Object(Config\Cache), false)
#8 C:\xampp\htdocs\github\ukm\public\index.php(44): CodeIgniter\CodeIgniter->run()
#9 C:\xampp\htdocs\github\ukm\vendor\codeigniter4\framework\system\Commands\Server\rewrite.php(45): require_once('C:\\xampp\\htdocs...')
#10 {main}
CRITICAL - 2022-04-08 08:23:54 --> Table 'database_ukm.x_notif' doesn't exist
#0 C:\xampp\htdocs\github\ukm\vendor\codeigniter4\framework\system\Database\MySQLi\Connection.php(314): mysqli->query('SELECT `x_notif...')
#1 C:\xampp\htdocs\github\ukm\vendor\codeigniter4\framework\system\Database\BaseConnection.php(713): CodeIgniter\Database\MySQLi\Connection->execute('SELECT `x_notif...')
#2 C:\xampp\htdocs\github\ukm\vendor\codeigniter4\framework\system\Database\BaseConnection.php(641): CodeIgniter\Database\BaseConnection->simpleQuery('SELECT `x_notif...')
#3 C:\xampp\htdocs\github\ukm\vendor\codeigniter4\framework\system\Database\BaseBuilder.php(1866): CodeIgniter\Database\BaseConnection->query('SELECT `x_notif...', Array, false)
#4 C:\xampp\htdocs\github\ukm\modules\Layout\Controllers\Layout.php(40): CodeIgniter\Database\BaseBuilder->get()
#5 C:\xampp\htdocs\github\ukm\vendor\codeigniter4\framework\system\CodeIgniter.php(940): Modules\Layout\Controllers\Layout->notifikasiuser()
#6 C:\xampp\htdocs\github\ukm\vendor\codeigniter4\framework\system\CodeIgniter.php(436): CodeIgniter\CodeIgniter->runController(Object(Modules\Layout\Controllers\Layout))
#7 C:\xampp\htdocs\github\ukm\vendor\codeigniter4\framework\system\CodeIgniter.php(337): CodeIgniter\CodeIgniter->handleRequest(NULL, Object(Config\Cache), false)
#8 C:\xampp\htdocs\github\ukm\public\index.php(44): CodeIgniter\CodeIgniter->run()
#9 C:\xampp\htdocs\github\ukm\vendor\codeigniter4\framework\system\Commands\Server\rewrite.php(45): require_once('C:\\xampp\\htdocs...')
#10 {main}
ERROR - 2022-04-08 09:40:18 --> mysqli_sql_exception: Table 'database_ukm.x_notif' doesn't exist in C:\xampp\htdocs\github\ukm\vendor\codeigniter4\framework\system\Database\MySQLi\Connection.php:314
Stack trace:
#0 C:\xampp\htdocs\github\ukm\vendor\codeigniter4\framework\system\Database\MySQLi\Connection.php(314): mysqli->query('SELECT `x_notif...')
#1 C:\xampp\htdocs\github\ukm\vendor\codeigniter4\framework\system\Database\BaseConnection.php(713): CodeIgniter\Database\MySQLi\Connection->execute('SELECT `x_notif...')
#2 C:\xampp\htdocs\github\ukm\vendor\codeigniter4\framework\system\Database\BaseConnection.php(641): CodeIgniter\Database\BaseConnection->simpleQuery('SELECT `x_notif...')
#3 C:\xampp\htdocs\github\ukm\vendor\codeigniter4\framework\system\Database\BaseBuilder.php(1866): CodeIgniter\Database\BaseConnection->query('SELECT `x_notif...', Array, false)
#4 C:\xampp\htdocs\github\ukm\modules\Layout\Controllers\Layout.php(40): CodeIgniter\Database\BaseBuilder->get()
#5 C:\xampp\htdocs\github\ukm\vendor\codeigniter4\framework\system\CodeIgniter.php(940): Modules\Layout\Controllers\Layout->notifikasiuser()
#6 C:\xampp\htdocs\github\ukm\vendor\codeigniter4\framework\system\CodeIgniter.php(436): CodeIgniter\CodeIgniter->runController(Object(Modules\Layout\Controllers\Layout))
#7 C:\xampp\htdocs\github\ukm\vendor\codeigniter4\framework\system\CodeIgniter.php(337): CodeIgniter\CodeIgniter->handleRequest(NULL, Object(Config\Cache), false)
#8 C:\xampp\htdocs\github\ukm\public\index.php(44): CodeIgniter\CodeIgniter->run()
#9 C:\xampp\htdocs\github\ukm\vendor\codeigniter4\framework\system\Commands\Server\rewrite.php(45): require_once('C:\\xampp\\htdocs...')
#10 {main}
CRITICAL - 2022-04-08 09:40:18 --> Table 'database_ukm.x_notif' doesn't exist
#0 C:\xampp\htdocs\github\ukm\vendor\codeigniter4\framework\system\Database\MySQLi\Connection.php(314): mysqli->query('SELECT `x_notif...')
#1 C:\xampp\htdocs\github\ukm\vendor\codeigniter4\framework\system\Database\BaseConnection.php(713): CodeIgniter\Database\MySQLi\Connection->execute('SELECT `x_notif...')
#2 C:\xampp\htdocs\github\ukm\vendor\codeigniter4\framework\system\Database\BaseConnection.php(641): CodeIgniter\Database\BaseConnection->simpleQuery('SELECT `x_notif...')
#3 C:\xampp\htdocs\github\ukm\vendor\codeigniter4\framework\system\Database\BaseBuilder.php(1866): CodeIgniter\Database\BaseConnection->query('SELECT `x_notif...', Array, false)
#4 C:\xampp\htdocs\github\ukm\modules\Layout\Controllers\Layout.php(40): CodeIgniter\Database\BaseBuilder->get()
#5 C:\xampp\htdocs\github\ukm\vendor\codeigniter4\framework\system\CodeIgniter.php(940): Modules\Layout\Controllers\Layout->notifikasiuser()
#6 C:\xampp\htdocs\github\ukm\vendor\codeigniter4\framework\system\CodeIgniter.php(436): CodeIgniter\CodeIgniter->runController(Object(Modules\Layout\Controllers\Layout))
#7 C:\xampp\htdocs\github\ukm\vendor\codeigniter4\framework\system\CodeIgniter.php(337): CodeIgniter\CodeIgniter->handleRequest(NULL, Object(Config\Cache), false)
#8 C:\xampp\htdocs\github\ukm\public\index.php(44): CodeIgniter\CodeIgniter->run()
#9 C:\xampp\htdocs\github\ukm\vendor\codeigniter4\framework\system\Commands\Server\rewrite.php(45): require_once('C:\\xampp\\htdocs...')
#10 {main}
ERROR - 2022-04-08 09:40:22 --> mysqli_sql_exception: Table 'database_ukm.x_notif' doesn't exist in C:\xampp\htdocs\github\ukm\vendor\codeigniter4\framework\system\Database\MySQLi\Connection.php:314
Stack trace:
#0 C:\xampp\htdocs\github\ukm\vendor\codeigniter4\framework\system\Database\MySQLi\Connection.php(314): mysqli->query('SELECT `x_notif...')
#1 C:\xampp\htdocs\github\ukm\vendor\codeigniter4\framework\system\Database\BaseConnection.php(713): CodeIgniter\Database\MySQLi\Connection->execute('SELECT `x_notif...')
#2 C:\xampp\htdocs\github\ukm\vendor\codeigniter4\framework\system\Database\BaseConnection.php(641): CodeIgniter\Database\BaseConnection->simpleQuery('SELECT `x_notif...')
#3 C:\xampp\htdocs\github\ukm\vendor\codeigniter4\framework\system\Database\BaseBuilder.php(1866): CodeIgniter\Database\BaseConnection->query('SELECT `x_notif...', Array, false)
#4 C:\xampp\htdocs\github\ukm\modules\Layout\Controllers\Layout.php(40): CodeIgniter\Database\BaseBuilder->get()
#5 C:\xampp\htdocs\github\ukm\vendor\codeigniter4\framework\system\CodeIgniter.php(940): Modules\Layout\Controllers\Layout->notifikasiuser()
#6 C:\xampp\htdocs\github\ukm\vendor\codeigniter4\framework\system\CodeIgniter.php(436): CodeIgniter\CodeIgniter->runController(Object(Modules\Layout\Controllers\Layout))
#7 C:\xampp\htdocs\github\ukm\vendor\codeigniter4\framework\system\CodeIgniter.php(337): CodeIgniter\CodeIgniter->handleRequest(NULL, Object(Config\Cache), false)
#8 C:\xampp\htdocs\github\ukm\public\index.php(44): CodeIgniter\CodeIgniter->run()
#9 C:\xampp\htdocs\github\ukm\vendor\codeigniter4\framework\system\Commands\Server\rewrite.php(45): require_once('C:\\xampp\\htdocs...')
#10 {main}
CRITICAL - 2022-04-08 09:40:22 --> Table 'database_ukm.x_notif' doesn't exist
#0 C:\xampp\htdocs\github\ukm\vendor\codeigniter4\framework\system\Database\MySQLi\Connection.php(314): mysqli->query('SELECT `x_notif...')
#1 C:\xampp\htdocs\github\ukm\vendor\codeigniter4\framework\system\Database\BaseConnection.php(713): CodeIgniter\Database\MySQLi\Connection->execute('SELECT `x_notif...')
#2 C:\xampp\htdocs\github\ukm\vendor\codeigniter4\framework\system\Database\BaseConnection.php(641): CodeIgniter\Database\BaseConnection->simpleQuery('SELECT `x_notif...')
#3 C:\xampp\htdocs\github\ukm\vendor\codeigniter4\framework\system\Database\BaseBuilder.php(1866): CodeIgniter\Database\BaseConnection->query('SELECT `x_notif...', Array, false)
#4 C:\xampp\htdocs\github\ukm\modules\Layout\Controllers\Layout.php(40): CodeIgniter\Database\BaseBuilder->get()
#5 C:\xampp\htdocs\github\ukm\vendor\codeigniter4\framework\system\CodeIgniter.php(940): Modules\Layout\Controllers\Layout->notifikasiuser()
#6 C:\xampp\htdocs\github\ukm\vendor\codeigniter4\framework\system\CodeIgniter.php(436): CodeIgniter\CodeIgniter->runController(Object(Modules\Layout\Controllers\Layout))
#7 C:\xampp\htdocs\github\ukm\vendor\codeigniter4\framework\system\CodeIgniter.php(337): CodeIgniter\CodeIgniter->handleRequest(NULL, Object(Config\Cache), false)
#8 C:\xampp\htdocs\github\ukm\public\index.php(44): CodeIgniter\CodeIgniter->run()
#9 C:\xampp\htdocs\github\ukm\vendor\codeigniter4\framework\system\Commands\Server\rewrite.php(45): require_once('C:\\xampp\\htdocs...')
#10 {main}
ERROR - 2022-04-08 09:40:30 --> mysqli_sql_exception: Table 'database_ukm.x_notif' doesn't exist in C:\xampp\htdocs\github\ukm\vendor\codeigniter4\framework\system\Database\MySQLi\Connection.php:314
Stack trace:
#0 C:\xampp\htdocs\github\ukm\vendor\codeigniter4\framework\system\Database\MySQLi\Connection.php(314): mysqli->query('SELECT `x_notif...')
#1 C:\xampp\htdocs\github\ukm\vendor\codeigniter4\framework\system\Database\BaseConnection.php(713): CodeIgniter\Database\MySQLi\Connection->execute('SELECT `x_notif...')
#2 C:\xampp\htdocs\github\ukm\vendor\codeigniter4\framework\system\Database\BaseConnection.php(641): CodeIgniter\Database\BaseConnection->simpleQuery('SELECT `x_notif...')
#3 C:\xampp\htdocs\github\ukm\vendor\codeigniter4\framework\system\Database\BaseBuilder.php(1866): CodeIgniter\Database\BaseConnection->query('SELECT `x_notif...', Array, false)
#4 C:\xampp\htdocs\github\ukm\modules\Layout\Controllers\Layout.php(40): CodeIgniter\Database\BaseBuilder->get()
#5 C:\xampp\htdocs\github\ukm\vendor\codeigniter4\framework\system\CodeIgniter.php(940): Modules\Layout\Controllers\Layout->notifikasiuser()
#6 C:\xampp\htdocs\github\ukm\vendor\codeigniter4\framework\system\CodeIgniter.php(436): CodeIgniter\CodeIgniter->runController(Object(Modules\Layout\Controllers\Layout))
#7 C:\xampp\htdocs\github\ukm\vendor\codeigniter4\framework\system\CodeIgniter.php(337): CodeIgniter\CodeIgniter->handleRequest(NULL, Object(Config\Cache), false)
#8 C:\xampp\htdocs\github\ukm\public\index.php(44): CodeIgniter\CodeIgniter->run()
#9 C:\xampp\htdocs\github\ukm\vendor\codeigniter4\framework\system\Commands\Server\rewrite.php(45): require_once('C:\\xampp\\htdocs...')
#10 {main}
CRITICAL - 2022-04-08 09:40:30 --> Table 'database_ukm.x_notif' doesn't exist
#0 C:\xampp\htdocs\github\ukm\vendor\codeigniter4\framework\system\Database\MySQLi\Connection.php(314): mysqli->query('SELECT `x_notif...')
#1 C:\xampp\htdocs\github\ukm\vendor\codeigniter4\framework\system\Database\BaseConnection.php(713): CodeIgniter\Database\MySQLi\Connection->execute('SELECT `x_notif...')
#2 C:\xampp\htdocs\github\ukm\vendor\codeigniter4\framework\system\Database\BaseConnection.php(641): CodeIgniter\Database\BaseConnection->simpleQuery('SELECT `x_notif...')
#3 C:\xampp\htdocs\github\ukm\vendor\codeigniter4\framework\system\Database\BaseBuilder.php(1866): CodeIgniter\Database\BaseConnection->query('SELECT `x_notif...', Array, false)
#4 C:\xampp\htdocs\github\ukm\modules\Layout\Controllers\Layout.php(40): CodeIgniter\Database\BaseBuilder->get()
#5 C:\xampp\htdocs\github\ukm\vendor\codeigniter4\framework\system\CodeIgniter.php(940): Modules\Layout\Controllers\Layout->notifikasiuser()
#6 C:\xampp\htdocs\github\ukm\vendor\codeigniter4\framework\system\CodeIgniter.php(436): CodeIgniter\CodeIgniter->runController(Object(Modules\Layout\Controllers\Layout))
#7 C:\xampp\htdocs\github\ukm\vendor\codeigniter4\framework\system\CodeIgniter.php(337): CodeIgniter\CodeIgniter->handleRequest(NULL, Object(Config\Cache), false)
#8 C:\xampp\htdocs\github\ukm\public\index.php(44): CodeIgniter\CodeIgniter->run()
#9 C:\xampp\htdocs\github\ukm\vendor\codeigniter4\framework\system\Commands\Server\rewrite.php(45): require_once('C:\\xampp\\htdocs...')
#10 {main}
ERROR - 2022-04-08 09:40:34 --> mysqli_sql_exception: Table 'database_ukm.x_notif' doesn't exist in C:\xampp\htdocs\github\ukm\vendor\codeigniter4\framework\system\Database\MySQLi\Connection.php:314
Stack trace:
#0 C:\xampp\htdocs\github\ukm\vendor\codeigniter4\framework\system\Database\MySQLi\Connection.php(314): mysqli->query('SELECT `x_notif...')
#1 C:\xampp\htdocs\github\ukm\vendor\codeigniter4\framework\system\Database\BaseConnection.php(713): CodeIgniter\Database\MySQLi\Connection->execute('SELECT `x_notif...')
#2 C:\xampp\htdocs\github\ukm\vendor\codeigniter4\framework\system\Database\BaseConnection.php(641): CodeIgniter\Database\BaseConnection->simpleQuery('SELECT `x_notif...')
#3 C:\xampp\htdocs\github\ukm\vendor\codeigniter4\framework\system\Database\BaseBuilder.php(1866): CodeIgniter\Database\BaseConnection->query('SELECT `x_notif...', Array, false)
#4 C:\xampp\htdocs\github\ukm\modules\Layout\Controllers\Layout.php(40): CodeIgniter\Database\BaseBuilder->get()
#5 C:\xampp\htdocs\github\ukm\vendor\codeigniter4\framework\system\CodeIgniter.php(940): Modules\Layout\Controllers\Layout->notifikasiuser()
#6 C:\xampp\htdocs\github\ukm\vendor\codeigniter4\framework\system\CodeIgniter.php(436): CodeIgniter\CodeIgniter->runController(Object(Modules\Layout\Controllers\Layout))
#7 C:\xampp\htdocs\github\ukm\vendor\codeigniter4\framework\system\CodeIgniter.php(337): CodeIgniter\CodeIgniter->handleRequest(NULL, Object(Config\Cache), false)
#8 C:\xampp\htdocs\github\ukm\public\index.php(44): CodeIgniter\CodeIgniter->run()
#9 C:\xampp\htdocs\github\ukm\vendor\codeigniter4\framework\system\Commands\Server\rewrite.php(45): require_once('C:\\xampp\\htdocs...')
#10 {main}
CRITICAL - 2022-04-08 09:40:34 --> Table 'database_ukm.x_notif' doesn't exist
#0 C:\xampp\htdocs\github\ukm\vendor\codeigniter4\framework\system\Database\MySQLi\Connection.php(314): mysqli->query('SELECT `x_notif...')
#1 C:\xampp\htdocs\github\ukm\vendor\codeigniter4\framework\system\Database\BaseConnection.php(713): CodeIgniter\Database\MySQLi\Connection->execute('SELECT `x_notif...')
#2 C:\xampp\htdocs\github\ukm\vendor\codeigniter4\framework\system\Database\BaseConnection.php(641): CodeIgniter\Database\BaseConnection->simpleQuery('SELECT `x_notif...')
#3 C:\xampp\htdocs\github\ukm\vendor\codeigniter4\framework\system\Database\BaseBuilder.php(1866): CodeIgniter\Database\BaseConnection->query('SELECT `x_notif...', Array, false)
#4 C:\xampp\htdocs\github\ukm\modules\Layout\Controllers\Layout.php(40): CodeIgniter\Database\BaseBuilder->get()
#5 C:\xampp\htdocs\github\ukm\vendor\codeigniter4\framework\system\CodeIgniter.php(940): Modules\Layout\Controllers\Layout->notifikasiuser()
#6 C:\xampp\htdocs\github\ukm\vendor\codeigniter4\framework\system\CodeIgniter.php(436): CodeIgniter\CodeIgniter->runController(Object(Modules\Layout\Controllers\Layout))
#7 C:\xampp\htdocs\github\ukm\vendor\codeigniter4\framework\system\CodeIgniter.php(337): CodeIgniter\CodeIgniter->handleRequest(NULL, Object(Config\Cache), false)
#8 C:\xampp\htdocs\github\ukm\public\index.php(44): CodeIgniter\CodeIgniter->run()
#9 C:\xampp\htdocs\github\ukm\vendor\codeigniter4\framework\system\Commands\Server\rewrite.php(45): require_once('C:\\xampp\\htdocs...')
#10 {main}
CRITICAL - 2022-04-08 10:24:53 --> Trying to access array offset on value of type null
#0 C:\xampp\htdocs\github\ukm\modules\Club\Controllers\DataInterface.php(58): CodeIgniter\Debug\Exceptions->errorHandler(8, 'Trying to acces...', 'C:\\xampp\\htdocs...', 58, Array)
#1 C:\xampp\htdocs\github\ukm\vendor\codeigniter4\framework\system\CodeIgniter.php(940): Modules\Club\Controllers\DataInterface->interfaceclub('haibos')
#2 C:\xampp\htdocs\github\ukm\vendor\codeigniter4\framework\system\CodeIgniter.php(436): CodeIgniter\CodeIgniter->runController(Object(Modules\Club\Controllers\DataInterface))
#3 C:\xampp\htdocs\github\ukm\vendor\codeigniter4\framework\system\CodeIgniter.php(337): CodeIgniter\CodeIgniter->handleRequest(NULL, Object(Config\Cache), false)
#4 C:\xampp\htdocs\github\ukm\public\index.php(44): CodeIgniter\CodeIgniter->run()
#5 C:\xampp\htdocs\github\ukm\vendor\codeigniter4\framework\system\Commands\Server\rewrite.php(45): require_once('C:\\xampp\\htdocs...')
#6 {main}
ERROR - 2022-04-08 10:25:18 --> mysqli_sql_exception: Table 'database_ukm.x_notif' doesn't exist in C:\xampp\htdocs\github\ukm\vendor\codeigniter4\framework\system\Database\MySQLi\Connection.php:314
Stack trace:
#0 C:\xampp\htdocs\github\ukm\vendor\codeigniter4\framework\system\Database\MySQLi\Connection.php(314): mysqli->query('SELECT `x_notif...')
#1 C:\xampp\htdocs\github\ukm\vendor\codeigniter4\framework\system\Database\BaseConnection.php(713): CodeIgniter\Database\MySQLi\Connection->execute('SELECT `x_notif...')
#2 C:\xampp\htdocs\github\ukm\vendor\codeigniter4\framework\system\Database\BaseConnection.php(641): CodeIgniter\Database\BaseConnection->simpleQuery('SELECT `x_notif...')
#3 C:\xampp\htdocs\github\ukm\vendor\codeigniter4\framework\system\Database\BaseBuilder.php(1866): CodeIgniter\Database\BaseConnection->query('SELECT `x_notif...', Array, false)
#4 C:\xampp\htdocs\github\ukm\modules\Layout\Controllers\Layout.php(40): CodeIgniter\Database\BaseBuilder->get()
#5 C:\xampp\htdocs\github\ukm\vendor\codeigniter4\framework\system\CodeIgniter.php(940): Modules\Layout\Controllers\Layout->notifikasiuser()
#6 C:\xampp\htdocs\github\ukm\vendor\codeigniter4\framework\system\CodeIgniter.php(436): CodeIgniter\CodeIgniter->runController(Object(Modules\Layout\Controllers\Layout))
#7 C:\xampp\htdocs\github\ukm\vendor\codeigniter4\framework\system\CodeIgniter.php(337): CodeIgniter\CodeIgniter->handleRequest(NULL, Object(Config\Cache), false)
#8 C:\xampp\htdocs\github\ukm\public\index.php(44): CodeIgniter\CodeIgniter->run()
#9 C:\xampp\htdocs\github\ukm\vendor\codeigniter4\framework\system\Commands\Server\rewrite.php(45): require_once('C:\\xampp\\htdocs...')
#10 {main}
CRITICAL - 2022-04-08 10:25:18 --> Table 'database_ukm.x_notif' doesn't exist
#0 C:\xampp\htdocs\github\ukm\vendor\codeigniter4\framework\system\Database\MySQLi\Connection.php(314): mysqli->query('SELECT `x_notif...')
#1 C:\xampp\htdocs\github\ukm\vendor\codeigniter4\framework\system\Database\BaseConnection.php(713): CodeIgniter\Database\MySQLi\Connection->execute('SELECT `x_notif...')
#2 C:\xampp\htdocs\github\ukm\vendor\codeigniter4\framework\system\Database\BaseConnection.php(641): CodeIgniter\Database\BaseConnection->simpleQuery('SELECT `x_notif...')
#3 C:\xampp\htdocs\github\ukm\vendor\codeigniter4\framework\system\Database\BaseBuilder.php(1866): CodeIgniter\Database\BaseConnection->query('SELECT `x_notif...', Array, false)
#4 C:\xampp\htdocs\github\ukm\modules\Layout\Controllers\Layout.php(40): CodeIgniter\Database\BaseBuilder->get()
#5 C:\xampp\htdocs\github\ukm\vendor\codeigniter4\framework\system\CodeIgniter.php(940): Modules\Layout\Controllers\Layout->notifikasiuser()
#6 C:\xampp\htdocs\github\ukm\vendor\codeigniter4\framework\system\CodeIgniter.php(436): CodeIgniter\CodeIgniter->runController(Object(Modules\Layout\Controllers\Layout))
#7 C:\xampp\htdocs\github\ukm\vendor\codeigniter4\framework\system\CodeIgniter.php(337): CodeIgniter\CodeIgniter->handleRequest(NULL, Object(Config\Cache), false)
#8 C:\xampp\htdocs\github\ukm\public\index.php(44): CodeIgniter\CodeIgniter->run()
#9 C:\xampp\htdocs\github\ukm\vendor\codeigniter4\framework\system\Commands\Server\rewrite.php(45): require_once('C:\\xampp\\htdocs...')
#10 {main}
ERROR - 2022-04-08 14:47:53 --> mysqli_sql_exception: Table 'database_ukm.x_notif' doesn't exist in C:\xampp\htdocs\github\ukm\vendor\codeigniter4\framework\system\Database\MySQLi\Connection.php:314
Stack trace:
#0 C:\xampp\htdocs\github\ukm\vendor\codeigniter4\framework\system\Database\MySQLi\Connection.php(314): mysqli->query('SELECT `x_notif...')
#1 C:\xampp\htdocs\github\ukm\vendor\codeigniter4\framework\system\Database\BaseConnection.php(713): CodeIgniter\Database\MySQLi\Connection->execute('SELECT `x_notif...')
#2 C:\xampp\htdocs\github\ukm\vendor\codeigniter4\framework\system\Database\BaseConnection.php(641): CodeIgniter\Database\BaseConnection->simpleQuery('SELECT `x_notif...')
#3 C:\xampp\htdocs\github\ukm\vendor\codeigniter4\framework\system\Database\BaseBuilder.php(1866): CodeIgniter\Database\BaseConnection->query('SELECT `x_notif...', Array, false)
#4 C:\xampp\htdocs\github\ukm\modules\Layout\Controllers\Layout.php(40): CodeIgniter\Database\BaseBuilder->get()
#5 C:\xampp\htdocs\github\ukm\vendor\codeigniter4\framework\system\CodeIgniter.php(940): Modules\Layout\Controllers\Layout->notifikasiuser()
#6 C:\xampp\htdocs\github\ukm\vendor\codeigniter4\framework\system\CodeIgniter.php(436): CodeIgniter\CodeIgniter->runController(Object(Modules\Layout\Controllers\Layout))
#7 C:\xampp\htdocs\github\ukm\vendor\codeigniter4\framework\system\CodeIgniter.php(337): CodeIgniter\CodeIgniter->handleRequest(NULL, Object(Config\Cache), false)
#8 C:\xampp\htdocs\github\ukm\public\index.php(44): CodeIgniter\CodeIgniter->run()
#9 C:\xampp\htdocs\github\ukm\vendor\codeigniter4\framework\system\Commands\Server\rewrite.php(45): require_once('C:\\xampp\\htdocs...')
#10 {main}
CRITICAL - 2022-04-08 14:47:53 --> Table 'database_ukm.x_notif' doesn't exist
#0 C:\xampp\htdocs\github\ukm\vendor\codeigniter4\framework\system\Database\MySQLi\Connection.php(314): mysqli->query('SELECT `x_notif...')
#1 C:\xampp\htdocs\github\ukm\vendor\codeigniter4\framework\system\Database\BaseConnection.php(713): CodeIgniter\Database\MySQLi\Connection->execute('SELECT `x_notif...')
#2 C:\xampp\htdocs\github\ukm\vendor\codeigniter4\framework\system\Database\BaseConnection.php(641): CodeIgniter\Database\BaseConnection->simpleQuery('SELECT `x_notif...')
#3 C:\xampp\htdocs\github\ukm\vendor\codeigniter4\framework\system\Database\BaseBuilder.php(1866): CodeIgniter\Database\BaseConnection->query('SELECT `x_notif...', Array, false)
#4 C:\xampp\htdocs\github\ukm\modules\Layout\Controllers\Layout.php(40): CodeIgniter\Database\BaseBuilder->get()
#5 C:\xampp\htdocs\github\ukm\vendor\codeigniter4\framework\system\CodeIgniter.php(940): Modules\Layout\Controllers\Layout->notifikasiuser()
#6 C:\xampp\htdocs\github\ukm\vendor\codeigniter4\framework\system\CodeIgniter.php(436): CodeIgniter\CodeIgniter->runController(Object(Modules\Layout\Controllers\Layout))
#7 C:\xampp\htdocs\github\ukm\vendor\codeigniter4\framework\system\CodeIgniter.php(337): CodeIgniter\CodeIgniter->handleRequest(NULL, Object(Config\Cache), false)
#8 C:\xampp\htdocs\github\ukm\public\index.php(44): CodeIgniter\CodeIgniter->run()
#9 C:\xampp\htdocs\github\ukm\vendor\codeigniter4\framework\system\Commands\Server\rewrite.php(45): require_once('C:\\xampp\\htdocs...')
#10 {main}
ERROR - 2022-04-08 14:47:57 --> mysqli_sql_exception: Table 'database_ukm.x_notif' doesn't exist in C:\xampp\htdocs\github\ukm\vendor\codeigniter4\framework\system\Database\MySQLi\Connection.php:314
Stack trace:
#0 C:\xampp\htdocs\github\ukm\vendor\codeigniter4\framework\system\Database\MySQLi\Connection.php(314): mysqli->query('SELECT `x_notif...')
#1 C:\xampp\htdocs\github\ukm\vendor\codeigniter4\framework\system\Database\BaseConnection.php(713): CodeIgniter\Database\MySQLi\Connection->execute('SELECT `x_notif...')
#2 C:\xampp\htdocs\github\ukm\vendor\codeigniter4\framework\system\Database\BaseConnection.php(641): CodeIgniter\Database\BaseConnection->simpleQuery('SELECT `x_notif...')
#3 C:\xampp\htdocs\github\ukm\vendor\codeigniter4\framework\system\Database\BaseBuilder.php(1866): CodeIgniter\Database\BaseConnection->query('SELECT `x_notif...', Array, false)
#4 C:\xampp\htdocs\github\ukm\modules\Layout\Controllers\Layout.php(40): CodeIgniter\Database\BaseBuilder->get()
#5 C:\xampp\htdocs\github\ukm\vendor\codeigniter4\framework\system\CodeIgniter.php(940): Modules\Layout\Controllers\Layout->notifikasiuser()
#6 C:\xampp\htdocs\github\ukm\vendor\codeigniter4\framework\system\CodeIgniter.php(436): CodeIgniter\CodeIgniter->runController(Object(Modules\Layout\Controllers\Layout))
#7 C:\xampp\htdocs\github\ukm\vendor\codeigniter4\framework\system\CodeIgniter.php(337): CodeIgniter\CodeIgniter->handleRequest(NULL, Object(Config\Cache), false)
#8 C:\xampp\htdocs\github\ukm\public\index.php(44): CodeIgniter\CodeIgniter->run()
#9 C:\xampp\htdocs\github\ukm\vendor\codeigniter4\framework\system\Commands\Server\rewrite.php(45): require_once('C:\\xampp\\htdocs...')
#10 {main}
CRITICAL - 2022-04-08 14:47:57 --> Table 'database_ukm.x_notif' doesn't exist
#0 C:\xampp\htdocs\github\ukm\vendor\codeigniter4\framework\system\Database\MySQLi\Connection.php(314): mysqli->query('SELECT `x_notif...')
#1 C:\xampp\htdocs\github\ukm\vendor\codeigniter4\framework\system\Database\BaseConnection.php(713): CodeIgniter\Database\MySQLi\Connection->execute('SELECT `x_notif...')
#2 C:\xampp\htdocs\github\ukm\vendor\codeigniter4\framework\system\Database\BaseConnection.php(641): CodeIgniter\Database\BaseConnection->simpleQuery('SELECT `x_notif...')
#3 C:\xampp\htdocs\github\ukm\vendor\codeigniter4\framework\system\Database\BaseBuilder.php(1866): CodeIgniter\Database\BaseConnection->query('SELECT `x_notif...', Array, false)
#4 C:\xampp\htdocs\github\ukm\modules\Layout\Controllers\Layout.php(40): CodeIgniter\Database\BaseBuilder->get()
#5 C:\xampp\htdocs\github\ukm\vendor\codeigniter4\framework\system\CodeIgniter.php(940): Modules\Layout\Controllers\Layout->notifikasiuser()
#6 C:\xampp\htdocs\github\ukm\vendor\codeigniter4\framework\system\CodeIgniter.php(436): CodeIgniter\CodeIgniter->runController(Object(Modules\Layout\Controllers\Layout))
#7 C:\xampp\htdocs\github\ukm\vendor\codeigniter4\framework\system\CodeIgniter.php(337): CodeIgniter\CodeIgniter->handleRequest(NULL, Object(Config\Cache), false)
#8 C:\xampp\htdocs\github\ukm\public\index.php(44): CodeIgniter\CodeIgniter->run()
#9 C:\xampp\htdocs\github\ukm\vendor\codeigniter4\framework\system\Commands\Server\rewrite.php(45): require_once('C:\\xampp\\htdocs...')
#10 {main}
ERROR - 2022-04-08 14:48:06 --> mysqli_sql_exception: Table 'database_ukm.x_notif' doesn't exist in C:\xampp\htdocs\github\ukm\vendor\codeigniter4\framework\system\Database\MySQLi\Connection.php:314
Stack trace:
#0 C:\xampp\htdocs\github\ukm\vendor\codeigniter4\framework\system\Database\MySQLi\Connection.php(314): mysqli->query('SELECT `x_notif...')
#1 C:\xampp\htdocs\github\ukm\vendor\codeigniter4\framework\system\Database\BaseConnection.php(713): CodeIgniter\Database\MySQLi\Connection->execute('SELECT `x_notif...')
#2 C:\xampp\htdocs\github\ukm\vendor\codeigniter4\framework\system\Database\BaseConnection.php(641): CodeIgniter\Database\BaseConnection->simpleQuery('SELECT `x_notif...')
#3 C:\xampp\htdocs\github\ukm\vendor\codeigniter4\framework\system\Database\BaseBuilder.php(1866): CodeIgniter\Database\BaseConnection->query('SELECT `x_notif...', Array, false)
#4 C:\xampp\htdocs\github\ukm\modules\Layout\Controllers\Layout.php(40): CodeIgniter\Database\BaseBuilder->get()
#5 C:\xampp\htdocs\github\ukm\vendor\codeigniter4\framework\system\CodeIgniter.php(940): Modules\Layout\Controllers\Layout->notifikasiuser()
#6 C:\xampp\htdocs\github\ukm\vendor\codeigniter4\framework\system\CodeIgniter.php(436): CodeIgniter\CodeIgniter->runController(Object(Modules\Layout\Controllers\Layout))
#7 C:\xampp\htdocs\github\ukm\vendor\codeigniter4\framework\system\CodeIgniter.php(337): CodeIgniter\CodeIgniter->handleRequest(NULL, Object(Config\Cache), false)
#8 C:\xampp\htdocs\github\ukm\public\index.php(44): CodeIgniter\CodeIgniter->run()
#9 C:\xampp\htdocs\github\ukm\vendor\codeigniter4\framework\system\Commands\Server\rewrite.php(45): require_once('C:\\xampp\\htdocs...')
#10 {main}
CRITICAL - 2022-04-08 14:48:06 --> Table 'database_ukm.x_notif' doesn't exist
#0 C:\xampp\htdocs\github\ukm\vendor\codeigniter4\framework\system\Database\MySQLi\Connection.php(314): mysqli->query('SELECT `x_notif...')
#1 C:\xampp\htdocs\github\ukm\vendor\codeigniter4\framework\system\Database\BaseConnection.php(713): CodeIgniter\Database\MySQLi\Connection->execute('SELECT `x_notif...')
#2 C:\xampp\htdocs\github\ukm\vendor\codeigniter4\framework\system\Database\BaseConnection.php(641): CodeIgniter\Database\BaseConnection->simpleQuery('SELECT `x_notif...')
#3 C:\xampp\htdocs\github\ukm\vendor\codeigniter4\framework\system\Database\BaseBuilder.php(1866): CodeIgniter\Database\BaseConnection->query('SELECT `x_notif...', Array, false)
#4 C:\xampp\htdocs\github\ukm\modules\Layout\Controllers\Layout.php(40): CodeIgniter\Database\BaseBuilder->get()
#5 C:\xampp\htdocs\github\ukm\vendor\codeigniter4\framework\system\CodeIgniter.php(940): Modules\Layout\Controllers\Layout->notifikasiuser()
#6 C:\xampp\htdocs\github\ukm\vendor\codeigniter4\framework\system\CodeIgniter.php(436): CodeIgniter\CodeIgniter->runController(Object(Modules\Layout\Controllers\Layout))
#7 C:\xampp\htdocs\github\ukm\vendor\codeigniter4\framework\system\CodeIgniter.php(337): CodeIgniter\CodeIgniter->handleRequest(NULL, Object(Config\Cache), false)
#8 C:\xampp\htdocs\github\ukm\public\index.php(44): CodeIgniter\CodeIgniter->run()
#9 C:\xampp\htdocs\github\ukm\vendor\codeigniter4\framework\system\Commands\Server\rewrite.php(45): require_once('C:\\xampp\\htdocs...')
#10 {main}
ERROR - 2022-04-08 14:52:29 --> mysqli_sql_exception: Table 'database_ukm.x_notif' doesn't exist in C:\xampp\htdocs\github\ukm\vendor\codeigniter4\framework\system\Database\MySQLi\Connection.php:314
Stack trace:
#0 C:\xampp\htdocs\github\ukm\vendor\codeigniter4\framework\system\Database\MySQLi\Connection.php(314): mysqli->query('SELECT `x_notif...')
#1 C:\xampp\htdocs\github\ukm\vendor\codeigniter4\framework\system\Database\BaseConnection.php(713): CodeIgniter\Database\MySQLi\Connection->execute('SELECT `x_notif...')
#2 C:\xampp\htdocs\github\ukm\vendor\codeigniter4\framework\system\Database\BaseConnection.php(641): CodeIgniter\Database\BaseConnection->simpleQuery('SELECT `x_notif...')
#3 C:\xampp\htdocs\github\ukm\vendor\codeigniter4\framework\system\Database\BaseBuilder.php(1866): CodeIgniter\Database\BaseConnection->query('SELECT `x_notif...', Array, false)
#4 C:\xampp\htdocs\github\ukm\modules\Layout\Controllers\Layout.php(40): CodeIgniter\Database\BaseBuilder->get()
#5 C:\xampp\htdocs\github\ukm\vendor\codeigniter4\framework\system\CodeIgniter.php(940): Modules\Layout\Controllers\Layout->notifikasiuser()
#6 C:\xampp\htdocs\github\ukm\vendor\codeigniter4\framework\system\CodeIgniter.php(436): CodeIgniter\CodeIgniter->runController(Object(Modules\Layout\Controllers\Layout))
#7 C:\xampp\htdocs\github\ukm\vendor\codeigniter4\framework\system\CodeIgniter.php(337): CodeIgniter\CodeIgniter->handleRequest(NULL, Object(Config\Cache), false)
#8 C:\xampp\htdocs\github\ukm\public\index.php(44): CodeIgniter\CodeIgniter->run()
#9 C:\xampp\htdocs\github\ukm\vendor\codeigniter4\framework\system\Commands\Server\rewrite.php(45): require_once('C:\\xampp\\htdocs...')
#10 {main}
CRITICAL - 2022-04-08 14:52:29 --> Table 'database_ukm.x_notif' doesn't exist
#0 C:\xampp\htdocs\github\ukm\vendor\codeigniter4\framework\system\Database\MySQLi\Connection.php(314): mysqli->query('SELECT `x_notif...')
#1 C:\xampp\htdocs\github\ukm\vendor\codeigniter4\framework\system\Database\BaseConnection.php(713): CodeIgniter\Database\MySQLi\Connection->execute('SELECT `x_notif...')
#2 C:\xampp\htdocs\github\ukm\vendor\codeigniter4\framework\system\Database\BaseConnection.php(641): CodeIgniter\Database\BaseConnection->simpleQuery('SELECT `x_notif...')
#3 C:\xampp\htdocs\github\ukm\vendor\codeigniter4\framework\system\Database\BaseBuilder.php(1866): CodeIgniter\Database\BaseConnection->query('SELECT `x_notif...', Array, false)
#4 C:\xampp\htdocs\github\ukm\modules\Layout\Controllers\Layout.php(40): CodeIgniter\Database\BaseBuilder->get()
#5 C:\xampp\htdocs\github\ukm\vendor\codeigniter4\framework\system\CodeIgniter.php(940): Modules\Layout\Controllers\Layout->notifikasiuser()
#6 C:\xampp\htdocs\github\ukm\vendor\codeigniter4\framework\system\CodeIgniter.php(436): CodeIgniter\CodeIgniter->runController(Object(Modules\Layout\Controllers\Layout))
#7 C:\xampp\htdocs\github\ukm\vendor\codeigniter4\framework\system\CodeIgniter.php(337): CodeIgniter\CodeIgniter->handleRequest(NULL, Object(Config\Cache), false)
#8 C:\xampp\htdocs\github\ukm\public\index.php(44): CodeIgniter\CodeIgniter->run()
#9 C:\xampp\htdocs\github\ukm\vendor\codeigniter4\framework\system\Commands\Server\rewrite.php(45): require_once('C:\\xampp\\htdocs...')
#10 {main}
ERROR - 2022-04-08 14:53:11 --> mysqli_sql_exception: Table 'database_ukm.x_notif' doesn't exist in C:\xampp\htdocs\github\ukm\vendor\codeigniter4\framework\system\Database\MySQLi\Connection.php:314
Stack trace:
#0 C:\xampp\htdocs\github\ukm\vendor\codeigniter4\framework\system\Database\MySQLi\Connection.php(314): mysqli->query('SELECT `x_notif...')
#1 C:\xampp\htdocs\github\ukm\vendor\codeigniter4\framework\system\Database\BaseConnection.php(713): CodeIgniter\Database\MySQLi\Connection->execute('SELECT `x_notif...')
#2 C:\xampp\htdocs\github\ukm\vendor\codeigniter4\framework\system\Database\BaseConnection.php(641): CodeIgniter\Database\BaseConnection->simpleQuery('SELECT `x_notif...')
#3 C:\xampp\htdocs\github\ukm\vendor\codeigniter4\framework\system\Database\BaseBuilder.php(1866): CodeIgniter\Database\BaseConnection->query('SELECT `x_notif...', Array, false)
#4 C:\xampp\htdocs\github\ukm\modules\Layout\Controllers\Layout.php(40): CodeIgniter\Database\BaseBuilder->get()
#5 C:\xampp\htdocs\github\ukm\vendor\codeigniter4\framework\system\CodeIgniter.php(940): Modules\Layout\Controllers\Layout->notifikasiuser()
#6 C:\xampp\htdocs\github\ukm\vendor\codeigniter4\framework\system\CodeIgniter.php(436): CodeIgniter\CodeIgniter->runController(Object(Modules\Layout\Controllers\Layout))
#7 C:\xampp\htdocs\github\ukm\vendor\codeigniter4\framework\system\CodeIgniter.php(337): CodeIgniter\CodeIgniter->handleRequest(NULL, Object(Config\Cache), false)
#8 C:\xampp\htdocs\github\ukm\public\index.php(44): CodeIgniter\CodeIgniter->run()
#9 C:\xampp\htdocs\github\ukm\vendor\codeigniter4\framework\system\Commands\Server\rewrite.php(45): require_once('C:\\xampp\\htdocs...')
#10 {main}
CRITICAL - 2022-04-08 14:53:11 --> Table 'database_ukm.x_notif' doesn't exist
#0 C:\xampp\htdocs\github\ukm\vendor\codeigniter4\framework\system\Database\MySQLi\Connection.php(314): mysqli->query('SELECT `x_notif...')
#1 C:\xampp\htdocs\github\ukm\vendor\codeigniter4\framework\system\Database\BaseConnection.php(713): CodeIgniter\Database\MySQLi\Connection->execute('SELECT `x_notif...')
#2 C:\xampp\htdocs\github\ukm\vendor\codeigniter4\framework\system\Database\BaseConnection.php(641): CodeIgniter\Database\BaseConnection->simpleQuery('SELECT `x_notif...')
#3 C:\xampp\htdocs\github\ukm\vendor\codeigniter4\framework\system\Database\BaseBuilder.php(1866): CodeIgniter\Database\BaseConnection->query('SELECT `x_notif...', Array, false)
#4 C:\xampp\htdocs\github\ukm\modules\Layout\Controllers\Layout.php(40): CodeIgniter\Database\BaseBuilder->get()
#5 C:\xampp\htdocs\github\ukm\vendor\codeigniter4\framework\system\CodeIgniter.php(940): Modules\Layout\Controllers\Layout->notifikasiuser()
#6 C:\xampp\htdocs\github\ukm\vendor\codeigniter4\framework\system\CodeIgniter.php(436): CodeIgniter\CodeIgniter->runController(Object(Modules\Layout\Controllers\Layout))
#7 C:\xampp\htdocs\github\ukm\vendor\codeigniter4\framework\system\CodeIgniter.php(337): CodeIgniter\CodeIgniter->handleRequest(NULL, Object(Config\Cache), false)
#8 C:\xampp\htdocs\github\ukm\public\index.php(44): CodeIgniter\CodeIgniter->run()
#9 C:\xampp\htdocs\github\ukm\vendor\codeigniter4\framework\system\Commands\Server\rewrite.php(45): require_once('C:\\xampp\\htdocs...')
#10 {main}
ERROR - 2022-04-08 15:02:27 --> mysqli_sql_exception: Table 'database_ukm.x_notif' doesn't exist in C:\xampp\htdocs\github\ukm\vendor\codeigniter4\framework\system\Database\MySQLi\Connection.php:314
Stack trace:
#0 C:\xampp\htdocs\github\ukm\vendor\codeigniter4\framework\system\Database\MySQLi\Connection.php(314): mysqli->query('SELECT `x_notif...')
#1 C:\xampp\htdocs\github\ukm\vendor\codeigniter4\framework\system\Database\BaseConnection.php(713): CodeIgniter\Database\MySQLi\Connection->execute('SELECT `x_notif...')
#2 C:\xampp\htdocs\github\ukm\vendor\codeigniter4\framework\system\Database\BaseConnection.php(641): CodeIgniter\Database\BaseConnection->simpleQuery('SELECT `x_notif...')
#3 C:\xampp\htdocs\github\ukm\vendor\codeigniter4\framework\system\Database\BaseBuilder.php(1866): CodeIgniter\Database\BaseConnection->query('SELECT `x_notif...', Array, false)
#4 C:\xampp\htdocs\github\ukm\modules\Layout\Controllers\Layout.php(40): CodeIgniter\Database\BaseBuilder->get()
#5 C:\xampp\htdocs\github\ukm\vendor\codeigniter4\framework\system\CodeIgniter.php(940): Modules\Layout\Controllers\Layout->notifikasiuser()
#6 C:\xampp\htdocs\github\ukm\vendor\codeigniter4\framework\system\CodeIgniter.php(436): CodeIgniter\CodeIgniter->runController(Object(Modules\Layout\Controllers\Layout))
#7 C:\xampp\htdocs\github\ukm\vendor\codeigniter4\framework\system\CodeIgniter.php(337): CodeIgniter\CodeIgniter->handleRequest(NULL, Object(Config\Cache), false)
#8 C:\xampp\htdocs\github\ukm\public\index.php(44): CodeIgniter\CodeIgniter->run()
#9 C:\xampp\htdocs\github\ukm\vendor\codeigniter4\framework\system\Commands\Server\rewrite.php(45): require_once('C:\\xampp\\htdocs...')
#10 {main}
CRITICAL - 2022-04-08 15:02:27 --> Table 'database_ukm.x_notif' doesn't exist
#0 C:\xampp\htdocs\github\ukm\vendor\codeigniter4\framework\system\Database\MySQLi\Connection.php(314): mysqli->query('SELECT `x_notif...')
#1 C:\xampp\htdocs\github\ukm\vendor\codeigniter4\framework\system\Database\BaseConnection.php(713): CodeIgniter\Database\MySQLi\Connection->execute('SELECT `x_notif...')
#2 C:\xampp\htdocs\github\ukm\vendor\codeigniter4\framework\system\Database\BaseConnection.php(641): CodeIgniter\Database\BaseConnection->simpleQuery('SELECT `x_notif...')
#3 C:\xampp\htdocs\github\ukm\vendor\codeigniter4\framework\system\Database\BaseBuilder.php(1866): CodeIgniter\Database\BaseConnection->query('SELECT `x_notif...', Array, false)
#4 C:\xampp\htdocs\github\ukm\modules\Layout\Controllers\Layout.php(40): CodeIgniter\Database\BaseBuilder->get()
#5 C:\xampp\htdocs\github\ukm\vendor\codeigniter4\framework\system\CodeIgniter.php(940): Modules\Layout\Controllers\Layout->notifikasiuser()
#6 C:\xampp\htdocs\github\ukm\vendor\codeigniter4\framework\system\CodeIgniter.php(436): CodeIgniter\CodeIgniter->runController(Object(Modules\Layout\Controllers\Layout))
#7 C:\xampp\htdocs\github\ukm\vendor\codeigniter4\framework\system\CodeIgniter.php(337): CodeIgniter\CodeIgniter->handleRequest(NULL, Object(Config\Cache), false)
#8 C:\xampp\htdocs\github\ukm\public\index.php(44): CodeIgniter\CodeIgniter->run()
#9 C:\xampp\htdocs\github\ukm\vendor\codeigniter4\framework\system\Commands\Server\rewrite.php(45): require_once('C:\\xampp\\htdocs...')
#10 {main}
CRITICAL - 2022-04-08 15:04:39 --> Undefined variable: random
#0 C:\xampp\htdocs\github\ukm\modules\Club\Controllers\DataInterface.php(28): CodeIgniter\Debug\Exceptions->errorHandler(8, 'Undefined varia...', 'C:\\xampp\\htdocs...', 28, Array)
#1 C:\xampp\htdocs\github\ukm\vendor\codeigniter4\framework\system\CodeIgniter.php(940): Modules\Club\Controllers\DataInterface->interface('48bd7a516463321...')
#2 C:\xampp\htdocs\github\ukm\vendor\codeigniter4\framework\system\CodeIgniter.php(436): CodeIgniter\CodeIgniter->runController(Object(Modules\Club\Controllers\DataInterface))
#3 C:\xampp\htdocs\github\ukm\vendor\codeigniter4\framework\system\CodeIgniter.php(337): CodeIgniter\CodeIgniter->handleRequest(NULL, Object(Config\Cache), false)
#4 C:\xampp\htdocs\github\ukm\public\index.php(44): CodeIgniter\CodeIgniter->run()
#5 C:\xampp\htdocs\github\ukm\vendor\codeigniter4\framework\system\Commands\Server\rewrite.php(45): require_once('C:\\xampp\\htdocs...')
#6 {main}
ERROR - 2022-04-08 15:04:50 --> mysqli_sql_exception: Table 'database_ukm.x_notif' doesn't exist in C:\xampp\htdocs\github\ukm\vendor\codeigniter4\framework\system\Database\MySQLi\Connection.php:314
Stack trace:
#0 C:\xampp\htdocs\github\ukm\vendor\codeigniter4\framework\system\Database\MySQLi\Connection.php(314): mysqli->query('SELECT `x_notif...')
#1 C:\xampp\htdocs\github\ukm\vendor\codeigniter4\framework\system\Database\BaseConnection.php(713): CodeIgniter\Database\MySQLi\Connection->execute('SELECT `x_notif...')
#2 C:\xampp\htdocs\github\ukm\vendor\codeigniter4\framework\system\Database\BaseConnection.php(641): CodeIgniter\Database\BaseConnection->simpleQuery('SELECT `x_notif...')
#3 C:\xampp\htdocs\github\ukm\vendor\codeigniter4\framework\system\Database\BaseBuilder.php(1866): CodeIgniter\Database\BaseConnection->query('SELECT `x_notif...', Array, false)
#4 C:\xampp\htdocs\github\ukm\modules\Layout\Controllers\Layout.php(40): CodeIgniter\Database\BaseBuilder->get()
#5 C:\xampp\htdocs\github\ukm\vendor\codeigniter4\framework\system\CodeIgniter.php(940): Modules\Layout\Controllers\Layout->notifikasiuser()
#6 C:\xampp\htdocs\github\ukm\vendor\codeigniter4\framework\system\CodeIgniter.php(436): CodeIgniter\CodeIgniter->runController(Object(Modules\Layout\Controllers\Layout))
#7 C:\xampp\htdocs\github\ukm\vendor\codeigniter4\framework\system\CodeIgniter.php(337): CodeIgniter\CodeIgniter->handleRequest(NULL, Object(Config\Cache), false)
#8 C:\xampp\htdocs\github\ukm\public\index.php(44): CodeIgniter\CodeIgniter->run()
#9 C:\xampp\htdocs\github\ukm\vendor\codeigniter4\framework\system\Commands\Server\rewrite.php(45): require_once('C:\\xampp\\htdocs...')
#10 {main}
CRITICAL - 2022-04-08 15:04:50 --> Table 'database_ukm.x_notif' doesn't exist
#0 C:\xampp\htdocs\github\ukm\vendor\codeigniter4\framework\system\Database\MySQLi\Connection.php(314): mysqli->query('SELECT `x_notif...')
#1 C:\xampp\htdocs\github\ukm\vendor\codeigniter4\framework\system\Database\BaseConnection.php(713): CodeIgniter\Database\MySQLi\Connection->execute('SELECT `x_notif...')
#2 C:\xampp\htdocs\github\ukm\vendor\codeigniter4\framework\system\Database\BaseConnection.php(641): CodeIgniter\Database\BaseConnection->simpleQuery('SELECT `x_notif...')
#3 C:\xampp\htdocs\github\ukm\vendor\codeigniter4\framework\system\Database\BaseBuilder.php(1866): CodeIgniter\Database\BaseConnection->query('SELECT `x_notif...', Array, false)
#4 C:\xampp\htdocs\github\ukm\modules\Layout\Controllers\Layout.php(40): CodeIgniter\Database\BaseBuilder->get()
#5 C:\xampp\htdocs\github\ukm\vendor\codeigniter4\framework\system\CodeIgniter.php(940): Modules\Layout\Controllers\Layout->notifikasiuser()
#6 C:\xampp\htdocs\github\ukm\vendor\codeigniter4\framework\system\CodeIgniter.php(436): CodeIgniter\CodeIgniter->runController(Object(Modules\Layout\Controllers\Layout))
#7 C:\xampp\htdocs\github\ukm\vendor\codeigniter4\framework\system\CodeIgniter.php(337): CodeIgniter\CodeIgniter->handleRequest(NULL, Object(Config\Cache), false)
#8 C:\xampp\htdocs\github\ukm\public\index.php(44): CodeIgniter\CodeIgniter->run()
#9 C:\xampp\htdocs\github\ukm\vendor\codeigniter4\framework\system\Commands\Server\rewrite.php(45): require_once('C:\\xampp\\htdocs...')
#10 {main}
CRITICAL - 2022-04-08 15:04:52 --> Trying to access array offset on value of type null
#0 C:\xampp\htdocs\github\ukm\modules\Club\Views\interface.php(8): CodeIgniter\Debug\Exceptions->errorHandler(8, 'Trying to acces...', 'C:\\xampp\\htdocs...', 8, Array)
#1 C:\xampp\htdocs\github\ukm\vendor\codeigniter4\framework\system\View\View.php(220): include('C:\\xampp\\htdocs...')
#2 C:\xampp\htdocs\github\ukm\vendor\codeigniter4\framework\system\View\View.php(222): CodeIgniter\View\View->CodeIgniter\View\{closure}()
#3 C:\xampp\htdocs\github\ukm\vendor\codeigniter4\framework\system\Common.php(1217): CodeIgniter\View\View->render('Modules\\Club\\Vi...', Array, true)
#4 C:\xampp\htdocs\github\ukm\modules\Club\Controllers\DataInterface.php(54): view('Modules\\Club\\Vi...', Array)
#5 C:\xampp\htdocs\github\ukm\vendor\codeigniter4\framework\system\CodeIgniter.php(940): Modules\Club\Controllers\DataInterface->interface('kosong')
#6 C:\xampp\htdocs\github\ukm\vendor\codeigniter4\framework\system\CodeIgniter.php(436): CodeIgniter\CodeIgniter->runController(Object(Modules\Club\Controllers\DataInterface))
#7 C:\xampp\htdocs\github\ukm\vendor\codeigniter4\framework\system\CodeIgniter.php(337): CodeIgniter\CodeIgniter->handleRequest(NULL, Object(Config\Cache), false)
#8 C:\xampp\htdocs\github\ukm\public\index.php(44): CodeIgniter\CodeIgniter->run()
#9 C:\xampp\htdocs\github\ukm\vendor\codeigniter4\framework\system\Commands\Server\rewrite.php(45): require_once('C:\\xampp\\htdocs...')
#10 {main}
ERROR - 2022-04-08 15:05:00 --> mysqli_sql_exception: Table 'database_ukm.x_notif' doesn't exist in C:\xampp\htdocs\github\ukm\vendor\codeigniter4\framework\system\Database\MySQLi\Connection.php:314
Stack trace:
#0 C:\xampp\htdocs\github\ukm\vendor\codeigniter4\framework\system\Database\MySQLi\Connection.php(314): mysqli->query('SELECT `x_notif...')
#1 C:\xampp\htdocs\github\ukm\vendor\codeigniter4\framework\system\Database\BaseConnection.php(713): CodeIgniter\Database\MySQLi\Connection->execute('SELECT `x_notif...')
#2 C:\xampp\htdocs\github\ukm\vendor\codeigniter4\framework\system\Database\BaseConnection.php(641): CodeIgniter\Database\BaseConnection->simpleQuery('SELECT `x_notif...')
#3 C:\xampp\htdocs\github\ukm\vendor\codeigniter4\framework\system\Database\BaseBuilder.php(1866): CodeIgniter\Database\BaseConnection->query('SELECT `x_notif...', Array, false)
#4 C:\xampp\htdocs\github\ukm\modules\Layout\Controllers\Layout.php(40): CodeIgniter\Database\BaseBuilder->get()
#5 C:\xampp\htdocs\github\ukm\vendor\codeigniter4\framework\system\CodeIgniter.php(940): Modules\Layout\Controllers\Layout->notifikasiuser()
#6 C:\xampp\htdocs\github\ukm\vendor\codeigniter4\framework\system\CodeIgniter.php(436): CodeIgniter\CodeIgniter->runController(Object(Modules\Layout\Controllers\Layout))
#7 C:\xampp\htdocs\github\ukm\vendor\codeigniter4\framework\system\CodeIgniter.php(337): CodeIgniter\CodeIgniter->handleRequest(NULL, Object(Config\Cache), false)
#8 C:\xampp\htdocs\github\ukm\public\index.php(44): CodeIgniter\CodeIgniter->run()
#9 C:\xampp\htdocs\github\ukm\vendor\codeigniter4\framework\system\Commands\Server\rewrite.php(45): require_once('C:\\xampp\\htdocs...')
#10 {main}
CRITICAL - 2022-04-08 15:05:00 --> Table 'database_ukm.x_notif' doesn't exist
#0 C:\xampp\htdocs\github\ukm\vendor\codeigniter4\framework\system\Database\MySQLi\Connection.php(314): mysqli->query('SELECT `x_notif...')
#1 C:\xampp\htdocs\github\ukm\vendor\codeigniter4\framework\system\Database\BaseConnection.php(713): CodeIgniter\Database\MySQLi\Connection->execute('SELECT `x_notif...')
#2 C:\xampp\htdocs\github\ukm\vendor\codeigniter4\framework\system\Database\BaseConnection.php(641): CodeIgniter\Database\BaseConnection->simpleQuery('SELECT `x_notif...')
#3 C:\xampp\htdocs\github\ukm\vendor\codeigniter4\framework\system\Database\BaseBuilder.php(1866): CodeIgniter\Database\BaseConnection->query('SELECT `x_notif...', Array, false)
#4 C:\xampp\htdocs\github\ukm\modules\Layout\Controllers\Layout.php(40): CodeIgniter\Database\BaseBuilder->get()
#5 C:\xampp\htdocs\github\ukm\vendor\codeigniter4\framework\system\CodeIgniter.php(940): Modules\Layout\Controllers\Layout->notifikasiuser()
#6 C:\xampp\htdocs\github\ukm\vendor\codeigniter4\framework\system\CodeIgniter.php(436): CodeIgniter\CodeIgniter->runController(Object(Modules\Layout\Controllers\Layout))
#7 C:\xampp\htdocs\github\ukm\vendor\codeigniter4\framework\system\CodeIgniter.php(337): CodeIgniter\CodeIgniter->handleRequest(NULL, Object(Config\Cache), false)
#8 C:\xampp\htdocs\github\ukm\public\index.php(44): CodeIgniter\CodeIgniter->run()
#9 C:\xampp\htdocs\github\ukm\vendor\codeigniter4\framework\system\Commands\Server\rewrite.php(45): require_once('C:\\xampp\\htdocs...')
#10 {main}
ERROR - 2022-04-08 15:08:54 --> mysqli_sql_exception: Table 'database_ukm.x_notif' doesn't exist in C:\xampp\htdocs\github\ukm\vendor\codeigniter4\framework\system\Database\MySQLi\Connection.php:314
Stack trace:
#0 C:\xampp\htdocs\github\ukm\vendor\codeigniter4\framework\system\Database\MySQLi\Connection.php(314): mysqli->query('SELECT `x_notif...')
#1 C:\xampp\htdocs\github\ukm\vendor\codeigniter4\framework\system\Database\BaseConnection.php(713): CodeIgniter\Database\MySQLi\Connection->execute('SELECT `x_notif...')
#2 C:\xampp\htdocs\github\ukm\vendor\codeigniter4\framework\system\Database\BaseConnection.php(641): CodeIgniter\Database\BaseConnection->simpleQuery('SELECT `x_notif...')
#3 C:\xampp\htdocs\github\ukm\vendor\codeigniter4\framework\system\Database\BaseBuilder.php(1866): CodeIgniter\Database\BaseConnection->query('SELECT `x_notif...', Array, false)
#4 C:\xampp\htdocs\github\ukm\modules\Layout\Controllers\Layout.php(40): CodeIgniter\Database\BaseBuilder->get()
#5 C:\xampp\htdocs\github\ukm\vendor\codeigniter4\framework\system\CodeIgniter.php(940): Modules\Layout\Controllers\Layout->notifikasiuser()
#6 C:\xampp\htdocs\github\ukm\vendor\codeigniter4\framework\system\CodeIgniter.php(436): CodeIgniter\CodeIgniter->runController(Object(Modules\Layout\Controllers\Layout))
#7 C:\xampp\htdocs\github\ukm\vendor\codeigniter4\framework\system\CodeIgniter.php(337): CodeIgniter\CodeIgniter->handleRequest(NULL, Object(Config\Cache), false)
#8 C:\xampp\htdocs\github\ukm\public\index.php(44): CodeIgniter\CodeIgniter->run()
#9 C:\xampp\htdocs\github\ukm\vendor\codeigniter4\framework\system\Commands\Server\rewrite.php(45): require_once('C:\\xampp\\htdocs...')
#10 {main}
CRITICAL - 2022-04-08 15:08:54 --> Table 'database_ukm.x_notif' doesn't exist
#0 C:\xampp\htdocs\github\ukm\vendor\codeigniter4\framework\system\Database\MySQLi\Connection.php(314): mysqli->query('SELECT `x_notif...')
#1 C:\xampp\htdocs\github\ukm\vendor\codeigniter4\framework\system\Database\BaseConnection.php(713): CodeIgniter\Database\MySQLi\Connection->execute('SELECT `x_notif...')
#2 C:\xampp\htdocs\github\ukm\vendor\codeigniter4\framework\system\Database\BaseConnection.php(641): CodeIgniter\Database\BaseConnection->simpleQuery('SELECT `x_notif...')
#3 C:\xampp\htdocs\github\ukm\vendor\codeigniter4\framework\system\Database\BaseBuilder.php(1866): CodeIgniter\Database\BaseConnection->query('SELECT `x_notif...', Array, false)
#4 C:\xampp\htdocs\github\ukm\modules\Layout\Controllers\Layout.php(40): CodeIgniter\Database\BaseBuilder->get()
#5 C:\xampp\htdocs\github\ukm\vendor\codeigniter4\framework\system\CodeIgniter.php(940): Modules\Layout\Controllers\Layout->notifikasiuser()
#6 C:\xampp\htdocs\github\ukm\vendor\codeigniter4\framework\system\CodeIgniter.php(436): CodeIgniter\CodeIgniter->runController(Object(Modules\Layout\Controllers\Layout))
#7 C:\xampp\htdocs\github\ukm\vendor\codeigniter4\framework\system\CodeIgniter.php(337): CodeIgniter\CodeIgniter->handleRequest(NULL, Object(Config\Cache), false)
#8 C:\xampp\htdocs\github\ukm\public\index.php(44): CodeIgniter\CodeIgniter->run()
#9 C:\xampp\htdocs\github\ukm\vendor\codeigniter4\framework\system\Commands\Server\rewrite.php(45): require_once('C:\\xampp\\htdocs...')
#10 {main}
ERROR - 2022-04-08 15:09:01 --> mysqli_sql_exception: Table 'database_ukm.x_notif' doesn't exist in C:\xampp\htdocs\github\ukm\vendor\codeigniter4\framework\system\Database\MySQLi\Connection.php:314
Stack trace:
#0 C:\xampp\htdocs\github\ukm\vendor\codeigniter4\framework\system\Database\MySQLi\Connection.php(314): mysqli->query('SELECT `x_notif...')
#1 C:\xampp\htdocs\github\ukm\vendor\codeigniter4\framework\system\Database\BaseConnection.php(713): CodeIgniter\Database\MySQLi\Connection->execute('SELECT `x_notif...')
#2 C:\xampp\htdocs\github\ukm\vendor\codeigniter4\framework\system\Database\BaseConnection.php(641): CodeIgniter\Database\BaseConnection->simpleQuery('SELECT `x_notif...')
#3 C:\xampp\htdocs\github\ukm\vendor\codeigniter4\framework\system\Database\BaseBuilder.php(1866): CodeIgniter\Database\BaseConnection->query('SELECT `x_notif...', Array, false)
#4 C:\xampp\htdocs\github\ukm\modules\Layout\Controllers\Layout.php(40): CodeIgniter\Database\BaseBuilder->get()
#5 C:\xampp\htdocs\github\ukm\vendor\codeigniter4\framework\system\CodeIgniter.php(940): Modules\Layout\Controllers\Layout->notifikasiuser()
#6 C:\xampp\htdocs\github\ukm\vendor\codeigniter4\framework\system\CodeIgniter.php(436): CodeIgniter\CodeIgniter->runController(Object(Modules\Layout\Controllers\Layout))
#7 C:\xampp\htdocs\github\ukm\vendor\codeigniter4\framework\system\CodeIgniter.php(337): CodeIgniter\CodeIgniter->handleRequest(NULL, Object(Config\Cache), false)
#8 C:\xampp\htdocs\github\ukm\public\index.php(44): CodeIgniter\CodeIgniter->run()
#9 C:\xampp\htdocs\github\ukm\vendor\codeigniter4\framework\system\Commands\Server\rewrite.php(45): require_once('C:\\xampp\\htdocs...')
#10 {main}
CRITICAL - 2022-04-08 15:09:01 --> Table 'database_ukm.x_notif' doesn't exist
#0 C:\xampp\htdocs\github\ukm\vendor\codeigniter4\framework\system\Database\MySQLi\Connection.php(314): mysqli->query('SELECT `x_notif...')
#1 C:\xampp\htdocs\github\ukm\vendor\codeigniter4\framework\system\Database\BaseConnection.php(713): CodeIgniter\Database\MySQLi\Connection->execute('SELECT `x_notif...')
#2 C:\xampp\htdocs\github\ukm\vendor\codeigniter4\framework\system\Database\BaseConnection.php(641): CodeIgniter\Database\BaseConnection->simpleQuery('SELECT `x_notif...')
#3 C:\xampp\htdocs\github\ukm\vendor\codeigniter4\framework\system\Database\BaseBuilder.php(1866): CodeIgniter\Database\BaseConnection->query('SELECT `x_notif...', Array, false)
#4 C:\xampp\htdocs\github\ukm\modules\Layout\Controllers\Layout.php(40): CodeIgniter\Database\BaseBuilder->get()
#5 C:\xampp\htdocs\github\ukm\vendor\codeigniter4\framework\system\CodeIgniter.php(940): Modules\Layout\Controllers\Layout->notifikasiuser()
#6 C:\xampp\htdocs\github\ukm\vendor\codeigniter4\framework\system\CodeIgniter.php(436): CodeIgniter\CodeIgniter->runController(Object(Modules\Layout\Controllers\Layout))
#7 C:\xampp\htdocs\github\ukm\vendor\codeigniter4\framework\system\CodeIgniter.php(337): CodeIgniter\CodeIgniter->handleRequest(NULL, Object(Config\Cache), false)
#8 C:\xampp\htdocs\github\ukm\public\index.php(44): CodeIgniter\CodeIgniter->run()
#9 C:\xampp\htdocs\github\ukm\vendor\codeigniter4\framework\system\Commands\Server\rewrite.php(45): require_once('C:\\xampp\\htdocs...')
#10 {main}
CRITICAL - 2022-04-08 15:17:39 --> Undefined offset: 3
#0 C:\xampp\htdocs\github\ukm\modules\Club\Controllers\DataInterface.php(167): CodeIgniter\Debug\Exceptions->errorHandler(8, 'Undefined offse...', 'C:\\xampp\\htdocs...', 167, Array)
#1 C:\xampp\htdocs\github\ukm\vendor\codeigniter4\framework\system\CodeIgniter.php(940): Modules\Club\Controllers\DataInterface->fotoleft()
#2 C:\xampp\htdocs\github\ukm\vendor\codeigniter4\framework\system\CodeIgniter.php(436): CodeIgniter\CodeIgniter->runController(Object(Modules\Club\Controllers\DataInterface))
#3 C:\xampp\htdocs\github\ukm\vendor\codeigniter4\framework\system\CodeIgniter.php(337): CodeIgniter\CodeIgniter->handleRequest(NULL, Object(Config\Cache), false)
#4 C:\xampp\htdocs\github\ukm\public\index.php(44): CodeIgniter\CodeIgniter->run()
#5 C:\xampp\htdocs\github\ukm\vendor\codeigniter4\framework\system\Commands\Server\rewrite.php(45): require_once('C:\\xampp\\htdocs...')
#6 {main}
ERROR - 2022-04-08 15:26:13 --> mysqli_sql_exception: Table 'database_ukm.x_notif' doesn't exist in C:\xampp\htdocs\github\ukm\vendor\codeigniter4\framework\system\Database\MySQLi\Connection.php:314
Stack trace:
#0 C:\xampp\htdocs\github\ukm\vendor\codeigniter4\framework\system\Database\MySQLi\Connection.php(314): mysqli->query('SELECT `x_notif...')
#1 C:\xampp\htdocs\github\ukm\vendor\codeigniter4\framework\system\Database\BaseConnection.php(713): CodeIgniter\Database\MySQLi\Connection->execute('SELECT `x_notif...')
#2 C:\xampp\htdocs\github\ukm\vendor\codeigniter4\framework\system\Database\BaseConnection.php(641): CodeIgniter\Database\BaseConnection->simpleQuery('SELECT `x_notif...')
#3 C:\xampp\htdocs\github\ukm\vendor\codeigniter4\framework\system\Database\BaseBuilder.php(1866): CodeIgniter\Database\BaseConnection->query('SELECT `x_notif...', Array, false)
#4 C:\xampp\htdocs\github\ukm\modules\Layout\Controllers\Layout.php(40): CodeIgniter\Database\BaseBuilder->get()
#5 C:\xampp\htdocs\github\ukm\vendor\codeigniter4\framework\system\CodeIgniter.php(940): Modules\Layout\Controllers\Layout->notifikasiuser()
#6 C:\xampp\htdocs\github\ukm\vendor\codeigniter4\framework\system\CodeIgniter.php(436): CodeIgniter\CodeIgniter->runController(Object(Modules\Layout\Controllers\Layout))
#7 C:\xampp\htdocs\github\ukm\vendor\codeigniter4\framework\system\CodeIgniter.php(337): CodeIgniter\CodeIgniter->handleRequest(NULL, Object(Config\Cache), false)
#8 C:\xampp\htdocs\github\ukm\public\index.php(44): CodeIgniter\CodeIgniter->run()
#9 C:\xampp\htdocs\github\ukm\vendor\codeigniter4\framework\system\Commands\Server\rewrite.php(45): require_once('C:\\xampp\\htdocs...')
#10 {main}
CRITICAL - 2022-04-08 15:26:13 --> Table 'database_ukm.x_notif' doesn't exist
#0 C:\xampp\htdocs\github\ukm\vendor\codeigniter4\framework\system\Database\MySQLi\Connection.php(314): mysqli->query('SELECT `x_notif...')
#1 C:\xampp\htdocs\github\ukm\vendor\codeigniter4\framework\system\Database\BaseConnection.php(713): CodeIgniter\Database\MySQLi\Connection->execute('SELECT `x_notif...')
#2 C:\xampp\htdocs\github\ukm\vendor\codeigniter4\framework\system\Database\BaseConnection.php(641): CodeIgniter\Database\BaseConnection->simpleQuery('SELECT `x_notif...')
#3 C:\xampp\htdocs\github\ukm\vendor\codeigniter4\framework\system\Database\BaseBuilder.php(1866): CodeIgniter\Database\BaseConnection->query('SELECT `x_notif...', Array, false)
#4 C:\xampp\htdocs\github\ukm\modules\Layout\Controllers\Layout.php(40): CodeIgniter\Database\BaseBuilder->get()
#5 C:\xampp\htdocs\github\ukm\vendor\codeigniter4\framework\system\CodeIgniter.php(940): Modules\Layout\Controllers\Layout->notifikasiuser()
#6 C:\xampp\htdocs\github\ukm\vendor\codeigniter4\framework\system\CodeIgniter.php(436): CodeIgniter\CodeIgniter->runController(Object(Modules\Layout\Controllers\Layout))
#7 C:\xampp\htdocs\github\ukm\vendor\codeigniter4\framework\system\CodeIgniter.php(337): CodeIgniter\CodeIgniter->handleRequest(NULL, Object(Config\Cache), false)
#8 C:\xampp\htdocs\github\ukm\public\index.php(44): CodeIgniter\CodeIgniter->run()
#9 C:\xampp\htdocs\github\ukm\vendor\codeigniter4\framework\system\Commands\Server\rewrite.php(45): require_once('C:\\xampp\\htdocs...')
#10 {main}
CRITICAL - 2022-04-08 15:26:18 --> Undefined offset: 3
#0 C:\xampp\htdocs\github\ukm\modules\Club\Controllers\DataInterface.php(171): CodeIgniter\Debug\Exceptions->errorHandler(8, 'Undefined offse...', 'C:\\xampp\\htdocs...', 171, Array)
#1 C:\xampp\htdocs\github\ukm\vendor\codeigniter4\framework\system\CodeIgniter.php(940): Modules\Club\Controllers\DataInterface->fotoleft()
#2 C:\xampp\htdocs\github\ukm\vendor\codeigniter4\framework\system\CodeIgniter.php(436): CodeIgniter\CodeIgniter->runController(Object(Modules\Club\Controllers\DataInterface))
#3 C:\xampp\htdocs\github\ukm\vendor\codeigniter4\framework\system\CodeIgniter.php(337): CodeIgniter\CodeIgniter->handleRequest(NULL, Object(Config\Cache), false)
#4 C:\xampp\htdocs\github\ukm\public\index.php(44): CodeIgniter\CodeIgniter->run()
#5 C:\xampp\htdocs\github\ukm\vendor\codeigniter4\framework\system\Commands\Server\rewrite.php(45): require_once('C:\\xampp\\htdocs...')
#6 {main}
CRITICAL - 2022-04-08 15:27:10 --> Undefined offset: 3
#0 C:\xampp\htdocs\github\ukm\modules\Club\Controllers\DataInterface.php(171): CodeIgniter\Debug\Exceptions->errorHandler(8, 'Undefined offse...', 'C:\\xampp\\htdocs...', 171, Array)
#1 C:\xampp\htdocs\github\ukm\vendor\codeigniter4\framework\system\CodeIgniter.php(940): Modules\Club\Controllers\DataInterface->fotoleft()
#2 C:\xampp\htdocs\github\ukm\vendor\codeigniter4\framework\system\CodeIgniter.php(436): CodeIgniter\CodeIgniter->runController(Object(Modules\Club\Controllers\DataInterface))
#3 C:\xampp\htdocs\github\ukm\vendor\codeigniter4\framework\system\CodeIgniter.php(337): CodeIgniter\CodeIgniter->handleRequest(NULL, Object(Config\Cache), false)
#4 C:\xampp\htdocs\github\ukm\public\index.php(44): CodeIgniter\CodeIgniter->run()
#5 C:\xampp\htdocs\github\ukm\vendor\codeigniter4\framework\system\Commands\Server\rewrite.php(45): require_once('C:\\xampp\\htdocs...')
#6 {main}
CRITICAL - 2022-04-08 15:27:58 --> Undefined offset: 3
#0 C:\xampp\htdocs\github\ukm\modules\Club\Controllers\DataInterface.php(171): CodeIgniter\Debug\Exceptions->errorHandler(8, 'Undefined offse...', 'C:\\xampp\\htdocs...', 171, Array)
#1 C:\xampp\htdocs\github\ukm\vendor\codeigniter4\framework\system\CodeIgniter.php(940): Modules\Club\Controllers\DataInterface->fotoleft()
#2 C:\xampp\htdocs\github\ukm\vendor\codeigniter4\framework\system\CodeIgniter.php(436): CodeIgniter\CodeIgniter->runController(Object(Modules\Club\Controllers\DataInterface))
#3 C:\xampp\htdocs\github\ukm\vendor\codeigniter4\framework\system\CodeIgniter.php(337): CodeIgniter\CodeIgniter->handleRequest(NULL, Object(Config\Cache), false)
#4 C:\xampp\htdocs\github\ukm\public\index.php(44): CodeIgniter\CodeIgniter->run()
#5 C:\xampp\htdocs\github\ukm\vendor\codeigniter4\framework\system\Commands\Server\rewrite.php(45): require_once('C:\\xampp\\htdocs...')
#6 {main}
CRITICAL - 2022-04-08 15:28:07 --> Undefined offset: 3
#0 C:\xampp\htdocs\github\ukm\modules\Club\Controllers\DataInterface.php(171): CodeIgniter\Debug\Exceptions->errorHandler(8, 'Undefined offse...', 'C:\\xampp\\htdocs...', 171, Array)
#1 C:\xampp\htdocs\github\ukm\vendor\codeigniter4\framework\system\CodeIgniter.php(940): Modules\Club\Controllers\DataInterface->fotoleft()
#2 C:\xampp\htdocs\github\ukm\vendor\codeigniter4\framework\system\CodeIgniter.php(436): CodeIgniter\CodeIgniter->runController(Object(Modules\Club\Controllers\DataInterface))
#3 C:\xampp\htdocs\github\ukm\vendor\codeigniter4\framework\system\CodeIgniter.php(337): CodeIgniter\CodeIgniter->handleRequest(NULL, Object(Config\Cache), false)
#4 C:\xampp\htdocs\github\ukm\public\index.php(44): CodeIgniter\CodeIgniter->run()
#5 C:\xampp\htdocs\github\ukm\vendor\codeigniter4\framework\system\Commands\Server\rewrite.php(45): require_once('C:\\xampp\\htdocs...')
#6 {main}
