ERROR - 2021-05-29 08:11:08 --> Error connecting to the database: No connection could be made because the target machine actively refused it.

CRITICAL - 2021-05-29 08:11:08 --> Unable to connect to the database.
#0 D:\WEBSITE\xampp-7.4\htdocs\company\vendor\codeigniter4\framework\system\Database\BaseConnection.php(618): CodeIgniter\Database\BaseConnection->initialize()
#1 D:\WEBSITE\xampp-7.4\htdocs\company\vendor\codeigniter4\framework\system\Database\BaseBuilder.php(1966): CodeIgniter\Database\BaseConnection->query('SELECT COUNT(*)...', Array, false)
#2 D:\WEBSITE\xampp-7.4\htdocs\company\vendor\codeigniter4\framework\system\Model.php(570): CodeIgniter\Database\BaseBuilder->countAllResults(false)
#3 D:\WEBSITE\xampp-7.4\htdocs\company\vendor\codeigniter4\framework\system\BaseModel.php(1140): CodeIgniter\Model->countAllResults(false)
#4 D:\WEBSITE\xampp-7.4\htdocs\company\modules\FrontEndLayout\Models\ModelLayout.php(22): CodeIgniter\BaseModel->paginate(4, 'blog')
#5 D:\WEBSITE\xampp-7.4\htdocs\company\modules\FrontEndLayout\Controllers\Layout.php(22): Modules\FrontEndLayout\Models\ModelLayout->get_blog(4)
#6 D:\WEBSITE\xampp-7.4\htdocs\company\vendor\codeigniter4\framework\system\CodeIgniter.php(936): Modules\FrontEndLayout\Controllers\Layout->index()
#7 D:\WEBSITE\xampp-7.4\htdocs\company\vendor\codeigniter4\framework\system\CodeIgniter.php(432): CodeIgniter\CodeIgniter->runController(Object(Modules\FrontEndLayout\Controllers\Layout))
#8 D:\WEBSITE\xampp-7.4\htdocs\company\vendor\codeigniter4\framework\system\CodeIgniter.php(333): CodeIgniter\CodeIgniter->handleRequest(NULL, Object(Config\Cache), false)
#9 D:\WEBSITE\xampp-7.4\htdocs\company\public\index.php(44): CodeIgniter\CodeIgniter->run()
#10 D:\WEBSITE\xampp-7.4\htdocs\company\vendor\codeigniter4\framework\system\Commands\Server\rewrite.php(45): require_once('D:\\WEBSITE\\xamp...')
#11 {main}
ERROR - 2021-05-29 08:11:10 --> Error connecting to the database: No connection could be made because the target machine actively refused it.

CRITICAL - 2021-05-29 08:11:10 --> Unable to connect to the database.
#0 D:\WEBSITE\xampp-7.4\htdocs\company\vendor\codeigniter4\framework\system\Database\BaseConnection.php(618): CodeIgniter\Database\BaseConnection->initialize()
#1 D:\WEBSITE\xampp-7.4\htdocs\company\vendor\codeigniter4\framework\system\Database\BaseBuilder.php(1966): CodeIgniter\Database\BaseConnection->query('SELECT COUNT(*)...', Array, false)
#2 D:\WEBSITE\xampp-7.4\htdocs\company\vendor\codeigniter4\framework\system\Model.php(570): CodeIgniter\Database\BaseBuilder->countAllResults(false)
#3 D:\WEBSITE\xampp-7.4\htdocs\company\vendor\codeigniter4\framework\system\BaseModel.php(1140): CodeIgniter\Model->countAllResults(false)
#4 D:\WEBSITE\xampp-7.4\htdocs\company\modules\FrontEndLayout\Models\ModelLayout.php(22): CodeIgniter\BaseModel->paginate(4, 'blog')
#5 D:\WEBSITE\xampp-7.4\htdocs\company\modules\FrontEndLayout\Controllers\Layout.php(22): Modules\FrontEndLayout\Models\ModelLayout->get_blog(4)
#6 D:\WEBSITE\xampp-7.4\htdocs\company\vendor\codeigniter4\framework\system\CodeIgniter.php(936): Modules\FrontEndLayout\Controllers\Layout->index()
#7 D:\WEBSITE\xampp-7.4\htdocs\company\vendor\codeigniter4\framework\system\CodeIgniter.php(432): CodeIgniter\CodeIgniter->runController(Object(Modules\FrontEndLayout\Controllers\Layout))
#8 D:\WEBSITE\xampp-7.4\htdocs\company\vendor\codeigniter4\framework\system\CodeIgniter.php(333): CodeIgniter\CodeIgniter->handleRequest(NULL, Object(Config\Cache), false)
#9 D:\WEBSITE\xampp-7.4\htdocs\company\public\index.php(44): CodeIgniter\CodeIgniter->run()
#10 D:\WEBSITE\xampp-7.4\htdocs\company\vendor\codeigniter4\framework\system\Commands\Server\rewrite.php(45): require_once('D:\\WEBSITE\\xamp...')
#11 {main}
ERROR - 2021-05-29 08:11:19 --> Error connecting to the database: No connection could be made because the target machine actively refused it.

CRITICAL - 2021-05-29 08:11:19 --> Unable to connect to the database.
#0 D:\WEBSITE\xampp-7.4\htdocs\company\vendor\codeigniter4\framework\system\Database\BaseConnection.php(618): CodeIgniter\Database\BaseConnection->initialize()
#1 D:\WEBSITE\xampp-7.4\htdocs\company\vendor\codeigniter4\framework\system\Database\BaseBuilder.php(1866): CodeIgniter\Database\BaseConnection->query('SELECT *\nFROM `...', Array, false)
#2 D:\WEBSITE\xampp-7.4\htdocs\company\vendor\codeigniter4\framework\system\Model.php(247): CodeIgniter\Database\BaseBuilder->get()
#3 D:\WEBSITE\xampp-7.4\htdocs\company\vendor\codeigniter4\framework\system\BaseModel.php(624): CodeIgniter\Model->doFirst()
#4 D:\WEBSITE\xampp-7.4\htdocs\company\vendor\myth\auth\src\Authentication\LocalAuthenticator.php(156): CodeIgniter\BaseModel->first()
#5 D:\WEBSITE\xampp-7.4\htdocs\company\vendor\myth\auth\src\Authentication\LocalAuthenticator.php(20): Myth\Auth\Authentication\LocalAuthenticator->validate(Array, true)
#6 D:\WEBSITE\xampp-7.4\htdocs\company\vendor\myth\auth\src\Controllers\AuthController.php(85): Myth\Auth\Authentication\LocalAuthenticator->attempt(Array, false)
#7 D:\WEBSITE\xampp-7.4\htdocs\company\vendor\codeigniter4\framework\system\CodeIgniter.php(936): Myth\Auth\Controllers\AuthController->attemptLogin()
#8 D:\WEBSITE\xampp-7.4\htdocs\company\vendor\codeigniter4\framework\system\CodeIgniter.php(432): CodeIgniter\CodeIgniter->runController(Object(Myth\Auth\Controllers\AuthController))
#9 D:\WEBSITE\xampp-7.4\htdocs\company\vendor\codeigniter4\framework\system\CodeIgniter.php(333): CodeIgniter\CodeIgniter->handleRequest(NULL, Object(Config\Cache), false)
#10 D:\WEBSITE\xampp-7.4\htdocs\company\public\index.php(44): CodeIgniter\CodeIgniter->run()
#11 D:\WEBSITE\xampp-7.4\htdocs\company\vendor\codeigniter4\framework\system\Commands\Server\rewrite.php(45): require_once('D:\\WEBSITE\\xamp...')
#12 {main}
CRITICAL - 2021-05-29 08:11:55 --> syntax error, unexpected ','
#0 D:\WEBSITE\xampp-7.4\htdocs\company\vendor\codeigniter4\framework\system\Autoloader\Autoloader.php(265): CodeIgniter\Autoloader\Autoloader->includeFile('D:\\WEBSITE\\xamp...')
#1 D:\WEBSITE\xampp-7.4\htdocs\company\vendor\codeigniter4\framework\system\Autoloader\Autoloader.php(228): CodeIgniter\Autoloader\Autoloader->loadInNamespace('Modules\\AdminUs...')
#2 [internal function]: CodeIgniter\Autoloader\Autoloader->loadClass('Modules\\AdminUs...')
#3 [internal function]: spl_autoload_call('Modules\\AdminUs...')
#4 D:\WEBSITE\xampp-7.4\htdocs\company\vendor\codeigniter4\framework\system\CodeIgniter.php(893): class_exists('\\Modules\\AdminU...', true)
#5 D:\WEBSITE\xampp-7.4\htdocs\company\vendor\codeigniter4\framework\system\CodeIgniter.php(417): CodeIgniter\CodeIgniter->startController()
#6 D:\WEBSITE\xampp-7.4\htdocs\company\vendor\codeigniter4\framework\system\CodeIgniter.php(333): CodeIgniter\CodeIgniter->handleRequest(NULL, Object(Config\Cache), false)
#7 D:\WEBSITE\xampp-7.4\htdocs\company\public\index.php(44): CodeIgniter\CodeIgniter->run()
#8 D:\WEBSITE\xampp-7.4\htdocs\company\vendor\codeigniter4\framework\system\Commands\Server\rewrite.php(45): require_once('D:\\WEBSITE\\xamp...')
#9 {main}
CRITICAL - 2021-05-29 08:26:15 --> You must set the database table to be used with your query.
#0 D:\WEBSITE\xampp-7.4\htdocs\company\vendor\codeigniter4\framework\system\Model.php(615): CodeIgniter\Database\BaseConnection->table(NULL)
#1 D:\WEBSITE\xampp-7.4\htdocs\company\vendor\codeigniter4\framework\system\Model.php(834): CodeIgniter\Model->builder()
#2 D:\WEBSITE\xampp-7.4\htdocs\company\modules\AdminUsers\Controllers\DataUsers.php(41): CodeIgniter\Model->__call('get_jenis_kelam...', Array)
#3 D:\WEBSITE\xampp-7.4\htdocs\company\vendor\codeigniter4\framework\system\CodeIgniter.php(936): Modules\AdminUsers\Controllers\DataUsers->profile('ad0c6e5c44ec39f...')
#4 D:\WEBSITE\xampp-7.4\htdocs\company\vendor\codeigniter4\framework\system\CodeIgniter.php(432): CodeIgniter\CodeIgniter->runController(Object(Modules\AdminUsers\Controllers\DataUsers))
#5 D:\WEBSITE\xampp-7.4\htdocs\company\vendor\codeigniter4\framework\system\CodeIgniter.php(333): CodeIgniter\CodeIgniter->handleRequest(NULL, Object(Config\Cache), false)
#6 D:\WEBSITE\xampp-7.4\htdocs\company\public\index.php(44): CodeIgniter\CodeIgniter->run()
#7 D:\WEBSITE\xampp-7.4\htdocs\company\vendor\codeigniter4\framework\system\Commands\Server\rewrite.php(45): require_once('D:\\WEBSITE\\xamp...')
#8 {main}
CRITICAL - 2021-05-29 08:26:59 --> You must set the database table to be used with your query.
#0 D:\WEBSITE\xampp-7.4\htdocs\company\vendor\codeigniter4\framework\system\Model.php(615): CodeIgniter\Database\BaseConnection->table(NULL)
#1 D:\WEBSITE\xampp-7.4\htdocs\company\vendor\codeigniter4\framework\system\Model.php(834): CodeIgniter\Model->builder()
#2 D:\WEBSITE\xampp-7.4\htdocs\company\modules\AdminUsers\Controllers\DataUsers.php(41): CodeIgniter\Model->__call('get_jenis_kelam...', Array)
#3 D:\WEBSITE\xampp-7.4\htdocs\company\vendor\codeigniter4\framework\system\CodeIgniter.php(936): Modules\AdminUsers\Controllers\DataUsers->profile('ad0c6e5c44ec39f...')
#4 D:\WEBSITE\xampp-7.4\htdocs\company\vendor\codeigniter4\framework\system\CodeIgniter.php(432): CodeIgniter\CodeIgniter->runController(Object(Modules\AdminUsers\Controllers\DataUsers))
#5 D:\WEBSITE\xampp-7.4\htdocs\company\vendor\codeigniter4\framework\system\CodeIgniter.php(333): CodeIgniter\CodeIgniter->handleRequest(NULL, Object(Config\Cache), false)
#6 D:\WEBSITE\xampp-7.4\htdocs\company\public\index.php(44): CodeIgniter\CodeIgniter->run()
#7 D:\WEBSITE\xampp-7.4\htdocs\company\vendor\codeigniter4\framework\system\Commands\Server\rewrite.php(45): require_once('D:\\WEBSITE\\xamp...')
#8 {main}
CRITICAL - 2021-05-29 08:27:25 --> You must set the database table to be used with your query.
#0 D:\WEBSITE\xampp-7.4\htdocs\company\vendor\codeigniter4\framework\system\Model.php(615): CodeIgniter\Database\BaseConnection->table(NULL)
#1 D:\WEBSITE\xampp-7.4\htdocs\company\vendor\codeigniter4\framework\system\Model.php(834): CodeIgniter\Model->builder()
#2 D:\WEBSITE\xampp-7.4\htdocs\company\modules\AdminUsers\Controllers\DataUsers.php(41): CodeIgniter\Model->__call('get_jenis_kelam...', Array)
#3 D:\WEBSITE\xampp-7.4\htdocs\company\vendor\codeigniter4\framework\system\CodeIgniter.php(936): Modules\AdminUsers\Controllers\DataUsers->profile('7b861e52241fdb2...')
#4 D:\WEBSITE\xampp-7.4\htdocs\company\vendor\codeigniter4\framework\system\CodeIgniter.php(432): CodeIgniter\CodeIgniter->runController(Object(Modules\AdminUsers\Controllers\DataUsers))
#5 D:\WEBSITE\xampp-7.4\htdocs\company\vendor\codeigniter4\framework\system\CodeIgniter.php(333): CodeIgniter\CodeIgniter->handleRequest(NULL, Object(Config\Cache), false)
#6 D:\WEBSITE\xampp-7.4\htdocs\company\public\index.php(44): CodeIgniter\CodeIgniter->run()
#7 D:\WEBSITE\xampp-7.4\htdocs\company\vendor\codeigniter4\framework\system\Commands\Server\rewrite.php(45): require_once('D:\\WEBSITE\\xamp...')
#8 {main}
CRITICAL - 2021-05-29 08:29:49 --> You must set the database table to be used with your query.
#0 D:\WEBSITE\xampp-7.4\htdocs\company\vendor\codeigniter4\framework\system\Model.php(615): CodeIgniter\Database\BaseConnection->table(NULL)
#1 D:\WEBSITE\xampp-7.4\htdocs\company\vendor\codeigniter4\framework\system\Model.php(834): CodeIgniter\Model->builder()
#2 D:\WEBSITE\xampp-7.4\htdocs\company\modules\AdminUsers\Controllers\DataUsers.php(41): CodeIgniter\Model->__call('get_jenis_kelam...', Array)
#3 D:\WEBSITE\xampp-7.4\htdocs\company\vendor\codeigniter4\framework\system\CodeIgniter.php(936): Modules\AdminUsers\Controllers\DataUsers->profile('7b861e52241fdb2...')
#4 D:\WEBSITE\xampp-7.4\htdocs\company\vendor\codeigniter4\framework\system\CodeIgniter.php(432): CodeIgniter\CodeIgniter->runController(Object(Modules\AdminUsers\Controllers\DataUsers))
#5 D:\WEBSITE\xampp-7.4\htdocs\company\vendor\codeigniter4\framework\system\CodeIgniter.php(333): CodeIgniter\CodeIgniter->handleRequest(NULL, Object(Config\Cache), false)
#6 D:\WEBSITE\xampp-7.4\htdocs\company\public\index.php(44): CodeIgniter\CodeIgniter->run()
#7 D:\WEBSITE\xampp-7.4\htdocs\company\vendor\codeigniter4\framework\system\Commands\Server\rewrite.php(45): require_once('D:\\WEBSITE\\xamp...')
#8 {main}
CRITICAL - 2021-05-29 08:33:49 --> You must set the database table to be used with your query.
#0 D:\WEBSITE\xampp-7.4\htdocs\company\vendor\codeigniter4\framework\system\Model.php(615): CodeIgniter\Database\BaseConnection->table(NULL)
#1 D:\WEBSITE\xampp-7.4\htdocs\company\vendor\codeigniter4\framework\system\Model.php(834): CodeIgniter\Model->builder()
#2 D:\WEBSITE\xampp-7.4\htdocs\company\modules\AdminUsers\Controllers\DataUsers.php(41): CodeIgniter\Model->__call('get_jenis_kelam...', Array)
#3 D:\WEBSITE\xampp-7.4\htdocs\company\vendor\codeigniter4\framework\system\CodeIgniter.php(936): Modules\AdminUsers\Controllers\DataUsers->profile('84d05dcd090e89b...')
#4 D:\WEBSITE\xampp-7.4\htdocs\company\vendor\codeigniter4\framework\system\CodeIgniter.php(432): CodeIgniter\CodeIgniter->runController(Object(Modules\AdminUsers\Controllers\DataUsers))
#5 D:\WEBSITE\xampp-7.4\htdocs\company\vendor\codeigniter4\framework\system\CodeIgniter.php(333): CodeIgniter\CodeIgniter->handleRequest(NULL, Object(Config\Cache), false)
#6 D:\WEBSITE\xampp-7.4\htdocs\company\public\index.php(44): CodeIgniter\CodeIgniter->run()
#7 D:\WEBSITE\xampp-7.4\htdocs\company\vendor\codeigniter4\framework\system\Commands\Server\rewrite.php(45): require_once('D:\\WEBSITE\\xamp...')
#8 {main}
CRITICAL - 2021-05-29 08:35:58 --> You must set the database table to be used with your query.
#0 D:\WEBSITE\xampp-7.4\htdocs\company\vendor\codeigniter4\framework\system\Model.php(615): CodeIgniter\Database\BaseConnection->table(NULL)
#1 D:\WEBSITE\xampp-7.4\htdocs\company\vendor\codeigniter4\framework\system\Model.php(834): CodeIgniter\Model->builder()
#2 D:\WEBSITE\xampp-7.4\htdocs\company\modules\AdminUsers\Controllers\DataUsers.php(41): CodeIgniter\Model->__call('get_jenis_kelam...', Array)
#3 D:\WEBSITE\xampp-7.4\htdocs\company\vendor\codeigniter4\framework\system\CodeIgniter.php(936): Modules\AdminUsers\Controllers\DataUsers->profile('7b861e52241fdb2...')
#4 D:\WEBSITE\xampp-7.4\htdocs\company\vendor\codeigniter4\framework\system\CodeIgniter.php(432): CodeIgniter\CodeIgniter->runController(Object(Modules\AdminUsers\Controllers\DataUsers))
#5 D:\WEBSITE\xampp-7.4\htdocs\company\vendor\codeigniter4\framework\system\CodeIgniter.php(333): CodeIgniter\CodeIgniter->handleRequest(NULL, Object(Config\Cache), false)
#6 D:\WEBSITE\xampp-7.4\htdocs\company\public\index.php(44): CodeIgniter\CodeIgniter->run()
#7 D:\WEBSITE\xampp-7.4\htdocs\company\vendor\codeigniter4\framework\system\Commands\Server\rewrite.php(45): require_once('D:\\WEBSITE\\xamp...')
#8 {main}
CRITICAL - 2021-05-29 08:36:38 --> You must set the database table to be used with your query.
#0 D:\WEBSITE\xampp-7.4\htdocs\company\vendor\codeigniter4\framework\system\Model.php(615): CodeIgniter\Database\BaseConnection->table(NULL)
#1 D:\WEBSITE\xampp-7.4\htdocs\company\vendor\codeigniter4\framework\system\Model.php(834): CodeIgniter\Model->builder()
#2 D:\WEBSITE\xampp-7.4\htdocs\company\modules\AdminUsers\Controllers\DataUsers.php(41): CodeIgniter\Model->__call('get_jenis_kelam...', Array)
#3 D:\WEBSITE\xampp-7.4\htdocs\company\vendor\codeigniter4\framework\system\CodeIgniter.php(936): Modules\AdminUsers\Controllers\DataUsers->profile('7b861e52241fdb2...')
#4 D:\WEBSITE\xampp-7.4\htdocs\company\vendor\codeigniter4\framework\system\CodeIgniter.php(432): CodeIgniter\CodeIgniter->runController(Object(Modules\AdminUsers\Controllers\DataUsers))
#5 D:\WEBSITE\xampp-7.4\htdocs\company\vendor\codeigniter4\framework\system\CodeIgniter.php(333): CodeIgniter\CodeIgniter->handleRequest(NULL, Object(Config\Cache), false)
#6 D:\WEBSITE\xampp-7.4\htdocs\company\public\index.php(44): CodeIgniter\CodeIgniter->run()
#7 D:\WEBSITE\xampp-7.4\htdocs\company\vendor\codeigniter4\framework\system\Commands\Server\rewrite.php(45): require_once('D:\\WEBSITE\\xamp...')
#8 {main}
CRITICAL - 2021-05-29 08:36:59 --> You must set the database table to be used with your query.
#0 D:\WEBSITE\xampp-7.4\htdocs\company\vendor\codeigniter4\framework\system\Model.php(615): CodeIgniter\Database\BaseConnection->table(NULL)
#1 D:\WEBSITE\xampp-7.4\htdocs\company\vendor\codeigniter4\framework\system\Model.php(834): CodeIgniter\Model->builder()
#2 D:\WEBSITE\xampp-7.4\htdocs\company\modules\AdminUsers\Controllers\DataUsers.php(40): CodeIgniter\Model->__call('get_users_profi...', Array)
#3 D:\WEBSITE\xampp-7.4\htdocs\company\vendor\codeigniter4\framework\system\CodeIgniter.php(936): Modules\AdminUsers\Controllers\DataUsers->profile('7b861e52241fdb2...')
#4 D:\WEBSITE\xampp-7.4\htdocs\company\vendor\codeigniter4\framework\system\CodeIgniter.php(432): CodeIgniter\CodeIgniter->runController(Object(Modules\AdminUsers\Controllers\DataUsers))
#5 D:\WEBSITE\xampp-7.4\htdocs\company\vendor\codeigniter4\framework\system\CodeIgniter.php(333): CodeIgniter\CodeIgniter->handleRequest(NULL, Object(Config\Cache), false)
#6 D:\WEBSITE\xampp-7.4\htdocs\company\public\index.php(44): CodeIgniter\CodeIgniter->run()
#7 D:\WEBSITE\xampp-7.4\htdocs\company\vendor\codeigniter4\framework\system\Commands\Server\rewrite.php(45): require_once('D:\\WEBSITE\\xamp...')
#8 {main}
CRITICAL - 2021-05-29 08:38:51 --> You must set the database table to be used with your query.
#0 D:\WEBSITE\xampp-7.4\htdocs\company\vendor\codeigniter4\framework\system\Model.php(615): CodeIgniter\Database\BaseConnection->table(NULL)
#1 D:\WEBSITE\xampp-7.4\htdocs\company\vendor\codeigniter4\framework\system\Model.php(834): CodeIgniter\Model->builder()
#2 D:\WEBSITE\xampp-7.4\htdocs\company\modules\AdminUsers\Controllers\DataUsers.php(43): CodeIgniter\Model->__call('get_jenis_kelam...', Array)
#3 D:\WEBSITE\xampp-7.4\htdocs\company\vendor\codeigniter4\framework\system\CodeIgniter.php(936): Modules\AdminUsers\Controllers\DataUsers->profile('84d05dcd090e89b...')
#4 D:\WEBSITE\xampp-7.4\htdocs\company\vendor\codeigniter4\framework\system\CodeIgniter.php(432): CodeIgniter\CodeIgniter->runController(Object(Modules\AdminUsers\Controllers\DataUsers))
#5 D:\WEBSITE\xampp-7.4\htdocs\company\vendor\codeigniter4\framework\system\CodeIgniter.php(333): CodeIgniter\CodeIgniter->handleRequest(NULL, Object(Config\Cache), false)
#6 D:\WEBSITE\xampp-7.4\htdocs\company\public\index.php(44): CodeIgniter\CodeIgniter->run()
#7 D:\WEBSITE\xampp-7.4\htdocs\company\vendor\codeigniter4\framework\system\Commands\Server\rewrite.php(45): require_once('D:\\WEBSITE\\xamp...')
#8 {main}
CRITICAL - 2021-05-29 08:53:11 --> Undefined variable: user
#0 D:\WEBSITE\xampp-7.4\htdocs\company\modules\AdminUsers\Controllers\DataUsers.php(39): CodeIgniter\Debug\Exceptions->errorHandler(8, 'Undefined varia...', 'D:\\WEBSITE\\xamp...', 39, Array)
#1 D:\WEBSITE\xampp-7.4\htdocs\company\vendor\codeigniter4\framework\system\CodeIgniter.php(936): Modules\AdminUsers\Controllers\DataUsers->profile('7b861e52241fdb2...')
#2 D:\WEBSITE\xampp-7.4\htdocs\company\vendor\codeigniter4\framework\system\CodeIgniter.php(432): CodeIgniter\CodeIgniter->runController(Object(Modules\AdminUsers\Controllers\DataUsers))
#3 D:\WEBSITE\xampp-7.4\htdocs\company\vendor\codeigniter4\framework\system\CodeIgniter.php(333): CodeIgniter\CodeIgniter->handleRequest(NULL, Object(Config\Cache), false)
#4 D:\WEBSITE\xampp-7.4\htdocs\company\public\index.php(44): CodeIgniter\CodeIgniter->run()
#5 D:\WEBSITE\xampp-7.4\htdocs\company\vendor\codeigniter4\framework\system\Commands\Server\rewrite.php(45): require_once('D:\\WEBSITE\\xamp...')
#6 {main}
CRITICAL - 2021-05-29 08:53:27 --> Call to a member function generateActivateHash() on string
#0 D:\WEBSITE\xampp-7.4\htdocs\company\vendor\codeigniter4\framework\system\CodeIgniter.php(936): Modules\AdminUsers\Controllers\DataUsers->profile('7b861e52241fdb2...')
#1 D:\WEBSITE\xampp-7.4\htdocs\company\vendor\codeigniter4\framework\system\CodeIgniter.php(432): CodeIgniter\CodeIgniter->runController(Object(Modules\AdminUsers\Controllers\DataUsers))
#2 D:\WEBSITE\xampp-7.4\htdocs\company\vendor\codeigniter4\framework\system\CodeIgniter.php(333): CodeIgniter\CodeIgniter->handleRequest(NULL, Object(Config\Cache), false)
#3 D:\WEBSITE\xampp-7.4\htdocs\company\public\index.php(44): CodeIgniter\CodeIgniter->run()
#4 D:\WEBSITE\xampp-7.4\htdocs\company\vendor\codeigniter4\framework\system\Commands\Server\rewrite.php(45): require_once('D:\\WEBSITE\\xamp...')
#5 {main}
CRITICAL - 2021-05-29 08:53:38 --> Call to a member function generateActivateHash() on string
#0 D:\WEBSITE\xampp-7.4\htdocs\company\vendor\codeigniter4\framework\system\CodeIgniter.php(936): Modules\AdminUsers\Controllers\DataUsers->profile('7b861e52241fdb2...')
#1 D:\WEBSITE\xampp-7.4\htdocs\company\vendor\codeigniter4\framework\system\CodeIgniter.php(432): CodeIgniter\CodeIgniter->runController(Object(Modules\AdminUsers\Controllers\DataUsers))
#2 D:\WEBSITE\xampp-7.4\htdocs\company\vendor\codeigniter4\framework\system\CodeIgniter.php(333): CodeIgniter\CodeIgniter->handleRequest(NULL, Object(Config\Cache), false)
#3 D:\WEBSITE\xampp-7.4\htdocs\company\public\index.php(44): CodeIgniter\CodeIgniter->run()
#4 D:\WEBSITE\xampp-7.4\htdocs\company\vendor\codeigniter4\framework\system\Commands\Server\rewrite.php(45): require_once('D:\\WEBSITE\\xamp...')
#5 {main}
CRITICAL - 2021-05-29 08:54:59 --> Class 'Modules\AdminUsers\Controllers\User' not found
#0 D:\WEBSITE\xampp-7.4\htdocs\company\vendor\codeigniter4\framework\system\CodeIgniter.php(936): Modules\AdminUsers\Controllers\DataUsers->profile('7b861e52241fdb2...')
#1 D:\WEBSITE\xampp-7.4\htdocs\company\vendor\codeigniter4\framework\system\CodeIgniter.php(432): CodeIgniter\CodeIgniter->runController(Object(Modules\AdminUsers\Controllers\DataUsers))
#2 D:\WEBSITE\xampp-7.4\htdocs\company\vendor\codeigniter4\framework\system\CodeIgniter.php(333): CodeIgniter\CodeIgniter->handleRequest(NULL, Object(Config\Cache), false)
#3 D:\WEBSITE\xampp-7.4\htdocs\company\public\index.php(44): CodeIgniter\CodeIgniter->run()
#4 D:\WEBSITE\xampp-7.4\htdocs\company\vendor\codeigniter4\framework\system\Commands\Server\rewrite.php(45): require_once('D:\\WEBSITE\\xamp...')
#5 {main}
CRITICAL - 2021-05-29 08:55:12 --> Call to a member function generateActivateHash() on string
#0 D:\WEBSITE\xampp-7.4\htdocs\company\vendor\codeigniter4\framework\system\CodeIgniter.php(936): Modules\AdminUsers\Controllers\DataUsers->profile('7b861e52241fdb2...')
#1 D:\WEBSITE\xampp-7.4\htdocs\company\vendor\codeigniter4\framework\system\CodeIgniter.php(432): CodeIgniter\CodeIgniter->runController(Object(Modules\AdminUsers\Controllers\DataUsers))
#2 D:\WEBSITE\xampp-7.4\htdocs\company\vendor\codeigniter4\framework\system\CodeIgniter.php(333): CodeIgniter\CodeIgniter->handleRequest(NULL, Object(Config\Cache), false)
#3 D:\WEBSITE\xampp-7.4\htdocs\company\public\index.php(44): CodeIgniter\CodeIgniter->run()
#4 D:\WEBSITE\xampp-7.4\htdocs\company\vendor\codeigniter4\framework\system\Commands\Server\rewrite.php(45): require_once('D:\\WEBSITE\\xamp...')
#5 {main}
CRITICAL - 2021-05-29 08:57:31 --> Undefined offset: 1
#0 D:\WEBSITE\xampp-7.4\htdocs\company\vendor\myth\auth\src\Authentication\Passwords\NothingPersonalValidator.php(91): CodeIgniter\Debug\Exceptions->errorHandler(8, 'Undefined offse...', 'D:\\WEBSITE\\xamp...', 91, Array)
#1 D:\WEBSITE\xampp-7.4\htdocs\company\vendor\myth\auth\src\Authentication\Passwords\NothingPersonalValidator.php(40): Myth\Auth\Authentication\Passwords\NothingPersonalValidator->isNotPersonal('qwertyasdfgh123...', Object(Myth\Auth\Entities\User))
#2 D:\WEBSITE\xampp-7.4\htdocs\company\vendor\myth\auth\src\Authentication\Passwords\PasswordValidator.php(55): Myth\Auth\Authentication\Passwords\NothingPersonalValidator->check('qwertyasdfgh123...', Object(Myth\Auth\Entities\User))
#3 D:\WEBSITE\xampp-7.4\htdocs\company\vendor\myth\auth\src\Authentication\Passwords\ValidationRules.php(46): Myth\Auth\Authentication\Passwords\PasswordValidator->check('qwertyasdfgh123...', Object(Myth\Auth\Entities\User))
#4 D:\WEBSITE\xampp-7.4\htdocs\company\vendor\codeigniter4\framework\system\Validation\Validation.php(306): Myth\Auth\Authentication\Passwords\ValidationRules->strong_password('qwertyasdfgh123...', NULL)
#5 D:\WEBSITE\xampp-7.4\htdocs\company\vendor\codeigniter4\framework\system\Validation\Validation.php(164): CodeIgniter\Validation\Validation->processRules('password', 'password', 'qwertyasdfgh123...', Array, Array)
#6 D:\WEBSITE\xampp-7.4\htdocs\company\vendor\codeigniter4\framework\system\Controller.php(181): CodeIgniter\Validation\Validation->run()
#7 D:\WEBSITE\xampp-7.4\htdocs\company\vendor\myth\auth\src\Controllers\AuthController.php(166): CodeIgniter\Controller->validate(Array)
#8 D:\WEBSITE\xampp-7.4\htdocs\company\vendor\codeigniter4\framework\system\CodeIgniter.php(936): Myth\Auth\Controllers\AuthController->attemptRegister()
#9 D:\WEBSITE\xampp-7.4\htdocs\company\vendor\codeigniter4\framework\system\CodeIgniter.php(432): CodeIgniter\CodeIgniter->runController(Object(Myth\Auth\Controllers\AuthController))
#10 D:\WEBSITE\xampp-7.4\htdocs\company\vendor\codeigniter4\framework\system\CodeIgniter.php(333): CodeIgniter\CodeIgniter->handleRequest(NULL, Object(Config\Cache), false)
#11 D:\WEBSITE\xampp-7.4\htdocs\company\public\index.php(44): CodeIgniter\CodeIgniter->run()
#12 D:\WEBSITE\xampp-7.4\htdocs\company\vendor\codeigniter4\framework\system\Commands\Server\rewrite.php(45): require_once('D:\\WEBSITE\\xamp...')
#13 {main}
CRITICAL - 2021-05-29 08:59:44 --> Undefined variable: password
#0 D:\WEBSITE\xampp-7.4\htdocs\company\vendor\myth\auth\src\Controllers\AuthController.php(178): CodeIgniter\Debug\Exceptions->errorHandler(8, 'Undefined varia...', 'D:\\WEBSITE\\xamp...', 178, Array)
#1 D:\WEBSITE\xampp-7.4\htdocs\company\vendor\codeigniter4\framework\system\CodeIgniter.php(936): Myth\Auth\Controllers\AuthController->attemptRegister()
#2 D:\WEBSITE\xampp-7.4\htdocs\company\vendor\codeigniter4\framework\system\CodeIgniter.php(432): CodeIgniter\CodeIgniter->runController(Object(Myth\Auth\Controllers\AuthController))
#3 D:\WEBSITE\xampp-7.4\htdocs\company\vendor\codeigniter4\framework\system\CodeIgniter.php(333): CodeIgniter\CodeIgniter->handleRequest(NULL, Object(Config\Cache), false)
#4 D:\WEBSITE\xampp-7.4\htdocs\company\public\index.php(44): CodeIgniter\CodeIgniter->run()
#5 D:\WEBSITE\xampp-7.4\htdocs\company\vendor\codeigniter4\framework\system\Commands\Server\rewrite.php(45): require_once('D:\\WEBSITE\\xamp...')
#6 {main}
CRITICAL - 2021-05-29 09:06:40 --> Undefined variable: hash
#0 D:\WEBSITE\xampp-7.4\htdocs\company\modules\AdminUsers\Controllers\DataUsers.php(40): CodeIgniter\Debug\Exceptions->errorHandler(8, 'Undefined varia...', 'D:\\WEBSITE\\xamp...', 40, Array)
#1 D:\WEBSITE\xampp-7.4\htdocs\company\vendor\codeigniter4\framework\system\CodeIgniter.php(936): Modules\AdminUsers\Controllers\DataUsers->profile('7b861e52241fdb2...')
#2 D:\WEBSITE\xampp-7.4\htdocs\company\vendor\codeigniter4\framework\system\CodeIgniter.php(432): CodeIgniter\CodeIgniter->runController(Object(Modules\AdminUsers\Controllers\DataUsers))
#3 D:\WEBSITE\xampp-7.4\htdocs\company\vendor\codeigniter4\framework\system\CodeIgniter.php(333): CodeIgniter\CodeIgniter->handleRequest(NULL, Object(Config\Cache), false)
#4 D:\WEBSITE\xampp-7.4\htdocs\company\public\index.php(44): CodeIgniter\CodeIgniter->run()
#5 D:\WEBSITE\xampp-7.4\htdocs\company\vendor\codeigniter4\framework\system\Commands\Server\rewrite.php(45): require_once('D:\\WEBSITE\\xamp...')
#6 {main}
CRITICAL - 2021-05-29 09:09:02 --> Undefined variable: user
#0 D:\WEBSITE\xampp-7.4\htdocs\company\modules\AdminUsers\Controllers\DataUsers.php(40): CodeIgniter\Debug\Exceptions->errorHandler(8, 'Undefined varia...', 'D:\\WEBSITE\\xamp...', 40, Array)
#1 D:\WEBSITE\xampp-7.4\htdocs\company\vendor\codeigniter4\framework\system\CodeIgniter.php(936): Modules\AdminUsers\Controllers\DataUsers->profile('7b861e52241fdb2...')
#2 D:\WEBSITE\xampp-7.4\htdocs\company\vendor\codeigniter4\framework\system\CodeIgniter.php(432): CodeIgniter\CodeIgniter->runController(Object(Modules\AdminUsers\Controllers\DataUsers))
#3 D:\WEBSITE\xampp-7.4\htdocs\company\vendor\codeigniter4\framework\system\CodeIgniter.php(333): CodeIgniter\CodeIgniter->handleRequest(NULL, Object(Config\Cache), false)
#4 D:\WEBSITE\xampp-7.4\htdocs\company\public\index.php(44): CodeIgniter\CodeIgniter->run()
#5 D:\WEBSITE\xampp-7.4\htdocs\company\vendor\codeigniter4\framework\system\Commands\Server\rewrite.php(45): require_once('D:\\WEBSITE\\xamp...')
#6 {main}
CRITICAL - 2021-05-29 09:09:16 --> Call to a member function generateResetHash() on string
#0 D:\WEBSITE\xampp-7.4\htdocs\company\vendor\codeigniter4\framework\system\CodeIgniter.php(936): Modules\AdminUsers\Controllers\DataUsers->profile('7b861e52241fdb2...')
#1 D:\WEBSITE\xampp-7.4\htdocs\company\vendor\codeigniter4\framework\system\CodeIgniter.php(432): CodeIgniter\CodeIgniter->runController(Object(Modules\AdminUsers\Controllers\DataUsers))
#2 D:\WEBSITE\xampp-7.4\htdocs\company\vendor\codeigniter4\framework\system\CodeIgniter.php(333): CodeIgniter\CodeIgniter->handleRequest(NULL, Object(Config\Cache), false)
#3 D:\WEBSITE\xampp-7.4\htdocs\company\public\index.php(44): CodeIgniter\CodeIgniter->run()
#4 D:\WEBSITE\xampp-7.4\htdocs\company\vendor\codeigniter4\framework\system\Commands\Server\rewrite.php(45): require_once('D:\\WEBSITE\\xamp...')
#5 {main}
CRITICAL - 2021-05-29 09:16:13 --> Call to undefined method Myth\Auth\Authentication\LocalAuthenticator::passwords()
#0 D:\WEBSITE\xampp-7.4\htdocs\company\vendor\codeigniter4\framework\system\CodeIgniter.php(936): Modules\AdminUsers\Controllers\DataUsers->profile('7b861e52241fdb2...')
#1 D:\WEBSITE\xampp-7.4\htdocs\company\vendor\codeigniter4\framework\system\CodeIgniter.php(432): CodeIgniter\CodeIgniter->runController(Object(Modules\AdminUsers\Controllers\DataUsers))
#2 D:\WEBSITE\xampp-7.4\htdocs\company\vendor\codeigniter4\framework\system\CodeIgniter.php(333): CodeIgniter\CodeIgniter->handleRequest(NULL, Object(Config\Cache), false)
#3 D:\WEBSITE\xampp-7.4\htdocs\company\public\index.php(44): CodeIgniter\CodeIgniter->run()
#4 D:\WEBSITE\xampp-7.4\htdocs\company\vendor\codeigniter4\framework\system\Commands\Server\rewrite.php(45): require_once('D:\\WEBSITE\\xamp...')
#5 {main}
CRITICAL - 2021-05-29 09:20:08 --> Undefined variable: user
#0 D:\WEBSITE\xampp-7.4\htdocs\company\modules\AdminUsers\Controllers\DataUsers.php(42): CodeIgniter\Debug\Exceptions->errorHandler(8, 'Undefined varia...', 'D:\\WEBSITE\\xamp...', 42, Array)
#1 D:\WEBSITE\xampp-7.4\htdocs\company\vendor\codeigniter4\framework\system\CodeIgniter.php(936): Modules\AdminUsers\Controllers\DataUsers->profile('7b861e52241fdb2...')
#2 D:\WEBSITE\xampp-7.4\htdocs\company\vendor\codeigniter4\framework\system\CodeIgniter.php(432): CodeIgniter\CodeIgniter->runController(Object(Modules\AdminUsers\Controllers\DataUsers))
#3 D:\WEBSITE\xampp-7.4\htdocs\company\vendor\codeigniter4\framework\system\CodeIgniter.php(333): CodeIgniter\CodeIgniter->handleRequest(NULL, Object(Config\Cache), false)
#4 D:\WEBSITE\xampp-7.4\htdocs\company\public\index.php(44): CodeIgniter\CodeIgniter->run()
#5 D:\WEBSITE\xampp-7.4\htdocs\company\vendor\codeigniter4\framework\system\Commands\Server\rewrite.php(45): require_once('D:\\WEBSITE\\xamp...')
#6 {main}
CRITICAL - 2021-05-29 09:21:42 --> Undefined variable: user
#0 D:\WEBSITE\xampp-7.4\htdocs\company\modules\AdminUsers\Controllers\DataUsers.php(44): CodeIgniter\Debug\Exceptions->errorHandler(8, 'Undefined varia...', 'D:\\WEBSITE\\xamp...', 44, Array)
#1 D:\WEBSITE\xampp-7.4\htdocs\company\vendor\codeigniter4\framework\system\CodeIgniter.php(936): Modules\AdminUsers\Controllers\DataUsers->profile('7b861e52241fdb2...')
#2 D:\WEBSITE\xampp-7.4\htdocs\company\vendor\codeigniter4\framework\system\CodeIgniter.php(432): CodeIgniter\CodeIgniter->runController(Object(Modules\AdminUsers\Controllers\DataUsers))
#3 D:\WEBSITE\xampp-7.4\htdocs\company\vendor\codeigniter4\framework\system\CodeIgniter.php(333): CodeIgniter\CodeIgniter->handleRequest(NULL, Object(Config\Cache), false)
#4 D:\WEBSITE\xampp-7.4\htdocs\company\public\index.php(44): CodeIgniter\CodeIgniter->run()
#5 D:\WEBSITE\xampp-7.4\htdocs\company\vendor\codeigniter4\framework\system\Commands\Server\rewrite.php(45): require_once('D:\\WEBSITE\\xamp...')
#6 {main}
CRITICAL - 2021-05-29 09:21:43 --> Undefined variable: user
#0 D:\WEBSITE\xampp-7.4\htdocs\company\modules\AdminUsers\Controllers\DataUsers.php(44): CodeIgniter\Debug\Exceptions->errorHandler(8, 'Undefined varia...', 'D:\\WEBSITE\\xamp...', 44, Array)
#1 D:\WEBSITE\xampp-7.4\htdocs\company\vendor\codeigniter4\framework\system\CodeIgniter.php(936): Modules\AdminUsers\Controllers\DataUsers->profile('7b861e52241fdb2...')
#2 D:\WEBSITE\xampp-7.4\htdocs\company\vendor\codeigniter4\framework\system\CodeIgniter.php(432): CodeIgniter\CodeIgniter->runController(Object(Modules\AdminUsers\Controllers\DataUsers))
#3 D:\WEBSITE\xampp-7.4\htdocs\company\vendor\codeigniter4\framework\system\CodeIgniter.php(333): CodeIgniter\CodeIgniter->handleRequest(NULL, Object(Config\Cache), false)
#4 D:\WEBSITE\xampp-7.4\htdocs\company\public\index.php(44): CodeIgniter\CodeIgniter->run()
#5 D:\WEBSITE\xampp-7.4\htdocs\company\vendor\codeigniter4\framework\system\Commands\Server\rewrite.php(45): require_once('D:\\WEBSITE\\xamp...')
#6 {main}
CRITICAL - 2021-05-29 09:29:16 --> Call to undefined method Modules\AdminUsers\Controllers\DataUsers::setPassword()
#0 D:\WEBSITE\xampp-7.4\htdocs\company\vendor\codeigniter4\framework\system\CodeIgniter.php(936): Modules\AdminUsers\Controllers\DataUsers->profile('7b861e52241fdb2...')
#1 D:\WEBSITE\xampp-7.4\htdocs\company\vendor\codeigniter4\framework\system\CodeIgniter.php(432): CodeIgniter\CodeIgniter->runController(Object(Modules\AdminUsers\Controllers\DataUsers))
#2 D:\WEBSITE\xampp-7.4\htdocs\company\vendor\codeigniter4\framework\system\CodeIgniter.php(333): CodeIgniter\CodeIgniter->handleRequest(NULL, Object(Config\Cache), false)
#3 D:\WEBSITE\xampp-7.4\htdocs\company\public\index.php(44): CodeIgniter\CodeIgniter->run()
#4 D:\WEBSITE\xampp-7.4\htdocs\company\vendor\codeigniter4\framework\system\Commands\Server\rewrite.php(45): require_once('D:\\WEBSITE\\xamp...')
#5 {main}
CRITICAL - 2021-05-29 09:38:59 --> syntax error, unexpected 'public' (T_PUBLIC), expecting end of file
#0 D:\WEBSITE\xampp-7.4\htdocs\company\vendor\codeigniter4\framework\system\Controller.php(92): helper(Array)
#1 D:\WEBSITE\xampp-7.4\htdocs\company\app\Controllers\BaseController.php(42): CodeIgniter\Controller->initController(Object(CodeIgniter\HTTP\IncomingRequest), Object(CodeIgniter\HTTP\Response), Object(CodeIgniter\Log\Logger))
#2 D:\WEBSITE\xampp-7.4\htdocs\company\vendor\codeigniter4\framework\system\CodeIgniter.php(909): App\Controllers\BaseController->initController(Object(CodeIgniter\HTTP\IncomingRequest), Object(CodeIgniter\HTTP\Response), Object(CodeIgniter\Log\Logger))
#3 D:\WEBSITE\xampp-7.4\htdocs\company\vendor\codeigniter4\framework\system\CodeIgniter.php(422): CodeIgniter\CodeIgniter->createController()
#4 D:\WEBSITE\xampp-7.4\htdocs\company\vendor\codeigniter4\framework\system\CodeIgniter.php(333): CodeIgniter\CodeIgniter->handleRequest(NULL, Object(Config\Cache), false)
#5 D:\WEBSITE\xampp-7.4\htdocs\company\public\index.php(44): CodeIgniter\CodeIgniter->run()
#6 D:\WEBSITE\xampp-7.4\htdocs\company\vendor\codeigniter4\framework\system\Commands\Server\rewrite.php(45): require_once('D:\\WEBSITE\\xamp...')
#7 {main}
CRITICAL - 2021-05-29 09:39:07 --> Using $this when not in object context
#0 D:\WEBSITE\xampp-7.4\htdocs\company\modules\AdminUsers\Controllers\DataUsers.php(45): setPassword('ekoe')
#1 D:\WEBSITE\xampp-7.4\htdocs\company\vendor\codeigniter4\framework\system\CodeIgniter.php(936): Modules\AdminUsers\Controllers\DataUsers->profile('7b861e52241fdb2...')
#2 D:\WEBSITE\xampp-7.4\htdocs\company\vendor\codeigniter4\framework\system\CodeIgniter.php(432): CodeIgniter\CodeIgniter->runController(Object(Modules\AdminUsers\Controllers\DataUsers))
#3 D:\WEBSITE\xampp-7.4\htdocs\company\vendor\codeigniter4\framework\system\CodeIgniter.php(333): CodeIgniter\CodeIgniter->handleRequest(NULL, Object(Config\Cache), false)
#4 D:\WEBSITE\xampp-7.4\htdocs\company\public\index.php(44): CodeIgniter\CodeIgniter->run()
#5 D:\WEBSITE\xampp-7.4\htdocs\company\vendor\codeigniter4\framework\system\Commands\Server\rewrite.php(45): require_once('D:\\WEBSITE\\xamp...')
#6 {main}
CRITICAL - 2021-05-29 09:40:38 --> hash(): Unknown hashing algorithm: ekoe
#0 [internal function]: CodeIgniter\Debug\Exceptions->errorHandler(2, 'hash(): Unknown...', 'D:\\WEBSITE\\xamp...', 29, Array)
#1 D:\WEBSITE\xampp-7.4\htdocs\company\app\Helpers\my_helpers.php(29): hash('ekoe', 'ekoe', true)
#2 D:\WEBSITE\xampp-7.4\htdocs\company\modules\AdminUsers\Controllers\DataUsers.php(45): setPassword('ekoe')
#3 D:\WEBSITE\xampp-7.4\htdocs\company\vendor\codeigniter4\framework\system\CodeIgniter.php(936): Modules\AdminUsers\Controllers\DataUsers->profile('7b861e52241fdb2...')
#4 D:\WEBSITE\xampp-7.4\htdocs\company\vendor\codeigniter4\framework\system\CodeIgniter.php(432): CodeIgniter\CodeIgniter->runController(Object(Modules\AdminUsers\Controllers\DataUsers))
#5 D:\WEBSITE\xampp-7.4\htdocs\company\vendor\codeigniter4\framework\system\CodeIgniter.php(333): CodeIgniter\CodeIgniter->handleRequest(NULL, Object(Config\Cache), false)
#6 D:\WEBSITE\xampp-7.4\htdocs\company\public\index.php(44): CodeIgniter\CodeIgniter->run()
#7 D:\WEBSITE\xampp-7.4\htdocs\company\vendor\codeigniter4\framework\system\Commands\Server\rewrite.php(45): require_once('D:\\WEBSITE\\xamp...')
#8 {main}
CRITICAL - 2021-05-29 09:40:50 --> Undefined variable: config
#0 D:\WEBSITE\xampp-7.4\htdocs\company\app\Helpers\my_helpers.php(12): CodeIgniter\Debug\Exceptions->errorHandler(8, 'Undefined varia...', 'D:\\WEBSITE\\xamp...', 12, Array)
#1 D:\WEBSITE\xampp-7.4\htdocs\company\modules\AdminUsers\Controllers\DataUsers.php(45): setPassword('ekoe')
#2 D:\WEBSITE\xampp-7.4\htdocs\company\vendor\codeigniter4\framework\system\CodeIgniter.php(936): Modules\AdminUsers\Controllers\DataUsers->profile('7b861e52241fdb2...')
#3 D:\WEBSITE\xampp-7.4\htdocs\company\vendor\codeigniter4\framework\system\CodeIgniter.php(432): CodeIgniter\CodeIgniter->runController(Object(Modules\AdminUsers\Controllers\DataUsers))
#4 D:\WEBSITE\xampp-7.4\htdocs\company\vendor\codeigniter4\framework\system\CodeIgniter.php(333): CodeIgniter\CodeIgniter->handleRequest(NULL, Object(Config\Cache), false)
#5 D:\WEBSITE\xampp-7.4\htdocs\company\public\index.php(44): CodeIgniter\CodeIgniter->run()
#6 D:\WEBSITE\xampp-7.4\htdocs\company\vendor\codeigniter4\framework\system\Commands\Server\rewrite.php(45): require_once('D:\\WEBSITE\\xamp...')
#7 {main}
CRITICAL - 2021-05-29 10:16:19 --> Undefined variable: slide
#0 D:\WEBSITE\xampp-7.4\htdocs\company\modules\AdminSlide\Views\slide.php(63): CodeIgniter\Debug\Exceptions->errorHandler(8, 'Undefined varia...', 'D:\\WEBSITE\\xamp...', 63, Array)
#1 D:\WEBSITE\xampp-7.4\htdocs\company\vendor\codeigniter4\framework\system\View\View.php(220): include('D:\\WEBSITE\\xamp...')
#2 D:\WEBSITE\xampp-7.4\htdocs\company\vendor\codeigniter4\framework\system\View\View.php(222): CodeIgniter\View\View->CodeIgniter\View\{closure}()
#3 D:\WEBSITE\xampp-7.4\htdocs\company\vendor\codeigniter4\framework\system\Common.php(1217): CodeIgniter\View\View->render('Modules\\AdminSl...', Array, true)
#4 D:\WEBSITE\xampp-7.4\htdocs\company\modules\AdminJasaProduk\Controllers\DataJasaProduk.php(34): view('Modules\\AdminSl...', Array)
#5 D:\WEBSITE\xampp-7.4\htdocs\company\vendor\codeigniter4\framework\system\CodeIgniter.php(936): Modules\AdminJasaProduk\Controllers\DataJasaProduk->jasa_produk()
#6 D:\WEBSITE\xampp-7.4\htdocs\company\vendor\codeigniter4\framework\system\CodeIgniter.php(432): CodeIgniter\CodeIgniter->runController(Object(Modules\AdminJasaProduk\Controllers\DataJasaProduk))
#7 D:\WEBSITE\xampp-7.4\htdocs\company\vendor\codeigniter4\framework\system\CodeIgniter.php(333): CodeIgniter\CodeIgniter->handleRequest(NULL, Object(Config\Cache), false)
#8 D:\WEBSITE\xampp-7.4\htdocs\company\public\index.php(44): CodeIgniter\CodeIgniter->run()
#9 D:\WEBSITE\xampp-7.4\htdocs\company\vendor\codeigniter4\framework\system\Commands\Server\rewrite.php(45): require_once('D:\\WEBSITE\\xamp...')
#10 {main}
CRITICAL - 2021-05-29 10:16:37 --> Invalid file: Modules\AdminJasaProduk\Views\jasa_produk.php
#0 D:\WEBSITE\xampp-7.4\htdocs\company\vendor\codeigniter4\framework\system\View\View.php(203): CodeIgniter\Exceptions\FrameworkException::forInvalidFile('Modules\\AdminJa...')
#1 D:\WEBSITE\xampp-7.4\htdocs\company\vendor\codeigniter4\framework\system\Common.php(1217): CodeIgniter\View\View->render('Modules\\AdminJa...', Array, true)
#2 D:\WEBSITE\xampp-7.4\htdocs\company\modules\AdminJasaProduk\Controllers\DataJasaProduk.php(34): view('Modules\\AdminJa...', Array)
#3 D:\WEBSITE\xampp-7.4\htdocs\company\vendor\codeigniter4\framework\system\CodeIgniter.php(936): Modules\AdminJasaProduk\Controllers\DataJasaProduk->jasa_produk()
#4 D:\WEBSITE\xampp-7.4\htdocs\company\vendor\codeigniter4\framework\system\CodeIgniter.php(432): CodeIgniter\CodeIgniter->runController(Object(Modules\AdminJasaProduk\Controllers\DataJasaProduk))
#5 D:\WEBSITE\xampp-7.4\htdocs\company\vendor\codeigniter4\framework\system\CodeIgniter.php(333): CodeIgniter\CodeIgniter->handleRequest(NULL, Object(Config\Cache), false)
#6 D:\WEBSITE\xampp-7.4\htdocs\company\public\index.php(44): CodeIgniter\CodeIgniter->run()
#7 D:\WEBSITE\xampp-7.4\htdocs\company\vendor\codeigniter4\framework\system\Commands\Server\rewrite.php(45): require_once('D:\\WEBSITE\\xamp...')
#8 {main}
CRITICAL - 2021-05-29 10:41:20 --> Call to a member function getError() on null
#0 D:\WEBSITE\xampp-7.4\htdocs\company\vendor\codeigniter4\framework\system\CodeIgniter.php(936): Modules\AdminJasaProduk\Controllers\DataJasaProduk->jasa_produk_save()
#1 D:\WEBSITE\xampp-7.4\htdocs\company\vendor\codeigniter4\framework\system\CodeIgniter.php(432): CodeIgniter\CodeIgniter->runController(Object(Modules\AdminJasaProduk\Controllers\DataJasaProduk))
#2 D:\WEBSITE\xampp-7.4\htdocs\company\vendor\codeigniter4\framework\system\CodeIgniter.php(333): CodeIgniter\CodeIgniter->handleRequest(NULL, Object(Config\Cache), false)
#3 D:\WEBSITE\xampp-7.4\htdocs\company\public\index.php(44): CodeIgniter\CodeIgniter->run()
#4 D:\WEBSITE\xampp-7.4\htdocs\company\vendor\codeigniter4\framework\system\Commands\Server\rewrite.php(45): require_once('D:\\WEBSITE\\xamp...')
#5 {main}
CRITICAL - 2021-05-29 10:43:40 --> Undefined property: Modules\AdminJasaProduk\Controllers\DataJasaProduk::$ModelSlide
#0 D:\WEBSITE\xampp-7.4\htdocs\company\modules\AdminJasaProduk\Controllers\DataJasaProduk.php(106): CodeIgniter\Debug\Exceptions->errorHandler(8, 'Undefined prope...', 'D:\\WEBSITE\\xamp...', 106, Array)
#1 D:\WEBSITE\xampp-7.4\htdocs\company\vendor\codeigniter4\framework\system\CodeIgniter.php(936): Modules\AdminJasaProduk\Controllers\DataJasaProduk->jasa_produk_save()
#2 D:\WEBSITE\xampp-7.4\htdocs\company\vendor\codeigniter4\framework\system\CodeIgniter.php(432): CodeIgniter\CodeIgniter->runController(Object(Modules\AdminJasaProduk\Controllers\DataJasaProduk))
#3 D:\WEBSITE\xampp-7.4\htdocs\company\vendor\codeigniter4\framework\system\CodeIgniter.php(333): CodeIgniter\CodeIgniter->handleRequest(NULL, Object(Config\Cache), false)
#4 D:\WEBSITE\xampp-7.4\htdocs\company\public\index.php(44): CodeIgniter\CodeIgniter->run()
#5 D:\WEBSITE\xampp-7.4\htdocs\company\vendor\codeigniter4\framework\system\Commands\Server\rewrite.php(45): require_once('D:\\WEBSITE\\xamp...')
#6 {main}
CRITICAL - 2021-05-29 10:43:53 --> Undefined property: Modules\AdminJasaProduk\Controllers\DataJasaProduk::$ModelSlide
#0 D:\WEBSITE\xampp-7.4\htdocs\company\modules\AdminJasaProduk\Controllers\DataJasaProduk.php(106): CodeIgniter\Debug\Exceptions->errorHandler(8, 'Undefined prope...', 'D:\\WEBSITE\\xamp...', 106, Array)
#1 D:\WEBSITE\xampp-7.4\htdocs\company\vendor\codeigniter4\framework\system\CodeIgniter.php(936): Modules\AdminJasaProduk\Controllers\DataJasaProduk->jasa_produk_save()
#2 D:\WEBSITE\xampp-7.4\htdocs\company\vendor\codeigniter4\framework\system\CodeIgniter.php(432): CodeIgniter\CodeIgniter->runController(Object(Modules\AdminJasaProduk\Controllers\DataJasaProduk))
#3 D:\WEBSITE\xampp-7.4\htdocs\company\vendor\codeigniter4\framework\system\CodeIgniter.php(333): CodeIgniter\CodeIgniter->handleRequest(NULL, Object(Config\Cache), false)
#4 D:\WEBSITE\xampp-7.4\htdocs\company\public\index.php(44): CodeIgniter\CodeIgniter->run()
#5 D:\WEBSITE\xampp-7.4\htdocs\company\vendor\codeigniter4\framework\system\Commands\Server\rewrite.php(45): require_once('D:\\WEBSITE\\xamp...')
#6 {main}
CRITICAL - 2021-05-29 10:47:16 --> Undefined variable: slide
#0 D:\WEBSITE\xampp-7.4\htdocs\company\modules\AdminSlide\Views\slide_edit.php(38): CodeIgniter\Debug\Exceptions->errorHandler(8, 'Undefined varia...', 'D:\\WEBSITE\\xamp...', 38, Array)
#1 D:\WEBSITE\xampp-7.4\htdocs\company\vendor\codeigniter4\framework\system\View\View.php(220): include('D:\\WEBSITE\\xamp...')
#2 D:\WEBSITE\xampp-7.4\htdocs\company\vendor\codeigniter4\framework\system\View\View.php(222): CodeIgniter\View\View->CodeIgniter\View\{closure}()
#3 D:\WEBSITE\xampp-7.4\htdocs\company\vendor\codeigniter4\framework\system\Common.php(1217): CodeIgniter\View\View->render('Modules\\AdminSl...', Array, true)
#4 D:\WEBSITE\xampp-7.4\htdocs\company\modules\AdminJasaProduk\Controllers\DataJasaProduk.php(61): view('Modules\\AdminSl...', Array)
#5 D:\WEBSITE\xampp-7.4\htdocs\company\vendor\codeigniter4\framework\system\CodeIgniter.php(936): Modules\AdminJasaProduk\Controllers\DataJasaProduk->jasa_produk_edit('5bd1e20041d0f0a...')
#6 D:\WEBSITE\xampp-7.4\htdocs\company\vendor\codeigniter4\framework\system\CodeIgniter.php(432): CodeIgniter\CodeIgniter->runController(Object(Modules\AdminJasaProduk\Controllers\DataJasaProduk))
#7 D:\WEBSITE\xampp-7.4\htdocs\company\vendor\codeigniter4\framework\system\CodeIgniter.php(333): CodeIgniter\CodeIgniter->handleRequest(NULL, Object(Config\Cache), false)
#8 D:\WEBSITE\xampp-7.4\htdocs\company\public\index.php(44): CodeIgniter\CodeIgniter->run()
#9 D:\WEBSITE\xampp-7.4\htdocs\company\vendor\codeigniter4\framework\system\Commands\Server\rewrite.php(45): require_once('D:\\WEBSITE\\xamp...')
#10 {main}
CRITICAL - 2021-05-29 10:47:40 --> Undefined index: img_slide
#0 D:\WEBSITE\xampp-7.4\htdocs\company\modules\AdminJasaProduk\Views\jasaproduk_edit.php(54): CodeIgniter\Debug\Exceptions->errorHandler(8, 'Undefined index...', 'D:\\WEBSITE\\xamp...', 54, Array)
#1 D:\WEBSITE\xampp-7.4\htdocs\company\vendor\codeigniter4\framework\system\View\View.php(220): include('D:\\WEBSITE\\xamp...')
#2 D:\WEBSITE\xampp-7.4\htdocs\company\vendor\codeigniter4\framework\system\View\View.php(222): CodeIgniter\View\View->CodeIgniter\View\{closure}()
#3 D:\WEBSITE\xampp-7.4\htdocs\company\vendor\codeigniter4\framework\system\Common.php(1217): CodeIgniter\View\View->render('Modules\\AdminJa...', Array, true)
#4 D:\WEBSITE\xampp-7.4\htdocs\company\modules\AdminJasaProduk\Controllers\DataJasaProduk.php(61): view('Modules\\AdminJa...', Array)
#5 D:\WEBSITE\xampp-7.4\htdocs\company\vendor\codeigniter4\framework\system\CodeIgniter.php(936): Modules\AdminJasaProduk\Controllers\DataJasaProduk->jasa_produk_edit('5bd1e20041d0f0a...')
#6 D:\WEBSITE\xampp-7.4\htdocs\company\vendor\codeigniter4\framework\system\CodeIgniter.php(432): CodeIgniter\CodeIgniter->runController(Object(Modules\AdminJasaProduk\Controllers\DataJasaProduk))
#7 D:\WEBSITE\xampp-7.4\htdocs\company\vendor\codeigniter4\framework\system\CodeIgniter.php(333): CodeIgniter\CodeIgniter->handleRequest(NULL, Object(Config\Cache), false)
#8 D:\WEBSITE\xampp-7.4\htdocs\company\public\index.php(44): CodeIgniter\CodeIgniter->run()
#9 D:\WEBSITE\xampp-7.4\htdocs\company\vendor\codeigniter4\framework\system\Commands\Server\rewrite.php(45): require_once('D:\\WEBSITE\\xamp...')
#10 {main}
CRITICAL - 2021-05-29 11:03:44 --> Undefined variable: id_rand
#0 D:\WEBSITE\xampp-7.4\htdocs\company\modules\AdminJasaProduk\Controllers\DataJasaProduk.php(172): CodeIgniter\Debug\Exceptions->errorHandler(8, 'Undefined varia...', 'D:\\WEBSITE\\xamp...', 172, Array)
#1 D:\WEBSITE\xampp-7.4\htdocs\company\vendor\codeigniter4\framework\system\CodeIgniter.php(936): Modules\AdminJasaProduk\Controllers\DataJasaProduk->jasa_produk_update()
#2 D:\WEBSITE\xampp-7.4\htdocs\company\vendor\codeigniter4\framework\system\CodeIgniter.php(432): CodeIgniter\CodeIgniter->runController(Object(Modules\AdminJasaProduk\Controllers\DataJasaProduk))
#3 D:\WEBSITE\xampp-7.4\htdocs\company\vendor\codeigniter4\framework\system\CodeIgniter.php(333): CodeIgniter\CodeIgniter->handleRequest(NULL, Object(Config\Cache), false)
#4 D:\WEBSITE\xampp-7.4\htdocs\company\public\index.php(44): CodeIgniter\CodeIgniter->run()
#5 D:\WEBSITE\xampp-7.4\htdocs\company\vendor\codeigniter4\framework\system\Commands\Server\rewrite.php(45): require_once('D:\\WEBSITE\\xamp...')
#6 {main}
CRITICAL - 2021-05-29 11:06:55 --> unlink(assets/images/jasaproduk/): Is a directory
#0 [internal function]: CodeIgniter\Debug\Exceptions->errorHandler(2, 'unlink(assets/i...', 'D:\\WEBSITE\\xamp...', 178, Array)
#1 D:\WEBSITE\xampp-7.4\htdocs\company\modules\AdminJasaProduk\Controllers\DataJasaProduk.php(178): unlink('assets/images/j...')
#2 D:\WEBSITE\xampp-7.4\htdocs\company\vendor\codeigniter4\framework\system\CodeIgniter.php(936): Modules\AdminJasaProduk\Controllers\DataJasaProduk->jasa_produk_update()
#3 D:\WEBSITE\xampp-7.4\htdocs\company\vendor\codeigniter4\framework\system\CodeIgniter.php(432): CodeIgniter\CodeIgniter->runController(Object(Modules\AdminJasaProduk\Controllers\DataJasaProduk))
#4 D:\WEBSITE\xampp-7.4\htdocs\company\vendor\codeigniter4\framework\system\CodeIgniter.php(333): CodeIgniter\CodeIgniter->handleRequest(NULL, Object(Config\Cache), false)
#5 D:\WEBSITE\xampp-7.4\htdocs\company\public\index.php(44): CodeIgniter\CodeIgniter->run()
#6 D:\WEBSITE\xampp-7.4\htdocs\company\vendor\codeigniter4\framework\system\Commands\Server\rewrite.php(45): require_once('D:\\WEBSITE\\xamp...')
#7 {main}
CRITICAL - 2021-05-29 11:07:49 --> unlink(assets/images/jasaproduk/): Is a directory
#0 [internal function]: CodeIgniter\Debug\Exceptions->errorHandler(2, 'unlink(assets/i...', 'D:\\WEBSITE\\xamp...', 178, Array)
#1 D:\WEBSITE\xampp-7.4\htdocs\company\modules\AdminJasaProduk\Controllers\DataJasaProduk.php(178): unlink('assets/images/j...')
#2 D:\WEBSITE\xampp-7.4\htdocs\company\vendor\codeigniter4\framework\system\CodeIgniter.php(936): Modules\AdminJasaProduk\Controllers\DataJasaProduk->jasa_produk_update()
#3 D:\WEBSITE\xampp-7.4\htdocs\company\vendor\codeigniter4\framework\system\CodeIgniter.php(432): CodeIgniter\CodeIgniter->runController(Object(Modules\AdminJasaProduk\Controllers\DataJasaProduk))
#4 D:\WEBSITE\xampp-7.4\htdocs\company\vendor\codeigniter4\framework\system\CodeIgniter.php(333): CodeIgniter\CodeIgniter->handleRequest(NULL, Object(Config\Cache), false)
#5 D:\WEBSITE\xampp-7.4\htdocs\company\public\index.php(44): CodeIgniter\CodeIgniter->run()
#6 D:\WEBSITE\xampp-7.4\htdocs\company\vendor\codeigniter4\framework\system\Commands\Server\rewrite.php(45): require_once('D:\\WEBSITE\\xamp...')
#7 {main}
CRITICAL - 2021-05-29 11:24:17 --> unlink(assets/images/slide/): Is a directory
#0 [internal function]: CodeIgniter\Debug\Exceptions->errorHandler(2, 'unlink(assets/i...', 'D:\\WEBSITE\\xamp...', 170, Array)
#1 D:\WEBSITE\xampp-7.4\htdocs\company\modules\AdminSlide\Controllers\DataSlide.php(170): unlink('assets/images/s...')
#2 D:\WEBSITE\xampp-7.4\htdocs\company\vendor\codeigniter4\framework\system\CodeIgniter.php(936): Modules\AdminSlide\Controllers\DataSlide->slide_update()
#3 D:\WEBSITE\xampp-7.4\htdocs\company\vendor\codeigniter4\framework\system\CodeIgniter.php(432): CodeIgniter\CodeIgniter->runController(Object(Modules\AdminSlide\Controllers\DataSlide))
#4 D:\WEBSITE\xampp-7.4\htdocs\company\vendor\codeigniter4\framework\system\CodeIgniter.php(333): CodeIgniter\CodeIgniter->handleRequest(NULL, Object(Config\Cache), false)
#5 D:\WEBSITE\xampp-7.4\htdocs\company\public\index.php(44): CodeIgniter\CodeIgniter->run()
#6 D:\WEBSITE\xampp-7.4\htdocs\company\vendor\codeigniter4\framework\system\Commands\Server\rewrite.php(45): require_once('D:\\WEBSITE\\xamp...')
#7 {main}
CRITICAL - 2021-05-29 11:26:07 --> unlink(assets/images/slide/1622262347_3e2da0735aef465318ba.jpg): No such file or directory
#0 [internal function]: CodeIgniter\Debug\Exceptions->errorHandler(2, 'unlink(assets/i...', 'D:\\WEBSITE\\xamp...', 173, Array)
#1 D:\WEBSITE\xampp-7.4\htdocs\company\modules\AdminSlide\Controllers\DataSlide.php(173): unlink('assets/images/s...')
#2 D:\WEBSITE\xampp-7.4\htdocs\company\vendor\codeigniter4\framework\system\CodeIgniter.php(936): Modules\AdminSlide\Controllers\DataSlide->slide_update()
#3 D:\WEBSITE\xampp-7.4\htdocs\company\vendor\codeigniter4\framework\system\CodeIgniter.php(432): CodeIgniter\CodeIgniter->runController(Object(Modules\AdminSlide\Controllers\DataSlide))
#4 D:\WEBSITE\xampp-7.4\htdocs\company\vendor\codeigniter4\framework\system\CodeIgniter.php(333): CodeIgniter\CodeIgniter->handleRequest(NULL, Object(Config\Cache), false)
#5 D:\WEBSITE\xampp-7.4\htdocs\company\public\index.php(44): CodeIgniter\CodeIgniter->run()
#6 D:\WEBSITE\xampp-7.4\htdocs\company\vendor\codeigniter4\framework\system\Commands\Server\rewrite.php(45): require_once('D:\\WEBSITE\\xamp...')
#7 {main}
CRITICAL - 2021-05-29 12:07:42 --> Undefined index: judul_jasa_produk
#0 D:\WEBSITE\xampp-7.4\htdocs\company\modules\FrontEndLayout\Views\services.php(16): CodeIgniter\Debug\Exceptions->errorHandler(8, 'Undefined index...', 'D:\\WEBSITE\\xamp...', 16, Array)
#1 D:\WEBSITE\xampp-7.4\htdocs\company\vendor\codeigniter4\framework\system\View\View.php(220): include('D:\\WEBSITE\\xamp...')
#2 D:\WEBSITE\xampp-7.4\htdocs\company\vendor\codeigniter4\framework\system\View\View.php(222): CodeIgniter\View\View->CodeIgniter\View\{closure}()
#3 D:\WEBSITE\xampp-7.4\htdocs\company\vendor\codeigniter4\framework\system\View\View.php(468): CodeIgniter\View\View->render('Modules\\FrontEn...', NULL, true)
#4 D:\WEBSITE\xampp-7.4\htdocs\company\modules\FrontEndLayout\Views\layout.php(245): CodeIgniter\View\View->include('Modules\\FrontEn...')
#5 D:\WEBSITE\xampp-7.4\htdocs\company\vendor\codeigniter4\framework\system\View\View.php(220): include('D:\\WEBSITE\\xamp...')
#6 D:\WEBSITE\xampp-7.4\htdocs\company\vendor\codeigniter4\framework\system\View\View.php(222): CodeIgniter\View\View->CodeIgniter\View\{closure}()
#7 D:\WEBSITE\xampp-7.4\htdocs\company\vendor\codeigniter4\framework\system\Common.php(1217): CodeIgniter\View\View->render('Modules\\FrontEn...', Array, true)
#8 D:\WEBSITE\xampp-7.4\htdocs\company\modules\FrontEndLayout\Controllers\Layout.php(36): view('Modules\\FrontEn...', Array)
#9 D:\WEBSITE\xampp-7.4\htdocs\company\vendor\codeigniter4\framework\system\CodeIgniter.php(936): Modules\FrontEndLayout\Controllers\Layout->index()
#10 D:\WEBSITE\xampp-7.4\htdocs\company\vendor\codeigniter4\framework\system\CodeIgniter.php(432): CodeIgniter\CodeIgniter->runController(Object(Modules\FrontEndLayout\Controllers\Layout))
#11 D:\WEBSITE\xampp-7.4\htdocs\company\vendor\codeigniter4\framework\system\CodeIgniter.php(333): CodeIgniter\CodeIgniter->handleRequest(NULL, Object(Config\Cache), false)
#12 D:\WEBSITE\xampp-7.4\htdocs\company\public\index.php(44): CodeIgniter\CodeIgniter->run()
#13 D:\WEBSITE\xampp-7.4\htdocs\company\vendor\codeigniter4\framework\system\Commands\Server\rewrite.php(45): require_once('D:\\WEBSITE\\xamp...')
#14 {main}
CRITICAL - 2021-05-29 13:48:41 --> Undefined index: nama_perusahaan
#0 D:\WEBSITE\xampp-7.4\htdocs\company\modules\FrontEndLayout\Views\layout.php(8): CodeIgniter\Debug\Exceptions->errorHandler(8, 'Undefined index...', 'D:\\WEBSITE\\xamp...', 8, Array)
#1 D:\WEBSITE\xampp-7.4\htdocs\company\vendor\codeigniter4\framework\system\View\View.php(220): include('D:\\WEBSITE\\xamp...')
#2 D:\WEBSITE\xampp-7.4\htdocs\company\vendor\codeigniter4\framework\system\View\View.php(222): CodeIgniter\View\View->CodeIgniter\View\{closure}()
#3 D:\WEBSITE\xampp-7.4\htdocs\company\vendor\codeigniter4\framework\system\Common.php(1217): CodeIgniter\View\View->render('Modules\\FrontEn...', Array, true)
#4 D:\WEBSITE\xampp-7.4\htdocs\company\modules\FrontEndLayout\Controllers\Layout.php(38): view('Modules\\FrontEn...', Array)
#5 D:\WEBSITE\xampp-7.4\htdocs\company\vendor\codeigniter4\framework\system\CodeIgniter.php(936): Modules\FrontEndLayout\Controllers\Layout->index()
#6 D:\WEBSITE\xampp-7.4\htdocs\company\vendor\codeigniter4\framework\system\CodeIgniter.php(432): CodeIgniter\CodeIgniter->runController(Object(Modules\FrontEndLayout\Controllers\Layout))
#7 D:\WEBSITE\xampp-7.4\htdocs\company\vendor\codeigniter4\framework\system\CodeIgniter.php(333): CodeIgniter\CodeIgniter->handleRequest(NULL, Object(Config\Cache), false)
#8 D:\WEBSITE\xampp-7.4\htdocs\company\public\index.php(44): CodeIgniter\CodeIgniter->run()
#9 D:\WEBSITE\xampp-7.4\htdocs\company\vendor\codeigniter4\framework\system\Commands\Server\rewrite.php(45): require_once('D:\\WEBSITE\\xamp...')
#10 {main}
CRITICAL - 2021-05-29 13:55:34 --> Call to undefined method CodeIgniter\Database\MySQLi\Builder::order_by()
#0 D:\WEBSITE\xampp-7.4\htdocs\company\modules\FrontEndLayout\Controllers\Layout.php(28): Modules\FrontEndLayout\Models\ModelLayout->get_menu()
#1 D:\WEBSITE\xampp-7.4\htdocs\company\vendor\codeigniter4\framework\system\CodeIgniter.php(936): Modules\FrontEndLayout\Controllers\Layout->index()
#2 D:\WEBSITE\xampp-7.4\htdocs\company\vendor\codeigniter4\framework\system\CodeIgniter.php(432): CodeIgniter\CodeIgniter->runController(Object(Modules\FrontEndLayout\Controllers\Layout))
#3 D:\WEBSITE\xampp-7.4\htdocs\company\vendor\codeigniter4\framework\system\CodeIgniter.php(333): CodeIgniter\CodeIgniter->handleRequest(NULL, Object(Config\Cache), false)
#4 D:\WEBSITE\xampp-7.4\htdocs\company\public\index.php(44): CodeIgniter\CodeIgniter->run()
#5 D:\WEBSITE\xampp-7.4\htdocs\company\vendor\codeigniter4\framework\system\Commands\Server\rewrite.php(45): require_once('D:\\WEBSITE\\xamp...')
#6 {main}
CRITICAL - 2021-05-29 14:33:13 --> Undefined variable: config
#0 D:\WEBSITE\xampp-7.4\htdocs\company\modules\Login\Views\forgot.php(21): CodeIgniter\Debug\Exceptions->errorHandler(8, 'Undefined varia...', 'D:\\WEBSITE\\xamp...', 21, Array)
#1 D:\WEBSITE\xampp-7.4\htdocs\company\vendor\codeigniter4\framework\system\View\View.php(220): include('D:\\WEBSITE\\xamp...')
#2 D:\WEBSITE\xampp-7.4\htdocs\company\vendor\codeigniter4\framework\system\View\View.php(222): CodeIgniter\View\View->CodeIgniter\View\{closure}()
#3 D:\WEBSITE\xampp-7.4\htdocs\company\vendor\codeigniter4\framework\system\Common.php(1217): CodeIgniter\View\View->render('Modules\\Login\\V...', Array, true)
#4 D:\WEBSITE\xampp-7.4\htdocs\company\modules\Login\Controllers\Login.php(64): view('Modules\\Login\\V...', Array)
#5 D:\WEBSITE\xampp-7.4\htdocs\company\vendor\codeigniter4\framework\system\CodeIgniter.php(936): Modules\Login\Controllers\Login->forgot()
#6 D:\WEBSITE\xampp-7.4\htdocs\company\vendor\codeigniter4\framework\system\CodeIgniter.php(432): CodeIgniter\CodeIgniter->runController(Object(Modules\Login\Controllers\Login))
#7 D:\WEBSITE\xampp-7.4\htdocs\company\vendor\codeigniter4\framework\system\CodeIgniter.php(333): CodeIgniter\CodeIgniter->handleRequest(NULL, Object(Config\Cache), false)
#8 D:\WEBSITE\xampp-7.4\htdocs\company\public\index.php(44): CodeIgniter\CodeIgniter->run()
#9 D:\WEBSITE\xampp-7.4\htdocs\company\vendor\codeigniter4\framework\system\Commands\Server\rewrite.php(45): require_once('D:\\WEBSITE\\xamp...')
#10 {main}
CRITICAL - 2021-05-29 15:49:37 --> Cannot redeclare Modules\AdminUsers\Controllers\DataUsers::edit_profile()
#0 [internal function]: CodeIgniter\Debug\Exceptions->shutdownHandler()
#1 {main}
