CRITICAL - 2021-12-04 16:20:34 --> syntax error, unexpected '?>', expecting '('
#0 C:\xampp\htdocs\github\master\vendor\codeigniter4\framework\system\View\View.php(222): CodeIgniter\View\View->CodeIgniter\View\{closure}()
#1 C:\xampp\htdocs\github\master\vendor\codeigniter4\framework\system\View\View.php(468): CodeIgniter\View\View->render('Modules\\Layout\\...', NULL, true)
#2 C:\xampp\htdocs\github\master\modules\Layout\Views\layout.php(88): CodeIgniter\View\View->include('Modules\\Layout\\...')
#3 C:\xampp\htdocs\github\master\vendor\codeigniter4\framework\system\View\View.php(220): include('C:\\xampp\\htdocs...')
#4 C:\xampp\htdocs\github\master\vendor\codeigniter4\framework\system\View\View.php(222): CodeIgniter\View\View->CodeIgniter\View\{closure}()
#5 C:\xampp\htdocs\github\master\vendor\codeigniter4\framework\system\View\View.php(236): CodeIgniter\View\View->render('Modules\\Layout\\...', Array, true)
#6 C:\xampp\htdocs\github\master\vendor\codeigniter4\framework\system\Common.php(1217): CodeIgniter\View\View->render('Modules\\Layout\\...', Array, true)
#7 C:\xampp\htdocs\github\master\modules\Layout\Controllers\Layout.php(91): view('Modules\\Layout\\...', Array)
#8 C:\xampp\htdocs\github\master\vendor\codeigniter4\framework\system\CodeIgniter.php(940): Modules\Layout\Controllers\Layout->index()
#9 C:\xampp\htdocs\github\master\vendor\codeigniter4\framework\system\CodeIgniter.php(436): CodeIgniter\CodeIgniter->runController(Object(Modules\Layout\Controllers\Layout))
#10 C:\xampp\htdocs\github\master\vendor\codeigniter4\framework\system\CodeIgniter.php(337): CodeIgniter\CodeIgniter->handleRequest(NULL, Object(Config\Cache), false)
#11 C:\xampp\htdocs\github\master\public\index.php(44): CodeIgniter\CodeIgniter->run()
#12 C:\xampp\htdocs\github\master\vendor\codeigniter4\framework\system\Commands\Server\rewrite.php(45): require_once('C:\\xampp\\htdocs...')
#13 {main}
CRITICAL - 2021-12-04 16:20:39 --> syntax error, unexpected '?>', expecting '('
#0 C:\xampp\htdocs\github\master\vendor\codeigniter4\framework\system\View\View.php(222): CodeIgniter\View\View->CodeIgniter\View\{closure}()
#1 C:\xampp\htdocs\github\master\vendor\codeigniter4\framework\system\View\View.php(468): CodeIgniter\View\View->render('Modules\\Layout\\...', NULL, true)
#2 C:\xampp\htdocs\github\master\modules\Layout\Views\layout.php(88): CodeIgniter\View\View->include('Modules\\Layout\\...')
#3 C:\xampp\htdocs\github\master\vendor\codeigniter4\framework\system\View\View.php(220): include('C:\\xampp\\htdocs...')
#4 C:\xampp\htdocs\github\master\vendor\codeigniter4\framework\system\View\View.php(222): CodeIgniter\View\View->CodeIgniter\View\{closure}()
#5 C:\xampp\htdocs\github\master\vendor\codeigniter4\framework\system\View\View.php(236): CodeIgniter\View\View->render('Modules\\Layout\\...', Array, true)
#6 C:\xampp\htdocs\github\master\vendor\codeigniter4\framework\system\Common.php(1217): CodeIgniter\View\View->render('Modules\\Layout\\...', Array, true)
#7 C:\xampp\htdocs\github\master\modules\Layout\Controllers\Layout.php(91): view('Modules\\Layout\\...', Array)
#8 C:\xampp\htdocs\github\master\vendor\codeigniter4\framework\system\CodeIgniter.php(940): Modules\Layout\Controllers\Layout->index()
#9 C:\xampp\htdocs\github\master\vendor\codeigniter4\framework\system\CodeIgniter.php(436): CodeIgniter\CodeIgniter->runController(Object(Modules\Layout\Controllers\Layout))
#10 C:\xampp\htdocs\github\master\vendor\codeigniter4\framework\system\CodeIgniter.php(337): CodeIgniter\CodeIgniter->handleRequest(NULL, Object(Config\Cache), false)
#11 C:\xampp\htdocs\github\master\public\index.php(44): CodeIgniter\CodeIgniter->run()
#12 C:\xampp\htdocs\github\master\vendor\codeigniter4\framework\system\Commands\Server\rewrite.php(45): require_once('C:\\xampp\\htdocs...')
#13 {main}
CRITICAL - 2021-12-04 16:20:52 --> syntax error, unexpected '?>', expecting '('
#0 C:\xampp\htdocs\github\master\vendor\codeigniter4\framework\system\View\View.php(222): CodeIgniter\View\View->CodeIgniter\View\{closure}()
#1 C:\xampp\htdocs\github\master\vendor\codeigniter4\framework\system\View\View.php(468): CodeIgniter\View\View->render('Modules\\Layout\\...', NULL, true)
#2 C:\xampp\htdocs\github\master\modules\Layout\Views\layout.php(88): CodeIgniter\View\View->include('Modules\\Layout\\...')
#3 C:\xampp\htdocs\github\master\vendor\codeigniter4\framework\system\View\View.php(220): include('C:\\xampp\\htdocs...')
#4 C:\xampp\htdocs\github\master\vendor\codeigniter4\framework\system\View\View.php(222): CodeIgniter\View\View->CodeIgniter\View\{closure}()
#5 C:\xampp\htdocs\github\master\vendor\codeigniter4\framework\system\View\View.php(236): CodeIgniter\View\View->render('Modules\\Layout\\...', Array, true)
#6 C:\xampp\htdocs\github\master\vendor\codeigniter4\framework\system\Common.php(1217): CodeIgniter\View\View->render('Modules\\Layout\\...', Array, true)
#7 C:\xampp\htdocs\github\master\modules\Layout\Controllers\Layout.php(91): view('Modules\\Layout\\...', Array)
#8 C:\xampp\htdocs\github\master\vendor\codeigniter4\framework\system\CodeIgniter.php(940): Modules\Layout\Controllers\Layout->index()
#9 C:\xampp\htdocs\github\master\vendor\codeigniter4\framework\system\CodeIgniter.php(436): CodeIgniter\CodeIgniter->runController(Object(Modules\Layout\Controllers\Layout))
#10 C:\xampp\htdocs\github\master\vendor\codeigniter4\framework\system\CodeIgniter.php(337): CodeIgniter\CodeIgniter->handleRequest(NULL, Object(Config\Cache), false)
#11 C:\xampp\htdocs\github\master\public\index.php(44): CodeIgniter\CodeIgniter->run()
#12 C:\xampp\htdocs\github\master\vendor\codeigniter4\framework\system\Commands\Server\rewrite.php(45): require_once('C:\\xampp\\htdocs...')
#13 {main}
