ERROR - 2021-04-15 09:38:32 --> mysqli_sql_exception: Unknown column 'auth_groups_permissions.name' in 'group statement' in D:\WEBSITE\xampp-7.4\htdocs\web-master\vendor\codeigniter4\framework\system\Database\MySQLi\Connection.php:314
Stack trace:
#0 D:\WEBSITE\xampp-7.4\htdocs\web-master\vendor\codeigniter4\framework\system\Database\MySQLi\Connection.php(314): mysqli->query('SELECT `auth_gr...')
#1 D:\WEBSITE\xampp-7.4\htdocs\web-master\vendor\codeigniter4\framework\system\Database\BaseConnection.php(713): CodeIgniter\Database\MySQLi\Connection->execute('SELECT `auth_gr...')
#2 D:\WEBSITE\xampp-7.4\htdocs\web-master\vendor\codeigniter4\framework\system\Database\BaseConnection.php(641): CodeIgniter\Database\BaseConnection->simpleQuery('SELECT `auth_gr...')
#3 D:\WEBSITE\xampp-7.4\htdocs\web-master\vendor\codeigniter4\framework\system\Database\BaseBuilder.php(1866): CodeIgniter\Database\BaseConnection->query('SELECT `auth_gr...', Array, false)
#4 D:\WEBSITE\xampp-7.4\htdocs\web-master\modules\AdminUsers\Models\ModelUsers.php(55): CodeIgniter\Database\BaseBuilder->get()
#5 D:\WEBSITE\xampp-7.4\htdocs\web-master\modules\AdminUsers\Controllers\DataGroupsPermissions.php(23): Modules\AdminUsers\Models\ModelUsers->get_groups_permissions()
#6 D:\WEBSITE\xampp-7.4\htdocs\web-master\vendor\codeigniter4\framework\system\CodeIgniter.php(936): Modules\AdminUsers\Controllers\DataGroupsPermissions->index()
#7 D:\WEBSITE\xampp-7.4\htdocs\web-master\vendor\codeigniter4\framework\system\CodeIgniter.php(432): CodeIgniter\CodeIgniter->runController(Object(Modules\AdminUsers\Controllers\DataGroupsPermissions))
#8 D:\WEBSITE\xampp-7.4\htdocs\web-master\vendor\codeigniter4\framework\system\CodeIgniter.php(333): CodeIgniter\CodeIgniter->handleRequest(NULL, Object(Config\Cache), false)
#9 D:\WEBSITE\xampp-7.4\htdocs\web-master\public\index.php(44): CodeIgniter\CodeIgniter->run()
#10 D:\WEBSITE\xampp-7.4\htdocs\web-master\vendor\codeigniter4\framework\system\Commands\Server\rewrite.php(45): require_once('D:\\WEBSITE\\xamp...')
#11 {main}
CRITICAL - 2021-04-15 09:38:32 --> Unknown column 'auth_groups_permissions.name' in 'group statement'
#0 D:\WEBSITE\xampp-7.4\htdocs\web-master\vendor\codeigniter4\framework\system\Database\MySQLi\Connection.php(314): mysqli->query('SELECT `auth_gr...')
#1 D:\WEBSITE\xampp-7.4\htdocs\web-master\vendor\codeigniter4\framework\system\Database\BaseConnection.php(713): CodeIgniter\Database\MySQLi\Connection->execute('SELECT `auth_gr...')
#2 D:\WEBSITE\xampp-7.4\htdocs\web-master\vendor\codeigniter4\framework\system\Database\BaseConnection.php(641): CodeIgniter\Database\BaseConnection->simpleQuery('SELECT `auth_gr...')
#3 D:\WEBSITE\xampp-7.4\htdocs\web-master\vendor\codeigniter4\framework\system\Database\BaseBuilder.php(1866): CodeIgniter\Database\BaseConnection->query('SELECT `auth_gr...', Array, false)
#4 D:\WEBSITE\xampp-7.4\htdocs\web-master\modules\AdminUsers\Models\ModelUsers.php(55): CodeIgniter\Database\BaseBuilder->get()
#5 D:\WEBSITE\xampp-7.4\htdocs\web-master\modules\AdminUsers\Controllers\DataGroupsPermissions.php(23): Modules\AdminUsers\Models\ModelUsers->get_groups_permissions()
#6 D:\WEBSITE\xampp-7.4\htdocs\web-master\vendor\codeigniter4\framework\system\CodeIgniter.php(936): Modules\AdminUsers\Controllers\DataGroupsPermissions->index()
#7 D:\WEBSITE\xampp-7.4\htdocs\web-master\vendor\codeigniter4\framework\system\CodeIgniter.php(432): CodeIgniter\CodeIgniter->runController(Object(Modules\AdminUsers\Controllers\DataGroupsPermissions))
#8 D:\WEBSITE\xampp-7.4\htdocs\web-master\vendor\codeigniter4\framework\system\CodeIgniter.php(333): CodeIgniter\CodeIgniter->handleRequest(NULL, Object(Config\Cache), false)
#9 D:\WEBSITE\xampp-7.4\htdocs\web-master\public\index.php(44): CodeIgniter\CodeIgniter->run()
#10 D:\WEBSITE\xampp-7.4\htdocs\web-master\vendor\codeigniter4\framework\system\Commands\Server\rewrite.php(45): require_once('D:\\WEBSITE\\xamp...')
#11 {main}
CRITICAL - 2021-04-15 09:50:31 --> Undefined index: name_groups
#0 D:\WEBSITE\xampp-7.4\htdocs\web-master\modules\AdminUsers\Views\groups_permissions.php(35): CodeIgniter\Debug\Exceptions->errorHandler(8, 'Undefined index...', 'D:\\WEBSITE\\xamp...', 35, Array)
#1 D:\WEBSITE\xampp-7.4\htdocs\web-master\vendor\codeigniter4\framework\system\View\View.php(220): include('D:\\WEBSITE\\xamp...')
#2 D:\WEBSITE\xampp-7.4\htdocs\web-master\vendor\codeigniter4\framework\system\View\View.php(222): CodeIgniter\View\View->CodeIgniter\View\{closure}()
#3 D:\WEBSITE\xampp-7.4\htdocs\web-master\vendor\codeigniter4\framework\system\Common.php(1217): CodeIgniter\View\View->render('Modules\\AdminUs...', Array, true)
#4 D:\WEBSITE\xampp-7.4\htdocs\web-master\modules\AdminUsers\Controllers\DataGroupsPermissions.php(33): view('Modules\\AdminUs...', Array)
#5 D:\WEBSITE\xampp-7.4\htdocs\web-master\vendor\codeigniter4\framework\system\CodeIgniter.php(936): Modules\AdminUsers\Controllers\DataGroupsPermissions->index()
#6 D:\WEBSITE\xampp-7.4\htdocs\web-master\vendor\codeigniter4\framework\system\CodeIgniter.php(432): CodeIgniter\CodeIgniter->runController(Object(Modules\AdminUsers\Controllers\DataGroupsPermissions))
#7 D:\WEBSITE\xampp-7.4\htdocs\web-master\vendor\codeigniter4\framework\system\CodeIgniter.php(333): CodeIgniter\CodeIgniter->handleRequest(NULL, Object(Config\Cache), false)
#8 D:\WEBSITE\xampp-7.4\htdocs\web-master\public\index.php(44): CodeIgniter\CodeIgniter->run()
#9 D:\WEBSITE\xampp-7.4\htdocs\web-master\vendor\codeigniter4\framework\system\Commands\Server\rewrite.php(45): require_once('D:\\WEBSITE\\xamp...')
#10 {main}
CRITICAL - 2021-04-15 09:50:57 --> Undefined index: count
#0 D:\WEBSITE\xampp-7.4\htdocs\web-master\modules\AdminUsers\Views\groups_permissions.php(36): CodeIgniter\Debug\Exceptions->errorHandler(8, 'Undefined index...', 'D:\\WEBSITE\\xamp...', 36, Array)
#1 D:\WEBSITE\xampp-7.4\htdocs\web-master\vendor\codeigniter4\framework\system\View\View.php(220): include('D:\\WEBSITE\\xamp...')
#2 D:\WEBSITE\xampp-7.4\htdocs\web-master\vendor\codeigniter4\framework\system\View\View.php(222): CodeIgniter\View\View->CodeIgniter\View\{closure}()
#3 D:\WEBSITE\xampp-7.4\htdocs\web-master\vendor\codeigniter4\framework\system\Common.php(1217): CodeIgniter\View\View->render('Modules\\AdminUs...', Array, true)
#4 D:\WEBSITE\xampp-7.4\htdocs\web-master\modules\AdminUsers\Controllers\DataGroupsPermissions.php(33): view('Modules\\AdminUs...', Array)
#5 D:\WEBSITE\xampp-7.4\htdocs\web-master\vendor\codeigniter4\framework\system\CodeIgniter.php(936): Modules\AdminUsers\Controllers\DataGroupsPermissions->index()
#6 D:\WEBSITE\xampp-7.4\htdocs\web-master\vendor\codeigniter4\framework\system\CodeIgniter.php(432): CodeIgniter\CodeIgniter->runController(Object(Modules\AdminUsers\Controllers\DataGroupsPermissions))
#7 D:\WEBSITE\xampp-7.4\htdocs\web-master\vendor\codeigniter4\framework\system\CodeIgniter.php(333): CodeIgniter\CodeIgniter->handleRequest(NULL, Object(Config\Cache), false)
#8 D:\WEBSITE\xampp-7.4\htdocs\web-master\public\index.php(44): CodeIgniter\CodeIgniter->run()
#9 D:\WEBSITE\xampp-7.4\htdocs\web-master\vendor\codeigniter4\framework\system\Commands\Server\rewrite.php(45): require_once('D:\\WEBSITE\\xamp...')
#10 {main}
CRITICAL - 2021-04-15 09:55:00 --> count(): Parameter must be an array or an object that implements Countable
#0 D:\WEBSITE\xampp-7.4\htdocs\web-master\modules\AdminUsers\Views\groups_permissions.php(35): CodeIgniter\Debug\Exceptions->errorHandler(2, 'count(): Parame...', 'D:\\WEBSITE\\xamp...', 35, Array)
#1 D:\WEBSITE\xampp-7.4\htdocs\web-master\vendor\codeigniter4\framework\system\View\View.php(220): include('D:\\WEBSITE\\xamp...')
#2 D:\WEBSITE\xampp-7.4\htdocs\web-master\vendor\codeigniter4\framework\system\View\View.php(222): CodeIgniter\View\View->CodeIgniter\View\{closure}()
#3 D:\WEBSITE\xampp-7.4\htdocs\web-master\vendor\codeigniter4\framework\system\Common.php(1217): CodeIgniter\View\View->render('Modules\\AdminUs...', Array, true)
#4 D:\WEBSITE\xampp-7.4\htdocs\web-master\modules\AdminUsers\Controllers\DataGroupsPermissions.php(33): view('Modules\\AdminUs...', Array)
#5 D:\WEBSITE\xampp-7.4\htdocs\web-master\vendor\codeigniter4\framework\system\CodeIgniter.php(936): Modules\AdminUsers\Controllers\DataGroupsPermissions->index()
#6 D:\WEBSITE\xampp-7.4\htdocs\web-master\vendor\codeigniter4\framework\system\CodeIgniter.php(432): CodeIgniter\CodeIgniter->runController(Object(Modules\AdminUsers\Controllers\DataGroupsPermissions))
#7 D:\WEBSITE\xampp-7.4\htdocs\web-master\vendor\codeigniter4\framework\system\CodeIgniter.php(333): CodeIgniter\CodeIgniter->handleRequest(NULL, Object(Config\Cache), false)
#8 D:\WEBSITE\xampp-7.4\htdocs\web-master\public\index.php(44): CodeIgniter\CodeIgniter->run()
#9 D:\WEBSITE\xampp-7.4\htdocs\web-master\vendor\codeigniter4\framework\system\Commands\Server\rewrite.php(45): require_once('D:\\WEBSITE\\xamp...')
#10 {main}
CRITICAL - 2021-04-15 09:55:18 --> count(): Parameter must be an array or an object that implements Countable
#0 D:\WEBSITE\xampp-7.4\htdocs\web-master\modules\AdminUsers\Views\groups_permissions.php(36): CodeIgniter\Debug\Exceptions->errorHandler(2, 'count(): Parame...', 'D:\\WEBSITE\\xamp...', 36, Array)
#1 D:\WEBSITE\xampp-7.4\htdocs\web-master\vendor\codeigniter4\framework\system\View\View.php(220): include('D:\\WEBSITE\\xamp...')
#2 D:\WEBSITE\xampp-7.4\htdocs\web-master\vendor\codeigniter4\framework\system\View\View.php(222): CodeIgniter\View\View->CodeIgniter\View\{closure}()
#3 D:\WEBSITE\xampp-7.4\htdocs\web-master\vendor\codeigniter4\framework\system\Common.php(1217): CodeIgniter\View\View->render('Modules\\AdminUs...', Array, true)
#4 D:\WEBSITE\xampp-7.4\htdocs\web-master\modules\AdminUsers\Controllers\DataGroupsPermissions.php(33): view('Modules\\AdminUs...', Array)
#5 D:\WEBSITE\xampp-7.4\htdocs\web-master\vendor\codeigniter4\framework\system\CodeIgniter.php(936): Modules\AdminUsers\Controllers\DataGroupsPermissions->index()
#6 D:\WEBSITE\xampp-7.4\htdocs\web-master\vendor\codeigniter4\framework\system\CodeIgniter.php(432): CodeIgniter\CodeIgniter->runController(Object(Modules\AdminUsers\Controllers\DataGroupsPermissions))
#7 D:\WEBSITE\xampp-7.4\htdocs\web-master\vendor\codeigniter4\framework\system\CodeIgniter.php(333): CodeIgniter\CodeIgniter->handleRequest(NULL, Object(Config\Cache), false)
#8 D:\WEBSITE\xampp-7.4\htdocs\web-master\public\index.php(44): CodeIgniter\CodeIgniter->run()
#9 D:\WEBSITE\xampp-7.4\htdocs\web-master\vendor\codeigniter4\framework\system\Commands\Server\rewrite.php(45): require_once('D:\\WEBSITE\\xamp...')
#10 {main}
CRITICAL - 2021-04-15 10:00:14 --> Object of class CodeIgniter\Database\MySQLi\Result could not be converted to string
#0 D:\WEBSITE\xampp-7.4\htdocs\web-master\vendor\codeigniter4\framework\system\View\View.php(220): include()
#1 D:\WEBSITE\xampp-7.4\htdocs\web-master\vendor\codeigniter4\framework\system\View\View.php(222): CodeIgniter\View\View->CodeIgniter\View\{closure}()
#2 D:\WEBSITE\xampp-7.4\htdocs\web-master\vendor\codeigniter4\framework\system\Common.php(1217): CodeIgniter\View\View->render('Modules\\AdminUs...', Array, true)
#3 D:\WEBSITE\xampp-7.4\htdocs\web-master\modules\AdminUsers\Controllers\DataGroupsPermissions.php(33): view('Modules\\AdminUs...', Array)
#4 D:\WEBSITE\xampp-7.4\htdocs\web-master\vendor\codeigniter4\framework\system\CodeIgniter.php(936): Modules\AdminUsers\Controllers\DataGroupsPermissions->index()
#5 D:\WEBSITE\xampp-7.4\htdocs\web-master\vendor\codeigniter4\framework\system\CodeIgniter.php(432): CodeIgniter\CodeIgniter->runController(Object(Modules\AdminUsers\Controllers\DataGroupsPermissions))
#6 D:\WEBSITE\xampp-7.4\htdocs\web-master\vendor\codeigniter4\framework\system\CodeIgniter.php(333): CodeIgniter\CodeIgniter->handleRequest(NULL, Object(Config\Cache), false)
#7 D:\WEBSITE\xampp-7.4\htdocs\web-master\public\index.php(44): CodeIgniter\CodeIgniter->run()
#8 D:\WEBSITE\xampp-7.4\htdocs\web-master\vendor\codeigniter4\framework\system\Commands\Server\rewrite.php(45): require_once('D:\\WEBSITE\\xamp...')
#9 {main}
CRITICAL - 2021-04-15 10:01:41 --> Array to string conversion
#0 D:\WEBSITE\xampp-7.4\htdocs\web-master\modules\AdminUsers\Views\groups_permissions.php(46): CodeIgniter\Debug\Exceptions->errorHandler(8, 'Array to string...', 'D:\\WEBSITE\\xamp...', 46, Array)
#1 D:\WEBSITE\xampp-7.4\htdocs\web-master\vendor\codeigniter4\framework\system\View\View.php(220): include('D:\\WEBSITE\\xamp...')
#2 D:\WEBSITE\xampp-7.4\htdocs\web-master\vendor\codeigniter4\framework\system\View\View.php(222): CodeIgniter\View\View->CodeIgniter\View\{closure}()
#3 D:\WEBSITE\xampp-7.4\htdocs\web-master\vendor\codeigniter4\framework\system\Common.php(1217): CodeIgniter\View\View->render('Modules\\AdminUs...', Array, true)
#4 D:\WEBSITE\xampp-7.4\htdocs\web-master\modules\AdminUsers\Controllers\DataGroupsPermissions.php(33): view('Modules\\AdminUs...', Array)
#5 D:\WEBSITE\xampp-7.4\htdocs\web-master\vendor\codeigniter4\framework\system\CodeIgniter.php(936): Modules\AdminUsers\Controllers\DataGroupsPermissions->index()
#6 D:\WEBSITE\xampp-7.4\htdocs\web-master\vendor\codeigniter4\framework\system\CodeIgniter.php(432): CodeIgniter\CodeIgniter->runController(Object(Modules\AdminUsers\Controllers\DataGroupsPermissions))
#7 D:\WEBSITE\xampp-7.4\htdocs\web-master\vendor\codeigniter4\framework\system\CodeIgniter.php(333): CodeIgniter\CodeIgniter->handleRequest(NULL, Object(Config\Cache), false)
#8 D:\WEBSITE\xampp-7.4\htdocs\web-master\public\index.php(44): CodeIgniter\CodeIgniter->run()
#9 D:\WEBSITE\xampp-7.4\htdocs\web-master\vendor\codeigniter4\framework\system\Commands\Server\rewrite.php(45): require_once('D:\\WEBSITE\\xamp...')
#10 {main}
CRITICAL - 2021-04-15 10:01:57 --> Array to string conversion
#0 D:\WEBSITE\xampp-7.4\htdocs\web-master\modules\AdminUsers\Views\groups_permissions.php(45): CodeIgniter\Debug\Exceptions->errorHandler(8, 'Array to string...', 'D:\\WEBSITE\\xamp...', 45, Array)
#1 D:\WEBSITE\xampp-7.4\htdocs\web-master\vendor\codeigniter4\framework\system\View\View.php(220): include('D:\\WEBSITE\\xamp...')
#2 D:\WEBSITE\xampp-7.4\htdocs\web-master\vendor\codeigniter4\framework\system\View\View.php(222): CodeIgniter\View\View->CodeIgniter\View\{closure}()
#3 D:\WEBSITE\xampp-7.4\htdocs\web-master\vendor\codeigniter4\framework\system\Common.php(1217): CodeIgniter\View\View->render('Modules\\AdminUs...', Array, true)
#4 D:\WEBSITE\xampp-7.4\htdocs\web-master\modules\AdminUsers\Controllers\DataGroupsPermissions.php(33): view('Modules\\AdminUs...', Array)
#5 D:\WEBSITE\xampp-7.4\htdocs\web-master\vendor\codeigniter4\framework\system\CodeIgniter.php(936): Modules\AdminUsers\Controllers\DataGroupsPermissions->index()
#6 D:\WEBSITE\xampp-7.4\htdocs\web-master\vendor\codeigniter4\framework\system\CodeIgniter.php(432): CodeIgniter\CodeIgniter->runController(Object(Modules\AdminUsers\Controllers\DataGroupsPermissions))
#7 D:\WEBSITE\xampp-7.4\htdocs\web-master\vendor\codeigniter4\framework\system\CodeIgniter.php(333): CodeIgniter\CodeIgniter->handleRequest(NULL, Object(Config\Cache), false)
#8 D:\WEBSITE\xampp-7.4\htdocs\web-master\public\index.php(44): CodeIgniter\CodeIgniter->run()
#9 D:\WEBSITE\xampp-7.4\htdocs\web-master\vendor\codeigniter4\framework\system\Commands\Server\rewrite.php(45): require_once('D:\\WEBSITE\\xamp...')
#10 {main}
CRITICAL - 2021-04-15 10:03:06 --> Call to undefined method CodeIgniter\Database\MySQLi\Result::countAll()
#0 D:\WEBSITE\xampp-7.4\htdocs\web-master\vendor\codeigniter4\framework\system\View\View.php(220): include()
#1 D:\WEBSITE\xampp-7.4\htdocs\web-master\vendor\codeigniter4\framework\system\View\View.php(222): CodeIgniter\View\View->CodeIgniter\View\{closure}()
#2 D:\WEBSITE\xampp-7.4\htdocs\web-master\vendor\codeigniter4\framework\system\Common.php(1217): CodeIgniter\View\View->render('Modules\\AdminUs...', Array, true)
#3 D:\WEBSITE\xampp-7.4\htdocs\web-master\modules\AdminUsers\Controllers\DataGroupsPermissions.php(33): view('Modules\\AdminUs...', Array)
#4 D:\WEBSITE\xampp-7.4\htdocs\web-master\vendor\codeigniter4\framework\system\CodeIgniter.php(936): Modules\AdminUsers\Controllers\DataGroupsPermissions->index()
#5 D:\WEBSITE\xampp-7.4\htdocs\web-master\vendor\codeigniter4\framework\system\CodeIgniter.php(432): CodeIgniter\CodeIgniter->runController(Object(Modules\AdminUsers\Controllers\DataGroupsPermissions))
#6 D:\WEBSITE\xampp-7.4\htdocs\web-master\vendor\codeigniter4\framework\system\CodeIgniter.php(333): CodeIgniter\CodeIgniter->handleRequest(NULL, Object(Config\Cache), false)
#7 D:\WEBSITE\xampp-7.4\htdocs\web-master\public\index.php(44): CodeIgniter\CodeIgniter->run()
#8 D:\WEBSITE\xampp-7.4\htdocs\web-master\vendor\codeigniter4\framework\system\Commands\Server\rewrite.php(45): require_once('D:\\WEBSITE\\xamp...')
#9 {main}
CRITICAL - 2021-04-15 10:04:04 --> Undefined index: group_permissions
#0 D:\WEBSITE\xampp-7.4\htdocs\web-master\modules\AdminUsers\Views\groups_permissions.php(46): CodeIgniter\Debug\Exceptions->errorHandler(8, 'Undefined index...', 'D:\\WEBSITE\\xamp...', 46, Array)
#1 D:\WEBSITE\xampp-7.4\htdocs\web-master\vendor\codeigniter4\framework\system\View\View.php(220): include('D:\\WEBSITE\\xamp...')
#2 D:\WEBSITE\xampp-7.4\htdocs\web-master\vendor\codeigniter4\framework\system\View\View.php(222): CodeIgniter\View\View->CodeIgniter\View\{closure}()
#3 D:\WEBSITE\xampp-7.4\htdocs\web-master\vendor\codeigniter4\framework\system\Common.php(1217): CodeIgniter\View\View->render('Modules\\AdminUs...', Array, true)
#4 D:\WEBSITE\xampp-7.4\htdocs\web-master\modules\AdminUsers\Controllers\DataGroupsPermissions.php(33): view('Modules\\AdminUs...', Array)
#5 D:\WEBSITE\xampp-7.4\htdocs\web-master\vendor\codeigniter4\framework\system\CodeIgniter.php(936): Modules\AdminUsers\Controllers\DataGroupsPermissions->index()
#6 D:\WEBSITE\xampp-7.4\htdocs\web-master\vendor\codeigniter4\framework\system\CodeIgniter.php(432): CodeIgniter\CodeIgniter->runController(Object(Modules\AdminUsers\Controllers\DataGroupsPermissions))
#7 D:\WEBSITE\xampp-7.4\htdocs\web-master\vendor\codeigniter4\framework\system\CodeIgniter.php(333): CodeIgniter\CodeIgniter->handleRequest(NULL, Object(Config\Cache), false)
#8 D:\WEBSITE\xampp-7.4\htdocs\web-master\public\index.php(44): CodeIgniter\CodeIgniter->run()
#9 D:\WEBSITE\xampp-7.4\htdocs\web-master\vendor\codeigniter4\framework\system\Commands\Server\rewrite.php(45): require_once('D:\\WEBSITE\\xamp...')
#10 {main}
CRITICAL - 2021-04-15 10:07:26 --> Call to undefined method CodeIgniter\Database\MySQLi\Result::countResultAll()
#0 D:\WEBSITE\xampp-7.4\htdocs\web-master\vendor\codeigniter4\framework\system\View\View.php(220): include()
#1 D:\WEBSITE\xampp-7.4\htdocs\web-master\vendor\codeigniter4\framework\system\View\View.php(222): CodeIgniter\View\View->CodeIgniter\View\{closure}()
#2 D:\WEBSITE\xampp-7.4\htdocs\web-master\vendor\codeigniter4\framework\system\Common.php(1217): CodeIgniter\View\View->render('Modules\\AdminUs...', Array, true)
#3 D:\WEBSITE\xampp-7.4\htdocs\web-master\modules\AdminUsers\Controllers\DataGroupsPermissions.php(33): view('Modules\\AdminUs...', Array)
#4 D:\WEBSITE\xampp-7.4\htdocs\web-master\vendor\codeigniter4\framework\system\CodeIgniter.php(936): Modules\AdminUsers\Controllers\DataGroupsPermissions->index()
#5 D:\WEBSITE\xampp-7.4\htdocs\web-master\vendor\codeigniter4\framework\system\CodeIgniter.php(432): CodeIgniter\CodeIgniter->runController(Object(Modules\AdminUsers\Controllers\DataGroupsPermissions))
#6 D:\WEBSITE\xampp-7.4\htdocs\web-master\vendor\codeigniter4\framework\system\CodeIgniter.php(333): CodeIgniter\CodeIgniter->handleRequest(NULL, Object(Config\Cache), false)
#7 D:\WEBSITE\xampp-7.4\htdocs\web-master\public\index.php(44): CodeIgniter\CodeIgniter->run()
#8 D:\WEBSITE\xampp-7.4\htdocs\web-master\vendor\codeigniter4\framework\system\Commands\Server\rewrite.php(45): require_once('D:\\WEBSITE\\xamp...')
#9 {main}
CRITICAL - 2021-04-15 10:07:48 --> Call to undefined method CodeIgniter\Database\MySQLi\Builder::countResultAll()
#0 D:\WEBSITE\xampp-7.4\htdocs\web-master\vendor\codeigniter4\framework\system\View\View.php(220): include()
#1 D:\WEBSITE\xampp-7.4\htdocs\web-master\vendor\codeigniter4\framework\system\View\View.php(222): CodeIgniter\View\View->CodeIgniter\View\{closure}()
#2 D:\WEBSITE\xampp-7.4\htdocs\web-master\vendor\codeigniter4\framework\system\Common.php(1217): CodeIgniter\View\View->render('Modules\\AdminUs...', Array, true)
#3 D:\WEBSITE\xampp-7.4\htdocs\web-master\modules\AdminUsers\Controllers\DataGroupsPermissions.php(33): view('Modules\\AdminUs...', Array)
#4 D:\WEBSITE\xampp-7.4\htdocs\web-master\vendor\codeigniter4\framework\system\CodeIgniter.php(936): Modules\AdminUsers\Controllers\DataGroupsPermissions->index()
#5 D:\WEBSITE\xampp-7.4\htdocs\web-master\vendor\codeigniter4\framework\system\CodeIgniter.php(432): CodeIgniter\CodeIgniter->runController(Object(Modules\AdminUsers\Controllers\DataGroupsPermissions))
#6 D:\WEBSITE\xampp-7.4\htdocs\web-master\vendor\codeigniter4\framework\system\CodeIgniter.php(333): CodeIgniter\CodeIgniter->handleRequest(NULL, Object(Config\Cache), false)
#7 D:\WEBSITE\xampp-7.4\htdocs\web-master\public\index.php(44): CodeIgniter\CodeIgniter->run()
#8 D:\WEBSITE\xampp-7.4\htdocs\web-master\vendor\codeigniter4\framework\system\Commands\Server\rewrite.php(45): require_once('D:\\WEBSITE\\xamp...')
#9 {main}
CRITICAL - 2021-04-15 10:07:49 --> Call to undefined method CodeIgniter\Database\MySQLi\Builder::countResultAll()
#0 D:\WEBSITE\xampp-7.4\htdocs\web-master\vendor\codeigniter4\framework\system\View\View.php(220): include()
#1 D:\WEBSITE\xampp-7.4\htdocs\web-master\vendor\codeigniter4\framework\system\View\View.php(222): CodeIgniter\View\View->CodeIgniter\View\{closure}()
#2 D:\WEBSITE\xampp-7.4\htdocs\web-master\vendor\codeigniter4\framework\system\Common.php(1217): CodeIgniter\View\View->render('Modules\\AdminUs...', Array, true)
#3 D:\WEBSITE\xampp-7.4\htdocs\web-master\modules\AdminUsers\Controllers\DataGroupsPermissions.php(33): view('Modules\\AdminUs...', Array)
#4 D:\WEBSITE\xampp-7.4\htdocs\web-master\vendor\codeigniter4\framework\system\CodeIgniter.php(936): Modules\AdminUsers\Controllers\DataGroupsPermissions->index()
#5 D:\WEBSITE\xampp-7.4\htdocs\web-master\vendor\codeigniter4\framework\system\CodeIgniter.php(432): CodeIgniter\CodeIgniter->runController(Object(Modules\AdminUsers\Controllers\DataGroupsPermissions))
#6 D:\WEBSITE\xampp-7.4\htdocs\web-master\vendor\codeigniter4\framework\system\CodeIgniter.php(333): CodeIgniter\CodeIgniter->handleRequest(NULL, Object(Config\Cache), false)
#7 D:\WEBSITE\xampp-7.4\htdocs\web-master\public\index.php(44): CodeIgniter\CodeIgniter->run()
#8 D:\WEBSITE\xampp-7.4\htdocs\web-master\vendor\codeigniter4\framework\system\Commands\Server\rewrite.php(45): require_once('D:\\WEBSITE\\xamp...')
#9 {main}
CRITICAL - 2021-04-15 10:08:06 --> Call to undefined method CodeIgniter\Database\MySQLi\Builder::countResultAll()
#0 D:\WEBSITE\xampp-7.4\htdocs\web-master\vendor\codeigniter4\framework\system\View\View.php(220): include()
#1 D:\WEBSITE\xampp-7.4\htdocs\web-master\vendor\codeigniter4\framework\system\View\View.php(222): CodeIgniter\View\View->CodeIgniter\View\{closure}()
#2 D:\WEBSITE\xampp-7.4\htdocs\web-master\vendor\codeigniter4\framework\system\Common.php(1217): CodeIgniter\View\View->render('Modules\\AdminUs...', Array, true)
#3 D:\WEBSITE\xampp-7.4\htdocs\web-master\modules\AdminUsers\Controllers\DataGroupsPermissions.php(33): view('Modules\\AdminUs...', Array)
#4 D:\WEBSITE\xampp-7.4\htdocs\web-master\vendor\codeigniter4\framework\system\CodeIgniter.php(936): Modules\AdminUsers\Controllers\DataGroupsPermissions->index()
#5 D:\WEBSITE\xampp-7.4\htdocs\web-master\vendor\codeigniter4\framework\system\CodeIgniter.php(432): CodeIgniter\CodeIgniter->runController(Object(Modules\AdminUsers\Controllers\DataGroupsPermissions))
#6 D:\WEBSITE\xampp-7.4\htdocs\web-master\vendor\codeigniter4\framework\system\CodeIgniter.php(333): CodeIgniter\CodeIgniter->handleRequest(NULL, Object(Config\Cache), false)
#7 D:\WEBSITE\xampp-7.4\htdocs\web-master\public\index.php(44): CodeIgniter\CodeIgniter->run()
#8 D:\WEBSITE\xampp-7.4\htdocs\web-master\vendor\codeigniter4\framework\system\Commands\Server\rewrite.php(45): require_once('D:\\WEBSITE\\xamp...')
#9 {main}
CRITICAL - 2021-04-15 10:10:15 --> Call to undefined method CodeIgniter\Database\MySQLi\Result::countAllResults()
#0 D:\WEBSITE\xampp-7.4\htdocs\web-master\vendor\codeigniter4\framework\system\View\View.php(220): include()
#1 D:\WEBSITE\xampp-7.4\htdocs\web-master\vendor\codeigniter4\framework\system\View\View.php(222): CodeIgniter\View\View->CodeIgniter\View\{closure}()
#2 D:\WEBSITE\xampp-7.4\htdocs\web-master\vendor\codeigniter4\framework\system\Common.php(1217): CodeIgniter\View\View->render('Modules\\AdminUs...', Array, true)
#3 D:\WEBSITE\xampp-7.4\htdocs\web-master\modules\AdminUsers\Controllers\DataGroupsPermissions.php(33): view('Modules\\AdminUs...', Array)
#4 D:\WEBSITE\xampp-7.4\htdocs\web-master\vendor\codeigniter4\framework\system\CodeIgniter.php(936): Modules\AdminUsers\Controllers\DataGroupsPermissions->index()
#5 D:\WEBSITE\xampp-7.4\htdocs\web-master\vendor\codeigniter4\framework\system\CodeIgniter.php(432): CodeIgniter\CodeIgniter->runController(Object(Modules\AdminUsers\Controllers\DataGroupsPermissions))
#6 D:\WEBSITE\xampp-7.4\htdocs\web-master\vendor\codeigniter4\framework\system\CodeIgniter.php(333): CodeIgniter\CodeIgniter->handleRequest(NULL, Object(Config\Cache), false)
#7 D:\WEBSITE\xampp-7.4\htdocs\web-master\public\index.php(44): CodeIgniter\CodeIgniter->run()
#8 D:\WEBSITE\xampp-7.4\htdocs\web-master\vendor\codeigniter4\framework\system\Commands\Server\rewrite.php(45): require_once('D:\\WEBSITE\\xamp...')
#9 {main}
