CRITICAL - 2021-06-09 09:13:03 --> You must set the database table to be used with your query.
#0 D:\WEBSITE\xampp-7.4\htdocs\master-web\vendor\codeigniter4\framework\system\Model.php(615): CodeIgniter\Database\BaseConnection->table(NULL)
#1 D:\WEBSITE\xampp-7.4\htdocs\master-web\vendor\codeigniter4\framework\system\Model.php(834): CodeIgniter\Model->builder()
#2 D:\WEBSITE\xampp-7.4\htdocs\master-web\modules\MahasiswaPresma\Controllers\DataPresmaBidangPkm.php(27): CodeIgniter\Model->__call('get_tingkat', Array)
#3 D:\WEBSITE\xampp-7.4\htdocs\master-web\vendor\codeigniter4\framework\system\CodeIgniter.php(936): Modules\MahasiswaPresma\Controllers\DataPresmaBidangPkm->presma_bidang_pkm()
#4 D:\WEBSITE\xampp-7.4\htdocs\master-web\vendor\codeigniter4\framework\system\CodeIgniter.php(432): CodeIgniter\CodeIgniter->runController(Object(Modules\MahasiswaPresma\Controllers\DataPresmaBidangPkm))
#5 D:\WEBSITE\xampp-7.4\htdocs\master-web\vendor\codeigniter4\framework\system\CodeIgniter.php(333): CodeIgniter\CodeIgniter->handleRequest(NULL, Object(Config\Cache), false)
#6 D:\WEBSITE\xampp-7.4\htdocs\master-web\public\index.php(44): CodeIgniter\CodeIgniter->run()
#7 D:\WEBSITE\xampp-7.4\htdocs\master-web\vendor\codeigniter4\framework\system\Commands\Server\rewrite.php(45): require_once('D:\\WEBSITE\\xamp...')
#8 {main}
CRITICAL - 2021-06-09 09:15:13 --> You must set the database table to be used with your query.
#0 D:\WEBSITE\xampp-7.4\htdocs\master-web\vendor\codeigniter4\framework\system\Model.php(615): CodeIgniter\Database\BaseConnection->table(NULL)
#1 D:\WEBSITE\xampp-7.4\htdocs\master-web\vendor\codeigniter4\framework\system\Model.php(834): CodeIgniter\Model->builder()
#2 D:\WEBSITE\xampp-7.4\htdocs\master-web\modules\MahasiswaPresma\Controllers\DataPresmaBidangPkm.php(28): CodeIgniter\Model->__call('get_tingkat', Array)
#3 D:\WEBSITE\xampp-7.4\htdocs\master-web\vendor\codeigniter4\framework\system\CodeIgniter.php(936): Modules\MahasiswaPresma\Controllers\DataPresmaBidangPkm->presma_bidang_pkm()
#4 D:\WEBSITE\xampp-7.4\htdocs\master-web\vendor\codeigniter4\framework\system\CodeIgniter.php(432): CodeIgniter\CodeIgniter->runController(Object(Modules\MahasiswaPresma\Controllers\DataPresmaBidangPkm))
#5 D:\WEBSITE\xampp-7.4\htdocs\master-web\vendor\codeigniter4\framework\system\CodeIgniter.php(333): CodeIgniter\CodeIgniter->handleRequest(NULL, Object(Config\Cache), false)
#6 D:\WEBSITE\xampp-7.4\htdocs\master-web\public\index.php(44): CodeIgniter\CodeIgniter->run()
#7 D:\WEBSITE\xampp-7.4\htdocs\master-web\vendor\codeigniter4\framework\system\Commands\Server\rewrite.php(45): require_once('D:\\WEBSITE\\xamp...')
#8 {main}
CRITICAL - 2021-06-09 09:15:16 --> You must set the database table to be used with your query.
#0 D:\WEBSITE\xampp-7.4\htdocs\master-web\vendor\codeigniter4\framework\system\Model.php(615): CodeIgniter\Database\BaseConnection->table(NULL)
#1 D:\WEBSITE\xampp-7.4\htdocs\master-web\vendor\codeigniter4\framework\system\Model.php(834): CodeIgniter\Model->builder()
#2 D:\WEBSITE\xampp-7.4\htdocs\master-web\modules\MahasiswaPresma\Controllers\DataPresmaBidangPkm.php(28): CodeIgniter\Model->__call('get_tingkat', Array)
#3 D:\WEBSITE\xampp-7.4\htdocs\master-web\vendor\codeigniter4\framework\system\CodeIgniter.php(936): Modules\MahasiswaPresma\Controllers\DataPresmaBidangPkm->presma_bidang_pkm()
#4 D:\WEBSITE\xampp-7.4\htdocs\master-web\vendor\codeigniter4\framework\system\CodeIgniter.php(432): CodeIgniter\CodeIgniter->runController(Object(Modules\MahasiswaPresma\Controllers\DataPresmaBidangPkm))
#5 D:\WEBSITE\xampp-7.4\htdocs\master-web\vendor\codeigniter4\framework\system\CodeIgniter.php(333): CodeIgniter\CodeIgniter->handleRequest(NULL, Object(Config\Cache), false)
#6 D:\WEBSITE\xampp-7.4\htdocs\master-web\public\index.php(44): CodeIgniter\CodeIgniter->run()
#7 D:\WEBSITE\xampp-7.4\htdocs\master-web\vendor\codeigniter4\framework\system\Commands\Server\rewrite.php(45): require_once('D:\\WEBSITE\\xamp...')
#8 {main}
CRITICAL - 2021-06-09 09:18:55 --> Undefined variable: tingkat
#0 D:\WEBSITE\xampp-7.4\htdocs\master-web\modules\MahasiswaPresma\Views\presma_bidang_pkm_tambah.php(129): CodeIgniter\Debug\Exceptions->errorHandler(8, 'Undefined varia...', 'D:\\WEBSITE\\xamp...', 129, Array)
#1 D:\WEBSITE\xampp-7.4\htdocs\master-web\vendor\codeigniter4\framework\system\View\View.php(220): include('D:\\WEBSITE\\xamp...')
#2 D:\WEBSITE\xampp-7.4\htdocs\master-web\vendor\codeigniter4\framework\system\View\View.php(222): CodeIgniter\View\View->CodeIgniter\View\{closure}()
#3 D:\WEBSITE\xampp-7.4\htdocs\master-web\vendor\codeigniter4\framework\system\Common.php(1217): CodeIgniter\View\View->render('Modules\\Mahasis...', Array, true)
#4 D:\WEBSITE\xampp-7.4\htdocs\master-web\modules\MahasiswaPresma\Controllers\DataPresmaBidangPkm.php(61): view('Modules\\Mahasis...', Array)
#5 D:\WEBSITE\xampp-7.4\htdocs\master-web\vendor\codeigniter4\framework\system\CodeIgniter.php(936): Modules\MahasiswaPresma\Controllers\DataPresmaBidangPkm->presma_bidang_pkm_tambah()
#6 D:\WEBSITE\xampp-7.4\htdocs\master-web\vendor\codeigniter4\framework\system\CodeIgniter.php(432): CodeIgniter\CodeIgniter->runController(Object(Modules\MahasiswaPresma\Controllers\DataPresmaBidangPkm))
#7 D:\WEBSITE\xampp-7.4\htdocs\master-web\vendor\codeigniter4\framework\system\CodeIgniter.php(333): CodeIgniter\CodeIgniter->handleRequest(NULL, Object(Config\Cache), false)
#8 D:\WEBSITE\xampp-7.4\htdocs\master-web\public\index.php(44): CodeIgniter\CodeIgniter->run()
#9 D:\WEBSITE\xampp-7.4\htdocs\master-web\vendor\codeigniter4\framework\system\Commands\Server\rewrite.php(45): require_once('D:\\WEBSITE\\xamp...')
#10 {main}
ERROR - 2021-06-09 09:52:41 --> mysqli_sql_exception: Unknown column 'slug_bidang_pkm' in 'field list' in D:\WEBSITE\xampp-7.4\htdocs\master-web\vendor\codeigniter4\framework\system\Database\MySQLi\Connection.php:314
Stack trace:
#0 D:\WEBSITE\xampp-7.4\htdocs\master-web\vendor\codeigniter4\framework\system\Database\MySQLi\Connection.php(314): mysqli->query('UPDATE `presma_...')
#1 D:\WEBSITE\xampp-7.4\htdocs\master-web\vendor\codeigniter4\framework\system\Database\BaseConnection.php(713): CodeIgniter\Database\MySQLi\Connection->execute('UPDATE `presma_...')
#2 D:\WEBSITE\xampp-7.4\htdocs\master-web\vendor\codeigniter4\framework\system\Database\BaseConnection.php(641): CodeIgniter\Database\BaseConnection->simpleQuery('UPDATE `presma_...')
#3 D:\WEBSITE\xampp-7.4\htdocs\master-web\vendor\codeigniter4\framework\system\Database\BaseBuilder.php(2468): CodeIgniter\Database\BaseConnection->query('UPDATE `presma_...', Array, false)
#4 D:\WEBSITE\xampp-7.4\htdocs\master-web\modules\MahasiswaPresma\Models\ModelPresmaBidangPkm.php(106): CodeIgniter\Database\BaseBuilder->update(Array)
#5 D:\WEBSITE\xampp-7.4\htdocs\master-web\modules\MahasiswaPresma\Controllers\DataPresmaBidangPkm.php(248): Modules\MahasiswaPresma\Models\ModelPresmaBidangPkm->edit_bidang_pkm_no_image('a1268f2cab3382a...', 'Architecto qui ...', 'architecto-qui-...', 'Gangsar Putra', 'Inventore conse...', '1988-03-09', '1988', '4', '24', '')
#6 D:\WEBSITE\xampp-7.4\htdocs\master-web\vendor\codeigniter4\framework\system\CodeIgniter.php(936): Modules\MahasiswaPresma\Controllers\DataPresmaBidangPkm->presma_bidang_pkm_update()
#7 D:\WEBSITE\xampp-7.4\htdocs\master-web\vendor\codeigniter4\framework\system\CodeIgniter.php(432): CodeIgniter\CodeIgniter->runController(Object(Modules\MahasiswaPresma\Controllers\DataPresmaBidangPkm))
#8 D:\WEBSITE\xampp-7.4\htdocs\master-web\vendor\codeigniter4\framework\system\CodeIgniter.php(333): CodeIgniter\CodeIgniter->handleRequest(NULL, Object(Config\Cache), false)
#9 D:\WEBSITE\xampp-7.4\htdocs\master-web\public\index.php(44): CodeIgniter\CodeIgniter->run()
#10 D:\WEBSITE\xampp-7.4\htdocs\master-web\vendor\codeigniter4\framework\system\Commands\Server\rewrite.php(45): require_once('D:\\WEBSITE\\xamp...')
#11 {main}
CRITICAL - 2021-06-09 09:52:41 --> Unknown column 'slug_bidang_pkm' in 'field list'
#0 D:\WEBSITE\xampp-7.4\htdocs\master-web\vendor\codeigniter4\framework\system\Database\MySQLi\Connection.php(314): mysqli->query('UPDATE `presma_...')
#1 D:\WEBSITE\xampp-7.4\htdocs\master-web\vendor\codeigniter4\framework\system\Database\BaseConnection.php(713): CodeIgniter\Database\MySQLi\Connection->execute('UPDATE `presma_...')
#2 D:\WEBSITE\xampp-7.4\htdocs\master-web\vendor\codeigniter4\framework\system\Database\BaseConnection.php(641): CodeIgniter\Database\BaseConnection->simpleQuery('UPDATE `presma_...')
#3 D:\WEBSITE\xampp-7.4\htdocs\master-web\vendor\codeigniter4\framework\system\Database\BaseBuilder.php(2468): CodeIgniter\Database\BaseConnection->query('UPDATE `presma_...', Array, false)
#4 D:\WEBSITE\xampp-7.4\htdocs\master-web\modules\MahasiswaPresma\Models\ModelPresmaBidangPkm.php(106): CodeIgniter\Database\BaseBuilder->update(Array)
#5 D:\WEBSITE\xampp-7.4\htdocs\master-web\modules\MahasiswaPresma\Controllers\DataPresmaBidangPkm.php(248): Modules\MahasiswaPresma\Models\ModelPresmaBidangPkm->edit_bidang_pkm_no_image('a1268f2cab3382a...', 'Architecto qui ...', 'architecto-qui-...', 'Gangsar Putra', 'Inventore conse...', '1988-03-09', '1988', '4', '24', '')
#6 D:\WEBSITE\xampp-7.4\htdocs\master-web\vendor\codeigniter4\framework\system\CodeIgniter.php(936): Modules\MahasiswaPresma\Controllers\DataPresmaBidangPkm->presma_bidang_pkm_update()
#7 D:\WEBSITE\xampp-7.4\htdocs\master-web\vendor\codeigniter4\framework\system\CodeIgniter.php(432): CodeIgniter\CodeIgniter->runController(Object(Modules\MahasiswaPresma\Controllers\DataPresmaBidangPkm))
#8 D:\WEBSITE\xampp-7.4\htdocs\master-web\vendor\codeigniter4\framework\system\CodeIgniter.php(333): CodeIgniter\CodeIgniter->handleRequest(NULL, Object(Config\Cache), false)
#9 D:\WEBSITE\xampp-7.4\htdocs\master-web\public\index.php(44): CodeIgniter\CodeIgniter->run()
#10 D:\WEBSITE\xampp-7.4\htdocs\master-web\vendor\codeigniter4\framework\system\Commands\Server\rewrite.php(45): require_once('D:\\WEBSITE\\xamp...')
#11 {main}
CRITICAL - 2021-06-09 09:54:47 --> Trying to access array offset on value of type null
#0 D:\WEBSITE\xampp-7.4\htdocs\master-web\modules\MahasiswaPresma\Views\presma_bidang_pkm_edit.php(56): CodeIgniter\Debug\Exceptions->errorHandler(8, 'Trying to acces...', 'D:\\WEBSITE\\xamp...', 56, Array)
#1 D:\WEBSITE\xampp-7.4\htdocs\master-web\vendor\codeigniter4\framework\system\View\View.php(220): include('D:\\WEBSITE\\xamp...')
#2 D:\WEBSITE\xampp-7.4\htdocs\master-web\vendor\codeigniter4\framework\system\View\View.php(222): CodeIgniter\View\View->CodeIgniter\View\{closure}()
#3 D:\WEBSITE\xampp-7.4\htdocs\master-web\vendor\codeigniter4\framework\system\Common.php(1217): CodeIgniter\View\View->render('Modules\\Mahasis...', Array, true)
#4 D:\WEBSITE\xampp-7.4\htdocs\master-web\modules\MahasiswaPresma\Controllers\DataPresmaBidangPkm.php(163): view('Modules\\Mahasis...', Array)
#5 D:\WEBSITE\xampp-7.4\htdocs\master-web\vendor\codeigniter4\framework\system\CodeIgniter.php(936): Modules\MahasiswaPresma\Controllers\DataPresmaBidangPkm->presma_bidang_pkm_edit('a1268f2cab3382a...')
#6 D:\WEBSITE\xampp-7.4\htdocs\master-web\vendor\codeigniter4\framework\system\CodeIgniter.php(432): CodeIgniter\CodeIgniter->runController(Object(Modules\MahasiswaPresma\Controllers\DataPresmaBidangPkm))
#7 D:\WEBSITE\xampp-7.4\htdocs\master-web\vendor\codeigniter4\framework\system\CodeIgniter.php(333): CodeIgniter\CodeIgniter->handleRequest(NULL, Object(Config\Cache), false)
#8 D:\WEBSITE\xampp-7.4\htdocs\master-web\public\index.php(44): CodeIgniter\CodeIgniter->run()
#9 D:\WEBSITE\xampp-7.4\htdocs\master-web\vendor\codeigniter4\framework\system\Commands\Server\rewrite.php(45): require_once('D:\\WEBSITE\\xamp...')
#10 {main}
CRITICAL - 2021-06-09 09:55:06 --> Trying to access array offset on value of type null
#0 D:\WEBSITE\xampp-7.4\htdocs\master-web\modules\MahasiswaPresma\Views\presma_bidang_pkm_edit.php(56): CodeIgniter\Debug\Exceptions->errorHandler(8, 'Trying to acces...', 'D:\\WEBSITE\\xamp...', 56, Array)
#1 D:\WEBSITE\xampp-7.4\htdocs\master-web\vendor\codeigniter4\framework\system\View\View.php(220): include('D:\\WEBSITE\\xamp...')
#2 D:\WEBSITE\xampp-7.4\htdocs\master-web\vendor\codeigniter4\framework\system\View\View.php(222): CodeIgniter\View\View->CodeIgniter\View\{closure}()
#3 D:\WEBSITE\xampp-7.4\htdocs\master-web\vendor\codeigniter4\framework\system\Common.php(1217): CodeIgniter\View\View->render('Modules\\Mahasis...', Array, true)
#4 D:\WEBSITE\xampp-7.4\htdocs\master-web\modules\MahasiswaPresma\Controllers\DataPresmaBidangPkm.php(163): view('Modules\\Mahasis...', Array)
#5 D:\WEBSITE\xampp-7.4\htdocs\master-web\vendor\codeigniter4\framework\system\CodeIgniter.php(936): Modules\MahasiswaPresma\Controllers\DataPresmaBidangPkm->presma_bidang_pkm_edit('a1268f2cab3382a...')
#6 D:\WEBSITE\xampp-7.4\htdocs\master-web\vendor\codeigniter4\framework\system\CodeIgniter.php(432): CodeIgniter\CodeIgniter->runController(Object(Modules\MahasiswaPresma\Controllers\DataPresmaBidangPkm))
#7 D:\WEBSITE\xampp-7.4\htdocs\master-web\vendor\codeigniter4\framework\system\CodeIgniter.php(333): CodeIgniter\CodeIgniter->handleRequest(NULL, Object(Config\Cache), false)
#8 D:\WEBSITE\xampp-7.4\htdocs\master-web\public\index.php(44): CodeIgniter\CodeIgniter->run()
#9 D:\WEBSITE\xampp-7.4\htdocs\master-web\vendor\codeigniter4\framework\system\Commands\Server\rewrite.php(45): require_once('D:\\WEBSITE\\xamp...')
#10 {main}
CRITICAL - 2021-06-09 09:55:20 --> Too few arguments to function Modules\MahasiswaPresma\Models\ModelPresmaBidangPkm::edit_bidang_pkm_image(), 11 passed in D:\WEBSITE\xampp-7.4\htdocs\master-web\modules\MahasiswaPresma\Controllers\DataPresmaBidangPkm.php on line 258 and exactly 12 expected
#0 D:\WEBSITE\xampp-7.4\htdocs\master-web\modules\MahasiswaPresma\Controllers\DataPresmaBidangPkm.php(258): Modules\MahasiswaPresma\Models\ModelPresmaBidangPkm->edit_bidang_pkm_image('8b79f2a38c19336...', 'Architecto qui ...', 'architecto-qui-...', 'Gangsar Putra', 'Inventore conse...', '1988-03-09', '1988', '4', '24', '', '1623207320_ebf7...')
#1 D:\WEBSITE\xampp-7.4\htdocs\master-web\vendor\codeigniter4\framework\system\CodeIgniter.php(936): Modules\MahasiswaPresma\Controllers\DataPresmaBidangPkm->presma_bidang_pkm_update()
#2 D:\WEBSITE\xampp-7.4\htdocs\master-web\vendor\codeigniter4\framework\system\CodeIgniter.php(432): CodeIgniter\CodeIgniter->runController(Object(Modules\MahasiswaPresma\Controllers\DataPresmaBidangPkm))
#3 D:\WEBSITE\xampp-7.4\htdocs\master-web\vendor\codeigniter4\framework\system\CodeIgniter.php(333): CodeIgniter\CodeIgniter->handleRequest(NULL, Object(Config\Cache), false)
#4 D:\WEBSITE\xampp-7.4\htdocs\master-web\public\index.php(44): CodeIgniter\CodeIgniter->run()
#5 D:\WEBSITE\xampp-7.4\htdocs\master-web\vendor\codeigniter4\framework\system\Commands\Server\rewrite.php(45): require_once('D:\\WEBSITE\\xamp...')
#6 {main}
CRITICAL - 2021-06-09 10:57:27 --> Trying to access array offset on value of type null
#0 D:\WEBSITE\xampp-7.4\htdocs\master-web\modules\AdminUsers\Views\profile_mahasiswa.php(68): CodeIgniter\Debug\Exceptions->errorHandler(8, 'Trying to acces...', 'D:\\WEBSITE\\xamp...', 68, Array)
#1 D:\WEBSITE\xampp-7.4\htdocs\master-web\vendor\codeigniter4\framework\system\View\View.php(220): include('D:\\WEBSITE\\xamp...')
#2 D:\WEBSITE\xampp-7.4\htdocs\master-web\vendor\codeigniter4\framework\system\View\View.php(222): CodeIgniter\View\View->CodeIgniter\View\{closure}()
#3 D:\WEBSITE\xampp-7.4\htdocs\master-web\vendor\codeigniter4\framework\system\Common.php(1217): CodeIgniter\View\View->render('Modules\\AdminUs...', Array, true)
#4 D:\WEBSITE\xampp-7.4\htdocs\master-web\modules\AdminUsers\Controllers\DataUsers.php(84): view('Modules\\AdminUs...', Array)
#5 D:\WEBSITE\xampp-7.4\htdocs\master-web\vendor\codeigniter4\framework\system\CodeIgniter.php(936): Modules\AdminUsers\Controllers\DataUsers->profile_mahasiswa('888740101150072')
#6 D:\WEBSITE\xampp-7.4\htdocs\master-web\vendor\codeigniter4\framework\system\CodeIgniter.php(432): CodeIgniter\CodeIgniter->runController(Object(Modules\AdminUsers\Controllers\DataUsers))
#7 D:\WEBSITE\xampp-7.4\htdocs\master-web\vendor\codeigniter4\framework\system\CodeIgniter.php(333): CodeIgniter\CodeIgniter->handleRequest(NULL, Object(Config\Cache), false)
#8 D:\WEBSITE\xampp-7.4\htdocs\master-web\public\index.php(44): CodeIgniter\CodeIgniter->run()
#9 D:\WEBSITE\xampp-7.4\htdocs\master-web\vendor\codeigniter4\framework\system\Commands\Server\rewrite.php(45): require_once('D:\\WEBSITE\\xamp...')
#10 {main}
CRITICAL - 2021-06-09 10:59:58 --> Trying to access array offset on value of type null
#0 D:\WEBSITE\xampp-7.4\htdocs\master-web\modules\AdminUsers\Views\profile_mahasiswa.php(68): CodeIgniter\Debug\Exceptions->errorHandler(8, 'Trying to acces...', 'D:\\WEBSITE\\xamp...', 68, Array)
#1 D:\WEBSITE\xampp-7.4\htdocs\master-web\vendor\codeigniter4\framework\system\View\View.php(220): include('D:\\WEBSITE\\xamp...')
#2 D:\WEBSITE\xampp-7.4\htdocs\master-web\vendor\codeigniter4\framework\system\View\View.php(222): CodeIgniter\View\View->CodeIgniter\View\{closure}()
#3 D:\WEBSITE\xampp-7.4\htdocs\master-web\vendor\codeigniter4\framework\system\Common.php(1217): CodeIgniter\View\View->render('Modules\\AdminUs...', Array, true)
#4 D:\WEBSITE\xampp-7.4\htdocs\master-web\modules\AdminUsers\Controllers\DataUsers.php(84): view('Modules\\AdminUs...', Array)
#5 D:\WEBSITE\xampp-7.4\htdocs\master-web\vendor\codeigniter4\framework\system\CodeIgniter.php(936): Modules\AdminUsers\Controllers\DataUsers->profile_mahasiswa('888740101150072')
#6 D:\WEBSITE\xampp-7.4\htdocs\master-web\vendor\codeigniter4\framework\system\CodeIgniter.php(432): CodeIgniter\CodeIgniter->runController(Object(Modules\AdminUsers\Controllers\DataUsers))
#7 D:\WEBSITE\xampp-7.4\htdocs\master-web\vendor\codeigniter4\framework\system\CodeIgniter.php(333): CodeIgniter\CodeIgniter->handleRequest(NULL, Object(Config\Cache), false)
#8 D:\WEBSITE\xampp-7.4\htdocs\master-web\public\index.php(44): CodeIgniter\CodeIgniter->run()
#9 D:\WEBSITE\xampp-7.4\htdocs\master-web\vendor\codeigniter4\framework\system\Commands\Server\rewrite.php(45): require_once('D:\\WEBSITE\\xamp...')
#10 {main}
CRITICAL - 2021-06-09 11:02:06 --> Trying to access array offset on value of type null
#0 D:\WEBSITE\xampp-7.4\htdocs\master-web\modules\AdminUsers\Views\profile_mahasiswa.php(68): CodeIgniter\Debug\Exceptions->errorHandler(8, 'Trying to acces...', 'D:\\WEBSITE\\xamp...', 68, Array)
#1 D:\WEBSITE\xampp-7.4\htdocs\master-web\vendor\codeigniter4\framework\system\View\View.php(220): include('D:\\WEBSITE\\xamp...')
#2 D:\WEBSITE\xampp-7.4\htdocs\master-web\vendor\codeigniter4\framework\system\View\View.php(222): CodeIgniter\View\View->CodeIgniter\View\{closure}()
#3 D:\WEBSITE\xampp-7.4\htdocs\master-web\vendor\codeigniter4\framework\system\Common.php(1217): CodeIgniter\View\View->render('Modules\\AdminUs...', Array, true)
#4 D:\WEBSITE\xampp-7.4\htdocs\master-web\modules\AdminUsers\Controllers\DataUsers.php(84): view('Modules\\AdminUs...', Array)
#5 D:\WEBSITE\xampp-7.4\htdocs\master-web\vendor\codeigniter4\framework\system\CodeIgniter.php(936): Modules\AdminUsers\Controllers\DataUsers->profile_mahasiswa('888740101150072')
#6 D:\WEBSITE\xampp-7.4\htdocs\master-web\vendor\codeigniter4\framework\system\CodeIgniter.php(432): CodeIgniter\CodeIgniter->runController(Object(Modules\AdminUsers\Controllers\DataUsers))
#7 D:\WEBSITE\xampp-7.4\htdocs\master-web\vendor\codeigniter4\framework\system\CodeIgniter.php(333): CodeIgniter\CodeIgniter->handleRequest(NULL, Object(Config\Cache), false)
#8 D:\WEBSITE\xampp-7.4\htdocs\master-web\public\index.php(44): CodeIgniter\CodeIgniter->run()
#9 D:\WEBSITE\xampp-7.4\htdocs\master-web\vendor\codeigniter4\framework\system\Commands\Server\rewrite.php(45): require_once('D:\\WEBSITE\\xamp...')
#10 {main}
CRITICAL - 2021-06-09 11:03:35 --> Trying to access array offset on value of type null
#0 D:\WEBSITE\xampp-7.4\htdocs\master-web\modules\AdminUsers\Views\profile_mahasiswa.php(68): CodeIgniter\Debug\Exceptions->errorHandler(8, 'Trying to acces...', 'D:\\WEBSITE\\xamp...', 68, Array)
#1 D:\WEBSITE\xampp-7.4\htdocs\master-web\vendor\codeigniter4\framework\system\View\View.php(220): include('D:\\WEBSITE\\xamp...')
#2 D:\WEBSITE\xampp-7.4\htdocs\master-web\vendor\codeigniter4\framework\system\View\View.php(222): CodeIgniter\View\View->CodeIgniter\View\{closure}()
#3 D:\WEBSITE\xampp-7.4\htdocs\master-web\vendor\codeigniter4\framework\system\Common.php(1217): CodeIgniter\View\View->render('Modules\\AdminUs...', Array, true)
#4 D:\WEBSITE\xampp-7.4\htdocs\master-web\modules\AdminUsers\Controllers\DataUsers.php(84): view('Modules\\AdminUs...', Array)
#5 D:\WEBSITE\xampp-7.4\htdocs\master-web\vendor\codeigniter4\framework\system\CodeIgniter.php(936): Modules\AdminUsers\Controllers\DataUsers->profile_mahasiswa('888740101150072')
#6 D:\WEBSITE\xampp-7.4\htdocs\master-web\vendor\codeigniter4\framework\system\CodeIgniter.php(432): CodeIgniter\CodeIgniter->runController(Object(Modules\AdminUsers\Controllers\DataUsers))
#7 D:\WEBSITE\xampp-7.4\htdocs\master-web\vendor\codeigniter4\framework\system\CodeIgniter.php(333): CodeIgniter\CodeIgniter->handleRequest(NULL, Object(Config\Cache), false)
#8 D:\WEBSITE\xampp-7.4\htdocs\master-web\public\index.php(44): CodeIgniter\CodeIgniter->run()
#9 D:\WEBSITE\xampp-7.4\htdocs\master-web\vendor\codeigniter4\framework\system\Commands\Server\rewrite.php(45): require_once('D:\\WEBSITE\\xamp...')
#10 {main}
ERROR - 2021-06-09 11:04:21 --> mysqli_sql_exception: Duplicate entry 'e1304h@gmail.com' for key 'email' in D:\WEBSITE\xampp-7.4\htdocs\master-web\vendor\codeigniter4\framework\system\Database\MySQLi\Connection.php:314
Stack trace:
#0 D:\WEBSITE\xampp-7.4\htdocs\master-web\vendor\codeigniter4\framework\system\Database\MySQLi\Connection.php(314): mysqli->query('UPDATE `users` ...')
#1 D:\WEBSITE\xampp-7.4\htdocs\master-web\vendor\codeigniter4\framework\system\Database\BaseConnection.php(713): CodeIgniter\Database\MySQLi\Connection->execute('UPDATE `users` ...')
#2 D:\WEBSITE\xampp-7.4\htdocs\master-web\vendor\codeigniter4\framework\system\Database\BaseConnection.php(641): CodeIgniter\Database\BaseConnection->simpleQuery('UPDATE `users` ...')
#3 D:\WEBSITE\xampp-7.4\htdocs\master-web\vendor\codeigniter4\framework\system\Database\BaseBuilder.php(2468): CodeIgniter\Database\BaseConnection->query('UPDATE `users` ...', Array, false)
#4 D:\WEBSITE\xampp-7.4\htdocs\master-web\modules\AdminUsers\Models\ModelUsers.php(258): CodeIgniter\Database\BaseBuilder->update(Array)
#5 D:\WEBSITE\xampp-7.4\htdocs\master-web\modules\AdminUsers\Controllers\DataUsers.php(398): Modules\AdminUsers\Models\ModelUsers->edit_users_no_image('85f0ccbe23ba2c9...', 'ekoharyono958', 'Eko Haryono oo', 'e1304h@gmail.co...')
#6 D:\WEBSITE\xampp-7.4\htdocs\master-web\vendor\codeigniter4\framework\system\CodeIgniter.php(936): Modules\AdminUsers\Controllers\DataUsers->edit_profile_mahasiswa()
#7 D:\WEBSITE\xampp-7.4\htdocs\master-web\vendor\codeigniter4\framework\system\CodeIgniter.php(432): CodeIgniter\CodeIgniter->runController(Object(Modules\AdminUsers\Controllers\DataUsers))
#8 D:\WEBSITE\xampp-7.4\htdocs\master-web\vendor\codeigniter4\framework\system\CodeIgniter.php(333): CodeIgniter\CodeIgniter->handleRequest(NULL, Object(Config\Cache), false)
#9 D:\WEBSITE\xampp-7.4\htdocs\master-web\public\index.php(44): CodeIgniter\CodeIgniter->run()
#10 D:\WEBSITE\xampp-7.4\htdocs\master-web\vendor\codeigniter4\framework\system\Commands\Server\rewrite.php(45): require_once('D:\\WEBSITE\\xamp...')
#11 {main}
CRITICAL - 2021-06-09 11:04:21 --> Duplicate entry 'e1304h@gmail.com' for key 'email'
#0 D:\WEBSITE\xampp-7.4\htdocs\master-web\vendor\codeigniter4\framework\system\Database\MySQLi\Connection.php(314): mysqli->query('UPDATE `users` ...')
#1 D:\WEBSITE\xampp-7.4\htdocs\master-web\vendor\codeigniter4\framework\system\Database\BaseConnection.php(713): CodeIgniter\Database\MySQLi\Connection->execute('UPDATE `users` ...')
#2 D:\WEBSITE\xampp-7.4\htdocs\master-web\vendor\codeigniter4\framework\system\Database\BaseConnection.php(641): CodeIgniter\Database\BaseConnection->simpleQuery('UPDATE `users` ...')
#3 D:\WEBSITE\xampp-7.4\htdocs\master-web\vendor\codeigniter4\framework\system\Database\BaseBuilder.php(2468): CodeIgniter\Database\BaseConnection->query('UPDATE `users` ...', Array, false)
#4 D:\WEBSITE\xampp-7.4\htdocs\master-web\modules\AdminUsers\Models\ModelUsers.php(258): CodeIgniter\Database\BaseBuilder->update(Array)
#5 D:\WEBSITE\xampp-7.4\htdocs\master-web\modules\AdminUsers\Controllers\DataUsers.php(398): Modules\AdminUsers\Models\ModelUsers->edit_users_no_image('85f0ccbe23ba2c9...', 'ekoharyono958', 'Eko Haryono oo', 'e1304h@gmail.co...')
#6 D:\WEBSITE\xampp-7.4\htdocs\master-web\vendor\codeigniter4\framework\system\CodeIgniter.php(936): Modules\AdminUsers\Controllers\DataUsers->edit_profile_mahasiswa()
#7 D:\WEBSITE\xampp-7.4\htdocs\master-web\vendor\codeigniter4\framework\system\CodeIgniter.php(432): CodeIgniter\CodeIgniter->runController(Object(Modules\AdminUsers\Controllers\DataUsers))
#8 D:\WEBSITE\xampp-7.4\htdocs\master-web\vendor\codeigniter4\framework\system\CodeIgniter.php(333): CodeIgniter\CodeIgniter->handleRequest(NULL, Object(Config\Cache), false)
#9 D:\WEBSITE\xampp-7.4\htdocs\master-web\public\index.php(44): CodeIgniter\CodeIgniter->run()
#10 D:\WEBSITE\xampp-7.4\htdocs\master-web\vendor\codeigniter4\framework\system\Commands\Server\rewrite.php(45): require_once('D:\\WEBSITE\\xamp...')
#11 {main}
ERROR - 2021-06-09 11:05:47 --> mysqli_sql_exception: Unknown column 'id_rand' in 'where clause' in D:\WEBSITE\xampp-7.4\htdocs\master-web\vendor\codeigniter4\framework\system\Database\MySQLi\Connection.php:314
Stack trace:
#0 D:\WEBSITE\xampp-7.4\htdocs\master-web\vendor\codeigniter4\framework\system\Database\MySQLi\Connection.php(314): mysqli->query('SELECT 1\nFROM `...')
#1 D:\WEBSITE\xampp-7.4\htdocs\master-web\vendor\codeigniter4\framework\system\Database\BaseConnection.php(713): CodeIgniter\Database\MySQLi\Connection->execute('SELECT 1\nFROM `...')
#2 D:\WEBSITE\xampp-7.4\htdocs\master-web\vendor\codeigniter4\framework\system\Database\BaseConnection.php(641): CodeIgniter\Database\BaseConnection->simpleQuery('SELECT 1\nFROM `...')
#3 D:\WEBSITE\xampp-7.4\htdocs\master-web\vendor\codeigniter4\framework\system\Database\BaseBuilder.php(1866): CodeIgniter\Database\BaseConnection->query('SELECT 1\nFROM `...', Array, false)
#4 D:\WEBSITE\xampp-7.4\htdocs\master-web\vendor\codeigniter4\framework\system\Validation\Rules.php(212): CodeIgniter\Database\BaseBuilder->get()
#5 D:\WEBSITE\xampp-7.4\htdocs\master-web\vendor\codeigniter4\framework\system\Validation\Validation.php(306): CodeIgniter\Validation\Rules->is_unique('e1304h@gmail.co...', 'email', Array, NULL)
#6 D:\WEBSITE\xampp-7.4\htdocs\master-web\vendor\codeigniter4\framework\system\Validation\Validation.php(164): CodeIgniter\Validation\Validation->processRules('email', 'email', 'e1304h@gmail.co...', Array, Array)
#7 D:\WEBSITE\xampp-7.4\htdocs\master-web\vendor\codeigniter4\framework\system\Controller.php(181): CodeIgniter\Validation\Validation->run()
#8 D:\WEBSITE\xampp-7.4\htdocs\master-web\modules\AdminUsers\Controllers\DataUsers.php(372): CodeIgniter\Controller->validate(Array)
#9 D:\WEBSITE\xampp-7.4\htdocs\master-web\vendor\codeigniter4\framework\system\CodeIgniter.php(936): Modules\AdminUsers\Controllers\DataUsers->edit_profile_mahasiswa()
#10 D:\WEBSITE\xampp-7.4\htdocs\master-web\vendor\codeigniter4\framework\system\CodeIgniter.php(432): CodeIgniter\CodeIgniter->runController(Object(Modules\AdminUsers\Controllers\DataUsers))
#11 D:\WEBSITE\xampp-7.4\htdocs\master-web\vendor\codeigniter4\framework\system\CodeIgniter.php(333): CodeIgniter\CodeIgniter->handleRequest(NULL, Object(Config\Cache), false)
#12 D:\WEBSITE\xampp-7.4\htdocs\master-web\public\index.php(44): CodeIgniter\CodeIgniter->run()
#13 D:\WEBSITE\xampp-7.4\htdocs\master-web\vendor\codeigniter4\framework\system\Commands\Server\rewrite.php(45): require_once('D:\\WEBSITE\\xamp...')
#14 {main}
CRITICAL - 2021-06-09 11:05:47 --> Unknown column 'id_rand' in 'where clause'
#0 D:\WEBSITE\xampp-7.4\htdocs\master-web\vendor\codeigniter4\framework\system\Database\MySQLi\Connection.php(314): mysqli->query('SELECT 1\nFROM `...')
#1 D:\WEBSITE\xampp-7.4\htdocs\master-web\vendor\codeigniter4\framework\system\Database\BaseConnection.php(713): CodeIgniter\Database\MySQLi\Connection->execute('SELECT 1\nFROM `...')
#2 D:\WEBSITE\xampp-7.4\htdocs\master-web\vendor\codeigniter4\framework\system\Database\BaseConnection.php(641): CodeIgniter\Database\BaseConnection->simpleQuery('SELECT 1\nFROM `...')
#3 D:\WEBSITE\xampp-7.4\htdocs\master-web\vendor\codeigniter4\framework\system\Database\BaseBuilder.php(1866): CodeIgniter\Database\BaseConnection->query('SELECT 1\nFROM `...', Array, false)
#4 D:\WEBSITE\xampp-7.4\htdocs\master-web\vendor\codeigniter4\framework\system\Validation\Rules.php(212): CodeIgniter\Database\BaseBuilder->get()
#5 D:\WEBSITE\xampp-7.4\htdocs\master-web\vendor\codeigniter4\framework\system\Validation\Validation.php(306): CodeIgniter\Validation\Rules->is_unique('e1304h@gmail.co...', 'email', Array, NULL)
#6 D:\WEBSITE\xampp-7.4\htdocs\master-web\vendor\codeigniter4\framework\system\Validation\Validation.php(164): CodeIgniter\Validation\Validation->processRules('email', 'email', 'e1304h@gmail.co...', Array, Array)
#7 D:\WEBSITE\xampp-7.4\htdocs\master-web\vendor\codeigniter4\framework\system\Controller.php(181): CodeIgniter\Validation\Validation->run()
#8 D:\WEBSITE\xampp-7.4\htdocs\master-web\modules\AdminUsers\Controllers\DataUsers.php(372): CodeIgniter\Controller->validate(Array)
#9 D:\WEBSITE\xampp-7.4\htdocs\master-web\vendor\codeigniter4\framework\system\CodeIgniter.php(936): Modules\AdminUsers\Controllers\DataUsers->edit_profile_mahasiswa()
#10 D:\WEBSITE\xampp-7.4\htdocs\master-web\vendor\codeigniter4\framework\system\CodeIgniter.php(432): CodeIgniter\CodeIgniter->runController(Object(Modules\AdminUsers\Controllers\DataUsers))
#11 D:\WEBSITE\xampp-7.4\htdocs\master-web\vendor\codeigniter4\framework\system\CodeIgniter.php(333): CodeIgniter\CodeIgniter->handleRequest(NULL, Object(Config\Cache), false)
#12 D:\WEBSITE\xampp-7.4\htdocs\master-web\public\index.php(44): CodeIgniter\CodeIgniter->run()
#13 D:\WEBSITE\xampp-7.4\htdocs\master-web\vendor\codeigniter4\framework\system\Commands\Server\rewrite.php(45): require_once('D:\\WEBSITE\\xamp...')
#14 {main}
CRITICAL - 2021-06-09 14:19:36 --> You must set the database table to be used with your query.
#0 D:\WEBSITE\xampp-7.4\htdocs\master-web\vendor\codeigniter4\framework\system\Model.php(615): CodeIgniter\Database\BaseConnection->table(NULL)
#1 D:\WEBSITE\xampp-7.4\htdocs\master-web\vendor\codeigniter4\framework\system\Model.php(834): CodeIgniter\Model->builder()
#2 D:\WEBSITE\xampp-7.4\htdocs\master-web\modules\AdminPresma\Models\ModelVerifikasiKompetisiIndividu.php(21): CodeIgniter\Model->__call('select', Array)
#3 D:\WEBSITE\xampp-7.4\htdocs\master-web\modules\AdminPresma\Controllers\VerifikasiKompetisiIndividu.php(24): Modules\AdminPresma\Models\ModelVerifikasiKompetisiIndividu->get_verifikasi()
#4 D:\WEBSITE\xampp-7.4\htdocs\master-web\vendor\codeigniter4\framework\system\CodeIgniter.php(936): Modules\AdminPresma\Controllers\VerifikasiKompetisiIndividu->verifikasi()
#5 D:\WEBSITE\xampp-7.4\htdocs\master-web\vendor\codeigniter4\framework\system\CodeIgniter.php(432): CodeIgniter\CodeIgniter->runController(Object(Modules\AdminPresma\Controllers\VerifikasiKompetisiIndividu))
#6 D:\WEBSITE\xampp-7.4\htdocs\master-web\vendor\codeigniter4\framework\system\CodeIgniter.php(333): CodeIgniter\CodeIgniter->handleRequest(NULL, Object(Config\Cache), false)
#7 D:\WEBSITE\xampp-7.4\htdocs\master-web\public\index.php(44): CodeIgniter\CodeIgniter->run()
#8 D:\WEBSITE\xampp-7.4\htdocs\master-web\vendor\codeigniter4\framework\system\Commands\Server\rewrite.php(45): require_once('D:\\WEBSITE\\xamp...')
#9 {main}
CRITICAL - 2021-06-09 14:23:53 --> Trying to access array offset on value of type null
#0 D:\WEBSITE\xampp-7.4\htdocs\master-web\modules\FrontEndPresma\Views\presma_detail_kejuaraan_individu.php(14): CodeIgniter\Debug\Exceptions->errorHandler(8, 'Trying to acces...', 'D:\\WEBSITE\\xamp...', 14, Array)
#1 D:\WEBSITE\xampp-7.4\htdocs\master-web\vendor\codeigniter4\framework\system\View\View.php(220): include('D:\\WEBSITE\\xamp...')
#2 D:\WEBSITE\xampp-7.4\htdocs\master-web\vendor\codeigniter4\framework\system\View\View.php(222): CodeIgniter\View\View->CodeIgniter\View\{closure}()
#3 D:\WEBSITE\xampp-7.4\htdocs\master-web\vendor\codeigniter4\framework\system\Common.php(1217): CodeIgniter\View\View->render('Modules\\FrontEn...', Array, true)
#4 D:\WEBSITE\xampp-7.4\htdocs\master-web\modules\FrontEndPresma\Controllers\PresmaKejuaraanIndividu.php(70): view('Modules\\FrontEn...', Array)
#5 D:\WEBSITE\xampp-7.4\htdocs\master-web\vendor\codeigniter4\framework\system\CodeIgniter.php(936): Modules\FrontEndPresma\Controllers\PresmaKejuaraanIndividu->detail('39b48f1d996fab1...')
#6 D:\WEBSITE\xampp-7.4\htdocs\master-web\vendor\codeigniter4\framework\system\CodeIgniter.php(432): CodeIgniter\CodeIgniter->runController(Object(Modules\FrontEndPresma\Controllers\PresmaKejuaraanIndividu))
#7 D:\WEBSITE\xampp-7.4\htdocs\master-web\vendor\codeigniter4\framework\system\CodeIgniter.php(333): CodeIgniter\CodeIgniter->handleRequest(NULL, Object(Config\Cache), false)
#8 D:\WEBSITE\xampp-7.4\htdocs\master-web\public\index.php(44): CodeIgniter\CodeIgniter->run()
#9 D:\WEBSITE\xampp-7.4\htdocs\master-web\vendor\codeigniter4\framework\system\Commands\Server\rewrite.php(45): require_once('D:\\WEBSITE\\xamp...')
#10 {main}
CRITICAL - 2021-06-09 14:29:47 --> You must set the database table to be used with your query.
#0 D:\WEBSITE\xampp-7.4\htdocs\master-web\vendor\codeigniter4\framework\system\Model.php(615): CodeIgniter\Database\BaseConnection->table(NULL)
#1 D:\WEBSITE\xampp-7.4\htdocs\master-web\vendor\codeigniter4\framework\system\Model.php(834): CodeIgniter\Model->builder()
#2 D:\WEBSITE\xampp-7.4\htdocs\master-web\modules\AdminPresma\Models\ModelVerifikasiKompetisiIndividu.php(35): CodeIgniter\Model->__call('select', Array)
#3 D:\WEBSITE\xampp-7.4\htdocs\master-web\modules\AdminPresma\Controllers\VerifikasiKompetisiIndividu.php(40): Modules\AdminPresma\Models\ModelVerifikasiKompetisiIndividu->get_verifikasi_detail('39b48f1d996fab1...')
#4 D:\WEBSITE\xampp-7.4\htdocs\master-web\vendor\codeigniter4\framework\system\CodeIgniter.php(936): Modules\AdminPresma\Controllers\VerifikasiKompetisiIndividu->detail('39b48f1d996fab1...')
#5 D:\WEBSITE\xampp-7.4\htdocs\master-web\vendor\codeigniter4\framework\system\CodeIgniter.php(432): CodeIgniter\CodeIgniter->runController(Object(Modules\AdminPresma\Controllers\VerifikasiKompetisiIndividu))
#6 D:\WEBSITE\xampp-7.4\htdocs\master-web\vendor\codeigniter4\framework\system\CodeIgniter.php(333): CodeIgniter\CodeIgniter->handleRequest(NULL, Object(Config\Cache), false)
#7 D:\WEBSITE\xampp-7.4\htdocs\master-web\public\index.php(44): CodeIgniter\CodeIgniter->run()
#8 D:\WEBSITE\xampp-7.4\htdocs\master-web\vendor\codeigniter4\framework\system\Commands\Server\rewrite.php(45): require_once('D:\\WEBSITE\\xamp...')
#9 {main}
CRITICAL - 2021-06-09 14:33:09 --> Undefined variable: presma
#0 D:\WEBSITE\xampp-7.4\htdocs\master-web\modules\AdminPresma\Views\detail_verifikasi_kompetisi_individu.php(67): CodeIgniter\Debug\Exceptions->errorHandler(8, 'Undefined varia...', 'D:\\WEBSITE\\xamp...', 67, Array)
#1 D:\WEBSITE\xampp-7.4\htdocs\master-web\vendor\codeigniter4\framework\system\View\View.php(220): include('D:\\WEBSITE\\xamp...')
#2 D:\WEBSITE\xampp-7.4\htdocs\master-web\vendor\codeigniter4\framework\system\View\View.php(222): CodeIgniter\View\View->CodeIgniter\View\{closure}()
#3 D:\WEBSITE\xampp-7.4\htdocs\master-web\vendor\codeigniter4\framework\system\Common.php(1217): CodeIgniter\View\View->render('Modules\\AdminPr...', Array, true)
#4 D:\WEBSITE\xampp-7.4\htdocs\master-web\modules\AdminPresma\Controllers\VerifikasiKompetisiIndividu.php(50): view('Modules\\AdminPr...', Array)
#5 D:\WEBSITE\xampp-7.4\htdocs\master-web\vendor\codeigniter4\framework\system\CodeIgniter.php(936): Modules\AdminPresma\Controllers\VerifikasiKompetisiIndividu->detail('39b48f1d996fab1...')
#6 D:\WEBSITE\xampp-7.4\htdocs\master-web\vendor\codeigniter4\framework\system\CodeIgniter.php(432): CodeIgniter\CodeIgniter->runController(Object(Modules\AdminPresma\Controllers\VerifikasiKompetisiIndividu))
#7 D:\WEBSITE\xampp-7.4\htdocs\master-web\vendor\codeigniter4\framework\system\CodeIgniter.php(333): CodeIgniter\CodeIgniter->handleRequest(NULL, Object(Config\Cache), false)
#8 D:\WEBSITE\xampp-7.4\htdocs\master-web\public\index.php(44): CodeIgniter\CodeIgniter->run()
#9 D:\WEBSITE\xampp-7.4\htdocs\master-web\vendor\codeigniter4\framework\system\Commands\Server\rewrite.php(45): require_once('D:\\WEBSITE\\xamp...')
#10 {main}
CRITICAL - 2021-06-09 14:33:21 --> Trying to access array offset on value of type null
#0 D:\WEBSITE\xampp-7.4\htdocs\master-web\modules\AdminPresma\Views\detail_verifikasi_kompetisi_individu.php(67): CodeIgniter\Debug\Exceptions->errorHandler(8, 'Trying to acces...', 'D:\\WEBSITE\\xamp...', 67, Array)
#1 D:\WEBSITE\xampp-7.4\htdocs\master-web\vendor\codeigniter4\framework\system\View\View.php(220): include('D:\\WEBSITE\\xamp...')
#2 D:\WEBSITE\xampp-7.4\htdocs\master-web\vendor\codeigniter4\framework\system\View\View.php(222): CodeIgniter\View\View->CodeIgniter\View\{closure}()
#3 D:\WEBSITE\xampp-7.4\htdocs\master-web\vendor\codeigniter4\framework\system\Common.php(1217): CodeIgniter\View\View->render('Modules\\AdminPr...', Array, true)
#4 D:\WEBSITE\xampp-7.4\htdocs\master-web\modules\AdminPresma\Controllers\VerifikasiKompetisiIndividu.php(50): view('Modules\\AdminPr...', Array)
#5 D:\WEBSITE\xampp-7.4\htdocs\master-web\vendor\codeigniter4\framework\system\CodeIgniter.php(936): Modules\AdminPresma\Controllers\VerifikasiKompetisiIndividu->detail('39b48f1d996fab1...')
#6 D:\WEBSITE\xampp-7.4\htdocs\master-web\vendor\codeigniter4\framework\system\CodeIgniter.php(432): CodeIgniter\CodeIgniter->runController(Object(Modules\AdminPresma\Controllers\VerifikasiKompetisiIndividu))
#7 D:\WEBSITE\xampp-7.4\htdocs\master-web\vendor\codeigniter4\framework\system\CodeIgniter.php(333): CodeIgniter\CodeIgniter->handleRequest(NULL, Object(Config\Cache), false)
#8 D:\WEBSITE\xampp-7.4\htdocs\master-web\public\index.php(44): CodeIgniter\CodeIgniter->run()
#9 D:\WEBSITE\xampp-7.4\htdocs\master-web\vendor\codeigniter4\framework\system\Commands\Server\rewrite.php(45): require_once('D:\\WEBSITE\\xamp...')
#10 {main}
CRITICAL - 2021-06-09 14:34:22 --> Trying to access array offset on value of type null
#0 D:\WEBSITE\xampp-7.4\htdocs\master-web\modules\AdminPresma\Views\detail_verifikasi_kompetisi_individu.php(74): CodeIgniter\Debug\Exceptions->errorHandler(8, 'Trying to acces...', 'D:\\WEBSITE\\xamp...', 74, Array)
#1 D:\WEBSITE\xampp-7.4\htdocs\master-web\vendor\codeigniter4\framework\system\View\View.php(220): include('D:\\WEBSITE\\xamp...')
#2 D:\WEBSITE\xampp-7.4\htdocs\master-web\vendor\codeigniter4\framework\system\View\View.php(222): CodeIgniter\View\View->CodeIgniter\View\{closure}()
#3 D:\WEBSITE\xampp-7.4\htdocs\master-web\vendor\codeigniter4\framework\system\Common.php(1217): CodeIgniter\View\View->render('Modules\\AdminPr...', Array, true)
#4 D:\WEBSITE\xampp-7.4\htdocs\master-web\modules\AdminPresma\Controllers\VerifikasiKompetisiIndividu.php(50): view('Modules\\AdminPr...', Array)
#5 D:\WEBSITE\xampp-7.4\htdocs\master-web\vendor\codeigniter4\framework\system\CodeIgniter.php(936): Modules\AdminPresma\Controllers\VerifikasiKompetisiIndividu->detail('39b48f1d996fab1...')
#6 D:\WEBSITE\xampp-7.4\htdocs\master-web\vendor\codeigniter4\framework\system\CodeIgniter.php(432): CodeIgniter\CodeIgniter->runController(Object(Modules\AdminPresma\Controllers\VerifikasiKompetisiIndividu))
#7 D:\WEBSITE\xampp-7.4\htdocs\master-web\vendor\codeigniter4\framework\system\CodeIgniter.php(333): CodeIgniter\CodeIgniter->handleRequest(NULL, Object(Config\Cache), false)
#8 D:\WEBSITE\xampp-7.4\htdocs\master-web\public\index.php(44): CodeIgniter\CodeIgniter->run()
#9 D:\WEBSITE\xampp-7.4\htdocs\master-web\vendor\codeigniter4\framework\system\Commands\Server\rewrite.php(45): require_once('D:\\WEBSITE\\xamp...')
#10 {main}
CRITICAL - 2021-06-09 14:34:59 --> Trying to access array offset on value of type null
#0 D:\WEBSITE\xampp-7.4\htdocs\master-web\modules\AdminPresma\Views\detail_verifikasi_kompetisi_individu.php(67): CodeIgniter\Debug\Exceptions->errorHandler(8, 'Trying to acces...', 'D:\\WEBSITE\\xamp...', 67, Array)
#1 D:\WEBSITE\xampp-7.4\htdocs\master-web\vendor\codeigniter4\framework\system\View\View.php(220): include('D:\\WEBSITE\\xamp...')
#2 D:\WEBSITE\xampp-7.4\htdocs\master-web\vendor\codeigniter4\framework\system\View\View.php(222): CodeIgniter\View\View->CodeIgniter\View\{closure}()
#3 D:\WEBSITE\xampp-7.4\htdocs\master-web\vendor\codeigniter4\framework\system\Common.php(1217): CodeIgniter\View\View->render('Modules\\AdminPr...', Array, true)
#4 D:\WEBSITE\xampp-7.4\htdocs\master-web\modules\AdminPresma\Controllers\VerifikasiKompetisiIndividu.php(50): view('Modules\\AdminPr...', Array)
#5 D:\WEBSITE\xampp-7.4\htdocs\master-web\vendor\codeigniter4\framework\system\CodeIgniter.php(936): Modules\AdminPresma\Controllers\VerifikasiKompetisiIndividu->detail('39b48f1d996fab1...')
#6 D:\WEBSITE\xampp-7.4\htdocs\master-web\vendor\codeigniter4\framework\system\CodeIgniter.php(432): CodeIgniter\CodeIgniter->runController(Object(Modules\AdminPresma\Controllers\VerifikasiKompetisiIndividu))
#7 D:\WEBSITE\xampp-7.4\htdocs\master-web\vendor\codeigniter4\framework\system\CodeIgniter.php(333): CodeIgniter\CodeIgniter->handleRequest(NULL, Object(Config\Cache), false)
#8 D:\WEBSITE\xampp-7.4\htdocs\master-web\public\index.php(44): CodeIgniter\CodeIgniter->run()
#9 D:\WEBSITE\xampp-7.4\htdocs\master-web\vendor\codeigniter4\framework\system\Commands\Server\rewrite.php(45): require_once('D:\\WEBSITE\\xamp...')
#10 {main}
CRITICAL - 2021-06-09 14:35:57 --> Trying to access array offset on value of type null
#0 D:\WEBSITE\xampp-7.4\htdocs\master-web\modules\AdminPresma\Views\detail_verifikasi_kompetisi_individu.php(67): CodeIgniter\Debug\Exceptions->errorHandler(8, 'Trying to acces...', 'D:\\WEBSITE\\xamp...', 67, Array)
#1 D:\WEBSITE\xampp-7.4\htdocs\master-web\vendor\codeigniter4\framework\system\View\View.php(220): include('D:\\WEBSITE\\xamp...')
#2 D:\WEBSITE\xampp-7.4\htdocs\master-web\vendor\codeigniter4\framework\system\View\View.php(222): CodeIgniter\View\View->CodeIgniter\View\{closure}()
#3 D:\WEBSITE\xampp-7.4\htdocs\master-web\vendor\codeigniter4\framework\system\Common.php(1217): CodeIgniter\View\View->render('Modules\\AdminPr...', Array, true)
#4 D:\WEBSITE\xampp-7.4\htdocs\master-web\modules\AdminPresma\Controllers\VerifikasiKompetisiIndividu.php(50): view('Modules\\AdminPr...', Array)
#5 D:\WEBSITE\xampp-7.4\htdocs\master-web\vendor\codeigniter4\framework\system\CodeIgniter.php(936): Modules\AdminPresma\Controllers\VerifikasiKompetisiIndividu->detail('39b48f1d996fab1...')
#6 D:\WEBSITE\xampp-7.4\htdocs\master-web\vendor\codeigniter4\framework\system\CodeIgniter.php(432): CodeIgniter\CodeIgniter->runController(Object(Modules\AdminPresma\Controllers\VerifikasiKompetisiIndividu))
#7 D:\WEBSITE\xampp-7.4\htdocs\master-web\vendor\codeigniter4\framework\system\CodeIgniter.php(333): CodeIgniter\CodeIgniter->handleRequest(NULL, Object(Config\Cache), false)
#8 D:\WEBSITE\xampp-7.4\htdocs\master-web\public\index.php(44): CodeIgniter\CodeIgniter->run()
#9 D:\WEBSITE\xampp-7.4\htdocs\master-web\vendor\codeigniter4\framework\system\Commands\Server\rewrite.php(45): require_once('D:\\WEBSITE\\xamp...')
#10 {main}
CRITICAL - 2021-06-09 14:59:25 --> Undefined variable: r
#0 D:\WEBSITE\xampp-7.4\htdocs\master-web\modules\AdminPresma\Views\detail_verifikasi_kompetisi_individu.php(63): CodeIgniter\Debug\Exceptions->errorHandler(8, 'Undefined varia...', 'D:\\WEBSITE\\xamp...', 63, Array)
#1 D:\WEBSITE\xampp-7.4\htdocs\master-web\vendor\codeigniter4\framework\system\View\View.php(220): include('D:\\WEBSITE\\xamp...')
#2 D:\WEBSITE\xampp-7.4\htdocs\master-web\vendor\codeigniter4\framework\system\View\View.php(222): CodeIgniter\View\View->CodeIgniter\View\{closure}()
#3 D:\WEBSITE\xampp-7.4\htdocs\master-web\vendor\codeigniter4\framework\system\Common.php(1217): CodeIgniter\View\View->render('Modules\\AdminPr...', Array, true)
#4 D:\WEBSITE\xampp-7.4\htdocs\master-web\modules\AdminPresma\Controllers\VerifikasiKompetisiIndividu.php(51): view('Modules\\AdminPr...', Array)
#5 D:\WEBSITE\xampp-7.4\htdocs\master-web\vendor\codeigniter4\framework\system\CodeIgniter.php(936): Modules\AdminPresma\Controllers\VerifikasiKompetisiIndividu->detail('2b42346e29e954d...')
#6 D:\WEBSITE\xampp-7.4\htdocs\master-web\vendor\codeigniter4\framework\system\CodeIgniter.php(432): CodeIgniter\CodeIgniter->runController(Object(Modules\AdminPresma\Controllers\VerifikasiKompetisiIndividu))
#7 D:\WEBSITE\xampp-7.4\htdocs\master-web\vendor\codeigniter4\framework\system\CodeIgniter.php(333): CodeIgniter\CodeIgniter->handleRequest(NULL, Object(Config\Cache), false)
#8 D:\WEBSITE\xampp-7.4\htdocs\master-web\public\index.php(44): CodeIgniter\CodeIgniter->run()
#9 D:\WEBSITE\xampp-7.4\htdocs\master-web\vendor\codeigniter4\framework\system\Commands\Server\rewrite.php(45): require_once('D:\\WEBSITE\\xamp...')
#10 {main}
CRITICAL - 2021-06-09 15:45:38 --> Undefined variable: db
#0 D:\WEBSITE\xampp-7.4\htdocs\master-web\modules\AdminLayout\Views\sidebar.php(382): CodeIgniter\Debug\Exceptions->errorHandler(8, 'Undefined varia...', 'D:\\WEBSITE\\xamp...', 382, Array)
#1 D:\WEBSITE\xampp-7.4\htdocs\master-web\vendor\codeigniter4\framework\system\View\View.php(220): include('D:\\WEBSITE\\xamp...')
#2 D:\WEBSITE\xampp-7.4\htdocs\master-web\vendor\codeigniter4\framework\system\View\View.php(222): CodeIgniter\View\View->CodeIgniter\View\{closure}()
#3 D:\WEBSITE\xampp-7.4\htdocs\master-web\vendor\codeigniter4\framework\system\View\View.php(468): CodeIgniter\View\View->render('Modules\\AdminLa...', NULL, true)
#4 D:\WEBSITE\xampp-7.4\htdocs\master-web\modules\AdminLayout\Views\layout.php(50): CodeIgniter\View\View->include('Modules\\AdminLa...')
#5 D:\WEBSITE\xampp-7.4\htdocs\master-web\vendor\codeigniter4\framework\system\View\View.php(220): include('D:\\WEBSITE\\xamp...')
#6 D:\WEBSITE\xampp-7.4\htdocs\master-web\vendor\codeigniter4\framework\system\View\View.php(222): CodeIgniter\View\View->CodeIgniter\View\{closure}()
#7 D:\WEBSITE\xampp-7.4\htdocs\master-web\vendor\codeigniter4\framework\system\View\View.php(236): CodeIgniter\View\View->render('Modules\\AdminLa...', Array, true)
#8 D:\WEBSITE\xampp-7.4\htdocs\master-web\vendor\codeigniter4\framework\system\Common.php(1217): CodeIgniter\View\View->render('Modules\\AdminPr...', Array, true)
#9 D:\WEBSITE\xampp-7.4\htdocs\master-web\modules\AdminPresma\Controllers\VerifikasiKompetisiIndividu.php(34): view('Modules\\AdminPr...', Array)
#10 D:\WEBSITE\xampp-7.4\htdocs\master-web\vendor\codeigniter4\framework\system\CodeIgniter.php(936): Modules\AdminPresma\Controllers\VerifikasiKompetisiIndividu->verifikasi()
#11 D:\WEBSITE\xampp-7.4\htdocs\master-web\vendor\codeigniter4\framework\system\CodeIgniter.php(432): CodeIgniter\CodeIgniter->runController(Object(Modules\AdminPresma\Controllers\VerifikasiKompetisiIndividu))
#12 D:\WEBSITE\xampp-7.4\htdocs\master-web\vendor\codeigniter4\framework\system\CodeIgniter.php(333): CodeIgniter\CodeIgniter->handleRequest(NULL, Object(Config\Cache), false)
#13 D:\WEBSITE\xampp-7.4\htdocs\master-web\public\index.php(44): CodeIgniter\CodeIgniter->run()
#14 D:\WEBSITE\xampp-7.4\htdocs\master-web\vendor\codeigniter4\framework\system\Commands\Server\rewrite.php(45): require_once('D:\\WEBSITE\\xamp...')
#15 {main}
CRITICAL - 2021-06-09 15:46:13 --> Undefined variable: db
#0 D:\WEBSITE\xampp-7.4\htdocs\master-web\modules\AdminLayout\Views\sidebar.php(382): CodeIgniter\Debug\Exceptions->errorHandler(8, 'Undefined varia...', 'D:\\WEBSITE\\xamp...', 382, Array)
#1 D:\WEBSITE\xampp-7.4\htdocs\master-web\vendor\codeigniter4\framework\system\View\View.php(220): include('D:\\WEBSITE\\xamp...')
#2 D:\WEBSITE\xampp-7.4\htdocs\master-web\vendor\codeigniter4\framework\system\View\View.php(222): CodeIgniter\View\View->CodeIgniter\View\{closure}()
#3 D:\WEBSITE\xampp-7.4\htdocs\master-web\vendor\codeigniter4\framework\system\View\View.php(468): CodeIgniter\View\View->render('Modules\\AdminLa...', NULL, true)
#4 D:\WEBSITE\xampp-7.4\htdocs\master-web\modules\AdminLayout\Views\layout.php(50): CodeIgniter\View\View->include('Modules\\AdminLa...')
#5 D:\WEBSITE\xampp-7.4\htdocs\master-web\vendor\codeigniter4\framework\system\View\View.php(220): include('D:\\WEBSITE\\xamp...')
#6 D:\WEBSITE\xampp-7.4\htdocs\master-web\vendor\codeigniter4\framework\system\View\View.php(222): CodeIgniter\View\View->CodeIgniter\View\{closure}()
#7 D:\WEBSITE\xampp-7.4\htdocs\master-web\vendor\codeigniter4\framework\system\View\View.php(236): CodeIgniter\View\View->render('Modules\\AdminLa...', Array, true)
#8 D:\WEBSITE\xampp-7.4\htdocs\master-web\vendor\codeigniter4\framework\system\Common.php(1217): CodeIgniter\View\View->render('Modules\\AdminPr...', Array, true)
#9 D:\WEBSITE\xampp-7.4\htdocs\master-web\modules\AdminPresma\Controllers\VerifikasiKompetisiIndividu.php(34): view('Modules\\AdminPr...', Array)
#10 D:\WEBSITE\xampp-7.4\htdocs\master-web\vendor\codeigniter4\framework\system\CodeIgniter.php(936): Modules\AdminPresma\Controllers\VerifikasiKompetisiIndividu->verifikasi()
#11 D:\WEBSITE\xampp-7.4\htdocs\master-web\vendor\codeigniter4\framework\system\CodeIgniter.php(432): CodeIgniter\CodeIgniter->runController(Object(Modules\AdminPresma\Controllers\VerifikasiKompetisiIndividu))
#12 D:\WEBSITE\xampp-7.4\htdocs\master-web\vendor\codeigniter4\framework\system\CodeIgniter.php(333): CodeIgniter\CodeIgniter->handleRequest(NULL, Object(Config\Cache), false)
#13 D:\WEBSITE\xampp-7.4\htdocs\master-web\public\index.php(44): CodeIgniter\CodeIgniter->run()
#14 D:\WEBSITE\xampp-7.4\htdocs\master-web\vendor\codeigniter4\framework\system\Commands\Server\rewrite.php(45): require_once('D:\\WEBSITE\\xamp...')
#15 {main}
