CRITICAL - 2021-08-13 08:25:46 --> Trying to access array offset on value of type null
#0 C:\xampp\htdocs\kemahasiswaan\modules\ManageGaleri\Controllers\DataGaleriMaster.php(224): CodeIgniter\Debug\Exceptions->errorHandler(8, 'Trying to acces...', 'C:\\xampp\\htdocs...', 224, Array)
#1 C:\xampp\htdocs\kemahasiswaan\vendor\codeigniter4\framework\system\CodeIgniter.php(940): Modules\ManageGaleri\Controllers\DataGaleriMaster->galeri_update()
#2 C:\xampp\htdocs\kemahasiswaan\vendor\codeigniter4\framework\system\CodeIgniter.php(436): CodeIgniter\CodeIgniter->runController(Object(Modules\ManageGaleri\Controllers\DataGaleriMaster))
#3 C:\xampp\htdocs\kemahasiswaan\vendor\codeigniter4\framework\system\CodeIgniter.php(337): CodeIgniter\CodeIgniter->handleRequest(NULL, Object(Config\Cache), false)
#4 C:\xampp\htdocs\kemahasiswaan\public\index.php(44): CodeIgniter\CodeIgniter->run()
#5 C:\xampp\htdocs\kemahasiswaan\vendor\codeigniter4\framework\system\Commands\Server\rewrite.php(45): require_once('C:\\xampp\\htdocs...')
#6 {main}
CRITICAL - 2021-08-13 08:28:06 --> Trying to access array offset on value of type null
#0 C:\xampp\htdocs\kemahasiswaan\modules\ManageGaleri\Controllers\DataGaleriMaster.php(223): CodeIgniter\Debug\Exceptions->errorHandler(8, 'Trying to acces...', 'C:\\xampp\\htdocs...', 223, Array)
#1 C:\xampp\htdocs\kemahasiswaan\vendor\codeigniter4\framework\system\CodeIgniter.php(940): Modules\ManageGaleri\Controllers\DataGaleriMaster->galeri_update()
#2 C:\xampp\htdocs\kemahasiswaan\vendor\codeigniter4\framework\system\CodeIgniter.php(436): CodeIgniter\CodeIgniter->runController(Object(Modules\ManageGaleri\Controllers\DataGaleriMaster))
#3 C:\xampp\htdocs\kemahasiswaan\vendor\codeigniter4\framework\system\CodeIgniter.php(337): CodeIgniter\CodeIgniter->handleRequest(NULL, Object(Config\Cache), false)
#4 C:\xampp\htdocs\kemahasiswaan\public\index.php(44): CodeIgniter\CodeIgniter->run()
#5 C:\xampp\htdocs\kemahasiswaan\vendor\codeigniter4\framework\system\Commands\Server\rewrite.php(45): require_once('C:\\xampp\\htdocs...')
#6 {main}
CRITICAL - 2021-08-13 08:44:53 --> Undefined index: id
#0 C:\xampp\htdocs\kemahasiswaan\modules\ManageGaleri\Views\galeri.php(78): CodeIgniter\Debug\Exceptions->errorHandler(8, 'Undefined index...', 'C:\\xampp\\htdocs...', 78, Array)
#1 C:\xampp\htdocs\kemahasiswaan\vendor\codeigniter4\framework\system\View\View.php(220): include('C:\\xampp\\htdocs...')
#2 C:\xampp\htdocs\kemahasiswaan\vendor\codeigniter4\framework\system\View\View.php(222): CodeIgniter\View\View->CodeIgniter\View\{closure}()
#3 C:\xampp\htdocs\kemahasiswaan\vendor\codeigniter4\framework\system\Common.php(1217): CodeIgniter\View\View->render('Modules\\ManageG...', Array, true)
#4 C:\xampp\htdocs\kemahasiswaan\modules\ManageGaleri\Controllers\DataGaleriMaster.php(47): view('Modules\\ManageG...', Array)
#5 C:\xampp\htdocs\kemahasiswaan\vendor\codeigniter4\framework\system\CodeIgniter.php(940): Modules\ManageGaleri\Controllers\DataGaleriMaster->galeri_sub('691ca2e96f4aec0...')
#6 C:\xampp\htdocs\kemahasiswaan\vendor\codeigniter4\framework\system\CodeIgniter.php(436): CodeIgniter\CodeIgniter->runController(Object(Modules\ManageGaleri\Controllers\DataGaleriMaster))
#7 C:\xampp\htdocs\kemahasiswaan\vendor\codeigniter4\framework\system\CodeIgniter.php(337): CodeIgniter\CodeIgniter->handleRequest(NULL, Object(Config\Cache), false)
#8 C:\xampp\htdocs\kemahasiswaan\public\index.php(44): CodeIgniter\CodeIgniter->run()
#9 C:\xampp\htdocs\kemahasiswaan\vendor\codeigniter4\framework\system\Commands\Server\rewrite.php(45): require_once('C:\\xampp\\htdocs...')
#10 {main}
CRITICAL - 2021-08-13 08:48:59 --> Undefined index: random
#0 C:\xampp\htdocs\kemahasiswaan\modules\ManageGaleri\Views\galeri.php(78): CodeIgniter\Debug\Exceptions->errorHandler(8, 'Undefined index...', 'C:\\xampp\\htdocs...', 78, Array)
#1 C:\xampp\htdocs\kemahasiswaan\vendor\codeigniter4\framework\system\View\View.php(220): include('C:\\xampp\\htdocs...')
#2 C:\xampp\htdocs\kemahasiswaan\vendor\codeigniter4\framework\system\View\View.php(222): CodeIgniter\View\View->CodeIgniter\View\{closure}()
#3 C:\xampp\htdocs\kemahasiswaan\vendor\codeigniter4\framework\system\Common.php(1217): CodeIgniter\View\View->render('Modules\\ManageG...', Array, true)
#4 C:\xampp\htdocs\kemahasiswaan\modules\ManageGaleri\Controllers\DataGaleriMaster.php(49): view('Modules\\ManageG...', Array)
#5 C:\xampp\htdocs\kemahasiswaan\vendor\codeigniter4\framework\system\CodeIgniter.php(940): Modules\ManageGaleri\Controllers\DataGaleriMaster->galeri_sub('691ca2e96f4aec0...')
#6 C:\xampp\htdocs\kemahasiswaan\vendor\codeigniter4\framework\system\CodeIgniter.php(436): CodeIgniter\CodeIgniter->runController(Object(Modules\ManageGaleri\Controllers\DataGaleriMaster))
#7 C:\xampp\htdocs\kemahasiswaan\vendor\codeigniter4\framework\system\CodeIgniter.php(337): CodeIgniter\CodeIgniter->handleRequest(NULL, Object(Config\Cache), false)
#8 C:\xampp\htdocs\kemahasiswaan\public\index.php(44): CodeIgniter\CodeIgniter->run()
#9 C:\xampp\htdocs\kemahasiswaan\vendor\codeigniter4\framework\system\Commands\Server\rewrite.php(45): require_once('C:\\xampp\\htdocs...')
#10 {main}
CRITICAL - 2021-08-13 08:49:17 --> Argument 1 passed to CodeIgniter\Validation\FileRules::uploaded() must be of the type string or null, array given, called in C:\xampp\htdocs\kemahasiswaan\vendor\codeigniter4\framework\system\Validation\Validation.php on line 306
#0 C:\xampp\htdocs\kemahasiswaan\vendor\codeigniter4\framework\system\Validation\Validation.php(306): CodeIgniter\Validation\FileRules->uploaded(Array, 'img_galeri', Array, NULL)
#1 C:\xampp\htdocs\kemahasiswaan\vendor\codeigniter4\framework\system\Validation\Validation.php(164): CodeIgniter\Validation\Validation->processRules('img_galeri', 'img_galeri', Array, Array, Array)
#2 C:\xampp\htdocs\kemahasiswaan\vendor\codeigniter4\framework\system\Controller.php(181): CodeIgniter\Validation\Validation->run()
#3 C:\xampp\htdocs\kemahasiswaan\modules\ManageGaleri\Controllers\DataGaleriMaster.php(179): CodeIgniter\Controller->validate(Array)
#4 C:\xampp\htdocs\kemahasiswaan\vendor\codeigniter4\framework\system\CodeIgniter.php(940): Modules\ManageGaleri\Controllers\DataGaleriMaster->galeri_save_save()
#5 C:\xampp\htdocs\kemahasiswaan\vendor\codeigniter4\framework\system\CodeIgniter.php(436): CodeIgniter\CodeIgniter->runController(Object(Modules\ManageGaleri\Controllers\DataGaleriMaster))
#6 C:\xampp\htdocs\kemahasiswaan\vendor\codeigniter4\framework\system\CodeIgniter.php(337): CodeIgniter\CodeIgniter->handleRequest(NULL, Object(Config\Cache), false)
#7 C:\xampp\htdocs\kemahasiswaan\public\index.php(44): CodeIgniter\CodeIgniter->run()
#8 C:\xampp\htdocs\kemahasiswaan\vendor\codeigniter4\framework\system\Commands\Server\rewrite.php(45): require_once('C:\\xampp\\htdocs...')
#9 {main}
CRITICAL - 2021-08-13 08:49:53 --> Argument 1 passed to CodeIgniter\Validation\FileRules::uploaded() must be of the type string or null, array given, called in C:\xampp\htdocs\kemahasiswaan\vendor\codeigniter4\framework\system\Validation\Validation.php on line 306
#0 C:\xampp\htdocs\kemahasiswaan\vendor\codeigniter4\framework\system\Validation\Validation.php(306): CodeIgniter\Validation\FileRules->uploaded(Array, 'img_galeri', Array, NULL)
#1 C:\xampp\htdocs\kemahasiswaan\vendor\codeigniter4\framework\system\Validation\Validation.php(164): CodeIgniter\Validation\Validation->processRules('img_galeri', 'img_galeri', Array, Array, Array)
#2 C:\xampp\htdocs\kemahasiswaan\vendor\codeigniter4\framework\system\Controller.php(181): CodeIgniter\Validation\Validation->run()
#3 C:\xampp\htdocs\kemahasiswaan\modules\ManageGaleri\Controllers\DataGaleriMaster.php(179): CodeIgniter\Controller->validate(Array)
#4 C:\xampp\htdocs\kemahasiswaan\vendor\codeigniter4\framework\system\CodeIgniter.php(940): Modules\ManageGaleri\Controllers\DataGaleriMaster->galeri_save_save()
#5 C:\xampp\htdocs\kemahasiswaan\vendor\codeigniter4\framework\system\CodeIgniter.php(436): CodeIgniter\CodeIgniter->runController(Object(Modules\ManageGaleri\Controllers\DataGaleriMaster))
#6 C:\xampp\htdocs\kemahasiswaan\vendor\codeigniter4\framework\system\CodeIgniter.php(337): CodeIgniter\CodeIgniter->handleRequest(NULL, Object(Config\Cache), false)
#7 C:\xampp\htdocs\kemahasiswaan\public\index.php(44): CodeIgniter\CodeIgniter->run()
#8 C:\xampp\htdocs\kemahasiswaan\vendor\codeigniter4\framework\system\Commands\Server\rewrite.php(45): require_once('C:\\xampp\\htdocs...')
#9 {main}
CRITICAL - 2021-08-13 08:50:33 --> Argument 1 passed to CodeIgniter\Validation\FileRules::uploaded() must be of the type string or null, array given, called in C:\xampp\htdocs\kemahasiswaan\vendor\codeigniter4\framework\system\Validation\Validation.php on line 306
#0 C:\xampp\htdocs\kemahasiswaan\vendor\codeigniter4\framework\system\Validation\Validation.php(306): CodeIgniter\Validation\FileRules->uploaded(Array, 'img_galeri', Array, NULL)
#1 C:\xampp\htdocs\kemahasiswaan\vendor\codeigniter4\framework\system\Validation\Validation.php(164): CodeIgniter\Validation\Validation->processRules('img_galeri', 'img_galeri', Array, Array, Array)
#2 C:\xampp\htdocs\kemahasiswaan\vendor\codeigniter4\framework\system\Controller.php(181): CodeIgniter\Validation\Validation->run()
#3 C:\xampp\htdocs\kemahasiswaan\modules\ManageGaleri\Controllers\DataGaleriMaster.php(179): CodeIgniter\Controller->validate(Array)
#4 C:\xampp\htdocs\kemahasiswaan\vendor\codeigniter4\framework\system\CodeIgniter.php(940): Modules\ManageGaleri\Controllers\DataGaleriMaster->galeri_save_save()
#5 C:\xampp\htdocs\kemahasiswaan\vendor\codeigniter4\framework\system\CodeIgniter.php(436): CodeIgniter\CodeIgniter->runController(Object(Modules\ManageGaleri\Controllers\DataGaleriMaster))
#6 C:\xampp\htdocs\kemahasiswaan\vendor\codeigniter4\framework\system\CodeIgniter.php(337): CodeIgniter\CodeIgniter->handleRequest(NULL, Object(Config\Cache), false)
#7 C:\xampp\htdocs\kemahasiswaan\public\index.php(44): CodeIgniter\CodeIgniter->run()
#8 C:\xampp\htdocs\kemahasiswaan\vendor\codeigniter4\framework\system\Commands\Server\rewrite.php(45): require_once('C:\\xampp\\htdocs...')
#9 {main}
CRITICAL - 2021-08-13 08:51:17 --> Argument 1 passed to CodeIgniter\Validation\FileRules::uploaded() must be of the type string or null, array given, called in C:\xampp\htdocs\kemahasiswaan\vendor\codeigniter4\framework\system\Validation\Validation.php on line 306
#0 C:\xampp\htdocs\kemahasiswaan\vendor\codeigniter4\framework\system\Validation\Validation.php(306): CodeIgniter\Validation\FileRules->uploaded(Array, 'img_galeri', Array, NULL)
#1 C:\xampp\htdocs\kemahasiswaan\vendor\codeigniter4\framework\system\Validation\Validation.php(164): CodeIgniter\Validation\Validation->processRules('img_galeri', 'img_galeri', Array, Array, Array)
#2 C:\xampp\htdocs\kemahasiswaan\vendor\codeigniter4\framework\system\Controller.php(181): CodeIgniter\Validation\Validation->run()
#3 C:\xampp\htdocs\kemahasiswaan\modules\ManageGaleri\Controllers\DataGaleriMaster.php(179): CodeIgniter\Controller->validate(Array)
#4 C:\xampp\htdocs\kemahasiswaan\vendor\codeigniter4\framework\system\CodeIgniter.php(940): Modules\ManageGaleri\Controllers\DataGaleriMaster->galeri_save_save()
#5 C:\xampp\htdocs\kemahasiswaan\vendor\codeigniter4\framework\system\CodeIgniter.php(436): CodeIgniter\CodeIgniter->runController(Object(Modules\ManageGaleri\Controllers\DataGaleriMaster))
#6 C:\xampp\htdocs\kemahasiswaan\vendor\codeigniter4\framework\system\CodeIgniter.php(337): CodeIgniter\CodeIgniter->handleRequest(NULL, Object(Config\Cache), false)
#7 C:\xampp\htdocs\kemahasiswaan\public\index.php(44): CodeIgniter\CodeIgniter->run()
#8 C:\xampp\htdocs\kemahasiswaan\vendor\codeigniter4\framework\system\Commands\Server\rewrite.php(45): require_once('C:\\xampp\\htdocs...')
#9 {main}
CRITICAL - 2021-08-13 08:51:22 --> Argument 1 passed to CodeIgniter\Validation\FileRules::uploaded() must be of the type string or null, array given, called in C:\xampp\htdocs\kemahasiswaan\vendor\codeigniter4\framework\system\Validation\Validation.php on line 306
#0 C:\xampp\htdocs\kemahasiswaan\vendor\codeigniter4\framework\system\Validation\Validation.php(306): CodeIgniter\Validation\FileRules->uploaded(Array, 'img_galeri', Array, NULL)
#1 C:\xampp\htdocs\kemahasiswaan\vendor\codeigniter4\framework\system\Validation\Validation.php(164): CodeIgniter\Validation\Validation->processRules('img_galeri', 'img_galeri', Array, Array, Array)
#2 C:\xampp\htdocs\kemahasiswaan\vendor\codeigniter4\framework\system\Controller.php(181): CodeIgniter\Validation\Validation->run()
#3 C:\xampp\htdocs\kemahasiswaan\modules\ManageGaleri\Controllers\DataGaleriMaster.php(179): CodeIgniter\Controller->validate(Array)
#4 C:\xampp\htdocs\kemahasiswaan\vendor\codeigniter4\framework\system\CodeIgniter.php(940): Modules\ManageGaleri\Controllers\DataGaleriMaster->galeri_save_save()
#5 C:\xampp\htdocs\kemahasiswaan\vendor\codeigniter4\framework\system\CodeIgniter.php(436): CodeIgniter\CodeIgniter->runController(Object(Modules\ManageGaleri\Controllers\DataGaleriMaster))
#6 C:\xampp\htdocs\kemahasiswaan\vendor\codeigniter4\framework\system\CodeIgniter.php(337): CodeIgniter\CodeIgniter->handleRequest(NULL, Object(Config\Cache), false)
#7 C:\xampp\htdocs\kemahasiswaan\public\index.php(44): CodeIgniter\CodeIgniter->run()
#8 C:\xampp\htdocs\kemahasiswaan\vendor\codeigniter4\framework\system\Commands\Server\rewrite.php(45): require_once('C:\\xampp\\htdocs...')
#9 {main}
ERROR - 2021-08-13 09:11:14 --> mysqli_sql_exception: Table 'database_kemahasiswaan.reg_agenda' doesn't exist in C:\xampp\htdocs\kemahasiswaan\vendor\codeigniter4\framework\system\Database\MySQLi\Connection.php:314
Stack trace:
#0 C:\xampp\htdocs\kemahasiswaan\vendor\codeigniter4\framework\system\Database\MySQLi\Connection.php(314): mysqli->query('SELECT *\nFROM `...')
#1 C:\xampp\htdocs\kemahasiswaan\vendor\codeigniter4\framework\system\Database\BaseConnection.php(713): CodeIgniter\Database\MySQLi\Connection->execute('SELECT *\nFROM `...')
#2 C:\xampp\htdocs\kemahasiswaan\vendor\codeigniter4\framework\system\Database\BaseConnection.php(641): CodeIgniter\Database\BaseConnection->simpleQuery('SELECT *\nFROM `...')
#3 C:\xampp\htdocs\kemahasiswaan\vendor\codeigniter4\framework\system\Database\BaseBuilder.php(1866): CodeIgniter\Database\BaseConnection->query('SELECT *\nFROM `...', Array, false)
#4 C:\xampp\htdocs\kemahasiswaan\modules\ManageAgenda\Models\ModelAgenda.php(23): CodeIgniter\Database\BaseBuilder->get()
#5 C:\xampp\htdocs\kemahasiswaan\modules\ManageAgenda\Controllers\DataAgenda.php(26): Modules\ManageAgenda\Models\ModelAgenda->get_agenda()
#6 C:\xampp\htdocs\kemahasiswaan\vendor\codeigniter4\framework\system\CodeIgniter.php(940): Modules\ManageAgenda\Controllers\DataAgenda->agenda()
#7 C:\xampp\htdocs\kemahasiswaan\vendor\codeigniter4\framework\system\CodeIgniter.php(436): CodeIgniter\CodeIgniter->runController(Object(Modules\ManageAgenda\Controllers\DataAgenda))
#8 C:\xampp\htdocs\kemahasiswaan\vendor\codeigniter4\framework\system\CodeIgniter.php(337): CodeIgniter\CodeIgniter->handleRequest(NULL, Object(Config\Cache), false)
#9 C:\xampp\htdocs\kemahasiswaan\public\index.php(44): CodeIgniter\CodeIgniter->run()
#10 C:\xampp\htdocs\kemahasiswaan\vendor\codeigniter4\framework\system\Commands\Server\rewrite.php(45): require_once('C:\\xampp\\htdocs...')
#11 {main}
CRITICAL - 2021-08-13 09:11:14 --> Table 'database_kemahasiswaan.reg_agenda' doesn't exist
#0 C:\xampp\htdocs\kemahasiswaan\vendor\codeigniter4\framework\system\Database\MySQLi\Connection.php(314): mysqli->query('SELECT *\nFROM `...')
#1 C:\xampp\htdocs\kemahasiswaan\vendor\codeigniter4\framework\system\Database\BaseConnection.php(713): CodeIgniter\Database\MySQLi\Connection->execute('SELECT *\nFROM `...')
#2 C:\xampp\htdocs\kemahasiswaan\vendor\codeigniter4\framework\system\Database\BaseConnection.php(641): CodeIgniter\Database\BaseConnection->simpleQuery('SELECT *\nFROM `...')
#3 C:\xampp\htdocs\kemahasiswaan\vendor\codeigniter4\framework\system\Database\BaseBuilder.php(1866): CodeIgniter\Database\BaseConnection->query('SELECT *\nFROM `...', Array, false)
#4 C:\xampp\htdocs\kemahasiswaan\modules\ManageAgenda\Models\ModelAgenda.php(23): CodeIgniter\Database\BaseBuilder->get()
#5 C:\xampp\htdocs\kemahasiswaan\modules\ManageAgenda\Controllers\DataAgenda.php(26): Modules\ManageAgenda\Models\ModelAgenda->get_agenda()
#6 C:\xampp\htdocs\kemahasiswaan\vendor\codeigniter4\framework\system\CodeIgniter.php(940): Modules\ManageAgenda\Controllers\DataAgenda->agenda()
#7 C:\xampp\htdocs\kemahasiswaan\vendor\codeigniter4\framework\system\CodeIgniter.php(436): CodeIgniter\CodeIgniter->runController(Object(Modules\ManageAgenda\Controllers\DataAgenda))
#8 C:\xampp\htdocs\kemahasiswaan\vendor\codeigniter4\framework\system\CodeIgniter.php(337): CodeIgniter\CodeIgniter->handleRequest(NULL, Object(Config\Cache), false)
#9 C:\xampp\htdocs\kemahasiswaan\public\index.php(44): CodeIgniter\CodeIgniter->run()
#10 C:\xampp\htdocs\kemahasiswaan\vendor\codeigniter4\framework\system\Commands\Server\rewrite.php(45): require_once('C:\\xampp\\htdocs...')
#11 {main}
CRITICAL - 2021-08-13 09:14:54 --> Undefined variable: kegiatan
#0 C:\xampp\htdocs\kemahasiswaan\modules\ManageAgenda\Views\agenda_edit.php(77): CodeIgniter\Debug\Exceptions->errorHandler(8, 'Undefined varia...', 'C:\\xampp\\htdocs...', 77, Array)
#1 C:\xampp\htdocs\kemahasiswaan\vendor\codeigniter4\framework\system\View\View.php(220): include('C:\\xampp\\htdocs...')
#2 C:\xampp\htdocs\kemahasiswaan\vendor\codeigniter4\framework\system\View\View.php(222): CodeIgniter\View\View->CodeIgniter\View\{closure}()
#3 C:\xampp\htdocs\kemahasiswaan\vendor\codeigniter4\framework\system\Common.php(1217): CodeIgniter\View\View->render('Modules\\ManageA...', Array, true)
#4 C:\xampp\htdocs\kemahasiswaan\modules\ManageAgenda\Controllers\DataAgenda.php(61): view('Modules\\ManageA...', Array)
#5 C:\xampp\htdocs\kemahasiswaan\vendor\codeigniter4\framework\system\CodeIgniter.php(940): Modules\ManageAgenda\Controllers\DataAgenda->agenda_edit('b96691ae647531c...')
#6 C:\xampp\htdocs\kemahasiswaan\vendor\codeigniter4\framework\system\CodeIgniter.php(436): CodeIgniter\CodeIgniter->runController(Object(Modules\ManageAgenda\Controllers\DataAgenda))
#7 C:\xampp\htdocs\kemahasiswaan\vendor\codeigniter4\framework\system\CodeIgniter.php(337): CodeIgniter\CodeIgniter->handleRequest(NULL, Object(Config\Cache), false)
#8 C:\xampp\htdocs\kemahasiswaan\public\index.php(44): CodeIgniter\CodeIgniter->run()
#9 C:\xampp\htdocs\kemahasiswaan\vendor\codeigniter4\framework\system\Commands\Server\rewrite.php(45): require_once('C:\\xampp\\htdocs...')
#10 {main}
CRITICAL - 2021-08-13 09:18:45 --> Undefined index: thumbnail
#0 C:\xampp\htdocs\kemahasiswaan\modules\ManageAgenda\Views\agenda_edit.php(199): CodeIgniter\Debug\Exceptions->errorHandler(8, 'Undefined index...', 'C:\\xampp\\htdocs...', 199, Array)
#1 C:\xampp\htdocs\kemahasiswaan\vendor\codeigniter4\framework\system\View\View.php(220): include('C:\\xampp\\htdocs...')
#2 C:\xampp\htdocs\kemahasiswaan\vendor\codeigniter4\framework\system\View\View.php(222): CodeIgniter\View\View->CodeIgniter\View\{closure}()
#3 C:\xampp\htdocs\kemahasiswaan\vendor\codeigniter4\framework\system\Common.php(1217): CodeIgniter\View\View->render('Modules\\ManageA...', Array, true)
#4 C:\xampp\htdocs\kemahasiswaan\modules\ManageAgenda\Controllers\DataAgenda.php(61): view('Modules\\ManageA...', Array)
#5 C:\xampp\htdocs\kemahasiswaan\vendor\codeigniter4\framework\system\CodeIgniter.php(940): Modules\ManageAgenda\Controllers\DataAgenda->agenda_edit('ab911476389a263...')
#6 C:\xampp\htdocs\kemahasiswaan\vendor\codeigniter4\framework\system\CodeIgniter.php(436): CodeIgniter\CodeIgniter->runController(Object(Modules\ManageAgenda\Controllers\DataAgenda))
#7 C:\xampp\htdocs\kemahasiswaan\vendor\codeigniter4\framework\system\CodeIgniter.php(337): CodeIgniter\CodeIgniter->handleRequest(NULL, Object(Config\Cache), false)
#8 C:\xampp\htdocs\kemahasiswaan\public\index.php(44): CodeIgniter\CodeIgniter->run()
#9 C:\xampp\htdocs\kemahasiswaan\vendor\codeigniter4\framework\system\Commands\Server\rewrite.php(45): require_once('C:\\xampp\\htdocs...')
#10 {main}
CRITICAL - 2021-08-13 09:19:53 --> Undefined index: header
#0 C:\xampp\htdocs\kemahasiswaan\modules\ManageAgenda\Views\agenda_edit.php(82): CodeIgniter\Debug\Exceptions->errorHandler(8, 'Undefined index...', 'C:\\xampp\\htdocs...', 82, Array)
#1 C:\xampp\htdocs\kemahasiswaan\vendor\codeigniter4\framework\system\View\View.php(220): include('C:\\xampp\\htdocs...')
#2 C:\xampp\htdocs\kemahasiswaan\vendor\codeigniter4\framework\system\View\View.php(222): CodeIgniter\View\View->CodeIgniter\View\{closure}()
#3 C:\xampp\htdocs\kemahasiswaan\vendor\codeigniter4\framework\system\Common.php(1217): CodeIgniter\View\View->render('Modules\\ManageA...', Array, true)
#4 C:\xampp\htdocs\kemahasiswaan\modules\ManageAgenda\Controllers\DataAgenda.php(61): view('Modules\\ManageA...', Array)
#5 C:\xampp\htdocs\kemahasiswaan\vendor\codeigniter4\framework\system\CodeIgniter.php(940): Modules\ManageAgenda\Controllers\DataAgenda->agenda_edit('ab911476389a263...')
#6 C:\xampp\htdocs\kemahasiswaan\vendor\codeigniter4\framework\system\CodeIgniter.php(436): CodeIgniter\CodeIgniter->runController(Object(Modules\ManageAgenda\Controllers\DataAgenda))
#7 C:\xampp\htdocs\kemahasiswaan\vendor\codeigniter4\framework\system\CodeIgniter.php(337): CodeIgniter\CodeIgniter->handleRequest(NULL, Object(Config\Cache), false)
#8 C:\xampp\htdocs\kemahasiswaan\public\index.php(44): CodeIgniter\CodeIgniter->run()
#9 C:\xampp\htdocs\kemahasiswaan\vendor\codeigniter4\framework\system\Commands\Server\rewrite.php(45): require_once('C:\\xampp\\htdocs...')
#10 {main}
CRITICAL - 2021-08-13 09:20:24 --> Undefined index: jenis_reg
#0 C:\xampp\htdocs\kemahasiswaan\modules\ManageAgenda\Views\agenda.php(105): CodeIgniter\Debug\Exceptions->errorHandler(8, 'Undefined index...', 'C:\\xampp\\htdocs...', 105, Array)
#1 C:\xampp\htdocs\kemahasiswaan\vendor\codeigniter4\framework\system\View\View.php(220): include('C:\\xampp\\htdocs...')
#2 C:\xampp\htdocs\kemahasiswaan\vendor\codeigniter4\framework\system\View\View.php(222): CodeIgniter\View\View->CodeIgniter\View\{closure}()
#3 C:\xampp\htdocs\kemahasiswaan\vendor\codeigniter4\framework\system\Common.php(1217): CodeIgniter\View\View->render('Modules\\ManageA...', Array, true)
#4 C:\xampp\htdocs\kemahasiswaan\modules\ManageAgenda\Controllers\DataAgenda.php(36): view('Modules\\ManageA...', Array)
#5 C:\xampp\htdocs\kemahasiswaan\vendor\codeigniter4\framework\system\CodeIgniter.php(940): Modules\ManageAgenda\Controllers\DataAgenda->agenda()
#6 C:\xampp\htdocs\kemahasiswaan\vendor\codeigniter4\framework\system\CodeIgniter.php(436): CodeIgniter\CodeIgniter->runController(Object(Modules\ManageAgenda\Controllers\DataAgenda))
#7 C:\xampp\htdocs\kemahasiswaan\vendor\codeigniter4\framework\system\CodeIgniter.php(337): CodeIgniter\CodeIgniter->handleRequest(NULL, Object(Config\Cache), false)
#8 C:\xampp\htdocs\kemahasiswaan\public\index.php(44): CodeIgniter\CodeIgniter->run()
#9 C:\xampp\htdocs\kemahasiswaan\vendor\codeigniter4\framework\system\Commands\Server\rewrite.php(45): require_once('C:\\xampp\\htdocs...')
#10 {main}
CRITICAL - 2021-08-13 09:20:38 --> Undefined index: header
#0 C:\xampp\htdocs\kemahasiswaan\modules\ManageAgenda\Views\agenda.php(149): CodeIgniter\Debug\Exceptions->errorHandler(8, 'Undefined index...', 'C:\\xampp\\htdocs...', 149, Array)
#1 C:\xampp\htdocs\kemahasiswaan\vendor\codeigniter4\framework\system\View\View.php(220): include('C:\\xampp\\htdocs...')
#2 C:\xampp\htdocs\kemahasiswaan\vendor\codeigniter4\framework\system\View\View.php(222): CodeIgniter\View\View->CodeIgniter\View\{closure}()
#3 C:\xampp\htdocs\kemahasiswaan\vendor\codeigniter4\framework\system\Common.php(1217): CodeIgniter\View\View->render('Modules\\ManageA...', Array, true)
#4 C:\xampp\htdocs\kemahasiswaan\modules\ManageAgenda\Controllers\DataAgenda.php(36): view('Modules\\ManageA...', Array)
#5 C:\xampp\htdocs\kemahasiswaan\vendor\codeigniter4\framework\system\CodeIgniter.php(940): Modules\ManageAgenda\Controllers\DataAgenda->agenda()
#6 C:\xampp\htdocs\kemahasiswaan\vendor\codeigniter4\framework\system\CodeIgniter.php(436): CodeIgniter\CodeIgniter->runController(Object(Modules\ManageAgenda\Controllers\DataAgenda))
#7 C:\xampp\htdocs\kemahasiswaan\vendor\codeigniter4\framework\system\CodeIgniter.php(337): CodeIgniter\CodeIgniter->handleRequest(NULL, Object(Config\Cache), false)
#8 C:\xampp\htdocs\kemahasiswaan\public\index.php(44): CodeIgniter\CodeIgniter->run()
#9 C:\xampp\htdocs\kemahasiswaan\vendor\codeigniter4\framework\system\Commands\Server\rewrite.php(45): require_once('C:\\xampp\\htdocs...')
#10 {main}
ERROR - 2021-08-13 09:54:22 --> mysqli_sql_exception: Unknown column 'tanggal' in 'field list' in C:\xampp\htdocs\kemahasiswaan\vendor\codeigniter4\framework\system\Database\MySQLi\Connection.php:314
Stack trace:
#0 C:\xampp\htdocs\kemahasiswaan\vendor\codeigniter4\framework\system\Database\MySQLi\Connection.php(314): mysqli->query('SELECT `nama_ag...')
#1 C:\xampp\htdocs\kemahasiswaan\vendor\codeigniter4\framework\system\Database\BaseConnection.php(713): CodeIgniter\Database\MySQLi\Connection->execute('SELECT `nama_ag...')
#2 C:\xampp\htdocs\kemahasiswaan\vendor\codeigniter4\framework\system\Database\BaseConnection.php(641): CodeIgniter\Database\BaseConnection->simpleQuery('SELECT `nama_ag...')
#3 C:\xampp\htdocs\kemahasiswaan\vendor\codeigniter4\framework\system\Database\BaseBuilder.php(1866): CodeIgniter\Database\BaseConnection->query('SELECT `nama_ag...', Array, false)
#4 C:\xampp\htdocs\kemahasiswaan\modules\ManageLayoutFront\Views\home.php(28): CodeIgniter\Database\BaseBuilder->get()
#5 C:\xampp\htdocs\kemahasiswaan\vendor\codeigniter4\framework\system\View\View.php(220): include('C:\\xampp\\htdocs...')
#6 C:\xampp\htdocs\kemahasiswaan\vendor\codeigniter4\framework\system\View\View.php(222): CodeIgniter\View\View->CodeIgniter\View\{closure}()
#7 C:\xampp\htdocs\kemahasiswaan\vendor\codeigniter4\framework\system\Common.php(1217): CodeIgniter\View\View->render('Modules\\ManageL...', Array, true)
#8 C:\xampp\htdocs\kemahasiswaan\modules\ManageLayoutFront\Controllers\Layout.php(33): view('Modules\\ManageL...', Array)
#9 C:\xampp\htdocs\kemahasiswaan\vendor\codeigniter4\framework\system\CodeIgniter.php(940): Modules\ManageLayoutFront\Controllers\Layout->index()
#10 C:\xampp\htdocs\kemahasiswaan\vendor\codeigniter4\framework\system\CodeIgniter.php(436): CodeIgniter\CodeIgniter->runController(Object(Modules\ManageLayoutFront\Controllers\Layout))
#11 C:\xampp\htdocs\kemahasiswaan\vendor\codeigniter4\framework\system\CodeIgniter.php(337): CodeIgniter\CodeIgniter->handleRequest(NULL, Object(Config\Cache), false)
#12 C:\xampp\htdocs\kemahasiswaan\public\index.php(44): CodeIgniter\CodeIgniter->run()
#13 C:\xampp\htdocs\kemahasiswaan\vendor\codeigniter4\framework\system\Commands\Server\rewrite.php(45): require_once('C:\\xampp\\htdocs...')
#14 {main}
CRITICAL - 2021-08-13 09:54:22 --> Unknown column 'tanggal' in 'field list'
#0 C:\xampp\htdocs\kemahasiswaan\vendor\codeigniter4\framework\system\Database\MySQLi\Connection.php(314): mysqli->query('SELECT `nama_ag...')
#1 C:\xampp\htdocs\kemahasiswaan\vendor\codeigniter4\framework\system\Database\BaseConnection.php(713): CodeIgniter\Database\MySQLi\Connection->execute('SELECT `nama_ag...')
#2 C:\xampp\htdocs\kemahasiswaan\vendor\codeigniter4\framework\system\Database\BaseConnection.php(641): CodeIgniter\Database\BaseConnection->simpleQuery('SELECT `nama_ag...')
#3 C:\xampp\htdocs\kemahasiswaan\vendor\codeigniter4\framework\system\Database\BaseBuilder.php(1866): CodeIgniter\Database\BaseConnection->query('SELECT `nama_ag...', Array, false)
#4 C:\xampp\htdocs\kemahasiswaan\modules\ManageLayoutFront\Views\home.php(28): CodeIgniter\Database\BaseBuilder->get()
#5 C:\xampp\htdocs\kemahasiswaan\vendor\codeigniter4\framework\system\View\View.php(220): include('C:\\xampp\\htdocs...')
#6 C:\xampp\htdocs\kemahasiswaan\vendor\codeigniter4\framework\system\View\View.php(222): CodeIgniter\View\View->CodeIgniter\View\{closure}()
#7 C:\xampp\htdocs\kemahasiswaan\vendor\codeigniter4\framework\system\Common.php(1217): CodeIgniter\View\View->render('Modules\\ManageL...', Array, true)
#8 C:\xampp\htdocs\kemahasiswaan\modules\ManageLayoutFront\Controllers\Layout.php(33): view('Modules\\ManageL...', Array)
#9 C:\xampp\htdocs\kemahasiswaan\vendor\codeigniter4\framework\system\CodeIgniter.php(940): Modules\ManageLayoutFront\Controllers\Layout->index()
#10 C:\xampp\htdocs\kemahasiswaan\vendor\codeigniter4\framework\system\CodeIgniter.php(436): CodeIgniter\CodeIgniter->runController(Object(Modules\ManageLayoutFront\Controllers\Layout))
#11 C:\xampp\htdocs\kemahasiswaan\vendor\codeigniter4\framework\system\CodeIgniter.php(337): CodeIgniter\CodeIgniter->handleRequest(NULL, Object(Config\Cache), false)
#12 C:\xampp\htdocs\kemahasiswaan\public\index.php(44): CodeIgniter\CodeIgniter->run()
#13 C:\xampp\htdocs\kemahasiswaan\vendor\codeigniter4\framework\system\Commands\Server\rewrite.php(45): require_once('C:\\xampp\\htdocs...')
#14 {main}
ERROR - 2021-08-13 09:54:52 --> mysqli_sql_exception: Unknown column 'tanggal' in 'order clause' in C:\xampp\htdocs\kemahasiswaan\vendor\codeigniter4\framework\system\Database\MySQLi\Connection.php:314
Stack trace:
#0 C:\xampp\htdocs\kemahasiswaan\vendor\codeigniter4\framework\system\Database\MySQLi\Connection.php(314): mysqli->query('SELECT `nama_ag...')
#1 C:\xampp\htdocs\kemahasiswaan\vendor\codeigniter4\framework\system\Database\BaseConnection.php(713): CodeIgniter\Database\MySQLi\Connection->execute('SELECT `nama_ag...')
#2 C:\xampp\htdocs\kemahasiswaan\vendor\codeigniter4\framework\system\Database\BaseConnection.php(641): CodeIgniter\Database\BaseConnection->simpleQuery('SELECT `nama_ag...')
#3 C:\xampp\htdocs\kemahasiswaan\vendor\codeigniter4\framework\system\Database\BaseBuilder.php(1866): CodeIgniter\Database\BaseConnection->query('SELECT `nama_ag...', Array, false)
#4 C:\xampp\htdocs\kemahasiswaan\modules\ManageLayoutFront\Views\home.php(28): CodeIgniter\Database\BaseBuilder->get()
#5 C:\xampp\htdocs\kemahasiswaan\vendor\codeigniter4\framework\system\View\View.php(220): include('C:\\xampp\\htdocs...')
#6 C:\xampp\htdocs\kemahasiswaan\vendor\codeigniter4\framework\system\View\View.php(222): CodeIgniter\View\View->CodeIgniter\View\{closure}()
#7 C:\xampp\htdocs\kemahasiswaan\vendor\codeigniter4\framework\system\Common.php(1217): CodeIgniter\View\View->render('Modules\\ManageL...', Array, true)
#8 C:\xampp\htdocs\kemahasiswaan\modules\ManageLayoutFront\Controllers\Layout.php(33): view('Modules\\ManageL...', Array)
#9 C:\xampp\htdocs\kemahasiswaan\vendor\codeigniter4\framework\system\CodeIgniter.php(940): Modules\ManageLayoutFront\Controllers\Layout->index()
#10 C:\xampp\htdocs\kemahasiswaan\vendor\codeigniter4\framework\system\CodeIgniter.php(436): CodeIgniter\CodeIgniter->runController(Object(Modules\ManageLayoutFront\Controllers\Layout))
#11 C:\xampp\htdocs\kemahasiswaan\vendor\codeigniter4\framework\system\CodeIgniter.php(337): CodeIgniter\CodeIgniter->handleRequest(NULL, Object(Config\Cache), false)
#12 C:\xampp\htdocs\kemahasiswaan\public\index.php(44): CodeIgniter\CodeIgniter->run()
#13 C:\xampp\htdocs\kemahasiswaan\vendor\codeigniter4\framework\system\Commands\Server\rewrite.php(45): require_once('C:\\xampp\\htdocs...')
#14 {main}
CRITICAL - 2021-08-13 09:54:52 --> Unknown column 'tanggal' in 'order clause'
#0 C:\xampp\htdocs\kemahasiswaan\vendor\codeigniter4\framework\system\Database\MySQLi\Connection.php(314): mysqli->query('SELECT `nama_ag...')
#1 C:\xampp\htdocs\kemahasiswaan\vendor\codeigniter4\framework\system\Database\BaseConnection.php(713): CodeIgniter\Database\MySQLi\Connection->execute('SELECT `nama_ag...')
#2 C:\xampp\htdocs\kemahasiswaan\vendor\codeigniter4\framework\system\Database\BaseConnection.php(641): CodeIgniter\Database\BaseConnection->simpleQuery('SELECT `nama_ag...')
#3 C:\xampp\htdocs\kemahasiswaan\vendor\codeigniter4\framework\system\Database\BaseBuilder.php(1866): CodeIgniter\Database\BaseConnection->query('SELECT `nama_ag...', Array, false)
#4 C:\xampp\htdocs\kemahasiswaan\modules\ManageLayoutFront\Views\home.php(28): CodeIgniter\Database\BaseBuilder->get()
#5 C:\xampp\htdocs\kemahasiswaan\vendor\codeigniter4\framework\system\View\View.php(220): include('C:\\xampp\\htdocs...')
#6 C:\xampp\htdocs\kemahasiswaan\vendor\codeigniter4\framework\system\View\View.php(222): CodeIgniter\View\View->CodeIgniter\View\{closure}()
#7 C:\xampp\htdocs\kemahasiswaan\vendor\codeigniter4\framework\system\Common.php(1217): CodeIgniter\View\View->render('Modules\\ManageL...', Array, true)
#8 C:\xampp\htdocs\kemahasiswaan\modules\ManageLayoutFront\Controllers\Layout.php(33): view('Modules\\ManageL...', Array)
#9 C:\xampp\htdocs\kemahasiswaan\vendor\codeigniter4\framework\system\CodeIgniter.php(940): Modules\ManageLayoutFront\Controllers\Layout->index()
#10 C:\xampp\htdocs\kemahasiswaan\vendor\codeigniter4\framework\system\CodeIgniter.php(436): CodeIgniter\CodeIgniter->runController(Object(Modules\ManageLayoutFront\Controllers\Layout))
#11 C:\xampp\htdocs\kemahasiswaan\vendor\codeigniter4\framework\system\CodeIgniter.php(337): CodeIgniter\CodeIgniter->handleRequest(NULL, Object(Config\Cache), false)
#12 C:\xampp\htdocs\kemahasiswaan\public\index.php(44): CodeIgniter\CodeIgniter->run()
#13 C:\xampp\htdocs\kemahasiswaan\vendor\codeigniter4\framework\system\Commands\Server\rewrite.php(45): require_once('C:\\xampp\\htdocs...')
#14 {main}
ERROR - 2021-08-13 09:54:56 --> mysqli_sql_exception: Unknown column 'tanggal' in 'order clause' in C:\xampp\htdocs\kemahasiswaan\vendor\codeigniter4\framework\system\Database\MySQLi\Connection.php:314
Stack trace:
#0 C:\xampp\htdocs\kemahasiswaan\vendor\codeigniter4\framework\system\Database\MySQLi\Connection.php(314): mysqli->query('SELECT `nama_ag...')
#1 C:\xampp\htdocs\kemahasiswaan\vendor\codeigniter4\framework\system\Database\BaseConnection.php(713): CodeIgniter\Database\MySQLi\Connection->execute('SELECT `nama_ag...')
#2 C:\xampp\htdocs\kemahasiswaan\vendor\codeigniter4\framework\system\Database\BaseConnection.php(641): CodeIgniter\Database\BaseConnection->simpleQuery('SELECT `nama_ag...')
#3 C:\xampp\htdocs\kemahasiswaan\vendor\codeigniter4\framework\system\Database\BaseBuilder.php(1866): CodeIgniter\Database\BaseConnection->query('SELECT `nama_ag...', Array, false)
#4 C:\xampp\htdocs\kemahasiswaan\modules\ManageLayoutFront\Views\home.php(28): CodeIgniter\Database\BaseBuilder->get()
#5 C:\xampp\htdocs\kemahasiswaan\vendor\codeigniter4\framework\system\View\View.php(220): include('C:\\xampp\\htdocs...')
#6 C:\xampp\htdocs\kemahasiswaan\vendor\codeigniter4\framework\system\View\View.php(222): CodeIgniter\View\View->CodeIgniter\View\{closure}()
#7 C:\xampp\htdocs\kemahasiswaan\vendor\codeigniter4\framework\system\Common.php(1217): CodeIgniter\View\View->render('Modules\\ManageL...', Array, true)
#8 C:\xampp\htdocs\kemahasiswaan\modules\ManageLayoutFront\Controllers\Layout.php(33): view('Modules\\ManageL...', Array)
#9 C:\xampp\htdocs\kemahasiswaan\vendor\codeigniter4\framework\system\CodeIgniter.php(940): Modules\ManageLayoutFront\Controllers\Layout->index()
#10 C:\xampp\htdocs\kemahasiswaan\vendor\codeigniter4\framework\system\CodeIgniter.php(436): CodeIgniter\CodeIgniter->runController(Object(Modules\ManageLayoutFront\Controllers\Layout))
#11 C:\xampp\htdocs\kemahasiswaan\vendor\codeigniter4\framework\system\CodeIgniter.php(337): CodeIgniter\CodeIgniter->handleRequest(NULL, Object(Config\Cache), false)
#12 C:\xampp\htdocs\kemahasiswaan\public\index.php(44): CodeIgniter\CodeIgniter->run()
#13 C:\xampp\htdocs\kemahasiswaan\vendor\codeigniter4\framework\system\Commands\Server\rewrite.php(45): require_once('C:\\xampp\\htdocs...')
#14 {main}
CRITICAL - 2021-08-13 09:54:56 --> Unknown column 'tanggal' in 'order clause'
#0 C:\xampp\htdocs\kemahasiswaan\vendor\codeigniter4\framework\system\Database\MySQLi\Connection.php(314): mysqli->query('SELECT `nama_ag...')
#1 C:\xampp\htdocs\kemahasiswaan\vendor\codeigniter4\framework\system\Database\BaseConnection.php(713): CodeIgniter\Database\MySQLi\Connection->execute('SELECT `nama_ag...')
#2 C:\xampp\htdocs\kemahasiswaan\vendor\codeigniter4\framework\system\Database\BaseConnection.php(641): CodeIgniter\Database\BaseConnection->simpleQuery('SELECT `nama_ag...')
#3 C:\xampp\htdocs\kemahasiswaan\vendor\codeigniter4\framework\system\Database\BaseBuilder.php(1866): CodeIgniter\Database\BaseConnection->query('SELECT `nama_ag...', Array, false)
#4 C:\xampp\htdocs\kemahasiswaan\modules\ManageLayoutFront\Views\home.php(28): CodeIgniter\Database\BaseBuilder->get()
#5 C:\xampp\htdocs\kemahasiswaan\vendor\codeigniter4\framework\system\View\View.php(220): include('C:\\xampp\\htdocs...')
#6 C:\xampp\htdocs\kemahasiswaan\vendor\codeigniter4\framework\system\View\View.php(222): CodeIgniter\View\View->CodeIgniter\View\{closure}()
#7 C:\xampp\htdocs\kemahasiswaan\vendor\codeigniter4\framework\system\Common.php(1217): CodeIgniter\View\View->render('Modules\\ManageL...', Array, true)
#8 C:\xampp\htdocs\kemahasiswaan\modules\ManageLayoutFront\Controllers\Layout.php(33): view('Modules\\ManageL...', Array)
#9 C:\xampp\htdocs\kemahasiswaan\vendor\codeigniter4\framework\system\CodeIgniter.php(940): Modules\ManageLayoutFront\Controllers\Layout->index()
#10 C:\xampp\htdocs\kemahasiswaan\vendor\codeigniter4\framework\system\CodeIgniter.php(436): CodeIgniter\CodeIgniter->runController(Object(Modules\ManageLayoutFront\Controllers\Layout))
#11 C:\xampp\htdocs\kemahasiswaan\vendor\codeigniter4\framework\system\CodeIgniter.php(337): CodeIgniter\CodeIgniter->handleRequest(NULL, Object(Config\Cache), false)
#12 C:\xampp\htdocs\kemahasiswaan\public\index.php(44): CodeIgniter\CodeIgniter->run()
#13 C:\xampp\htdocs\kemahasiswaan\vendor\codeigniter4\framework\system\Commands\Server\rewrite.php(45): require_once('C:\\xampp\\htdocs...')
#14 {main}
CRITICAL - 2021-08-13 10:05:55 --> Undefined variable: tanggal
#0 C:\xampp\htdocs\kemahasiswaan\modules\ManageAgendaFront\Controllers\Agenda.php(22): CodeIgniter\Debug\Exceptions->errorHandler(8, 'Undefined varia...', 'C:\\xampp\\htdocs...', 22, Array)
#1 C:\xampp\htdocs\kemahasiswaan\vendor\codeigniter4\framework\system\CodeIgniter.php(940): Modules\ManageAgendaFront\Controllers\Agenda->index('rahasia-sukses-...', '2021-08-15')
#2 C:\xampp\htdocs\kemahasiswaan\vendor\codeigniter4\framework\system\CodeIgniter.php(436): CodeIgniter\CodeIgniter->runController(Object(Modules\ManageAgendaFront\Controllers\Agenda))
#3 C:\xampp\htdocs\kemahasiswaan\vendor\codeigniter4\framework\system\CodeIgniter.php(337): CodeIgniter\CodeIgniter->handleRequest(NULL, Object(Config\Cache), false)
#4 C:\xampp\htdocs\kemahasiswaan\public\index.php(44): CodeIgniter\CodeIgniter->run()
#5 C:\xampp\htdocs\kemahasiswaan\vendor\codeigniter4\framework\system\Commands\Server\rewrite.php(45): require_once('C:\\xampp\\htdocs...')
#6 {main}
CRITICAL - 2021-08-13 10:06:05 --> Undefined index: slug_content
#0 C:\xampp\htdocs\kemahasiswaan\modules\ManageAgendaFront\Views\agenda.php(48): CodeIgniter\Debug\Exceptions->errorHandler(8, 'Undefined index...', 'C:\\xampp\\htdocs...', 48, Array)
#1 C:\xampp\htdocs\kemahasiswaan\vendor\codeigniter4\framework\system\View\View.php(220): include('C:\\xampp\\htdocs...')
#2 C:\xampp\htdocs\kemahasiswaan\vendor\codeigniter4\framework\system\View\View.php(222): CodeIgniter\View\View->CodeIgniter\View\{closure}()
#3 C:\xampp\htdocs\kemahasiswaan\vendor\codeigniter4\framework\system\Common.php(1217): CodeIgniter\View\View->render('Modules\\ManageA...', Array, true)
#4 C:\xampp\htdocs\kemahasiswaan\modules\ManageAgendaFront\Controllers\Agenda.php(41): view('Modules\\ManageA...', Array)
#5 C:\xampp\htdocs\kemahasiswaan\vendor\codeigniter4\framework\system\CodeIgniter.php(940): Modules\ManageAgendaFront\Controllers\Agenda->index('rahasia-sukses-...', '2021-08-15')
#6 C:\xampp\htdocs\kemahasiswaan\vendor\codeigniter4\framework\system\CodeIgniter.php(436): CodeIgniter\CodeIgniter->runController(Object(Modules\ManageAgendaFront\Controllers\Agenda))
#7 C:\xampp\htdocs\kemahasiswaan\vendor\codeigniter4\framework\system\CodeIgniter.php(337): CodeIgniter\CodeIgniter->handleRequest(NULL, Object(Config\Cache), false)
#8 C:\xampp\htdocs\kemahasiswaan\public\index.php(44): CodeIgniter\CodeIgniter->run()
#9 C:\xampp\htdocs\kemahasiswaan\vendor\codeigniter4\framework\system\Commands\Server\rewrite.php(45): require_once('C:\\xampp\\htdocs...')
#10 {main}
CRITICAL - 2021-08-13 10:16:52 --> explode() expects at least 2 parameters, 1 given
#0 [internal function]: CodeIgniter\Debug\Exceptions->errorHandler(2, 'explode() expec...', 'C:\\xampp\\htdocs...', 69, Array)
#1 C:\xampp\htdocs\kemahasiswaan\modules\ManageAgendaFront\Views\agenda.php(69): explode('2021-08-15 09:3...')
#2 C:\xampp\htdocs\kemahasiswaan\vendor\codeigniter4\framework\system\View\View.php(220): include('C:\\xampp\\htdocs...')
#3 C:\xampp\htdocs\kemahasiswaan\vendor\codeigniter4\framework\system\View\View.php(222): CodeIgniter\View\View->CodeIgniter\View\{closure}()
#4 C:\xampp\htdocs\kemahasiswaan\vendor\codeigniter4\framework\system\Common.php(1217): CodeIgniter\View\View->render('Modules\\ManageA...', Array, true)
#5 C:\xampp\htdocs\kemahasiswaan\modules\ManageAgendaFront\Controllers\Agenda.php(41): view('Modules\\ManageA...', Array)
#6 C:\xampp\htdocs\kemahasiswaan\vendor\codeigniter4\framework\system\CodeIgniter.php(940): Modules\ManageAgendaFront\Controllers\Agenda->index('rahasia-sukses-...', '2021-08-15')
#7 C:\xampp\htdocs\kemahasiswaan\vendor\codeigniter4\framework\system\CodeIgniter.php(436): CodeIgniter\CodeIgniter->runController(Object(Modules\ManageAgendaFront\Controllers\Agenda))
#8 C:\xampp\htdocs\kemahasiswaan\vendor\codeigniter4\framework\system\CodeIgniter.php(337): CodeIgniter\CodeIgniter->handleRequest(NULL, Object(Config\Cache), false)
#9 C:\xampp\htdocs\kemahasiswaan\public\index.php(44): CodeIgniter\CodeIgniter->run()
#10 C:\xampp\htdocs\kemahasiswaan\vendor\codeigniter4\framework\system\Commands\Server\rewrite.php(45): require_once('C:\\xampp\\htdocs...')
#11 {main}
CRITICAL - 2021-08-13 10:17:05 --> Call to undefined function tanggal_indeonesia_lengkap()
#0 C:\xampp\htdocs\kemahasiswaan\vendor\codeigniter4\framework\system\View\View.php(220): include()
#1 C:\xampp\htdocs\kemahasiswaan\vendor\codeigniter4\framework\system\View\View.php(222): CodeIgniter\View\View->CodeIgniter\View\{closure}()
#2 C:\xampp\htdocs\kemahasiswaan\vendor\codeigniter4\framework\system\Common.php(1217): CodeIgniter\View\View->render('Modules\\ManageA...', Array, true)
#3 C:\xampp\htdocs\kemahasiswaan\modules\ManageAgendaFront\Controllers\Agenda.php(41): view('Modules\\ManageA...', Array)
#4 C:\xampp\htdocs\kemahasiswaan\vendor\codeigniter4\framework\system\CodeIgniter.php(940): Modules\ManageAgendaFront\Controllers\Agenda->index('rahasia-sukses-...', '2021-08-15')
#5 C:\xampp\htdocs\kemahasiswaan\vendor\codeigniter4\framework\system\CodeIgniter.php(436): CodeIgniter\CodeIgniter->runController(Object(Modules\ManageAgendaFront\Controllers\Agenda))
#6 C:\xampp\htdocs\kemahasiswaan\vendor\codeigniter4\framework\system\CodeIgniter.php(337): CodeIgniter\CodeIgniter->handleRequest(NULL, Object(Config\Cache), false)
#7 C:\xampp\htdocs\kemahasiswaan\public\index.php(44): CodeIgniter\CodeIgniter->run()
#8 C:\xampp\htdocs\kemahasiswaan\vendor\codeigniter4\framework\system\Commands\Server\rewrite.php(45): require_once('C:\\xampp\\htdocs...')
#9 {main}
CRITICAL - 2021-08-13 10:20:25 --> Undefined index: waktu_agenda
#0 C:\xampp\htdocs\kemahasiswaan\modules\ManageAgendaFront\Views\agenda.php(70): CodeIgniter\Debug\Exceptions->errorHandler(8, 'Undefined index...', 'C:\\xampp\\htdocs...', 70, Array)
#1 C:\xampp\htdocs\kemahasiswaan\vendor\codeigniter4\framework\system\View\View.php(220): include('C:\\xampp\\htdocs...')
#2 C:\xampp\htdocs\kemahasiswaan\vendor\codeigniter4\framework\system\View\View.php(222): CodeIgniter\View\View->CodeIgniter\View\{closure}()
#3 C:\xampp\htdocs\kemahasiswaan\vendor\codeigniter4\framework\system\Common.php(1217): CodeIgniter\View\View->render('Modules\\ManageA...', Array, true)
#4 C:\xampp\htdocs\kemahasiswaan\modules\ManageAgendaFront\Controllers\Agenda.php(41): view('Modules\\ManageA...', Array)
#5 C:\xampp\htdocs\kemahasiswaan\vendor\codeigniter4\framework\system\CodeIgniter.php(940): Modules\ManageAgendaFront\Controllers\Agenda->index('rahasia-sukses-...', '2021-08-15')
#6 C:\xampp\htdocs\kemahasiswaan\vendor\codeigniter4\framework\system\CodeIgniter.php(436): CodeIgniter\CodeIgniter->runController(Object(Modules\ManageAgendaFront\Controllers\Agenda))
#7 C:\xampp\htdocs\kemahasiswaan\vendor\codeigniter4\framework\system\CodeIgniter.php(337): CodeIgniter\CodeIgniter->handleRequest(NULL, Object(Config\Cache), false)
#8 C:\xampp\htdocs\kemahasiswaan\public\index.php(44): CodeIgniter\CodeIgniter->run()
#9 C:\xampp\htdocs\kemahasiswaan\vendor\codeigniter4\framework\system\Commands\Server\rewrite.php(45): require_once('C:\\xampp\\htdocs...')
#10 {main}
CRITICAL - 2021-08-13 11:15:03 --> Undefined variable: title_sub
#0 C:\xampp\htdocs\kemahasiswaan\modules\ManageMbkm\Views\mengajar_sekolah_tambah.php(16): CodeIgniter\Debug\Exceptions->errorHandler(8, 'Undefined varia...', 'C:\\xampp\\htdocs...', 16, Array)
#1 C:\xampp\htdocs\kemahasiswaan\vendor\codeigniter4\framework\system\View\View.php(220): include('C:\\xampp\\htdocs...')
#2 C:\xampp\htdocs\kemahasiswaan\vendor\codeigniter4\framework\system\View\View.php(222): CodeIgniter\View\View->CodeIgniter\View\{closure}()
#3 C:\xampp\htdocs\kemahasiswaan\vendor\codeigniter4\framework\system\Common.php(1217): CodeIgniter\View\View->render('Modules\\ManageM...', Array, true)
#4 C:\xampp\htdocs\kemahasiswaan\modules\ManageMbkm\Controllers\DataMbkmMengajarDiSekolah.php(47): view('Modules\\ManageM...', Array)
#5 C:\xampp\htdocs\kemahasiswaan\vendor\codeigniter4\framework\system\CodeIgniter.php(940): Modules\ManageMbkm\Controllers\DataMbkmMengajarDiSekolah->mbkm_tambah()
#6 C:\xampp\htdocs\kemahasiswaan\vendor\codeigniter4\framework\system\CodeIgniter.php(436): CodeIgniter\CodeIgniter->runController(Object(Modules\ManageMbkm\Controllers\DataMbkmMengajarDiSekolah))
#7 C:\xampp\htdocs\kemahasiswaan\vendor\codeigniter4\framework\system\CodeIgniter.php(337): CodeIgniter\CodeIgniter->handleRequest(NULL, Object(Config\Cache), false)
#8 C:\xampp\htdocs\kemahasiswaan\public\index.php(44): CodeIgniter\CodeIgniter->run()
#9 C:\xampp\htdocs\kemahasiswaan\vendor\codeigniter4\framework\system\Commands\Server\rewrite.php(45): require_once('C:\\xampp\\htdocs...')
#10 {main}
CRITICAL - 2021-08-13 11:37:13 --> Undefined variable: title_sub
#0 C:\xampp\htdocs\kemahasiswaan\modules\ManageMbkm\Views\penelitian_riset_tambah.php(16): CodeIgniter\Debug\Exceptions->errorHandler(8, 'Undefined varia...', 'C:\\xampp\\htdocs...', 16, Array)
#1 C:\xampp\htdocs\kemahasiswaan\vendor\codeigniter4\framework\system\View\View.php(220): include('C:\\xampp\\htdocs...')
#2 C:\xampp\htdocs\kemahasiswaan\vendor\codeigniter4\framework\system\View\View.php(222): CodeIgniter\View\View->CodeIgniter\View\{closure}()
#3 C:\xampp\htdocs\kemahasiswaan\vendor\codeigniter4\framework\system\Common.php(1217): CodeIgniter\View\View->render('Modules\\ManageM...', Array, true)
#4 C:\xampp\htdocs\kemahasiswaan\modules\ManageMbkm\Controllers\DataMbkmPenelitianRiset.php(47): view('Modules\\ManageM...', Array)
#5 C:\xampp\htdocs\kemahasiswaan\vendor\codeigniter4\framework\system\CodeIgniter.php(940): Modules\ManageMbkm\Controllers\DataMbkmPenelitianRiset->mbkm_tambah()
#6 C:\xampp\htdocs\kemahasiswaan\vendor\codeigniter4\framework\system\CodeIgniter.php(436): CodeIgniter\CodeIgniter->runController(Object(Modules\ManageMbkm\Controllers\DataMbkmPenelitianRiset))
#7 C:\xampp\htdocs\kemahasiswaan\vendor\codeigniter4\framework\system\CodeIgniter.php(337): CodeIgniter\CodeIgniter->handleRequest(NULL, Object(Config\Cache), false)
#8 C:\xampp\htdocs\kemahasiswaan\public\index.php(44): CodeIgniter\CodeIgniter->run()
#9 C:\xampp\htdocs\kemahasiswaan\vendor\codeigniter4\framework\system\Commands\Server\rewrite.php(45): require_once('C:\\xampp\\htdocs...')
#10 {main}
CRITICAL - 2021-08-13 11:38:29 --> Undefined variable: title_sub
#0 C:\xampp\htdocs\kemahasiswaan\modules\ManageMbkm\Views\penelitian_riset_edit.php(16): CodeIgniter\Debug\Exceptions->errorHandler(8, 'Undefined varia...', 'C:\\xampp\\htdocs...', 16, Array)
#1 C:\xampp\htdocs\kemahasiswaan\vendor\codeigniter4\framework\system\View\View.php(220): include('C:\\xampp\\htdocs...')
#2 C:\xampp\htdocs\kemahasiswaan\vendor\codeigniter4\framework\system\View\View.php(222): CodeIgniter\View\View->CodeIgniter\View\{closure}()
#3 C:\xampp\htdocs\kemahasiswaan\vendor\codeigniter4\framework\system\Common.php(1217): CodeIgniter\View\View->render('Modules\\ManageM...', Array, true)
#4 C:\xampp\htdocs\kemahasiswaan\modules\ManageMbkm\Controllers\DataMbkmPenelitianRiset.php(62): view('Modules\\ManageM...', Array)
#5 C:\xampp\htdocs\kemahasiswaan\vendor\codeigniter4\framework\system\CodeIgniter.php(940): Modules\ManageMbkm\Controllers\DataMbkmPenelitianRiset->mbkm_edit('14a77047c8c4bce...')
#6 C:\xampp\htdocs\kemahasiswaan\vendor\codeigniter4\framework\system\CodeIgniter.php(436): CodeIgniter\CodeIgniter->runController(Object(Modules\ManageMbkm\Controllers\DataMbkmPenelitianRiset))
#7 C:\xampp\htdocs\kemahasiswaan\vendor\codeigniter4\framework\system\CodeIgniter.php(337): CodeIgniter\CodeIgniter->handleRequest(NULL, Object(Config\Cache), false)
#8 C:\xampp\htdocs\kemahasiswaan\public\index.php(44): CodeIgniter\CodeIgniter->run()
#9 C:\xampp\htdocs\kemahasiswaan\vendor\codeigniter4\framework\system\Commands\Server\rewrite.php(45): require_once('C:\\xampp\\htdocs...')
#10 {main}
CRITICAL - 2021-08-13 11:43:40 --> Undefined variable: title_sub
#0 C:\xampp\htdocs\kemahasiswaan\modules\ManageMbkm\Views\pengabdian_tambah.php(16): CodeIgniter\Debug\Exceptions->errorHandler(8, 'Undefined varia...', 'C:\\xampp\\htdocs...', 16, Array)
#1 C:\xampp\htdocs\kemahasiswaan\vendor\codeigniter4\framework\system\View\View.php(220): include('C:\\xampp\\htdocs...')
#2 C:\xampp\htdocs\kemahasiswaan\vendor\codeigniter4\framework\system\View\View.php(222): CodeIgniter\View\View->CodeIgniter\View\{closure}()
#3 C:\xampp\htdocs\kemahasiswaan\vendor\codeigniter4\framework\system\Common.php(1217): CodeIgniter\View\View->render('Modules\\ManageM...', Array, true)
#4 C:\xampp\htdocs\kemahasiswaan\modules\ManageMbkm\Controllers\DataMbkmPengabdian.php(47): view('Modules\\ManageM...', Array)
#5 C:\xampp\htdocs\kemahasiswaan\vendor\codeigniter4\framework\system\CodeIgniter.php(940): Modules\ManageMbkm\Controllers\DataMbkmPengabdian->mbkm_tambah()
#6 C:\xampp\htdocs\kemahasiswaan\vendor\codeigniter4\framework\system\CodeIgniter.php(436): CodeIgniter\CodeIgniter->runController(Object(Modules\ManageMbkm\Controllers\DataMbkmPengabdian))
#7 C:\xampp\htdocs\kemahasiswaan\vendor\codeigniter4\framework\system\CodeIgniter.php(337): CodeIgniter\CodeIgniter->handleRequest(NULL, Object(Config\Cache), false)
#8 C:\xampp\htdocs\kemahasiswaan\public\index.php(44): CodeIgniter\CodeIgniter->run()
#9 C:\xampp\htdocs\kemahasiswaan\vendor\codeigniter4\framework\system\Commands\Server\rewrite.php(45): require_once('C:\\xampp\\htdocs...')
#10 {main}
CRITICAL - 2021-08-13 11:44:42 --> Undefined variable: title_sub
#0 C:\xampp\htdocs\kemahasiswaan\modules\ManageMbkm\Views\pengabdian_edit.php(16): CodeIgniter\Debug\Exceptions->errorHandler(8, 'Undefined varia...', 'C:\\xampp\\htdocs...', 16, Array)
#1 C:\xampp\htdocs\kemahasiswaan\vendor\codeigniter4\framework\system\View\View.php(220): include('C:\\xampp\\htdocs...')
#2 C:\xampp\htdocs\kemahasiswaan\vendor\codeigniter4\framework\system\View\View.php(222): CodeIgniter\View\View->CodeIgniter\View\{closure}()
#3 C:\xampp\htdocs\kemahasiswaan\vendor\codeigniter4\framework\system\Common.php(1217): CodeIgniter\View\View->render('Modules\\ManageM...', Array, true)
#4 C:\xampp\htdocs\kemahasiswaan\modules\ManageMbkm\Controllers\DataMbkmPengabdian.php(62): view('Modules\\ManageM...', Array)
#5 C:\xampp\htdocs\kemahasiswaan\vendor\codeigniter4\framework\system\CodeIgniter.php(940): Modules\ManageMbkm\Controllers\DataMbkmPengabdian->mbkm_edit('9c5de6d98d9f88d...')
#6 C:\xampp\htdocs\kemahasiswaan\vendor\codeigniter4\framework\system\CodeIgniter.php(436): CodeIgniter\CodeIgniter->runController(Object(Modules\ManageMbkm\Controllers\DataMbkmPengabdian))
#7 C:\xampp\htdocs\kemahasiswaan\vendor\codeigniter4\framework\system\CodeIgniter.php(337): CodeIgniter\CodeIgniter->handleRequest(NULL, Object(Config\Cache), false)
#8 C:\xampp\htdocs\kemahasiswaan\public\index.php(44): CodeIgniter\CodeIgniter->run()
#9 C:\xampp\htdocs\kemahasiswaan\vendor\codeigniter4\framework\system\Commands\Server\rewrite.php(45): require_once('C:\\xampp\\htdocs...')
#10 {main}
CRITICAL - 2021-08-13 11:49:49 --> Undefined variable: title_sub
#0 C:\xampp\htdocs\kemahasiswaan\modules\ManageMbkm\Views\proyek_desa_tambah.php(16): CodeIgniter\Debug\Exceptions->errorHandler(8, 'Undefined varia...', 'C:\\xampp\\htdocs...', 16, Array)
#1 C:\xampp\htdocs\kemahasiswaan\vendor\codeigniter4\framework\system\View\View.php(220): include('C:\\xampp\\htdocs...')
#2 C:\xampp\htdocs\kemahasiswaan\vendor\codeigniter4\framework\system\View\View.php(222): CodeIgniter\View\View->CodeIgniter\View\{closure}()
#3 C:\xampp\htdocs\kemahasiswaan\vendor\codeigniter4\framework\system\Common.php(1217): CodeIgniter\View\View->render('Modules\\ManageM...', Array, true)
#4 C:\xampp\htdocs\kemahasiswaan\modules\ManageMbkm\Controllers\DataMbkmProyekDesa.php(46): view('Modules\\ManageM...', Array)
#5 C:\xampp\htdocs\kemahasiswaan\vendor\codeigniter4\framework\system\CodeIgniter.php(940): Modules\ManageMbkm\Controllers\DataMbkmProyekDesa->mbkm_tambah()
#6 C:\xampp\htdocs\kemahasiswaan\vendor\codeigniter4\framework\system\CodeIgniter.php(436): CodeIgniter\CodeIgniter->runController(Object(Modules\ManageMbkm\Controllers\DataMbkmProyekDesa))
#7 C:\xampp\htdocs\kemahasiswaan\vendor\codeigniter4\framework\system\CodeIgniter.php(337): CodeIgniter\CodeIgniter->handleRequest(NULL, Object(Config\Cache), false)
#8 C:\xampp\htdocs\kemahasiswaan\public\index.php(44): CodeIgniter\CodeIgniter->run()
#9 C:\xampp\htdocs\kemahasiswaan\vendor\codeigniter4\framework\system\Commands\Server\rewrite.php(45): require_once('C:\\xampp\\htdocs...')
#10 {main}
CRITICAL - 2021-08-13 11:56:26 --> Trying to access array offset on value of type null
#0 C:\xampp\htdocs\kemahasiswaan\modules\ManageMbkm\Controllers\DataMbkmMagangPraktikKerja.php(282): CodeIgniter\Debug\Exceptions->errorHandler(8, 'Trying to acces...', 'C:\\xampp\\htdocs...', 282, Array)
#1 C:\xampp\htdocs\kemahasiswaan\vendor\codeigniter4\framework\system\CodeIgniter.php(940): Modules\ManageMbkm\Controllers\DataMbkmMagangPraktikKerja->mbkm_update()
#2 C:\xampp\htdocs\kemahasiswaan\vendor\codeigniter4\framework\system\CodeIgniter.php(436): CodeIgniter\CodeIgniter->runController(Object(Modules\ManageMbkm\Controllers\DataMbkmMagangPraktikKerja))
#3 C:\xampp\htdocs\kemahasiswaan\vendor\codeigniter4\framework\system\CodeIgniter.php(337): CodeIgniter\CodeIgniter->handleRequest(NULL, Object(Config\Cache), false)
#4 C:\xampp\htdocs\kemahasiswaan\public\index.php(44): CodeIgniter\CodeIgniter->run()
#5 C:\xampp\htdocs\kemahasiswaan\vendor\codeigniter4\framework\system\Commands\Server\rewrite.php(45): require_once('C:\\xampp\\htdocs...')
#6 {main}
CRITICAL - 2021-08-13 13:30:25 --> You do not have sufficient permissions to access that page.
#0 C:\xampp\htdocs\kemahasiswaan\vendor\codeigniter4\framework\system\Filters\Filters.php(181): Myth\Auth\Filters\PermissionFilter->before(Object(CodeIgniter\HTTP\IncomingRequest), Array)
#1 C:\xampp\htdocs\kemahasiswaan\vendor\codeigniter4\framework\system\CodeIgniter.php(407): CodeIgniter\Filters\Filters->run('manage-proyek-k...', 'before')
#2 C:\xampp\htdocs\kemahasiswaan\vendor\codeigniter4\framework\system\CodeIgniter.php(337): CodeIgniter\CodeIgniter->handleRequest(NULL, Object(Config\Cache), false)
#3 C:\xampp\htdocs\kemahasiswaan\public\index.php(44): CodeIgniter\CodeIgniter->run()
#4 C:\xampp\htdocs\kemahasiswaan\vendor\codeigniter4\framework\system\Commands\Server\rewrite.php(45): require_once('C:\\xampp\\htdocs...')
#5 {main}
CRITICAL - 2021-08-13 13:31:07 --> You do not have sufficient permissions to access that page.
#0 C:\xampp\htdocs\kemahasiswaan\vendor\codeigniter4\framework\system\Filters\Filters.php(181): Myth\Auth\Filters\PermissionFilter->before(Object(CodeIgniter\HTTP\IncomingRequest), Array)
#1 C:\xampp\htdocs\kemahasiswaan\vendor\codeigniter4\framework\system\CodeIgniter.php(407): CodeIgniter\Filters\Filters->run('manage-proyek-k...', 'before')
#2 C:\xampp\htdocs\kemahasiswaan\vendor\codeigniter4\framework\system\CodeIgniter.php(337): CodeIgniter\CodeIgniter->handleRequest(NULL, Object(Config\Cache), false)
#3 C:\xampp\htdocs\kemahasiswaan\public\index.php(44): CodeIgniter\CodeIgniter->run()
#4 C:\xampp\htdocs\kemahasiswaan\vendor\codeigniter4\framework\system\Commands\Server\rewrite.php(45): require_once('C:\\xampp\\htdocs...')
#5 {main}
CRITICAL - 2021-08-13 13:31:56 --> You do not have sufficient permissions to access that page.
#0 C:\xampp\htdocs\kemahasiswaan\vendor\codeigniter4\framework\system\Filters\Filters.php(181): Myth\Auth\Filters\PermissionFilter->before(Object(CodeIgniter\HTTP\IncomingRequest), Array)
#1 C:\xampp\htdocs\kemahasiswaan\vendor\codeigniter4\framework\system\CodeIgniter.php(407): CodeIgniter\Filters\Filters->run('manage-proyek-k...', 'before')
#2 C:\xampp\htdocs\kemahasiswaan\vendor\codeigniter4\framework\system\CodeIgniter.php(337): CodeIgniter\CodeIgniter->handleRequest(NULL, Object(Config\Cache), false)
#3 C:\xampp\htdocs\kemahasiswaan\public\index.php(44): CodeIgniter\CodeIgniter->run()
#4 C:\xampp\htdocs\kemahasiswaan\vendor\codeigniter4\framework\system\Commands\Server\rewrite.php(45): require_once('C:\\xampp\\htdocs...')
#5 {main}
CRITICAL - 2021-08-13 13:34:46 --> Undefined variable: title_sub
#0 C:\xampp\htdocs\kemahasiswaan\modules\ManageMbkm\Views\proyek_kemanusiaan_edit.php(16): CodeIgniter\Debug\Exceptions->errorHandler(8, 'Undefined varia...', 'C:\\xampp\\htdocs...', 16, Array)
#1 C:\xampp\htdocs\kemahasiswaan\vendor\codeigniter4\framework\system\View\View.php(220): include('C:\\xampp\\htdocs...')
#2 C:\xampp\htdocs\kemahasiswaan\vendor\codeigniter4\framework\system\View\View.php(222): CodeIgniter\View\View->CodeIgniter\View\{closure}()
#3 C:\xampp\htdocs\kemahasiswaan\vendor\codeigniter4\framework\system\Common.php(1217): CodeIgniter\View\View->render('Modules\\ManageM...', Array, true)
#4 C:\xampp\htdocs\kemahasiswaan\modules\ManageMbkm\Controllers\DataMbkmProyekKemanusiaan.php(60): view('Modules\\ManageM...', Array)
#5 C:\xampp\htdocs\kemahasiswaan\vendor\codeigniter4\framework\system\CodeIgniter.php(940): Modules\ManageMbkm\Controllers\DataMbkmProyekKemanusiaan->mbkm_edit('c040dc8fb486548...')
#6 C:\xampp\htdocs\kemahasiswaan\vendor\codeigniter4\framework\system\CodeIgniter.php(436): CodeIgniter\CodeIgniter->runController(Object(Modules\ManageMbkm\Controllers\DataMbkmProyekKemanusiaan))
#7 C:\xampp\htdocs\kemahasiswaan\vendor\codeigniter4\framework\system\CodeIgniter.php(337): CodeIgniter\CodeIgniter->handleRequest(NULL, Object(Config\Cache), false)
#8 C:\xampp\htdocs\kemahasiswaan\public\index.php(44): CodeIgniter\CodeIgniter->run()
#9 C:\xampp\htdocs\kemahasiswaan\vendor\codeigniter4\framework\system\Commands\Server\rewrite.php(45): require_once('C:\\xampp\\htdocs...')
#10 {main}
CRITICAL - 2021-08-13 13:42:22 --> Undefined variable: title_sub
#0 C:\xampp\htdocs\kemahasiswaan\modules\ManageMbkm\Views\studi_proyek_independen_tambah.php(16): CodeIgniter\Debug\Exceptions->errorHandler(8, 'Undefined varia...', 'C:\\xampp\\htdocs...', 16, Array)
#1 C:\xampp\htdocs\kemahasiswaan\vendor\codeigniter4\framework\system\View\View.php(220): include('C:\\xampp\\htdocs...')
#2 C:\xampp\htdocs\kemahasiswaan\vendor\codeigniter4\framework\system\View\View.php(222): CodeIgniter\View\View->CodeIgniter\View\{closure}()
#3 C:\xampp\htdocs\kemahasiswaan\vendor\codeigniter4\framework\system\Common.php(1217): CodeIgniter\View\View->render('Modules\\ManageM...', Array, true)
#4 C:\xampp\htdocs\kemahasiswaan\modules\ManageMbkm\Controllers\DataMbkmStudiProyekIndependen.php(47): view('Modules\\ManageM...', Array)
#5 C:\xampp\htdocs\kemahasiswaan\vendor\codeigniter4\framework\system\CodeIgniter.php(940): Modules\ManageMbkm\Controllers\DataMbkmStudiProyekIndependen->mbkm_tambah()
#6 C:\xampp\htdocs\kemahasiswaan\vendor\codeigniter4\framework\system\CodeIgniter.php(436): CodeIgniter\CodeIgniter->runController(Object(Modules\ManageMbkm\Controllers\DataMbkmStudiProyekIndependen))
#7 C:\xampp\htdocs\kemahasiswaan\vendor\codeigniter4\framework\system\CodeIgniter.php(337): CodeIgniter\CodeIgniter->handleRequest(NULL, Object(Config\Cache), false)
#8 C:\xampp\htdocs\kemahasiswaan\public\index.php(44): CodeIgniter\CodeIgniter->run()
#9 C:\xampp\htdocs\kemahasiswaan\vendor\codeigniter4\framework\system\Commands\Server\rewrite.php(45): require_once('C:\\xampp\\htdocs...')
#10 {main}
CRITICAL - 2021-08-13 13:43:25 --> Undefined variable: title_sub
#0 C:\xampp\htdocs\kemahasiswaan\modules\ManageMbkm\Views\studi_proyek_independen_edit.php(16): CodeIgniter\Debug\Exceptions->errorHandler(8, 'Undefined varia...', 'C:\\xampp\\htdocs...', 16, Array)
#1 C:\xampp\htdocs\kemahasiswaan\vendor\codeigniter4\framework\system\View\View.php(220): include('C:\\xampp\\htdocs...')
#2 C:\xampp\htdocs\kemahasiswaan\vendor\codeigniter4\framework\system\View\View.php(222): CodeIgniter\View\View->CodeIgniter\View\{closure}()
#3 C:\xampp\htdocs\kemahasiswaan\vendor\codeigniter4\framework\system\Common.php(1217): CodeIgniter\View\View->render('Modules\\ManageM...', Array, true)
#4 C:\xampp\htdocs\kemahasiswaan\modules\ManageMbkm\Controllers\DataMbkmStudiProyekIndependen.php(62): view('Modules\\ManageM...', Array)
#5 C:\xampp\htdocs\kemahasiswaan\vendor\codeigniter4\framework\system\CodeIgniter.php(940): Modules\ManageMbkm\Controllers\DataMbkmStudiProyekIndependen->mbkm_edit('932d02bab8f5020...')
#6 C:\xampp\htdocs\kemahasiswaan\vendor\codeigniter4\framework\system\CodeIgniter.php(436): CodeIgniter\CodeIgniter->runController(Object(Modules\ManageMbkm\Controllers\DataMbkmStudiProyekIndependen))
#7 C:\xampp\htdocs\kemahasiswaan\vendor\codeigniter4\framework\system\CodeIgniter.php(337): CodeIgniter\CodeIgniter->handleRequest(NULL, Object(Config\Cache), false)
#8 C:\xampp\htdocs\kemahasiswaan\public\index.php(44): CodeIgniter\CodeIgniter->run()
#9 C:\xampp\htdocs\kemahasiswaan\vendor\codeigniter4\framework\system\Commands\Server\rewrite.php(45): require_once('C:\\xampp\\htdocs...')
#10 {main}
CRITICAL - 2021-08-13 13:49:55 --> Trying to access array offset on value of type null
#0 C:\xampp\htdocs\kemahasiswaan\modules\ManageMbkm\Controllers\DataMbkmProyekDesa.php(275): CodeIgniter\Debug\Exceptions->errorHandler(8, 'Trying to acces...', 'C:\\xampp\\htdocs...', 275, Array)
#1 C:\xampp\htdocs\kemahasiswaan\vendor\codeigniter4\framework\system\CodeIgniter.php(940): Modules\ManageMbkm\Controllers\DataMbkmProyekDesa->mbkm_update()
#2 C:\xampp\htdocs\kemahasiswaan\vendor\codeigniter4\framework\system\CodeIgniter.php(436): CodeIgniter\CodeIgniter->runController(Object(Modules\ManageMbkm\Controllers\DataMbkmProyekDesa))
#3 C:\xampp\htdocs\kemahasiswaan\vendor\codeigniter4\framework\system\CodeIgniter.php(337): CodeIgniter\CodeIgniter->handleRequest(NULL, Object(Config\Cache), false)
#4 C:\xampp\htdocs\kemahasiswaan\public\index.php(44): CodeIgniter\CodeIgniter->run()
#5 C:\xampp\htdocs\kemahasiswaan\vendor\codeigniter4\framework\system\Commands\Server\rewrite.php(45): require_once('C:\\xampp\\htdocs...')
#6 {main}
CRITICAL - 2021-08-13 13:50:00 --> Trying to access array offset on value of type null
#0 C:\xampp\htdocs\kemahasiswaan\modules\ManageMbkm\Controllers\DataMbkmProyekDesa.php(275): CodeIgniter\Debug\Exceptions->errorHandler(8, 'Trying to acces...', 'C:\\xampp\\htdocs...', 275, Array)
#1 C:\xampp\htdocs\kemahasiswaan\vendor\codeigniter4\framework\system\CodeIgniter.php(940): Modules\ManageMbkm\Controllers\DataMbkmProyekDesa->mbkm_update()
#2 C:\xampp\htdocs\kemahasiswaan\vendor\codeigniter4\framework\system\CodeIgniter.php(436): CodeIgniter\CodeIgniter->runController(Object(Modules\ManageMbkm\Controllers\DataMbkmProyekDesa))
#3 C:\xampp\htdocs\kemahasiswaan\vendor\codeigniter4\framework\system\CodeIgniter.php(337): CodeIgniter\CodeIgniter->handleRequest(NULL, Object(Config\Cache), false)
#4 C:\xampp\htdocs\kemahasiswaan\public\index.php(44): CodeIgniter\CodeIgniter->run()
#5 C:\xampp\htdocs\kemahasiswaan\vendor\codeigniter4\framework\system\Commands\Server\rewrite.php(45): require_once('C:\\xampp\\htdocs...')
#6 {main}
CRITICAL - 2021-08-13 13:50:18 --> Trying to access array offset on value of type null
#0 C:\xampp\htdocs\kemahasiswaan\modules\ManageMbkm\Controllers\DataMbkmProyekDesa.php(275): CodeIgniter\Debug\Exceptions->errorHandler(8, 'Trying to acces...', 'C:\\xampp\\htdocs...', 275, Array)
#1 C:\xampp\htdocs\kemahasiswaan\vendor\codeigniter4\framework\system\CodeIgniter.php(940): Modules\ManageMbkm\Controllers\DataMbkmProyekDesa->mbkm_update()
#2 C:\xampp\htdocs\kemahasiswaan\vendor\codeigniter4\framework\system\CodeIgniter.php(436): CodeIgniter\CodeIgniter->runController(Object(Modules\ManageMbkm\Controllers\DataMbkmProyekDesa))
#3 C:\xampp\htdocs\kemahasiswaan\vendor\codeigniter4\framework\system\CodeIgniter.php(337): CodeIgniter\CodeIgniter->handleRequest(NULL, Object(Config\Cache), false)
#4 C:\xampp\htdocs\kemahasiswaan\public\index.php(44): CodeIgniter\CodeIgniter->run()
#5 C:\xampp\htdocs\kemahasiswaan\vendor\codeigniter4\framework\system\Commands\Server\rewrite.php(45): require_once('C:\\xampp\\htdocs...')
#6 {main}
CRITICAL - 2021-08-13 13:55:15 --> Undefined variable: title_sub
#0 C:\xampp\htdocs\kemahasiswaan\modules\ManageMbkm\Views\pertukaran_pelajar_tambah.php(16): CodeIgniter\Debug\Exceptions->errorHandler(8, 'Undefined varia...', 'C:\\xampp\\htdocs...', 16, Array)
#1 C:\xampp\htdocs\kemahasiswaan\vendor\codeigniter4\framework\system\View\View.php(220): include('C:\\xampp\\htdocs...')
#2 C:\xampp\htdocs\kemahasiswaan\vendor\codeigniter4\framework\system\View\View.php(222): CodeIgniter\View\View->CodeIgniter\View\{closure}()
#3 C:\xampp\htdocs\kemahasiswaan\vendor\codeigniter4\framework\system\Common.php(1217): CodeIgniter\View\View->render('Modules\\ManageM...', Array, true)
#4 C:\xampp\htdocs\kemahasiswaan\modules\ManageMbkm\Controllers\DataMbkmPertukaranPelajar.php(45): view('Modules\\ManageM...', Array)
#5 C:\xampp\htdocs\kemahasiswaan\vendor\codeigniter4\framework\system\CodeIgniter.php(940): Modules\ManageMbkm\Controllers\DataMbkmPertukaranPelajar->mbkm_tambah()
#6 C:\xampp\htdocs\kemahasiswaan\vendor\codeigniter4\framework\system\CodeIgniter.php(436): CodeIgniter\CodeIgniter->runController(Object(Modules\ManageMbkm\Controllers\DataMbkmPertukaranPelajar))
#7 C:\xampp\htdocs\kemahasiswaan\vendor\codeigniter4\framework\system\CodeIgniter.php(337): CodeIgniter\CodeIgniter->handleRequest(NULL, Object(Config\Cache), false)
#8 C:\xampp\htdocs\kemahasiswaan\public\index.php(44): CodeIgniter\CodeIgniter->run()
#9 C:\xampp\htdocs\kemahasiswaan\vendor\codeigniter4\framework\system\Commands\Server\rewrite.php(45): require_once('C:\\xampp\\htdocs...')
#10 {main}
CRITICAL - 2021-08-13 13:57:48 --> Undefined variable: title_sub
#0 C:\xampp\htdocs\kemahasiswaan\modules\ManageMbkm\Views\pertukaran_pelajar_edit.php(16): CodeIgniter\Debug\Exceptions->errorHandler(8, 'Undefined varia...', 'C:\\xampp\\htdocs...', 16, Array)
#1 C:\xampp\htdocs\kemahasiswaan\vendor\codeigniter4\framework\system\View\View.php(220): include('C:\\xampp\\htdocs...')
#2 C:\xampp\htdocs\kemahasiswaan\vendor\codeigniter4\framework\system\View\View.php(222): CodeIgniter\View\View->CodeIgniter\View\{closure}()
#3 C:\xampp\htdocs\kemahasiswaan\vendor\codeigniter4\framework\system\Common.php(1217): CodeIgniter\View\View->render('Modules\\ManageM...', Array, true)
#4 C:\xampp\htdocs\kemahasiswaan\modules\ManageMbkm\Controllers\DataMbkmPertukaranPelajar.php(59): view('Modules\\ManageM...', Array)
#5 C:\xampp\htdocs\kemahasiswaan\vendor\codeigniter4\framework\system\CodeIgniter.php(940): Modules\ManageMbkm\Controllers\DataMbkmPertukaranPelajar->mbkm_edit('45ca284b8eeff1e...')
#6 C:\xampp\htdocs\kemahasiswaan\vendor\codeigniter4\framework\system\CodeIgniter.php(436): CodeIgniter\CodeIgniter->runController(Object(Modules\ManageMbkm\Controllers\DataMbkmPertukaranPelajar))
#7 C:\xampp\htdocs\kemahasiswaan\vendor\codeigniter4\framework\system\CodeIgniter.php(337): CodeIgniter\CodeIgniter->handleRequest(NULL, Object(Config\Cache), false)
#8 C:\xampp\htdocs\kemahasiswaan\public\index.php(44): CodeIgniter\CodeIgniter->run()
#9 C:\xampp\htdocs\kemahasiswaan\vendor\codeigniter4\framework\system\Commands\Server\rewrite.php(45): require_once('C:\\xampp\\htdocs...')
#10 {main}
ERROR - 2021-08-13 15:25:30 --> mysqli_sql_exception: Table 'database_kemahasiswaan.mbkm_magang' doesn't exist in C:\xampp\htdocs\kemahasiswaan\vendor\codeigniter4\framework\system\Database\MySQLi\Connection.php:314
Stack trace:
#0 C:\xampp\htdocs\kemahasiswaan\vendor\codeigniter4\framework\system\Database\MySQLi\Connection.php(314): mysqli->query('SELECT *\nFROM `...')
#1 C:\xampp\htdocs\kemahasiswaan\vendor\codeigniter4\framework\system\Database\BaseConnection.php(713): CodeIgniter\Database\MySQLi\Connection->execute('SELECT *\nFROM `...')
#2 C:\xampp\htdocs\kemahasiswaan\vendor\codeigniter4\framework\system\Database\BaseConnection.php(641): CodeIgniter\Database\BaseConnection->simpleQuery('SELECT *\nFROM `...')
#3 C:\xampp\htdocs\kemahasiswaan\vendor\codeigniter4\framework\system\Database\BaseBuilder.php(1866): CodeIgniter\Database\BaseConnection->query('SELECT *\nFROM `...', Array, false)
#4 C:\xampp\htdocs\kemahasiswaan\modules\ManageMbkm\Models\ModelMbkmMagangPraktikKerja.php(24): CodeIgniter\Database\BaseBuilder->get()
#5 C:\xampp\htdocs\kemahasiswaan\modules\ManageMbkm\Controllers\DataMbkmMagangPraktikKerja.php(26): Modules\ManageMbkm\Models\ModelMbkmMagangPraktikKerja->get_mbkm()
#6 C:\xampp\htdocs\kemahasiswaan\vendor\codeigniter4\framework\system\CodeIgniter.php(940): Modules\ManageMbkm\Controllers\DataMbkmMagangPraktikKerja->mbkm()
#7 C:\xampp\htdocs\kemahasiswaan\vendor\codeigniter4\framework\system\CodeIgniter.php(436): CodeIgniter\CodeIgniter->runController(Object(Modules\ManageMbkm\Controllers\DataMbkmMagangPraktikKerja))
#8 C:\xampp\htdocs\kemahasiswaan\vendor\codeigniter4\framework\system\CodeIgniter.php(337): CodeIgniter\CodeIgniter->handleRequest(NULL, Object(Config\Cache), false)
#9 C:\xampp\htdocs\kemahasiswaan\public\index.php(44): CodeIgniter\CodeIgniter->run()
#10 C:\xampp\htdocs\kemahasiswaan\vendor\codeigniter4\framework\system\Commands\Server\rewrite.php(45): require_once('C:\\xampp\\htdocs...')
#11 {main}
CRITICAL - 2021-08-13 15:25:30 --> Table 'database_kemahasiswaan.mbkm_magang' doesn't exist
#0 C:\xampp\htdocs\kemahasiswaan\vendor\codeigniter4\framework\system\Database\MySQLi\Connection.php(314): mysqli->query('SELECT *\nFROM `...')
#1 C:\xampp\htdocs\kemahasiswaan\vendor\codeigniter4\framework\system\Database\BaseConnection.php(713): CodeIgniter\Database\MySQLi\Connection->execute('SELECT *\nFROM `...')
#2 C:\xampp\htdocs\kemahasiswaan\vendor\codeigniter4\framework\system\Database\BaseConnection.php(641): CodeIgniter\Database\BaseConnection->simpleQuery('SELECT *\nFROM `...')
#3 C:\xampp\htdocs\kemahasiswaan\vendor\codeigniter4\framework\system\Database\BaseBuilder.php(1866): CodeIgniter\Database\BaseConnection->query('SELECT *\nFROM `...', Array, false)
#4 C:\xampp\htdocs\kemahasiswaan\modules\ManageMbkm\Models\ModelMbkmMagangPraktikKerja.php(24): CodeIgniter\Database\BaseBuilder->get()
#5 C:\xampp\htdocs\kemahasiswaan\modules\ManageMbkm\Controllers\DataMbkmMagangPraktikKerja.php(26): Modules\ManageMbkm\Models\ModelMbkmMagangPraktikKerja->get_mbkm()
#6 C:\xampp\htdocs\kemahasiswaan\vendor\codeigniter4\framework\system\CodeIgniter.php(940): Modules\ManageMbkm\Controllers\DataMbkmMagangPraktikKerja->mbkm()
#7 C:\xampp\htdocs\kemahasiswaan\vendor\codeigniter4\framework\system\CodeIgniter.php(436): CodeIgniter\CodeIgniter->runController(Object(Modules\ManageMbkm\Controllers\DataMbkmMagangPraktikKerja))
#8 C:\xampp\htdocs\kemahasiswaan\vendor\codeigniter4\framework\system\CodeIgniter.php(337): CodeIgniter\CodeIgniter->handleRequest(NULL, Object(Config\Cache), false)
#9 C:\xampp\htdocs\kemahasiswaan\public\index.php(44): CodeIgniter\CodeIgniter->run()
#10 C:\xampp\htdocs\kemahasiswaan\vendor\codeigniter4\framework\system\Commands\Server\rewrite.php(45): require_once('C:\\xampp\\htdocs...')
#11 {main}
ERROR - 2021-08-13 15:37:14 --> mysqli_sql_exception: Table 'database_kemahasiswaan.auth_groups_users' doesn't exist in C:\xampp\htdocs\kemahasiswaan\vendor\codeigniter4\framework\system\Database\MySQLi\Connection.php:314
Stack trace:
#0 C:\xampp\htdocs\kemahasiswaan\vendor\codeigniter4\framework\system\Database\MySQLi\Connection.php(314): mysqli->query('SELECT `auth_gr...')
#1 C:\xampp\htdocs\kemahasiswaan\vendor\codeigniter4\framework\system\Database\BaseConnection.php(713): CodeIgniter\Database\MySQLi\Connection->execute('SELECT `auth_gr...')
#2 C:\xampp\htdocs\kemahasiswaan\vendor\codeigniter4\framework\system\Database\BaseConnection.php(641): CodeIgniter\Database\BaseConnection->simpleQuery('SELECT `auth_gr...')
#3 C:\xampp\htdocs\kemahasiswaan\vendor\codeigniter4\framework\system\Database\BaseBuilder.php(1866): CodeIgniter\Database\BaseConnection->query('SELECT `auth_gr...', Array, false)
#4 C:\xampp\htdocs\kemahasiswaan\modules\ManageLayout\Views\sidebar.php(15): CodeIgniter\Database\BaseBuilder->get()
#5 C:\xampp\htdocs\kemahasiswaan\vendor\codeigniter4\framework\system\View\View.php(220): include('C:\\xampp\\htdocs...')
#6 C:\xampp\htdocs\kemahasiswaan\vendor\codeigniter4\framework\system\View\View.php(222): CodeIgniter\View\View->CodeIgniter\View\{closure}()
#7 C:\xampp\htdocs\kemahasiswaan\vendor\codeigniter4\framework\system\View\View.php(468): CodeIgniter\View\View->render('Modules\\ManageL...', NULL, true)
#8 C:\xampp\htdocs\kemahasiswaan\modules\ManageLayout\Views\layout.php(58): CodeIgniter\View\View->include('Modules\\ManageL...')
#9 C:\xampp\htdocs\kemahasiswaan\vendor\codeigniter4\framework\system\View\View.php(220): include('C:\\xampp\\htdocs...')
#10 C:\xampp\htdocs\kemahasiswaan\vendor\codeigniter4\framework\system\View\View.php(222): CodeIgniter\View\View->CodeIgniter\View\{closure}()
#11 C:\xampp\htdocs\kemahasiswaan\vendor\codeigniter4\framework\system\View\View.php(236): CodeIgniter\View\View->render('Modules\\ManageL...', Array, true)
#12 C:\xampp\htdocs\kemahasiswaan\vendor\codeigniter4\framework\system\Common.php(1217): CodeIgniter\View\View->render('Modules\\ManageL...', Array, true)
#13 C:\xampp\htdocs\kemahasiswaan\modules\ManageLayout\Controllers\Layout.php(42): view('Modules\\ManageL...', Array)
#14 C:\xampp\htdocs\kemahasiswaan\vendor\codeigniter4\framework\system\CodeIgniter.php(940): Modules\ManageLayout\Controllers\Layout->index()
#15 C:\xampp\htdocs\kemahasiswaan\vendor\codeigniter4\framework\system\CodeIgniter.php(436): CodeIgniter\CodeIgniter->runController(Object(Modules\ManageLayout\Controllers\Layout))
#16 C:\xampp\htdocs\kemahasiswaan\vendor\codeigniter4\framework\system\CodeIgniter.php(337): CodeIgniter\CodeIgniter->handleRequest(NULL, Object(Config\Cache), false)
#17 C:\xampp\htdocs\kemahasiswaan\public\index.php(44): CodeIgniter\CodeIgniter->run()
#18 C:\xampp\htdocs\kemahasiswaan\vendor\codeigniter4\framework\system\Commands\Server\rewrite.php(45): require_once('C:\\xampp\\htdocs...')
#19 {main}
CRITICAL - 2021-08-13 15:37:14 --> Table 'database_kemahasiswaan.auth_groups_users' doesn't exist
#0 C:\xampp\htdocs\kemahasiswaan\vendor\codeigniter4\framework\system\Database\MySQLi\Connection.php(314): mysqli->query('SELECT `auth_gr...')
#1 C:\xampp\htdocs\kemahasiswaan\vendor\codeigniter4\framework\system\Database\BaseConnection.php(713): CodeIgniter\Database\MySQLi\Connection->execute('SELECT `auth_gr...')
#2 C:\xampp\htdocs\kemahasiswaan\vendor\codeigniter4\framework\system\Database\BaseConnection.php(641): CodeIgniter\Database\BaseConnection->simpleQuery('SELECT `auth_gr...')
#3 C:\xampp\htdocs\kemahasiswaan\vendor\codeigniter4\framework\system\Database\BaseBuilder.php(1866): CodeIgniter\Database\BaseConnection->query('SELECT `auth_gr...', Array, false)
#4 C:\xampp\htdocs\kemahasiswaan\modules\ManageLayout\Views\sidebar.php(15): CodeIgniter\Database\BaseBuilder->get()
#5 C:\xampp\htdocs\kemahasiswaan\vendor\codeigniter4\framework\system\View\View.php(220): include('C:\\xampp\\htdocs...')
#6 C:\xampp\htdocs\kemahasiswaan\vendor\codeigniter4\framework\system\View\View.php(222): CodeIgniter\View\View->CodeIgniter\View\{closure}()
#7 C:\xampp\htdocs\kemahasiswaan\vendor\codeigniter4\framework\system\View\View.php(468): CodeIgniter\View\View->render('Modules\\ManageL...', NULL, true)
#8 C:\xampp\htdocs\kemahasiswaan\modules\ManageLayout\Views\layout.php(58): CodeIgniter\View\View->include('Modules\\ManageL...')
#9 C:\xampp\htdocs\kemahasiswaan\vendor\codeigniter4\framework\system\View\View.php(220): include('C:\\xampp\\htdocs...')
#10 C:\xampp\htdocs\kemahasiswaan\vendor\codeigniter4\framework\system\View\View.php(222): CodeIgniter\View\View->CodeIgniter\View\{closure}()
#11 C:\xampp\htdocs\kemahasiswaan\vendor\codeigniter4\framework\system\View\View.php(236): CodeIgniter\View\View->render('Modules\\ManageL...', Array, true)
#12 C:\xampp\htdocs\kemahasiswaan\vendor\codeigniter4\framework\system\Common.php(1217): CodeIgniter\View\View->render('Modules\\ManageL...', Array, true)
#13 C:\xampp\htdocs\kemahasiswaan\modules\ManageLayout\Controllers\Layout.php(42): view('Modules\\ManageL...', Array)
#14 C:\xampp\htdocs\kemahasiswaan\vendor\codeigniter4\framework\system\CodeIgniter.php(940): Modules\ManageLayout\Controllers\Layout->index()
#15 C:\xampp\htdocs\kemahasiswaan\vendor\codeigniter4\framework\system\CodeIgniter.php(436): CodeIgniter\CodeIgniter->runController(Object(Modules\ManageLayout\Controllers\Layout))
#16 C:\xampp\htdocs\kemahasiswaan\vendor\codeigniter4\framework\system\CodeIgniter.php(337): CodeIgniter\CodeIgniter->handleRequest(NULL, Object(Config\Cache), false)
#17 C:\xampp\htdocs\kemahasiswaan\public\index.php(44): CodeIgniter\CodeIgniter->run()
#18 C:\xampp\htdocs\kemahasiswaan\vendor\codeigniter4\framework\system\Commands\Server\rewrite.php(45): require_once('C:\\xampp\\htdocs...')
#19 {main}
