CRITICAL - 2021-10-16 10:57:42 --> Invalid file: Modules\ManageLayout\Views\layout.php
#0 C:\xampp\htdocs\github\master\vendor\codeigniter4\framework\system\View\View.php(203): CodeIgniter\Exceptions\FrameworkException::forInvalidFile('Modules\\ManageL...')
#1 C:\xampp\htdocs\github\master\vendor\codeigniter4\framework\system\View\View.php(236): CodeIgniter\View\View->render('Modules\\ManageL...', Array, true)
#2 C:\xampp\htdocs\github\master\vendor\codeigniter4\framework\system\Common.php(1217): CodeIgniter\View\View->render('Modules\\Layout\\...', Array, true)
#3 C:\xampp\htdocs\github\master\modules\Layout\Controllers\Layout.php(42): view('Modules\\Layout\\...', Array)
#4 C:\xampp\htdocs\github\master\vendor\codeigniter4\framework\system\CodeIgniter.php(940): Modules\Layout\Controllers\Layout->index()
#5 C:\xampp\htdocs\github\master\vendor\codeigniter4\framework\system\CodeIgniter.php(436): CodeIgniter\CodeIgniter->runController(Object(Modules\Layout\Controllers\Layout))
#6 C:\xampp\htdocs\github\master\vendor\codeigniter4\framework\system\CodeIgniter.php(337): CodeIgniter\CodeIgniter->handleRequest(NULL, Object(Config\Cache), false)
#7 C:\xampp\htdocs\github\master\public\index.php(44): CodeIgniter\CodeIgniter->run()
#8 C:\xampp\htdocs\github\master\vendor\codeigniter4\framework\system\Commands\Server\rewrite.php(45): require_once('C:\\xampp\\htdocs...')
#9 {main}
CRITICAL - 2021-10-16 10:57:49 --> Invalid file: Modules\ManageLayout\Views\layout.php
#0 C:\xampp\htdocs\github\master\vendor\codeigniter4\framework\system\View\View.php(203): CodeIgniter\Exceptions\FrameworkException::forInvalidFile('Modules\\ManageL...')
#1 C:\xampp\htdocs\github\master\vendor\codeigniter4\framework\system\View\View.php(236): CodeIgniter\View\View->render('Modules\\ManageL...', Array, true)
#2 C:\xampp\htdocs\github\master\vendor\codeigniter4\framework\system\Common.php(1217): CodeIgniter\View\View->render('Modules\\Layout\\...', Array, true)
#3 C:\xampp\htdocs\github\master\modules\Layout\Controllers\Layout.php(42): view('Modules\\Layout\\...', Array)
#4 C:\xampp\htdocs\github\master\vendor\codeigniter4\framework\system\CodeIgniter.php(940): Modules\Layout\Controllers\Layout->index()
#5 C:\xampp\htdocs\github\master\vendor\codeigniter4\framework\system\CodeIgniter.php(436): CodeIgniter\CodeIgniter->runController(Object(Modules\Layout\Controllers\Layout))
#6 C:\xampp\htdocs\github\master\vendor\codeigniter4\framework\system\CodeIgniter.php(337): CodeIgniter\CodeIgniter->handleRequest(NULL, Object(Config\Cache), false)
#7 C:\xampp\htdocs\github\master\public\index.php(44): CodeIgniter\CodeIgniter->run()
#8 C:\xampp\htdocs\github\master\vendor\codeigniter4\framework\system\Commands\Server\rewrite.php(45): require_once('C:\\xampp\\htdocs...')
#9 {main}
CRITICAL - 2021-10-16 10:58:04 --> Invalid file: Modules\ManageLayout\Views\layout.php
#0 C:\xampp\htdocs\github\master\vendor\codeigniter4\framework\system\View\View.php(203): CodeIgniter\Exceptions\FrameworkException::forInvalidFile('Modules\\ManageL...')
#1 C:\xampp\htdocs\github\master\vendor\codeigniter4\framework\system\View\View.php(236): CodeIgniter\View\View->render('Modules\\ManageL...', Array, true)
#2 C:\xampp\htdocs\github\master\vendor\codeigniter4\framework\system\Common.php(1217): CodeIgniter\View\View->render('Modules\\Layout\\...', Array, true)
#3 C:\xampp\htdocs\github\master\modules\Layout\Controllers\Layout.php(42): view('Modules\\Layout\\...', Array)
#4 C:\xampp\htdocs\github\master\vendor\codeigniter4\framework\system\CodeIgniter.php(940): Modules\Layout\Controllers\Layout->index()
#5 C:\xampp\htdocs\github\master\vendor\codeigniter4\framework\system\CodeIgniter.php(436): CodeIgniter\CodeIgniter->runController(Object(Modules\Layout\Controllers\Layout))
#6 C:\xampp\htdocs\github\master\vendor\codeigniter4\framework\system\CodeIgniter.php(337): CodeIgniter\CodeIgniter->handleRequest(NULL, Object(Config\Cache), false)
#7 C:\xampp\htdocs\github\master\public\index.php(44): CodeIgniter\CodeIgniter->run()
#8 C:\xampp\htdocs\github\master\vendor\codeigniter4\framework\system\Commands\Server\rewrite.php(45): require_once('C:\\xampp\\htdocs...')
#9 {main}
CRITICAL - 2021-10-16 10:58:34 --> Invalid file: Modules\ManageLayout\Views\layout.php
#0 C:\xampp\htdocs\github\master\vendor\codeigniter4\framework\system\View\View.php(203): CodeIgniter\Exceptions\FrameworkException::forInvalidFile('Modules\\ManageL...')
#1 C:\xampp\htdocs\github\master\vendor\codeigniter4\framework\system\View\View.php(236): CodeIgniter\View\View->render('Modules\\ManageL...', Array, true)
#2 C:\xampp\htdocs\github\master\vendor\codeigniter4\framework\system\Common.php(1217): CodeIgniter\View\View->render('Modules\\Layout\\...', Array, true)
#3 C:\xampp\htdocs\github\master\modules\Layout\Controllers\Layout.php(42): view('Modules\\Layout\\...', Array)
#4 C:\xampp\htdocs\github\master\vendor\codeigniter4\framework\system\CodeIgniter.php(940): Modules\Layout\Controllers\Layout->index()
#5 C:\xampp\htdocs\github\master\vendor\codeigniter4\framework\system\CodeIgniter.php(436): CodeIgniter\CodeIgniter->runController(Object(Modules\Layout\Controllers\Layout))
#6 C:\xampp\htdocs\github\master\vendor\codeigniter4\framework\system\CodeIgniter.php(337): CodeIgniter\CodeIgniter->handleRequest(NULL, Object(Config\Cache), false)
#7 C:\xampp\htdocs\github\master\public\index.php(44): CodeIgniter\CodeIgniter->run()
#8 C:\xampp\htdocs\github\master\vendor\codeigniter4\framework\system\Commands\Server\rewrite.php(45): require_once('C:\\xampp\\htdocs...')
#9 {main}
CRITICAL - 2021-10-16 10:58:42 --> Invalid file: Modules\ManageLayout\Views\layout.php
#0 C:\xampp\htdocs\github\master\vendor\codeigniter4\framework\system\View\View.php(203): CodeIgniter\Exceptions\FrameworkException::forInvalidFile('Modules\\ManageL...')
#1 C:\xampp\htdocs\github\master\vendor\codeigniter4\framework\system\View\View.php(236): CodeIgniter\View\View->render('Modules\\ManageL...', Array, true)
#2 C:\xampp\htdocs\github\master\vendor\codeigniter4\framework\system\Common.php(1217): CodeIgniter\View\View->render('Modules\\Layout\\...', Array, true)
#3 C:\xampp\htdocs\github\master\modules\Layout\Controllers\Layout.php(42): view('Modules\\Layout\\...', Array)
#4 C:\xampp\htdocs\github\master\vendor\codeigniter4\framework\system\CodeIgniter.php(940): Modules\Layout\Controllers\Layout->index()
#5 C:\xampp\htdocs\github\master\vendor\codeigniter4\framework\system\CodeIgniter.php(436): CodeIgniter\CodeIgniter->runController(Object(Modules\Layout\Controllers\Layout))
#6 C:\xampp\htdocs\github\master\vendor\codeigniter4\framework\system\CodeIgniter.php(337): CodeIgniter\CodeIgniter->handleRequest(NULL, Object(Config\Cache), false)
#7 C:\xampp\htdocs\github\master\public\index.php(44): CodeIgniter\CodeIgniter->run()
#8 C:\xampp\htdocs\github\master\vendor\codeigniter4\framework\system\Commands\Server\rewrite.php(45): require_once('C:\\xampp\\htdocs...')
#9 {main}
CRITICAL - 2021-10-16 11:15:54 --> Invalid file: Modules\ManageLayout\Views\sidebar.php
#0 C:\xampp\htdocs\github\master\vendor\codeigniter4\framework\system\View\View.php(203): CodeIgniter\Exceptions\FrameworkException::forInvalidFile('Modules\\ManageL...')
#1 C:\xampp\htdocs\github\master\vendor\codeigniter4\framework\system\View\View.php(468): CodeIgniter\View\View->render('Modules\\ManageL...', NULL, true)
#2 C:\xampp\htdocs\github\master\modules\Layout\Views\layout.php(242): CodeIgniter\View\View->include('Modules\\ManageL...')
#3 C:\xampp\htdocs\github\master\vendor\codeigniter4\framework\system\View\View.php(220): include('C:\\xampp\\htdocs...')
#4 C:\xampp\htdocs\github\master\vendor\codeigniter4\framework\system\View\View.php(222): CodeIgniter\View\View->CodeIgniter\View\{closure}()
#5 C:\xampp\htdocs\github\master\vendor\codeigniter4\framework\system\View\View.php(236): CodeIgniter\View\View->render('Modules\\Layout\\...', Array, true)
#6 C:\xampp\htdocs\github\master\vendor\codeigniter4\framework\system\Common.php(1217): CodeIgniter\View\View->render('Modules\\Layout\\...', Array, true)
#7 C:\xampp\htdocs\github\master\modules\Layout\Controllers\Layout.php(42): view('Modules\\Layout\\...', Array)
#8 C:\xampp\htdocs\github\master\vendor\codeigniter4\framework\system\CodeIgniter.php(940): Modules\Layout\Controllers\Layout->index()
#9 C:\xampp\htdocs\github\master\vendor\codeigniter4\framework\system\CodeIgniter.php(436): CodeIgniter\CodeIgniter->runController(Object(Modules\Layout\Controllers\Layout))
#10 C:\xampp\htdocs\github\master\vendor\codeigniter4\framework\system\CodeIgniter.php(337): CodeIgniter\CodeIgniter->handleRequest(NULL, Object(Config\Cache), false)
#11 C:\xampp\htdocs\github\master\public\index.php(44): CodeIgniter\CodeIgniter->run()
#12 C:\xampp\htdocs\github\master\vendor\codeigniter4\framework\system\Commands\Server\rewrite.php(45): require_once('C:\\xampp\\htdocs...')
#13 {main}
CRITICAL - 2021-10-16 13:50:25 --> Invalid file: Modules\Layout\Views\header.php
#0 C:\xampp\htdocs\github\master\vendor\codeigniter4\framework\system\View\View.php(203): CodeIgniter\Exceptions\FrameworkException::forInvalidFile('Modules\\Layout\\...')
#1 C:\xampp\htdocs\github\master\vendor\codeigniter4\framework\system\View\View.php(468): CodeIgniter\View\View->render('Modules\\Layout\\...', NULL, true)
#2 C:\xampp\htdocs\github\master\modules\Layout\Views\layout.php(41): CodeIgniter\View\View->include('Modules\\Layout\\...')
#3 C:\xampp\htdocs\github\master\vendor\codeigniter4\framework\system\View\View.php(220): include('C:\\xampp\\htdocs...')
#4 C:\xampp\htdocs\github\master\vendor\codeigniter4\framework\system\View\View.php(222): CodeIgniter\View\View->CodeIgniter\View\{closure}()
#5 C:\xampp\htdocs\github\master\vendor\codeigniter4\framework\system\View\View.php(236): CodeIgniter\View\View->render('Modules\\Layout\\...', Array, true)
#6 C:\xampp\htdocs\github\master\vendor\codeigniter4\framework\system\Common.php(1217): CodeIgniter\View\View->render('Modules\\Layout\\...', Array, true)
#7 C:\xampp\htdocs\github\master\modules\Layout\Controllers\Layout.php(42): view('Modules\\Layout\\...', Array)
#8 C:\xampp\htdocs\github\master\vendor\codeigniter4\framework\system\CodeIgniter.php(940): Modules\Layout\Controllers\Layout->index()
#9 C:\xampp\htdocs\github\master\vendor\codeigniter4\framework\system\CodeIgniter.php(436): CodeIgniter\CodeIgniter->runController(Object(Modules\Layout\Controllers\Layout))
#10 C:\xampp\htdocs\github\master\vendor\codeigniter4\framework\system\CodeIgniter.php(337): CodeIgniter\CodeIgniter->handleRequest(NULL, Object(Config\Cache), false)
#11 C:\xampp\htdocs\github\master\public\index.php(44): CodeIgniter\CodeIgniter->run()
#12 C:\xampp\htdocs\github\master\vendor\codeigniter4\framework\system\Commands\Server\rewrite.php(45): require_once('C:\\xampp\\htdocs...')
#13 {main}
CRITICAL - 2021-10-16 13:50:48 --> Invalid file: Modules\Layout\Views\header.php
#0 C:\xampp\htdocs\github\master\vendor\codeigniter4\framework\system\View\View.php(203): CodeIgniter\Exceptions\FrameworkException::forInvalidFile('Modules\\Layout\\...')
#1 C:\xampp\htdocs\github\master\vendor\codeigniter4\framework\system\View\View.php(468): CodeIgniter\View\View->render('Modules\\Layout\\...', NULL, true)
#2 C:\xampp\htdocs\github\master\modules\Layout\Views\layout.php(41): CodeIgniter\View\View->include('Modules\\Layout\\...')
#3 C:\xampp\htdocs\github\master\vendor\codeigniter4\framework\system\View\View.php(220): include('C:\\xampp\\htdocs...')
#4 C:\xampp\htdocs\github\master\vendor\codeigniter4\framework\system\View\View.php(222): CodeIgniter\View\View->CodeIgniter\View\{closure}()
#5 C:\xampp\htdocs\github\master\vendor\codeigniter4\framework\system\View\View.php(236): CodeIgniter\View\View->render('Modules\\Layout\\...', Array, true)
#6 C:\xampp\htdocs\github\master\vendor\codeigniter4\framework\system\Common.php(1217): CodeIgniter\View\View->render('Modules\\Layout\\...', Array, true)
#7 C:\xampp\htdocs\github\master\modules\Layout\Controllers\Layout.php(42): view('Modules\\Layout\\...', Array)
#8 C:\xampp\htdocs\github\master\vendor\codeigniter4\framework\system\CodeIgniter.php(940): Modules\Layout\Controllers\Layout->index()
#9 C:\xampp\htdocs\github\master\vendor\codeigniter4\framework\system\CodeIgniter.php(436): CodeIgniter\CodeIgniter->runController(Object(Modules\Layout\Controllers\Layout))
#10 C:\xampp\htdocs\github\master\vendor\codeigniter4\framework\system\CodeIgniter.php(337): CodeIgniter\CodeIgniter->handleRequest(NULL, Object(Config\Cache), false)
#11 C:\xampp\htdocs\github\master\public\index.php(44): CodeIgniter\CodeIgniter->run()
#12 C:\xampp\htdocs\github\master\vendor\codeigniter4\framework\system\Commands\Server\rewrite.php(45): require_once('C:\\xampp\\htdocs...')
#13 {main}
CRITICAL - 2021-10-16 13:50:49 --> Invalid file: Modules\Layout\Views\header.php
#0 C:\xampp\htdocs\github\master\vendor\codeigniter4\framework\system\View\View.php(203): CodeIgniter\Exceptions\FrameworkException::forInvalidFile('Modules\\Layout\\...')
#1 C:\xampp\htdocs\github\master\vendor\codeigniter4\framework\system\View\View.php(468): CodeIgniter\View\View->render('Modules\\Layout\\...', NULL, true)
#2 C:\xampp\htdocs\github\master\modules\Layout\Views\layout.php(41): CodeIgniter\View\View->include('Modules\\Layout\\...')
#3 C:\xampp\htdocs\github\master\vendor\codeigniter4\framework\system\View\View.php(220): include('C:\\xampp\\htdocs...')
#4 C:\xampp\htdocs\github\master\vendor\codeigniter4\framework\system\View\View.php(222): CodeIgniter\View\View->CodeIgniter\View\{closure}()
#5 C:\xampp\htdocs\github\master\vendor\codeigniter4\framework\system\View\View.php(236): CodeIgniter\View\View->render('Modules\\Layout\\...', Array, true)
#6 C:\xampp\htdocs\github\master\vendor\codeigniter4\framework\system\Common.php(1217): CodeIgniter\View\View->render('Modules\\Layout\\...', Array, true)
#7 C:\xampp\htdocs\github\master\modules\Layout\Controllers\Layout.php(42): view('Modules\\Layout\\...', Array)
#8 C:\xampp\htdocs\github\master\vendor\codeigniter4\framework\system\CodeIgniter.php(940): Modules\Layout\Controllers\Layout->index()
#9 C:\xampp\htdocs\github\master\vendor\codeigniter4\framework\system\CodeIgniter.php(436): CodeIgniter\CodeIgniter->runController(Object(Modules\Layout\Controllers\Layout))
#10 C:\xampp\htdocs\github\master\vendor\codeigniter4\framework\system\CodeIgniter.php(337): CodeIgniter\CodeIgniter->handleRequest(NULL, Object(Config\Cache), false)
#11 C:\xampp\htdocs\github\master\public\index.php(44): CodeIgniter\CodeIgniter->run()
#12 C:\xampp\htdocs\github\master\vendor\codeigniter4\framework\system\Commands\Server\rewrite.php(45): require_once('C:\\xampp\\htdocs...')
#13 {main}
CRITICAL - 2021-10-16 13:51:12 --> Invalid file: Modules\Layout\Views\headertop.php
#0 C:\xampp\htdocs\github\master\vendor\codeigniter4\framework\system\View\View.php(203): CodeIgniter\Exceptions\FrameworkException::forInvalidFile('Modules\\Layout\\...')
#1 C:\xampp\htdocs\github\master\vendor\codeigniter4\framework\system\View\View.php(468): CodeIgniter\View\View->render('Modules\\Layout\\...', NULL, true)
#2 C:\xampp\htdocs\github\master\modules\Layout\Views\layout.php(41): CodeIgniter\View\View->include('Modules\\Layout\\...')
#3 C:\xampp\htdocs\github\master\vendor\codeigniter4\framework\system\View\View.php(220): include('C:\\xampp\\htdocs...')
#4 C:\xampp\htdocs\github\master\vendor\codeigniter4\framework\system\View\View.php(222): CodeIgniter\View\View->CodeIgniter\View\{closure}()
#5 C:\xampp\htdocs\github\master\vendor\codeigniter4\framework\system\View\View.php(236): CodeIgniter\View\View->render('Modules\\Layout\\...', Array, true)
#6 C:\xampp\htdocs\github\master\vendor\codeigniter4\framework\system\Common.php(1217): CodeIgniter\View\View->render('Modules\\Layout\\...', Array, true)
#7 C:\xampp\htdocs\github\master\modules\Layout\Controllers\Layout.php(42): view('Modules\\Layout\\...', Array)
#8 C:\xampp\htdocs\github\master\vendor\codeigniter4\framework\system\CodeIgniter.php(940): Modules\Layout\Controllers\Layout->index()
#9 C:\xampp\htdocs\github\master\vendor\codeigniter4\framework\system\CodeIgniter.php(436): CodeIgniter\CodeIgniter->runController(Object(Modules\Layout\Controllers\Layout))
#10 C:\xampp\htdocs\github\master\vendor\codeigniter4\framework\system\CodeIgniter.php(337): CodeIgniter\CodeIgniter->handleRequest(NULL, Object(Config\Cache), false)
#11 C:\xampp\htdocs\github\master\public\index.php(44): CodeIgniter\CodeIgniter->run()
#12 C:\xampp\htdocs\github\master\vendor\codeigniter4\framework\system\Commands\Server\rewrite.php(45): require_once('C:\\xampp\\htdocs...')
#13 {main}
CRITICAL - 2021-10-16 13:51:15 --> Invalid file: Modules\Layout\Views\headertop.php
#0 C:\xampp\htdocs\github\master\vendor\codeigniter4\framework\system\View\View.php(203): CodeIgniter\Exceptions\FrameworkException::forInvalidFile('Modules\\Layout\\...')
#1 C:\xampp\htdocs\github\master\vendor\codeigniter4\framework\system\View\View.php(468): CodeIgniter\View\View->render('Modules\\Layout\\...', NULL, true)
#2 C:\xampp\htdocs\github\master\modules\Layout\Views\layout.php(41): CodeIgniter\View\View->include('Modules\\Layout\\...')
#3 C:\xampp\htdocs\github\master\vendor\codeigniter4\framework\system\View\View.php(220): include('C:\\xampp\\htdocs...')
#4 C:\xampp\htdocs\github\master\vendor\codeigniter4\framework\system\View\View.php(222): CodeIgniter\View\View->CodeIgniter\View\{closure}()
#5 C:\xampp\htdocs\github\master\vendor\codeigniter4\framework\system\View\View.php(236): CodeIgniter\View\View->render('Modules\\Layout\\...', Array, true)
#6 C:\xampp\htdocs\github\master\vendor\codeigniter4\framework\system\Common.php(1217): CodeIgniter\View\View->render('Modules\\Layout\\...', Array, true)
#7 C:\xampp\htdocs\github\master\modules\Layout\Controllers\Layout.php(42): view('Modules\\Layout\\...', Array)
#8 C:\xampp\htdocs\github\master\vendor\codeigniter4\framework\system\CodeIgniter.php(940): Modules\Layout\Controllers\Layout->index()
#9 C:\xampp\htdocs\github\master\vendor\codeigniter4\framework\system\CodeIgniter.php(436): CodeIgniter\CodeIgniter->runController(Object(Modules\Layout\Controllers\Layout))
#10 C:\xampp\htdocs\github\master\vendor\codeigniter4\framework\system\CodeIgniter.php(337): CodeIgniter\CodeIgniter->handleRequest(NULL, Object(Config\Cache), false)
#11 C:\xampp\htdocs\github\master\public\index.php(44): CodeIgniter\CodeIgniter->run()
#12 C:\xampp\htdocs\github\master\vendor\codeigniter4\framework\system\Commands\Server\rewrite.php(45): require_once('C:\\xampp\\htdocs...')
#13 {main}
CRITICAL - 2021-10-16 14:47:44 --> Invalid file: Modules\ManageLayout\Views\layout.php
#0 C:\xampp\htdocs\github\master\vendor\codeigniter4\framework\system\View\View.php(203): CodeIgniter\Exceptions\FrameworkException::forInvalidFile('Modules\\ManageL...')
#1 C:\xampp\htdocs\github\master\vendor\codeigniter4\framework\system\View\View.php(236): CodeIgniter\View\View->render('Modules\\ManageL...', Array, true)
#2 C:\xampp\htdocs\github\master\vendor\codeigniter4\framework\system\Common.php(1217): CodeIgniter\View\View->render('Modules\\ManageU...', Array, true)
#3 C:\xampp\htdocs\github\master\modules\ManageUsers\Controllers\DataUsers.php(37): view('Modules\\ManageU...', Array)
#4 C:\xampp\htdocs\github\master\vendor\codeigniter4\framework\system\CodeIgniter.php(940): Modules\ManageUsers\Controllers\DataUsers->index()
#5 C:\xampp\htdocs\github\master\vendor\codeigniter4\framework\system\CodeIgniter.php(436): CodeIgniter\CodeIgniter->runController(Object(Modules\ManageUsers\Controllers\DataUsers))
#6 C:\xampp\htdocs\github\master\vendor\codeigniter4\framework\system\CodeIgniter.php(337): CodeIgniter\CodeIgniter->handleRequest(NULL, Object(Config\Cache), false)
#7 C:\xampp\htdocs\github\master\public\index.php(44): CodeIgniter\CodeIgniter->run()
#8 C:\xampp\htdocs\github\master\vendor\codeigniter4\framework\system\Commands\Server\rewrite.php(45): require_once('C:\\xampp\\htdocs...')
#9 {main}
CRITICAL - 2021-10-16 14:49:54 --> Undefined variable: tema
#0 C:\xampp\htdocs\github\master\modules\Layout\Views\sidebar.php(21): CodeIgniter\Debug\Exceptions->errorHandler(8, 'Undefined varia...', 'C:\\xampp\\htdocs...', 21, Array)
#1 C:\xampp\htdocs\github\master\vendor\codeigniter4\framework\system\View\View.php(220): include('C:\\xampp\\htdocs...')
#2 C:\xampp\htdocs\github\master\vendor\codeigniter4\framework\system\View\View.php(222): CodeIgniter\View\View->CodeIgniter\View\{closure}()
#3 C:\xampp\htdocs\github\master\vendor\codeigniter4\framework\system\View\View.php(468): CodeIgniter\View\View->render('Modules\\Layout\\...', NULL, true)
#4 C:\xampp\htdocs\github\master\modules\Layout\Views\layout.php(47): CodeIgniter\View\View->include('Modules\\Layout\\...')
#5 C:\xampp\htdocs\github\master\vendor\codeigniter4\framework\system\View\View.php(220): include('C:\\xampp\\htdocs...')
#6 C:\xampp\htdocs\github\master\vendor\codeigniter4\framework\system\View\View.php(222): CodeIgniter\View\View->CodeIgniter\View\{closure}()
#7 C:\xampp\htdocs\github\master\vendor\codeigniter4\framework\system\View\View.php(236): CodeIgniter\View\View->render('Modules\\Layout\\...', Array, true)
#8 C:\xampp\htdocs\github\master\vendor\codeigniter4\framework\system\Common.php(1217): CodeIgniter\View\View->render('Modules\\Layout\\...', Array, true)
#9 C:\xampp\htdocs\github\master\modules\Layout\Controllers\Layout.php(42): view('Modules\\Layout\\...', Array)
#10 C:\xampp\htdocs\github\master\vendor\codeigniter4\framework\system\CodeIgniter.php(940): Modules\Layout\Controllers\Layout->index()
#11 C:\xampp\htdocs\github\master\vendor\codeigniter4\framework\system\CodeIgniter.php(436): CodeIgniter\CodeIgniter->runController(Object(Modules\Layout\Controllers\Layout))
#12 C:\xampp\htdocs\github\master\vendor\codeigniter4\framework\system\CodeIgniter.php(337): CodeIgniter\CodeIgniter->handleRequest(NULL, Object(Config\Cache), false)
#13 C:\xampp\htdocs\github\master\public\index.php(44): CodeIgniter\CodeIgniter->run()
#14 C:\xampp\htdocs\github\master\vendor\codeigniter4\framework\system\Commands\Server\rewrite.php(45): require_once('C:\\xampp\\htdocs...')
#15 {main}
CRITICAL - 2021-10-16 14:51:14 --> Undefined variable: bg
#0 C:\xampp\htdocs\github\master\modules\Layout\Views\sidebar.php(38): CodeIgniter\Debug\Exceptions->errorHandler(8, 'Undefined varia...', 'C:\\xampp\\htdocs...', 38, Array)
#1 C:\xampp\htdocs\github\master\vendor\codeigniter4\framework\system\View\View.php(220): include('C:\\xampp\\htdocs...')
#2 C:\xampp\htdocs\github\master\vendor\codeigniter4\framework\system\View\View.php(222): CodeIgniter\View\View->CodeIgniter\View\{closure}()
#3 C:\xampp\htdocs\github\master\vendor\codeigniter4\framework\system\View\View.php(468): CodeIgniter\View\View->render('Modules\\Layout\\...', NULL, true)
#4 C:\xampp\htdocs\github\master\modules\Layout\Views\layout.php(47): CodeIgniter\View\View->include('Modules\\Layout\\...')
#5 C:\xampp\htdocs\github\master\vendor\codeigniter4\framework\system\View\View.php(220): include('C:\\xampp\\htdocs...')
#6 C:\xampp\htdocs\github\master\vendor\codeigniter4\framework\system\View\View.php(222): CodeIgniter\View\View->CodeIgniter\View\{closure}()
#7 C:\xampp\htdocs\github\master\vendor\codeigniter4\framework\system\View\View.php(236): CodeIgniter\View\View->render('Modules\\Layout\\...', Array, true)
#8 C:\xampp\htdocs\github\master\vendor\codeigniter4\framework\system\Common.php(1217): CodeIgniter\View\View->render('Modules\\Layout\\...', Array, true)
#9 C:\xampp\htdocs\github\master\modules\Layout\Controllers\Layout.php(42): view('Modules\\Layout\\...', Array)
#10 C:\xampp\htdocs\github\master\vendor\codeigniter4\framework\system\CodeIgniter.php(940): Modules\Layout\Controllers\Layout->index()
#11 C:\xampp\htdocs\github\master\vendor\codeigniter4\framework\system\CodeIgniter.php(436): CodeIgniter\CodeIgniter->runController(Object(Modules\Layout\Controllers\Layout))
#12 C:\xampp\htdocs\github\master\vendor\codeigniter4\framework\system\CodeIgniter.php(337): CodeIgniter\CodeIgniter->handleRequest(NULL, Object(Config\Cache), false)
#13 C:\xampp\htdocs\github\master\public\index.php(44): CodeIgniter\CodeIgniter->run()
#14 C:\xampp\htdocs\github\master\vendor\codeigniter4\framework\system\Commands\Server\rewrite.php(45): require_once('C:\\xampp\\htdocs...')
#15 {main}
CRITICAL - 2021-10-16 15:28:48 --> Invalid file: Modules\ManageLayout\Views\layout.php
#0 C:\xampp\htdocs\github\master\vendor\codeigniter4\framework\system\View\View.php(203): CodeIgniter\Exceptions\FrameworkException::forInvalidFile('Modules\\ManageL...')
#1 C:\xampp\htdocs\github\master\vendor\codeigniter4\framework\system\View\View.php(236): CodeIgniter\View\View->render('Modules\\ManageL...', Array, true)
#2 C:\xampp\htdocs\github\master\vendor\codeigniter4\framework\system\Common.php(1217): CodeIgniter\View\View->render('Modules\\ManageM...', Array, true)
#3 C:\xampp\htdocs\github\master\modules\ManageMenuWebsite\Controllers\DataSubSubMenu.php(35): view('Modules\\ManageM...', Array)
#4 C:\xampp\htdocs\github\master\vendor\codeigniter4\framework\system\CodeIgniter.php(940): Modules\ManageMenuWebsite\Controllers\DataSubSubMenu->sub_sub_menu()
#5 C:\xampp\htdocs\github\master\vendor\codeigniter4\framework\system\CodeIgniter.php(436): CodeIgniter\CodeIgniter->runController(Object(Modules\ManageMenuWebsite\Controllers\DataSubSubMenu))
#6 C:\xampp\htdocs\github\master\vendor\codeigniter4\framework\system\CodeIgniter.php(337): CodeIgniter\CodeIgniter->handleRequest(NULL, Object(Config\Cache), false)
#7 C:\xampp\htdocs\github\master\public\index.php(44): CodeIgniter\CodeIgniter->run()
#8 C:\xampp\htdocs\github\master\vendor\codeigniter4\framework\system\Commands\Server\rewrite.php(45): require_once('C:\\xampp\\htdocs...')
#9 {main}
CRITICAL - 2021-10-16 15:32:51 --> Invalid file: Modules\ManageLayout\Views\layout.php
#0 C:\xampp\htdocs\github\master\vendor\codeigniter4\framework\system\View\View.php(203): CodeIgniter\Exceptions\FrameworkException::forInvalidFile('Modules\\ManageL...')
#1 C:\xampp\htdocs\github\master\vendor\codeigniter4\framework\system\View\View.php(236): CodeIgniter\View\View->render('Modules\\ManageL...', Array, true)
#2 C:\xampp\htdocs\github\master\vendor\codeigniter4\framework\system\Common.php(1217): CodeIgniter\View\View->render('Modules\\ManageU...', Array, true)
#3 C:\xampp\htdocs\github\master\modules\ManageUsers\Controllers\DataUsers.php(37): view('Modules\\ManageU...', Array)
#4 C:\xampp\htdocs\github\master\vendor\codeigniter4\framework\system\CodeIgniter.php(940): Modules\ManageUsers\Controllers\DataUsers->index()
#5 C:\xampp\htdocs\github\master\vendor\codeigniter4\framework\system\CodeIgniter.php(436): CodeIgniter\CodeIgniter->runController(Object(Modules\ManageUsers\Controllers\DataUsers))
#6 C:\xampp\htdocs\github\master\vendor\codeigniter4\framework\system\CodeIgniter.php(337): CodeIgniter\CodeIgniter->handleRequest(NULL, Object(Config\Cache), false)
#7 C:\xampp\htdocs\github\master\public\index.php(44): CodeIgniter\CodeIgniter->run()
#8 C:\xampp\htdocs\github\master\vendor\codeigniter4\framework\system\Commands\Server\rewrite.php(45): require_once('C:\\xampp\\htdocs...')
#9 {main}
