ERROR - 2022-04-19 08:15:43 --> Error connecting to the database: No connection could be made because the target machine actively refused it.

CRITICAL - 2022-04-19 08:15:43 --> Unable to connect to the database.
#0 C:\xampp\htdocs\github\toko\vendor\codeigniter4\framework\system\Database\BaseConnection.php(618): CodeIgniter\Database\BaseConnection->initialize()
#1 C:\xampp\htdocs\github\toko\vendor\codeigniter4\framework\system\Database\BaseBuilder.php(1866): CodeIgniter\Database\BaseConnection->query('SELECT `namakat...', Array, false)
#2 C:\xampp\htdocs\github\toko\modules\LayoutDepan\Controllers\Layout.php(26): CodeIgniter\Database\BaseBuilder->get()
#3 C:\xampp\htdocs\github\toko\vendor\codeigniter4\framework\system\CodeIgniter.php(940): Modules\LayoutDepan\Controllers\Layout->index()
#4 C:\xampp\htdocs\github\toko\vendor\codeigniter4\framework\system\CodeIgniter.php(436): CodeIgniter\CodeIgniter->runController(Object(Modules\LayoutDepan\Controllers\Layout))
#5 C:\xampp\htdocs\github\toko\vendor\codeigniter4\framework\system\CodeIgniter.php(337): CodeIgniter\CodeIgniter->handleRequest(NULL, Object(Config\Cache), false)
#6 C:\xampp\htdocs\github\toko\public\index.php(44): CodeIgniter\CodeIgniter->run()
#7 C:\xampp\htdocs\github\toko\vendor\codeigniter4\framework\system\Commands\Server\rewrite.php(45): require_once('C:\\xampp\\htdocs...')
#8 {main}
ERROR - 2022-04-19 08:15:58 --> Error connecting to the database: No connection could be made because the target machine actively refused it.

CRITICAL - 2022-04-19 08:15:58 --> Unable to connect to the database.
#0 C:\xampp\htdocs\github\toko\vendor\codeigniter4\framework\system\Database\BaseConnection.php(618): CodeIgniter\Database\BaseConnection->initialize()
#1 C:\xampp\htdocs\github\toko\vendor\codeigniter4\framework\system\Database\BaseBuilder.php(1866): CodeIgniter\Database\BaseConnection->query('SELECT *\nFROM `...', Array, false)
#2 C:\xampp\htdocs\github\toko\vendor\codeigniter4\framework\system\Model.php(247): CodeIgniter\Database\BaseBuilder->get()
#3 C:\xampp\htdocs\github\toko\vendor\codeigniter4\framework\system\BaseModel.php(624): CodeIgniter\Model->doFirst()
#4 C:\xampp\htdocs\github\toko\vendor\myth\auth\src\Authentication\LocalAuthenticator.php(202): CodeIgniter\BaseModel->first()
#5 C:\xampp\htdocs\github\toko\vendor\myth\auth\src\Authentication\LocalAuthenticator.php(66): Myth\Auth\Authentication\LocalAuthenticator->validate(Array, true)
#6 C:\xampp\htdocs\github\toko\vendor\myth\auth\src\Controllers\AuthController.php(88): Myth\Auth\Authentication\LocalAuthenticator->attempt(Array, false)
#7 C:\xampp\htdocs\github\toko\vendor\codeigniter4\framework\system\CodeIgniter.php(940): Myth\Auth\Controllers\AuthController->attemptLogin()
#8 C:\xampp\htdocs\github\toko\vendor\codeigniter4\framework\system\CodeIgniter.php(436): CodeIgniter\CodeIgniter->runController(Object(Myth\Auth\Controllers\AuthController))
#9 C:\xampp\htdocs\github\toko\vendor\codeigniter4\framework\system\CodeIgniter.php(337): CodeIgniter\CodeIgniter->handleRequest(NULL, Object(Config\Cache), false)
#10 C:\xampp\htdocs\github\toko\public\index.php(44): CodeIgniter\CodeIgniter->run()
#11 C:\xampp\htdocs\github\toko\vendor\codeigniter4\framework\system\Commands\Server\rewrite.php(45): require_once('C:\\xampp\\htdocs...')
#12 {main}
ERROR - 2022-04-19 08:16:34 --> mysqli_sql_exception: Table 'database_toko.x_notif' doesn't exist in C:\xampp\htdocs\github\toko\vendor\codeigniter4\framework\system\Database\MySQLi\Connection.php:314
Stack trace:
#0 C:\xampp\htdocs\github\toko\vendor\codeigniter4\framework\system\Database\MySQLi\Connection.php(314): mysqli->query('SELECT `x_notif...')
#1 C:\xampp\htdocs\github\toko\vendor\codeigniter4\framework\system\Database\BaseConnection.php(713): CodeIgniter\Database\MySQLi\Connection->execute('SELECT `x_notif...')
#2 C:\xampp\htdocs\github\toko\vendor\codeigniter4\framework\system\Database\BaseConnection.php(641): CodeIgniter\Database\BaseConnection->simpleQuery('SELECT `x_notif...')
#3 C:\xampp\htdocs\github\toko\vendor\codeigniter4\framework\system\Database\BaseBuilder.php(1866): CodeIgniter\Database\BaseConnection->query('SELECT `x_notif...', Array, false)
#4 C:\xampp\htdocs\github\toko\modules\Layout\Controllers\Layout.php(40): CodeIgniter\Database\BaseBuilder->get()
#5 C:\xampp\htdocs\github\toko\vendor\codeigniter4\framework\system\CodeIgniter.php(940): Modules\Layout\Controllers\Layout->notifikasiuser()
#6 C:\xampp\htdocs\github\toko\vendor\codeigniter4\framework\system\CodeIgniter.php(436): CodeIgniter\CodeIgniter->runController(Object(Modules\Layout\Controllers\Layout))
#7 C:\xampp\htdocs\github\toko\vendor\codeigniter4\framework\system\CodeIgniter.php(337): CodeIgniter\CodeIgniter->handleRequest(NULL, Object(Config\Cache), false)
#8 C:\xampp\htdocs\github\toko\public\index.php(44): CodeIgniter\CodeIgniter->run()
#9 C:\xampp\htdocs\github\toko\vendor\codeigniter4\framework\system\Commands\Server\rewrite.php(45): require_once('C:\\xampp\\htdocs...')
#10 {main}
CRITICAL - 2022-04-19 08:16:34 --> Table 'database_toko.x_notif' doesn't exist
#0 C:\xampp\htdocs\github\toko\vendor\codeigniter4\framework\system\Database\MySQLi\Connection.php(314): mysqli->query('SELECT `x_notif...')
#1 C:\xampp\htdocs\github\toko\vendor\codeigniter4\framework\system\Database\BaseConnection.php(713): CodeIgniter\Database\MySQLi\Connection->execute('SELECT `x_notif...')
#2 C:\xampp\htdocs\github\toko\vendor\codeigniter4\framework\system\Database\BaseConnection.php(641): CodeIgniter\Database\BaseConnection->simpleQuery('SELECT `x_notif...')
#3 C:\xampp\htdocs\github\toko\vendor\codeigniter4\framework\system\Database\BaseBuilder.php(1866): CodeIgniter\Database\BaseConnection->query('SELECT `x_notif...', Array, false)
#4 C:\xampp\htdocs\github\toko\modules\Layout\Controllers\Layout.php(40): CodeIgniter\Database\BaseBuilder->get()
#5 C:\xampp\htdocs\github\toko\vendor\codeigniter4\framework\system\CodeIgniter.php(940): Modules\Layout\Controllers\Layout->notifikasiuser()
#6 C:\xampp\htdocs\github\toko\vendor\codeigniter4\framework\system\CodeIgniter.php(436): CodeIgniter\CodeIgniter->runController(Object(Modules\Layout\Controllers\Layout))
#7 C:\xampp\htdocs\github\toko\vendor\codeigniter4\framework\system\CodeIgniter.php(337): CodeIgniter\CodeIgniter->handleRequest(NULL, Object(Config\Cache), false)
#8 C:\xampp\htdocs\github\toko\public\index.php(44): CodeIgniter\CodeIgniter->run()
#9 C:\xampp\htdocs\github\toko\vendor\codeigniter4\framework\system\Commands\Server\rewrite.php(45): require_once('C:\\xampp\\htdocs...')
#10 {main}
CRITICAL - 2022-04-19 09:34:49 --> Call to undefined function Modules\LayoutSeller\Controllers\users()
#0 C:\xampp\htdocs\github\toko\vendor\codeigniter4\framework\system\CodeIgniter.php(940): Modules\LayoutSeller\Controllers\Layout->selleradmin()
#1 C:\xampp\htdocs\github\toko\vendor\codeigniter4\framework\system\CodeIgniter.php(436): CodeIgniter\CodeIgniter->runController(Object(Modules\LayoutSeller\Controllers\Layout))
#2 C:\xampp\htdocs\github\toko\vendor\codeigniter4\framework\system\CodeIgniter.php(337): CodeIgniter\CodeIgniter->handleRequest(NULL, Object(Config\Cache), false)
#3 C:\xampp\htdocs\github\toko\public\index.php(44): CodeIgniter\CodeIgniter->run()
#4 C:\xampp\htdocs\github\toko\vendor\codeigniter4\framework\system\Commands\Server\rewrite.php(45): require_once('C:\\xampp\\htdocs...')
#5 {main}
CRITICAL - 2022-04-19 09:35:21 --> Call to undefined function Modules\LayoutSeller\Controllers\users()
#0 C:\xampp\htdocs\github\toko\vendor\codeigniter4\framework\system\CodeIgniter.php(940): Modules\LayoutSeller\Controllers\Layout->selleradmin()
#1 C:\xampp\htdocs\github\toko\vendor\codeigniter4\framework\system\CodeIgniter.php(436): CodeIgniter\CodeIgniter->runController(Object(Modules\LayoutSeller\Controllers\Layout))
#2 C:\xampp\htdocs\github\toko\vendor\codeigniter4\framework\system\CodeIgniter.php(337): CodeIgniter\CodeIgniter->handleRequest(NULL, Object(Config\Cache), false)
#3 C:\xampp\htdocs\github\toko\public\index.php(44): CodeIgniter\CodeIgniter->run()
#4 C:\xampp\htdocs\github\toko\vendor\codeigniter4\framework\system\Commands\Server\rewrite.php(45): require_once('C:\\xampp\\htdocs...')
#5 {main}
CRITICAL - 2022-04-19 09:35:23 --> Call to undefined function Modules\LayoutSeller\Controllers\users()
#0 C:\xampp\htdocs\github\toko\vendor\codeigniter4\framework\system\CodeIgniter.php(940): Modules\LayoutSeller\Controllers\Layout->selleradmin()
#1 C:\xampp\htdocs\github\toko\vendor\codeigniter4\framework\system\CodeIgniter.php(436): CodeIgniter\CodeIgniter->runController(Object(Modules\LayoutSeller\Controllers\Layout))
#2 C:\xampp\htdocs\github\toko\vendor\codeigniter4\framework\system\CodeIgniter.php(337): CodeIgniter\CodeIgniter->handleRequest(NULL, Object(Config\Cache), false)
#3 C:\xampp\htdocs\github\toko\public\index.php(44): CodeIgniter\CodeIgniter->run()
#4 C:\xampp\htdocs\github\toko\vendor\codeigniter4\framework\system\Commands\Server\rewrite.php(45): require_once('C:\\xampp\\htdocs...')
#5 {main}
CRITICAL - 2022-04-19 09:35:37 --> Call to undefined function Modules\LayoutSeller\Controllers\users()
#0 C:\xampp\htdocs\github\toko\vendor\codeigniter4\framework\system\CodeIgniter.php(940): Modules\LayoutSeller\Controllers\Layout->selleradmin()
#1 C:\xampp\htdocs\github\toko\vendor\codeigniter4\framework\system\CodeIgniter.php(436): CodeIgniter\CodeIgniter->runController(Object(Modules\LayoutSeller\Controllers\Layout))
#2 C:\xampp\htdocs\github\toko\vendor\codeigniter4\framework\system\CodeIgniter.php(337): CodeIgniter\CodeIgniter->handleRequest(NULL, Object(Config\Cache), false)
#3 C:\xampp\htdocs\github\toko\public\index.php(44): CodeIgniter\CodeIgniter->run()
#4 C:\xampp\htdocs\github\toko\vendor\codeigniter4\framework\system\Commands\Server\rewrite.php(45): require_once('C:\\xampp\\htdocs...')
#5 {main}
CRITICAL - 2022-04-19 09:36:11 --> Call to undefined function Modules\LayoutSeller\Controllers\users()
#0 C:\xampp\htdocs\github\toko\vendor\codeigniter4\framework\system\CodeIgniter.php(940): Modules\LayoutSeller\Controllers\Layout->selleradmin()
#1 C:\xampp\htdocs\github\toko\vendor\codeigniter4\framework\system\CodeIgniter.php(436): CodeIgniter\CodeIgniter->runController(Object(Modules\LayoutSeller\Controllers\Layout))
#2 C:\xampp\htdocs\github\toko\vendor\codeigniter4\framework\system\CodeIgniter.php(337): CodeIgniter\CodeIgniter->handleRequest(NULL, Object(Config\Cache), false)
#3 C:\xampp\htdocs\github\toko\public\index.php(44): CodeIgniter\CodeIgniter->run()
#4 C:\xampp\htdocs\github\toko\vendor\codeigniter4\framework\system\Commands\Server\rewrite.php(45): require_once('C:\\xampp\\htdocs...')
#5 {main}
CRITICAL - 2022-04-19 09:36:13 --> Call to undefined function Modules\LayoutSeller\Controllers\users()
#0 C:\xampp\htdocs\github\toko\vendor\codeigniter4\framework\system\CodeIgniter.php(940): Modules\LayoutSeller\Controllers\Layout->selleradmin()
#1 C:\xampp\htdocs\github\toko\vendor\codeigniter4\framework\system\CodeIgniter.php(436): CodeIgniter\CodeIgniter->runController(Object(Modules\LayoutSeller\Controllers\Layout))
#2 C:\xampp\htdocs\github\toko\vendor\codeigniter4\framework\system\CodeIgniter.php(337): CodeIgniter\CodeIgniter->handleRequest(NULL, Object(Config\Cache), false)
#3 C:\xampp\htdocs\github\toko\public\index.php(44): CodeIgniter\CodeIgniter->run()
#4 C:\xampp\htdocs\github\toko\vendor\codeigniter4\framework\system\Commands\Server\rewrite.php(45): require_once('C:\\xampp\\htdocs...')
#5 {main}
ERROR - 2022-04-19 10:55:16 --> mysqli_sql_exception: Table 'database_toko.x_kategori' doesn't exist in C:\xampp\htdocs\github\toko\vendor\codeigniter4\framework\system\Database\MySQLi\Connection.php:314
Stack trace:
#0 C:\xampp\htdocs\github\toko\vendor\codeigniter4\framework\system\Database\MySQLi\Connection.php(314): mysqli->query('SELECT 1\nFROM `...')
#1 C:\xampp\htdocs\github\toko\vendor\codeigniter4\framework\system\Database\BaseConnection.php(713): CodeIgniter\Database\MySQLi\Connection->execute('SELECT 1\nFROM `...')
#2 C:\xampp\htdocs\github\toko\vendor\codeigniter4\framework\system\Database\BaseConnection.php(641): CodeIgniter\Database\BaseConnection->simpleQuery('SELECT 1\nFROM `...')
#3 C:\xampp\htdocs\github\toko\vendor\codeigniter4\framework\system\Database\BaseBuilder.php(1866): CodeIgniter\Database\BaseConnection->query('SELECT 1\nFROM `...', Array, false)
#4 C:\xampp\htdocs\github\toko\vendor\codeigniter4\framework\system\Validation\Rules.php(212): CodeIgniter\Database\BaseBuilder->get()
#5 C:\xampp\htdocs\github\toko\vendor\codeigniter4\framework\system\Validation\Validation.php(306): CodeIgniter\Validation\Rules->is_unique('Elektronik k', 'namakategori', Array, NULL)
#6 C:\xampp\htdocs\github\toko\vendor\codeigniter4\framework\system\Validation\Validation.php(164): CodeIgniter\Validation\Validation->processRules('namakategori', 'namakategori', 'Elektronik k', Array, Array)
#7 C:\xampp\htdocs\github\toko\vendor\codeigniter4\framework\system\Controller.php(181): CodeIgniter\Validation\Validation->run()
#8 C:\xampp\htdocs\github\toko\modules\Master\Controllers\DataKategoriProduk.php(127): CodeIgniter\Controller->validate(Array)
#9 C:\xampp\htdocs\github\toko\vendor\codeigniter4\framework\system\CodeIgniter.php(940): Modules\Master\Controllers\DataKategoriProduk->edit_kategori()
#10 C:\xampp\htdocs\github\toko\vendor\codeigniter4\framework\system\CodeIgniter.php(436): CodeIgniter\CodeIgniter->runController(Object(Modules\Master\Controllers\DataKategoriProduk))
#11 C:\xampp\htdocs\github\toko\vendor\codeigniter4\framework\system\CodeIgniter.php(337): CodeIgniter\CodeIgniter->handleRequest(NULL, Object(Config\Cache), false)
#12 C:\xampp\htdocs\github\toko\public\index.php(44): CodeIgniter\CodeIgniter->run()
#13 C:\xampp\htdocs\github\toko\vendor\codeigniter4\framework\system\Commands\Server\rewrite.php(45): require_once('C:\\xampp\\htdocs...')
#14 {main}
CRITICAL - 2022-04-19 10:55:16 --> Table 'database_toko.x_kategori' doesn't exist
#0 C:\xampp\htdocs\github\toko\vendor\codeigniter4\framework\system\Database\MySQLi\Connection.php(314): mysqli->query('SELECT 1\nFROM `...')
#1 C:\xampp\htdocs\github\toko\vendor\codeigniter4\framework\system\Database\BaseConnection.php(713): CodeIgniter\Database\MySQLi\Connection->execute('SELECT 1\nFROM `...')
#2 C:\xampp\htdocs\github\toko\vendor\codeigniter4\framework\system\Database\BaseConnection.php(641): CodeIgniter\Database\BaseConnection->simpleQuery('SELECT 1\nFROM `...')
#3 C:\xampp\htdocs\github\toko\vendor\codeigniter4\framework\system\Database\BaseBuilder.php(1866): CodeIgniter\Database\BaseConnection->query('SELECT 1\nFROM `...', Array, false)
#4 C:\xampp\htdocs\github\toko\vendor\codeigniter4\framework\system\Validation\Rules.php(212): CodeIgniter\Database\BaseBuilder->get()
#5 C:\xampp\htdocs\github\toko\vendor\codeigniter4\framework\system\Validation\Validation.php(306): CodeIgniter\Validation\Rules->is_unique('Elektronik k', 'namakategori', Array, NULL)
#6 C:\xampp\htdocs\github\toko\vendor\codeigniter4\framework\system\Validation\Validation.php(164): CodeIgniter\Validation\Validation->processRules('namakategori', 'namakategori', 'Elektronik k', Array, Array)
#7 C:\xampp\htdocs\github\toko\vendor\codeigniter4\framework\system\Controller.php(181): CodeIgniter\Validation\Validation->run()
#8 C:\xampp\htdocs\github\toko\modules\Master\Controllers\DataKategoriProduk.php(127): CodeIgniter\Controller->validate(Array)
#9 C:\xampp\htdocs\github\toko\vendor\codeigniter4\framework\system\CodeIgniter.php(940): Modules\Master\Controllers\DataKategoriProduk->edit_kategori()
#10 C:\xampp\htdocs\github\toko\vendor\codeigniter4\framework\system\CodeIgniter.php(436): CodeIgniter\CodeIgniter->runController(Object(Modules\Master\Controllers\DataKategoriProduk))
#11 C:\xampp\htdocs\github\toko\vendor\codeigniter4\framework\system\CodeIgniter.php(337): CodeIgniter\CodeIgniter->handleRequest(NULL, Object(Config\Cache), false)
#12 C:\xampp\htdocs\github\toko\public\index.php(44): CodeIgniter\CodeIgniter->run()
#13 C:\xampp\htdocs\github\toko\vendor\codeigniter4\framework\system\Commands\Server\rewrite.php(45): require_once('C:\\xampp\\htdocs...')
#14 {main}
ERROR - 2022-04-19 11:09:32 --> mysqli_sql_exception: Column 'status' cannot be null in C:\xampp\htdocs\github\toko\vendor\codeigniter4\framework\system\Database\MySQLi\Connection.php:314
Stack trace:
#0 C:\xampp\htdocs\github\toko\vendor\codeigniter4\framework\system\Database\MySQLi\Connection.php(314): mysqli->query('INSERT INTO `x_...')
#1 C:\xampp\htdocs\github\toko\vendor\codeigniter4\framework\system\Database\BaseConnection.php(713): CodeIgniter\Database\MySQLi\Connection->execute('INSERT INTO `x_...')
#2 C:\xampp\htdocs\github\toko\vendor\codeigniter4\framework\system\Database\BaseConnection.php(641): CodeIgniter\Database\BaseConnection->simpleQuery('INSERT INTO `x_...')
#3 C:\xampp\htdocs\github\toko\vendor\codeigniter4\framework\system\Database\BaseBuilder.php(2263): CodeIgniter\Database\BaseConnection->query('INSERT INTO `x_...', Array, false)
#4 C:\xampp\htdocs\github\toko\app\Models\ModelMaster.php(247): CodeIgniter\Database\BaseBuilder->insert(Array)
#5 C:\xampp\htdocs\github\toko\modules\Master\Controllers\DataKategoriProduk.php(83): App\Models\ModelMaster->datatambah('x_kategoritoko', Array)
#6 C:\xampp\htdocs\github\toko\vendor\codeigniter4\framework\system\CodeIgniter.php(940): Modules\Master\Controllers\DataKategoriProduk->tambah_kategori()
#7 C:\xampp\htdocs\github\toko\vendor\codeigniter4\framework\system\CodeIgniter.php(436): CodeIgniter\CodeIgniter->runController(Object(Modules\Master\Controllers\DataKategoriProduk))
#8 C:\xampp\htdocs\github\toko\vendor\codeigniter4\framework\system\CodeIgniter.php(337): CodeIgniter\CodeIgniter->handleRequest(NULL, Object(Config\Cache), false)
#9 C:\xampp\htdocs\github\toko\public\index.php(44): CodeIgniter\CodeIgniter->run()
#10 C:\xampp\htdocs\github\toko\vendor\codeigniter4\framework\system\Commands\Server\rewrite.php(45): require_once('C:\\xampp\\htdocs...')
#11 {main}
CRITICAL - 2022-04-19 11:09:32 --> Column 'status' cannot be null
#0 C:\xampp\htdocs\github\toko\vendor\codeigniter4\framework\system\Database\MySQLi\Connection.php(314): mysqli->query('INSERT INTO `x_...')
#1 C:\xampp\htdocs\github\toko\vendor\codeigniter4\framework\system\Database\BaseConnection.php(713): CodeIgniter\Database\MySQLi\Connection->execute('INSERT INTO `x_...')
#2 C:\xampp\htdocs\github\toko\vendor\codeigniter4\framework\system\Database\BaseConnection.php(641): CodeIgniter\Database\BaseConnection->simpleQuery('INSERT INTO `x_...')
#3 C:\xampp\htdocs\github\toko\vendor\codeigniter4\framework\system\Database\BaseBuilder.php(2263): CodeIgniter\Database\BaseConnection->query('INSERT INTO `x_...', Array, false)
#4 C:\xampp\htdocs\github\toko\app\Models\ModelMaster.php(247): CodeIgniter\Database\BaseBuilder->insert(Array)
#5 C:\xampp\htdocs\github\toko\modules\Master\Controllers\DataKategoriProduk.php(83): App\Models\ModelMaster->datatambah('x_kategoritoko', Array)
#6 C:\xampp\htdocs\github\toko\vendor\codeigniter4\framework\system\CodeIgniter.php(940): Modules\Master\Controllers\DataKategoriProduk->tambah_kategori()
#7 C:\xampp\htdocs\github\toko\vendor\codeigniter4\framework\system\CodeIgniter.php(436): CodeIgniter\CodeIgniter->runController(Object(Modules\Master\Controllers\DataKategoriProduk))
#8 C:\xampp\htdocs\github\toko\vendor\codeigniter4\framework\system\CodeIgniter.php(337): CodeIgniter\CodeIgniter->handleRequest(NULL, Object(Config\Cache), false)
#9 C:\xampp\htdocs\github\toko\public\index.php(44): CodeIgniter\CodeIgniter->run()
#10 C:\xampp\htdocs\github\toko\vendor\codeigniter4\framework\system\Commands\Server\rewrite.php(45): require_once('C:\\xampp\\htdocs...')
#11 {main}
