CRITICAL - 2021-04-08 18:18:46 --> Call to undefined function CodeIgniter\locale_set_default()
#0 D:\WEBSITE\xampp-7.4\htdocs\web-master\vendor\codeigniter4\framework\system\bootstrap.php(159): CodeIgniter\CodeIgniter->initialize()
#1 D:\WEBSITE\xampp-7.4\htdocs\web-master\spark(53): require('D:\\WEBSITE\\xamp...')
#2 {main}
CRITICAL - 2021-04-08 18:20:03 --> Call to undefined function CodeIgniter\locale_set_default()
#0 D:\WEBSITE\xampp-7.4\htdocs\web-master\vendor\codeigniter4\framework\system\bootstrap.php(159): CodeIgniter\CodeIgniter->initialize()
#1 D:\WEBSITE\xampp-7.4\htdocs\web-master\spark(53): require('D:\\WEBSITE\\xamp...')
#2 {main}
ERROR - 2021-04-08 11:25:49 --> Error connecting to the database: No connection could be made because the target machine actively refused it.

CRITICAL - 2021-04-08 11:25:49 --> Unable to connect to the database.
#0 D:\WEBSITE\xampp-7.4\htdocs\web-master\vendor\codeigniter4\framework\system\Database\BaseConnection.php(618): CodeIgniter\Database\BaseConnection->initialize()
#1 D:\WEBSITE\xampp-7.4\htdocs\web-master\vendor\codeigniter4\framework\system\Database\BaseBuilder.php(1866): CodeIgniter\Database\BaseConnection->query('SELECT *\nFROM `...', Array, false)
#2 D:\WEBSITE\xampp-7.4\htdocs\web-master\vendor\codeigniter4\framework\system\Model.php(163): CodeIgniter\Database\BaseBuilder->get()
#3 D:\WEBSITE\xampp-7.4\htdocs\web-master\vendor\codeigniter4\framework\system\BaseModel.php(518): CodeIgniter\Model->doFind(false, Array)
#4 D:\WEBSITE\xampp-7.4\htdocs\web-master\modules\AdminController\Controllers\Data_controller.php(20): CodeIgniter\BaseModel->find(Array)
#5 D:\WEBSITE\xampp-7.4\htdocs\web-master\vendor\codeigniter4\framework\system\CodeIgniter.php(936): Modules\AdminController\Controllers\Data_controller->index()
#6 D:\WEBSITE\xampp-7.4\htdocs\web-master\vendor\codeigniter4\framework\system\CodeIgniter.php(432): CodeIgniter\CodeIgniter->runController(Object(Modules\AdminController\Controllers\Data_controller))
#7 D:\WEBSITE\xampp-7.4\htdocs\web-master\vendor\codeigniter4\framework\system\CodeIgniter.php(333): CodeIgniter\CodeIgniter->handleRequest(NULL, Object(Config\Cache), false)
#8 D:\WEBSITE\xampp-7.4\htdocs\web-master\public\index.php(44): CodeIgniter\CodeIgniter->run()
#9 D:\WEBSITE\xampp-7.4\htdocs\web-master\vendor\codeigniter4\framework\system\Commands\Server\rewrite.php(45): require_once('D:\\WEBSITE\\xamp...')
#10 {main}
