CRITICAL - 2022-04-28 08:24:35 --> implode(): Invalid arguments passed
#0 [internal function]: CodeIgniter\Debug\Exceptions->errorHandler(2, 'implode(): Inva...', 'C:\\Users\\PC Kan...', 69, Array)
#1 C:\Users\PC Kantor-3\Documents\DOCUMENT KANTOR\PROJECT CI4\tokoonline\modules\Produk\Controllers\DataProdukSaya.php(69): implode('<br>', 0)
#2 C:\Users\PC Kantor-3\Documents\DOCUMENT KANTOR\PROJECT CI4\tokoonline\vendor\codeigniter4\framework\system\CodeIgniter.php(940): Modules\Produk\Controllers\DataProdukSaya->produkjson()
#3 C:\Users\PC Kantor-3\Documents\DOCUMENT KANTOR\PROJECT CI4\tokoonline\vendor\codeigniter4\framework\system\CodeIgniter.php(436): CodeIgniter\CodeIgniter->runController(Object(Modules\Produk\Controllers\DataProdukSaya))
#4 C:\Users\PC Kantor-3\Documents\DOCUMENT KANTOR\PROJECT CI4\tokoonline\vendor\codeigniter4\framework\system\CodeIgniter.php(337): CodeIgniter\CodeIgniter->handleRequest(NULL, Object(Config\Cache), false)
#5 C:\Users\PC Kantor-3\Documents\DOCUMENT KANTOR\PROJECT CI4\tokoonline\public\index.php(44): CodeIgniter\CodeIgniter->run()
#6 C:\Users\PC Kantor-3\Documents\DOCUMENT KANTOR\PROJECT CI4\tokoonline\vendor\codeigniter4\framework\system\Commands\Server\rewrite.php(45): require_once('C:\\Users\\PC Kan...')
#7 {main}
CRITICAL - 2022-04-28 08:24:42 --> implode(): Invalid arguments passed
#0 [internal function]: CodeIgniter\Debug\Exceptions->errorHandler(2, 'implode(): Inva...', 'C:\\Users\\PC Kan...', 69, Array)
#1 C:\Users\PC Kantor-3\Documents\DOCUMENT KANTOR\PROJECT CI4\tokoonline\modules\Produk\Controllers\DataProdukSaya.php(69): implode('<br>', 0)
#2 C:\Users\PC Kantor-3\Documents\DOCUMENT KANTOR\PROJECT CI4\tokoonline\vendor\codeigniter4\framework\system\CodeIgniter.php(940): Modules\Produk\Controllers\DataProdukSaya->produkjson()
#3 C:\Users\PC Kantor-3\Documents\DOCUMENT KANTOR\PROJECT CI4\tokoonline\vendor\codeigniter4\framework\system\CodeIgniter.php(436): CodeIgniter\CodeIgniter->runController(Object(Modules\Produk\Controllers\DataProdukSaya))
#4 C:\Users\PC Kantor-3\Documents\DOCUMENT KANTOR\PROJECT CI4\tokoonline\vendor\codeigniter4\framework\system\CodeIgniter.php(337): CodeIgniter\CodeIgniter->handleRequest(NULL, Object(Config\Cache), false)
#5 C:\Users\PC Kantor-3\Documents\DOCUMENT KANTOR\PROJECT CI4\tokoonline\public\index.php(44): CodeIgniter\CodeIgniter->run()
#6 C:\Users\PC Kantor-3\Documents\DOCUMENT KANTOR\PROJECT CI4\tokoonline\vendor\codeigniter4\framework\system\Commands\Server\rewrite.php(45): require_once('C:\\Users\\PC Kan...')
#7 {main}
CRITICAL - 2022-04-28 08:28:34 --> Undefined offset: 2
#0 C:\Users\PC Kantor-3\Documents\DOCUMENT KANTOR\PROJECT CI4\tokoonline\modules\Produk\Models\ModelProdukSaya.php(47): CodeIgniter\Debug\Exceptions->errorHandler(8, 'Undefined offse...', 'C:\\Users\\PC Kan...', 47, Array)
#1 C:\Users\PC Kantor-3\Documents\DOCUMENT KANTOR\PROJECT CI4\tokoonline\modules\Produk\Models\ModelProdukSaya.php(56): Modules\Produk\Models\ModelProdukSaya->_get_datatables_query()
#2 C:\Users\PC Kantor-3\Documents\DOCUMENT KANTOR\PROJECT CI4\tokoonline\modules\Produk\Controllers\DataProdukSaya.php(40): Modules\Produk\Models\ModelProdukSaya->get_datatables()
#3 C:\Users\PC Kantor-3\Documents\DOCUMENT KANTOR\PROJECT CI4\tokoonline\vendor\codeigniter4\framework\system\CodeIgniter.php(940): Modules\Produk\Controllers\DataProdukSaya->produkjson()
#4 C:\Users\PC Kantor-3\Documents\DOCUMENT KANTOR\PROJECT CI4\tokoonline\vendor\codeigniter4\framework\system\CodeIgniter.php(436): CodeIgniter\CodeIgniter->runController(Object(Modules\Produk\Controllers\DataProdukSaya))
#5 C:\Users\PC Kantor-3\Documents\DOCUMENT KANTOR\PROJECT CI4\tokoonline\vendor\codeigniter4\framework\system\CodeIgniter.php(337): CodeIgniter\CodeIgniter->handleRequest(NULL, Object(Config\Cache), false)
#6 C:\Users\PC Kantor-3\Documents\DOCUMENT KANTOR\PROJECT CI4\tokoonline\public\index.php(44): CodeIgniter\CodeIgniter->run()
#7 C:\Users\PC Kantor-3\Documents\DOCUMENT KANTOR\PROJECT CI4\tokoonline\vendor\codeigniter4\framework\system\Commands\Server\rewrite.php(45): require_once('C:\\Users\\PC Kan...')
#8 {main}
CRITICAL - 2022-04-28 08:30:33 --> Undefined variable: totalvariasi
#0 C:\Users\PC Kantor-3\Documents\DOCUMENT KANTOR\PROJECT CI4\tokoonline\modules\Produk\Controllers\DataProdukSaya.php(90): CodeIgniter\Debug\Exceptions->errorHandler(8, 'Undefined varia...', 'C:\\Users\\PC Kan...', 90, Array)
#1 C:\Users\PC Kantor-3\Documents\DOCUMENT KANTOR\PROJECT CI4\tokoonline\vendor\codeigniter4\framework\system\CodeIgniter.php(940): Modules\Produk\Controllers\DataProdukSaya->produkjson()
#2 C:\Users\PC Kantor-3\Documents\DOCUMENT KANTOR\PROJECT CI4\tokoonline\vendor\codeigniter4\framework\system\CodeIgniter.php(436): CodeIgniter\CodeIgniter->runController(Object(Modules\Produk\Controllers\DataProdukSaya))
#3 C:\Users\PC Kantor-3\Documents\DOCUMENT KANTOR\PROJECT CI4\tokoonline\vendor\codeigniter4\framework\system\CodeIgniter.php(337): CodeIgniter\CodeIgniter->handleRequest(NULL, Object(Config\Cache), false)
#4 C:\Users\PC Kantor-3\Documents\DOCUMENT KANTOR\PROJECT CI4\tokoonline\public\index.php(44): CodeIgniter\CodeIgniter->run()
#5 C:\Users\PC Kantor-3\Documents\DOCUMENT KANTOR\PROJECT CI4\tokoonline\vendor\codeigniter4\framework\system\Commands\Server\rewrite.php(45): require_once('C:\\Users\\PC Kan...')
#6 {main}
CRITICAL - 2022-04-28 08:33:47 --> Undefined variable: iI
#0 C:\Users\PC Kantor-3\Documents\DOCUMENT KANTOR\PROJECT CI4\tokoonline\modules\Produk\Controllers\DataProdukSaya.php(70): CodeIgniter\Debug\Exceptions->errorHandler(8, 'Undefined varia...', 'C:\\Users\\PC Kan...', 70, Array)
#1 C:\Users\PC Kantor-3\Documents\DOCUMENT KANTOR\PROJECT CI4\tokoonline\vendor\codeigniter4\framework\system\CodeIgniter.php(940): Modules\Produk\Controllers\DataProdukSaya->produkjson()
#2 C:\Users\PC Kantor-3\Documents\DOCUMENT KANTOR\PROJECT CI4\tokoonline\vendor\codeigniter4\framework\system\CodeIgniter.php(436): CodeIgniter\CodeIgniter->runController(Object(Modules\Produk\Controllers\DataProdukSaya))
#3 C:\Users\PC Kantor-3\Documents\DOCUMENT KANTOR\PROJECT CI4\tokoonline\vendor\codeigniter4\framework\system\CodeIgniter.php(337): CodeIgniter\CodeIgniter->handleRequest(NULL, Object(Config\Cache), false)
#4 C:\Users\PC Kantor-3\Documents\DOCUMENT KANTOR\PROJECT CI4\tokoonline\public\index.php(44): CodeIgniter\CodeIgniter->run()
#5 C:\Users\PC Kantor-3\Documents\DOCUMENT KANTOR\PROJECT CI4\tokoonline\vendor\codeigniter4\framework\system\Commands\Server\rewrite.php(45): require_once('C:\\Users\\PC Kan...')
#6 {main}
CRITICAL - 2022-04-28 08:35:14 --> Undefined offset: 4
#0 C:\Users\PC Kantor-3\Documents\DOCUMENT KANTOR\PROJECT CI4\tokoonline\modules\Produk\Models\ModelProdukSaya.php(47): CodeIgniter\Debug\Exceptions->errorHandler(8, 'Undefined offse...', 'C:\\Users\\PC Kan...', 47, Array)
#1 C:\Users\PC Kantor-3\Documents\DOCUMENT KANTOR\PROJECT CI4\tokoonline\modules\Produk\Models\ModelProdukSaya.php(56): Modules\Produk\Models\ModelProdukSaya->_get_datatables_query()
#2 C:\Users\PC Kantor-3\Documents\DOCUMENT KANTOR\PROJECT CI4\tokoonline\modules\Produk\Controllers\DataProdukSaya.php(40): Modules\Produk\Models\ModelProdukSaya->get_datatables()
#3 C:\Users\PC Kantor-3\Documents\DOCUMENT KANTOR\PROJECT CI4\tokoonline\vendor\codeigniter4\framework\system\CodeIgniter.php(940): Modules\Produk\Controllers\DataProdukSaya->produkjson()
#4 C:\Users\PC Kantor-3\Documents\DOCUMENT KANTOR\PROJECT CI4\tokoonline\vendor\codeigniter4\framework\system\CodeIgniter.php(436): CodeIgniter\CodeIgniter->runController(Object(Modules\Produk\Controllers\DataProdukSaya))
#5 C:\Users\PC Kantor-3\Documents\DOCUMENT KANTOR\PROJECT CI4\tokoonline\vendor\codeigniter4\framework\system\CodeIgniter.php(337): CodeIgniter\CodeIgniter->handleRequest(NULL, Object(Config\Cache), false)
#6 C:\Users\PC Kantor-3\Documents\DOCUMENT KANTOR\PROJECT CI4\tokoonline\public\index.php(44): CodeIgniter\CodeIgniter->run()
#7 C:\Users\PC Kantor-3\Documents\DOCUMENT KANTOR\PROJECT CI4\tokoonline\vendor\codeigniter4\framework\system\Commands\Server\rewrite.php(45): require_once('C:\\Users\\PC Kan...')
#8 {main}
CRITICAL - 2022-04-28 08:35:15 --> Undefined offset: 4
#0 C:\Users\PC Kantor-3\Documents\DOCUMENT KANTOR\PROJECT CI4\tokoonline\modules\Produk\Models\ModelProdukSaya.php(47): CodeIgniter\Debug\Exceptions->errorHandler(8, 'Undefined offse...', 'C:\\Users\\PC Kan...', 47, Array)
#1 C:\Users\PC Kantor-3\Documents\DOCUMENT KANTOR\PROJECT CI4\tokoonline\modules\Produk\Models\ModelProdukSaya.php(56): Modules\Produk\Models\ModelProdukSaya->_get_datatables_query()
#2 C:\Users\PC Kantor-3\Documents\DOCUMENT KANTOR\PROJECT CI4\tokoonline\modules\Produk\Controllers\DataProdukSaya.php(40): Modules\Produk\Models\ModelProdukSaya->get_datatables()
#3 C:\Users\PC Kantor-3\Documents\DOCUMENT KANTOR\PROJECT CI4\tokoonline\vendor\codeigniter4\framework\system\CodeIgniter.php(940): Modules\Produk\Controllers\DataProdukSaya->produkjson()
#4 C:\Users\PC Kantor-3\Documents\DOCUMENT KANTOR\PROJECT CI4\tokoonline\vendor\codeigniter4\framework\system\CodeIgniter.php(436): CodeIgniter\CodeIgniter->runController(Object(Modules\Produk\Controllers\DataProdukSaya))
#5 C:\Users\PC Kantor-3\Documents\DOCUMENT KANTOR\PROJECT CI4\tokoonline\vendor\codeigniter4\framework\system\CodeIgniter.php(337): CodeIgniter\CodeIgniter->handleRequest(NULL, Object(Config\Cache), false)
#6 C:\Users\PC Kantor-3\Documents\DOCUMENT KANTOR\PROJECT CI4\tokoonline\public\index.php(44): CodeIgniter\CodeIgniter->run()
#7 C:\Users\PC Kantor-3\Documents\DOCUMENT KANTOR\PROJECT CI4\tokoonline\vendor\codeigniter4\framework\system\Commands\Server\rewrite.php(45): require_once('C:\\Users\\PC Kan...')
#8 {main}
CRITICAL - 2022-04-28 14:53:52 --> Call to a member function getErrors() on array
#0 C:\Users\PC Kantor-3\Documents\DOCUMENT KANTOR\PROJECT CI4\tokoonline\vendor\codeigniter4\framework\system\CodeIgniter.php(940): Modules\Produk\Controllers\DataTambahProduk->saveprodukdetail()
#1 C:\Users\PC Kantor-3\Documents\DOCUMENT KANTOR\PROJECT CI4\tokoonline\vendor\codeigniter4\framework\system\CodeIgniter.php(436): CodeIgniter\CodeIgniter->runController(Object(Modules\Produk\Controllers\DataTambahProduk))
#2 C:\Users\PC Kantor-3\Documents\DOCUMENT KANTOR\PROJECT CI4\tokoonline\vendor\codeigniter4\framework\system\CodeIgniter.php(337): CodeIgniter\CodeIgniter->handleRequest(NULL, Object(Config\Cache), false)
#3 C:\Users\PC Kantor-3\Documents\DOCUMENT KANTOR\PROJECT CI4\tokoonline\public\index.php(44): CodeIgniter\CodeIgniter->run()
#4 C:\Users\PC Kantor-3\Documents\DOCUMENT KANTOR\PROJECT CI4\tokoonline\vendor\codeigniter4\framework\system\Commands\Server\rewrite.php(45): require_once('C:\\Users\\PC Kan...')
#5 {main}
CRITICAL - 2022-04-28 14:54:17 --> Call to a member function getErrors() on array
#0 C:\Users\PC Kantor-3\Documents\DOCUMENT KANTOR\PROJECT CI4\tokoonline\vendor\codeigniter4\framework\system\CodeIgniter.php(940): Modules\Produk\Controllers\DataTambahProduk->saveprodukdetail()
#1 C:\Users\PC Kantor-3\Documents\DOCUMENT KANTOR\PROJECT CI4\tokoonline\vendor\codeigniter4\framework\system\CodeIgniter.php(436): CodeIgniter\CodeIgniter->runController(Object(Modules\Produk\Controllers\DataTambahProduk))
#2 C:\Users\PC Kantor-3\Documents\DOCUMENT KANTOR\PROJECT CI4\tokoonline\vendor\codeigniter4\framework\system\CodeIgniter.php(337): CodeIgniter\CodeIgniter->handleRequest(NULL, Object(Config\Cache), false)
#3 C:\Users\PC Kantor-3\Documents\DOCUMENT KANTOR\PROJECT CI4\tokoonline\public\index.php(44): CodeIgniter\CodeIgniter->run()
#4 C:\Users\PC Kantor-3\Documents\DOCUMENT KANTOR\PROJECT CI4\tokoonline\vendor\codeigniter4\framework\system\Commands\Server\rewrite.php(45): require_once('C:\\Users\\PC Kan...')
#5 {main}
CRITICAL - 2022-04-28 14:54:37 --> Function name must be a string
#0 C:\Users\PC Kantor-3\Documents\DOCUMENT KANTOR\PROJECT CI4\tokoonline\vendor\codeigniter4\framework\system\CodeIgniter.php(940): Modules\Produk\Controllers\DataTambahProduk->saveprodukdetail()
#1 C:\Users\PC Kantor-3\Documents\DOCUMENT KANTOR\PROJECT CI4\tokoonline\vendor\codeigniter4\framework\system\CodeIgniter.php(436): CodeIgniter\CodeIgniter->runController(Object(Modules\Produk\Controllers\DataTambahProduk))
#2 C:\Users\PC Kantor-3\Documents\DOCUMENT KANTOR\PROJECT CI4\tokoonline\vendor\codeigniter4\framework\system\CodeIgniter.php(337): CodeIgniter\CodeIgniter->handleRequest(NULL, Object(Config\Cache), false)
#3 C:\Users\PC Kantor-3\Documents\DOCUMENT KANTOR\PROJECT CI4\tokoonline\public\index.php(44): CodeIgniter\CodeIgniter->run()
#4 C:\Users\PC Kantor-3\Documents\DOCUMENT KANTOR\PROJECT CI4\tokoonline\vendor\codeigniter4\framework\system\Commands\Server\rewrite.php(45): require_once('C:\\Users\\PC Kan...')
#5 {main}
CRITICAL - 2022-04-28 14:57:20 --> Undefined index: hargavariasi.*
#0 C:\Users\PC Kantor-3\Documents\DOCUMENT KANTOR\PROJECT CI4\tokoonline\modules\Produk\Controllers\DataTambahProduk.php(504): CodeIgniter\Debug\Exceptions->errorHandler(8, 'Undefined index...', 'C:\\Users\\PC Kan...', 504, Array)
#1 C:\Users\PC Kantor-3\Documents\DOCUMENT KANTOR\PROJECT CI4\tokoonline\vendor\codeigniter4\framework\system\CodeIgniter.php(940): Modules\Produk\Controllers\DataTambahProduk->saveprodukdetail()
#2 C:\Users\PC Kantor-3\Documents\DOCUMENT KANTOR\PROJECT CI4\tokoonline\vendor\codeigniter4\framework\system\CodeIgniter.php(436): CodeIgniter\CodeIgniter->runController(Object(Modules\Produk\Controllers\DataTambahProduk))
#3 C:\Users\PC Kantor-3\Documents\DOCUMENT KANTOR\PROJECT CI4\tokoonline\vendor\codeigniter4\framework\system\CodeIgniter.php(337): CodeIgniter\CodeIgniter->handleRequest(NULL, Object(Config\Cache), false)
#4 C:\Users\PC Kantor-3\Documents\DOCUMENT KANTOR\PROJECT CI4\tokoonline\public\index.php(44): CodeIgniter\CodeIgniter->run()
#5 C:\Users\PC Kantor-3\Documents\DOCUMENT KANTOR\PROJECT CI4\tokoonline\vendor\codeigniter4\framework\system\Commands\Server\rewrite.php(45): require_once('C:\\Users\\PC Kan...')
#6 {main}
CRITICAL - 2022-04-28 16:09:33 --> strip_tags() expects parameter 1 to be string, array given
#0 [internal function]: CodeIgniter\Debug\Exceptions->errorHandler(2, 'strip_tags() ex...', 'C:\\Users\\PC Kan...', 168, Array)
#1 C:\Users\PC Kantor-3\Documents\DOCUMENT KANTOR\PROJECT CI4\tokoonline\app\Helpers\my_helpers.php(168): strip_tags(Array)
#2 C:\Users\PC Kantor-3\Documents\DOCUMENT KANTOR\PROJECT CI4\tokoonline\modules\Produk\Controllers\DataTambahProduk.php(524): filterdata(Array)
#3 C:\Users\PC Kantor-3\Documents\DOCUMENT KANTOR\PROJECT CI4\tokoonline\vendor\codeigniter4\framework\system\CodeIgniter.php(940): Modules\Produk\Controllers\DataTambahProduk->saveprodukdetail()
#4 C:\Users\PC Kantor-3\Documents\DOCUMENT KANTOR\PROJECT CI4\tokoonline\vendor\codeigniter4\framework\system\CodeIgniter.php(436): CodeIgniter\CodeIgniter->runController(Object(Modules\Produk\Controllers\DataTambahProduk))
#5 C:\Users\PC Kantor-3\Documents\DOCUMENT KANTOR\PROJECT CI4\tokoonline\vendor\codeigniter4\framework\system\CodeIgniter.php(337): CodeIgniter\CodeIgniter->handleRequest(NULL, Object(Config\Cache), false)
#6 C:\Users\PC Kantor-3\Documents\DOCUMENT KANTOR\PROJECT CI4\tokoonline\public\index.php(44): CodeIgniter\CodeIgniter->run()
#7 C:\Users\PC Kantor-3\Documents\DOCUMENT KANTOR\PROJECT CI4\tokoonline\vendor\codeigniter4\framework\system\Commands\Server\rewrite.php(45): require_once('C:\\Users\\PC Kan...')
#8 {main}
CRITICAL - 2022-04-28 16:09:53 --> strip_tags() expects parameter 1 to be string, array given
#0 [internal function]: CodeIgniter\Debug\Exceptions->errorHandler(2, 'strip_tags() ex...', 'C:\\Users\\PC Kan...', 168, Array)
#1 C:\Users\PC Kantor-3\Documents\DOCUMENT KANTOR\PROJECT CI4\tokoonline\app\Helpers\my_helpers.php(168): strip_tags(Array)
#2 C:\Users\PC Kantor-3\Documents\DOCUMENT KANTOR\PROJECT CI4\tokoonline\modules\Produk\Controllers\DataTambahProduk.php(524): filterdata(Array)
#3 C:\Users\PC Kantor-3\Documents\DOCUMENT KANTOR\PROJECT CI4\tokoonline\vendor\codeigniter4\framework\system\CodeIgniter.php(940): Modules\Produk\Controllers\DataTambahProduk->saveprodukdetail()
#4 C:\Users\PC Kantor-3\Documents\DOCUMENT KANTOR\PROJECT CI4\tokoonline\vendor\codeigniter4\framework\system\CodeIgniter.php(436): CodeIgniter\CodeIgniter->runController(Object(Modules\Produk\Controllers\DataTambahProduk))
#5 C:\Users\PC Kantor-3\Documents\DOCUMENT KANTOR\PROJECT CI4\tokoonline\vendor\codeigniter4\framework\system\CodeIgniter.php(337): CodeIgniter\CodeIgniter->handleRequest(NULL, Object(Config\Cache), false)
#6 C:\Users\PC Kantor-3\Documents\DOCUMENT KANTOR\PROJECT CI4\tokoonline\public\index.php(44): CodeIgniter\CodeIgniter->run()
#7 C:\Users\PC Kantor-3\Documents\DOCUMENT KANTOR\PROJECT CI4\tokoonline\vendor\codeigniter4\framework\system\Commands\Server\rewrite.php(45): require_once('C:\\Users\\PC Kan...')
#8 {main}
CRITICAL - 2022-04-28 16:09:54 --> strip_tags() expects parameter 1 to be string, array given
#0 [internal function]: CodeIgniter\Debug\Exceptions->errorHandler(2, 'strip_tags() ex...', 'C:\\Users\\PC Kan...', 168, Array)
#1 C:\Users\PC Kantor-3\Documents\DOCUMENT KANTOR\PROJECT CI4\tokoonline\app\Helpers\my_helpers.php(168): strip_tags(Array)
#2 C:\Users\PC Kantor-3\Documents\DOCUMENT KANTOR\PROJECT CI4\tokoonline\modules\Produk\Controllers\DataTambahProduk.php(524): filterdata(Array)
#3 C:\Users\PC Kantor-3\Documents\DOCUMENT KANTOR\PROJECT CI4\tokoonline\vendor\codeigniter4\framework\system\CodeIgniter.php(940): Modules\Produk\Controllers\DataTambahProduk->saveprodukdetail()
#4 C:\Users\PC Kantor-3\Documents\DOCUMENT KANTOR\PROJECT CI4\tokoonline\vendor\codeigniter4\framework\system\CodeIgniter.php(436): CodeIgniter\CodeIgniter->runController(Object(Modules\Produk\Controllers\DataTambahProduk))
#5 C:\Users\PC Kantor-3\Documents\DOCUMENT KANTOR\PROJECT CI4\tokoonline\vendor\codeigniter4\framework\system\CodeIgniter.php(337): CodeIgniter\CodeIgniter->handleRequest(NULL, Object(Config\Cache), false)
#6 C:\Users\PC Kantor-3\Documents\DOCUMENT KANTOR\PROJECT CI4\tokoonline\public\index.php(44): CodeIgniter\CodeIgniter->run()
#7 C:\Users\PC Kantor-3\Documents\DOCUMENT KANTOR\PROJECT CI4\tokoonline\vendor\codeigniter4\framework\system\Commands\Server\rewrite.php(45): require_once('C:\\Users\\PC Kan...')
#8 {main}
CRITICAL - 2022-04-28 16:10:12 --> Undefined index: hargavariasi.*
#0 C:\Users\PC Kantor-3\Documents\DOCUMENT KANTOR\PROJECT CI4\tokoonline\modules\Produk\Controllers\DataTambahProduk.php(505): CodeIgniter\Debug\Exceptions->errorHandler(8, 'Undefined index...', 'C:\\Users\\PC Kan...', 505, Array)
#1 C:\Users\PC Kantor-3\Documents\DOCUMENT KANTOR\PROJECT CI4\tokoonline\vendor\codeigniter4\framework\system\CodeIgniter.php(940): Modules\Produk\Controllers\DataTambahProduk->saveprodukdetail()
#2 C:\Users\PC Kantor-3\Documents\DOCUMENT KANTOR\PROJECT CI4\tokoonline\vendor\codeigniter4\framework\system\CodeIgniter.php(436): CodeIgniter\CodeIgniter->runController(Object(Modules\Produk\Controllers\DataTambahProduk))
#3 C:\Users\PC Kantor-3\Documents\DOCUMENT KANTOR\PROJECT CI4\tokoonline\vendor\codeigniter4\framework\system\CodeIgniter.php(337): CodeIgniter\CodeIgniter->handleRequest(NULL, Object(Config\Cache), false)
#4 C:\Users\PC Kantor-3\Documents\DOCUMENT KANTOR\PROJECT CI4\tokoonline\public\index.php(44): CodeIgniter\CodeIgniter->run()
#5 C:\Users\PC Kantor-3\Documents\DOCUMENT KANTOR\PROJECT CI4\tokoonline\vendor\codeigniter4\framework\system\Commands\Server\rewrite.php(45): require_once('C:\\Users\\PC Kan...')
#6 {main}
CRITICAL - 2022-04-28 16:11:18 --> Undefined index: stokvariasi.*
#0 C:\Users\PC Kantor-3\Documents\DOCUMENT KANTOR\PROJECT CI4\tokoonline\modules\Produk\Controllers\DataTambahProduk.php(506): CodeIgniter\Debug\Exceptions->errorHandler(8, 'Undefined index...', 'C:\\Users\\PC Kan...', 506, Array)
#1 C:\Users\PC Kantor-3\Documents\DOCUMENT KANTOR\PROJECT CI4\tokoonline\vendor\codeigniter4\framework\system\CodeIgniter.php(940): Modules\Produk\Controllers\DataTambahProduk->saveprodukdetail()
#2 C:\Users\PC Kantor-3\Documents\DOCUMENT KANTOR\PROJECT CI4\tokoonline\vendor\codeigniter4\framework\system\CodeIgniter.php(436): CodeIgniter\CodeIgniter->runController(Object(Modules\Produk\Controllers\DataTambahProduk))
#3 C:\Users\PC Kantor-3\Documents\DOCUMENT KANTOR\PROJECT CI4\tokoonline\vendor\codeigniter4\framework\system\CodeIgniter.php(337): CodeIgniter\CodeIgniter->handleRequest(NULL, Object(Config\Cache), false)
#4 C:\Users\PC Kantor-3\Documents\DOCUMENT KANTOR\PROJECT CI4\tokoonline\public\index.php(44): CodeIgniter\CodeIgniter->run()
#5 C:\Users\PC Kantor-3\Documents\DOCUMENT KANTOR\PROJECT CI4\tokoonline\vendor\codeigniter4\framework\system\Commands\Server\rewrite.php(45): require_once('C:\\Users\\PC Kan...')
#6 {main}
CRITICAL - 2022-04-28 16:11:46 --> Undefined index: hargavariasi.*
#0 C:\Users\PC Kantor-3\Documents\DOCUMENT KANTOR\PROJECT CI4\tokoonline\modules\Produk\Controllers\DataTambahProduk.php(505): CodeIgniter\Debug\Exceptions->errorHandler(8, 'Undefined index...', 'C:\\Users\\PC Kan...', 505, Array)
#1 C:\Users\PC Kantor-3\Documents\DOCUMENT KANTOR\PROJECT CI4\tokoonline\vendor\codeigniter4\framework\system\CodeIgniter.php(940): Modules\Produk\Controllers\DataTambahProduk->saveprodukdetail()
#2 C:\Users\PC Kantor-3\Documents\DOCUMENT KANTOR\PROJECT CI4\tokoonline\vendor\codeigniter4\framework\system\CodeIgniter.php(436): CodeIgniter\CodeIgniter->runController(Object(Modules\Produk\Controllers\DataTambahProduk))
#3 C:\Users\PC Kantor-3\Documents\DOCUMENT KANTOR\PROJECT CI4\tokoonline\vendor\codeigniter4\framework\system\CodeIgniter.php(337): CodeIgniter\CodeIgniter->handleRequest(NULL, Object(Config\Cache), false)
#4 C:\Users\PC Kantor-3\Documents\DOCUMENT KANTOR\PROJECT CI4\tokoonline\public\index.php(44): CodeIgniter\CodeIgniter->run()
#5 C:\Users\PC Kantor-3\Documents\DOCUMENT KANTOR\PROJECT CI4\tokoonline\vendor\codeigniter4\framework\system\Commands\Server\rewrite.php(45): require_once('C:\\Users\\PC Kan...')
#6 {main}
CRITICAL - 2022-04-28 16:12:10 --> Undefined index: hargavariasi.*
#0 C:\Users\PC Kantor-3\Documents\DOCUMENT KANTOR\PROJECT CI4\tokoonline\modules\Produk\Controllers\DataTambahProduk.php(505): CodeIgniter\Debug\Exceptions->errorHandler(8, 'Undefined index...', 'C:\\Users\\PC Kan...', 505, Array)
#1 C:\Users\PC Kantor-3\Documents\DOCUMENT KANTOR\PROJECT CI4\tokoonline\vendor\codeigniter4\framework\system\CodeIgniter.php(940): Modules\Produk\Controllers\DataTambahProduk->saveprodukdetail()
#2 C:\Users\PC Kantor-3\Documents\DOCUMENT KANTOR\PROJECT CI4\tokoonline\vendor\codeigniter4\framework\system\CodeIgniter.php(436): CodeIgniter\CodeIgniter->runController(Object(Modules\Produk\Controllers\DataTambahProduk))
#3 C:\Users\PC Kantor-3\Documents\DOCUMENT KANTOR\PROJECT CI4\tokoonline\vendor\codeigniter4\framework\system\CodeIgniter.php(337): CodeIgniter\CodeIgniter->handleRequest(NULL, Object(Config\Cache), false)
#4 C:\Users\PC Kantor-3\Documents\DOCUMENT KANTOR\PROJECT CI4\tokoonline\public\index.php(44): CodeIgniter\CodeIgniter->run()
#5 C:\Users\PC Kantor-3\Documents\DOCUMENT KANTOR\PROJECT CI4\tokoonline\vendor\codeigniter4\framework\system\Commands\Server\rewrite.php(45): require_once('C:\\Users\\PC Kan...')
#6 {main}
CRITICAL - 2022-04-28 16:12:11 --> Undefined index: hargavariasi.*
#0 C:\Users\PC Kantor-3\Documents\DOCUMENT KANTOR\PROJECT CI4\tokoonline\modules\Produk\Controllers\DataTambahProduk.php(505): CodeIgniter\Debug\Exceptions->errorHandler(8, 'Undefined index...', 'C:\\Users\\PC Kan...', 505, Array)
#1 C:\Users\PC Kantor-3\Documents\DOCUMENT KANTOR\PROJECT CI4\tokoonline\vendor\codeigniter4\framework\system\CodeIgniter.php(940): Modules\Produk\Controllers\DataTambahProduk->saveprodukdetail()
#2 C:\Users\PC Kantor-3\Documents\DOCUMENT KANTOR\PROJECT CI4\tokoonline\vendor\codeigniter4\framework\system\CodeIgniter.php(436): CodeIgniter\CodeIgniter->runController(Object(Modules\Produk\Controllers\DataTambahProduk))
#3 C:\Users\PC Kantor-3\Documents\DOCUMENT KANTOR\PROJECT CI4\tokoonline\vendor\codeigniter4\framework\system\CodeIgniter.php(337): CodeIgniter\CodeIgniter->handleRequest(NULL, Object(Config\Cache), false)
#4 C:\Users\PC Kantor-3\Documents\DOCUMENT KANTOR\PROJECT CI4\tokoonline\public\index.php(44): CodeIgniter\CodeIgniter->run()
#5 C:\Users\PC Kantor-3\Documents\DOCUMENT KANTOR\PROJECT CI4\tokoonline\vendor\codeigniter4\framework\system\Commands\Server\rewrite.php(45): require_once('C:\\Users\\PC Kan...')
#6 {main}
CRITICAL - 2022-04-28 16:12:45 --> Undefined index: hargavariasi
#0 C:\Users\PC Kantor-3\Documents\DOCUMENT KANTOR\PROJECT CI4\tokoonline\modules\Produk\Controllers\DataTambahProduk.php(505): CodeIgniter\Debug\Exceptions->errorHandler(8, 'Undefined index...', 'C:\\Users\\PC Kan...', 505, Array)
#1 C:\Users\PC Kantor-3\Documents\DOCUMENT KANTOR\PROJECT CI4\tokoonline\vendor\codeigniter4\framework\system\CodeIgniter.php(940): Modules\Produk\Controllers\DataTambahProduk->saveprodukdetail()
#2 C:\Users\PC Kantor-3\Documents\DOCUMENT KANTOR\PROJECT CI4\tokoonline\vendor\codeigniter4\framework\system\CodeIgniter.php(436): CodeIgniter\CodeIgniter->runController(Object(Modules\Produk\Controllers\DataTambahProduk))
#3 C:\Users\PC Kantor-3\Documents\DOCUMENT KANTOR\PROJECT CI4\tokoonline\vendor\codeigniter4\framework\system\CodeIgniter.php(337): CodeIgniter\CodeIgniter->handleRequest(NULL, Object(Config\Cache), false)
#4 C:\Users\PC Kantor-3\Documents\DOCUMENT KANTOR\PROJECT CI4\tokoonline\public\index.php(44): CodeIgniter\CodeIgniter->run()
#5 C:\Users\PC Kantor-3\Documents\DOCUMENT KANTOR\PROJECT CI4\tokoonline\vendor\codeigniter4\framework\system\Commands\Server\rewrite.php(45): require_once('C:\\Users\\PC Kan...')
#6 {main}
CRITICAL - 2022-04-28 16:13:14 --> Undefined index: hargavariasi
#0 C:\Users\PC Kantor-3\Documents\DOCUMENT KANTOR\PROJECT CI4\tokoonline\modules\Produk\Controllers\DataTambahProduk.php(505): CodeIgniter\Debug\Exceptions->errorHandler(8, 'Undefined index...', 'C:\\Users\\PC Kan...', 505, Array)
#1 C:\Users\PC Kantor-3\Documents\DOCUMENT KANTOR\PROJECT CI4\tokoonline\vendor\codeigniter4\framework\system\CodeIgniter.php(940): Modules\Produk\Controllers\DataTambahProduk->saveprodukdetail()
#2 C:\Users\PC Kantor-3\Documents\DOCUMENT KANTOR\PROJECT CI4\tokoonline\vendor\codeigniter4\framework\system\CodeIgniter.php(436): CodeIgniter\CodeIgniter->runController(Object(Modules\Produk\Controllers\DataTambahProduk))
#3 C:\Users\PC Kantor-3\Documents\DOCUMENT KANTOR\PROJECT CI4\tokoonline\vendor\codeigniter4\framework\system\CodeIgniter.php(337): CodeIgniter\CodeIgniter->handleRequest(NULL, Object(Config\Cache), false)
#4 C:\Users\PC Kantor-3\Documents\DOCUMENT KANTOR\PROJECT CI4\tokoonline\public\index.php(44): CodeIgniter\CodeIgniter->run()
#5 C:\Users\PC Kantor-3\Documents\DOCUMENT KANTOR\PROJECT CI4\tokoonline\vendor\codeigniter4\framework\system\Commands\Server\rewrite.php(45): require_once('C:\\Users\\PC Kan...')
#6 {main}
CRITICAL - 2022-04-28 16:14:54 --> strip_tags() expects parameter 1 to be string, array given
#0 [internal function]: CodeIgniter\Debug\Exceptions->errorHandler(2, 'strip_tags() ex...', 'C:\\Users\\PC Kan...', 168, Array)
#1 C:\Users\PC Kantor-3\Documents\DOCUMENT KANTOR\PROJECT CI4\tokoonline\app\Helpers\my_helpers.php(168): strip_tags(Array)
#2 C:\Users\PC Kantor-3\Documents\DOCUMENT KANTOR\PROJECT CI4\tokoonline\modules\Produk\Controllers\DataTambahProduk.php(526): filterdata(Array)
#3 C:\Users\PC Kantor-3\Documents\DOCUMENT KANTOR\PROJECT CI4\tokoonline\vendor\codeigniter4\framework\system\CodeIgniter.php(940): Modules\Produk\Controllers\DataTambahProduk->saveprodukdetail()
#4 C:\Users\PC Kantor-3\Documents\DOCUMENT KANTOR\PROJECT CI4\tokoonline\vendor\codeigniter4\framework\system\CodeIgniter.php(436): CodeIgniter\CodeIgniter->runController(Object(Modules\Produk\Controllers\DataTambahProduk))
#5 C:\Users\PC Kantor-3\Documents\DOCUMENT KANTOR\PROJECT CI4\tokoonline\vendor\codeigniter4\framework\system\CodeIgniter.php(337): CodeIgniter\CodeIgniter->handleRequest(NULL, Object(Config\Cache), false)
#6 C:\Users\PC Kantor-3\Documents\DOCUMENT KANTOR\PROJECT CI4\tokoonline\public\index.php(44): CodeIgniter\CodeIgniter->run()
#7 C:\Users\PC Kantor-3\Documents\DOCUMENT KANTOR\PROJECT CI4\tokoonline\vendor\codeigniter4\framework\system\Commands\Server\rewrite.php(45): require_once('C:\\Users\\PC Kan...')
#8 {main}
CRITICAL - 2022-04-28 16:15:54 --> strip_tags() expects parameter 1 to be string, array given
#0 [internal function]: CodeIgniter\Debug\Exceptions->errorHandler(2, 'strip_tags() ex...', 'C:\\Users\\PC Kan...', 168, Array)
#1 C:\Users\PC Kantor-3\Documents\DOCUMENT KANTOR\PROJECT CI4\tokoonline\app\Helpers\my_helpers.php(168): strip_tags(Array)
#2 C:\Users\PC Kantor-3\Documents\DOCUMENT KANTOR\PROJECT CI4\tokoonline\modules\Produk\Controllers\DataTambahProduk.php(526): filterdata(Array)
#3 C:\Users\PC Kantor-3\Documents\DOCUMENT KANTOR\PROJECT CI4\tokoonline\vendor\codeigniter4\framework\system\CodeIgniter.php(940): Modules\Produk\Controllers\DataTambahProduk->saveprodukdetail()
#4 C:\Users\PC Kantor-3\Documents\DOCUMENT KANTOR\PROJECT CI4\tokoonline\vendor\codeigniter4\framework\system\CodeIgniter.php(436): CodeIgniter\CodeIgniter->runController(Object(Modules\Produk\Controllers\DataTambahProduk))
#5 C:\Users\PC Kantor-3\Documents\DOCUMENT KANTOR\PROJECT CI4\tokoonline\vendor\codeigniter4\framework\system\CodeIgniter.php(337): CodeIgniter\CodeIgniter->handleRequest(NULL, Object(Config\Cache), false)
#6 C:\Users\PC Kantor-3\Documents\DOCUMENT KANTOR\PROJECT CI4\tokoonline\public\index.php(44): CodeIgniter\CodeIgniter->run()
#7 C:\Users\PC Kantor-3\Documents\DOCUMENT KANTOR\PROJECT CI4\tokoonline\vendor\codeigniter4\framework\system\Commands\Server\rewrite.php(45): require_once('C:\\Users\\PC Kan...')
#8 {main}
CRITICAL - 2022-04-28 16:16:13 --> strip_tags() expects parameter 1 to be string, array given
#0 [internal function]: CodeIgniter\Debug\Exceptions->errorHandler(2, 'strip_tags() ex...', 'C:\\Users\\PC Kan...', 168, Array)
#1 C:\Users\PC Kantor-3\Documents\DOCUMENT KANTOR\PROJECT CI4\tokoonline\app\Helpers\my_helpers.php(168): strip_tags(Array)
#2 C:\Users\PC Kantor-3\Documents\DOCUMENT KANTOR\PROJECT CI4\tokoonline\modules\Produk\Controllers\DataTambahProduk.php(526): filterdata(Array)
#3 C:\Users\PC Kantor-3\Documents\DOCUMENT KANTOR\PROJECT CI4\tokoonline\vendor\codeigniter4\framework\system\CodeIgniter.php(940): Modules\Produk\Controllers\DataTambahProduk->saveprodukdetail()
#4 C:\Users\PC Kantor-3\Documents\DOCUMENT KANTOR\PROJECT CI4\tokoonline\vendor\codeigniter4\framework\system\CodeIgniter.php(436): CodeIgniter\CodeIgniter->runController(Object(Modules\Produk\Controllers\DataTambahProduk))
#5 C:\Users\PC Kantor-3\Documents\DOCUMENT KANTOR\PROJECT CI4\tokoonline\vendor\codeigniter4\framework\system\CodeIgniter.php(337): CodeIgniter\CodeIgniter->handleRequest(NULL, Object(Config\Cache), false)
#6 C:\Users\PC Kantor-3\Documents\DOCUMENT KANTOR\PROJECT CI4\tokoonline\public\index.php(44): CodeIgniter\CodeIgniter->run()
#7 C:\Users\PC Kantor-3\Documents\DOCUMENT KANTOR\PROJECT CI4\tokoonline\vendor\codeigniter4\framework\system\Commands\Server\rewrite.php(45): require_once('C:\\Users\\PC Kan...')
#8 {main}
