CRITICAL - 2021-07-24 09:00:42 --> You do not have sufficient permissions to access that page.
#0 C:\xampp\htdocs\spm\vendor\codeigniter4\framework\system\Filters\Filters.php(181): Myth\Auth\Filters\PermissionFilter->before(Object(CodeIgniter\HTTP\IncomingRequest), Array)
#1 C:\xampp\htdocs\spm\vendor\codeigniter4\framework\system\CodeIgniter.php(407): CodeIgniter\Filters\Filters->run('manage-jenis-do...', 'before')
#2 C:\xampp\htdocs\spm\vendor\codeigniter4\framework\system\CodeIgniter.php(337): CodeIgniter\CodeIgniter->handleRequest(NULL, Object(Config\Cache), false)
#3 C:\xampp\htdocs\spm\public\index.php(44): CodeIgniter\CodeIgniter->run()
#4 C:\xampp\htdocs\spm\vendor\codeigniter4\framework\system\Commands\Server\rewrite.php(45): require_once('C:\\xampp\\htdocs...')
#5 {main}
ERROR - 2021-07-24 09:30:45 --> mysqli_sql_exception: Unknown column 'tanggal' in 'order clause' in C:\xampp\htdocs\spm\vendor\codeigniter4\framework\system\Database\MySQLi\Connection.php:314
Stack trace:
#0 C:\xampp\htdocs\spm\vendor\codeigniter4\framework\system\Database\MySQLi\Connection.php(314): mysqli->query('SELECT `id`, `j...')
#1 C:\xampp\htdocs\spm\vendor\codeigniter4\framework\system\Database\BaseConnection.php(713): CodeIgniter\Database\MySQLi\Connection->execute('SELECT `id`, `j...')
#2 C:\xampp\htdocs\spm\vendor\codeigniter4\framework\system\Database\BaseConnection.php(641): CodeIgniter\Database\BaseConnection->simpleQuery('SELECT `id`, `j...')
#3 C:\xampp\htdocs\spm\vendor\codeigniter4\framework\system\Database\BaseBuilder.php(1866): CodeIgniter\Database\BaseConnection->query('SELECT `id`, `j...', Array, false)
#4 C:\xampp\htdocs\spm\modules\ManageSpmi\Models\ModelDokumen.php(24): CodeIgniter\Database\BaseBuilder->get()
#5 C:\xampp\htdocs\spm\modules\ManageSpmi\Controllers\DataDokumen.php(25): Modules\ManageSpmi\Models\ModelDokumen->get_jenis_dokumen()
#6 C:\xampp\htdocs\spm\vendor\codeigniter4\framework\system\CodeIgniter.php(940): Modules\ManageSpmi\Controllers\DataDokumen->dokumen()
#7 C:\xampp\htdocs\spm\vendor\codeigniter4\framework\system\CodeIgniter.php(436): CodeIgniter\CodeIgniter->runController(Object(Modules\ManageSpmi\Controllers\DataDokumen))
#8 C:\xampp\htdocs\spm\vendor\codeigniter4\framework\system\CodeIgniter.php(337): CodeIgniter\CodeIgniter->handleRequest(NULL, Object(Config\Cache), false)
#9 C:\xampp\htdocs\spm\public\index.php(44): CodeIgniter\CodeIgniter->run()
#10 C:\xampp\htdocs\spm\vendor\codeigniter4\framework\system\Commands\Server\rewrite.php(45): require_once('C:\\xampp\\htdocs...')
#11 {main}
CRITICAL - 2021-07-24 09:30:45 --> Unknown column 'tanggal' in 'order clause'
#0 C:\xampp\htdocs\spm\vendor\codeigniter4\framework\system\Database\MySQLi\Connection.php(314): mysqli->query('SELECT `id`, `j...')
#1 C:\xampp\htdocs\spm\vendor\codeigniter4\framework\system\Database\BaseConnection.php(713): CodeIgniter\Database\MySQLi\Connection->execute('SELECT `id`, `j...')
#2 C:\xampp\htdocs\spm\vendor\codeigniter4\framework\system\Database\BaseConnection.php(641): CodeIgniter\Database\BaseConnection->simpleQuery('SELECT `id`, `j...')
#3 C:\xampp\htdocs\spm\vendor\codeigniter4\framework\system\Database\BaseBuilder.php(1866): CodeIgniter\Database\BaseConnection->query('SELECT `id`, `j...', Array, false)
#4 C:\xampp\htdocs\spm\modules\ManageSpmi\Models\ModelDokumen.php(24): CodeIgniter\Database\BaseBuilder->get()
#5 C:\xampp\htdocs\spm\modules\ManageSpmi\Controllers\DataDokumen.php(25): Modules\ManageSpmi\Models\ModelDokumen->get_jenis_dokumen()
#6 C:\xampp\htdocs\spm\vendor\codeigniter4\framework\system\CodeIgniter.php(940): Modules\ManageSpmi\Controllers\DataDokumen->dokumen()
#7 C:\xampp\htdocs\spm\vendor\codeigniter4\framework\system\CodeIgniter.php(436): CodeIgniter\CodeIgniter->runController(Object(Modules\ManageSpmi\Controllers\DataDokumen))
#8 C:\xampp\htdocs\spm\vendor\codeigniter4\framework\system\CodeIgniter.php(337): CodeIgniter\CodeIgniter->handleRequest(NULL, Object(Config\Cache), false)
#9 C:\xampp\htdocs\spm\public\index.php(44): CodeIgniter\CodeIgniter->run()
#10 C:\xampp\htdocs\spm\vendor\codeigniter4\framework\system\Commands\Server\rewrite.php(45): require_once('C:\\xampp\\htdocs...')
#11 {main}
ERROR - 2021-07-24 09:31:45 --> mysqli_sql_exception: Unknown column 'tanggal' in 'order clause' in C:\xampp\htdocs\spm\vendor\codeigniter4\framework\system\Database\MySQLi\Connection.php:314
Stack trace:
#0 C:\xampp\htdocs\spm\vendor\codeigniter4\framework\system\Database\MySQLi\Connection.php(314): mysqli->query('SELECT `id`, `j...')
#1 C:\xampp\htdocs\spm\vendor\codeigniter4\framework\system\Database\BaseConnection.php(713): CodeIgniter\Database\MySQLi\Connection->execute('SELECT `id`, `j...')
#2 C:\xampp\htdocs\spm\vendor\codeigniter4\framework\system\Database\BaseConnection.php(641): CodeIgniter\Database\BaseConnection->simpleQuery('SELECT `id`, `j...')
#3 C:\xampp\htdocs\spm\vendor\codeigniter4\framework\system\Database\BaseBuilder.php(1866): CodeIgniter\Database\BaseConnection->query('SELECT `id`, `j...', Array, false)
#4 C:\xampp\htdocs\spm\modules\ManageSpmi\Models\ModelDokumen.php(24): CodeIgniter\Database\BaseBuilder->get()
#5 C:\xampp\htdocs\spm\modules\ManageSpmi\Controllers\DataDokumen.php(25): Modules\ManageSpmi\Models\ModelDokumen->get_jenis_dokumen()
#6 C:\xampp\htdocs\spm\vendor\codeigniter4\framework\system\CodeIgniter.php(940): Modules\ManageSpmi\Controllers\DataDokumen->dokumen()
#7 C:\xampp\htdocs\spm\vendor\codeigniter4\framework\system\CodeIgniter.php(436): CodeIgniter\CodeIgniter->runController(Object(Modules\ManageSpmi\Controllers\DataDokumen))
#8 C:\xampp\htdocs\spm\vendor\codeigniter4\framework\system\CodeIgniter.php(337): CodeIgniter\CodeIgniter->handleRequest(NULL, Object(Config\Cache), false)
#9 C:\xampp\htdocs\spm\public\index.php(44): CodeIgniter\CodeIgniter->run()
#10 C:\xampp\htdocs\spm\vendor\codeigniter4\framework\system\Commands\Server\rewrite.php(45): require_once('C:\\xampp\\htdocs...')
#11 {main}
CRITICAL - 2021-07-24 09:31:45 --> Unknown column 'tanggal' in 'order clause'
#0 C:\xampp\htdocs\spm\vendor\codeigniter4\framework\system\Database\MySQLi\Connection.php(314): mysqli->query('SELECT `id`, `j...')
#1 C:\xampp\htdocs\spm\vendor\codeigniter4\framework\system\Database\BaseConnection.php(713): CodeIgniter\Database\MySQLi\Connection->execute('SELECT `id`, `j...')
#2 C:\xampp\htdocs\spm\vendor\codeigniter4\framework\system\Database\BaseConnection.php(641): CodeIgniter\Database\BaseConnection->simpleQuery('SELECT `id`, `j...')
#3 C:\xampp\htdocs\spm\vendor\codeigniter4\framework\system\Database\BaseBuilder.php(1866): CodeIgniter\Database\BaseConnection->query('SELECT `id`, `j...', Array, false)
#4 C:\xampp\htdocs\spm\modules\ManageSpmi\Models\ModelDokumen.php(24): CodeIgniter\Database\BaseBuilder->get()
#5 C:\xampp\htdocs\spm\modules\ManageSpmi\Controllers\DataDokumen.php(25): Modules\ManageSpmi\Models\ModelDokumen->get_jenis_dokumen()
#6 C:\xampp\htdocs\spm\vendor\codeigniter4\framework\system\CodeIgniter.php(940): Modules\ManageSpmi\Controllers\DataDokumen->dokumen()
#7 C:\xampp\htdocs\spm\vendor\codeigniter4\framework\system\CodeIgniter.php(436): CodeIgniter\CodeIgniter->runController(Object(Modules\ManageSpmi\Controllers\DataDokumen))
#8 C:\xampp\htdocs\spm\vendor\codeigniter4\framework\system\CodeIgniter.php(337): CodeIgniter\CodeIgniter->handleRequest(NULL, Object(Config\Cache), false)
#9 C:\xampp\htdocs\spm\public\index.php(44): CodeIgniter\CodeIgniter->run()
#10 C:\xampp\htdocs\spm\vendor\codeigniter4\framework\system\Commands\Server\rewrite.php(45): require_once('C:\\xampp\\htdocs...')
#11 {main}
ERROR - 2021-07-24 09:32:19 --> mysqli_sql_exception: Unknown column 'tanggal' in 'order clause' in C:\xampp\htdocs\spm\vendor\codeigniter4\framework\system\Database\MySQLi\Connection.php:314
Stack trace:
#0 C:\xampp\htdocs\spm\vendor\codeigniter4\framework\system\Database\MySQLi\Connection.php(314): mysqli->query('SELECT `id`, `j...')
#1 C:\xampp\htdocs\spm\vendor\codeigniter4\framework\system\Database\BaseConnection.php(713): CodeIgniter\Database\MySQLi\Connection->execute('SELECT `id`, `j...')
#2 C:\xampp\htdocs\spm\vendor\codeigniter4\framework\system\Database\BaseConnection.php(641): CodeIgniter\Database\BaseConnection->simpleQuery('SELECT `id`, `j...')
#3 C:\xampp\htdocs\spm\vendor\codeigniter4\framework\system\Database\BaseBuilder.php(1866): CodeIgniter\Database\BaseConnection->query('SELECT `id`, `j...', Array, false)
#4 C:\xampp\htdocs\spm\modules\ManageSpmi\Models\ModelDokumen.php(24): CodeIgniter\Database\BaseBuilder->get()
#5 C:\xampp\htdocs\spm\modules\ManageSpmi\Controllers\DataDokumen.php(25): Modules\ManageSpmi\Models\ModelDokumen->get_jenis_dokumen()
#6 C:\xampp\htdocs\spm\vendor\codeigniter4\framework\system\CodeIgniter.php(940): Modules\ManageSpmi\Controllers\DataDokumen->dokumen()
#7 C:\xampp\htdocs\spm\vendor\codeigniter4\framework\system\CodeIgniter.php(436): CodeIgniter\CodeIgniter->runController(Object(Modules\ManageSpmi\Controllers\DataDokumen))
#8 C:\xampp\htdocs\spm\vendor\codeigniter4\framework\system\CodeIgniter.php(337): CodeIgniter\CodeIgniter->handleRequest(NULL, Object(Config\Cache), false)
#9 C:\xampp\htdocs\spm\public\index.php(44): CodeIgniter\CodeIgniter->run()
#10 C:\xampp\htdocs\spm\vendor\codeigniter4\framework\system\Commands\Server\rewrite.php(45): require_once('C:\\xampp\\htdocs...')
#11 {main}
CRITICAL - 2021-07-24 09:32:19 --> Unknown column 'tanggal' in 'order clause'
#0 C:\xampp\htdocs\spm\vendor\codeigniter4\framework\system\Database\MySQLi\Connection.php(314): mysqli->query('SELECT `id`, `j...')
#1 C:\xampp\htdocs\spm\vendor\codeigniter4\framework\system\Database\BaseConnection.php(713): CodeIgniter\Database\MySQLi\Connection->execute('SELECT `id`, `j...')
#2 C:\xampp\htdocs\spm\vendor\codeigniter4\framework\system\Database\BaseConnection.php(641): CodeIgniter\Database\BaseConnection->simpleQuery('SELECT `id`, `j...')
#3 C:\xampp\htdocs\spm\vendor\codeigniter4\framework\system\Database\BaseBuilder.php(1866): CodeIgniter\Database\BaseConnection->query('SELECT `id`, `j...', Array, false)
#4 C:\xampp\htdocs\spm\modules\ManageSpmi\Models\ModelDokumen.php(24): CodeIgniter\Database\BaseBuilder->get()
#5 C:\xampp\htdocs\spm\modules\ManageSpmi\Controllers\DataDokumen.php(25): Modules\ManageSpmi\Models\ModelDokumen->get_jenis_dokumen()
#6 C:\xampp\htdocs\spm\vendor\codeigniter4\framework\system\CodeIgniter.php(940): Modules\ManageSpmi\Controllers\DataDokumen->dokumen()
#7 C:\xampp\htdocs\spm\vendor\codeigniter4\framework\system\CodeIgniter.php(436): CodeIgniter\CodeIgniter->runController(Object(Modules\ManageSpmi\Controllers\DataDokumen))
#8 C:\xampp\htdocs\spm\vendor\codeigniter4\framework\system\CodeIgniter.php(337): CodeIgniter\CodeIgniter->handleRequest(NULL, Object(Config\Cache), false)
#9 C:\xampp\htdocs\spm\public\index.php(44): CodeIgniter\CodeIgniter->run()
#10 C:\xampp\htdocs\spm\vendor\codeigniter4\framework\system\Commands\Server\rewrite.php(45): require_once('C:\\xampp\\htdocs...')
#11 {main}
ERROR - 2021-07-24 09:33:25 --> mysqli_sql_exception: Unknown column 'slug_nama_dokumen' in 'field list' in C:\xampp\htdocs\spm\vendor\codeigniter4\framework\system\Database\MySQLi\Connection.php:314
Stack trace:
#0 C:\xampp\htdocs\spm\vendor\codeigniter4\framework\system\Database\MySQLi\Connection.php(314): mysqli->query('INSERT INTO `sp...')
#1 C:\xampp\htdocs\spm\vendor\codeigniter4\framework\system\Database\BaseConnection.php(713): CodeIgniter\Database\MySQLi\Connection->execute('INSERT INTO `sp...')
#2 C:\xampp\htdocs\spm\vendor\codeigniter4\framework\system\Database\BaseConnection.php(641): CodeIgniter\Database\BaseConnection->simpleQuery('INSERT INTO `sp...')
#3 C:\xampp\htdocs\spm\vendor\codeigniter4\framework\system\Database\BaseBuilder.php(2263): CodeIgniter\Database\BaseConnection->query('INSERT INTO `sp...', Array, false)
#4 C:\xampp\htdocs\spm\modules\ManageSpmi\Models\ModelDokumen.php(50): CodeIgniter\Database\BaseBuilder->insert(Array)
#5 C:\xampp\htdocs\spm\modules\ManageSpmi\Controllers\DataDokumen.php(80): Modules\ManageSpmi\Models\ModelDokumen->save_dokumen('Prosedur Penjam...', 'prosedur-penjam...', '2', '2015', 'https://spm.itb...')
#6 C:\xampp\htdocs\spm\vendor\codeigniter4\framework\system\CodeIgniter.php(940): Modules\ManageSpmi\Controllers\DataDokumen->dokumen_save()
#7 C:\xampp\htdocs\spm\vendor\codeigniter4\framework\system\CodeIgniter.php(436): CodeIgniter\CodeIgniter->runController(Object(Modules\ManageSpmi\Controllers\DataDokumen))
#8 C:\xampp\htdocs\spm\vendor\codeigniter4\framework\system\CodeIgniter.php(337): CodeIgniter\CodeIgniter->handleRequest(NULL, Object(Config\Cache), false)
#9 C:\xampp\htdocs\spm\public\index.php(44): CodeIgniter\CodeIgniter->run()
#10 C:\xampp\htdocs\spm\vendor\codeigniter4\framework\system\Commands\Server\rewrite.php(45): require_once('C:\\xampp\\htdocs...')
#11 {main}
CRITICAL - 2021-07-24 09:33:25 --> Unknown column 'slug_nama_dokumen' in 'field list'
#0 C:\xampp\htdocs\spm\vendor\codeigniter4\framework\system\Database\MySQLi\Connection.php(314): mysqli->query('INSERT INTO `sp...')
#1 C:\xampp\htdocs\spm\vendor\codeigniter4\framework\system\Database\BaseConnection.php(713): CodeIgniter\Database\MySQLi\Connection->execute('INSERT INTO `sp...')
#2 C:\xampp\htdocs\spm\vendor\codeigniter4\framework\system\Database\BaseConnection.php(641): CodeIgniter\Database\BaseConnection->simpleQuery('INSERT INTO `sp...')
#3 C:\xampp\htdocs\spm\vendor\codeigniter4\framework\system\Database\BaseBuilder.php(2263): CodeIgniter\Database\BaseConnection->query('INSERT INTO `sp...', Array, false)
#4 C:\xampp\htdocs\spm\modules\ManageSpmi\Models\ModelDokumen.php(50): CodeIgniter\Database\BaseBuilder->insert(Array)
#5 C:\xampp\htdocs\spm\modules\ManageSpmi\Controllers\DataDokumen.php(80): Modules\ManageSpmi\Models\ModelDokumen->save_dokumen('Prosedur Penjam...', 'prosedur-penjam...', '2', '2015', 'https://spm.itb...')
#6 C:\xampp\htdocs\spm\vendor\codeigniter4\framework\system\CodeIgniter.php(940): Modules\ManageSpmi\Controllers\DataDokumen->dokumen_save()
#7 C:\xampp\htdocs\spm\vendor\codeigniter4\framework\system\CodeIgniter.php(436): CodeIgniter\CodeIgniter->runController(Object(Modules\ManageSpmi\Controllers\DataDokumen))
#8 C:\xampp\htdocs\spm\vendor\codeigniter4\framework\system\CodeIgniter.php(337): CodeIgniter\CodeIgniter->handleRequest(NULL, Object(Config\Cache), false)
#9 C:\xampp\htdocs\spm\public\index.php(44): CodeIgniter\CodeIgniter->run()
#10 C:\xampp\htdocs\spm\vendor\codeigniter4\framework\system\Commands\Server\rewrite.php(45): require_once('C:\\xampp\\htdocs...')
#11 {main}
CRITICAL - 2021-07-24 09:34:06 --> Undefined index: jenis_dokumen
#0 C:\xampp\htdocs\spm\modules\ManageSpmi\Views\dokumen_spmi.php(220): CodeIgniter\Debug\Exceptions->errorHandler(8, 'Undefined index...', 'C:\\xampp\\htdocs...', 220, Array)
#1 C:\xampp\htdocs\spm\vendor\codeigniter4\framework\system\View\View.php(220): include('C:\\xampp\\htdocs...')
#2 C:\xampp\htdocs\spm\vendor\codeigniter4\framework\system\View\View.php(222): CodeIgniter\View\View->CodeIgniter\View\{closure}()
#3 C:\xampp\htdocs\spm\vendor\codeigniter4\framework\system\Common.php(1217): CodeIgniter\View\View->render('Modules\\ManageS...', Array, true)
#4 C:\xampp\htdocs\spm\modules\ManageSpmi\Controllers\DataDokumen.php(35): view('Modules\\ManageS...', Array)
#5 C:\xampp\htdocs\spm\vendor\codeigniter4\framework\system\CodeIgniter.php(940): Modules\ManageSpmi\Controllers\DataDokumen->dokumen()
#6 C:\xampp\htdocs\spm\vendor\codeigniter4\framework\system\CodeIgniter.php(436): CodeIgniter\CodeIgniter->runController(Object(Modules\ManageSpmi\Controllers\DataDokumen))
#7 C:\xampp\htdocs\spm\vendor\codeigniter4\framework\system\CodeIgniter.php(337): CodeIgniter\CodeIgniter->handleRequest(NULL, Object(Config\Cache), false)
#8 C:\xampp\htdocs\spm\public\index.php(44): CodeIgniter\CodeIgniter->run()
#9 C:\xampp\htdocs\spm\vendor\codeigniter4\framework\system\Commands\Server\rewrite.php(45): require_once('C:\\xampp\\htdocs...')
#10 {main}
ERROR - 2021-07-24 09:42:42 --> mysqli_sql_exception: Column 'random' in field list is ambiguous in C:\xampp\htdocs\spm\vendor\codeigniter4\framework\system\Database\MySQLi\Connection.php:314
Stack trace:
#0 C:\xampp\htdocs\spm\vendor\codeigniter4\framework\system\Database\MySQLi\Connection.php(314): mysqli->query('SELECT `random`...')
#1 C:\xampp\htdocs\spm\vendor\codeigniter4\framework\system\Database\BaseConnection.php(713): CodeIgniter\Database\MySQLi\Connection->execute('SELECT `random`...')
#2 C:\xampp\htdocs\spm\vendor\codeigniter4\framework\system\Database\BaseConnection.php(641): CodeIgniter\Database\BaseConnection->simpleQuery('SELECT `random`...')
#3 C:\xampp\htdocs\spm\vendor\codeigniter4\framework\system\Database\BaseBuilder.php(1866): CodeIgniter\Database\BaseConnection->query('SELECT `random`...', Array, false)
#4 C:\xampp\htdocs\spm\modules\ManageSpmi\Models\ModelDokumen.php(35): CodeIgniter\Database\BaseBuilder->get()
#5 C:\xampp\htdocs\spm\modules\ManageSpmi\Controllers\DataDokumen.php(24): Modules\ManageSpmi\Models\ModelDokumen->get_dokumen()
#6 C:\xampp\htdocs\spm\vendor\codeigniter4\framework\system\CodeIgniter.php(940): Modules\ManageSpmi\Controllers\DataDokumen->dokumen()
#7 C:\xampp\htdocs\spm\vendor\codeigniter4\framework\system\CodeIgniter.php(436): CodeIgniter\CodeIgniter->runController(Object(Modules\ManageSpmi\Controllers\DataDokumen))
#8 C:\xampp\htdocs\spm\vendor\codeigniter4\framework\system\CodeIgniter.php(337): CodeIgniter\CodeIgniter->handleRequest(NULL, Object(Config\Cache), false)
#9 C:\xampp\htdocs\spm\public\index.php(44): CodeIgniter\CodeIgniter->run()
#10 C:\xampp\htdocs\spm\vendor\codeigniter4\framework\system\Commands\Server\rewrite.php(45): require_once('C:\\xampp\\htdocs...')
#11 {main}
CRITICAL - 2021-07-24 09:42:42 --> Column 'random' in field list is ambiguous
#0 C:\xampp\htdocs\spm\vendor\codeigniter4\framework\system\Database\MySQLi\Connection.php(314): mysqli->query('SELECT `random`...')
#1 C:\xampp\htdocs\spm\vendor\codeigniter4\framework\system\Database\BaseConnection.php(713): CodeIgniter\Database\MySQLi\Connection->execute('SELECT `random`...')
#2 C:\xampp\htdocs\spm\vendor\codeigniter4\framework\system\Database\BaseConnection.php(641): CodeIgniter\Database\BaseConnection->simpleQuery('SELECT `random`...')
#3 C:\xampp\htdocs\spm\vendor\codeigniter4\framework\system\Database\BaseBuilder.php(1866): CodeIgniter\Database\BaseConnection->query('SELECT `random`...', Array, false)
#4 C:\xampp\htdocs\spm\modules\ManageSpmi\Models\ModelDokumen.php(35): CodeIgniter\Database\BaseBuilder->get()
#5 C:\xampp\htdocs\spm\modules\ManageSpmi\Controllers\DataDokumen.php(24): Modules\ManageSpmi\Models\ModelDokumen->get_dokumen()
#6 C:\xampp\htdocs\spm\vendor\codeigniter4\framework\system\CodeIgniter.php(940): Modules\ManageSpmi\Controllers\DataDokumen->dokumen()
#7 C:\xampp\htdocs\spm\vendor\codeigniter4\framework\system\CodeIgniter.php(436): CodeIgniter\CodeIgniter->runController(Object(Modules\ManageSpmi\Controllers\DataDokumen))
#8 C:\xampp\htdocs\spm\vendor\codeigniter4\framework\system\CodeIgniter.php(337): CodeIgniter\CodeIgniter->handleRequest(NULL, Object(Config\Cache), false)
#9 C:\xampp\htdocs\spm\public\index.php(44): CodeIgniter\CodeIgniter->run()
#10 C:\xampp\htdocs\spm\vendor\codeigniter4\framework\system\Commands\Server\rewrite.php(45): require_once('C:\\xampp\\htdocs...')
#11 {main}
ERROR - 2021-07-24 09:42:57 --> mysqli_sql_exception: Column 'jenis_dokumen' in field list is ambiguous in C:\xampp\htdocs\spm\vendor\codeigniter4\framework\system\Database\MySQLi\Connection.php:314
Stack trace:
#0 C:\xampp\htdocs\spm\vendor\codeigniter4\framework\system\Database\MySQLi\Connection.php(314): mysqli->query('SELECT `spmi_do...')
#1 C:\xampp\htdocs\spm\vendor\codeigniter4\framework\system\Database\BaseConnection.php(713): CodeIgniter\Database\MySQLi\Connection->execute('SELECT `spmi_do...')
#2 C:\xampp\htdocs\spm\vendor\codeigniter4\framework\system\Database\BaseConnection.php(641): CodeIgniter\Database\BaseConnection->simpleQuery('SELECT `spmi_do...')
#3 C:\xampp\htdocs\spm\vendor\codeigniter4\framework\system\Database\BaseBuilder.php(1866): CodeIgniter\Database\BaseConnection->query('SELECT `spmi_do...', Array, false)
#4 C:\xampp\htdocs\spm\modules\ManageSpmi\Models\ModelDokumen.php(35): CodeIgniter\Database\BaseBuilder->get()
#5 C:\xampp\htdocs\spm\modules\ManageSpmi\Controllers\DataDokumen.php(24): Modules\ManageSpmi\Models\ModelDokumen->get_dokumen()
#6 C:\xampp\htdocs\spm\vendor\codeigniter4\framework\system\CodeIgniter.php(940): Modules\ManageSpmi\Controllers\DataDokumen->dokumen()
#7 C:\xampp\htdocs\spm\vendor\codeigniter4\framework\system\CodeIgniter.php(436): CodeIgniter\CodeIgniter->runController(Object(Modules\ManageSpmi\Controllers\DataDokumen))
#8 C:\xampp\htdocs\spm\vendor\codeigniter4\framework\system\CodeIgniter.php(337): CodeIgniter\CodeIgniter->handleRequest(NULL, Object(Config\Cache), false)
#9 C:\xampp\htdocs\spm\public\index.php(44): CodeIgniter\CodeIgniter->run()
#10 C:\xampp\htdocs\spm\vendor\codeigniter4\framework\system\Commands\Server\rewrite.php(45): require_once('C:\\xampp\\htdocs...')
#11 {main}
CRITICAL - 2021-07-24 09:42:57 --> Column 'jenis_dokumen' in field list is ambiguous
#0 C:\xampp\htdocs\spm\vendor\codeigniter4\framework\system\Database\MySQLi\Connection.php(314): mysqli->query('SELECT `spmi_do...')
#1 C:\xampp\htdocs\spm\vendor\codeigniter4\framework\system\Database\BaseConnection.php(713): CodeIgniter\Database\MySQLi\Connection->execute('SELECT `spmi_do...')
#2 C:\xampp\htdocs\spm\vendor\codeigniter4\framework\system\Database\BaseConnection.php(641): CodeIgniter\Database\BaseConnection->simpleQuery('SELECT `spmi_do...')
#3 C:\xampp\htdocs\spm\vendor\codeigniter4\framework\system\Database\BaseBuilder.php(1866): CodeIgniter\Database\BaseConnection->query('SELECT `spmi_do...', Array, false)
#4 C:\xampp\htdocs\spm\modules\ManageSpmi\Models\ModelDokumen.php(35): CodeIgniter\Database\BaseBuilder->get()
#5 C:\xampp\htdocs\spm\modules\ManageSpmi\Controllers\DataDokumen.php(24): Modules\ManageSpmi\Models\ModelDokumen->get_dokumen()
#6 C:\xampp\htdocs\spm\vendor\codeigniter4\framework\system\CodeIgniter.php(940): Modules\ManageSpmi\Controllers\DataDokumen->dokumen()
#7 C:\xampp\htdocs\spm\vendor\codeigniter4\framework\system\CodeIgniter.php(436): CodeIgniter\CodeIgniter->runController(Object(Modules\ManageSpmi\Controllers\DataDokumen))
#8 C:\xampp\htdocs\spm\vendor\codeigniter4\framework\system\CodeIgniter.php(337): CodeIgniter\CodeIgniter->handleRequest(NULL, Object(Config\Cache), false)
#9 C:\xampp\htdocs\spm\public\index.php(44): CodeIgniter\CodeIgniter->run()
#10 C:\xampp\htdocs\spm\vendor\codeigniter4\framework\system\Commands\Server\rewrite.php(45): require_once('C:\\xampp\\htdocs...')
#11 {main}
ERROR - 2021-07-24 09:43:07 --> mysqli_sql_exception: Column 'jenis_dokumen' in field list is ambiguous in C:\xampp\htdocs\spm\vendor\codeigniter4\framework\system\Database\MySQLi\Connection.php:314
Stack trace:
#0 C:\xampp\htdocs\spm\vendor\codeigniter4\framework\system\Database\MySQLi\Connection.php(314): mysqli->query('SELECT `spmi_do...')
#1 C:\xampp\htdocs\spm\vendor\codeigniter4\framework\system\Database\BaseConnection.php(713): CodeIgniter\Database\MySQLi\Connection->execute('SELECT `spmi_do...')
#2 C:\xampp\htdocs\spm\vendor\codeigniter4\framework\system\Database\BaseConnection.php(641): CodeIgniter\Database\BaseConnection->simpleQuery('SELECT `spmi_do...')
#3 C:\xampp\htdocs\spm\vendor\codeigniter4\framework\system\Database\BaseBuilder.php(1866): CodeIgniter\Database\BaseConnection->query('SELECT `spmi_do...', Array, false)
#4 C:\xampp\htdocs\spm\modules\ManageSpmi\Models\ModelDokumen.php(35): CodeIgniter\Database\BaseBuilder->get()
#5 C:\xampp\htdocs\spm\modules\ManageSpmi\Controllers\DataDokumen.php(24): Modules\ManageSpmi\Models\ModelDokumen->get_dokumen()
#6 C:\xampp\htdocs\spm\vendor\codeigniter4\framework\system\CodeIgniter.php(940): Modules\ManageSpmi\Controllers\DataDokumen->dokumen()
#7 C:\xampp\htdocs\spm\vendor\codeigniter4\framework\system\CodeIgniter.php(436): CodeIgniter\CodeIgniter->runController(Object(Modules\ManageSpmi\Controllers\DataDokumen))
#8 C:\xampp\htdocs\spm\vendor\codeigniter4\framework\system\CodeIgniter.php(337): CodeIgniter\CodeIgniter->handleRequest(NULL, Object(Config\Cache), false)
#9 C:\xampp\htdocs\spm\public\index.php(44): CodeIgniter\CodeIgniter->run()
#10 C:\xampp\htdocs\spm\vendor\codeigniter4\framework\system\Commands\Server\rewrite.php(45): require_once('C:\\xampp\\htdocs...')
#11 {main}
CRITICAL - 2021-07-24 09:43:07 --> Column 'jenis_dokumen' in field list is ambiguous
#0 C:\xampp\htdocs\spm\vendor\codeigniter4\framework\system\Database\MySQLi\Connection.php(314): mysqli->query('SELECT `spmi_do...')
#1 C:\xampp\htdocs\spm\vendor\codeigniter4\framework\system\Database\BaseConnection.php(713): CodeIgniter\Database\MySQLi\Connection->execute('SELECT `spmi_do...')
#2 C:\xampp\htdocs\spm\vendor\codeigniter4\framework\system\Database\BaseConnection.php(641): CodeIgniter\Database\BaseConnection->simpleQuery('SELECT `spmi_do...')
#3 C:\xampp\htdocs\spm\vendor\codeigniter4\framework\system\Database\BaseBuilder.php(1866): CodeIgniter\Database\BaseConnection->query('SELECT `spmi_do...', Array, false)
#4 C:\xampp\htdocs\spm\modules\ManageSpmi\Models\ModelDokumen.php(35): CodeIgniter\Database\BaseBuilder->get()
#5 C:\xampp\htdocs\spm\modules\ManageSpmi\Controllers\DataDokumen.php(24): Modules\ManageSpmi\Models\ModelDokumen->get_dokumen()
#6 C:\xampp\htdocs\spm\vendor\codeigniter4\framework\system\CodeIgniter.php(940): Modules\ManageSpmi\Controllers\DataDokumen->dokumen()
#7 C:\xampp\htdocs\spm\vendor\codeigniter4\framework\system\CodeIgniter.php(436): CodeIgniter\CodeIgniter->runController(Object(Modules\ManageSpmi\Controllers\DataDokumen))
#8 C:\xampp\htdocs\spm\vendor\codeigniter4\framework\system\CodeIgniter.php(337): CodeIgniter\CodeIgniter->handleRequest(NULL, Object(Config\Cache), false)
#9 C:\xampp\htdocs\spm\public\index.php(44): CodeIgniter\CodeIgniter->run()
#10 C:\xampp\htdocs\spm\vendor\codeigniter4\framework\system\Commands\Server\rewrite.php(45): require_once('C:\\xampp\\htdocs...')
#11 {main}
ERROR - 2021-07-24 09:43:11 --> mysqli_sql_exception: Column 'jenis_dokumen' in field list is ambiguous in C:\xampp\htdocs\spm\vendor\codeigniter4\framework\system\Database\MySQLi\Connection.php:314
Stack trace:
#0 C:\xampp\htdocs\spm\vendor\codeigniter4\framework\system\Database\MySQLi\Connection.php(314): mysqli->query('SELECT `spmi_do...')
#1 C:\xampp\htdocs\spm\vendor\codeigniter4\framework\system\Database\BaseConnection.php(713): CodeIgniter\Database\MySQLi\Connection->execute('SELECT `spmi_do...')
#2 C:\xampp\htdocs\spm\vendor\codeigniter4\framework\system\Database\BaseConnection.php(641): CodeIgniter\Database\BaseConnection->simpleQuery('SELECT `spmi_do...')
#3 C:\xampp\htdocs\spm\vendor\codeigniter4\framework\system\Database\BaseBuilder.php(1866): CodeIgniter\Database\BaseConnection->query('SELECT `spmi_do...', Array, false)
#4 C:\xampp\htdocs\spm\modules\ManageSpmi\Models\ModelDokumen.php(35): CodeIgniter\Database\BaseBuilder->get()
#5 C:\xampp\htdocs\spm\modules\ManageSpmi\Controllers\DataDokumen.php(24): Modules\ManageSpmi\Models\ModelDokumen->get_dokumen()
#6 C:\xampp\htdocs\spm\vendor\codeigniter4\framework\system\CodeIgniter.php(940): Modules\ManageSpmi\Controllers\DataDokumen->dokumen()
#7 C:\xampp\htdocs\spm\vendor\codeigniter4\framework\system\CodeIgniter.php(436): CodeIgniter\CodeIgniter->runController(Object(Modules\ManageSpmi\Controllers\DataDokumen))
#8 C:\xampp\htdocs\spm\vendor\codeigniter4\framework\system\CodeIgniter.php(337): CodeIgniter\CodeIgniter->handleRequest(NULL, Object(Config\Cache), false)
#9 C:\xampp\htdocs\spm\public\index.php(44): CodeIgniter\CodeIgniter->run()
#10 C:\xampp\htdocs\spm\vendor\codeigniter4\framework\system\Commands\Server\rewrite.php(45): require_once('C:\\xampp\\htdocs...')
#11 {main}
CRITICAL - 2021-07-24 09:43:11 --> Column 'jenis_dokumen' in field list is ambiguous
#0 C:\xampp\htdocs\spm\vendor\codeigniter4\framework\system\Database\MySQLi\Connection.php(314): mysqli->query('SELECT `spmi_do...')
#1 C:\xampp\htdocs\spm\vendor\codeigniter4\framework\system\Database\BaseConnection.php(713): CodeIgniter\Database\MySQLi\Connection->execute('SELECT `spmi_do...')
#2 C:\xampp\htdocs\spm\vendor\codeigniter4\framework\system\Database\BaseConnection.php(641): CodeIgniter\Database\BaseConnection->simpleQuery('SELECT `spmi_do...')
#3 C:\xampp\htdocs\spm\vendor\codeigniter4\framework\system\Database\BaseBuilder.php(1866): CodeIgniter\Database\BaseConnection->query('SELECT `spmi_do...', Array, false)
#4 C:\xampp\htdocs\spm\modules\ManageSpmi\Models\ModelDokumen.php(35): CodeIgniter\Database\BaseBuilder->get()
#5 C:\xampp\htdocs\spm\modules\ManageSpmi\Controllers\DataDokumen.php(24): Modules\ManageSpmi\Models\ModelDokumen->get_dokumen()
#6 C:\xampp\htdocs\spm\vendor\codeigniter4\framework\system\CodeIgniter.php(940): Modules\ManageSpmi\Controllers\DataDokumen->dokumen()
#7 C:\xampp\htdocs\spm\vendor\codeigniter4\framework\system\CodeIgniter.php(436): CodeIgniter\CodeIgniter->runController(Object(Modules\ManageSpmi\Controllers\DataDokumen))
#8 C:\xampp\htdocs\spm\vendor\codeigniter4\framework\system\CodeIgniter.php(337): CodeIgniter\CodeIgniter->handleRequest(NULL, Object(Config\Cache), false)
#9 C:\xampp\htdocs\spm\public\index.php(44): CodeIgniter\CodeIgniter->run()
#10 C:\xampp\htdocs\spm\vendor\codeigniter4\framework\system\Commands\Server\rewrite.php(45): require_once('C:\\xampp\\htdocs...')
#11 {main}
ERROR - 2021-07-24 11:28:00 --> mysqli_sql_exception: Unknown column 'is' in 'order clause' in C:\xampp\htdocs\spm\vendor\codeigniter4\framework\system\Database\MySQLi\Connection.php:314
Stack trace:
#0 C:\xampp\htdocs\spm\vendor\codeigniter4\framework\system\Database\MySQLi\Connection.php(314): mysqli->query('SELECT `random`...')
#1 C:\xampp\htdocs\spm\vendor\codeigniter4\framework\system\Database\BaseConnection.php(713): CodeIgniter\Database\MySQLi\Connection->execute('SELECT `random`...')
#2 C:\xampp\htdocs\spm\vendor\codeigniter4\framework\system\Database\BaseConnection.php(641): CodeIgniter\Database\BaseConnection->simpleQuery('SELECT `random`...')
#3 C:\xampp\htdocs\spm\vendor\codeigniter4\framework\system\Database\BaseBuilder.php(1866): CodeIgniter\Database\BaseConnection->query('SELECT `random`...', Array, false)
#4 C:\xampp\htdocs\spm\modules\ManageSpmiFront\Models\ModelSpmi.php(39): CodeIgniter\Database\BaseBuilder->get()
#5 C:\xampp\htdocs\spm\modules\ManageSpmiFront\Controllers\DataSpmi.php(22): Modules\ManageSpmiFront\Models\ModelSpmi->get_jenis_dokumen()
#6 C:\xampp\htdocs\spm\vendor\codeigniter4\framework\system\CodeIgniter.php(940): Modules\ManageSpmiFront\Controllers\DataSpmi->index()
#7 C:\xampp\htdocs\spm\vendor\codeigniter4\framework\system\CodeIgniter.php(436): CodeIgniter\CodeIgniter->runController(Object(Modules\ManageSpmiFront\Controllers\DataSpmi))
#8 C:\xampp\htdocs\spm\vendor\codeigniter4\framework\system\CodeIgniter.php(337): CodeIgniter\CodeIgniter->handleRequest(NULL, Object(Config\Cache), false)
#9 C:\xampp\htdocs\spm\public\index.php(44): CodeIgniter\CodeIgniter->run()
#10 C:\xampp\htdocs\spm\vendor\codeigniter4\framework\system\Commands\Server\rewrite.php(45): require_once('C:\\xampp\\htdocs...')
#11 {main}
CRITICAL - 2021-07-24 11:28:00 --> Unknown column 'is' in 'order clause'
#0 C:\xampp\htdocs\spm\vendor\codeigniter4\framework\system\Database\MySQLi\Connection.php(314): mysqli->query('SELECT `random`...')
#1 C:\xampp\htdocs\spm\vendor\codeigniter4\framework\system\Database\BaseConnection.php(713): CodeIgniter\Database\MySQLi\Connection->execute('SELECT `random`...')
#2 C:\xampp\htdocs\spm\vendor\codeigniter4\framework\system\Database\BaseConnection.php(641): CodeIgniter\Database\BaseConnection->simpleQuery('SELECT `random`...')
#3 C:\xampp\htdocs\spm\vendor\codeigniter4\framework\system\Database\BaseBuilder.php(1866): CodeIgniter\Database\BaseConnection->query('SELECT `random`...', Array, false)
#4 C:\xampp\htdocs\spm\modules\ManageSpmiFront\Models\ModelSpmi.php(39): CodeIgniter\Database\BaseBuilder->get()
#5 C:\xampp\htdocs\spm\modules\ManageSpmiFront\Controllers\DataSpmi.php(22): Modules\ManageSpmiFront\Models\ModelSpmi->get_jenis_dokumen()
#6 C:\xampp\htdocs\spm\vendor\codeigniter4\framework\system\CodeIgniter.php(940): Modules\ManageSpmiFront\Controllers\DataSpmi->index()
#7 C:\xampp\htdocs\spm\vendor\codeigniter4\framework\system\CodeIgniter.php(436): CodeIgniter\CodeIgniter->runController(Object(Modules\ManageSpmiFront\Controllers\DataSpmi))
#8 C:\xampp\htdocs\spm\vendor\codeigniter4\framework\system\CodeIgniter.php(337): CodeIgniter\CodeIgniter->handleRequest(NULL, Object(Config\Cache), false)
#9 C:\xampp\htdocs\spm\public\index.php(44): CodeIgniter\CodeIgniter->run()
#10 C:\xampp\htdocs\spm\vendor\codeigniter4\framework\system\Commands\Server\rewrite.php(45): require_once('C:\\xampp\\htdocs...')
#11 {main}
CRITICAL - 2021-07-24 11:49:29 --> Undefined variable: hero
#0 C:\xampp\htdocs\spm\modules\ManageContact\Views\contact.php(56): CodeIgniter\Debug\Exceptions->errorHandler(8, 'Undefined varia...', 'C:\\xampp\\htdocs...', 56, Array)
#1 C:\xampp\htdocs\spm\vendor\codeigniter4\framework\system\View\View.php(220): include('C:\\xampp\\htdocs...')
#2 C:\xampp\htdocs\spm\vendor\codeigniter4\framework\system\View\View.php(222): CodeIgniter\View\View->CodeIgniter\View\{closure}()
#3 C:\xampp\htdocs\spm\vendor\codeigniter4\framework\system\Common.php(1217): CodeIgniter\View\View->render('Modules\\ManageC...', Array, true)
#4 C:\xampp\htdocs\spm\modules\ManageContact\Controllers\DataContact.php(33): view('Modules\\ManageC...', Array)
#5 C:\xampp\htdocs\spm\vendor\codeigniter4\framework\system\CodeIgniter.php(940): Modules\ManageContact\Controllers\DataContact->contact_edit()
#6 C:\xampp\htdocs\spm\vendor\codeigniter4\framework\system\CodeIgniter.php(436): CodeIgniter\CodeIgniter->runController(Object(Modules\ManageContact\Controllers\DataContact))
#7 C:\xampp\htdocs\spm\vendor\codeigniter4\framework\system\CodeIgniter.php(337): CodeIgniter\CodeIgniter->handleRequest(NULL, Object(Config\Cache), false)
#8 C:\xampp\htdocs\spm\public\index.php(44): CodeIgniter\CodeIgniter->run()
#9 C:\xampp\htdocs\spm\vendor\codeigniter4\framework\system\Commands\Server\rewrite.php(45): require_once('C:\\xampp\\htdocs...')
#10 {main}
CRITICAL - 2021-07-24 11:52:08 --> Unable to save the image. Please make sure the image and file directory are writable.
#0 C:\xampp\htdocs\spm\vendor\codeigniter4\framework\system\Images\Handlers\GDHandler.php(307): CodeIgniter\Images\Exceptions\ImageException::forSaveFailed()
#1 C:\xampp\htdocs\spm\modules\ManageContact\Controllers\DataContact.php(111): CodeIgniter\Images\Handlers\GDHandler->save('C:\\xampp\\htdocs...')
#2 C:\xampp\htdocs\spm\vendor\codeigniter4\framework\system\CodeIgniter.php(940): Modules\ManageContact\Controllers\DataContact->contact_update()
#3 C:\xampp\htdocs\spm\vendor\codeigniter4\framework\system\CodeIgniter.php(436): CodeIgniter\CodeIgniter->runController(Object(Modules\ManageContact\Controllers\DataContact))
#4 C:\xampp\htdocs\spm\vendor\codeigniter4\framework\system\CodeIgniter.php(337): CodeIgniter\CodeIgniter->handleRequest(NULL, Object(Config\Cache), false)
#5 C:\xampp\htdocs\spm\public\index.php(44): CodeIgniter\CodeIgniter->run()
#6 C:\xampp\htdocs\spm\vendor\codeigniter4\framework\system\Commands\Server\rewrite.php(45): require_once('C:\\xampp\\htdocs...')
#7 {main}
CRITICAL - 2021-07-24 14:22:04 --> Call to undefined method CodeIgniter\Database\MySQLi\Builder::paginate()
#0 C:\xampp\htdocs\spm\modules\ManageSpmiFront\Controllers\DataSpmi.php(42): Modules\ManageSpmiFront\Models\ModelDokumenSpmi->get_dokumen(5)
#1 C:\xampp\htdocs\spm\vendor\codeigniter4\framework\system\CodeIgniter.php(940): Modules\ManageSpmiFront\Controllers\DataSpmi->dokumen('kebijakan-spmi')
#2 C:\xampp\htdocs\spm\vendor\codeigniter4\framework\system\CodeIgniter.php(436): CodeIgniter\CodeIgniter->runController(Object(Modules\ManageSpmiFront\Controllers\DataSpmi))
#3 C:\xampp\htdocs\spm\vendor\codeigniter4\framework\system\CodeIgniter.php(337): CodeIgniter\CodeIgniter->handleRequest(NULL, Object(Config\Cache), false)
#4 C:\xampp\htdocs\spm\public\index.php(44): CodeIgniter\CodeIgniter->run()
#5 C:\xampp\htdocs\spm\vendor\codeigniter4\framework\system\Commands\Server\rewrite.php(45): require_once('C:\\xampp\\htdocs...')
#6 {main}
CRITICAL - 2021-07-24 14:22:21 --> Call to undefined method CodeIgniter\Database\MySQLi\Builder::paginate()
#0 C:\xampp\htdocs\spm\modules\ManageSpmiFront\Controllers\DataSpmi.php(43): Modules\ManageSpmiFront\Models\ModelDokumenSpmi->get_dokumen(5)
#1 C:\xampp\htdocs\spm\vendor\codeigniter4\framework\system\CodeIgniter.php(940): Modules\ManageSpmiFront\Controllers\DataSpmi->dokumen('kebijakan-spmi')
#2 C:\xampp\htdocs\spm\vendor\codeigniter4\framework\system\CodeIgniter.php(436): CodeIgniter\CodeIgniter->runController(Object(Modules\ManageSpmiFront\Controllers\DataSpmi))
#3 C:\xampp\htdocs\spm\vendor\codeigniter4\framework\system\CodeIgniter.php(337): CodeIgniter\CodeIgniter->handleRequest(NULL, Object(Config\Cache), false)
#4 C:\xampp\htdocs\spm\public\index.php(44): CodeIgniter\CodeIgniter->run()
#5 C:\xampp\htdocs\spm\vendor\codeigniter4\framework\system\Commands\Server\rewrite.php(45): require_once('C:\\xampp\\htdocs...')
#6 {main}
CRITICAL - 2021-07-24 14:22:24 --> Call to undefined method CodeIgniter\Database\MySQLi\Builder::paginate()
#0 C:\xampp\htdocs\spm\modules\ManageSpmiFront\Controllers\DataSpmi.php(43): Modules\ManageSpmiFront\Models\ModelDokumenSpmi->get_dokumen(5)
#1 C:\xampp\htdocs\spm\vendor\codeigniter4\framework\system\CodeIgniter.php(940): Modules\ManageSpmiFront\Controllers\DataSpmi->dokumen('kebijakan-spmi')
#2 C:\xampp\htdocs\spm\vendor\codeigniter4\framework\system\CodeIgniter.php(436): CodeIgniter\CodeIgniter->runController(Object(Modules\ManageSpmiFront\Controllers\DataSpmi))
#3 C:\xampp\htdocs\spm\vendor\codeigniter4\framework\system\CodeIgniter.php(337): CodeIgniter\CodeIgniter->handleRequest(NULL, Object(Config\Cache), false)
#4 C:\xampp\htdocs\spm\public\index.php(44): CodeIgniter\CodeIgniter->run()
#5 C:\xampp\htdocs\spm\vendor\codeigniter4\framework\system\Commands\Server\rewrite.php(45): require_once('C:\\xampp\\htdocs...')
#6 {main}
CRITICAL - 2021-07-24 14:24:07 --> Call to undefined method CodeIgniter\Database\MySQLi\Builder::paginate()
#0 C:\xampp\htdocs\spm\modules\ManageSpmiFront\Controllers\DataSpmi.php(43): Modules\ManageSpmiFront\Models\ModelDokumenSpmi->get_dokumen(5)
#1 C:\xampp\htdocs\spm\vendor\codeigniter4\framework\system\CodeIgniter.php(940): Modules\ManageSpmiFront\Controllers\DataSpmi->dokumen('kebijakan-spmi')
#2 C:\xampp\htdocs\spm\vendor\codeigniter4\framework\system\CodeIgniter.php(436): CodeIgniter\CodeIgniter->runController(Object(Modules\ManageSpmiFront\Controllers\DataSpmi))
#3 C:\xampp\htdocs\spm\vendor\codeigniter4\framework\system\CodeIgniter.php(337): CodeIgniter\CodeIgniter->handleRequest(NULL, Object(Config\Cache), false)
#4 C:\xampp\htdocs\spm\public\index.php(44): CodeIgniter\CodeIgniter->run()
#5 C:\xampp\htdocs\spm\vendor\codeigniter4\framework\system\Commands\Server\rewrite.php(45): require_once('C:\\xampp\\htdocs...')
#6 {main}
CRITICAL - 2021-07-24 14:24:37 --> Call to undefined method CodeIgniter\Database\MySQLi\Builder::paginate()
#0 C:\xampp\htdocs\spm\modules\ManageSpmiFront\Controllers\DataSpmi.php(43): Modules\ManageSpmiFront\Models\ModelDokumenSpmi->get_dokumen(5)
#1 C:\xampp\htdocs\spm\vendor\codeigniter4\framework\system\CodeIgniter.php(940): Modules\ManageSpmiFront\Controllers\DataSpmi->dokumen('kebijakan-spmi')
#2 C:\xampp\htdocs\spm\vendor\codeigniter4\framework\system\CodeIgniter.php(436): CodeIgniter\CodeIgniter->runController(Object(Modules\ManageSpmiFront\Controllers\DataSpmi))
#3 C:\xampp\htdocs\spm\vendor\codeigniter4\framework\system\CodeIgniter.php(337): CodeIgniter\CodeIgniter->handleRequest(NULL, Object(Config\Cache), false)
#4 C:\xampp\htdocs\spm\public\index.php(44): CodeIgniter\CodeIgniter->run()
#5 C:\xampp\htdocs\spm\vendor\codeigniter4\framework\system\Commands\Server\rewrite.php(45): require_once('C:\\xampp\\htdocs...')
#6 {main}
CRITICAL - 2021-07-24 14:24:57 --> Call to undefined method CodeIgniter\Database\MySQLi\Builder::paginate()
#0 C:\xampp\htdocs\spm\modules\ManageSpmiFront\Controllers\DataSpmi.php(43): Modules\ManageSpmiFront\Models\ModelDokumenSpmi->get_dokumen(5)
#1 C:\xampp\htdocs\spm\vendor\codeigniter4\framework\system\CodeIgniter.php(940): Modules\ManageSpmiFront\Controllers\DataSpmi->dokumen('kebijakan-spmi')
#2 C:\xampp\htdocs\spm\vendor\codeigniter4\framework\system\CodeIgniter.php(436): CodeIgniter\CodeIgniter->runController(Object(Modules\ManageSpmiFront\Controllers\DataSpmi))
#3 C:\xampp\htdocs\spm\vendor\codeigniter4\framework\system\CodeIgniter.php(337): CodeIgniter\CodeIgniter->handleRequest(NULL, Object(Config\Cache), false)
#4 C:\xampp\htdocs\spm\public\index.php(44): CodeIgniter\CodeIgniter->run()
#5 C:\xampp\htdocs\spm\vendor\codeigniter4\framework\system\Commands\Server\rewrite.php(45): require_once('C:\\xampp\\htdocs...')
#6 {main}
CRITICAL - 2021-07-24 14:25:08 --> Call to undefined method CodeIgniter\Database\MySQLi\Builder::paginate()
#0 C:\xampp\htdocs\spm\modules\ManageSpmiFront\Controllers\DataSpmi.php(43): Modules\ManageSpmiFront\Models\ModelDokumenSpmi->get_dokumen(5)
#1 C:\xampp\htdocs\spm\vendor\codeigniter4\framework\system\CodeIgniter.php(940): Modules\ManageSpmiFront\Controllers\DataSpmi->dokumen('kebijakan-spmi')
#2 C:\xampp\htdocs\spm\vendor\codeigniter4\framework\system\CodeIgniter.php(436): CodeIgniter\CodeIgniter->runController(Object(Modules\ManageSpmiFront\Controllers\DataSpmi))
#3 C:\xampp\htdocs\spm\vendor\codeigniter4\framework\system\CodeIgniter.php(337): CodeIgniter\CodeIgniter->handleRequest(NULL, Object(Config\Cache), false)
#4 C:\xampp\htdocs\spm\public\index.php(44): CodeIgniter\CodeIgniter->run()
#5 C:\xampp\htdocs\spm\vendor\codeigniter4\framework\system\Commands\Server\rewrite.php(45): require_once('C:\\xampp\\htdocs...')
#6 {main}
CRITICAL - 2021-07-24 14:25:53 --> Undefined variable: pager
#0 C:\xampp\htdocs\spm\modules\ManageSpmiFront\Views\dokumen.php(37): CodeIgniter\Debug\Exceptions->errorHandler(8, 'Undefined varia...', 'C:\\xampp\\htdocs...', 37, Array)
#1 C:\xampp\htdocs\spm\vendor\codeigniter4\framework\system\View\View.php(220): include('C:\\xampp\\htdocs...')
#2 C:\xampp\htdocs\spm\vendor\codeigniter4\framework\system\View\View.php(222): CodeIgniter\View\View->CodeIgniter\View\{closure}()
#3 C:\xampp\htdocs\spm\vendor\codeigniter4\framework\system\Common.php(1217): CodeIgniter\View\View->render('Modules\\ManageS...', Array, true)
#4 C:\xampp\htdocs\spm\modules\ManageSpmiFront\Controllers\DataSpmi.php(50): view('Modules\\ManageS...', Array)
#5 C:\xampp\htdocs\spm\vendor\codeigniter4\framework\system\CodeIgniter.php(940): Modules\ManageSpmiFront\Controllers\DataSpmi->dokumen('kebijakan-spmi')
#6 C:\xampp\htdocs\spm\vendor\codeigniter4\framework\system\CodeIgniter.php(436): CodeIgniter\CodeIgniter->runController(Object(Modules\ManageSpmiFront\Controllers\DataSpmi))
#7 C:\xampp\htdocs\spm\vendor\codeigniter4\framework\system\CodeIgniter.php(337): CodeIgniter\CodeIgniter->handleRequest(NULL, Object(Config\Cache), false)
#8 C:\xampp\htdocs\spm\public\index.php(44): CodeIgniter\CodeIgniter->run()
#9 C:\xampp\htdocs\spm\vendor\codeigniter4\framework\system\Commands\Server\rewrite.php(45): require_once('C:\\xampp\\htdocs...')
#10 {main}
CRITICAL - 2021-07-24 14:27:58 --> Undefined variable: pager
#0 C:\xampp\htdocs\spm\modules\ManageSpmiFront\Views\dokumen.php(37): CodeIgniter\Debug\Exceptions->errorHandler(8, 'Undefined varia...', 'C:\\xampp\\htdocs...', 37, Array)
#1 C:\xampp\htdocs\spm\vendor\codeigniter4\framework\system\View\View.php(220): include('C:\\xampp\\htdocs...')
#2 C:\xampp\htdocs\spm\vendor\codeigniter4\framework\system\View\View.php(222): CodeIgniter\View\View->CodeIgniter\View\{closure}()
#3 C:\xampp\htdocs\spm\vendor\codeigniter4\framework\system\Common.php(1217): CodeIgniter\View\View->render('Modules\\ManageS...', Array, true)
#4 C:\xampp\htdocs\spm\modules\ManageSpmiFront\Controllers\DataSpmi.php(50): view('Modules\\ManageS...', Array)
#5 C:\xampp\htdocs\spm\vendor\codeigniter4\framework\system\CodeIgniter.php(940): Modules\ManageSpmiFront\Controllers\DataSpmi->dokumen('kebijakan-spmi')
#6 C:\xampp\htdocs\spm\vendor\codeigniter4\framework\system\CodeIgniter.php(436): CodeIgniter\CodeIgniter->runController(Object(Modules\ManageSpmiFront\Controllers\DataSpmi))
#7 C:\xampp\htdocs\spm\vendor\codeigniter4\framework\system\CodeIgniter.php(337): CodeIgniter\CodeIgniter->handleRequest(NULL, Object(Config\Cache), false)
#8 C:\xampp\htdocs\spm\public\index.php(44): CodeIgniter\CodeIgniter->run()
#9 C:\xampp\htdocs\spm\vendor\codeigniter4\framework\system\Commands\Server\rewrite.php(45): require_once('C:\\xampp\\htdocs...')
#10 {main}
CRITICAL - 2021-07-24 14:28:43 --> Undefined variable: pager
#0 C:\xampp\htdocs\spm\modules\ManageSpmiFront\Views\dokumen.php(37): CodeIgniter\Debug\Exceptions->errorHandler(8, 'Undefined varia...', 'C:\\xampp\\htdocs...', 37, Array)
#1 C:\xampp\htdocs\spm\vendor\codeigniter4\framework\system\View\View.php(220): include('C:\\xampp\\htdocs...')
#2 C:\xampp\htdocs\spm\vendor\codeigniter4\framework\system\View\View.php(222): CodeIgniter\View\View->CodeIgniter\View\{closure}()
#3 C:\xampp\htdocs\spm\vendor\codeigniter4\framework\system\Common.php(1217): CodeIgniter\View\View->render('Modules\\ManageS...', Array, true)
#4 C:\xampp\htdocs\spm\modules\ManageSpmiFront\Controllers\DataSpmi.php(50): view('Modules\\ManageS...', Array)
#5 C:\xampp\htdocs\spm\vendor\codeigniter4\framework\system\CodeIgniter.php(940): Modules\ManageSpmiFront\Controllers\DataSpmi->dokumen('kebijakan-spmi')
#6 C:\xampp\htdocs\spm\vendor\codeigniter4\framework\system\CodeIgniter.php(436): CodeIgniter\CodeIgniter->runController(Object(Modules\ManageSpmiFront\Controllers\DataSpmi))
#7 C:\xampp\htdocs\spm\vendor\codeigniter4\framework\system\CodeIgniter.php(337): CodeIgniter\CodeIgniter->handleRequest(NULL, Object(Config\Cache), false)
#8 C:\xampp\htdocs\spm\public\index.php(44): CodeIgniter\CodeIgniter->run()
#9 C:\xampp\htdocs\spm\vendor\codeigniter4\framework\system\Commands\Server\rewrite.php(45): require_once('C:\\xampp\\htdocs...')
#10 {main}
CRITICAL - 2021-07-24 14:29:08 --> Undefined variable: pager
#0 C:\xampp\htdocs\spm\modules\ManageSpmiFront\Views\dokumen.php(37): CodeIgniter\Debug\Exceptions->errorHandler(8, 'Undefined varia...', 'C:\\xampp\\htdocs...', 37, Array)
#1 C:\xampp\htdocs\spm\vendor\codeigniter4\framework\system\View\View.php(220): include('C:\\xampp\\htdocs...')
#2 C:\xampp\htdocs\spm\vendor\codeigniter4\framework\system\View\View.php(222): CodeIgniter\View\View->CodeIgniter\View\{closure}()
#3 C:\xampp\htdocs\spm\vendor\codeigniter4\framework\system\Common.php(1217): CodeIgniter\View\View->render('Modules\\ManageS...', Array, true)
#4 C:\xampp\htdocs\spm\modules\ManageSpmiFront\Controllers\DataSpmi.php(50): view('Modules\\ManageS...', Array)
#5 C:\xampp\htdocs\spm\vendor\codeigniter4\framework\system\CodeIgniter.php(940): Modules\ManageSpmiFront\Controllers\DataSpmi->dokumen('kebijakan-spmi')
#6 C:\xampp\htdocs\spm\vendor\codeigniter4\framework\system\CodeIgniter.php(436): CodeIgniter\CodeIgniter->runController(Object(Modules\ManageSpmiFront\Controllers\DataSpmi))
#7 C:\xampp\htdocs\spm\vendor\codeigniter4\framework\system\CodeIgniter.php(337): CodeIgniter\CodeIgniter->handleRequest(NULL, Object(Config\Cache), false)
#8 C:\xampp\htdocs\spm\public\index.php(44): CodeIgniter\CodeIgniter->run()
#9 C:\xampp\htdocs\spm\vendor\codeigniter4\framework\system\Commands\Server\rewrite.php(45): require_once('C:\\xampp\\htdocs...')
#10 {main}
CRITICAL - 2021-07-24 14:30:08 --> Undefined variable: pager
#0 C:\xampp\htdocs\spm\modules\ManageSpmiFront\Views\dokumen.php(37): CodeIgniter\Debug\Exceptions->errorHandler(8, 'Undefined varia...', 'C:\\xampp\\htdocs...', 37, Array)
#1 C:\xampp\htdocs\spm\vendor\codeigniter4\framework\system\View\View.php(220): include('C:\\xampp\\htdocs...')
#2 C:\xampp\htdocs\spm\vendor\codeigniter4\framework\system\View\View.php(222): CodeIgniter\View\View->CodeIgniter\View\{closure}()
#3 C:\xampp\htdocs\spm\vendor\codeigniter4\framework\system\Common.php(1217): CodeIgniter\View\View->render('Modules\\ManageS...', Array, true)
#4 C:\xampp\htdocs\spm\modules\ManageSpmiFront\Controllers\DataSpmi.php(51): view('Modules\\ManageS...', Array)
#5 C:\xampp\htdocs\spm\vendor\codeigniter4\framework\system\CodeIgniter.php(940): Modules\ManageSpmiFront\Controllers\DataSpmi->dokumen('kebijakan-spmi')
#6 C:\xampp\htdocs\spm\vendor\codeigniter4\framework\system\CodeIgniter.php(436): CodeIgniter\CodeIgniter->runController(Object(Modules\ManageSpmiFront\Controllers\DataSpmi))
#7 C:\xampp\htdocs\spm\vendor\codeigniter4\framework\system\CodeIgniter.php(337): CodeIgniter\CodeIgniter->handleRequest(NULL, Object(Config\Cache), false)
#8 C:\xampp\htdocs\spm\public\index.php(44): CodeIgniter\CodeIgniter->run()
#9 C:\xampp\htdocs\spm\vendor\codeigniter4\framework\system\Commands\Server\rewrite.php(45): require_once('C:\\xampp\\htdocs...')
#10 {main}
CRITICAL - 2021-07-24 14:30:17 --> Undefined property: Modules\ManageSpmiFront\Controllers\DataSpmi::$ModelBlog
#0 C:\xampp\htdocs\spm\modules\ManageSpmiFront\Controllers\DataSpmi.php(48): CodeIgniter\Debug\Exceptions->errorHandler(8, 'Undefined prope...', 'C:\\xampp\\htdocs...', 48, Array)
#1 C:\xampp\htdocs\spm\vendor\codeigniter4\framework\system\CodeIgniter.php(940): Modules\ManageSpmiFront\Controllers\DataSpmi->dokumen('kebijakan-spmi')
#2 C:\xampp\htdocs\spm\vendor\codeigniter4\framework\system\CodeIgniter.php(436): CodeIgniter\CodeIgniter->runController(Object(Modules\ManageSpmiFront\Controllers\DataSpmi))
#3 C:\xampp\htdocs\spm\vendor\codeigniter4\framework\system\CodeIgniter.php(337): CodeIgniter\CodeIgniter->handleRequest(NULL, Object(Config\Cache), false)
#4 C:\xampp\htdocs\spm\public\index.php(44): CodeIgniter\CodeIgniter->run()
#5 C:\xampp\htdocs\spm\vendor\codeigniter4\framework\system\Commands\Server\rewrite.php(45): require_once('C:\\xampp\\htdocs...')
#6 {main}
CRITICAL - 2021-07-24 14:31:05 --> document is not a valid Pager template.
#0 C:\xampp\htdocs\spm\vendor\codeigniter4\framework\system\Pager\Pager.php(154): CodeIgniter\Pager\Exceptions\PagerException::forInvalidTemplate('document')
#1 C:\xampp\htdocs\spm\vendor\codeigniter4\framework\system\Pager\Pager.php(93): CodeIgniter\Pager\Pager->displayLinks('doc', 'document')
#2 C:\xampp\htdocs\spm\modules\ManageSpmiFront\Views\dokumen.php(37): CodeIgniter\Pager\Pager->links('doc', 'document')
#3 C:\xampp\htdocs\spm\vendor\codeigniter4\framework\system\View\View.php(220): include('C:\\xampp\\htdocs...')
#4 C:\xampp\htdocs\spm\vendor\codeigniter4\framework\system\View\View.php(222): CodeIgniter\View\View->CodeIgniter\View\{closure}()
#5 C:\xampp\htdocs\spm\vendor\codeigniter4\framework\system\Common.php(1217): CodeIgniter\View\View->render('Modules\\ManageS...', Array, true)
#6 C:\xampp\htdocs\spm\modules\ManageSpmiFront\Controllers\DataSpmi.php(51): view('Modules\\ManageS...', Array)
#7 C:\xampp\htdocs\spm\vendor\codeigniter4\framework\system\CodeIgniter.php(940): Modules\ManageSpmiFront\Controllers\DataSpmi->dokumen('kebijakan-spmi')
#8 C:\xampp\htdocs\spm\vendor\codeigniter4\framework\system\CodeIgniter.php(436): CodeIgniter\CodeIgniter->runController(Object(Modules\ManageSpmiFront\Controllers\DataSpmi))
#9 C:\xampp\htdocs\spm\vendor\codeigniter4\framework\system\CodeIgniter.php(337): CodeIgniter\CodeIgniter->handleRequest(NULL, Object(Config\Cache), false)
#10 C:\xampp\htdocs\spm\public\index.php(44): CodeIgniter\CodeIgniter->run()
#11 C:\xampp\htdocs\spm\vendor\codeigniter4\framework\system\Commands\Server\rewrite.php(45): require_once('C:\\xampp\\htdocs...')
#12 {main}
CRITICAL - 2021-07-24 14:32:31 --> You must set the database table to be used with your query.
#0 C:\xampp\htdocs\spm\vendor\codeigniter4\framework\system\Model.php(615): CodeIgniter\Database\BaseConnection->table(NULL)
#1 C:\xampp\htdocs\spm\vendor\codeigniter4\framework\system\Model.php(834): CodeIgniter\Model->builder()
#2 C:\xampp\htdocs\spm\modules\ManageSpmiFront\Models\ModelSpmi.php(43): CodeIgniter\Model->__call('select', Array)
#3 C:\xampp\htdocs\spm\modules\ManageSpmiFront\Controllers\DataSpmi.php(39): Modules\ManageSpmiFront\Models\ModelSpmi->get_dokumen('kebijakan-spmi')
#4 C:\xampp\htdocs\spm\vendor\codeigniter4\framework\system\CodeIgniter.php(940): Modules\ManageSpmiFront\Controllers\DataSpmi->dokumen('kebijakan-spmi')
#5 C:\xampp\htdocs\spm\vendor\codeigniter4\framework\system\CodeIgniter.php(436): CodeIgniter\CodeIgniter->runController(Object(Modules\ManageSpmiFront\Controllers\DataSpmi))
#6 C:\xampp\htdocs\spm\vendor\codeigniter4\framework\system\CodeIgniter.php(337): CodeIgniter\CodeIgniter->handleRequest(NULL, Object(Config\Cache), false)
#7 C:\xampp\htdocs\spm\public\index.php(44): CodeIgniter\CodeIgniter->run()
#8 C:\xampp\htdocs\spm\vendor\codeigniter4\framework\system\Commands\Server\rewrite.php(45): require_once('C:\\xampp\\htdocs...')
#9 {main}
CRITICAL - 2021-07-24 15:17:39 --> Undefined variable: r
#0 C:\xampp\htdocs\spm\modules\ManageSpmi\Views\struktur_spmi.php(71): CodeIgniter\Debug\Exceptions->errorHandler(8, 'Undefined varia...', 'C:\\xampp\\htdocs...', 71, Array)
#1 C:\xampp\htdocs\spm\vendor\codeigniter4\framework\system\View\View.php(220): include('C:\\xampp\\htdocs...')
#2 C:\xampp\htdocs\spm\vendor\codeigniter4\framework\system\View\View.php(222): CodeIgniter\View\View->CodeIgniter\View\{closure}()
#3 C:\xampp\htdocs\spm\vendor\codeigniter4\framework\system\Common.php(1217): CodeIgniter\View\View->render('Modules\\ManageS...', Array, true)
#4 C:\xampp\htdocs\spm\modules\ManageSpmi\Controllers\DataStrukturSpmi.php(33): view('Modules\\ManageS...', Array)
#5 C:\xampp\htdocs\spm\vendor\codeigniter4\framework\system\CodeIgniter.php(940): Modules\ManageSpmi\Controllers\DataStrukturSpmi->struktur_spmi()
#6 C:\xampp\htdocs\spm\vendor\codeigniter4\framework\system\CodeIgniter.php(436): CodeIgniter\CodeIgniter->runController(Object(Modules\ManageSpmi\Controllers\DataStrukturSpmi))
#7 C:\xampp\htdocs\spm\vendor\codeigniter4\framework\system\CodeIgniter.php(337): CodeIgniter\CodeIgniter->handleRequest(NULL, Object(Config\Cache), false)
#8 C:\xampp\htdocs\spm\public\index.php(44): CodeIgniter\CodeIgniter->run()
#9 C:\xampp\htdocs\spm\vendor\codeigniter4\framework\system\Commands\Server\rewrite.php(45): require_once('C:\\xampp\\htdocs...')
#10 {main}
CRITICAL - 2021-07-24 15:22:32 --> unlink(assets/images/struktur_spmi/): Is a directory
#0 [internal function]: CodeIgniter\Debug\Exceptions->errorHandler(2, 'unlink(assets/i...', 'C:\\xampp\\htdocs...', 84, Array)
#1 C:\xampp\htdocs\spm\modules\ManageSpmi\Controllers\DataStrukturSpmi.php(84): unlink('assets/images/s...')
#2 C:\xampp\htdocs\spm\vendor\codeigniter4\framework\system\CodeIgniter.php(940): Modules\ManageSpmi\Controllers\DataStrukturSpmi->struktur_spmi_update()
#3 C:\xampp\htdocs\spm\vendor\codeigniter4\framework\system\CodeIgniter.php(436): CodeIgniter\CodeIgniter->runController(Object(Modules\ManageSpmi\Controllers\DataStrukturSpmi))
#4 C:\xampp\htdocs\spm\vendor\codeigniter4\framework\system\CodeIgniter.php(337): CodeIgniter\CodeIgniter->handleRequest(NULL, Object(Config\Cache), false)
#5 C:\xampp\htdocs\spm\public\index.php(44): CodeIgniter\CodeIgniter->run()
#6 C:\xampp\htdocs\spm\vendor\codeigniter4\framework\system\Commands\Server\rewrite.php(45): require_once('C:\\xampp\\htdocs...')
#7 {main}
