ERROR - 2022-01-21 09:34:20 --> mysqli_sql_exception: Unknown column 'fulname' in 'field list' in C:\xampp\htdocs\github\kebunku\vendor\codeigniter4\framework\system\Database\MySQLi\Connection.php:314
Stack trace:
#0 C:\xampp\htdocs\github\kebunku\vendor\codeigniter4\framework\system\Database\MySQLi\Connection.php(314): mysqli->query('SELECT `users`....')
#1 C:\xampp\htdocs\github\kebunku\vendor\codeigniter4\framework\system\Database\BaseConnection.php(713): CodeIgniter\Database\MySQLi\Connection->execute('SELECT `users`....')
#2 C:\xampp\htdocs\github\kebunku\vendor\codeigniter4\framework\system\Database\BaseConnection.php(641): CodeIgniter\Database\BaseConnection->simpleQuery('SELECT `users`....')
#3 C:\xampp\htdocs\github\kebunku\vendor\codeigniter4\framework\system\Database\BaseBuilder.php(1866): CodeIgniter\Database\BaseConnection->query('SELECT `users`....', Array, false)
#4 C:\xampp\htdocs\github\kebunku\modules\Desain\Views\detaildesain.php(63): CodeIgniter\Database\BaseBuilder->get()
#5 C:\xampp\htdocs\github\kebunku\vendor\codeigniter4\framework\system\View\View.php(220): include('C:\\xampp\\htdocs...')
#6 C:\xampp\htdocs\github\kebunku\vendor\codeigniter4\framework\system\View\View.php(222): CodeIgniter\View\View->CodeIgniter\View\{closure}()
#7 C:\xampp\htdocs\github\kebunku\vendor\codeigniter4\framework\system\Common.php(1217): CodeIgniter\View\View->render('Modules\\Desain\\...', Array, true)
#8 C:\xampp\htdocs\github\kebunku\modules\Desain\Controllers\DataTugasDesain.php(55): view('Modules\\Desain\\...', Array)
#9 C:\xampp\htdocs\github\kebunku\vendor\codeigniter4\framework\system\CodeIgniter.php(940): Modules\Desain\Controllers\DataTugasDesain->detail('adm', '7fb0978cef93a06...')
#10 C:\xampp\htdocs\github\kebunku\vendor\codeigniter4\framework\system\CodeIgniter.php(436): CodeIgniter\CodeIgniter->runController(Object(Modules\Desain\Controllers\DataTugasDesain))
#11 C:\xampp\htdocs\github\kebunku\vendor\codeigniter4\framework\system\CodeIgniter.php(337): CodeIgniter\CodeIgniter->handleRequest(NULL, Object(Config\Cache), false)
#12 C:\xampp\htdocs\github\kebunku\public\index.php(44): CodeIgniter\CodeIgniter->run()
#13 C:\xampp\htdocs\github\kebunku\vendor\codeigniter4\framework\system\Commands\Server\rewrite.php(45): require_once('C:\\xampp\\htdocs...')
#14 {main}
CRITICAL - 2022-01-21 09:34:20 --> Unknown column 'fulname' in 'field list'
#0 C:\xampp\htdocs\github\kebunku\vendor\codeigniter4\framework\system\Database\MySQLi\Connection.php(314): mysqli->query('SELECT `users`....')
#1 C:\xampp\htdocs\github\kebunku\vendor\codeigniter4\framework\system\Database\BaseConnection.php(713): CodeIgniter\Database\MySQLi\Connection->execute('SELECT `users`....')
#2 C:\xampp\htdocs\github\kebunku\vendor\codeigniter4\framework\system\Database\BaseConnection.php(641): CodeIgniter\Database\BaseConnection->simpleQuery('SELECT `users`....')
#3 C:\xampp\htdocs\github\kebunku\vendor\codeigniter4\framework\system\Database\BaseBuilder.php(1866): CodeIgniter\Database\BaseConnection->query('SELECT `users`....', Array, false)
#4 C:\xampp\htdocs\github\kebunku\modules\Desain\Views\detaildesain.php(63): CodeIgniter\Database\BaseBuilder->get()
#5 C:\xampp\htdocs\github\kebunku\vendor\codeigniter4\framework\system\View\View.php(220): include('C:\\xampp\\htdocs...')
#6 C:\xampp\htdocs\github\kebunku\vendor\codeigniter4\framework\system\View\View.php(222): CodeIgniter\View\View->CodeIgniter\View\{closure}()
#7 C:\xampp\htdocs\github\kebunku\vendor\codeigniter4\framework\system\Common.php(1217): CodeIgniter\View\View->render('Modules\\Desain\\...', Array, true)
#8 C:\xampp\htdocs\github\kebunku\modules\Desain\Controllers\DataTugasDesain.php(55): view('Modules\\Desain\\...', Array)
#9 C:\xampp\htdocs\github\kebunku\vendor\codeigniter4\framework\system\CodeIgniter.php(940): Modules\Desain\Controllers\DataTugasDesain->detail('adm', '7fb0978cef93a06...')
#10 C:\xampp\htdocs\github\kebunku\vendor\codeigniter4\framework\system\CodeIgniter.php(436): CodeIgniter\CodeIgniter->runController(Object(Modules\Desain\Controllers\DataTugasDesain))
#11 C:\xampp\htdocs\github\kebunku\vendor\codeigniter4\framework\system\CodeIgniter.php(337): CodeIgniter\CodeIgniter->handleRequest(NULL, Object(Config\Cache), false)
#12 C:\xampp\htdocs\github\kebunku\public\index.php(44): CodeIgniter\CodeIgniter->run()
#13 C:\xampp\htdocs\github\kebunku\vendor\codeigniter4\framework\system\Commands\Server\rewrite.php(45): require_once('C:\\xampp\\htdocs...')
#14 {main}
ERROR - 2022-01-21 10:26:21 --> mysqli_sql_exception: Column 'id' in field list is ambiguous in C:\xampp\htdocs\github\kebunku\vendor\codeigniter4\framework\system\Database\MySQLi\Connection.php:314
Stack trace:
#0 C:\xampp\htdocs\github\kebunku\vendor\codeigniter4\framework\system\Database\MySQLi\Connection.php(314): mysqli->query('SELECT `id`, `n...')
#1 C:\xampp\htdocs\github\kebunku\vendor\codeigniter4\framework\system\Database\BaseConnection.php(713): CodeIgniter\Database\MySQLi\Connection->execute('SELECT `id`, `n...')
#2 C:\xampp\htdocs\github\kebunku\vendor\codeigniter4\framework\system\Database\BaseConnection.php(641): CodeIgniter\Database\BaseConnection->simpleQuery('SELECT `id`, `n...')
#3 C:\xampp\htdocs\github\kebunku\vendor\codeigniter4\framework\system\Database\BaseBuilder.php(1866): CodeIgniter\Database\BaseConnection->query('SELECT `id`, `n...', Array, false)
#4 C:\xampp\htdocs\github\kebunku\modules\Desain\Views\detaildesain.php(65): CodeIgniter\Database\BaseBuilder->get()
#5 C:\xampp\htdocs\github\kebunku\vendor\codeigniter4\framework\system\View\View.php(220): include('C:\\xampp\\htdocs...')
#6 C:\xampp\htdocs\github\kebunku\vendor\codeigniter4\framework\system\View\View.php(222): CodeIgniter\View\View->CodeIgniter\View\{closure}()
#7 C:\xampp\htdocs\github\kebunku\vendor\codeigniter4\framework\system\Common.php(1217): CodeIgniter\View\View->render('Modules\\Desain\\...', Array, true)
#8 C:\xampp\htdocs\github\kebunku\modules\Desain\Controllers\DataTugasDesain.php(55): view('Modules\\Desain\\...', Array)
#9 C:\xampp\htdocs\github\kebunku\vendor\codeigniter4\framework\system\CodeIgniter.php(940): Modules\Desain\Controllers\DataTugasDesain->detail('adm', '7fb0978cef93a06...')
#10 C:\xampp\htdocs\github\kebunku\vendor\codeigniter4\framework\system\CodeIgniter.php(436): CodeIgniter\CodeIgniter->runController(Object(Modules\Desain\Controllers\DataTugasDesain))
#11 C:\xampp\htdocs\github\kebunku\vendor\codeigniter4\framework\system\CodeIgniter.php(337): CodeIgniter\CodeIgniter->handleRequest(NULL, Object(Config\Cache), false)
#12 C:\xampp\htdocs\github\kebunku\public\index.php(44): CodeIgniter\CodeIgniter->run()
#13 C:\xampp\htdocs\github\kebunku\vendor\codeigniter4\framework\system\Commands\Server\rewrite.php(45): require_once('C:\\xampp\\htdocs...')
#14 {main}
CRITICAL - 2022-01-21 10:26:21 --> Column 'id' in field list is ambiguous
#0 C:\xampp\htdocs\github\kebunku\vendor\codeigniter4\framework\system\Database\MySQLi\Connection.php(314): mysqli->query('SELECT `id`, `n...')
#1 C:\xampp\htdocs\github\kebunku\vendor\codeigniter4\framework\system\Database\BaseConnection.php(713): CodeIgniter\Database\MySQLi\Connection->execute('SELECT `id`, `n...')
#2 C:\xampp\htdocs\github\kebunku\vendor\codeigniter4\framework\system\Database\BaseConnection.php(641): CodeIgniter\Database\BaseConnection->simpleQuery('SELECT `id`, `n...')
#3 C:\xampp\htdocs\github\kebunku\vendor\codeigniter4\framework\system\Database\BaseBuilder.php(1866): CodeIgniter\Database\BaseConnection->query('SELECT `id`, `n...', Array, false)
#4 C:\xampp\htdocs\github\kebunku\modules\Desain\Views\detaildesain.php(65): CodeIgniter\Database\BaseBuilder->get()
#5 C:\xampp\htdocs\github\kebunku\vendor\codeigniter4\framework\system\View\View.php(220): include('C:\\xampp\\htdocs...')
#6 C:\xampp\htdocs\github\kebunku\vendor\codeigniter4\framework\system\View\View.php(222): CodeIgniter\View\View->CodeIgniter\View\{closure}()
#7 C:\xampp\htdocs\github\kebunku\vendor\codeigniter4\framework\system\Common.php(1217): CodeIgniter\View\View->render('Modules\\Desain\\...', Array, true)
#8 C:\xampp\htdocs\github\kebunku\modules\Desain\Controllers\DataTugasDesain.php(55): view('Modules\\Desain\\...', Array)
#9 C:\xampp\htdocs\github\kebunku\vendor\codeigniter4\framework\system\CodeIgniter.php(940): Modules\Desain\Controllers\DataTugasDesain->detail('adm', '7fb0978cef93a06...')
#10 C:\xampp\htdocs\github\kebunku\vendor\codeigniter4\framework\system\CodeIgniter.php(436): CodeIgniter\CodeIgniter->runController(Object(Modules\Desain\Controllers\DataTugasDesain))
#11 C:\xampp\htdocs\github\kebunku\vendor\codeigniter4\framework\system\CodeIgniter.php(337): CodeIgniter\CodeIgniter->handleRequest(NULL, Object(Config\Cache), false)
#12 C:\xampp\htdocs\github\kebunku\public\index.php(44): CodeIgniter\CodeIgniter->run()
#13 C:\xampp\htdocs\github\kebunku\vendor\codeigniter4\framework\system\Commands\Server\rewrite.php(45): require_once('C:\\xampp\\htdocs...')
#14 {main}
ERROR - 2022-01-21 10:29:42 --> mysqli_sql_exception: Unknown column 'x_tugasdesain.tangglmulai' in 'field list' in C:\xampp\htdocs\github\kebunku\vendor\codeigniter4\framework\system\Database\MySQLi\Connection.php:314
Stack trace:
#0 C:\xampp\htdocs\github\kebunku\vendor\codeigniter4\framework\system\Database\MySQLi\Connection.php(314): mysqli->query('SELECT `x_tugas...')
#1 C:\xampp\htdocs\github\kebunku\vendor\codeigniter4\framework\system\Database\BaseConnection.php(713): CodeIgniter\Database\MySQLi\Connection->execute('SELECT `x_tugas...')
#2 C:\xampp\htdocs\github\kebunku\vendor\codeigniter4\framework\system\Database\BaseConnection.php(641): CodeIgniter\Database\BaseConnection->simpleQuery('SELECT `x_tugas...')
#3 C:\xampp\htdocs\github\kebunku\vendor\codeigniter4\framework\system\Database\BaseBuilder.php(1866): CodeIgniter\Database\BaseConnection->query('SELECT `x_tugas...', Array, false)
#4 C:\xampp\htdocs\github\kebunku\modules\Desain\Views\detaildesain.php(66): CodeIgniter\Database\BaseBuilder->get()
#5 C:\xampp\htdocs\github\kebunku\vendor\codeigniter4\framework\system\View\View.php(220): include('C:\\xampp\\htdocs...')
#6 C:\xampp\htdocs\github\kebunku\vendor\codeigniter4\framework\system\View\View.php(222): CodeIgniter\View\View->CodeIgniter\View\{closure}()
#7 C:\xampp\htdocs\github\kebunku\vendor\codeigniter4\framework\system\Common.php(1217): CodeIgniter\View\View->render('Modules\\Desain\\...', Array, true)
#8 C:\xampp\htdocs\github\kebunku\modules\Desain\Controllers\DataTugasDesain.php(55): view('Modules\\Desain\\...', Array)
#9 C:\xampp\htdocs\github\kebunku\vendor\codeigniter4\framework\system\CodeIgniter.php(940): Modules\Desain\Controllers\DataTugasDesain->detail('adm', '7fb0978cef93a06...')
#10 C:\xampp\htdocs\github\kebunku\vendor\codeigniter4\framework\system\CodeIgniter.php(436): CodeIgniter\CodeIgniter->runController(Object(Modules\Desain\Controllers\DataTugasDesain))
#11 C:\xampp\htdocs\github\kebunku\vendor\codeigniter4\framework\system\CodeIgniter.php(337): CodeIgniter\CodeIgniter->handleRequest(NULL, Object(Config\Cache), false)
#12 C:\xampp\htdocs\github\kebunku\public\index.php(44): CodeIgniter\CodeIgniter->run()
#13 C:\xampp\htdocs\github\kebunku\vendor\codeigniter4\framework\system\Commands\Server\rewrite.php(45): require_once('C:\\xampp\\htdocs...')
#14 {main}
CRITICAL - 2022-01-21 10:29:42 --> Unknown column 'x_tugasdesain.tangglmulai' in 'field list'
#0 C:\xampp\htdocs\github\kebunku\vendor\codeigniter4\framework\system\Database\MySQLi\Connection.php(314): mysqli->query('SELECT `x_tugas...')
#1 C:\xampp\htdocs\github\kebunku\vendor\codeigniter4\framework\system\Database\BaseConnection.php(713): CodeIgniter\Database\MySQLi\Connection->execute('SELECT `x_tugas...')
#2 C:\xampp\htdocs\github\kebunku\vendor\codeigniter4\framework\system\Database\BaseConnection.php(641): CodeIgniter\Database\BaseConnection->simpleQuery('SELECT `x_tugas...')
#3 C:\xampp\htdocs\github\kebunku\vendor\codeigniter4\framework\system\Database\BaseBuilder.php(1866): CodeIgniter\Database\BaseConnection->query('SELECT `x_tugas...', Array, false)
#4 C:\xampp\htdocs\github\kebunku\modules\Desain\Views\detaildesain.php(66): CodeIgniter\Database\BaseBuilder->get()
#5 C:\xampp\htdocs\github\kebunku\vendor\codeigniter4\framework\system\View\View.php(220): include('C:\\xampp\\htdocs...')
#6 C:\xampp\htdocs\github\kebunku\vendor\codeigniter4\framework\system\View\View.php(222): CodeIgniter\View\View->CodeIgniter\View\{closure}()
#7 C:\xampp\htdocs\github\kebunku\vendor\codeigniter4\framework\system\Common.php(1217): CodeIgniter\View\View->render('Modules\\Desain\\...', Array, true)
#8 C:\xampp\htdocs\github\kebunku\modules\Desain\Controllers\DataTugasDesain.php(55): view('Modules\\Desain\\...', Array)
#9 C:\xampp\htdocs\github\kebunku\vendor\codeigniter4\framework\system\CodeIgniter.php(940): Modules\Desain\Controllers\DataTugasDesain->detail('adm', '7fb0978cef93a06...')
#10 C:\xampp\htdocs\github\kebunku\vendor\codeigniter4\framework\system\CodeIgniter.php(436): CodeIgniter\CodeIgniter->runController(Object(Modules\Desain\Controllers\DataTugasDesain))
#11 C:\xampp\htdocs\github\kebunku\vendor\codeigniter4\framework\system\CodeIgniter.php(337): CodeIgniter\CodeIgniter->handleRequest(NULL, Object(Config\Cache), false)
#12 C:\xampp\htdocs\github\kebunku\public\index.php(44): CodeIgniter\CodeIgniter->run()
#13 C:\xampp\htdocs\github\kebunku\vendor\codeigniter4\framework\system\Commands\Server\rewrite.php(45): require_once('C:\\xampp\\htdocs...')
#14 {main}
ERROR - 2022-01-21 10:29:51 --> mysqli_sql_exception: Unknown column 'x_tugasdesain.tangglmulai' in 'field list' in C:\xampp\htdocs\github\kebunku\vendor\codeigniter4\framework\system\Database\MySQLi\Connection.php:314
Stack trace:
#0 C:\xampp\htdocs\github\kebunku\vendor\codeigniter4\framework\system\Database\MySQLi\Connection.php(314): mysqli->query('SELECT `x_tugas...')
#1 C:\xampp\htdocs\github\kebunku\vendor\codeigniter4\framework\system\Database\BaseConnection.php(713): CodeIgniter\Database\MySQLi\Connection->execute('SELECT `x_tugas...')
#2 C:\xampp\htdocs\github\kebunku\vendor\codeigniter4\framework\system\Database\BaseConnection.php(641): CodeIgniter\Database\BaseConnection->simpleQuery('SELECT `x_tugas...')
#3 C:\xampp\htdocs\github\kebunku\vendor\codeigniter4\framework\system\Database\BaseBuilder.php(1866): CodeIgniter\Database\BaseConnection->query('SELECT `x_tugas...', Array, false)
#4 C:\xampp\htdocs\github\kebunku\modules\Desain\Views\detaildesain.php(66): CodeIgniter\Database\BaseBuilder->get()
#5 C:\xampp\htdocs\github\kebunku\vendor\codeigniter4\framework\system\View\View.php(220): include('C:\\xampp\\htdocs...')
#6 C:\xampp\htdocs\github\kebunku\vendor\codeigniter4\framework\system\View\View.php(222): CodeIgniter\View\View->CodeIgniter\View\{closure}()
#7 C:\xampp\htdocs\github\kebunku\vendor\codeigniter4\framework\system\Common.php(1217): CodeIgniter\View\View->render('Modules\\Desain\\...', Array, true)
#8 C:\xampp\htdocs\github\kebunku\modules\Desain\Controllers\DataTugasDesain.php(55): view('Modules\\Desain\\...', Array)
#9 C:\xampp\htdocs\github\kebunku\vendor\codeigniter4\framework\system\CodeIgniter.php(940): Modules\Desain\Controllers\DataTugasDesain->detail('adm', '7fb0978cef93a06...')
#10 C:\xampp\htdocs\github\kebunku\vendor\codeigniter4\framework\system\CodeIgniter.php(436): CodeIgniter\CodeIgniter->runController(Object(Modules\Desain\Controllers\DataTugasDesain))
#11 C:\xampp\htdocs\github\kebunku\vendor\codeigniter4\framework\system\CodeIgniter.php(337): CodeIgniter\CodeIgniter->handleRequest(NULL, Object(Config\Cache), false)
#12 C:\xampp\htdocs\github\kebunku\public\index.php(44): CodeIgniter\CodeIgniter->run()
#13 C:\xampp\htdocs\github\kebunku\vendor\codeigniter4\framework\system\Commands\Server\rewrite.php(45): require_once('C:\\xampp\\htdocs...')
#14 {main}
CRITICAL - 2022-01-21 10:29:51 --> Unknown column 'x_tugasdesain.tangglmulai' in 'field list'
#0 C:\xampp\htdocs\github\kebunku\vendor\codeigniter4\framework\system\Database\MySQLi\Connection.php(314): mysqli->query('SELECT `x_tugas...')
#1 C:\xampp\htdocs\github\kebunku\vendor\codeigniter4\framework\system\Database\BaseConnection.php(713): CodeIgniter\Database\MySQLi\Connection->execute('SELECT `x_tugas...')
#2 C:\xampp\htdocs\github\kebunku\vendor\codeigniter4\framework\system\Database\BaseConnection.php(641): CodeIgniter\Database\BaseConnection->simpleQuery('SELECT `x_tugas...')
#3 C:\xampp\htdocs\github\kebunku\vendor\codeigniter4\framework\system\Database\BaseBuilder.php(1866): CodeIgniter\Database\BaseConnection->query('SELECT `x_tugas...', Array, false)
#4 C:\xampp\htdocs\github\kebunku\modules\Desain\Views\detaildesain.php(66): CodeIgniter\Database\BaseBuilder->get()
#5 C:\xampp\htdocs\github\kebunku\vendor\codeigniter4\framework\system\View\View.php(220): include('C:\\xampp\\htdocs...')
#6 C:\xampp\htdocs\github\kebunku\vendor\codeigniter4\framework\system\View\View.php(222): CodeIgniter\View\View->CodeIgniter\View\{closure}()
#7 C:\xampp\htdocs\github\kebunku\vendor\codeigniter4\framework\system\Common.php(1217): CodeIgniter\View\View->render('Modules\\Desain\\...', Array, true)
#8 C:\xampp\htdocs\github\kebunku\modules\Desain\Controllers\DataTugasDesain.php(55): view('Modules\\Desain\\...', Array)
#9 C:\xampp\htdocs\github\kebunku\vendor\codeigniter4\framework\system\CodeIgniter.php(940): Modules\Desain\Controllers\DataTugasDesain->detail('adm', '7fb0978cef93a06...')
#10 C:\xampp\htdocs\github\kebunku\vendor\codeigniter4\framework\system\CodeIgniter.php(436): CodeIgniter\CodeIgniter->runController(Object(Modules\Desain\Controllers\DataTugasDesain))
#11 C:\xampp\htdocs\github\kebunku\vendor\codeigniter4\framework\system\CodeIgniter.php(337): CodeIgniter\CodeIgniter->handleRequest(NULL, Object(Config\Cache), false)
#12 C:\xampp\htdocs\github\kebunku\public\index.php(44): CodeIgniter\CodeIgniter->run()
#13 C:\xampp\htdocs\github\kebunku\vendor\codeigniter4\framework\system\Commands\Server\rewrite.php(45): require_once('C:\\xampp\\htdocs...')
#14 {main}
ERROR - 2022-01-21 10:29:55 --> mysqli_sql_exception: Unknown column 'x_tugasdesain.tangglmulai' in 'field list' in C:\xampp\htdocs\github\kebunku\vendor\codeigniter4\framework\system\Database\MySQLi\Connection.php:314
Stack trace:
#0 C:\xampp\htdocs\github\kebunku\vendor\codeigniter4\framework\system\Database\MySQLi\Connection.php(314): mysqli->query('SELECT `x_tugas...')
#1 C:\xampp\htdocs\github\kebunku\vendor\codeigniter4\framework\system\Database\BaseConnection.php(713): CodeIgniter\Database\MySQLi\Connection->execute('SELECT `x_tugas...')
#2 C:\xampp\htdocs\github\kebunku\vendor\codeigniter4\framework\system\Database\BaseConnection.php(641): CodeIgniter\Database\BaseConnection->simpleQuery('SELECT `x_tugas...')
#3 C:\xampp\htdocs\github\kebunku\vendor\codeigniter4\framework\system\Database\BaseBuilder.php(1866): CodeIgniter\Database\BaseConnection->query('SELECT `x_tugas...', Array, false)
#4 C:\xampp\htdocs\github\kebunku\modules\Desain\Views\detaildesain.php(66): CodeIgniter\Database\BaseBuilder->get()
#5 C:\xampp\htdocs\github\kebunku\vendor\codeigniter4\framework\system\View\View.php(220): include('C:\\xampp\\htdocs...')
#6 C:\xampp\htdocs\github\kebunku\vendor\codeigniter4\framework\system\View\View.php(222): CodeIgniter\View\View->CodeIgniter\View\{closure}()
#7 C:\xampp\htdocs\github\kebunku\vendor\codeigniter4\framework\system\Common.php(1217): CodeIgniter\View\View->render('Modules\\Desain\\...', Array, true)
#8 C:\xampp\htdocs\github\kebunku\modules\Desain\Controllers\DataTugasDesain.php(55): view('Modules\\Desain\\...', Array)
#9 C:\xampp\htdocs\github\kebunku\vendor\codeigniter4\framework\system\CodeIgniter.php(940): Modules\Desain\Controllers\DataTugasDesain->detail('adm', '7fb0978cef93a06...')
#10 C:\xampp\htdocs\github\kebunku\vendor\codeigniter4\framework\system\CodeIgniter.php(436): CodeIgniter\CodeIgniter->runController(Object(Modules\Desain\Controllers\DataTugasDesain))
#11 C:\xampp\htdocs\github\kebunku\vendor\codeigniter4\framework\system\CodeIgniter.php(337): CodeIgniter\CodeIgniter->handleRequest(NULL, Object(Config\Cache), false)
#12 C:\xampp\htdocs\github\kebunku\public\index.php(44): CodeIgniter\CodeIgniter->run()
#13 C:\xampp\htdocs\github\kebunku\vendor\codeigniter4\framework\system\Commands\Server\rewrite.php(45): require_once('C:\\xampp\\htdocs...')
#14 {main}
CRITICAL - 2022-01-21 10:29:55 --> Unknown column 'x_tugasdesain.tangglmulai' in 'field list'
#0 C:\xampp\htdocs\github\kebunku\vendor\codeigniter4\framework\system\Database\MySQLi\Connection.php(314): mysqli->query('SELECT `x_tugas...')
#1 C:\xampp\htdocs\github\kebunku\vendor\codeigniter4\framework\system\Database\BaseConnection.php(713): CodeIgniter\Database\MySQLi\Connection->execute('SELECT `x_tugas...')
#2 C:\xampp\htdocs\github\kebunku\vendor\codeigniter4\framework\system\Database\BaseConnection.php(641): CodeIgniter\Database\BaseConnection->simpleQuery('SELECT `x_tugas...')
#3 C:\xampp\htdocs\github\kebunku\vendor\codeigniter4\framework\system\Database\BaseBuilder.php(1866): CodeIgniter\Database\BaseConnection->query('SELECT `x_tugas...', Array, false)
#4 C:\xampp\htdocs\github\kebunku\modules\Desain\Views\detaildesain.php(66): CodeIgniter\Database\BaseBuilder->get()
#5 C:\xampp\htdocs\github\kebunku\vendor\codeigniter4\framework\system\View\View.php(220): include('C:\\xampp\\htdocs...')
#6 C:\xampp\htdocs\github\kebunku\vendor\codeigniter4\framework\system\View\View.php(222): CodeIgniter\View\View->CodeIgniter\View\{closure}()
#7 C:\xampp\htdocs\github\kebunku\vendor\codeigniter4\framework\system\Common.php(1217): CodeIgniter\View\View->render('Modules\\Desain\\...', Array, true)
#8 C:\xampp\htdocs\github\kebunku\modules\Desain\Controllers\DataTugasDesain.php(55): view('Modules\\Desain\\...', Array)
#9 C:\xampp\htdocs\github\kebunku\vendor\codeigniter4\framework\system\CodeIgniter.php(940): Modules\Desain\Controllers\DataTugasDesain->detail('adm', '7fb0978cef93a06...')
#10 C:\xampp\htdocs\github\kebunku\vendor\codeigniter4\framework\system\CodeIgniter.php(436): CodeIgniter\CodeIgniter->runController(Object(Modules\Desain\Controllers\DataTugasDesain))
#11 C:\xampp\htdocs\github\kebunku\vendor\codeigniter4\framework\system\CodeIgniter.php(337): CodeIgniter\CodeIgniter->handleRequest(NULL, Object(Config\Cache), false)
#12 C:\xampp\htdocs\github\kebunku\public\index.php(44): CodeIgniter\CodeIgniter->run()
#13 C:\xampp\htdocs\github\kebunku\vendor\codeigniter4\framework\system\Commands\Server\rewrite.php(45): require_once('C:\\xampp\\htdocs...')
#14 {main}
CRITICAL - 2022-01-21 10:45:08 --> Namespace declaration statement has to be the very first statement or after any declare call in the script
#0 [internal function]: CodeIgniter\Debug\Exceptions->shutdownHandler()
#1 {main}
CRITICAL - 2022-01-21 11:13:23 --> Undefined variable: randoms
#0 C:\xampp\htdocs\github\kebunku\modules\Desain\Controllers\DataTugasDesain.php(866): CodeIgniter\Debug\Exceptions->errorHandler(8, 'Undefined varia...', 'C:\\xampp\\htdocs...', 866, Array)
#1 C:\xampp\htdocs\github\kebunku\vendor\codeigniter4\framework\system\CodeIgniter.php(940): Modules\Desain\Controllers\DataTugasDesain->perbaiki_tugas()
#2 C:\xampp\htdocs\github\kebunku\vendor\codeigniter4\framework\system\CodeIgniter.php(436): CodeIgniter\CodeIgniter->runController(Object(Modules\Desain\Controllers\DataTugasDesain))
#3 C:\xampp\htdocs\github\kebunku\vendor\codeigniter4\framework\system\CodeIgniter.php(337): CodeIgniter\CodeIgniter->handleRequest(NULL, Object(Config\Cache), false)
#4 C:\xampp\htdocs\github\kebunku\public\index.php(44): CodeIgniter\CodeIgniter->run()
#5 C:\xampp\htdocs\github\kebunku\vendor\codeigniter4\framework\system\Commands\Server\rewrite.php(45): require_once('C:\\xampp\\htdocs...')
#6 {main}
CRITICAL - 2022-01-21 11:15:11 --> Undefined variable: randoms
#0 C:\xampp\htdocs\github\kebunku\modules\Desain\Controllers\DataTugasDesain.php(866): CodeIgniter\Debug\Exceptions->errorHandler(8, 'Undefined varia...', 'C:\\xampp\\htdocs...', 866, Array)
#1 C:\xampp\htdocs\github\kebunku\vendor\codeigniter4\framework\system\CodeIgniter.php(940): Modules\Desain\Controllers\DataTugasDesain->perbaiki_tugas()
#2 C:\xampp\htdocs\github\kebunku\vendor\codeigniter4\framework\system\CodeIgniter.php(436): CodeIgniter\CodeIgniter->runController(Object(Modules\Desain\Controllers\DataTugasDesain))
#3 C:\xampp\htdocs\github\kebunku\vendor\codeigniter4\framework\system\CodeIgniter.php(337): CodeIgniter\CodeIgniter->handleRequest(NULL, Object(Config\Cache), false)
#4 C:\xampp\htdocs\github\kebunku\public\index.php(44): CodeIgniter\CodeIgniter->run()
#5 C:\xampp\htdocs\github\kebunku\vendor\codeigniter4\framework\system\Commands\Server\rewrite.php(45): require_once('C:\\xampp\\htdocs...')
#6 {main}
ERROR - 2022-01-21 13:46:13 --> mysqli_sql_exception: Unknown column 'iduserdesain' in 'field list' in C:\xampp\htdocs\github\kebunku\vendor\codeigniter4\framework\system\Database\MySQLi\Connection.php:314
Stack trace:
#0 C:\xampp\htdocs\github\kebunku\vendor\codeigniter4\framework\system\Database\MySQLi\Connection.php(314): mysqli->query('SELECT `iduserd...')
#1 C:\xampp\htdocs\github\kebunku\vendor\codeigniter4\framework\system\Database\BaseConnection.php(713): CodeIgniter\Database\MySQLi\Connection->execute('SELECT `iduserd...')
#2 C:\xampp\htdocs\github\kebunku\vendor\codeigniter4\framework\system\Database\BaseConnection.php(641): CodeIgniter\Database\BaseConnection->simpleQuery('SELECT `iduserd...')
#3 C:\xampp\htdocs\github\kebunku\vendor\codeigniter4\framework\system\Database\BaseBuilder.php(1866): CodeIgniter\Database\BaseConnection->query('SELECT `iduserd...', Array, false)
#4 C:\xampp\htdocs\github\kebunku\modules\Desain\Controllers\DataTugasDesain.php(727): CodeIgniter\Database\BaseBuilder->get()
#5 C:\xampp\htdocs\github\kebunku\vendor\codeigniter4\framework\system\CodeIgniter.php(940): Modules\Desain\Controllers\DataTugasDesain->tugasku()
#6 C:\xampp\htdocs\github\kebunku\vendor\codeigniter4\framework\system\CodeIgniter.php(436): CodeIgniter\CodeIgniter->runController(Object(Modules\Desain\Controllers\DataTugasDesain))
#7 C:\xampp\htdocs\github\kebunku\vendor\codeigniter4\framework\system\CodeIgniter.php(337): CodeIgniter\CodeIgniter->handleRequest(NULL, Object(Config\Cache), false)
#8 C:\xampp\htdocs\github\kebunku\public\index.php(44): CodeIgniter\CodeIgniter->run()
#9 C:\xampp\htdocs\github\kebunku\vendor\codeigniter4\framework\system\Commands\Server\rewrite.php(45): require_once('C:\\xampp\\htdocs...')
#10 {main}
CRITICAL - 2022-01-21 13:46:13 --> Unknown column 'iduserdesain' in 'field list'
#0 C:\xampp\htdocs\github\kebunku\vendor\codeigniter4\framework\system\Database\MySQLi\Connection.php(314): mysqli->query('SELECT `iduserd...')
#1 C:\xampp\htdocs\github\kebunku\vendor\codeigniter4\framework\system\Database\BaseConnection.php(713): CodeIgniter\Database\MySQLi\Connection->execute('SELECT `iduserd...')
#2 C:\xampp\htdocs\github\kebunku\vendor\codeigniter4\framework\system\Database\BaseConnection.php(641): CodeIgniter\Database\BaseConnection->simpleQuery('SELECT `iduserd...')
#3 C:\xampp\htdocs\github\kebunku\vendor\codeigniter4\framework\system\Database\BaseBuilder.php(1866): CodeIgniter\Database\BaseConnection->query('SELECT `iduserd...', Array, false)
#4 C:\xampp\htdocs\github\kebunku\modules\Desain\Controllers\DataTugasDesain.php(727): CodeIgniter\Database\BaseBuilder->get()
#5 C:\xampp\htdocs\github\kebunku\vendor\codeigniter4\framework\system\CodeIgniter.php(940): Modules\Desain\Controllers\DataTugasDesain->tugasku()
#6 C:\xampp\htdocs\github\kebunku\vendor\codeigniter4\framework\system\CodeIgniter.php(436): CodeIgniter\CodeIgniter->runController(Object(Modules\Desain\Controllers\DataTugasDesain))
#7 C:\xampp\htdocs\github\kebunku\vendor\codeigniter4\framework\system\CodeIgniter.php(337): CodeIgniter\CodeIgniter->handleRequest(NULL, Object(Config\Cache), false)
#8 C:\xampp\htdocs\github\kebunku\public\index.php(44): CodeIgniter\CodeIgniter->run()
#9 C:\xampp\htdocs\github\kebunku\vendor\codeigniter4\framework\system\Commands\Server\rewrite.php(45): require_once('C:\\xampp\\htdocs...')
#10 {main}
CRITICAL - 2022-01-21 14:23:54 --> Undefined variable: db
#0 C:\xampp\htdocs\github\kebunku\modules\Desain\Controllers\DataTugasDesain.php(891): CodeIgniter\Debug\Exceptions->errorHandler(8, 'Undefined varia...', 'C:\\xampp\\htdocs...', 891, Array)
#1 C:\xampp\htdocs\github\kebunku\vendor\codeigniter4\framework\system\CodeIgniter.php(940): Modules\Desain\Controllers\DataTugasDesain->info_tugas()
#2 C:\xampp\htdocs\github\kebunku\vendor\codeigniter4\framework\system\CodeIgniter.php(436): CodeIgniter\CodeIgniter->runController(Object(Modules\Desain\Controllers\DataTugasDesain))
#3 C:\xampp\htdocs\github\kebunku\vendor\codeigniter4\framework\system\CodeIgniter.php(337): CodeIgniter\CodeIgniter->handleRequest(NULL, Object(Config\Cache), false)
#4 C:\xampp\htdocs\github\kebunku\public\index.php(44): CodeIgniter\CodeIgniter->run()
#5 C:\xampp\htdocs\github\kebunku\vendor\codeigniter4\framework\system\Commands\Server\rewrite.php(45): require_once('C:\\xampp\\htdocs...')
#6 {main}
CRITICAL - 2022-01-21 14:24:26 --> Undefined variable: db
#0 C:\xampp\htdocs\github\kebunku\modules\Desain\Controllers\DataTugasDesain.php(891): CodeIgniter\Debug\Exceptions->errorHandler(8, 'Undefined varia...', 'C:\\xampp\\htdocs...', 891, Array)
#1 C:\xampp\htdocs\github\kebunku\vendor\codeigniter4\framework\system\CodeIgniter.php(940): Modules\Desain\Controllers\DataTugasDesain->info_tugas()
#2 C:\xampp\htdocs\github\kebunku\vendor\codeigniter4\framework\system\CodeIgniter.php(436): CodeIgniter\CodeIgniter->runController(Object(Modules\Desain\Controllers\DataTugasDesain))
#3 C:\xampp\htdocs\github\kebunku\vendor\codeigniter4\framework\system\CodeIgniter.php(337): CodeIgniter\CodeIgniter->handleRequest(NULL, Object(Config\Cache), false)
#4 C:\xampp\htdocs\github\kebunku\public\index.php(44): CodeIgniter\CodeIgniter->run()
#5 C:\xampp\htdocs\github\kebunku\vendor\codeigniter4\framework\system\Commands\Server\rewrite.php(45): require_once('C:\\xampp\\htdocs...')
#6 {main}
CRITICAL - 2022-01-21 14:37:45 --> Undefined variable: ds
#0 C:\xampp\htdocs\github\kebunku\modules\Desain\Views\detaildesain.php(61): CodeIgniter\Debug\Exceptions->errorHandler(8, 'Undefined varia...', 'C:\\xampp\\htdocs...', 61, Array)
#1 C:\xampp\htdocs\github\kebunku\vendor\codeigniter4\framework\system\View\View.php(220): include('C:\\xampp\\htdocs...')
#2 C:\xampp\htdocs\github\kebunku\vendor\codeigniter4\framework\system\View\View.php(222): CodeIgniter\View\View->CodeIgniter\View\{closure}()
#3 C:\xampp\htdocs\github\kebunku\vendor\codeigniter4\framework\system\Common.php(1217): CodeIgniter\View\View->render('Modules\\Desain\\...', Array, true)
#4 C:\xampp\htdocs\github\kebunku\modules\Desain\Controllers\DataTugasDesain.php(55): view('Modules\\Desain\\...', Array)
#5 C:\xampp\htdocs\github\kebunku\vendor\codeigniter4\framework\system\CodeIgniter.php(940): Modules\Desain\Controllers\DataTugasDesain->detail('adm', '7fb0978cef93a06...')
#6 C:\xampp\htdocs\github\kebunku\vendor\codeigniter4\framework\system\CodeIgniter.php(436): CodeIgniter\CodeIgniter->runController(Object(Modules\Desain\Controllers\DataTugasDesain))
#7 C:\xampp\htdocs\github\kebunku\vendor\codeigniter4\framework\system\CodeIgniter.php(337): CodeIgniter\CodeIgniter->handleRequest(NULL, Object(Config\Cache), false)
#8 C:\xampp\htdocs\github\kebunku\public\index.php(44): CodeIgniter\CodeIgniter->run()
#9 C:\xampp\htdocs\github\kebunku\vendor\codeigniter4\framework\system\Commands\Server\rewrite.php(45): require_once('C:\\xampp\\htdocs...')
#10 {main}
CRITICAL - 2022-01-21 14:40:11 --> The action you requested is not allowed.
#0 C:\xampp\htdocs\github\kebunku\vendor\codeigniter4\framework\system\Security\Security.php(231): CodeIgniter\Security\Exceptions\SecurityException::forDisallowedAction()
#1 C:\xampp\htdocs\github\kebunku\vendor\codeigniter4\framework\system\Filters\CSRF.php(57): CodeIgniter\Security\Security->verify(Object(CodeIgniter\HTTP\IncomingRequest))
#2 C:\xampp\htdocs\github\kebunku\vendor\codeigniter4\framework\system\Filters\Filters.php(181): CodeIgniter\Filters\CSRF->before(Object(CodeIgniter\HTTP\IncomingRequest), NULL)
#3 C:\xampp\htdocs\github\kebunku\vendor\codeigniter4\framework\system\CodeIgniter.php(407): CodeIgniter\Filters\Filters->run('manage-tugas-de...', 'before')
#4 C:\xampp\htdocs\github\kebunku\vendor\codeigniter4\framework\system\CodeIgniter.php(337): CodeIgniter\CodeIgniter->handleRequest(NULL, Object(Config\Cache), false)
#5 C:\xampp\htdocs\github\kebunku\public\index.php(44): CodeIgniter\CodeIgniter->run()
#6 C:\xampp\htdocs\github\kebunku\vendor\codeigniter4\framework\system\Commands\Server\rewrite.php(45): require_once('C:\\xampp\\htdocs...')
#7 {main}
CRITICAL - 2022-01-21 14:40:28 --> The action you requested is not allowed.
#0 C:\xampp\htdocs\github\kebunku\vendor\codeigniter4\framework\system\Security\Security.php(231): CodeIgniter\Security\Exceptions\SecurityException::forDisallowedAction()
#1 C:\xampp\htdocs\github\kebunku\vendor\codeigniter4\framework\system\Filters\CSRF.php(57): CodeIgniter\Security\Security->verify(Object(CodeIgniter\HTTP\IncomingRequest))
#2 C:\xampp\htdocs\github\kebunku\vendor\codeigniter4\framework\system\Filters\Filters.php(181): CodeIgniter\Filters\CSRF->before(Object(CodeIgniter\HTTP\IncomingRequest), NULL)
#3 C:\xampp\htdocs\github\kebunku\vendor\codeigniter4\framework\system\CodeIgniter.php(407): CodeIgniter\Filters\Filters->run('manage-tugas-de...', 'before')
#4 C:\xampp\htdocs\github\kebunku\vendor\codeigniter4\framework\system\CodeIgniter.php(337): CodeIgniter\CodeIgniter->handleRequest(NULL, Object(Config\Cache), false)
#5 C:\xampp\htdocs\github\kebunku\public\index.php(44): CodeIgniter\CodeIgniter->run()
#6 C:\xampp\htdocs\github\kebunku\vendor\codeigniter4\framework\system\Commands\Server\rewrite.php(45): require_once('C:\\xampp\\htdocs...')
#7 {main}
CRITICAL - 2022-01-21 14:40:33 --> The action you requested is not allowed.
#0 C:\xampp\htdocs\github\kebunku\vendor\codeigniter4\framework\system\Security\Security.php(231): CodeIgniter\Security\Exceptions\SecurityException::forDisallowedAction()
#1 C:\xampp\htdocs\github\kebunku\vendor\codeigniter4\framework\system\Filters\CSRF.php(57): CodeIgniter\Security\Security->verify(Object(CodeIgniter\HTTP\IncomingRequest))
#2 C:\xampp\htdocs\github\kebunku\vendor\codeigniter4\framework\system\Filters\Filters.php(181): CodeIgniter\Filters\CSRF->before(Object(CodeIgniter\HTTP\IncomingRequest), NULL)
#3 C:\xampp\htdocs\github\kebunku\vendor\codeigniter4\framework\system\CodeIgniter.php(407): CodeIgniter\Filters\Filters->run('manage-tugas-de...', 'before')
#4 C:\xampp\htdocs\github\kebunku\vendor\codeigniter4\framework\system\CodeIgniter.php(337): CodeIgniter\CodeIgniter->handleRequest(NULL, Object(Config\Cache), false)
#5 C:\xampp\htdocs\github\kebunku\public\index.php(44): CodeIgniter\CodeIgniter->run()
#6 C:\xampp\htdocs\github\kebunku\vendor\codeigniter4\framework\system\Commands\Server\rewrite.php(45): require_once('C:\\xampp\\htdocs...')
#7 {main}
CRITICAL - 2022-01-21 14:40:51 --> The action you requested is not allowed.
#0 C:\xampp\htdocs\github\kebunku\vendor\codeigniter4\framework\system\Security\Security.php(231): CodeIgniter\Security\Exceptions\SecurityException::forDisallowedAction()
#1 C:\xampp\htdocs\github\kebunku\vendor\codeigniter4\framework\system\Filters\CSRF.php(57): CodeIgniter\Security\Security->verify(Object(CodeIgniter\HTTP\IncomingRequest))
#2 C:\xampp\htdocs\github\kebunku\vendor\codeigniter4\framework\system\Filters\Filters.php(181): CodeIgniter\Filters\CSRF->before(Object(CodeIgniter\HTTP\IncomingRequest), NULL)
#3 C:\xampp\htdocs\github\kebunku\vendor\codeigniter4\framework\system\CodeIgniter.php(407): CodeIgniter\Filters\Filters->run('manage-tugas-de...', 'before')
#4 C:\xampp\htdocs\github\kebunku\vendor\codeigniter4\framework\system\CodeIgniter.php(337): CodeIgniter\CodeIgniter->handleRequest(NULL, Object(Config\Cache), false)
#5 C:\xampp\htdocs\github\kebunku\public\index.php(44): CodeIgniter\CodeIgniter->run()
#6 C:\xampp\htdocs\github\kebunku\vendor\codeigniter4\framework\system\Commands\Server\rewrite.php(45): require_once('C:\\xampp\\htdocs...')
#7 {main}
CRITICAL - 2022-01-21 14:42:15 --> The action you requested is not allowed.
#0 C:\xampp\htdocs\github\kebunku\vendor\codeigniter4\framework\system\Security\Security.php(231): CodeIgniter\Security\Exceptions\SecurityException::forDisallowedAction()
#1 C:\xampp\htdocs\github\kebunku\vendor\codeigniter4\framework\system\Filters\CSRF.php(57): CodeIgniter\Security\Security->verify(Object(CodeIgniter\HTTP\IncomingRequest))
#2 C:\xampp\htdocs\github\kebunku\vendor\codeigniter4\framework\system\Filters\Filters.php(181): CodeIgniter\Filters\CSRF->before(Object(CodeIgniter\HTTP\IncomingRequest), NULL)
#3 C:\xampp\htdocs\github\kebunku\vendor\codeigniter4\framework\system\CodeIgniter.php(407): CodeIgniter\Filters\Filters->run('manage-tugas-de...', 'before')
#4 C:\xampp\htdocs\github\kebunku\vendor\codeigniter4\framework\system\CodeIgniter.php(337): CodeIgniter\CodeIgniter->handleRequest(NULL, Object(Config\Cache), false)
#5 C:\xampp\htdocs\github\kebunku\public\index.php(44): CodeIgniter\CodeIgniter->run()
#6 C:\xampp\htdocs\github\kebunku\vendor\codeigniter4\framework\system\Commands\Server\rewrite.php(45): require_once('C:\\xampp\\htdocs...')
#7 {main}
CRITICAL - 2022-01-21 14:42:24 --> The action you requested is not allowed.
#0 C:\xampp\htdocs\github\kebunku\vendor\codeigniter4\framework\system\Security\Security.php(231): CodeIgniter\Security\Exceptions\SecurityException::forDisallowedAction()
#1 C:\xampp\htdocs\github\kebunku\vendor\codeigniter4\framework\system\Filters\CSRF.php(57): CodeIgniter\Security\Security->verify(Object(CodeIgniter\HTTP\IncomingRequest))
#2 C:\xampp\htdocs\github\kebunku\vendor\codeigniter4\framework\system\Filters\Filters.php(181): CodeIgniter\Filters\CSRF->before(Object(CodeIgniter\HTTP\IncomingRequest), NULL)
#3 C:\xampp\htdocs\github\kebunku\vendor\codeigniter4\framework\system\CodeIgniter.php(407): CodeIgniter\Filters\Filters->run('manage-tugas-de...', 'before')
#4 C:\xampp\htdocs\github\kebunku\vendor\codeigniter4\framework\system\CodeIgniter.php(337): CodeIgniter\CodeIgniter->handleRequest(NULL, Object(Config\Cache), false)
#5 C:\xampp\htdocs\github\kebunku\public\index.php(44): CodeIgniter\CodeIgniter->run()
#6 C:\xampp\htdocs\github\kebunku\vendor\codeigniter4\framework\system\Commands\Server\rewrite.php(45): require_once('C:\\xampp\\htdocs...')
#7 {main}
CRITICAL - 2022-01-21 14:42:35 --> The action you requested is not allowed.
#0 C:\xampp\htdocs\github\kebunku\vendor\codeigniter4\framework\system\Security\Security.php(231): CodeIgniter\Security\Exceptions\SecurityException::forDisallowedAction()
#1 C:\xampp\htdocs\github\kebunku\vendor\codeigniter4\framework\system\Filters\CSRF.php(57): CodeIgniter\Security\Security->verify(Object(CodeIgniter\HTTP\IncomingRequest))
#2 C:\xampp\htdocs\github\kebunku\vendor\codeigniter4\framework\system\Filters\Filters.php(181): CodeIgniter\Filters\CSRF->before(Object(CodeIgniter\HTTP\IncomingRequest), NULL)
#3 C:\xampp\htdocs\github\kebunku\vendor\codeigniter4\framework\system\CodeIgniter.php(407): CodeIgniter\Filters\Filters->run('manage-tugas-de...', 'before')
#4 C:\xampp\htdocs\github\kebunku\vendor\codeigniter4\framework\system\CodeIgniter.php(337): CodeIgniter\CodeIgniter->handleRequest(NULL, Object(Config\Cache), false)
#5 C:\xampp\htdocs\github\kebunku\public\index.php(44): CodeIgniter\CodeIgniter->run()
#6 C:\xampp\htdocs\github\kebunku\vendor\codeigniter4\framework\system\Commands\Server\rewrite.php(45): require_once('C:\\xampp\\htdocs...')
#7 {main}
CRITICAL - 2022-01-21 14:42:42 --> The action you requested is not allowed.
#0 C:\xampp\htdocs\github\kebunku\vendor\codeigniter4\framework\system\Security\Security.php(231): CodeIgniter\Security\Exceptions\SecurityException::forDisallowedAction()
#1 C:\xampp\htdocs\github\kebunku\vendor\codeigniter4\framework\system\Filters\CSRF.php(57): CodeIgniter\Security\Security->verify(Object(CodeIgniter\HTTP\IncomingRequest))
#2 C:\xampp\htdocs\github\kebunku\vendor\codeigniter4\framework\system\Filters\Filters.php(181): CodeIgniter\Filters\CSRF->before(Object(CodeIgniter\HTTP\IncomingRequest), NULL)
#3 C:\xampp\htdocs\github\kebunku\vendor\codeigniter4\framework\system\CodeIgniter.php(407): CodeIgniter\Filters\Filters->run('manage-tugas-de...', 'before')
#4 C:\xampp\htdocs\github\kebunku\vendor\codeigniter4\framework\system\CodeIgniter.php(337): CodeIgniter\CodeIgniter->handleRequest(NULL, Object(Config\Cache), false)
#5 C:\xampp\htdocs\github\kebunku\public\index.php(44): CodeIgniter\CodeIgniter->run()
#6 C:\xampp\htdocs\github\kebunku\vendor\codeigniter4\framework\system\Commands\Server\rewrite.php(45): require_once('C:\\xampp\\htdocs...')
#7 {main}
CRITICAL - 2022-01-21 14:46:22 --> The action you requested is not allowed.
#0 C:\xampp\htdocs\github\kebunku\vendor\codeigniter4\framework\system\Security\Security.php(231): CodeIgniter\Security\Exceptions\SecurityException::forDisallowedAction()
#1 C:\xampp\htdocs\github\kebunku\vendor\codeigniter4\framework\system\Filters\CSRF.php(57): CodeIgniter\Security\Security->verify(Object(CodeIgniter\HTTP\IncomingRequest))
#2 C:\xampp\htdocs\github\kebunku\vendor\codeigniter4\framework\system\Filters\Filters.php(181): CodeIgniter\Filters\CSRF->before(Object(CodeIgniter\HTTP\IncomingRequest), NULL)
#3 C:\xampp\htdocs\github\kebunku\vendor\codeigniter4\framework\system\CodeIgniter.php(407): CodeIgniter\Filters\Filters->run('manage-tugas-de...', 'before')
#4 C:\xampp\htdocs\github\kebunku\vendor\codeigniter4\framework\system\CodeIgniter.php(337): CodeIgniter\CodeIgniter->handleRequest(NULL, Object(Config\Cache), false)
#5 C:\xampp\htdocs\github\kebunku\public\index.php(44): CodeIgniter\CodeIgniter->run()
#6 C:\xampp\htdocs\github\kebunku\vendor\codeigniter4\framework\system\Commands\Server\rewrite.php(45): require_once('C:\\xampp\\htdocs...')
#7 {main}
CRITICAL - 2022-01-21 14:46:39 --> The action you requested is not allowed.
#0 C:\xampp\htdocs\github\kebunku\vendor\codeigniter4\framework\system\Security\Security.php(231): CodeIgniter\Security\Exceptions\SecurityException::forDisallowedAction()
#1 C:\xampp\htdocs\github\kebunku\vendor\codeigniter4\framework\system\Filters\CSRF.php(57): CodeIgniter\Security\Security->verify(Object(CodeIgniter\HTTP\IncomingRequest))
#2 C:\xampp\htdocs\github\kebunku\vendor\codeigniter4\framework\system\Filters\Filters.php(181): CodeIgniter\Filters\CSRF->before(Object(CodeIgniter\HTTP\IncomingRequest), NULL)
#3 C:\xampp\htdocs\github\kebunku\vendor\codeigniter4\framework\system\CodeIgniter.php(407): CodeIgniter\Filters\Filters->run('manage-tugas-de...', 'before')
#4 C:\xampp\htdocs\github\kebunku\vendor\codeigniter4\framework\system\CodeIgniter.php(337): CodeIgniter\CodeIgniter->handleRequest(NULL, Object(Config\Cache), false)
#5 C:\xampp\htdocs\github\kebunku\public\index.php(44): CodeIgniter\CodeIgniter->run()
#6 C:\xampp\htdocs\github\kebunku\vendor\codeigniter4\framework\system\Commands\Server\rewrite.php(45): require_once('C:\\xampp\\htdocs...')
#7 {main}
CRITICAL - 2022-01-21 14:46:44 --> The action you requested is not allowed.
#0 C:\xampp\htdocs\github\kebunku\vendor\codeigniter4\framework\system\Security\Security.php(231): CodeIgniter\Security\Exceptions\SecurityException::forDisallowedAction()
#1 C:\xampp\htdocs\github\kebunku\vendor\codeigniter4\framework\system\Filters\CSRF.php(57): CodeIgniter\Security\Security->verify(Object(CodeIgniter\HTTP\IncomingRequest))
#2 C:\xampp\htdocs\github\kebunku\vendor\codeigniter4\framework\system\Filters\Filters.php(181): CodeIgniter\Filters\CSRF->before(Object(CodeIgniter\HTTP\IncomingRequest), NULL)
#3 C:\xampp\htdocs\github\kebunku\vendor\codeigniter4\framework\system\CodeIgniter.php(407): CodeIgniter\Filters\Filters->run('manage-tugas-de...', 'before')
#4 C:\xampp\htdocs\github\kebunku\vendor\codeigniter4\framework\system\CodeIgniter.php(337): CodeIgniter\CodeIgniter->handleRequest(NULL, Object(Config\Cache), false)
#5 C:\xampp\htdocs\github\kebunku\public\index.php(44): CodeIgniter\CodeIgniter->run()
#6 C:\xampp\htdocs\github\kebunku\vendor\codeigniter4\framework\system\Commands\Server\rewrite.php(45): require_once('C:\\xampp\\htdocs...')
#7 {main}
CRITICAL - 2022-01-21 14:47:05 --> The action you requested is not allowed.
#0 C:\xampp\htdocs\github\kebunku\vendor\codeigniter4\framework\system\Security\Security.php(231): CodeIgniter\Security\Exceptions\SecurityException::forDisallowedAction()
#1 C:\xampp\htdocs\github\kebunku\vendor\codeigniter4\framework\system\Filters\CSRF.php(57): CodeIgniter\Security\Security->verify(Object(CodeIgniter\HTTP\IncomingRequest))
#2 C:\xampp\htdocs\github\kebunku\vendor\codeigniter4\framework\system\Filters\Filters.php(181): CodeIgniter\Filters\CSRF->before(Object(CodeIgniter\HTTP\IncomingRequest), NULL)
#3 C:\xampp\htdocs\github\kebunku\vendor\codeigniter4\framework\system\CodeIgniter.php(407): CodeIgniter\Filters\Filters->run('manage-tugas-de...', 'before')
#4 C:\xampp\htdocs\github\kebunku\vendor\codeigniter4\framework\system\CodeIgniter.php(337): CodeIgniter\CodeIgniter->handleRequest(NULL, Object(Config\Cache), false)
#5 C:\xampp\htdocs\github\kebunku\public\index.php(44): CodeIgniter\CodeIgniter->run()
#6 C:\xampp\htdocs\github\kebunku\vendor\codeigniter4\framework\system\Commands\Server\rewrite.php(45): require_once('C:\\xampp\\htdocs...')
#7 {main}
CRITICAL - 2022-01-21 15:12:07 --> Trying to access array offset on value of type null
#0 C:\xampp\htdocs\github\kebunku\app\Controllers\BaseController.php(72): CodeIgniter\Debug\Exceptions->errorHandler(8, 'Trying to acces...', 'C:\\xampp\\htdocs...', 72, Array)
#1 C:\xampp\htdocs\github\kebunku\modules\Desain\Controllers\DataTugasDesain.php(844): App\Controllers\BaseController->logdata('x_tugasdesainde...', '1', Array)
#2 C:\xampp\htdocs\github\kebunku\vendor\codeigniter4\framework\system\CodeIgniter.php(940): Modules\Desain\Controllers\DataTugasDesain->rejected_tugas()
#3 C:\xampp\htdocs\github\kebunku\vendor\codeigniter4\framework\system\CodeIgniter.php(436): CodeIgniter\CodeIgniter->runController(Object(Modules\Desain\Controllers\DataTugasDesain))
#4 C:\xampp\htdocs\github\kebunku\vendor\codeigniter4\framework\system\CodeIgniter.php(337): CodeIgniter\CodeIgniter->handleRequest(NULL, Object(Config\Cache), false)
#5 C:\xampp\htdocs\github\kebunku\public\index.php(44): CodeIgniter\CodeIgniter->run()
#6 C:\xampp\htdocs\github\kebunku\vendor\codeigniter4\framework\system\Commands\Server\rewrite.php(45): require_once('C:\\xampp\\htdocs...')
#7 {main}
CRITICAL - 2022-01-21 15:12:09 --> Trying to access array offset on value of type null
#0 C:\xampp\htdocs\github\kebunku\app\Controllers\BaseController.php(72): CodeIgniter\Debug\Exceptions->errorHandler(8, 'Trying to acces...', 'C:\\xampp\\htdocs...', 72, Array)
#1 C:\xampp\htdocs\github\kebunku\modules\Desain\Controllers\DataTugasDesain.php(844): App\Controllers\BaseController->logdata('x_tugasdesainde...', '1', Array)
#2 C:\xampp\htdocs\github\kebunku\vendor\codeigniter4\framework\system\CodeIgniter.php(940): Modules\Desain\Controllers\DataTugasDesain->rejected_tugas()
#3 C:\xampp\htdocs\github\kebunku\vendor\codeigniter4\framework\system\CodeIgniter.php(436): CodeIgniter\CodeIgniter->runController(Object(Modules\Desain\Controllers\DataTugasDesain))
#4 C:\xampp\htdocs\github\kebunku\vendor\codeigniter4\framework\system\CodeIgniter.php(337): CodeIgniter\CodeIgniter->handleRequest(NULL, Object(Config\Cache), false)
#5 C:\xampp\htdocs\github\kebunku\public\index.php(44): CodeIgniter\CodeIgniter->run()
#6 C:\xampp\htdocs\github\kebunku\vendor\codeigniter4\framework\system\Commands\Server\rewrite.php(45): require_once('C:\\xampp\\htdocs...')
#7 {main}
CRITICAL - 2022-01-21 15:12:39 --> Trying to access array offset on value of type null
#0 C:\xampp\htdocs\github\kebunku\app\Controllers\BaseController.php(72): CodeIgniter\Debug\Exceptions->errorHandler(8, 'Trying to acces...', 'C:\\xampp\\htdocs...', 72, Array)
#1 C:\xampp\htdocs\github\kebunku\modules\Desain\Controllers\DataTugasDesain.php(844): App\Controllers\BaseController->logdata('x_tugasdesainde...', '1', Array)
#2 C:\xampp\htdocs\github\kebunku\vendor\codeigniter4\framework\system\CodeIgniter.php(940): Modules\Desain\Controllers\DataTugasDesain->rejected_tugas()
#3 C:\xampp\htdocs\github\kebunku\vendor\codeigniter4\framework\system\CodeIgniter.php(436): CodeIgniter\CodeIgniter->runController(Object(Modules\Desain\Controllers\DataTugasDesain))
#4 C:\xampp\htdocs\github\kebunku\vendor\codeigniter4\framework\system\CodeIgniter.php(337): CodeIgniter\CodeIgniter->handleRequest(NULL, Object(Config\Cache), false)
#5 C:\xampp\htdocs\github\kebunku\public\index.php(44): CodeIgniter\CodeIgniter->run()
#6 C:\xampp\htdocs\github\kebunku\vendor\codeigniter4\framework\system\Commands\Server\rewrite.php(45): require_once('C:\\xampp\\htdocs...')
#7 {main}
CRITICAL - 2022-01-21 15:52:21 --> Undefined variable: jenisuser
#0 C:\xampp\htdocs\github\kebunku\modules\Desain\Controllers\DataTugasDesain.php(357): CodeIgniter\Debug\Exceptions->errorHandler(8, 'Undefined varia...', 'C:\\xampp\\htdocs...', 357, Array)
#1 C:\xampp\htdocs\github\kebunku\vendor\codeigniter4\framework\system\CodeIgniter.php(940): Modules\Desain\Controllers\DataTugasDesain->tugasjson('adm')
#2 C:\xampp\htdocs\github\kebunku\vendor\codeigniter4\framework\system\CodeIgniter.php(436): CodeIgniter\CodeIgniter->runController(Object(Modules\Desain\Controllers\DataTugasDesain))
#3 C:\xampp\htdocs\github\kebunku\vendor\codeigniter4\framework\system\CodeIgniter.php(337): CodeIgniter\CodeIgniter->handleRequest(NULL, Object(Config\Cache), false)
#4 C:\xampp\htdocs\github\kebunku\public\index.php(44): CodeIgniter\CodeIgniter->run()
#5 C:\xampp\htdocs\github\kebunku\vendor\codeigniter4\framework\system\Commands\Server\rewrite.php(45): require_once('C:\\xampp\\htdocs...')
#6 {main}
CRITICAL - 2022-01-21 15:52:30 --> Undefined variable: jenisuser
#0 C:\xampp\htdocs\github\kebunku\modules\Desain\Controllers\DataTugasDesain.php(357): CodeIgniter\Debug\Exceptions->errorHandler(8, 'Undefined varia...', 'C:\\xampp\\htdocs...', 357, Array)
#1 C:\xampp\htdocs\github\kebunku\vendor\codeigniter4\framework\system\CodeIgniter.php(940): Modules\Desain\Controllers\DataTugasDesain->tugasjson('adm')
#2 C:\xampp\htdocs\github\kebunku\vendor\codeigniter4\framework\system\CodeIgniter.php(436): CodeIgniter\CodeIgniter->runController(Object(Modules\Desain\Controllers\DataTugasDesain))
#3 C:\xampp\htdocs\github\kebunku\vendor\codeigniter4\framework\system\CodeIgniter.php(337): CodeIgniter\CodeIgniter->handleRequest(NULL, Object(Config\Cache), false)
#4 C:\xampp\htdocs\github\kebunku\public\index.php(44): CodeIgniter\CodeIgniter->run()
#5 C:\xampp\htdocs\github\kebunku\vendor\codeigniter4\framework\system\Commands\Server\rewrite.php(45): require_once('C:\\xampp\\htdocs...')
#6 {main}
CRITICAL - 2022-01-21 15:53:02 --> Undefined variable: user
#0 C:\xampp\htdocs\github\kebunku\modules\Desain\Controllers\DataTugasDesain.php(364): CodeIgniter\Debug\Exceptions->errorHandler(8, 'Undefined varia...', 'C:\\xampp\\htdocs...', 364, Array)
#1 C:\xampp\htdocs\github\kebunku\vendor\codeigniter4\framework\system\CodeIgniter.php(940): Modules\Desain\Controllers\DataTugasDesain->tugasjson('adm')
#2 C:\xampp\htdocs\github\kebunku\vendor\codeigniter4\framework\system\CodeIgniter.php(436): CodeIgniter\CodeIgniter->runController(Object(Modules\Desain\Controllers\DataTugasDesain))
#3 C:\xampp\htdocs\github\kebunku\vendor\codeigniter4\framework\system\CodeIgniter.php(337): CodeIgniter\CodeIgniter->handleRequest(NULL, Object(Config\Cache), false)
#4 C:\xampp\htdocs\github\kebunku\public\index.php(44): CodeIgniter\CodeIgniter->run()
#5 C:\xampp\htdocs\github\kebunku\vendor\codeigniter4\framework\system\Commands\Server\rewrite.php(45): require_once('C:\\xampp\\htdocs...')
#6 {main}
CRITICAL - 2022-01-21 16:08:37 --> Undefined variable: linkback
#0 C:\xampp\htdocs\github\kebunku\modules\Desain\Views\tugasdesainedit.php(36): CodeIgniter\Debug\Exceptions->errorHandler(8, 'Undefined varia...', 'C:\\xampp\\htdocs...', 36, Array)
#1 C:\xampp\htdocs\github\kebunku\vendor\codeigniter4\framework\system\View\View.php(220): include('C:\\xampp\\htdocs...')
#2 C:\xampp\htdocs\github\kebunku\vendor\codeigniter4\framework\system\View\View.php(222): CodeIgniter\View\View->CodeIgniter\View\{closure}()
#3 C:\xampp\htdocs\github\kebunku\vendor\codeigniter4\framework\system\Common.php(1217): CodeIgniter\View\View->render('Modules\\Desain\\...', Array, true)
#4 C:\xampp\htdocs\github\kebunku\modules\Desain\Controllers\DataTugasDesain.php(549): view('Modules\\Desain\\...', Array)
#5 C:\xampp\htdocs\github\kebunku\vendor\codeigniter4\framework\system\CodeIgniter.php(940): Modules\Desain\Controllers\DataTugasDesain->edit('adm', 'e6c77ffa6a3b9df...')
#6 C:\xampp\htdocs\github\kebunku\vendor\codeigniter4\framework\system\CodeIgniter.php(436): CodeIgniter\CodeIgniter->runController(Object(Modules\Desain\Controllers\DataTugasDesain))
#7 C:\xampp\htdocs\github\kebunku\vendor\codeigniter4\framework\system\CodeIgniter.php(337): CodeIgniter\CodeIgniter->handleRequest(NULL, Object(Config\Cache), false)
#8 C:\xampp\htdocs\github\kebunku\public\index.php(44): CodeIgniter\CodeIgniter->run()
#9 C:\xampp\htdocs\github\kebunku\vendor\codeigniter4\framework\system\Commands\Server\rewrite.php(45): require_once('C:\\xampp\\htdocs...')
#10 {main}
CRITICAL - 2022-01-21 16:26:57 --> Undefined variable: random
#0 C:\xampp\htdocs\github\kebunku\modules\Desain\Views\tugasdesain.php(55): CodeIgniter\Debug\Exceptions->errorHandler(8, 'Undefined varia...', 'C:\\xampp\\htdocs...', 55, Array)
#1 C:\xampp\htdocs\github\kebunku\vendor\codeigniter4\framework\system\View\View.php(220): include('C:\\xampp\\htdocs...')
#2 C:\xampp\htdocs\github\kebunku\vendor\codeigniter4\framework\system\View\View.php(222): CodeIgniter\View\View->CodeIgniter\View\{closure}()
#3 C:\xampp\htdocs\github\kebunku\vendor\codeigniter4\framework\system\Common.php(1217): CodeIgniter\View\View->render('Modules\\Desain\\...', Array, true)
#4 C:\xampp\htdocs\github\kebunku\modules\Desain\Controllers\DataTugasDesain.php(214): view('Modules\\Desain\\...', Array)
#5 C:\xampp\htdocs\github\kebunku\vendor\codeigniter4\framework\system\CodeIgniter.php(940): Modules\Desain\Controllers\DataTugasDesain->tugas('adm')
#6 C:\xampp\htdocs\github\kebunku\vendor\codeigniter4\framework\system\CodeIgniter.php(436): CodeIgniter\CodeIgniter->runController(Object(Modules\Desain\Controllers\DataTugasDesain))
#7 C:\xampp\htdocs\github\kebunku\vendor\codeigniter4\framework\system\CodeIgniter.php(337): CodeIgniter\CodeIgniter->handleRequest(NULL, Object(Config\Cache), false)
#8 C:\xampp\htdocs\github\kebunku\public\index.php(44): CodeIgniter\CodeIgniter->run()
#9 C:\xampp\htdocs\github\kebunku\vendor\codeigniter4\framework\system\Commands\Server\rewrite.php(45): require_once('C:\\xampp\\htdocs...')
#10 {main}
CRITICAL - 2022-01-21 16:29:06 --> Invalid file: Modules\Desain\Views\tugasdesaintambah.php
#0 C:\xampp\htdocs\github\kebunku\vendor\codeigniter4\framework\system\View\View.php(203): CodeIgniter\Exceptions\FrameworkException::forInvalidFile('Modules\\Desain\\...')
#1 C:\xampp\htdocs\github\kebunku\vendor\codeigniter4\framework\system\Common.php(1217): CodeIgniter\View\View->render('Modules\\Desain\\...', Array, true)
#2 C:\xampp\htdocs\github\kebunku\modules\Desain\Controllers\DataTugasDesain.php(398): view('Modules\\Desain\\...', Array)
#3 C:\xampp\htdocs\github\kebunku\vendor\codeigniter4\framework\system\CodeIgniter.php(940): Modules\Desain\Controllers\DataTugasDesain->tambah('adm')
#4 C:\xampp\htdocs\github\kebunku\vendor\codeigniter4\framework\system\CodeIgniter.php(436): CodeIgniter\CodeIgniter->runController(Object(Modules\Desain\Controllers\DataTugasDesain))
#5 C:\xampp\htdocs\github\kebunku\vendor\codeigniter4\framework\system\CodeIgniter.php(337): CodeIgniter\CodeIgniter->handleRequest(NULL, Object(Config\Cache), false)
#6 C:\xampp\htdocs\github\kebunku\public\index.php(44): CodeIgniter\CodeIgniter->run()
#7 C:\xampp\htdocs\github\kebunku\vendor\codeigniter4\framework\system\Commands\Server\rewrite.php(45): require_once('C:\\xampp\\htdocs...')
#8 {main}
