CRITICAL - 2021-07-13 08:30:24 --> Undefined index: nama_perusahaan
#0 C:\xampp\htdocs\kegiatan\modules\AdminMasterKerjasama\Views\kerjasama.php(160): CodeIgniter\Debug\Exceptions->errorHandler(8, 'Undefined index...', 'C:\\xampp\\htdocs...', 160, Array)
#1 C:\xampp\htdocs\kegiatan\vendor\codeigniter4\framework\system\View\View.php(220): include('C:\\xampp\\htdocs...')
#2 C:\xampp\htdocs\kegiatan\vendor\codeigniter4\framework\system\View\View.php(222): CodeIgniter\View\View->CodeIgniter\View\{closure}()
#3 C:\xampp\htdocs\kegiatan\vendor\codeigniter4\framework\system\Common.php(1217): CodeIgniter\View\View->render('Modules\\AdminMa...', Array, true)
#4 C:\xampp\htdocs\kegiatan\modules\AdminMasterKerjasama\Controllers\DataMasterKerjasama.php(39): view('Modules\\AdminMa...', Array)
#5 C:\xampp\htdocs\kegiatan\vendor\codeigniter4\framework\system\CodeIgniter.php(940): Modules\AdminMasterKerjasama\Controllers\DataMasterKerjasama->master()
#6 C:\xampp\htdocs\kegiatan\vendor\codeigniter4\framework\system\CodeIgniter.php(436): CodeIgniter\CodeIgniter->runController(Object(Modules\AdminMasterKerjasama\Controllers\DataMasterKerjasama))
#7 C:\xampp\htdocs\kegiatan\vendor\codeigniter4\framework\system\CodeIgniter.php(337): CodeIgniter\CodeIgniter->handleRequest(NULL, Object(Config\Cache), false)
#8 C:\xampp\htdocs\kegiatan\public\index.php(44): CodeIgniter\CodeIgniter->run()
#9 C:\xampp\htdocs\kegiatan\vendor\codeigniter4\framework\system\Commands\Server\rewrite.php(45): require_once('C:\\xampp\\htdocs...')
#10 {main}
CRITICAL - 2021-07-13 08:57:46 --> Undefined variable: foto_profile
#0 C:\xampp\htdocs\kegiatan\modules\AdminDataKerjasama\Controllers\DataDokumenKerjasama.php(123): CodeIgniter\Debug\Exceptions->errorHandler(8, 'Undefined varia...', 'C:\\xampp\\htdocs...', 123, Array)
#1 C:\xampp\htdocs\kegiatan\vendor\codeigniter4\framework\system\CodeIgniter.php(940): Modules\AdminDataKerjasama\Controllers\DataDokumenKerjasama->master_update()
#2 C:\xampp\htdocs\kegiatan\vendor\codeigniter4\framework\system\CodeIgniter.php(436): CodeIgniter\CodeIgniter->runController(Object(Modules\AdminDataKerjasama\Controllers\DataDokumenKerjasama))
#3 C:\xampp\htdocs\kegiatan\vendor\codeigniter4\framework\system\CodeIgniter.php(337): CodeIgniter\CodeIgniter->handleRequest(NULL, Object(Config\Cache), false)
#4 C:\xampp\htdocs\kegiatan\public\index.php(44): CodeIgniter\CodeIgniter->run()
#5 C:\xampp\htdocs\kegiatan\vendor\codeigniter4\framework\system\Commands\Server\rewrite.php(45): require_once('C:\\xampp\\htdocs...')
#6 {main}
CRITICAL - 2021-07-13 09:50:32 --> syntax error, unexpected '}'
#0 C:\xampp\htdocs\kegiatan\vendor\codeigniter4\framework\system\View\View.php(222): CodeIgniter\View\View->CodeIgniter\View\{closure}()
#1 C:\xampp\htdocs\kegiatan\vendor\codeigniter4\framework\system\Common.php(1217): CodeIgniter\View\View->render('Modules\\AdminUs...', Array, true)
#2 C:\xampp\htdocs\kegiatan\modules\AdminUsers\Controllers\DataPermissions.php(35): view('Modules\\AdminUs...', Array)
#3 C:\xampp\htdocs\kegiatan\vendor\codeigniter4\framework\system\CodeIgniter.php(940): Modules\AdminUsers\Controllers\DataPermissions->index()
#4 C:\xampp\htdocs\kegiatan\vendor\codeigniter4\framework\system\CodeIgniter.php(436): CodeIgniter\CodeIgniter->runController(Object(Modules\AdminUsers\Controllers\DataPermissions))
#5 C:\xampp\htdocs\kegiatan\vendor\codeigniter4\framework\system\CodeIgniter.php(337): CodeIgniter\CodeIgniter->handleRequest(NULL, Object(Config\Cache), false)
#6 C:\xampp\htdocs\kegiatan\public\index.php(44): CodeIgniter\CodeIgniter->run()
#7 C:\xampp\htdocs\kegiatan\vendor\codeigniter4\framework\system\Commands\Server\rewrite.php(45): require_once('C:\\xampp\\htdocs...')
#8 {main}
CRITICAL - 2021-07-13 09:56:07 --> Undefined offset: 1
#0 C:\xampp\htdocs\kegiatan\modules\AdminUsers\Controllers\DataGroupsPermissions.php(76): CodeIgniter\Debug\Exceptions->errorHandler(8, 'Undefined offse...', 'C:\\xampp\\htdocs...', 76, Array)
#1 C:\xampp\htdocs\kegiatan\vendor\codeigniter4\framework\system\CodeIgniter.php(940): Modules\AdminUsers\Controllers\DataGroupsPermissions->tambah_groups_permissions()
#2 C:\xampp\htdocs\kegiatan\vendor\codeigniter4\framework\system\CodeIgniter.php(436): CodeIgniter\CodeIgniter->runController(Object(Modules\AdminUsers\Controllers\DataGroupsPermissions))
#3 C:\xampp\htdocs\kegiatan\vendor\codeigniter4\framework\system\CodeIgniter.php(337): CodeIgniter\CodeIgniter->handleRequest(NULL, Object(Config\Cache), false)
#4 C:\xampp\htdocs\kegiatan\public\index.php(44): CodeIgniter\CodeIgniter->run()
#5 C:\xampp\htdocs\kegiatan\vendor\codeigniter4\framework\system\Commands\Server\rewrite.php(45): require_once('C:\\xampp\\htdocs...')
#6 {main}
CRITICAL - 2021-07-13 10:05:35 --> Undefined variable: master
#0 C:\xampp\htdocs\kegiatan\modules\AdminDataKerjasama\Controllers\DataKerjasama.php(41): CodeIgniter\Debug\Exceptions->errorHandler(8, 'Undefined varia...', 'C:\\xampp\\htdocs...', 41, Array)
#1 C:\xampp\htdocs\kegiatan\vendor\codeigniter4\framework\system\CodeIgniter.php(940): Modules\AdminDataKerjasama\Controllers\DataKerjasama->master()
#2 C:\xampp\htdocs\kegiatan\vendor\codeigniter4\framework\system\CodeIgniter.php(436): CodeIgniter\CodeIgniter->runController(Object(Modules\AdminDataKerjasama\Controllers\DataKerjasama))
#3 C:\xampp\htdocs\kegiatan\vendor\codeigniter4\framework\system\CodeIgniter.php(337): CodeIgniter\CodeIgniter->handleRequest(NULL, Object(Config\Cache), false)
#4 C:\xampp\htdocs\kegiatan\public\index.php(44): CodeIgniter\CodeIgniter->run()
#5 C:\xampp\htdocs\kegiatan\vendor\codeigniter4\framework\system\Commands\Server\rewrite.php(45): require_once('C:\\xampp\\htdocs...')
#6 {main}
ERROR - 2021-07-13 10:07:02 --> mysqli_sql_exception: Column 'deleted_at' in where clause is ambiguous in C:\xampp\htdocs\kegiatan\vendor\codeigniter4\framework\system\Database\MySQLi\Connection.php:314
Stack trace:
#0 C:\xampp\htdocs\kegiatan\vendor\codeigniter4\framework\system\Database\MySQLi\Connection.php(314): mysqli->query('SELECT *\nFROM `...')
#1 C:\xampp\htdocs\kegiatan\vendor\codeigniter4\framework\system\Database\BaseConnection.php(713): CodeIgniter\Database\MySQLi\Connection->execute('SELECT *\nFROM `...')
#2 C:\xampp\htdocs\kegiatan\vendor\codeigniter4\framework\system\Database\BaseConnection.php(641): CodeIgniter\Database\BaseConnection->simpleQuery('SELECT *\nFROM `...')
#3 C:\xampp\htdocs\kegiatan\vendor\codeigniter4\framework\system\Database\BaseBuilder.php(1866): CodeIgniter\Database\BaseConnection->query('SELECT *\nFROM `...', Array, false)
#4 C:\xampp\htdocs\kegiatan\modules\AdminDataKerjasama\Models\ModelKerjasama.php(35): CodeIgniter\Database\BaseBuilder->get()
#5 C:\xampp\htdocs\kegiatan\modules\AdminDataKerjasama\Controllers\DataKerjasama.php(28): Modules\AdminDataKerjasama\Models\ModelKerjasama->get_master_super()
#6 C:\xampp\htdocs\kegiatan\vendor\codeigniter4\framework\system\CodeIgniter.php(940): Modules\AdminDataKerjasama\Controllers\DataKerjasama->master()
#7 C:\xampp\htdocs\kegiatan\vendor\codeigniter4\framework\system\CodeIgniter.php(436): CodeIgniter\CodeIgniter->runController(Object(Modules\AdminDataKerjasama\Controllers\DataKerjasama))
#8 C:\xampp\htdocs\kegiatan\vendor\codeigniter4\framework\system\CodeIgniter.php(337): CodeIgniter\CodeIgniter->handleRequest(NULL, Object(Config\Cache), false)
#9 C:\xampp\htdocs\kegiatan\public\index.php(44): CodeIgniter\CodeIgniter->run()
#10 C:\xampp\htdocs\kegiatan\vendor\codeigniter4\framework\system\Commands\Server\rewrite.php(45): require_once('C:\\xampp\\htdocs...')
#11 {main}
CRITICAL - 2021-07-13 10:07:02 --> Column 'deleted_at' in where clause is ambiguous
#0 C:\xampp\htdocs\kegiatan\vendor\codeigniter4\framework\system\Database\MySQLi\Connection.php(314): mysqli->query('SELECT *\nFROM `...')
#1 C:\xampp\htdocs\kegiatan\vendor\codeigniter4\framework\system\Database\BaseConnection.php(713): CodeIgniter\Database\MySQLi\Connection->execute('SELECT *\nFROM `...')
#2 C:\xampp\htdocs\kegiatan\vendor\codeigniter4\framework\system\Database\BaseConnection.php(641): CodeIgniter\Database\BaseConnection->simpleQuery('SELECT *\nFROM `...')
#3 C:\xampp\htdocs\kegiatan\vendor\codeigniter4\framework\system\Database\BaseBuilder.php(1866): CodeIgniter\Database\BaseConnection->query('SELECT *\nFROM `...', Array, false)
#4 C:\xampp\htdocs\kegiatan\modules\AdminDataKerjasama\Models\ModelKerjasama.php(35): CodeIgniter\Database\BaseBuilder->get()
#5 C:\xampp\htdocs\kegiatan\modules\AdminDataKerjasama\Controllers\DataKerjasama.php(28): Modules\AdminDataKerjasama\Models\ModelKerjasama->get_master_super()
#6 C:\xampp\htdocs\kegiatan\vendor\codeigniter4\framework\system\CodeIgniter.php(940): Modules\AdminDataKerjasama\Controllers\DataKerjasama->master()
#7 C:\xampp\htdocs\kegiatan\vendor\codeigniter4\framework\system\CodeIgniter.php(436): CodeIgniter\CodeIgniter->runController(Object(Modules\AdminDataKerjasama\Controllers\DataKerjasama))
#8 C:\xampp\htdocs\kegiatan\vendor\codeigniter4\framework\system\CodeIgniter.php(337): CodeIgniter\CodeIgniter->handleRequest(NULL, Object(Config\Cache), false)
#9 C:\xampp\htdocs\kegiatan\public\index.php(44): CodeIgniter\CodeIgniter->run()
#10 C:\xampp\htdocs\kegiatan\vendor\codeigniter4\framework\system\Commands\Server\rewrite.php(45): require_once('C:\\xampp\\htdocs...')
#11 {main}
CRITICAL - 2021-07-13 10:08:28 --> syntax error, unexpected '?>'
#0 C:\xampp\htdocs\kegiatan\vendor\codeigniter4\framework\system\View\View.php(222): CodeIgniter\View\View->CodeIgniter\View\{closure}()
#1 C:\xampp\htdocs\kegiatan\vendor\codeigniter4\framework\system\Common.php(1217): CodeIgniter\View\View->render('Modules\\AdminDa...', Array, true)
#2 C:\xampp\htdocs\kegiatan\modules\AdminDataKerjasama\Controllers\DataKerjasama.php(44): view('Modules\\AdminDa...', Array)
#3 C:\xampp\htdocs\kegiatan\vendor\codeigniter4\framework\system\CodeIgniter.php(940): Modules\AdminDataKerjasama\Controllers\DataKerjasama->master()
#4 C:\xampp\htdocs\kegiatan\vendor\codeigniter4\framework\system\CodeIgniter.php(436): CodeIgniter\CodeIgniter->runController(Object(Modules\AdminDataKerjasama\Controllers\DataKerjasama))
#5 C:\xampp\htdocs\kegiatan\vendor\codeigniter4\framework\system\CodeIgniter.php(337): CodeIgniter\CodeIgniter->handleRequest(NULL, Object(Config\Cache), false)
#6 C:\xampp\htdocs\kegiatan\public\index.php(44): CodeIgniter\CodeIgniter->run()
#7 C:\xampp\htdocs\kegiatan\vendor\codeigniter4\framework\system\Commands\Server\rewrite.php(45): require_once('C:\\xampp\\htdocs...')
#8 {main}
CRITICAL - 2021-07-13 10:12:01 --> Undefined index: random_k
#0 C:\xampp\htdocs\kegiatan\modules\AdminDataKerjasama\Views\kerjasama.php(161): CodeIgniter\Debug\Exceptions->errorHandler(8, 'Undefined index...', 'C:\\xampp\\htdocs...', 161, Array)
#1 C:\xampp\htdocs\kegiatan\vendor\codeigniter4\framework\system\View\View.php(220): include('C:\\xampp\\htdocs...')
#2 C:\xampp\htdocs\kegiatan\vendor\codeigniter4\framework\system\View\View.php(222): CodeIgniter\View\View->CodeIgniter\View\{closure}()
#3 C:\xampp\htdocs\kegiatan\vendor\codeigniter4\framework\system\Common.php(1217): CodeIgniter\View\View->render('Modules\\AdminDa...', Array, true)
#4 C:\xampp\htdocs\kegiatan\modules\AdminDataKerjasama\Controllers\DataKerjasama.php(44): view('Modules\\AdminDa...', Array)
#5 C:\xampp\htdocs\kegiatan\vendor\codeigniter4\framework\system\CodeIgniter.php(940): Modules\AdminDataKerjasama\Controllers\DataKerjasama->master()
#6 C:\xampp\htdocs\kegiatan\vendor\codeigniter4\framework\system\CodeIgniter.php(436): CodeIgniter\CodeIgniter->runController(Object(Modules\AdminDataKerjasama\Controllers\DataKerjasama))
#7 C:\xampp\htdocs\kegiatan\vendor\codeigniter4\framework\system\CodeIgniter.php(337): CodeIgniter\CodeIgniter->handleRequest(NULL, Object(Config\Cache), false)
#8 C:\xampp\htdocs\kegiatan\public\index.php(44): CodeIgniter\CodeIgniter->run()
#9 C:\xampp\htdocs\kegiatan\vendor\codeigniter4\framework\system\Commands\Server\rewrite.php(45): require_once('C:\\xampp\\htdocs...')
#10 {main}
CRITICAL - 2021-07-13 10:12:42 --> Undefined index: status
#0 C:\xampp\htdocs\kegiatan\modules\AdminDataKerjasama\Views\kerjasama.php(136): CodeIgniter\Debug\Exceptions->errorHandler(8, 'Undefined index...', 'C:\\xampp\\htdocs...', 136, Array)
#1 C:\xampp\htdocs\kegiatan\vendor\codeigniter4\framework\system\View\View.php(220): include('C:\\xampp\\htdocs...')
#2 C:\xampp\htdocs\kegiatan\vendor\codeigniter4\framework\system\View\View.php(222): CodeIgniter\View\View->CodeIgniter\View\{closure}()
#3 C:\xampp\htdocs\kegiatan\vendor\codeigniter4\framework\system\Common.php(1217): CodeIgniter\View\View->render('Modules\\AdminDa...', Array, true)
#4 C:\xampp\htdocs\kegiatan\modules\AdminDataKerjasama\Controllers\DataKerjasama.php(44): view('Modules\\AdminDa...', Array)
#5 C:\xampp\htdocs\kegiatan\vendor\codeigniter4\framework\system\CodeIgniter.php(940): Modules\AdminDataKerjasama\Controllers\DataKerjasama->master()
#6 C:\xampp\htdocs\kegiatan\vendor\codeigniter4\framework\system\CodeIgniter.php(436): CodeIgniter\CodeIgniter->runController(Object(Modules\AdminDataKerjasama\Controllers\DataKerjasama))
#7 C:\xampp\htdocs\kegiatan\vendor\codeigniter4\framework\system\CodeIgniter.php(337): CodeIgniter\CodeIgniter->handleRequest(NULL, Object(Config\Cache), false)
#8 C:\xampp\htdocs\kegiatan\public\index.php(44): CodeIgniter\CodeIgniter->run()
#9 C:\xampp\htdocs\kegiatan\vendor\codeigniter4\framework\system\Commands\Server\rewrite.php(45): require_once('C:\\xampp\\htdocs...')
#10 {main}
CRITICAL - 2021-07-13 10:13:01 --> Undefined index: random
#0 C:\xampp\htdocs\kegiatan\modules\AdminDataKerjasama\Views\kerjasama.php(158): CodeIgniter\Debug\Exceptions->errorHandler(8, 'Undefined index...', 'C:\\xampp\\htdocs...', 158, Array)
#1 C:\xampp\htdocs\kegiatan\vendor\codeigniter4\framework\system\View\View.php(220): include('C:\\xampp\\htdocs...')
#2 C:\xampp\htdocs\kegiatan\vendor\codeigniter4\framework\system\View\View.php(222): CodeIgniter\View\View->CodeIgniter\View\{closure}()
#3 C:\xampp\htdocs\kegiatan\vendor\codeigniter4\framework\system\Common.php(1217): CodeIgniter\View\View->render('Modules\\AdminDa...', Array, true)
#4 C:\xampp\htdocs\kegiatan\modules\AdminDataKerjasama\Controllers\DataKerjasama.php(44): view('Modules\\AdminDa...', Array)
#5 C:\xampp\htdocs\kegiatan\vendor\codeigniter4\framework\system\CodeIgniter.php(940): Modules\AdminDataKerjasama\Controllers\DataKerjasama->master()
#6 C:\xampp\htdocs\kegiatan\vendor\codeigniter4\framework\system\CodeIgniter.php(436): CodeIgniter\CodeIgniter->runController(Object(Modules\AdminDataKerjasama\Controllers\DataKerjasama))
#7 C:\xampp\htdocs\kegiatan\vendor\codeigniter4\framework\system\CodeIgniter.php(337): CodeIgniter\CodeIgniter->handleRequest(NULL, Object(Config\Cache), false)
#8 C:\xampp\htdocs\kegiatan\public\index.php(44): CodeIgniter\CodeIgniter->run()
#9 C:\xampp\htdocs\kegiatan\vendor\codeigniter4\framework\system\Commands\Server\rewrite.php(45): require_once('C:\\xampp\\htdocs...')
#10 {main}
CRITICAL - 2021-07-13 10:15:04 --> You must set the database table to be used with your query.
#0 C:\xampp\htdocs\kegiatan\vendor\codeigniter4\framework\system\Model.php(615): CodeIgniter\Database\BaseConnection->table(NULL)
#1 C:\xampp\htdocs\kegiatan\vendor\codeigniter4\framework\system\Model.php(834): CodeIgniter\Model->builder()
#2 C:\xampp\htdocs\kegiatan\modules\AdminDataKerjasama\Controllers\DataDokumenKerjasama.php(29): CodeIgniter\Model->__call('get_dokumen_sup...', Array)
#3 C:\xampp\htdocs\kegiatan\vendor\codeigniter4\framework\system\CodeIgniter.php(940): Modules\AdminDataKerjasama\Controllers\DataDokumenKerjasama->master('66f67dc509d312a...')
#4 C:\xampp\htdocs\kegiatan\vendor\codeigniter4\framework\system\CodeIgniter.php(436): CodeIgniter\CodeIgniter->runController(Object(Modules\AdminDataKerjasama\Controllers\DataDokumenKerjasama))
#5 C:\xampp\htdocs\kegiatan\vendor\codeigniter4\framework\system\CodeIgniter.php(337): CodeIgniter\CodeIgniter->handleRequest(NULL, Object(Config\Cache), false)
#6 C:\xampp\htdocs\kegiatan\public\index.php(44): CodeIgniter\CodeIgniter->run()
#7 C:\xampp\htdocs\kegiatan\vendor\codeigniter4\framework\system\Commands\Server\rewrite.php(45): require_once('C:\\xampp\\htdocs...')
#8 {main}
ERROR - 2021-07-13 10:16:50 --> mysqli_sql_exception: Unknown column 'kerjasama_master.id_user' in 'on clause' in C:\xampp\htdocs\kegiatan\vendor\codeigniter4\framework\system\Database\MySQLi\Connection.php:314
Stack trace:
#0 C:\xampp\htdocs\kegiatan\vendor\codeigniter4\framework\system\Database\MySQLi\Connection.php(314): mysqli->query('SELECT *\nFROM `...')
#1 C:\xampp\htdocs\kegiatan\vendor\codeigniter4\framework\system\Database\BaseConnection.php(713): CodeIgniter\Database\MySQLi\Connection->execute('SELECT *\nFROM `...')
#2 C:\xampp\htdocs\kegiatan\vendor\codeigniter4\framework\system\Database\BaseConnection.php(641): CodeIgniter\Database\BaseConnection->simpleQuery('SELECT *\nFROM `...')
#3 C:\xampp\htdocs\kegiatan\vendor\codeigniter4\framework\system\Database\BaseBuilder.php(1866): CodeIgniter\Database\BaseConnection->query('SELECT *\nFROM `...', Array, false)
#4 C:\xampp\htdocs\kegiatan\modules\AdminDataKerjasama\Models\ModelKerjasama.php(65): CodeIgniter\Database\BaseBuilder->get()
#5 C:\xampp\htdocs\kegiatan\modules\AdminDataKerjasama\Controllers\DataDokumenKerjasama.php(29): Modules\AdminDataKerjasama\Models\ModelKerjasama->get_dokumen_super('3')
#6 C:\xampp\htdocs\kegiatan\vendor\codeigniter4\framework\system\CodeIgniter.php(940): Modules\AdminDataKerjasama\Controllers\DataDokumenKerjasama->master('66f67dc509d312a...')
#7 C:\xampp\htdocs\kegiatan\vendor\codeigniter4\framework\system\CodeIgniter.php(436): CodeIgniter\CodeIgniter->runController(Object(Modules\AdminDataKerjasama\Controllers\DataDokumenKerjasama))
#8 C:\xampp\htdocs\kegiatan\vendor\codeigniter4\framework\system\CodeIgniter.php(337): CodeIgniter\CodeIgniter->handleRequest(NULL, Object(Config\Cache), false)
#9 C:\xampp\htdocs\kegiatan\public\index.php(44): CodeIgniter\CodeIgniter->run()
#10 C:\xampp\htdocs\kegiatan\vendor\codeigniter4\framework\system\Commands\Server\rewrite.php(45): require_once('C:\\xampp\\htdocs...')
#11 {main}
CRITICAL - 2021-07-13 10:16:50 --> Unknown column 'kerjasama_master.id_user' in 'on clause'
#0 C:\xampp\htdocs\kegiatan\vendor\codeigniter4\framework\system\Database\MySQLi\Connection.php(314): mysqli->query('SELECT *\nFROM `...')
#1 C:\xampp\htdocs\kegiatan\vendor\codeigniter4\framework\system\Database\BaseConnection.php(713): CodeIgniter\Database\MySQLi\Connection->execute('SELECT *\nFROM `...')
#2 C:\xampp\htdocs\kegiatan\vendor\codeigniter4\framework\system\Database\BaseConnection.php(641): CodeIgniter\Database\BaseConnection->simpleQuery('SELECT *\nFROM `...')
#3 C:\xampp\htdocs\kegiatan\vendor\codeigniter4\framework\system\Database\BaseBuilder.php(1866): CodeIgniter\Database\BaseConnection->query('SELECT *\nFROM `...', Array, false)
#4 C:\xampp\htdocs\kegiatan\modules\AdminDataKerjasama\Models\ModelKerjasama.php(65): CodeIgniter\Database\BaseBuilder->get()
#5 C:\xampp\htdocs\kegiatan\modules\AdminDataKerjasama\Controllers\DataDokumenKerjasama.php(29): Modules\AdminDataKerjasama\Models\ModelKerjasama->get_dokumen_super('3')
#6 C:\xampp\htdocs\kegiatan\vendor\codeigniter4\framework\system\CodeIgniter.php(940): Modules\AdminDataKerjasama\Controllers\DataDokumenKerjasama->master('66f67dc509d312a...')
#7 C:\xampp\htdocs\kegiatan\vendor\codeigniter4\framework\system\CodeIgniter.php(436): CodeIgniter\CodeIgniter->runController(Object(Modules\AdminDataKerjasama\Controllers\DataDokumenKerjasama))
#8 C:\xampp\htdocs\kegiatan\vendor\codeigniter4\framework\system\CodeIgniter.php(337): CodeIgniter\CodeIgniter->handleRequest(NULL, Object(Config\Cache), false)
#9 C:\xampp\htdocs\kegiatan\public\index.php(44): CodeIgniter\CodeIgniter->run()
#10 C:\xampp\htdocs\kegiatan\vendor\codeigniter4\framework\system\Commands\Server\rewrite.php(45): require_once('C:\\xampp\\htdocs...')
#11 {main}
CRITICAL - 2021-07-13 10:54:55 --> Undefined property: CodeIgniter\View\View::$request
#0 C:\xampp\htdocs\kegiatan\modules\AdminLayout\Views\sidebar.php(83): CodeIgniter\Debug\Exceptions->errorHandler(8, 'Undefined prope...', 'C:\\xampp\\htdocs...', 83, Array)
#1 C:\xampp\htdocs\kegiatan\vendor\codeigniter4\framework\system\View\View.php(220): include('C:\\xampp\\htdocs...')
#2 C:\xampp\htdocs\kegiatan\vendor\codeigniter4\framework\system\View\View.php(222): CodeIgniter\View\View->CodeIgniter\View\{closure}()
#3 C:\xampp\htdocs\kegiatan\vendor\codeigniter4\framework\system\View\View.php(468): CodeIgniter\View\View->render('Modules\\AdminLa...', NULL, true)
#4 C:\xampp\htdocs\kegiatan\modules\AdminLayout\Views\layout.php(66): CodeIgniter\View\View->include('Modules\\AdminLa...')
#5 C:\xampp\htdocs\kegiatan\vendor\codeigniter4\framework\system\View\View.php(220): include('C:\\xampp\\htdocs...')
#6 C:\xampp\htdocs\kegiatan\vendor\codeigniter4\framework\system\View\View.php(222): CodeIgniter\View\View->CodeIgniter\View\{closure}()
#7 C:\xampp\htdocs\kegiatan\vendor\codeigniter4\framework\system\View\View.php(236): CodeIgniter\View\View->render('Modules\\AdminLa...', Array, true)
#8 C:\xampp\htdocs\kegiatan\vendor\codeigniter4\framework\system\Common.php(1217): CodeIgniter\View\View->render('Modules\\AdminMe...', Array, true)
#9 C:\xampp\htdocs\kegiatan\modules\AdminMenu\Controllers\DataMenu.php(38): view('Modules\\AdminMe...', Array)
#10 C:\xampp\htdocs\kegiatan\vendor\codeigniter4\framework\system\CodeIgniter.php(940): Modules\AdminMenu\Controllers\DataMenu->menu()
#11 C:\xampp\htdocs\kegiatan\vendor\codeigniter4\framework\system\CodeIgniter.php(436): CodeIgniter\CodeIgniter->runController(Object(Modules\AdminMenu\Controllers\DataMenu))
#12 C:\xampp\htdocs\kegiatan\vendor\codeigniter4\framework\system\CodeIgniter.php(337): CodeIgniter\CodeIgniter->handleRequest(NULL, Object(Config\Cache), false)
#13 C:\xampp\htdocs\kegiatan\public\index.php(44): CodeIgniter\CodeIgniter->run()
#14 C:\xampp\htdocs\kegiatan\vendor\codeigniter4\framework\system\Commands\Server\rewrite.php(45): require_once('C:\\xampp\\htdocs...')
#15 {main}
CRITICAL - 2021-07-13 10:55:26 --> Undefined property: CodeIgniter\View\View::$request
#0 C:\xampp\htdocs\kegiatan\modules\AdminLayout\Views\sidebar.php(83): CodeIgniter\Debug\Exceptions->errorHandler(8, 'Undefined prope...', 'C:\\xampp\\htdocs...', 83, Array)
#1 C:\xampp\htdocs\kegiatan\vendor\codeigniter4\framework\system\View\View.php(220): include('C:\\xampp\\htdocs...')
#2 C:\xampp\htdocs\kegiatan\vendor\codeigniter4\framework\system\View\View.php(222): CodeIgniter\View\View->CodeIgniter\View\{closure}()
#3 C:\xampp\htdocs\kegiatan\vendor\codeigniter4\framework\system\View\View.php(468): CodeIgniter\View\View->render('Modules\\AdminLa...', NULL, true)
#4 C:\xampp\htdocs\kegiatan\modules\AdminLayout\Views\layout.php(66): CodeIgniter\View\View->include('Modules\\AdminLa...')
#5 C:\xampp\htdocs\kegiatan\vendor\codeigniter4\framework\system\View\View.php(220): include('C:\\xampp\\htdocs...')
#6 C:\xampp\htdocs\kegiatan\vendor\codeigniter4\framework\system\View\View.php(222): CodeIgniter\View\View->CodeIgniter\View\{closure}()
#7 C:\xampp\htdocs\kegiatan\vendor\codeigniter4\framework\system\View\View.php(236): CodeIgniter\View\View->render('Modules\\AdminLa...', Array, true)
#8 C:\xampp\htdocs\kegiatan\vendor\codeigniter4\framework\system\Common.php(1217): CodeIgniter\View\View->render('Modules\\AdminMe...', Array, true)
#9 C:\xampp\htdocs\kegiatan\modules\AdminMenu\Controllers\DataMenu.php(38): view('Modules\\AdminMe...', Array)
#10 C:\xampp\htdocs\kegiatan\vendor\codeigniter4\framework\system\CodeIgniter.php(940): Modules\AdminMenu\Controllers\DataMenu->menu()
#11 C:\xampp\htdocs\kegiatan\vendor\codeigniter4\framework\system\CodeIgniter.php(436): CodeIgniter\CodeIgniter->runController(Object(Modules\AdminMenu\Controllers\DataMenu))
#12 C:\xampp\htdocs\kegiatan\vendor\codeigniter4\framework\system\CodeIgniter.php(337): CodeIgniter\CodeIgniter->handleRequest(NULL, Object(Config\Cache), false)
#13 C:\xampp\htdocs\kegiatan\public\index.php(44): CodeIgniter\CodeIgniter->run()
#14 C:\xampp\htdocs\kegiatan\vendor\codeigniter4\framework\system\Commands\Server\rewrite.php(45): require_once('C:\\xampp\\htdocs...')
#15 {main}
CRITICAL - 2021-07-13 11:30:18 --> Undefined variable: segment_1
#0 C:\xampp\htdocs\kegiatan\modules\AdminLayout\Views\sidebar.php(83): CodeIgniter\Debug\Exceptions->errorHandler(8, 'Undefined varia...', 'C:\\xampp\\htdocs...', 83, Array)
#1 C:\xampp\htdocs\kegiatan\vendor\codeigniter4\framework\system\View\View.php(220): include('C:\\xampp\\htdocs...')
#2 C:\xampp\htdocs\kegiatan\vendor\codeigniter4\framework\system\View\View.php(222): CodeIgniter\View\View->CodeIgniter\View\{closure}()
#3 C:\xampp\htdocs\kegiatan\vendor\codeigniter4\framework\system\View\View.php(468): CodeIgniter\View\View->render('Modules\\AdminLa...', NULL, true)
#4 C:\xampp\htdocs\kegiatan\modules\AdminLayout\Views\layout.php(66): CodeIgniter\View\View->include('Modules\\AdminLa...')
#5 C:\xampp\htdocs\kegiatan\vendor\codeigniter4\framework\system\View\View.php(220): include('C:\\xampp\\htdocs...')
#6 C:\xampp\htdocs\kegiatan\vendor\codeigniter4\framework\system\View\View.php(222): CodeIgniter\View\View->CodeIgniter\View\{closure}()
#7 C:\xampp\htdocs\kegiatan\vendor\codeigniter4\framework\system\View\View.php(236): CodeIgniter\View\View->render('Modules\\AdminLa...', Array, true)
#8 C:\xampp\htdocs\kegiatan\vendor\codeigniter4\framework\system\Common.php(1217): CodeIgniter\View\View->render('Modules\\AdminMe...', Array, true)
#9 C:\xampp\htdocs\kegiatan\modules\AdminMenu\Controllers\DataMenu.php(38): view('Modules\\AdminMe...', Array)
#10 C:\xampp\htdocs\kegiatan\vendor\codeigniter4\framework\system\CodeIgniter.php(940): Modules\AdminMenu\Controllers\DataMenu->menu()
#11 C:\xampp\htdocs\kegiatan\vendor\codeigniter4\framework\system\CodeIgniter.php(436): CodeIgniter\CodeIgniter->runController(Object(Modules\AdminMenu\Controllers\DataMenu))
#12 C:\xampp\htdocs\kegiatan\vendor\codeigniter4\framework\system\CodeIgniter.php(337): CodeIgniter\CodeIgniter->handleRequest(NULL, Object(Config\Cache), false)
#13 C:\xampp\htdocs\kegiatan\public\index.php(44): CodeIgniter\CodeIgniter->run()
#14 C:\xampp\htdocs\kegiatan\vendor\codeigniter4\framework\system\Commands\Server\rewrite.php(45): require_once('C:\\xampp\\htdocs...')
#15 {main}
CRITICAL - 2021-07-13 11:30:43 --> Undefined variable: segment_1
#0 C:\xampp\htdocs\kegiatan\modules\AdminLayout\Views\sidebar.php(83): CodeIgniter\Debug\Exceptions->errorHandler(8, 'Undefined varia...', 'C:\\xampp\\htdocs...', 83, Array)
#1 C:\xampp\htdocs\kegiatan\vendor\codeigniter4\framework\system\View\View.php(220): include('C:\\xampp\\htdocs...')
#2 C:\xampp\htdocs\kegiatan\vendor\codeigniter4\framework\system\View\View.php(222): CodeIgniter\View\View->CodeIgniter\View\{closure}()
#3 C:\xampp\htdocs\kegiatan\vendor\codeigniter4\framework\system\View\View.php(468): CodeIgniter\View\View->render('Modules\\AdminLa...', NULL, true)
#4 C:\xampp\htdocs\kegiatan\modules\AdminLayout\Views\layout.php(66): CodeIgniter\View\View->include('Modules\\AdminLa...')
#5 C:\xampp\htdocs\kegiatan\vendor\codeigniter4\framework\system\View\View.php(220): include('C:\\xampp\\htdocs...')
#6 C:\xampp\htdocs\kegiatan\vendor\codeigniter4\framework\system\View\View.php(222): CodeIgniter\View\View->CodeIgniter\View\{closure}()
#7 C:\xampp\htdocs\kegiatan\vendor\codeigniter4\framework\system\View\View.php(236): CodeIgniter\View\View->render('Modules\\AdminLa...', Array, true)
#8 C:\xampp\htdocs\kegiatan\vendor\codeigniter4\framework\system\Common.php(1217): CodeIgniter\View\View->render('Modules\\AdminMe...', Array, true)
#9 C:\xampp\htdocs\kegiatan\modules\AdminMenu\Controllers\DataMenu.php(38): view('Modules\\AdminMe...', Array)
#10 C:\xampp\htdocs\kegiatan\vendor\codeigniter4\framework\system\CodeIgniter.php(940): Modules\AdminMenu\Controllers\DataMenu->menu()
#11 C:\xampp\htdocs\kegiatan\vendor\codeigniter4\framework\system\CodeIgniter.php(436): CodeIgniter\CodeIgniter->runController(Object(Modules\AdminMenu\Controllers\DataMenu))
#12 C:\xampp\htdocs\kegiatan\vendor\codeigniter4\framework\system\CodeIgniter.php(337): CodeIgniter\CodeIgniter->handleRequest(NULL, Object(Config\Cache), false)
#13 C:\xampp\htdocs\kegiatan\public\index.php(44): CodeIgniter\CodeIgniter->run()
#14 C:\xampp\htdocs\kegiatan\vendor\codeigniter4\framework\system\Commands\Server\rewrite.php(45): require_once('C:\\xampp\\htdocs...')
#15 {main}
