ERROR - 2021-08-07 08:31:19 --> Error connecting to the database: No connection could be made because the target machine actively refused it.

CRITICAL - 2021-08-07 08:31:19 --> Unable to connect to the database.
#0 C:\xampp\htdocs\ptic\vendor\codeigniter4\framework\system\Database\BaseConnection.php(618): CodeIgniter\Database\BaseConnection->initialize()
#1 C:\xampp\htdocs\ptic\vendor\codeigniter4\framework\system\Database\BaseBuilder.php(1866): CodeIgniter\Database\BaseConnection->query('SELECT `berita`...', Array, false)
#2 C:\xampp\htdocs\ptic\modules\ManageLayoutFront\Models\ModelLayout.php(55): CodeIgniter\Database\BaseBuilder->get()
#3 C:\xampp\htdocs\ptic\modules\ManageLayoutFront\Controllers\Layout.php(23): Modules\ManageLayoutFront\Models\ModelLayout->get_berita(3)
#4 C:\xampp\htdocs\ptic\vendor\codeigniter4\framework\system\CodeIgniter.php(940): Modules\ManageLayoutFront\Controllers\Layout->index()
#5 C:\xampp\htdocs\ptic\vendor\codeigniter4\framework\system\CodeIgniter.php(436): CodeIgniter\CodeIgniter->runController(Object(Modules\ManageLayoutFront\Controllers\Layout))
#6 C:\xampp\htdocs\ptic\vendor\codeigniter4\framework\system\CodeIgniter.php(337): CodeIgniter\CodeIgniter->handleRequest(NULL, Object(Config\Cache), false)
#7 C:\xampp\htdocs\ptic\public\index.php(44): CodeIgniter\CodeIgniter->run()
#8 C:\xampp\htdocs\ptic\vendor\codeigniter4\framework\system\Commands\Server\rewrite.php(45): require_once('C:\\xampp\\htdocs...')
#9 {main}
ERROR - 2021-08-07 08:31:23 --> Error connecting to the database: No connection could be made because the target machine actively refused it.

CRITICAL - 2021-08-07 08:31:23 --> Unable to connect to the database.
#0 C:\xampp\htdocs\ptic\vendor\codeigniter4\framework\system\Database\BaseConnection.php(618): CodeIgniter\Database\BaseConnection->initialize()
#1 C:\xampp\htdocs\ptic\vendor\codeigniter4\framework\system\Database\BaseBuilder.php(1866): CodeIgniter\Database\BaseConnection->query('SELECT `berita`...', Array, false)
#2 C:\xampp\htdocs\ptic\modules\ManageLayoutFront\Models\ModelLayout.php(55): CodeIgniter\Database\BaseBuilder->get()
#3 C:\xampp\htdocs\ptic\modules\ManageLayoutFront\Controllers\Layout.php(23): Modules\ManageLayoutFront\Models\ModelLayout->get_berita(3)
#4 C:\xampp\htdocs\ptic\vendor\codeigniter4\framework\system\CodeIgniter.php(940): Modules\ManageLayoutFront\Controllers\Layout->index()
#5 C:\xampp\htdocs\ptic\vendor\codeigniter4\framework\system\CodeIgniter.php(436): CodeIgniter\CodeIgniter->runController(Object(Modules\ManageLayoutFront\Controllers\Layout))
#6 C:\xampp\htdocs\ptic\vendor\codeigniter4\framework\system\CodeIgniter.php(337): CodeIgniter\CodeIgniter->handleRequest(NULL, Object(Config\Cache), false)
#7 C:\xampp\htdocs\ptic\public\index.php(44): CodeIgniter\CodeIgniter->run()
#8 C:\xampp\htdocs\ptic\vendor\codeigniter4\framework\system\Commands\Server\rewrite.php(45): require_once('C:\\xampp\\htdocs...')
#9 {main}
ERROR - 2021-08-07 08:35:33 --> Error connecting to the database: No connection could be made because the target machine actively refused it.

CRITICAL - 2021-08-07 08:35:33 --> Unable to connect to the database.
#0 C:\xampp\htdocs\ptic\vendor\codeigniter4\framework\system\Database\BaseConnection.php(618): CodeIgniter\Database\BaseConnection->initialize()
#1 C:\xampp\htdocs\ptic\vendor\codeigniter4\framework\system\Database\BaseBuilder.php(1866): CodeIgniter\Database\BaseConnection->query('SELECT *\nFROM `...', Array, false)
#2 C:\xampp\htdocs\ptic\vendor\codeigniter4\framework\system\Model.php(247): CodeIgniter\Database\BaseBuilder->get()
#3 C:\xampp\htdocs\ptic\vendor\codeigniter4\framework\system\BaseModel.php(624): CodeIgniter\Model->doFirst()
#4 C:\xampp\htdocs\ptic\vendor\myth\auth\src\Authentication\LocalAuthenticator.php(202): CodeIgniter\BaseModel->first()
#5 C:\xampp\htdocs\ptic\vendor\myth\auth\src\Authentication\LocalAuthenticator.php(66): Myth\Auth\Authentication\LocalAuthenticator->validate(Array, true)
#6 C:\xampp\htdocs\ptic\vendor\myth\auth\src\Controllers\AuthController.php(88): Myth\Auth\Authentication\LocalAuthenticator->attempt(Array, false)
#7 C:\xampp\htdocs\ptic\vendor\codeigniter4\framework\system\CodeIgniter.php(940): Myth\Auth\Controllers\AuthController->attemptLogin()
#8 C:\xampp\htdocs\ptic\vendor\codeigniter4\framework\system\CodeIgniter.php(436): CodeIgniter\CodeIgniter->runController(Object(Myth\Auth\Controllers\AuthController))
#9 C:\xampp\htdocs\ptic\vendor\codeigniter4\framework\system\CodeIgniter.php(337): CodeIgniter\CodeIgniter->handleRequest(NULL, Object(Config\Cache), false)
#10 C:\xampp\htdocs\ptic\public\index.php(44): CodeIgniter\CodeIgniter->run()
#11 C:\xampp\htdocs\ptic\vendor\codeigniter4\framework\system\Commands\Server\rewrite.php(45): require_once('C:\\xampp\\htdocs...')
#12 {main}
CRITICAL - 2021-08-07 09:48:17 --> Undefined property: Modules\ManageBeritaFront\Controllers\Berita::$ModelLayout
#0 C:\xampp\htdocs\ptic\modules\ManageBeritaFront\Controllers\Berita.php(84): CodeIgniter\Debug\Exceptions->errorHandler(8, 'Undefined prope...', 'C:\\xampp\\htdocs...', 84, Array)
#1 C:\xampp\htdocs\ptic\vendor\codeigniter4\framework\system\CodeIgniter.php(940): Modules\ManageBeritaFront\Controllers\Berita->kategori_berita('informasi')
#2 C:\xampp\htdocs\ptic\vendor\codeigniter4\framework\system\CodeIgniter.php(436): CodeIgniter\CodeIgniter->runController(Object(Modules\ManageBeritaFront\Controllers\Berita))
#3 C:\xampp\htdocs\ptic\vendor\codeigniter4\framework\system\CodeIgniter.php(337): CodeIgniter\CodeIgniter->handleRequest(NULL, Object(Config\Cache), false)
#4 C:\xampp\htdocs\ptic\public\index.php(44): CodeIgniter\CodeIgniter->run()
#5 C:\xampp\htdocs\ptic\vendor\codeigniter4\framework\system\Commands\Server\rewrite.php(45): require_once('C:\\xampp\\htdocs...')
#6 {main}
CRITICAL - 2021-08-07 09:50:58 --> Undefined variable: berita
#0 C:\xampp\htdocs\ptic\modules\ManageBeritaFront\Views\kategori_berita.php(20): CodeIgniter\Debug\Exceptions->errorHandler(8, 'Undefined varia...', 'C:\\xampp\\htdocs...', 20, Array)
#1 C:\xampp\htdocs\ptic\vendor\codeigniter4\framework\system\View\View.php(220): include('C:\\xampp\\htdocs...')
#2 C:\xampp\htdocs\ptic\vendor\codeigniter4\framework\system\View\View.php(222): CodeIgniter\View\View->CodeIgniter\View\{closure}()
#3 C:\xampp\htdocs\ptic\vendor\codeigniter4\framework\system\Common.php(1217): CodeIgniter\View\View->render('Modules\\ManageB...', Array, true)
#4 C:\xampp\htdocs\ptic\modules\ManageBeritaFront\Controllers\Berita.php(94): view('Modules\\ManageB...', Array)
#5 C:\xampp\htdocs\ptic\vendor\codeigniter4\framework\system\CodeIgniter.php(940): Modules\ManageBeritaFront\Controllers\Berita->kategori_berita('informasi')
#6 C:\xampp\htdocs\ptic\vendor\codeigniter4\framework\system\CodeIgniter.php(436): CodeIgniter\CodeIgniter->runController(Object(Modules\ManageBeritaFront\Controllers\Berita))
#7 C:\xampp\htdocs\ptic\vendor\codeigniter4\framework\system\CodeIgniter.php(337): CodeIgniter\CodeIgniter->handleRequest(NULL, Object(Config\Cache), false)
#8 C:\xampp\htdocs\ptic\public\index.php(44): CodeIgniter\CodeIgniter->run()
#9 C:\xampp\htdocs\ptic\vendor\codeigniter4\framework\system\Commands\Server\rewrite.php(45): require_once('C:\\xampp\\htdocs...')
#10 {main}
CRITICAL - 2021-08-07 09:51:33 --> Undefined variable: berita
#0 C:\xampp\htdocs\ptic\modules\ManageBeritaFront\Views\kategori_berita.php(64): CodeIgniter\Debug\Exceptions->errorHandler(8, 'Undefined varia...', 'C:\\xampp\\htdocs...', 64, Array)
#1 C:\xampp\htdocs\ptic\vendor\codeigniter4\framework\system\View\View.php(220): include('C:\\xampp\\htdocs...')
#2 C:\xampp\htdocs\ptic\vendor\codeigniter4\framework\system\View\View.php(222): CodeIgniter\View\View->CodeIgniter\View\{closure}()
#3 C:\xampp\htdocs\ptic\vendor\codeigniter4\framework\system\Common.php(1217): CodeIgniter\View\View->render('Modules\\ManageB...', Array, true)
#4 C:\xampp\htdocs\ptic\modules\ManageBeritaFront\Controllers\Berita.php(94): view('Modules\\ManageB...', Array)
#5 C:\xampp\htdocs\ptic\vendor\codeigniter4\framework\system\CodeIgniter.php(940): Modules\ManageBeritaFront\Controllers\Berita->kategori_berita('informasi')
#6 C:\xampp\htdocs\ptic\vendor\codeigniter4\framework\system\CodeIgniter.php(436): CodeIgniter\CodeIgniter->runController(Object(Modules\ManageBeritaFront\Controllers\Berita))
#7 C:\xampp\htdocs\ptic\vendor\codeigniter4\framework\system\CodeIgniter.php(337): CodeIgniter\CodeIgniter->handleRequest(NULL, Object(Config\Cache), false)
#8 C:\xampp\htdocs\ptic\public\index.php(44): CodeIgniter\CodeIgniter->run()
#9 C:\xampp\htdocs\ptic\vendor\codeigniter4\framework\system\Commands\Server\rewrite.php(45): require_once('C:\\xampp\\htdocs...')
#10 {main}
CRITICAL - 2021-08-07 10:01:54 --> Undefined variable: berita
#0 C:\xampp\htdocs\ptic\modules\ManageBeritaFront\Views\kategori_berita.php(86): CodeIgniter\Debug\Exceptions->errorHandler(8, 'Undefined varia...', 'C:\\xampp\\htdocs...', 86, Array)
#1 C:\xampp\htdocs\ptic\vendor\codeigniter4\framework\system\View\View.php(220): include('C:\\xampp\\htdocs...')
#2 C:\xampp\htdocs\ptic\vendor\codeigniter4\framework\system\View\View.php(222): CodeIgniter\View\View->CodeIgniter\View\{closure}()
#3 C:\xampp\htdocs\ptic\vendor\codeigniter4\framework\system\Common.php(1217): CodeIgniter\View\View->render('Modules\\ManageB...', Array, true)
#4 C:\xampp\htdocs\ptic\modules\ManageBeritaFront\Controllers\Berita.php(103): view('Modules\\ManageB...', Array)
#5 C:\xampp\htdocs\ptic\vendor\codeigniter4\framework\system\CodeIgniter.php(940): Modules\ManageBeritaFront\Controllers\Berita->kategori_berita('berita-daerah')
#6 C:\xampp\htdocs\ptic\vendor\codeigniter4\framework\system\CodeIgniter.php(436): CodeIgniter\CodeIgniter->runController(Object(Modules\ManageBeritaFront\Controllers\Berita))
#7 C:\xampp\htdocs\ptic\vendor\codeigniter4\framework\system\CodeIgniter.php(337): CodeIgniter\CodeIgniter->handleRequest(NULL, Object(Config\Cache), false)
#8 C:\xampp\htdocs\ptic\public\index.php(44): CodeIgniter\CodeIgniter->run()
#9 C:\xampp\htdocs\ptic\vendor\codeigniter4\framework\system\Commands\Server\rewrite.php(45): require_once('C:\\xampp\\htdocs...')
#10 {main}
CRITICAL - 2021-08-07 10:03:05 --> Call to a member function links() on null
#0 C:\xampp\htdocs\ptic\vendor\codeigniter4\framework\system\View\View.php(220): include()
#1 C:\xampp\htdocs\ptic\vendor\codeigniter4\framework\system\View\View.php(222): CodeIgniter\View\View->CodeIgniter\View\{closure}()
#2 C:\xampp\htdocs\ptic\vendor\codeigniter4\framework\system\Common.php(1217): CodeIgniter\View\View->render('Modules\\ManageB...', Array, true)
#3 C:\xampp\htdocs\ptic\modules\ManageBeritaFront\Controllers\Berita.php(103): view('Modules\\ManageB...', Array)
#4 C:\xampp\htdocs\ptic\vendor\codeigniter4\framework\system\CodeIgniter.php(940): Modules\ManageBeritaFront\Controllers\Berita->kategori_berita('berita-daerah')
#5 C:\xampp\htdocs\ptic\vendor\codeigniter4\framework\system\CodeIgniter.php(436): CodeIgniter\CodeIgniter->runController(Object(Modules\ManageBeritaFront\Controllers\Berita))
#6 C:\xampp\htdocs\ptic\vendor\codeigniter4\framework\system\CodeIgniter.php(337): CodeIgniter\CodeIgniter->handleRequest(NULL, Object(Config\Cache), false)
#7 C:\xampp\htdocs\ptic\public\index.php(44): CodeIgniter\CodeIgniter->run()
#8 C:\xampp\htdocs\ptic\vendor\codeigniter4\framework\system\Commands\Server\rewrite.php(45): require_once('C:\\xampp\\htdocs...')
#9 {main}
CRITICAL - 2021-08-07 10:36:50 --> Undefined index: id
#0 C:\xampp\htdocs\ptic\modules\ManageBeritaFront\Controllers\Berita.php(113): CodeIgniter\Debug\Exceptions->errorHandler(8, 'Undefined index...', 'C:\\xampp\\htdocs...', 113, Array)
#1 C:\xampp\htdocs\ptic\vendor\codeigniter4\framework\system\CodeIgniter.php(940): Modules\ManageBeritaFront\Controllers\Berita->tags_berita('teacherpreneur')
#2 C:\xampp\htdocs\ptic\vendor\codeigniter4\framework\system\CodeIgniter.php(436): CodeIgniter\CodeIgniter->runController(Object(Modules\ManageBeritaFront\Controllers\Berita))
#3 C:\xampp\htdocs\ptic\vendor\codeigniter4\framework\system\CodeIgniter.php(337): CodeIgniter\CodeIgniter->handleRequest(NULL, Object(Config\Cache), false)
#4 C:\xampp\htdocs\ptic\public\index.php(44): CodeIgniter\CodeIgniter->run()
#5 C:\xampp\htdocs\ptic\vendor\codeigniter4\framework\system\Commands\Server\rewrite.php(45): require_once('C:\\xampp\\htdocs...')
#6 {main}
CRITICAL - 2021-08-07 10:37:23 --> Undefined variable: kategori
#0 C:\xampp\htdocs\ptic\modules\ManageBeritaFront\Views\tags_berita.php(20): CodeIgniter\Debug\Exceptions->errorHandler(8, 'Undefined varia...', 'C:\\xampp\\htdocs...', 20, Array)
#1 C:\xampp\htdocs\ptic\vendor\codeigniter4\framework\system\View\View.php(220): include('C:\\xampp\\htdocs...')
#2 C:\xampp\htdocs\ptic\vendor\codeigniter4\framework\system\View\View.php(222): CodeIgniter\View\View->CodeIgniter\View\{closure}()
#3 C:\xampp\htdocs\ptic\vendor\codeigniter4\framework\system\Common.php(1217): CodeIgniter\View\View->render('Modules\\ManageB...', Array, true)
#4 C:\xampp\htdocs\ptic\modules\ManageBeritaFront\Controllers\Berita.php(126): view('Modules\\ManageB...', Array)
#5 C:\xampp\htdocs\ptic\vendor\codeigniter4\framework\system\CodeIgniter.php(940): Modules\ManageBeritaFront\Controllers\Berita->tags_berita('teacherpreneur')
#6 C:\xampp\htdocs\ptic\vendor\codeigniter4\framework\system\CodeIgniter.php(436): CodeIgniter\CodeIgniter->runController(Object(Modules\ManageBeritaFront\Controllers\Berita))
#7 C:\xampp\htdocs\ptic\vendor\codeigniter4\framework\system\CodeIgniter.php(337): CodeIgniter\CodeIgniter->handleRequest(NULL, Object(Config\Cache), false)
#8 C:\xampp\htdocs\ptic\public\index.php(44): CodeIgniter\CodeIgniter->run()
#9 C:\xampp\htdocs\ptic\vendor\codeigniter4\framework\system\Commands\Server\rewrite.php(45): require_once('C:\\xampp\\htdocs...')
#10 {main}
CRITICAL - 2021-08-07 15:02:49 --> Undefined variable: pretitle
#0 C:\xampp\htdocs\ptic\modules\ManageLayoutAnggota\Views\home.php(14): CodeIgniter\Debug\Exceptions->errorHandler(8, 'Undefined varia...', 'C:\\xampp\\htdocs...', 14, Array)
#1 C:\xampp\htdocs\ptic\vendor\codeigniter4\framework\system\View\View.php(220): include('C:\\xampp\\htdocs...')
#2 C:\xampp\htdocs\ptic\vendor\codeigniter4\framework\system\View\View.php(222): CodeIgniter\View\View->CodeIgniter\View\{closure}()
#3 C:\xampp\htdocs\ptic\vendor\codeigniter4\framework\system\Common.php(1217): CodeIgniter\View\View->render('Modules\\ManageL...', Array, true)
#4 C:\xampp\htdocs\ptic\modules\ManageLayoutAnggota\Controllers\Layout.php(24): view('Modules\\ManageL...')
#5 C:\xampp\htdocs\ptic\vendor\codeigniter4\framework\system\CodeIgniter.php(940): Modules\ManageLayoutAnggota\Controllers\Layout->index()
#6 C:\xampp\htdocs\ptic\vendor\codeigniter4\framework\system\CodeIgniter.php(436): CodeIgniter\CodeIgniter->runController(Object(Modules\ManageLayoutAnggota\Controllers\Layout))
#7 C:\xampp\htdocs\ptic\vendor\codeigniter4\framework\system\CodeIgniter.php(337): CodeIgniter\CodeIgniter->handleRequest(NULL, Object(Config\Cache), false)
#8 C:\xampp\htdocs\ptic\public\index.php(44): CodeIgniter\CodeIgniter->run()
#9 C:\xampp\htdocs\ptic\vendor\codeigniter4\framework\system\Commands\Server\rewrite.php(45): require_once('C:\\xampp\\htdocs...')
#10 {main}
CRITICAL - 2021-08-07 15:03:28 --> Trying to access array offset on value of type null
#0 C:\xampp\htdocs\ptic\modules\ManageLayout\Views\sidebar.php(157): CodeIgniter\Debug\Exceptions->errorHandler(8, 'Trying to acces...', 'C:\\xampp\\htdocs...', 157, Array)
#1 C:\xampp\htdocs\ptic\vendor\codeigniter4\framework\system\View\View.php(220): include('C:\\xampp\\htdocs...')
#2 C:\xampp\htdocs\ptic\vendor\codeigniter4\framework\system\View\View.php(222): CodeIgniter\View\View->CodeIgniter\View\{closure}()
#3 C:\xampp\htdocs\ptic\vendor\codeigniter4\framework\system\View\View.php(468): CodeIgniter\View\View->render('Modules\\ManageL...', NULL, true)
#4 C:\xampp\htdocs\ptic\modules\ManageLayout\Views\layout.php(56): CodeIgniter\View\View->include('Modules\\ManageL...')
#5 C:\xampp\htdocs\ptic\vendor\codeigniter4\framework\system\View\View.php(220): include('C:\\xampp\\htdocs...')
#6 C:\xampp\htdocs\ptic\vendor\codeigniter4\framework\system\View\View.php(222): CodeIgniter\View\View->CodeIgniter\View\{closure}()
#7 C:\xampp\htdocs\ptic\vendor\codeigniter4\framework\system\View\View.php(236): CodeIgniter\View\View->render('Modules\\ManageL...', Array, true)
#8 C:\xampp\htdocs\ptic\vendor\codeigniter4\framework\system\Common.php(1217): CodeIgniter\View\View->render('Modules\\ManageL...', Array, true)
#9 C:\xampp\htdocs\ptic\modules\ManageLayoutAnggota\Controllers\Layout.php(36): view('Modules\\ManageL...', Array)
#10 C:\xampp\htdocs\ptic\vendor\codeigniter4\framework\system\CodeIgniter.php(940): Modules\ManageLayoutAnggota\Controllers\Layout->index()
#11 C:\xampp\htdocs\ptic\vendor\codeigniter4\framework\system\CodeIgniter.php(436): CodeIgniter\CodeIgniter->runController(Object(Modules\ManageLayoutAnggota\Controllers\Layout))
#12 C:\xampp\htdocs\ptic\vendor\codeigniter4\framework\system\CodeIgniter.php(337): CodeIgniter\CodeIgniter->handleRequest(NULL, Object(Config\Cache), false)
#13 C:\xampp\htdocs\ptic\public\index.php(44): CodeIgniter\CodeIgniter->run()
#14 C:\xampp\htdocs\ptic\vendor\codeigniter4\framework\system\Commands\Server\rewrite.php(45): require_once('C:\\xampp\\htdocs...')
#15 {main}
CRITICAL - 2021-08-07 15:08:08 --> Trying to access array offset on value of type null
#0 C:\xampp\htdocs\ptic\modules\ManageLayout\Views\sidebar.php(157): CodeIgniter\Debug\Exceptions->errorHandler(8, 'Trying to acces...', 'C:\\xampp\\htdocs...', 157, Array)
#1 C:\xampp\htdocs\ptic\vendor\codeigniter4\framework\system\View\View.php(220): include('C:\\xampp\\htdocs...')
#2 C:\xampp\htdocs\ptic\vendor\codeigniter4\framework\system\View\View.php(222): CodeIgniter\View\View->CodeIgniter\View\{closure}()
#3 C:\xampp\htdocs\ptic\vendor\codeigniter4\framework\system\View\View.php(468): CodeIgniter\View\View->render('Modules\\ManageL...', NULL, true)
#4 C:\xampp\htdocs\ptic\modules\ManageLayout\Views\layout.php(56): CodeIgniter\View\View->include('Modules\\ManageL...')
#5 C:\xampp\htdocs\ptic\vendor\codeigniter4\framework\system\View\View.php(220): include('C:\\xampp\\htdocs...')
#6 C:\xampp\htdocs\ptic\vendor\codeigniter4\framework\system\View\View.php(222): CodeIgniter\View\View->CodeIgniter\View\{closure}()
#7 C:\xampp\htdocs\ptic\vendor\codeigniter4\framework\system\View\View.php(236): CodeIgniter\View\View->render('Modules\\ManageL...', NULL, true)
#8 C:\xampp\htdocs\ptic\vendor\codeigniter4\framework\system\View\View.php(468): CodeIgniter\View\View->render('Modules\\ManageL...', NULL, true)
#9 C:\xampp\htdocs\ptic\modules\ManageLayoutAnggota\Views\layout.php(353): CodeIgniter\View\View->include('Modules\\ManageL...')
#10 C:\xampp\htdocs\ptic\vendor\codeigniter4\framework\system\View\View.php(220): include('C:\\xampp\\htdocs...')
#11 C:\xampp\htdocs\ptic\vendor\codeigniter4\framework\system\View\View.php(222): CodeIgniter\View\View->CodeIgniter\View\{closure}()
#12 C:\xampp\htdocs\ptic\vendor\codeigniter4\framework\system\View\View.php(236): CodeIgniter\View\View->render('Modules\\ManageL...', Array, true)
#13 C:\xampp\htdocs\ptic\vendor\codeigniter4\framework\system\Common.php(1217): CodeIgniter\View\View->render('Modules\\ManageL...', Array, true)
#14 C:\xampp\htdocs\ptic\modules\ManageLayoutAnggota\Controllers\Layout.php(36): view('Modules\\ManageL...', Array)
#15 C:\xampp\htdocs\ptic\vendor\codeigniter4\framework\system\CodeIgniter.php(940): Modules\ManageLayoutAnggota\Controllers\Layout->index()
#16 C:\xampp\htdocs\ptic\vendor\codeigniter4\framework\system\CodeIgniter.php(436): CodeIgniter\CodeIgniter->runController(Object(Modules\ManageLayoutAnggota\Controllers\Layout))
#17 C:\xampp\htdocs\ptic\vendor\codeigniter4\framework\system\CodeIgniter.php(337): CodeIgniter\CodeIgniter->handleRequest(NULL, Object(Config\Cache), false)
#18 C:\xampp\htdocs\ptic\public\index.php(44): CodeIgniter\CodeIgniter->run()
#19 C:\xampp\htdocs\ptic\vendor\codeigniter4\framework\system\Commands\Server\rewrite.php(45): require_once('C:\\xampp\\htdocs...')
#20 {main}
CRITICAL - 2021-08-07 15:08:43 --> Allowed memory size of 536870912 bytes exhausted (tried to allocate 45056 bytes)
#0 [internal function]: CodeIgniter\Debug\Exceptions->shutdownHandler()
#1 {main}
CRITICAL - 2021-08-07 15:15:40 --> Invalid file: Modules\ManageLayoutAnggota\Views\sidebar\navbar.php
#0 C:\xampp\htdocs\ptic\vendor\codeigniter4\framework\system\View\View.php(203): CodeIgniter\Exceptions\FrameworkException::forInvalidFile('Modules\\ManageL...')
#1 C:\xampp\htdocs\ptic\vendor\codeigniter4\framework\system\View\View.php(468): CodeIgniter\View\View->render('Modules\\ManageL...', NULL, true)
#2 C:\xampp\htdocs\ptic\modules\ManageLayoutAnggota\Views\layout.php(85): CodeIgniter\View\View->include('Modules\\ManageL...')
#3 C:\xampp\htdocs\ptic\vendor\codeigniter4\framework\system\View\View.php(220): include('C:\\xampp\\htdocs...')
#4 C:\xampp\htdocs\ptic\vendor\codeigniter4\framework\system\View\View.php(222): CodeIgniter\View\View->CodeIgniter\View\{closure}()
#5 C:\xampp\htdocs\ptic\vendor\codeigniter4\framework\system\View\View.php(236): CodeIgniter\View\View->render('Modules\\ManageL...', Array, true)
#6 C:\xampp\htdocs\ptic\vendor\codeigniter4\framework\system\Common.php(1217): CodeIgniter\View\View->render('Modules\\ManageL...', Array, true)
#7 C:\xampp\htdocs\ptic\modules\ManageLayoutAnggota\Controllers\Layout.php(36): view('Modules\\ManageL...', Array)
#8 C:\xampp\htdocs\ptic\vendor\codeigniter4\framework\system\CodeIgniter.php(940): Modules\ManageLayoutAnggota\Controllers\Layout->index()
#9 C:\xampp\htdocs\ptic\vendor\codeigniter4\framework\system\CodeIgniter.php(436): CodeIgniter\CodeIgniter->runController(Object(Modules\ManageLayoutAnggota\Controllers\Layout))
#10 C:\xampp\htdocs\ptic\vendor\codeigniter4\framework\system\CodeIgniter.php(337): CodeIgniter\CodeIgniter->handleRequest(NULL, Object(Config\Cache), false)
#11 C:\xampp\htdocs\ptic\public\index.php(44): CodeIgniter\CodeIgniter->run()
#12 C:\xampp\htdocs\ptic\vendor\codeigniter4\framework\system\Commands\Server\rewrite.php(45): require_once('C:\\xampp\\htdocs...')
#13 {main}
CRITICAL - 2021-08-07 15:32:05 --> Class 'Modules\ManagePendaftaranAnggota\Models\ModelSlide' not found
#0 C:\xampp\htdocs\ptic\vendor\codeigniter4\framework\system\CodeIgniter.php(912): Modules\ManagePendaftaranAnggota\Controllers\DataPendaftaran->__construct()
#1 C:\xampp\htdocs\ptic\vendor\codeigniter4\framework\system\CodeIgniter.php(426): CodeIgniter\CodeIgniter->createController()
#2 C:\xampp\htdocs\ptic\vendor\codeigniter4\framework\system\CodeIgniter.php(337): CodeIgniter\CodeIgniter->handleRequest(NULL, Object(Config\Cache), false)
#3 C:\xampp\htdocs\ptic\public\index.php(44): CodeIgniter\CodeIgniter->run()
#4 C:\xampp\htdocs\ptic\vendor\codeigniter4\framework\system\Commands\Server\rewrite.php(45): require_once('C:\\xampp\\htdocs...')
#5 {main}
CRITICAL - 2021-08-07 15:32:39 --> Undefined variable: contact
#0 C:\xampp\htdocs\ptic\modules\ManageLayoutAnggota\Views\layout.php(34): CodeIgniter\Debug\Exceptions->errorHandler(8, 'Undefined varia...', 'C:\\xampp\\htdocs...', 34, Array)
#1 C:\xampp\htdocs\ptic\vendor\codeigniter4\framework\system\View\View.php(220): include('C:\\xampp\\htdocs...')
#2 C:\xampp\htdocs\ptic\vendor\codeigniter4\framework\system\View\View.php(222): CodeIgniter\View\View->CodeIgniter\View\{closure}()
#3 C:\xampp\htdocs\ptic\vendor\codeigniter4\framework\system\View\View.php(236): CodeIgniter\View\View->render('Modules\\ManageL...', Array, true)
#4 C:\xampp\htdocs\ptic\vendor\codeigniter4\framework\system\Common.php(1217): CodeIgniter\View\View->render('Modules\\ManageP...', Array, true)
#5 C:\xampp\htdocs\ptic\modules\ManagePendaftaranAnggota\Controllers\DataPendaftaran.php(33): view('Modules\\ManageP...', Array)
#6 C:\xampp\htdocs\ptic\vendor\codeigniter4\framework\system\CodeIgniter.php(940): Modules\ManagePendaftaranAnggota\Controllers\DataPendaftaran->index()
#7 C:\xampp\htdocs\ptic\vendor\codeigniter4\framework\system\CodeIgniter.php(436): CodeIgniter\CodeIgniter->runController(Object(Modules\ManagePendaftaranAnggota\Controllers\DataPendaftaran))
#8 C:\xampp\htdocs\ptic\vendor\codeigniter4\framework\system\CodeIgniter.php(337): CodeIgniter\CodeIgniter->handleRequest(NULL, Object(Config\Cache), false)
#9 C:\xampp\htdocs\ptic\public\index.php(44): CodeIgniter\CodeIgniter->run()
#10 C:\xampp\htdocs\ptic\vendor\codeigniter4\framework\system\Commands\Server\rewrite.php(45): require_once('C:\\xampp\\htdocs...')
#11 {main}
CRITICAL - 2021-08-07 15:33:29 --> Undefined property: Modules\ManagePendaftaranAnggota\Controllers\DataPendaftaran::$ModelLayout
#0 C:\xampp\htdocs\ptic\modules\ManagePendaftaranAnggota\Controllers\DataPendaftaran.php(24): CodeIgniter\Debug\Exceptions->errorHandler(8, 'Undefined prope...', 'C:\\xampp\\htdocs...', 24, Array)
#1 C:\xampp\htdocs\ptic\vendor\codeigniter4\framework\system\CodeIgniter.php(940): Modules\ManagePendaftaranAnggota\Controllers\DataPendaftaran->index()
#2 C:\xampp\htdocs\ptic\vendor\codeigniter4\framework\system\CodeIgniter.php(436): CodeIgniter\CodeIgniter->runController(Object(Modules\ManagePendaftaranAnggota\Controllers\DataPendaftaran))
#3 C:\xampp\htdocs\ptic\vendor\codeigniter4\framework\system\CodeIgniter.php(337): CodeIgniter\CodeIgniter->handleRequest(NULL, Object(Config\Cache), false)
#4 C:\xampp\htdocs\ptic\public\index.php(44): CodeIgniter\CodeIgniter->run()
#5 C:\xampp\htdocs\ptic\vendor\codeigniter4\framework\system\Commands\Server\rewrite.php(45): require_once('C:\\xampp\\htdocs...')
#6 {main}
CRITICAL - 2021-08-07 16:24:43 --> strpos() expects parameter 1 to be string, object given
#0 [internal function]: CodeIgniter\Debug\Exceptions->errorHandler(2, 'strpos() expect...', 'C:\\xampp\\htdocs...', 790, Array)
#1 C:\xampp\htdocs\ptic\vendor\codeigniter4\framework\system\Email\Email.php(790): strpos(Object(CodeIgniter\Email\Email), ',')
#2 C:\xampp\htdocs\ptic\vendor\codeigniter4\framework\system\Email\Email.php(568): CodeIgniter\Email\Email->stringToArray(Object(CodeIgniter\Email\Email))
#3 C:\xampp\htdocs\ptic\modules\ManagePendaftaranAnggota\Controllers\DataPendaftaran.php(99): CodeIgniter\Email\Email->setTo(Object(CodeIgniter\Email\Email))
#4 C:\xampp\htdocs\ptic\vendor\codeigniter4\framework\system\CodeIgniter.php(940): Modules\ManagePendaftaranAnggota\Controllers\DataPendaftaran->pendaftaran_save()
#5 C:\xampp\htdocs\ptic\vendor\codeigniter4\framework\system\CodeIgniter.php(436): CodeIgniter\CodeIgniter->runController(Object(Modules\ManagePendaftaranAnggota\Controllers\DataPendaftaran))
#6 C:\xampp\htdocs\ptic\vendor\codeigniter4\framework\system\CodeIgniter.php(337): CodeIgniter\CodeIgniter->handleRequest(NULL, Object(Config\Cache), false)
#7 C:\xampp\htdocs\ptic\public\index.php(44): CodeIgniter\CodeIgniter->run()
#8 C:\xampp\htdocs\ptic\vendor\codeigniter4\framework\system\Commands\Server\rewrite.php(45): require_once('C:\\xampp\\htdocs...')
#9 {main}
CRITICAL - 2021-08-07 16:25:30 --> strpos() expects parameter 1 to be string, object given
#0 [internal function]: CodeIgniter\Debug\Exceptions->errorHandler(2, 'strpos() expect...', 'C:\\xampp\\htdocs...', 790, Array)
#1 C:\xampp\htdocs\ptic\vendor\codeigniter4\framework\system\Email\Email.php(790): strpos(Object(CodeIgniter\Email\Email), ',')
#2 C:\xampp\htdocs\ptic\vendor\codeigniter4\framework\system\Email\Email.php(568): CodeIgniter\Email\Email->stringToArray(Object(CodeIgniter\Email\Email))
#3 C:\xampp\htdocs\ptic\modules\ManagePendaftaranAnggota\Controllers\DataPendaftaran.php(99): CodeIgniter\Email\Email->setTo(Object(CodeIgniter\Email\Email))
#4 C:\xampp\htdocs\ptic\vendor\codeigniter4\framework\system\CodeIgniter.php(940): Modules\ManagePendaftaranAnggota\Controllers\DataPendaftaran->pendaftaran_save()
#5 C:\xampp\htdocs\ptic\vendor\codeigniter4\framework\system\CodeIgniter.php(436): CodeIgniter\CodeIgniter->runController(Object(Modules\ManagePendaftaranAnggota\Controllers\DataPendaftaran))
#6 C:\xampp\htdocs\ptic\vendor\codeigniter4\framework\system\CodeIgniter.php(337): CodeIgniter\CodeIgniter->handleRequest(NULL, Object(Config\Cache), false)
#7 C:\xampp\htdocs\ptic\public\index.php(44): CodeIgniter\CodeIgniter->run()
#8 C:\xampp\htdocs\ptic\vendor\codeigniter4\framework\system\Commands\Server\rewrite.php(45): require_once('C:\\xampp\\htdocs...')
#9 {main}
