CRITICAL - 2021-07-27 08:19:11 --> Undefined index: dokumen
#0 C:\xampp\htdocs\spm\modules\ManageSpmiFront\Views\dokumen.php(54): CodeIgniter\Debug\Exceptions->errorHandler(8, 'Undefined index...', 'C:\\xampp\\htdocs...', 54, Array)
#1 C:\xampp\htdocs\spm\vendor\codeigniter4\framework\system\View\View.php(220): include('C:\\xampp\\htdocs...')
#2 C:\xampp\htdocs\spm\vendor\codeigniter4\framework\system\View\View.php(222): CodeIgniter\View\View->CodeIgniter\View\{closure}()
#3 C:\xampp\htdocs\spm\vendor\codeigniter4\framework\system\Common.php(1217): CodeIgniter\View\View->render('Modules\\ManageS...', Array, true)
#4 C:\xampp\htdocs\spm\modules\ManageSpmiFront\Controllers\DataSpmi.php(56): view('Modules\\ManageS...', Array)
#5 C:\xampp\htdocs\spm\vendor\codeigniter4\framework\system\CodeIgniter.php(940): Modules\ManageSpmiFront\Controllers\DataSpmi->dokumen('kebijakan-spmi')
#6 C:\xampp\htdocs\spm\vendor\codeigniter4\framework\system\CodeIgniter.php(436): CodeIgniter\CodeIgniter->runController(Object(Modules\ManageSpmiFront\Controllers\DataSpmi))
#7 C:\xampp\htdocs\spm\vendor\codeigniter4\framework\system\CodeIgniter.php(337): CodeIgniter\CodeIgniter->handleRequest(NULL, Object(Config\Cache), false)
#8 C:\xampp\htdocs\spm\public\index.php(44): CodeIgniter\CodeIgniter->run()
#9 C:\xampp\htdocs\spm\vendor\codeigniter4\framework\system\Commands\Server\rewrite.php(45): require_once('C:\\xampp\\htdocs...')
#10 {main}
ERROR - 2021-07-27 08:31:05 --> mysqli_sql_exception: Column 'manage' in field list is ambiguous in C:\xampp\htdocs\spm\vendor\codeigniter4\framework\system\Database\MySQLi\Connection.php:314
Stack trace:
#0 C:\xampp\htdocs\spm\vendor\codeigniter4\framework\system\Database\MySQLi\Connection.php(314): mysqli->query('SELECT `nama_gr...')
#1 C:\xampp\htdocs\spm\vendor\codeigniter4\framework\system\Database\BaseConnection.php(713): CodeIgniter\Database\MySQLi\Connection->execute('SELECT `nama_gr...')
#2 C:\xampp\htdocs\spm\vendor\codeigniter4\framework\system\Database\BaseConnection.php(641): CodeIgniter\Database\BaseConnection->simpleQuery('SELECT `nama_gr...')
#3 C:\xampp\htdocs\spm\vendor\codeigniter4\framework\system\Database\BaseBuilder.php(1866): CodeIgniter\Database\BaseConnection->query('SELECT `nama_gr...', Array, false)
#4 C:\xampp\htdocs\spm\modules\ManageMenu\Models\ModelMenu.php(35): CodeIgniter\Database\BaseBuilder->get()
#5 C:\xampp\htdocs\spm\modules\ManageMenu\Controllers\DataGroupMenu.php(24): Modules\ManageMenu\Models\ModelMenu->get_menu()
#6 C:\xampp\htdocs\spm\vendor\codeigniter4\framework\system\CodeIgniter.php(940): Modules\ManageMenu\Controllers\DataGroupMenu->group_menu()
#7 C:\xampp\htdocs\spm\vendor\codeigniter4\framework\system\CodeIgniter.php(436): CodeIgniter\CodeIgniter->runController(Object(Modules\ManageMenu\Controllers\DataGroupMenu))
#8 C:\xampp\htdocs\spm\vendor\codeigniter4\framework\system\CodeIgniter.php(337): CodeIgniter\CodeIgniter->handleRequest(NULL, Object(Config\Cache), false)
#9 C:\xampp\htdocs\spm\public\index.php(44): CodeIgniter\CodeIgniter->run()
#10 C:\xampp\htdocs\spm\vendor\codeigniter4\framework\system\Commands\Server\rewrite.php(45): require_once('C:\\xampp\\htdocs...')
#11 {main}
CRITICAL - 2021-07-27 08:31:05 --> Column 'manage' in field list is ambiguous
#0 C:\xampp\htdocs\spm\vendor\codeigniter4\framework\system\Database\MySQLi\Connection.php(314): mysqli->query('SELECT `nama_gr...')
#1 C:\xampp\htdocs\spm\vendor\codeigniter4\framework\system\Database\BaseConnection.php(713): CodeIgniter\Database\MySQLi\Connection->execute('SELECT `nama_gr...')
#2 C:\xampp\htdocs\spm\vendor\codeigniter4\framework\system\Database\BaseConnection.php(641): CodeIgniter\Database\BaseConnection->simpleQuery('SELECT `nama_gr...')
#3 C:\xampp\htdocs\spm\vendor\codeigniter4\framework\system\Database\BaseBuilder.php(1866): CodeIgniter\Database\BaseConnection->query('SELECT `nama_gr...', Array, false)
#4 C:\xampp\htdocs\spm\modules\ManageMenu\Models\ModelMenu.php(35): CodeIgniter\Database\BaseBuilder->get()
#5 C:\xampp\htdocs\spm\modules\ManageMenu\Controllers\DataGroupMenu.php(24): Modules\ManageMenu\Models\ModelMenu->get_menu()
#6 C:\xampp\htdocs\spm\vendor\codeigniter4\framework\system\CodeIgniter.php(940): Modules\ManageMenu\Controllers\DataGroupMenu->group_menu()
#7 C:\xampp\htdocs\spm\vendor\codeigniter4\framework\system\CodeIgniter.php(436): CodeIgniter\CodeIgniter->runController(Object(Modules\ManageMenu\Controllers\DataGroupMenu))
#8 C:\xampp\htdocs\spm\vendor\codeigniter4\framework\system\CodeIgniter.php(337): CodeIgniter\CodeIgniter->handleRequest(NULL, Object(Config\Cache), false)
#9 C:\xampp\htdocs\spm\public\index.php(44): CodeIgniter\CodeIgniter->run()
#10 C:\xampp\htdocs\spm\vendor\codeigniter4\framework\system\Commands\Server\rewrite.php(45): require_once('C:\\xampp\\htdocs...')
#11 {main}
CRITICAL - 2021-07-27 09:07:20 --> Trying to access array offset on value of type null
#0 C:\xampp\htdocs\spm\modules\ManageContentFront\Controllers\Content.php(25): CodeIgniter\Debug\Exceptions->errorHandler(8, 'Trying to acces...', 'C:\\xampp\\htdocs...', 25, Array)
#1 C:\xampp\htdocs\spm\vendor\codeigniter4\framework\system\CodeIgniter.php(940): Modules\ManageContentFront\Controllers\Content->index('peraturan-dan-u...')
#2 C:\xampp\htdocs\spm\vendor\codeigniter4\framework\system\CodeIgniter.php(436): CodeIgniter\CodeIgniter->runController(Object(Modules\ManageContentFront\Controllers\Content))
#3 C:\xampp\htdocs\spm\vendor\codeigniter4\framework\system\CodeIgniter.php(337): CodeIgniter\CodeIgniter->handleRequest(NULL, Object(Config\Cache), false)
#4 C:\xampp\htdocs\spm\public\index.php(44): CodeIgniter\CodeIgniter->run()
#5 C:\xampp\htdocs\spm\vendor\codeigniter4\framework\system\Commands\Server\rewrite.php(45): require_once('C:\\xampp\\htdocs...')
#6 {main}
CRITICAL - 2021-07-27 09:26:20 --> Invalid file: Modules\ManageUniversity\Views\menu.php
#0 C:\xampp\htdocs\spm\vendor\codeigniter4\framework\system\View\View.php(203): CodeIgniter\Exceptions\FrameworkException::forInvalidFile('Modules\\ManageU...')
#1 C:\xampp\htdocs\spm\vendor\codeigniter4\framework\system\Common.php(1217): CodeIgniter\View\View->render('Modules\\ManageU...', Array, true)
#2 C:\xampp\htdocs\spm\modules\ManageUniversity\Controllers\DataFakultas.php(33): view('Modules\\ManageU...', Array)
#3 C:\xampp\htdocs\spm\vendor\codeigniter4\framework\system\CodeIgniter.php(940): Modules\ManageUniversity\Controllers\DataFakultas->fakultas()
#4 C:\xampp\htdocs\spm\vendor\codeigniter4\framework\system\CodeIgniter.php(436): CodeIgniter\CodeIgniter->runController(Object(Modules\ManageUniversity\Controllers\DataFakultas))
#5 C:\xampp\htdocs\spm\vendor\codeigniter4\framework\system\CodeIgniter.php(337): CodeIgniter\CodeIgniter->handleRequest(NULL, Object(Config\Cache), false)
#6 C:\xampp\htdocs\spm\public\index.php(44): CodeIgniter\CodeIgniter->run()
#7 C:\xampp\htdocs\spm\vendor\codeigniter4\framework\system\Commands\Server\rewrite.php(45): require_once('C:\\xampp\\htdocs...')
#8 {main}
ERROR - 2021-07-27 09:31:18 --> mysqli_sql_exception: Unknown column 'nama_fakultas' in 'field list' in C:\xampp\htdocs\spm\vendor\codeigniter4\framework\system\Database\MySQLi\Connection.php:314
Stack trace:
#0 C:\xampp\htdocs\spm\vendor\codeigniter4\framework\system\Database\MySQLi\Connection.php(314): mysqli->query('INSERT INTO `ma...')
#1 C:\xampp\htdocs\spm\vendor\codeigniter4\framework\system\Database\BaseConnection.php(713): CodeIgniter\Database\MySQLi\Connection->execute('INSERT INTO `ma...')
#2 C:\xampp\htdocs\spm\vendor\codeigniter4\framework\system\Database\BaseConnection.php(641): CodeIgniter\Database\BaseConnection->simpleQuery('INSERT INTO `ma...')
#3 C:\xampp\htdocs\spm\vendor\codeigniter4\framework\system\Database\BaseBuilder.php(2263): CodeIgniter\Database\BaseConnection->query('INSERT INTO `ma...', Array, false)
#4 C:\xampp\htdocs\spm\modules\ManageUniversity\Models\ModelFakultas.php(41): CodeIgniter\Database\BaseBuilder->insert(Array)
#5 C:\xampp\htdocs\spm\modules\ManageUniversity\Controllers\DataFakultas.php(65): Modules\ManageUniversity\Models\ModelFakultas->save_fakultas('Fakultas Komput...', 'fakultas-komput...', '0')
#6 C:\xampp\htdocs\spm\vendor\codeigniter4\framework\system\CodeIgniter.php(940): Modules\ManageUniversity\Controllers\DataFakultas->fakultas_save()
#7 C:\xampp\htdocs\spm\vendor\codeigniter4\framework\system\CodeIgniter.php(436): CodeIgniter\CodeIgniter->runController(Object(Modules\ManageUniversity\Controllers\DataFakultas))
#8 C:\xampp\htdocs\spm\vendor\codeigniter4\framework\system\CodeIgniter.php(337): CodeIgniter\CodeIgniter->handleRequest(NULL, Object(Config\Cache), false)
#9 C:\xampp\htdocs\spm\public\index.php(44): CodeIgniter\CodeIgniter->run()
#10 C:\xampp\htdocs\spm\vendor\codeigniter4\framework\system\Commands\Server\rewrite.php(45): require_once('C:\\xampp\\htdocs...')
#11 {main}
CRITICAL - 2021-07-27 09:31:18 --> Unknown column 'nama_fakultas' in 'field list'
#0 C:\xampp\htdocs\spm\vendor\codeigniter4\framework\system\Database\MySQLi\Connection.php(314): mysqli->query('INSERT INTO `ma...')
#1 C:\xampp\htdocs\spm\vendor\codeigniter4\framework\system\Database\BaseConnection.php(713): CodeIgniter\Database\MySQLi\Connection->execute('INSERT INTO `ma...')
#2 C:\xampp\htdocs\spm\vendor\codeigniter4\framework\system\Database\BaseConnection.php(641): CodeIgniter\Database\BaseConnection->simpleQuery('INSERT INTO `ma...')
#3 C:\xampp\htdocs\spm\vendor\codeigniter4\framework\system\Database\BaseBuilder.php(2263): CodeIgniter\Database\BaseConnection->query('INSERT INTO `ma...', Array, false)
#4 C:\xampp\htdocs\spm\modules\ManageUniversity\Models\ModelFakultas.php(41): CodeIgniter\Database\BaseBuilder->insert(Array)
#5 C:\xampp\htdocs\spm\modules\ManageUniversity\Controllers\DataFakultas.php(65): Modules\ManageUniversity\Models\ModelFakultas->save_fakultas('Fakultas Komput...', 'fakultas-komput...', '0')
#6 C:\xampp\htdocs\spm\vendor\codeigniter4\framework\system\CodeIgniter.php(940): Modules\ManageUniversity\Controllers\DataFakultas->fakultas_save()
#7 C:\xampp\htdocs\spm\vendor\codeigniter4\framework\system\CodeIgniter.php(436): CodeIgniter\CodeIgniter->runController(Object(Modules\ManageUniversity\Controllers\DataFakultas))
#8 C:\xampp\htdocs\spm\vendor\codeigniter4\framework\system\CodeIgniter.php(337): CodeIgniter\CodeIgniter->handleRequest(NULL, Object(Config\Cache), false)
#9 C:\xampp\htdocs\spm\public\index.php(44): CodeIgniter\CodeIgniter->run()
#10 C:\xampp\htdocs\spm\vendor\codeigniter4\framework\system\Commands\Server\rewrite.php(45): require_once('C:\\xampp\\htdocs...')
#11 {main}
CRITICAL - 2021-07-27 09:31:40 --> Call to undefined function tanggal_indonesia_penddek()
#0 C:\xampp\htdocs\spm\vendor\codeigniter4\framework\system\View\View.php(220): include()
#1 C:\xampp\htdocs\spm\vendor\codeigniter4\framework\system\View\View.php(222): CodeIgniter\View\View->CodeIgniter\View\{closure}()
#2 C:\xampp\htdocs\spm\vendor\codeigniter4\framework\system\Common.php(1217): CodeIgniter\View\View->render('Modules\\ManageU...', Array, true)
#3 C:\xampp\htdocs\spm\modules\ManageUniversity\Controllers\DataFakultas.php(33): view('Modules\\ManageU...', Array)
#4 C:\xampp\htdocs\spm\vendor\codeigniter4\framework\system\CodeIgniter.php(940): Modules\ManageUniversity\Controllers\DataFakultas->fakultas()
#5 C:\xampp\htdocs\spm\vendor\codeigniter4\framework\system\CodeIgniter.php(436): CodeIgniter\CodeIgniter->runController(Object(Modules\ManageUniversity\Controllers\DataFakultas))
#6 C:\xampp\htdocs\spm\vendor\codeigniter4\framework\system\CodeIgniter.php(337): CodeIgniter\CodeIgniter->handleRequest(NULL, Object(Config\Cache), false)
#7 C:\xampp\htdocs\spm\public\index.php(44): CodeIgniter\CodeIgniter->run()
#8 C:\xampp\htdocs\spm\vendor\codeigniter4\framework\system\Commands\Server\rewrite.php(45): require_once('C:\\xampp\\htdocs...')
#9 {main}
CRITICAL - 2021-07-27 09:32:14 --> You must set the database table to be used with your query.
#0 C:\xampp\htdocs\spm\vendor\codeigniter4\framework\system\Model.php(615): CodeIgniter\Database\BaseConnection->table(NULL)
#1 C:\xampp\htdocs\spm\vendor\codeigniter4\framework\system\Model.php(834): CodeIgniter\Model->builder()
#2 C:\xampp\htdocs\spm\modules\ManageUniversity\Controllers\DataFakultas.php(103): CodeIgniter\Model->__call('edit_fakultas', Array)
#3 C:\xampp\htdocs\spm\vendor\codeigniter4\framework\system\CodeIgniter.php(940): Modules\ManageUniversity\Controllers\DataFakultas->fakultas_update()
#4 C:\xampp\htdocs\spm\vendor\codeigniter4\framework\system\CodeIgniter.php(436): CodeIgniter\CodeIgniter->runController(Object(Modules\ManageUniversity\Controllers\DataFakultas))
#5 C:\xampp\htdocs\spm\vendor\codeigniter4\framework\system\CodeIgniter.php(337): CodeIgniter\CodeIgniter->handleRequest(NULL, Object(Config\Cache), false)
#6 C:\xampp\htdocs\spm\public\index.php(44): CodeIgniter\CodeIgniter->run()
#7 C:\xampp\htdocs\spm\vendor\codeigniter4\framework\system\Commands\Server\rewrite.php(45): require_once('C:\\xampp\\htdocs...')
#8 {main}
CRITICAL - 2021-07-27 09:40:15 --> Undefined index: fakultas
#0 C:\xampp\htdocs\spm\modules\ManageUniversity\Views\prodi.php(166): CodeIgniter\Debug\Exceptions->errorHandler(8, 'Undefined index...', 'C:\\xampp\\htdocs...', 166, Array)
#1 C:\xampp\htdocs\spm\vendor\codeigniter4\framework\system\View\View.php(220): include('C:\\xampp\\htdocs...')
#2 C:\xampp\htdocs\spm\vendor\codeigniter4\framework\system\View\View.php(222): CodeIgniter\View\View->CodeIgniter\View\{closure}()
#3 C:\xampp\htdocs\spm\vendor\codeigniter4\framework\system\Common.php(1217): CodeIgniter\View\View->render('Modules\\ManageU...', Array, true)
#4 C:\xampp\htdocs\spm\modules\ManageUniversity\Controllers\DataProdi.php(33): view('Modules\\ManageU...', Array)
#5 C:\xampp\htdocs\spm\vendor\codeigniter4\framework\system\CodeIgniter.php(940): Modules\ManageUniversity\Controllers\DataProdi->prodi()
#6 C:\xampp\htdocs\spm\vendor\codeigniter4\framework\system\CodeIgniter.php(436): CodeIgniter\CodeIgniter->runController(Object(Modules\ManageUniversity\Controllers\DataProdi))
#7 C:\xampp\htdocs\spm\vendor\codeigniter4\framework\system\CodeIgniter.php(337): CodeIgniter\CodeIgniter->handleRequest(NULL, Object(Config\Cache), false)
#8 C:\xampp\htdocs\spm\public\index.php(44): CodeIgniter\CodeIgniter->run()
#9 C:\xampp\htdocs\spm\vendor\codeigniter4\framework\system\Commands\Server\rewrite.php(45): require_once('C:\\xampp\\htdocs...')
#10 {main}
CRITICAL - 2021-07-27 09:40:24 --> Undefined index: fakultas
#0 C:\xampp\htdocs\spm\modules\ManageUniversity\Views\prodi.php(210): CodeIgniter\Debug\Exceptions->errorHandler(8, 'Undefined index...', 'C:\\xampp\\htdocs...', 210, Array)
#1 C:\xampp\htdocs\spm\vendor\codeigniter4\framework\system\View\View.php(220): include('C:\\xampp\\htdocs...')
#2 C:\xampp\htdocs\spm\vendor\codeigniter4\framework\system\View\View.php(222): CodeIgniter\View\View->CodeIgniter\View\{closure}()
#3 C:\xampp\htdocs\spm\vendor\codeigniter4\framework\system\Common.php(1217): CodeIgniter\View\View->render('Modules\\ManageU...', Array, true)
#4 C:\xampp\htdocs\spm\modules\ManageUniversity\Controllers\DataProdi.php(33): view('Modules\\ManageU...', Array)
#5 C:\xampp\htdocs\spm\vendor\codeigniter4\framework\system\CodeIgniter.php(940): Modules\ManageUniversity\Controllers\DataProdi->prodi()
#6 C:\xampp\htdocs\spm\vendor\codeigniter4\framework\system\CodeIgniter.php(436): CodeIgniter\CodeIgniter->runController(Object(Modules\ManageUniversity\Controllers\DataProdi))
#7 C:\xampp\htdocs\spm\vendor\codeigniter4\framework\system\CodeIgniter.php(337): CodeIgniter\CodeIgniter->handleRequest(NULL, Object(Config\Cache), false)
#8 C:\xampp\htdocs\spm\public\index.php(44): CodeIgniter\CodeIgniter->run()
#9 C:\xampp\htdocs\spm\vendor\codeigniter4\framework\system\Commands\Server\rewrite.php(45): require_once('C:\\xampp\\htdocs...')
#10 {main}
CRITICAL - 2021-07-27 09:42:38 --> Undefined index: id
#0 C:\xampp\htdocs\spm\modules\ManageUniversity\Views\prodi.php(86): CodeIgniter\Debug\Exceptions->errorHandler(8, 'Undefined index...', 'C:\\xampp\\htdocs...', 86, Array)
#1 C:\xampp\htdocs\spm\vendor\codeigniter4\framework\system\View\View.php(220): include('C:\\xampp\\htdocs...')
#2 C:\xampp\htdocs\spm\vendor\codeigniter4\framework\system\View\View.php(222): CodeIgniter\View\View->CodeIgniter\View\{closure}()
#3 C:\xampp\htdocs\spm\vendor\codeigniter4\framework\system\Common.php(1217): CodeIgniter\View\View->render('Modules\\ManageU...', Array, true)
#4 C:\xampp\htdocs\spm\modules\ManageUniversity\Controllers\DataProdi.php(35): view('Modules\\ManageU...', Array)
#5 C:\xampp\htdocs\spm\vendor\codeigniter4\framework\system\CodeIgniter.php(940): Modules\ManageUniversity\Controllers\DataProdi->prodi()
#6 C:\xampp\htdocs\spm\vendor\codeigniter4\framework\system\CodeIgniter.php(436): CodeIgniter\CodeIgniter->runController(Object(Modules\ManageUniversity\Controllers\DataProdi))
#7 C:\xampp\htdocs\spm\vendor\codeigniter4\framework\system\CodeIgniter.php(337): CodeIgniter\CodeIgniter->handleRequest(NULL, Object(Config\Cache), false)
#8 C:\xampp\htdocs\spm\public\index.php(44): CodeIgniter\CodeIgniter->run()
#9 C:\xampp\htdocs\spm\vendor\codeigniter4\framework\system\Commands\Server\rewrite.php(45): require_once('C:\\xampp\\htdocs...')
#10 {main}
ERROR - 2021-07-27 09:45:15 --> mysqli_sql_exception: Unknown column 'master_university_fakultas.idd' in 'on clause' in C:\xampp\htdocs\spm\vendor\codeigniter4\framework\system\Database\MySQLi\Connection.php:314
Stack trace:
#0 C:\xampp\htdocs\spm\vendor\codeigniter4\framework\system\Database\MySQLi\Connection.php(314): mysqli->query('SELECT `fakulta...')
#1 C:\xampp\htdocs\spm\vendor\codeigniter4\framework\system\Database\BaseConnection.php(713): CodeIgniter\Database\MySQLi\Connection->execute('SELECT `fakulta...')
#2 C:\xampp\htdocs\spm\vendor\codeigniter4\framework\system\Database\BaseConnection.php(641): CodeIgniter\Database\BaseConnection->simpleQuery('SELECT `fakulta...')
#3 C:\xampp\htdocs\spm\vendor\codeigniter4\framework\system\Database\BaseBuilder.php(1866): CodeIgniter\Database\BaseConnection->query('SELECT `fakulta...', Array, false)
#4 C:\xampp\htdocs\spm\modules\ManageUniversity\Models\ModelProdi.php(25): CodeIgniter\Database\BaseBuilder->get()
#5 C:\xampp\htdocs\spm\modules\ManageUniversity\Controllers\DataProdi.php(24): Modules\ManageUniversity\Models\ModelProdi->get_prodi()
#6 C:\xampp\htdocs\spm\vendor\codeigniter4\framework\system\CodeIgniter.php(940): Modules\ManageUniversity\Controllers\DataProdi->prodi()
#7 C:\xampp\htdocs\spm\vendor\codeigniter4\framework\system\CodeIgniter.php(436): CodeIgniter\CodeIgniter->runController(Object(Modules\ManageUniversity\Controllers\DataProdi))
#8 C:\xampp\htdocs\spm\vendor\codeigniter4\framework\system\CodeIgniter.php(337): CodeIgniter\CodeIgniter->handleRequest(NULL, Object(Config\Cache), false)
#9 C:\xampp\htdocs\spm\public\index.php(44): CodeIgniter\CodeIgniter->run()
#10 C:\xampp\htdocs\spm\vendor\codeigniter4\framework\system\Commands\Server\rewrite.php(45): require_once('C:\\xampp\\htdocs...')
#11 {main}
CRITICAL - 2021-07-27 09:45:15 --> Unknown column 'master_university_fakultas.idd' in 'on clause'
#0 C:\xampp\htdocs\spm\vendor\codeigniter4\framework\system\Database\MySQLi\Connection.php(314): mysqli->query('SELECT `fakulta...')
#1 C:\xampp\htdocs\spm\vendor\codeigniter4\framework\system\Database\BaseConnection.php(713): CodeIgniter\Database\MySQLi\Connection->execute('SELECT `fakulta...')
#2 C:\xampp\htdocs\spm\vendor\codeigniter4\framework\system\Database\BaseConnection.php(641): CodeIgniter\Database\BaseConnection->simpleQuery('SELECT `fakulta...')
#3 C:\xampp\htdocs\spm\vendor\codeigniter4\framework\system\Database\BaseBuilder.php(1866): CodeIgniter\Database\BaseConnection->query('SELECT `fakulta...', Array, false)
#4 C:\xampp\htdocs\spm\modules\ManageUniversity\Models\ModelProdi.php(25): CodeIgniter\Database\BaseBuilder->get()
#5 C:\xampp\htdocs\spm\modules\ManageUniversity\Controllers\DataProdi.php(24): Modules\ManageUniversity\Models\ModelProdi->get_prodi()
#6 C:\xampp\htdocs\spm\vendor\codeigniter4\framework\system\CodeIgniter.php(940): Modules\ManageUniversity\Controllers\DataProdi->prodi()
#7 C:\xampp\htdocs\spm\vendor\codeigniter4\framework\system\CodeIgniter.php(436): CodeIgniter\CodeIgniter->runController(Object(Modules\ManageUniversity\Controllers\DataProdi))
#8 C:\xampp\htdocs\spm\vendor\codeigniter4\framework\system\CodeIgniter.php(337): CodeIgniter\CodeIgniter->handleRequest(NULL, Object(Config\Cache), false)
#9 C:\xampp\htdocs\spm\public\index.php(44): CodeIgniter\CodeIgniter->run()
#10 C:\xampp\htdocs\spm\vendor\codeigniter4\framework\system\Commands\Server\rewrite.php(45): require_once('C:\\xampp\\htdocs...')
#11 {main}
ERROR - 2021-07-27 10:45:58 --> mysqli_sql_exception: Unknown column 'tangal_mulai' in 'field list' in C:\xampp\htdocs\spm\vendor\codeigniter4\framework\system\Database\MySQLi\Connection.php:314
Stack trace:
#0 C:\xampp\htdocs\spm\vendor\codeigniter4\framework\system\Database\MySQLi\Connection.php(314): mysqli->query('SELECT `sk`, `d...')
#1 C:\xampp\htdocs\spm\vendor\codeigniter4\framework\system\Database\BaseConnection.php(713): CodeIgniter\Database\MySQLi\Connection->execute('SELECT `sk`, `d...')
#2 C:\xampp\htdocs\spm\vendor\codeigniter4\framework\system\Database\BaseConnection.php(641): CodeIgniter\Database\BaseConnection->simpleQuery('SELECT `sk`, `d...')
#3 C:\xampp\htdocs\spm\vendor\codeigniter4\framework\system\Database\BaseBuilder.php(1866): CodeIgniter\Database\BaseConnection->query('SELECT `sk`, `d...', Array, false)
#4 C:\xampp\htdocs\spm\modules\ManageAkreditasi\Models\ModelAkreditasi.php(25): CodeIgniter\Database\BaseBuilder->get()
#5 C:\xampp\htdocs\spm\modules\ManageAkreditasi\Controllers\DataAkreditasi.php(24): Modules\ManageAkreditasi\Models\ModelAkreditasi->get_akreditasi()
#6 C:\xampp\htdocs\spm\vendor\codeigniter4\framework\system\CodeIgniter.php(940): Modules\ManageAkreditasi\Controllers\DataAkreditasi->akreditasi()
#7 C:\xampp\htdocs\spm\vendor\codeigniter4\framework\system\CodeIgniter.php(436): CodeIgniter\CodeIgniter->runController(Object(Modules\ManageAkreditasi\Controllers\DataAkreditasi))
#8 C:\xampp\htdocs\spm\vendor\codeigniter4\framework\system\CodeIgniter.php(337): CodeIgniter\CodeIgniter->handleRequest(NULL, Object(Config\Cache), false)
#9 C:\xampp\htdocs\spm\public\index.php(44): CodeIgniter\CodeIgniter->run()
#10 C:\xampp\htdocs\spm\vendor\codeigniter4\framework\system\Commands\Server\rewrite.php(45): require_once('C:\\xampp\\htdocs...')
#11 {main}
CRITICAL - 2021-07-27 10:45:58 --> Unknown column 'tangal_mulai' in 'field list'
#0 C:\xampp\htdocs\spm\vendor\codeigniter4\framework\system\Database\MySQLi\Connection.php(314): mysqli->query('SELECT `sk`, `d...')
#1 C:\xampp\htdocs\spm\vendor\codeigniter4\framework\system\Database\BaseConnection.php(713): CodeIgniter\Database\MySQLi\Connection->execute('SELECT `sk`, `d...')
#2 C:\xampp\htdocs\spm\vendor\codeigniter4\framework\system\Database\BaseConnection.php(641): CodeIgniter\Database\BaseConnection->simpleQuery('SELECT `sk`, `d...')
#3 C:\xampp\htdocs\spm\vendor\codeigniter4\framework\system\Database\BaseBuilder.php(1866): CodeIgniter\Database\BaseConnection->query('SELECT `sk`, `d...', Array, false)
#4 C:\xampp\htdocs\spm\modules\ManageAkreditasi\Models\ModelAkreditasi.php(25): CodeIgniter\Database\BaseBuilder->get()
#5 C:\xampp\htdocs\spm\modules\ManageAkreditasi\Controllers\DataAkreditasi.php(24): Modules\ManageAkreditasi\Models\ModelAkreditasi->get_akreditasi()
#6 C:\xampp\htdocs\spm\vendor\codeigniter4\framework\system\CodeIgniter.php(940): Modules\ManageAkreditasi\Controllers\DataAkreditasi->akreditasi()
#7 C:\xampp\htdocs\spm\vendor\codeigniter4\framework\system\CodeIgniter.php(436): CodeIgniter\CodeIgniter->runController(Object(Modules\ManageAkreditasi\Controllers\DataAkreditasi))
#8 C:\xampp\htdocs\spm\vendor\codeigniter4\framework\system\CodeIgniter.php(337): CodeIgniter\CodeIgniter->handleRequest(NULL, Object(Config\Cache), false)
#9 C:\xampp\htdocs\spm\public\index.php(44): CodeIgniter\CodeIgniter->run()
#10 C:\xampp\htdocs\spm\vendor\codeigniter4\framework\system\Commands\Server\rewrite.php(45): require_once('C:\\xampp\\htdocs...')
#11 {main}
ERROR - 2021-07-27 10:46:28 --> mysqli_sql_exception: Unknown column 'tanggal_sampai' in 'field list' in C:\xampp\htdocs\spm\vendor\codeigniter4\framework\system\Database\MySQLi\Connection.php:314
Stack trace:
#0 C:\xampp\htdocs\spm\vendor\codeigniter4\framework\system\Database\MySQLi\Connection.php(314): mysqli->query('SELECT `sk`, `d...')
#1 C:\xampp\htdocs\spm\vendor\codeigniter4\framework\system\Database\BaseConnection.php(713): CodeIgniter\Database\MySQLi\Connection->execute('SELECT `sk`, `d...')
#2 C:\xampp\htdocs\spm\vendor\codeigniter4\framework\system\Database\BaseConnection.php(641): CodeIgniter\Database\BaseConnection->simpleQuery('SELECT `sk`, `d...')
#3 C:\xampp\htdocs\spm\vendor\codeigniter4\framework\system\Database\BaseBuilder.php(1866): CodeIgniter\Database\BaseConnection->query('SELECT `sk`, `d...', Array, false)
#4 C:\xampp\htdocs\spm\modules\ManageAkreditasi\Models\ModelAkreditasi.php(25): CodeIgniter\Database\BaseBuilder->get()
#5 C:\xampp\htdocs\spm\modules\ManageAkreditasi\Controllers\DataAkreditasi.php(24): Modules\ManageAkreditasi\Models\ModelAkreditasi->get_akreditasi()
#6 C:\xampp\htdocs\spm\vendor\codeigniter4\framework\system\CodeIgniter.php(940): Modules\ManageAkreditasi\Controllers\DataAkreditasi->akreditasi()
#7 C:\xampp\htdocs\spm\vendor\codeigniter4\framework\system\CodeIgniter.php(436): CodeIgniter\CodeIgniter->runController(Object(Modules\ManageAkreditasi\Controllers\DataAkreditasi))
#8 C:\xampp\htdocs\spm\vendor\codeigniter4\framework\system\CodeIgniter.php(337): CodeIgniter\CodeIgniter->handleRequest(NULL, Object(Config\Cache), false)
#9 C:\xampp\htdocs\spm\public\index.php(44): CodeIgniter\CodeIgniter->run()
#10 C:\xampp\htdocs\spm\vendor\codeigniter4\framework\system\Commands\Server\rewrite.php(45): require_once('C:\\xampp\\htdocs...')
#11 {main}
CRITICAL - 2021-07-27 10:46:28 --> Unknown column 'tanggal_sampai' in 'field list'
#0 C:\xampp\htdocs\spm\vendor\codeigniter4\framework\system\Database\MySQLi\Connection.php(314): mysqli->query('SELECT `sk`, `d...')
#1 C:\xampp\htdocs\spm\vendor\codeigniter4\framework\system\Database\BaseConnection.php(713): CodeIgniter\Database\MySQLi\Connection->execute('SELECT `sk`, `d...')
#2 C:\xampp\htdocs\spm\vendor\codeigniter4\framework\system\Database\BaseConnection.php(641): CodeIgniter\Database\BaseConnection->simpleQuery('SELECT `sk`, `d...')
#3 C:\xampp\htdocs\spm\vendor\codeigniter4\framework\system\Database\BaseBuilder.php(1866): CodeIgniter\Database\BaseConnection->query('SELECT `sk`, `d...', Array, false)
#4 C:\xampp\htdocs\spm\modules\ManageAkreditasi\Models\ModelAkreditasi.php(25): CodeIgniter\Database\BaseBuilder->get()
#5 C:\xampp\htdocs\spm\modules\ManageAkreditasi\Controllers\DataAkreditasi.php(24): Modules\ManageAkreditasi\Models\ModelAkreditasi->get_akreditasi()
#6 C:\xampp\htdocs\spm\vendor\codeigniter4\framework\system\CodeIgniter.php(940): Modules\ManageAkreditasi\Controllers\DataAkreditasi->akreditasi()
#7 C:\xampp\htdocs\spm\vendor\codeigniter4\framework\system\CodeIgniter.php(436): CodeIgniter\CodeIgniter->runController(Object(Modules\ManageAkreditasi\Controllers\DataAkreditasi))
#8 C:\xampp\htdocs\spm\vendor\codeigniter4\framework\system\CodeIgniter.php(337): CodeIgniter\CodeIgniter->handleRequest(NULL, Object(Config\Cache), false)
#9 C:\xampp\htdocs\spm\public\index.php(44): CodeIgniter\CodeIgniter->run()
#10 C:\xampp\htdocs\spm\vendor\codeigniter4\framework\system\Commands\Server\rewrite.php(45): require_once('C:\\xampp\\htdocs...')
#11 {main}
ERROR - 2021-07-27 10:46:57 --> mysqli_sql_exception: Unknown column 'master_university_prodi.id_fakulas' in 'on clause' in C:\xampp\htdocs\spm\vendor\codeigniter4\framework\system\Database\MySQLi\Connection.php:314
Stack trace:
#0 C:\xampp\htdocs\spm\vendor\codeigniter4\framework\system\Database\MySQLi\Connection.php(314): mysqli->query('SELECT `sk`, `d...')
#1 C:\xampp\htdocs\spm\vendor\codeigniter4\framework\system\Database\BaseConnection.php(713): CodeIgniter\Database\MySQLi\Connection->execute('SELECT `sk`, `d...')
#2 C:\xampp\htdocs\spm\vendor\codeigniter4\framework\system\Database\BaseConnection.php(641): CodeIgniter\Database\BaseConnection->simpleQuery('SELECT `sk`, `d...')
#3 C:\xampp\htdocs\spm\vendor\codeigniter4\framework\system\Database\BaseBuilder.php(1866): CodeIgniter\Database\BaseConnection->query('SELECT `sk`, `d...', Array, false)
#4 C:\xampp\htdocs\spm\modules\ManageAkreditasi\Models\ModelAkreditasi.php(25): CodeIgniter\Database\BaseBuilder->get()
#5 C:\xampp\htdocs\spm\modules\ManageAkreditasi\Controllers\DataAkreditasi.php(24): Modules\ManageAkreditasi\Models\ModelAkreditasi->get_akreditasi()
#6 C:\xampp\htdocs\spm\vendor\codeigniter4\framework\system\CodeIgniter.php(940): Modules\ManageAkreditasi\Controllers\DataAkreditasi->akreditasi()
#7 C:\xampp\htdocs\spm\vendor\codeigniter4\framework\system\CodeIgniter.php(436): CodeIgniter\CodeIgniter->runController(Object(Modules\ManageAkreditasi\Controllers\DataAkreditasi))
#8 C:\xampp\htdocs\spm\vendor\codeigniter4\framework\system\CodeIgniter.php(337): CodeIgniter\CodeIgniter->handleRequest(NULL, Object(Config\Cache), false)
#9 C:\xampp\htdocs\spm\public\index.php(44): CodeIgniter\CodeIgniter->run()
#10 C:\xampp\htdocs\spm\vendor\codeigniter4\framework\system\Commands\Server\rewrite.php(45): require_once('C:\\xampp\\htdocs...')
#11 {main}
CRITICAL - 2021-07-27 10:46:57 --> Unknown column 'master_university_prodi.id_fakulas' in 'on clause'
#0 C:\xampp\htdocs\spm\vendor\codeigniter4\framework\system\Database\MySQLi\Connection.php(314): mysqli->query('SELECT `sk`, `d...')
#1 C:\xampp\htdocs\spm\vendor\codeigniter4\framework\system\Database\BaseConnection.php(713): CodeIgniter\Database\MySQLi\Connection->execute('SELECT `sk`, `d...')
#2 C:\xampp\htdocs\spm\vendor\codeigniter4\framework\system\Database\BaseConnection.php(641): CodeIgniter\Database\BaseConnection->simpleQuery('SELECT `sk`, `d...')
#3 C:\xampp\htdocs\spm\vendor\codeigniter4\framework\system\Database\BaseBuilder.php(1866): CodeIgniter\Database\BaseConnection->query('SELECT `sk`, `d...', Array, false)
#4 C:\xampp\htdocs\spm\modules\ManageAkreditasi\Models\ModelAkreditasi.php(25): CodeIgniter\Database\BaseBuilder->get()
#5 C:\xampp\htdocs\spm\modules\ManageAkreditasi\Controllers\DataAkreditasi.php(24): Modules\ManageAkreditasi\Models\ModelAkreditasi->get_akreditasi()
#6 C:\xampp\htdocs\spm\vendor\codeigniter4\framework\system\CodeIgniter.php(940): Modules\ManageAkreditasi\Controllers\DataAkreditasi->akreditasi()
#7 C:\xampp\htdocs\spm\vendor\codeigniter4\framework\system\CodeIgniter.php(436): CodeIgniter\CodeIgniter->runController(Object(Modules\ManageAkreditasi\Controllers\DataAkreditasi))
#8 C:\xampp\htdocs\spm\vendor\codeigniter4\framework\system\CodeIgniter.php(337): CodeIgniter\CodeIgniter->handleRequest(NULL, Object(Config\Cache), false)
#9 C:\xampp\htdocs\spm\public\index.php(44): CodeIgniter\CodeIgniter->run()
#10 C:\xampp\htdocs\spm\vendor\codeigniter4\framework\system\Commands\Server\rewrite.php(45): require_once('C:\\xampp\\htdocs...')
#11 {main}
CRITICAL - 2021-07-27 11:04:23 --> Undefined variable: r
#0 C:\xampp\htdocs\spm\modules\ManageAkreditasi\Views\akreditasi_tambah.php(86): CodeIgniter\Debug\Exceptions->errorHandler(8, 'Undefined varia...', 'C:\\xampp\\htdocs...', 86, Array)
#1 C:\xampp\htdocs\spm\vendor\codeigniter4\framework\system\View\View.php(220): include('C:\\xampp\\htdocs...')
#2 C:\xampp\htdocs\spm\vendor\codeigniter4\framework\system\View\View.php(222): CodeIgniter\View\View->CodeIgniter\View\{closure}()
#3 C:\xampp\htdocs\spm\vendor\codeigniter4\framework\system\Common.php(1217): CodeIgniter\View\View->render('Modules\\ManageA...', Array, true)
#4 C:\xampp\htdocs\spm\modules\ManageAkreditasi\Controllers\DataAkreditasi.php(46): view('Modules\\ManageA...', Array)
#5 C:\xampp\htdocs\spm\vendor\codeigniter4\framework\system\CodeIgniter.php(940): Modules\ManageAkreditasi\Controllers\DataAkreditasi->akreditasi_tambah()
#6 C:\xampp\htdocs\spm\vendor\codeigniter4\framework\system\CodeIgniter.php(436): CodeIgniter\CodeIgniter->runController(Object(Modules\ManageAkreditasi\Controllers\DataAkreditasi))
#7 C:\xampp\htdocs\spm\vendor\codeigniter4\framework\system\CodeIgniter.php(337): CodeIgniter\CodeIgniter->handleRequest(NULL, Object(Config\Cache), false)
#8 C:\xampp\htdocs\spm\public\index.php(44): CodeIgniter\CodeIgniter->run()
#9 C:\xampp\htdocs\spm\vendor\codeigniter4\framework\system\Commands\Server\rewrite.php(45): require_once('C:\\xampp\\htdocs...')
#10 {main}
CRITICAL - 2021-07-27 11:27:51 --> Call to a member function getError() on string
#0 C:\xampp\htdocs\spm\vendor\codeigniter4\framework\system\CodeIgniter.php(940): Modules\ManageAkreditasi\Controllers\DataAkreditasi->akreditasi_update()
#1 C:\xampp\htdocs\spm\vendor\codeigniter4\framework\system\CodeIgniter.php(436): CodeIgniter\CodeIgniter->runController(Object(Modules\ManageAkreditasi\Controllers\DataAkreditasi))
#2 C:\xampp\htdocs\spm\vendor\codeigniter4\framework\system\CodeIgniter.php(337): CodeIgniter\CodeIgniter->handleRequest(NULL, Object(Config\Cache), false)
#3 C:\xampp\htdocs\spm\public\index.php(44): CodeIgniter\CodeIgniter->run()
#4 C:\xampp\htdocs\spm\vendor\codeigniter4\framework\system\Commands\Server\rewrite.php(45): require_once('C:\\xampp\\htdocs...')
#5 {main}
CRITICAL - 2021-07-27 13:58:06 --> Class 'Modules\ManageAkreditasiFront\Models\ModeAkreditasi' not found
#0 C:\xampp\htdocs\spm\vendor\codeigniter4\framework\system\CodeIgniter.php(912): Modules\ManageAkreditasiFront\Controllers\DataAkreditasi->__construct()
#1 C:\xampp\htdocs\spm\vendor\codeigniter4\framework\system\CodeIgniter.php(426): CodeIgniter\CodeIgniter->createController()
#2 C:\xampp\htdocs\spm\vendor\codeigniter4\framework\system\CodeIgniter.php(337): CodeIgniter\CodeIgniter->handleRequest(NULL, Object(Config\Cache), false)
#3 C:\xampp\htdocs\spm\public\index.php(44): CodeIgniter\CodeIgniter->run()
#4 C:\xampp\htdocs\spm\vendor\codeigniter4\framework\system\Commands\Server\rewrite.php(45): require_once('C:\\xampp\\htdocs...')
#5 {main}
CRITICAL - 2021-07-27 14:01:32 --> Class 'Modules\ManageAkreditasiFront\Models\ModeAkreditasi' not found
#0 C:\xampp\htdocs\spm\vendor\codeigniter4\framework\system\CodeIgniter.php(912): Modules\ManageAkreditasiFront\Controllers\DataAkreditasi->__construct()
#1 C:\xampp\htdocs\spm\vendor\codeigniter4\framework\system\CodeIgniter.php(426): CodeIgniter\CodeIgniter->createController()
#2 C:\xampp\htdocs\spm\vendor\codeigniter4\framework\system\CodeIgniter.php(337): CodeIgniter\CodeIgniter->handleRequest(NULL, Object(Config\Cache), false)
#3 C:\xampp\htdocs\spm\public\index.php(44): CodeIgniter\CodeIgniter->run()
#4 C:\xampp\htdocs\spm\vendor\codeigniter4\framework\system\Commands\Server\rewrite.php(45): require_once('C:\\xampp\\htdocs...')
#5 {main}
CRITICAL - 2021-07-27 14:01:52 --> Class 'Modules\ManageAkreditasiFront\Models\ModelAkreditasi' not found
#0 C:\xampp\htdocs\spm\vendor\codeigniter4\framework\system\CodeIgniter.php(912): Modules\ManageAkreditasiFront\Controllers\DataAkreditasi->__construct()
#1 C:\xampp\htdocs\spm\vendor\codeigniter4\framework\system\CodeIgniter.php(426): CodeIgniter\CodeIgniter->createController()
#2 C:\xampp\htdocs\spm\vendor\codeigniter4\framework\system\CodeIgniter.php(337): CodeIgniter\CodeIgniter->handleRequest(NULL, Object(Config\Cache), false)
#3 C:\xampp\htdocs\spm\public\index.php(44): CodeIgniter\CodeIgniter->run()
#4 C:\xampp\htdocs\spm\vendor\codeigniter4\framework\system\Commands\Server\rewrite.php(45): require_once('C:\\xampp\\htdocs...')
#5 {main}
ERROR - 2021-07-27 14:02:35 --> mysqli_sql_exception: Unknown column 'delete' in 'where clause' in C:\xampp\htdocs\spm\vendor\codeigniter4\framework\system\Database\MySQLi\Connection.php:314
Stack trace:
#0 C:\xampp\htdocs\spm\vendor\codeigniter4\framework\system\Database\MySQLi\Connection.php(314): mysqli->query('SELECT `id`, `f...')
#1 C:\xampp\htdocs\spm\vendor\codeigniter4\framework\system\Database\BaseConnection.php(713): CodeIgniter\Database\MySQLi\Connection->execute('SELECT `id`, `f...')
#2 C:\xampp\htdocs\spm\vendor\codeigniter4\framework\system\Database\BaseConnection.php(641): CodeIgniter\Database\BaseConnection->simpleQuery('SELECT `id`, `f...')
#3 C:\xampp\htdocs\spm\vendor\codeigniter4\framework\system\Database\BaseBuilder.php(1866): CodeIgniter\Database\BaseConnection->query('SELECT `id`, `f...', Array, false)
#4 C:\xampp\htdocs\spm\modules\ManageAkreditasiFront\Models\ModelAkreditasi.php(25): CodeIgniter\Database\BaseBuilder->get()
#5 C:\xampp\htdocs\spm\modules\ManageAkreditasiFront\Controllers\DataAkreditasi.php(23): Modules\ManageAkreditasiFront\Models\ModelAkreditasi->get_fakultas()
#6 C:\xampp\htdocs\spm\vendor\codeigniter4\framework\system\CodeIgniter.php(940): Modules\ManageAkreditasiFront\Controllers\DataAkreditasi->index()
#7 C:\xampp\htdocs\spm\vendor\codeigniter4\framework\system\CodeIgniter.php(436): CodeIgniter\CodeIgniter->runController(Object(Modules\ManageAkreditasiFront\Controllers\DataAkreditasi))
#8 C:\xampp\htdocs\spm\vendor\codeigniter4\framework\system\CodeIgniter.php(337): CodeIgniter\CodeIgniter->handleRequest(NULL, Object(Config\Cache), false)
#9 C:\xampp\htdocs\spm\public\index.php(44): CodeIgniter\CodeIgniter->run()
#10 C:\xampp\htdocs\spm\vendor\codeigniter4\framework\system\Commands\Server\rewrite.php(45): require_once('C:\\xampp\\htdocs...')
#11 {main}
CRITICAL - 2021-07-27 14:02:35 --> Unknown column 'delete' in 'where clause'
#0 C:\xampp\htdocs\spm\vendor\codeigniter4\framework\system\Database\MySQLi\Connection.php(314): mysqli->query('SELECT `id`, `f...')
#1 C:\xampp\htdocs\spm\vendor\codeigniter4\framework\system\Database\BaseConnection.php(713): CodeIgniter\Database\MySQLi\Connection->execute('SELECT `id`, `f...')
#2 C:\xampp\htdocs\spm\vendor\codeigniter4\framework\system\Database\BaseConnection.php(641): CodeIgniter\Database\BaseConnection->simpleQuery('SELECT `id`, `f...')
#3 C:\xampp\htdocs\spm\vendor\codeigniter4\framework\system\Database\BaseBuilder.php(1866): CodeIgniter\Database\BaseConnection->query('SELECT `id`, `f...', Array, false)
#4 C:\xampp\htdocs\spm\modules\ManageAkreditasiFront\Models\ModelAkreditasi.php(25): CodeIgniter\Database\BaseBuilder->get()
#5 C:\xampp\htdocs\spm\modules\ManageAkreditasiFront\Controllers\DataAkreditasi.php(23): Modules\ManageAkreditasiFront\Models\ModelAkreditasi->get_fakultas()
#6 C:\xampp\htdocs\spm\vendor\codeigniter4\framework\system\CodeIgniter.php(940): Modules\ManageAkreditasiFront\Controllers\DataAkreditasi->index()
#7 C:\xampp\htdocs\spm\vendor\codeigniter4\framework\system\CodeIgniter.php(436): CodeIgniter\CodeIgniter->runController(Object(Modules\ManageAkreditasiFront\Controllers\DataAkreditasi))
#8 C:\xampp\htdocs\spm\vendor\codeigniter4\framework\system\CodeIgniter.php(337): CodeIgniter\CodeIgniter->handleRequest(NULL, Object(Config\Cache), false)
#9 C:\xampp\htdocs\spm\public\index.php(44): CodeIgniter\CodeIgniter->run()
#10 C:\xampp\htdocs\spm\vendor\codeigniter4\framework\system\Commands\Server\rewrite.php(45): require_once('C:\\xampp\\htdocs...')
#11 {main}
CRITICAL - 2021-07-27 14:16:41 --> Undefined index: dokumen
#0 C:\xampp\htdocs\spm\modules\ManageAkreditasiFront\Views\akreditasi.php(79): CodeIgniter\Debug\Exceptions->errorHandler(8, 'Undefined index...', 'C:\\xampp\\htdocs...', 79, Array)
#1 C:\xampp\htdocs\spm\vendor\codeigniter4\framework\system\View\View.php(220): include('C:\\xampp\\htdocs...')
#2 C:\xampp\htdocs\spm\vendor\codeigniter4\framework\system\View\View.php(222): CodeIgniter\View\View->CodeIgniter\View\{closure}()
#3 C:\xampp\htdocs\spm\vendor\codeigniter4\framework\system\Common.php(1217): CodeIgniter\View\View->render('Modules\\ManageA...', Array, true)
#4 C:\xampp\htdocs\spm\modules\ManageAkreditasiFront\Controllers\DataAkreditasi.php(32): view('Modules\\ManageA...', Array)
#5 C:\xampp\htdocs\spm\vendor\codeigniter4\framework\system\CodeIgniter.php(940): Modules\ManageAkreditasiFront\Controllers\DataAkreditasi->index()
#6 C:\xampp\htdocs\spm\vendor\codeigniter4\framework\system\CodeIgniter.php(436): CodeIgniter\CodeIgniter->runController(Object(Modules\ManageAkreditasiFront\Controllers\DataAkreditasi))
#7 C:\xampp\htdocs\spm\vendor\codeigniter4\framework\system\CodeIgniter.php(337): CodeIgniter\CodeIgniter->handleRequest(NULL, Object(Config\Cache), false)
#8 C:\xampp\htdocs\spm\public\index.php(44): CodeIgniter\CodeIgniter->run()
#9 C:\xampp\htdocs\spm\vendor\codeigniter4\framework\system\Commands\Server\rewrite.php(45): require_once('C:\\xampp\\htdocs...')
#10 {main}
CRITICAL - 2021-07-27 14:31:19 --> Undefined variable: no
#0 C:\xampp\htdocs\spm\modules\ManageAkreditasiFront\Views\akreditasi.php(62): CodeIgniter\Debug\Exceptions->errorHandler(8, 'Undefined varia...', 'C:\\xampp\\htdocs...', 62, Array)
#1 C:\xampp\htdocs\spm\vendor\codeigniter4\framework\system\View\View.php(220): include('C:\\xampp\\htdocs...')
#2 C:\xampp\htdocs\spm\vendor\codeigniter4\framework\system\View\View.php(222): CodeIgniter\View\View->CodeIgniter\View\{closure}()
#3 C:\xampp\htdocs\spm\vendor\codeigniter4\framework\system\Common.php(1217): CodeIgniter\View\View->render('Modules\\ManageA...', Array, true)
#4 C:\xampp\htdocs\spm\modules\ManageAkreditasiFront\Controllers\DataAkreditasi.php(32): view('Modules\\ManageA...', Array)
#5 C:\xampp\htdocs\spm\vendor\codeigniter4\framework\system\CodeIgniter.php(940): Modules\ManageAkreditasiFront\Controllers\DataAkreditasi->index()
#6 C:\xampp\htdocs\spm\vendor\codeigniter4\framework\system\CodeIgniter.php(436): CodeIgniter\CodeIgniter->runController(Object(Modules\ManageAkreditasiFront\Controllers\DataAkreditasi))
#7 C:\xampp\htdocs\spm\vendor\codeigniter4\framework\system\CodeIgniter.php(337): CodeIgniter\CodeIgniter->handleRequest(NULL, Object(Config\Cache), false)
#8 C:\xampp\htdocs\spm\public\index.php(44): CodeIgniter\CodeIgniter->run()
#9 C:\xampp\htdocs\spm\vendor\codeigniter4\framework\system\Commands\Server\rewrite.php(45): require_once('C:\\xampp\\htdocs...')
#10 {main}
CRITICAL - 2021-07-27 14:39:34 --> Undefined variable: r
#0 C:\xampp\htdocs\spm\modules\ManageAkreditasiFront\Views\akreditasi.php(106): CodeIgniter\Debug\Exceptions->errorHandler(8, 'Undefined varia...', 'C:\\xampp\\htdocs...', 106, Array)
#1 C:\xampp\htdocs\spm\vendor\codeigniter4\framework\system\View\View.php(220): include('C:\\xampp\\htdocs...')
#2 C:\xampp\htdocs\spm\vendor\codeigniter4\framework\system\View\View.php(222): CodeIgniter\View\View->CodeIgniter\View\{closure}()
#3 C:\xampp\htdocs\spm\vendor\codeigniter4\framework\system\Common.php(1217): CodeIgniter\View\View->render('Modules\\ManageA...', Array, true)
#4 C:\xampp\htdocs\spm\modules\ManageAkreditasiFront\Controllers\DataAkreditasi.php(32): view('Modules\\ManageA...', Array)
#5 C:\xampp\htdocs\spm\vendor\codeigniter4\framework\system\CodeIgniter.php(940): Modules\ManageAkreditasiFront\Controllers\DataAkreditasi->index()
#6 C:\xampp\htdocs\spm\vendor\codeigniter4\framework\system\CodeIgniter.php(436): CodeIgniter\CodeIgniter->runController(Object(Modules\ManageAkreditasiFront\Controllers\DataAkreditasi))
#7 C:\xampp\htdocs\spm\vendor\codeigniter4\framework\system\CodeIgniter.php(337): CodeIgniter\CodeIgniter->handleRequest(NULL, Object(Config\Cache), false)
#8 C:\xampp\htdocs\spm\public\index.php(44): CodeIgniter\CodeIgniter->run()
#9 C:\xampp\htdocs\spm\vendor\codeigniter4\framework\system\Commands\Server\rewrite.php(45): require_once('C:\\xampp\\htdocs...')
#10 {main}
CRITICAL - 2021-07-27 14:39:44 --> Undefined index: prodi
#0 C:\xampp\htdocs\spm\modules\ManageAkreditasiFront\Views\akreditasi.php(114): CodeIgniter\Debug\Exceptions->errorHandler(8, 'Undefined index...', 'C:\\xampp\\htdocs...', 114, Array)
#1 C:\xampp\htdocs\spm\vendor\codeigniter4\framework\system\View\View.php(220): include('C:\\xampp\\htdocs...')
#2 C:\xampp\htdocs\spm\vendor\codeigniter4\framework\system\View\View.php(222): CodeIgniter\View\View->CodeIgniter\View\{closure}()
#3 C:\xampp\htdocs\spm\vendor\codeigniter4\framework\system\Common.php(1217): CodeIgniter\View\View->render('Modules\\ManageA...', Array, true)
#4 C:\xampp\htdocs\spm\modules\ManageAkreditasiFront\Controllers\DataAkreditasi.php(32): view('Modules\\ManageA...', Array)
#5 C:\xampp\htdocs\spm\vendor\codeigniter4\framework\system\CodeIgniter.php(940): Modules\ManageAkreditasiFront\Controllers\DataAkreditasi->index()
#6 C:\xampp\htdocs\spm\vendor\codeigniter4\framework\system\CodeIgniter.php(436): CodeIgniter\CodeIgniter->runController(Object(Modules\ManageAkreditasiFront\Controllers\DataAkreditasi))
#7 C:\xampp\htdocs\spm\vendor\codeigniter4\framework\system\CodeIgniter.php(337): CodeIgniter\CodeIgniter->handleRequest(NULL, Object(Config\Cache), false)
#8 C:\xampp\htdocs\spm\public\index.php(44): CodeIgniter\CodeIgniter->run()
#9 C:\xampp\htdocs\spm\vendor\codeigniter4\framework\system\Commands\Server\rewrite.php(45): require_once('C:\\xampp\\htdocs...')
#10 {main}
CRITICAL - 2021-07-27 14:51:00 --> Undefined index: id_sub_menu
#0 C:\xampp\htdocs\spm\modules\ManageMenuWebsite\Views\sub_sub_menu.php(249): CodeIgniter\Debug\Exceptions->errorHandler(8, 'Undefined index...', 'C:\\xampp\\htdocs...', 249, Array)
#1 C:\xampp\htdocs\spm\vendor\codeigniter4\framework\system\View\View.php(220): include('C:\\xampp\\htdocs...')
#2 C:\xampp\htdocs\spm\vendor\codeigniter4\framework\system\View\View.php(222): CodeIgniter\View\View->CodeIgniter\View\{closure}()
#3 C:\xampp\htdocs\spm\vendor\codeigniter4\framework\system\Common.php(1217): CodeIgniter\View\View->render('Modules\\ManageM...', Array, true)
#4 C:\xampp\htdocs\spm\modules\ManageMenuWebsite\Controllers\DataSubSubMenu.php(35): view('Modules\\ManageM...', Array)
#5 C:\xampp\htdocs\spm\vendor\codeigniter4\framework\system\CodeIgniter.php(940): Modules\ManageMenuWebsite\Controllers\DataSubSubMenu->sub_sub_menu()
#6 C:\xampp\htdocs\spm\vendor\codeigniter4\framework\system\CodeIgniter.php(436): CodeIgniter\CodeIgniter->runController(Object(Modules\ManageMenuWebsite\Controllers\DataSubSubMenu))
#7 C:\xampp\htdocs\spm\vendor\codeigniter4\framework\system\CodeIgniter.php(337): CodeIgniter\CodeIgniter->handleRequest(NULL, Object(Config\Cache), false)
#8 C:\xampp\htdocs\spm\public\index.php(44): CodeIgniter\CodeIgniter->run()
#9 C:\xampp\htdocs\spm\vendor\codeigniter4\framework\system\Commands\Server\rewrite.php(45): require_once('C:\\xampp\\htdocs...')
#10 {main}
CRITICAL - 2021-07-27 15:15:29 --> Undefined variable: contact
#0 C:\xampp\htdocs\spm\modules\ManageLayoutFront\Views\footer.php(57): CodeIgniter\Debug\Exceptions->errorHandler(8, 'Undefined varia...', 'C:\\xampp\\htdocs...', 57, Array)
#1 C:\xampp\htdocs\spm\vendor\codeigniter4\framework\system\View\View.php(220): include('C:\\xampp\\htdocs...')
#2 C:\xampp\htdocs\spm\vendor\codeigniter4\framework\system\View\View.php(222): CodeIgniter\View\View->CodeIgniter\View\{closure}()
#3 C:\xampp\htdocs\spm\vendor\codeigniter4\framework\system\View\View.php(468): CodeIgniter\View\View->render('Modules\\ManageL...', NULL, true)
#4 C:\xampp\htdocs\spm\modules\ManageLayoutFront\Views\layout.php(128): CodeIgniter\View\View->include('Modules\\ManageL...')
#5 C:\xampp\htdocs\spm\vendor\codeigniter4\framework\system\View\View.php(220): include('C:\\xampp\\htdocs...')
#6 C:\xampp\htdocs\spm\vendor\codeigniter4\framework\system\View\View.php(222): CodeIgniter\View\View->CodeIgniter\View\{closure}()
#7 C:\xampp\htdocs\spm\vendor\codeigniter4\framework\system\View\View.php(236): CodeIgniter\View\View->render('Modules\\ManageL...', Array, true)
#8 C:\xampp\htdocs\spm\vendor\codeigniter4\framework\system\Common.php(1217): CodeIgniter\View\View->render('Modules\\ManageA...', Array, true)
#9 C:\xampp\htdocs\spm\modules\ManageAkreditasiFront\Controllers\DataAkreditasi.php(32): view('Modules\\ManageA...', Array)
#10 C:\xampp\htdocs\spm\vendor\codeigniter4\framework\system\CodeIgniter.php(940): Modules\ManageAkreditasiFront\Controllers\DataAkreditasi->index()
#11 C:\xampp\htdocs\spm\vendor\codeigniter4\framework\system\CodeIgniter.php(436): CodeIgniter\CodeIgniter->runController(Object(Modules\ManageAkreditasiFront\Controllers\DataAkreditasi))
#12 C:\xampp\htdocs\spm\vendor\codeigniter4\framework\system\CodeIgniter.php(337): CodeIgniter\CodeIgniter->handleRequest(NULL, Object(Config\Cache), false)
#13 C:\xampp\htdocs\spm\public\index.php(44): CodeIgniter\CodeIgniter->run()
#14 C:\xampp\htdocs\spm\vendor\codeigniter4\framework\system\Commands\Server\rewrite.php(45): require_once('C:\\xampp\\htdocs...')
#15 {main}
CRITICAL - 2021-07-27 15:15:45 --> Undefined variable: contact
#0 C:\xampp\htdocs\spm\modules\ManageLayoutFront\Views\footer.php(57): CodeIgniter\Debug\Exceptions->errorHandler(8, 'Undefined varia...', 'C:\\xampp\\htdocs...', 57, Array)
#1 C:\xampp\htdocs\spm\vendor\codeigniter4\framework\system\View\View.php(220): include('C:\\xampp\\htdocs...')
#2 C:\xampp\htdocs\spm\vendor\codeigniter4\framework\system\View\View.php(222): CodeIgniter\View\View->CodeIgniter\View\{closure}()
#3 C:\xampp\htdocs\spm\vendor\codeigniter4\framework\system\View\View.php(468): CodeIgniter\View\View->render('Modules\\ManageL...', NULL, true)
#4 C:\xampp\htdocs\spm\modules\ManageLayoutFront\Views\layout.php(128): CodeIgniter\View\View->include('Modules\\ManageL...')
#5 C:\xampp\htdocs\spm\vendor\codeigniter4\framework\system\View\View.php(220): include('C:\\xampp\\htdocs...')
#6 C:\xampp\htdocs\spm\vendor\codeigniter4\framework\system\View\View.php(222): CodeIgniter\View\View->CodeIgniter\View\{closure}()
#7 C:\xampp\htdocs\spm\vendor\codeigniter4\framework\system\View\View.php(236): CodeIgniter\View\View->render('Modules\\ManageL...', Array, true)
#8 C:\xampp\htdocs\spm\vendor\codeigniter4\framework\system\Common.php(1217): CodeIgniter\View\View->render('Modules\\ManageA...', Array, true)
#9 C:\xampp\htdocs\spm\modules\ManageAkreditasiFront\Controllers\DataAkreditasi.php(32): view('Modules\\ManageA...', Array)
#10 C:\xampp\htdocs\spm\vendor\codeigniter4\framework\system\CodeIgniter.php(940): Modules\ManageAkreditasiFront\Controllers\DataAkreditasi->index()
#11 C:\xampp\htdocs\spm\vendor\codeigniter4\framework\system\CodeIgniter.php(436): CodeIgniter\CodeIgniter->runController(Object(Modules\ManageAkreditasiFront\Controllers\DataAkreditasi))
#12 C:\xampp\htdocs\spm\vendor\codeigniter4\framework\system\CodeIgniter.php(337): CodeIgniter\CodeIgniter->handleRequest(NULL, Object(Config\Cache), false)
#13 C:\xampp\htdocs\spm\public\index.php(44): CodeIgniter\CodeIgniter->run()
#14 C:\xampp\htdocs\spm\vendor\codeigniter4\framework\system\Commands\Server\rewrite.php(45): require_once('C:\\xampp\\htdocs...')
#15 {main}
CRITICAL - 2021-07-27 15:16:20 --> Undefined index: nama_website
#0 C:\xampp\htdocs\spm\modules\ManageLayoutFront\Views\footer.php(66): CodeIgniter\Debug\Exceptions->errorHandler(8, 'Undefined index...', 'C:\\xampp\\htdocs...', 66, Array)
#1 C:\xampp\htdocs\spm\vendor\codeigniter4\framework\system\View\View.php(220): include('C:\\xampp\\htdocs...')
#2 C:\xampp\htdocs\spm\vendor\codeigniter4\framework\system\View\View.php(222): CodeIgniter\View\View->CodeIgniter\View\{closure}()
#3 C:\xampp\htdocs\spm\vendor\codeigniter4\framework\system\View\View.php(468): CodeIgniter\View\View->render('Modules\\ManageL...', NULL, true)
#4 C:\xampp\htdocs\spm\modules\ManageLayoutFront\Views\layout.php(128): CodeIgniter\View\View->include('Modules\\ManageL...')
#5 C:\xampp\htdocs\spm\vendor\codeigniter4\framework\system\View\View.php(220): include('C:\\xampp\\htdocs...')
#6 C:\xampp\htdocs\spm\vendor\codeigniter4\framework\system\View\View.php(222): CodeIgniter\View\View->CodeIgniter\View\{closure}()
#7 C:\xampp\htdocs\spm\vendor\codeigniter4\framework\system\View\View.php(236): CodeIgniter\View\View->render('Modules\\ManageL...', Array, true)
#8 C:\xampp\htdocs\spm\vendor\codeigniter4\framework\system\Common.php(1217): CodeIgniter\View\View->render('Modules\\ManageA...', Array, true)
#9 C:\xampp\htdocs\spm\modules\ManageAkreditasiFront\Controllers\DataAkreditasi.php(32): view('Modules\\ManageA...', Array)
#10 C:\xampp\htdocs\spm\vendor\codeigniter4\framework\system\CodeIgniter.php(940): Modules\ManageAkreditasiFront\Controllers\DataAkreditasi->index()
#11 C:\xampp\htdocs\spm\vendor\codeigniter4\framework\system\CodeIgniter.php(436): CodeIgniter\CodeIgniter->runController(Object(Modules\ManageAkreditasiFront\Controllers\DataAkreditasi))
#12 C:\xampp\htdocs\spm\vendor\codeigniter4\framework\system\CodeIgniter.php(337): CodeIgniter\CodeIgniter->handleRequest(NULL, Object(Config\Cache), false)
#13 C:\xampp\htdocs\spm\public\index.php(44): CodeIgniter\CodeIgniter->run()
#14 C:\xampp\htdocs\spm\vendor\codeigniter4\framework\system\Commands\Server\rewrite.php(45): require_once('C:\\xampp\\htdocs...')
#15 {main}
CRITICAL - 2021-07-27 15:16:39 --> Undefined variable: contact
#0 C:\xampp\htdocs\spm\modules\ManageLayoutFront\Views\footer.php(58): CodeIgniter\Debug\Exceptions->errorHandler(8, 'Undefined varia...', 'C:\\xampp\\htdocs...', 58, Array)
#1 C:\xampp\htdocs\spm\vendor\codeigniter4\framework\system\View\View.php(220): include('C:\\xampp\\htdocs...')
#2 C:\xampp\htdocs\spm\vendor\codeigniter4\framework\system\View\View.php(222): CodeIgniter\View\View->CodeIgniter\View\{closure}()
#3 C:\xampp\htdocs\spm\vendor\codeigniter4\framework\system\View\View.php(468): CodeIgniter\View\View->render('Modules\\ManageL...', NULL, true)
#4 C:\xampp\htdocs\spm\modules\ManageLayoutFront\Views\layout.php(128): CodeIgniter\View\View->include('Modules\\ManageL...')
#5 C:\xampp\htdocs\spm\vendor\codeigniter4\framework\system\View\View.php(220): include('C:\\xampp\\htdocs...')
#6 C:\xampp\htdocs\spm\vendor\codeigniter4\framework\system\View\View.php(222): CodeIgniter\View\View->CodeIgniter\View\{closure}()
#7 C:\xampp\htdocs\spm\vendor\codeigniter4\framework\system\View\View.php(236): CodeIgniter\View\View->render('Modules\\ManageL...', Array, true)
#8 C:\xampp\htdocs\spm\vendor\codeigniter4\framework\system\Common.php(1217): CodeIgniter\View\View->render('Modules\\ManageA...', Array, true)
#9 C:\xampp\htdocs\spm\modules\ManageAkreditasiFront\Controllers\DataAkreditasi.php(32): view('Modules\\ManageA...', Array)
#10 C:\xampp\htdocs\spm\vendor\codeigniter4\framework\system\CodeIgniter.php(940): Modules\ManageAkreditasiFront\Controllers\DataAkreditasi->index()
#11 C:\xampp\htdocs\spm\vendor\codeigniter4\framework\system\CodeIgniter.php(436): CodeIgniter\CodeIgniter->runController(Object(Modules\ManageAkreditasiFront\Controllers\DataAkreditasi))
#12 C:\xampp\htdocs\spm\vendor\codeigniter4\framework\system\CodeIgniter.php(337): CodeIgniter\CodeIgniter->handleRequest(NULL, Object(Config\Cache), false)
#13 C:\xampp\htdocs\spm\public\index.php(44): CodeIgniter\CodeIgniter->run()
#14 C:\xampp\htdocs\spm\vendor\codeigniter4\framework\system\Commands\Server\rewrite.php(45): require_once('C:\\xampp\\htdocs...')
#15 {main}
