CRITICAL - 2021-07-28 11:03:21 --> Call to undefined function cek_manage_group_mesnu()
#0 C:\xampp\htdocs\spm\vendor\codeigniter4\framework\system\View\View.php(220): include()
#1 C:\xampp\htdocs\spm\vendor\codeigniter4\framework\system\View\View.php(222): CodeIgniter\View\View->CodeIgniter\View\{closure}()
#2 C:\xampp\htdocs\spm\vendor\codeigniter4\framework\system\Common.php(1217): CodeIgniter\View\View->render('Modules\\ManageU...', Array, true)
#3 C:\xampp\htdocs\spm\modules\ManageUsers\Controllers\DataGroupsPermissions.php(37): view('Modules\\ManageU...', Array)
#4 C:\xampp\htdocs\spm\vendor\codeigniter4\framework\system\CodeIgniter.php(940): Modules\ManageUsers\Controllers\DataGroupsPermissions->index()
#5 C:\xampp\htdocs\spm\vendor\codeigniter4\framework\system\CodeIgniter.php(436): CodeIgniter\CodeIgniter->runController(Object(Modules\ManageUsers\Controllers\DataGroupsPermissions))
#6 C:\xampp\htdocs\spm\vendor\codeigniter4\framework\system\CodeIgniter.php(337): CodeIgniter\CodeIgniter->handleRequest(NULL, Object(Config\Cache), false)
#7 C:\xampp\htdocs\spm\public\index.php(44): CodeIgniter\CodeIgniter->run()
#8 C:\xampp\htdocs\spm\vendor\codeigniter4\framework\system\Commands\Server\rewrite.php(45): require_once('C:\\xampp\\htdocs...')
#9 {main}
CRITICAL - 2021-07-28 11:03:39 --> Call to undefined function cek_manage_group_mesnu()
#0 C:\xampp\htdocs\spm\vendor\codeigniter4\framework\system\View\View.php(220): include()
#1 C:\xampp\htdocs\spm\vendor\codeigniter4\framework\system\View\View.php(222): CodeIgniter\View\View->CodeIgniter\View\{closure}()
#2 C:\xampp\htdocs\spm\vendor\codeigniter4\framework\system\Common.php(1217): CodeIgniter\View\View->render('Modules\\ManageU...', Array, true)
#3 C:\xampp\htdocs\spm\modules\ManageUsers\Controllers\DataGroupsPermissions.php(37): view('Modules\\ManageU...', Array)
#4 C:\xampp\htdocs\spm\vendor\codeigniter4\framework\system\CodeIgniter.php(940): Modules\ManageUsers\Controllers\DataGroupsPermissions->index()
#5 C:\xampp\htdocs\spm\vendor\codeigniter4\framework\system\CodeIgniter.php(436): CodeIgniter\CodeIgniter->runController(Object(Modules\ManageUsers\Controllers\DataGroupsPermissions))
#6 C:\xampp\htdocs\spm\vendor\codeigniter4\framework\system\CodeIgniter.php(337): CodeIgniter\CodeIgniter->handleRequest(NULL, Object(Config\Cache), false)
#7 C:\xampp\htdocs\spm\public\index.php(44): CodeIgniter\CodeIgniter->run()
#8 C:\xampp\htdocs\spm\vendor\codeigniter4\framework\system\Commands\Server\rewrite.php(45): require_once('C:\\xampp\\htdocs...')
#9 {main}
CRITICAL - 2021-07-28 11:03:43 --> Call to undefined function cek_manage_group_mesnu()
#0 C:\xampp\htdocs\spm\vendor\codeigniter4\framework\system\View\View.php(220): include()
#1 C:\xampp\htdocs\spm\vendor\codeigniter4\framework\system\View\View.php(222): CodeIgniter\View\View->CodeIgniter\View\{closure}()
#2 C:\xampp\htdocs\spm\vendor\codeigniter4\framework\system\Common.php(1217): CodeIgniter\View\View->render('Modules\\ManageU...', Array, true)
#3 C:\xampp\htdocs\spm\modules\ManageUsers\Controllers\DataGroupsPermissions.php(37): view('Modules\\ManageU...', Array)
#4 C:\xampp\htdocs\spm\vendor\codeigniter4\framework\system\CodeIgniter.php(940): Modules\ManageUsers\Controllers\DataGroupsPermissions->index()
#5 C:\xampp\htdocs\spm\vendor\codeigniter4\framework\system\CodeIgniter.php(436): CodeIgniter\CodeIgniter->runController(Object(Modules\ManageUsers\Controllers\DataGroupsPermissions))
#6 C:\xampp\htdocs\spm\vendor\codeigniter4\framework\system\CodeIgniter.php(337): CodeIgniter\CodeIgniter->handleRequest(NULL, Object(Config\Cache), false)
#7 C:\xampp\htdocs\spm\public\index.php(44): CodeIgniter\CodeIgniter->run()
#8 C:\xampp\htdocs\spm\vendor\codeigniter4\framework\system\Commands\Server\rewrite.php(45): require_once('C:\\xampp\\htdocs...')
#9 {main}
CRITICAL - 2021-07-28 11:06:48 --> Call to undefined function cek_manage_group_mesnu()
#0 C:\xampp\htdocs\spm\vendor\codeigniter4\framework\system\View\View.php(220): include()
#1 C:\xampp\htdocs\spm\vendor\codeigniter4\framework\system\View\View.php(222): CodeIgniter\View\View->CodeIgniter\View\{closure}()
#2 C:\xampp\htdocs\spm\vendor\codeigniter4\framework\system\Common.php(1217): CodeIgniter\View\View->render('Modules\\ManageU...', Array, true)
#3 C:\xampp\htdocs\spm\modules\ManageUsers\Controllers\DataGroupsPermissions.php(37): view('Modules\\ManageU...', Array)
#4 C:\xampp\htdocs\spm\vendor\codeigniter4\framework\system\CodeIgniter.php(940): Modules\ManageUsers\Controllers\DataGroupsPermissions->index()
#5 C:\xampp\htdocs\spm\vendor\codeigniter4\framework\system\CodeIgniter.php(436): CodeIgniter\CodeIgniter->runController(Object(Modules\ManageUsers\Controllers\DataGroupsPermissions))
#6 C:\xampp\htdocs\spm\vendor\codeigniter4\framework\system\CodeIgniter.php(337): CodeIgniter\CodeIgniter->handleRequest(NULL, Object(Config\Cache), false)
#7 C:\xampp\htdocs\spm\public\index.php(44): CodeIgniter\CodeIgniter->run()
#8 C:\xampp\htdocs\spm\vendor\codeigniter4\framework\system\Commands\Server\rewrite.php(45): require_once('C:\\xampp\\htdocs...')
#9 {main}
CRITICAL - 2021-07-28 13:36:09 --> Trying to get property 'id' of non-object
#0 C:\xampp\htdocs\spm\modules\ManageLayout\Views\sidebar.php(14): CodeIgniter\Debug\Exceptions->errorHandler(8, 'Trying to get p...', 'C:\\xampp\\htdocs...', 14, Array)
#1 C:\xampp\htdocs\spm\vendor\codeigniter4\framework\system\View\View.php(220): include('C:\\xampp\\htdocs...')
#2 C:\xampp\htdocs\spm\vendor\codeigniter4\framework\system\View\View.php(222): CodeIgniter\View\View->CodeIgniter\View\{closure}()
#3 C:\xampp\htdocs\spm\vendor\codeigniter4\framework\system\View\View.php(468): CodeIgniter\View\View->render('Modules\\ManageL...', NULL, true)
#4 C:\xampp\htdocs\spm\modules\ManageLayout\Views\layout.php(56): CodeIgniter\View\View->include('Modules\\ManageL...')
#5 C:\xampp\htdocs\spm\vendor\codeigniter4\framework\system\View\View.php(220): include('C:\\xampp\\htdocs...')
#6 C:\xampp\htdocs\spm\vendor\codeigniter4\framework\system\View\View.php(222): CodeIgniter\View\View->CodeIgniter\View\{closure}()
#7 C:\xampp\htdocs\spm\vendor\codeigniter4\framework\system\View\View.php(236): CodeIgniter\View\View->render('Modules\\ManageL...', Array, true)
#8 C:\xampp\htdocs\spm\vendor\codeigniter4\framework\system\Common.php(1217): CodeIgniter\View\View->render('Modules\\ManageL...', Array, true)
#9 C:\xampp\htdocs\spm\modules\ManageLayout\Controllers\Layout.php(36): view('Modules\\ManageL...', Array)
#10 C:\xampp\htdocs\spm\vendor\codeigniter4\framework\system\CodeIgniter.php(940): Modules\ManageLayout\Controllers\Layout->index()
#11 C:\xampp\htdocs\spm\vendor\codeigniter4\framework\system\CodeIgniter.php(436): CodeIgniter\CodeIgniter->runController(Object(Modules\ManageLayout\Controllers\Layout))
#12 C:\xampp\htdocs\spm\vendor\codeigniter4\framework\system\CodeIgniter.php(337): CodeIgniter\CodeIgniter->handleRequest(NULL, Object(Config\Cache), false)
#13 C:\xampp\htdocs\spm\public\index.php(44): CodeIgniter\CodeIgniter->run()
#14 C:\xampp\htdocs\spm\vendor\codeigniter4\framework\system\Commands\Server\rewrite.php(45): require_once('C:\\xampp\\htdocs...')
#15 {main}
CRITICAL - 2021-07-28 13:36:47 --> Undefined property: Modules\ManageLayout\Controllers\Layout::$auth
#0 C:\xampp\htdocs\spm\modules\ManageLayout\Controllers\Layout.php(15): CodeIgniter\Debug\Exceptions->errorHandler(8, 'Undefined prope...', 'C:\\xampp\\htdocs...', 15, Array)
#1 C:\xampp\htdocs\spm\vendor\codeigniter4\framework\system\CodeIgniter.php(912): Modules\ManageLayout\Controllers\Layout->__construct()
#2 C:\xampp\htdocs\spm\vendor\codeigniter4\framework\system\CodeIgniter.php(426): CodeIgniter\CodeIgniter->createController()
#3 C:\xampp\htdocs\spm\vendor\codeigniter4\framework\system\CodeIgniter.php(337): CodeIgniter\CodeIgniter->handleRequest(NULL, Object(Config\Cache), false)
#4 C:\xampp\htdocs\spm\public\index.php(44): CodeIgniter\CodeIgniter->run()
#5 C:\xampp\htdocs\spm\vendor\codeigniter4\framework\system\Commands\Server\rewrite.php(45): require_once('C:\\xampp\\htdocs...')
#6 {main}
CRITICAL - 2021-07-28 13:37:28 --> Trying to get property 'id' of non-object
#0 C:\xampp\htdocs\spm\modules\ManageLayout\Views\sidebar.php(14): CodeIgniter\Debug\Exceptions->errorHandler(8, 'Trying to get p...', 'C:\\xampp\\htdocs...', 14, Array)
#1 C:\xampp\htdocs\spm\vendor\codeigniter4\framework\system\View\View.php(220): include('C:\\xampp\\htdocs...')
#2 C:\xampp\htdocs\spm\vendor\codeigniter4\framework\system\View\View.php(222): CodeIgniter\View\View->CodeIgniter\View\{closure}()
#3 C:\xampp\htdocs\spm\vendor\codeigniter4\framework\system\View\View.php(468): CodeIgniter\View\View->render('Modules\\ManageL...', NULL, true)
#4 C:\xampp\htdocs\spm\modules\ManageLayout\Views\layout.php(56): CodeIgniter\View\View->include('Modules\\ManageL...')
#5 C:\xampp\htdocs\spm\vendor\codeigniter4\framework\system\View\View.php(220): include('C:\\xampp\\htdocs...')
#6 C:\xampp\htdocs\spm\vendor\codeigniter4\framework\system\View\View.php(222): CodeIgniter\View\View->CodeIgniter\View\{closure}()
#7 C:\xampp\htdocs\spm\vendor\codeigniter4\framework\system\View\View.php(236): CodeIgniter\View\View->render('Modules\\ManageL...', Array, true)
#8 C:\xampp\htdocs\spm\vendor\codeigniter4\framework\system\Common.php(1217): CodeIgniter\View\View->render('Modules\\ManageL...', Array, true)
#9 C:\xampp\htdocs\spm\modules\ManageLayout\Controllers\Layout.php(44): view('Modules\\ManageL...', Array)
#10 C:\xampp\htdocs\spm\vendor\codeigniter4\framework\system\CodeIgniter.php(940): Modules\ManageLayout\Controllers\Layout->index()
#11 C:\xampp\htdocs\spm\vendor\codeigniter4\framework\system\CodeIgniter.php(436): CodeIgniter\CodeIgniter->runController(Object(Modules\ManageLayout\Controllers\Layout))
#12 C:\xampp\htdocs\spm\vendor\codeigniter4\framework\system\CodeIgniter.php(337): CodeIgniter\CodeIgniter->handleRequest(NULL, Object(Config\Cache), false)
#13 C:\xampp\htdocs\spm\public\index.php(44): CodeIgniter\CodeIgniter->run()
#14 C:\xampp\htdocs\spm\vendor\codeigniter4\framework\system\Commands\Server\rewrite.php(45): require_once('C:\\xampp\\htdocs...')
#15 {main}
CRITICAL - 2021-07-28 13:37:31 --> Trying to get property 'id' of non-object
#0 C:\xampp\htdocs\spm\modules\ManageLayout\Views\sidebar.php(14): CodeIgniter\Debug\Exceptions->errorHandler(8, 'Trying to get p...', 'C:\\xampp\\htdocs...', 14, Array)
#1 C:\xampp\htdocs\spm\vendor\codeigniter4\framework\system\View\View.php(220): include('C:\\xampp\\htdocs...')
#2 C:\xampp\htdocs\spm\vendor\codeigniter4\framework\system\View\View.php(222): CodeIgniter\View\View->CodeIgniter\View\{closure}()
#3 C:\xampp\htdocs\spm\vendor\codeigniter4\framework\system\View\View.php(468): CodeIgniter\View\View->render('Modules\\ManageL...', NULL, true)
#4 C:\xampp\htdocs\spm\modules\ManageLayout\Views\layout.php(56): CodeIgniter\View\View->include('Modules\\ManageL...')
#5 C:\xampp\htdocs\spm\vendor\codeigniter4\framework\system\View\View.php(220): include('C:\\xampp\\htdocs...')
#6 C:\xampp\htdocs\spm\vendor\codeigniter4\framework\system\View\View.php(222): CodeIgniter\View\View->CodeIgniter\View\{closure}()
#7 C:\xampp\htdocs\spm\vendor\codeigniter4\framework\system\View\View.php(236): CodeIgniter\View\View->render('Modules\\ManageL...', Array, true)
#8 C:\xampp\htdocs\spm\vendor\codeigniter4\framework\system\Common.php(1217): CodeIgniter\View\View->render('Modules\\ManageL...', Array, true)
#9 C:\xampp\htdocs\spm\modules\ManageLayout\Controllers\Layout.php(44): view('Modules\\ManageL...', Array)
#10 C:\xampp\htdocs\spm\vendor\codeigniter4\framework\system\CodeIgniter.php(940): Modules\ManageLayout\Controllers\Layout->index()
#11 C:\xampp\htdocs\spm\vendor\codeigniter4\framework\system\CodeIgniter.php(436): CodeIgniter\CodeIgniter->runController(Object(Modules\ManageLayout\Controllers\Layout))
#12 C:\xampp\htdocs\spm\vendor\codeigniter4\framework\system\CodeIgniter.php(337): CodeIgniter\CodeIgniter->handleRequest(NULL, Object(Config\Cache), false)
#13 C:\xampp\htdocs\spm\public\index.php(44): CodeIgniter\CodeIgniter->run()
#14 C:\xampp\htdocs\spm\vendor\codeigniter4\framework\system\Commands\Server\rewrite.php(45): require_once('C:\\xampp\\htdocs...')
#15 {main}
CRITICAL - 2021-07-28 13:38:12 --> Trying to get property 'id' of non-object
#0 C:\xampp\htdocs\spm\modules\ManageLayout\Views\sidebar.php(14): CodeIgniter\Debug\Exceptions->errorHandler(8, 'Trying to get p...', 'C:\\xampp\\htdocs...', 14, Array)
#1 C:\xampp\htdocs\spm\vendor\codeigniter4\framework\system\View\View.php(220): include('C:\\xampp\\htdocs...')
#2 C:\xampp\htdocs\spm\vendor\codeigniter4\framework\system\View\View.php(222): CodeIgniter\View\View->CodeIgniter\View\{closure}()
#3 C:\xampp\htdocs\spm\vendor\codeigniter4\framework\system\View\View.php(468): CodeIgniter\View\View->render('Modules\\ManageL...', NULL, true)
#4 C:\xampp\htdocs\spm\modules\ManageLayout\Views\layout.php(56): CodeIgniter\View\View->include('Modules\\ManageL...')
#5 C:\xampp\htdocs\spm\vendor\codeigniter4\framework\system\View\View.php(220): include('C:\\xampp\\htdocs...')
#6 C:\xampp\htdocs\spm\vendor\codeigniter4\framework\system\View\View.php(222): CodeIgniter\View\View->CodeIgniter\View\{closure}()
#7 C:\xampp\htdocs\spm\vendor\codeigniter4\framework\system\View\View.php(236): CodeIgniter\View\View->render('Modules\\ManageL...', Array, true)
#8 C:\xampp\htdocs\spm\vendor\codeigniter4\framework\system\Common.php(1217): CodeIgniter\View\View->render('Modules\\ManageL...', Array, true)
#9 C:\xampp\htdocs\spm\modules\ManageLayout\Controllers\Layout.php(45): view('Modules\\ManageL...', Array)
#10 C:\xampp\htdocs\spm\vendor\codeigniter4\framework\system\CodeIgniter.php(940): Modules\ManageLayout\Controllers\Layout->index()
#11 C:\xampp\htdocs\spm\vendor\codeigniter4\framework\system\CodeIgniter.php(436): CodeIgniter\CodeIgniter->runController(Object(Modules\ManageLayout\Controllers\Layout))
#12 C:\xampp\htdocs\spm\vendor\codeigniter4\framework\system\CodeIgniter.php(337): CodeIgniter\CodeIgniter->handleRequest(NULL, Object(Config\Cache), false)
#13 C:\xampp\htdocs\spm\public\index.php(44): CodeIgniter\CodeIgniter->run()
#14 C:\xampp\htdocs\spm\vendor\codeigniter4\framework\system\Commands\Server\rewrite.php(45): require_once('C:\\xampp\\htdocs...')
#15 {main}
CRITICAL - 2021-07-28 13:38:13 --> Trying to get property 'id' of non-object
#0 C:\xampp\htdocs\spm\modules\ManageLayout\Views\sidebar.php(14): CodeIgniter\Debug\Exceptions->errorHandler(8, 'Trying to get p...', 'C:\\xampp\\htdocs...', 14, Array)
#1 C:\xampp\htdocs\spm\vendor\codeigniter4\framework\system\View\View.php(220): include('C:\\xampp\\htdocs...')
#2 C:\xampp\htdocs\spm\vendor\codeigniter4\framework\system\View\View.php(222): CodeIgniter\View\View->CodeIgniter\View\{closure}()
#3 C:\xampp\htdocs\spm\vendor\codeigniter4\framework\system\View\View.php(468): CodeIgniter\View\View->render('Modules\\ManageL...', NULL, true)
#4 C:\xampp\htdocs\spm\modules\ManageLayout\Views\layout.php(56): CodeIgniter\View\View->include('Modules\\ManageL...')
#5 C:\xampp\htdocs\spm\vendor\codeigniter4\framework\system\View\View.php(220): include('C:\\xampp\\htdocs...')
#6 C:\xampp\htdocs\spm\vendor\codeigniter4\framework\system\View\View.php(222): CodeIgniter\View\View->CodeIgniter\View\{closure}()
#7 C:\xampp\htdocs\spm\vendor\codeigniter4\framework\system\View\View.php(236): CodeIgniter\View\View->render('Modules\\ManageL...', Array, true)
#8 C:\xampp\htdocs\spm\vendor\codeigniter4\framework\system\Common.php(1217): CodeIgniter\View\View->render('Modules\\ManageL...', Array, true)
#9 C:\xampp\htdocs\spm\modules\ManageLayout\Controllers\Layout.php(45): view('Modules\\ManageL...', Array)
#10 C:\xampp\htdocs\spm\vendor\codeigniter4\framework\system\CodeIgniter.php(940): Modules\ManageLayout\Controllers\Layout->index()
#11 C:\xampp\htdocs\spm\vendor\codeigniter4\framework\system\CodeIgniter.php(436): CodeIgniter\CodeIgniter->runController(Object(Modules\ManageLayout\Controllers\Layout))
#12 C:\xampp\htdocs\spm\vendor\codeigniter4\framework\system\CodeIgniter.php(337): CodeIgniter\CodeIgniter->handleRequest(NULL, Object(Config\Cache), false)
#13 C:\xampp\htdocs\spm\public\index.php(44): CodeIgniter\CodeIgniter->run()
#14 C:\xampp\htdocs\spm\vendor\codeigniter4\framework\system\Commands\Server\rewrite.php(45): require_once('C:\\xampp\\htdocs...')
#15 {main}
CRITICAL - 2021-07-28 13:38:32 --> Call to undefined function Modules\ManageLayout\Controllers\user()
#0 C:\xampp\htdocs\spm\vendor\codeigniter4\framework\system\CodeIgniter.php(912): Modules\ManageLayout\Controllers\Layout->__construct()
#1 C:\xampp\htdocs\spm\vendor\codeigniter4\framework\system\CodeIgniter.php(426): CodeIgniter\CodeIgniter->createController()
#2 C:\xampp\htdocs\spm\vendor\codeigniter4\framework\system\CodeIgniter.php(337): CodeIgniter\CodeIgniter->handleRequest(NULL, Object(Config\Cache), false)
#3 C:\xampp\htdocs\spm\public\index.php(44): CodeIgniter\CodeIgniter->run()
#4 C:\xampp\htdocs\spm\vendor\codeigniter4\framework\system\Commands\Server\rewrite.php(45): require_once('C:\\xampp\\htdocs...')
#5 {main}
CRITICAL - 2021-07-28 13:38:33 --> Call to undefined function Modules\ManageLayout\Controllers\user()
#0 C:\xampp\htdocs\spm\vendor\codeigniter4\framework\system\CodeIgniter.php(912): Modules\ManageLayout\Controllers\Layout->__construct()
#1 C:\xampp\htdocs\spm\vendor\codeigniter4\framework\system\CodeIgniter.php(426): CodeIgniter\CodeIgniter->createController()
#2 C:\xampp\htdocs\spm\vendor\codeigniter4\framework\system\CodeIgniter.php(337): CodeIgniter\CodeIgniter->handleRequest(NULL, Object(Config\Cache), false)
#3 C:\xampp\htdocs\spm\public\index.php(44): CodeIgniter\CodeIgniter->run()
#4 C:\xampp\htdocs\spm\vendor\codeigniter4\framework\system\Commands\Server\rewrite.php(45): require_once('C:\\xampp\\htdocs...')
#5 {main}
CRITICAL - 2021-07-28 13:38:34 --> Call to undefined function Modules\ManageLayout\Controllers\user()
#0 C:\xampp\htdocs\spm\vendor\codeigniter4\framework\system\CodeIgniter.php(912): Modules\ManageLayout\Controllers\Layout->__construct()
#1 C:\xampp\htdocs\spm\vendor\codeigniter4\framework\system\CodeIgniter.php(426): CodeIgniter\CodeIgniter->createController()
#2 C:\xampp\htdocs\spm\vendor\codeigniter4\framework\system\CodeIgniter.php(337): CodeIgniter\CodeIgniter->handleRequest(NULL, Object(Config\Cache), false)
#3 C:\xampp\htdocs\spm\public\index.php(44): CodeIgniter\CodeIgniter->run()
#4 C:\xampp\htdocs\spm\vendor\codeigniter4\framework\system\Commands\Server\rewrite.php(45): require_once('C:\\xampp\\htdocs...')
#5 {main}
CRITICAL - 2021-07-28 13:38:35 --> Call to undefined function Modules\ManageLayout\Controllers\user()
#0 C:\xampp\htdocs\spm\vendor\codeigniter4\framework\system\CodeIgniter.php(912): Modules\ManageLayout\Controllers\Layout->__construct()
#1 C:\xampp\htdocs\spm\vendor\codeigniter4\framework\system\CodeIgniter.php(426): CodeIgniter\CodeIgniter->createController()
#2 C:\xampp\htdocs\spm\vendor\codeigniter4\framework\system\CodeIgniter.php(337): CodeIgniter\CodeIgniter->handleRequest(NULL, Object(Config\Cache), false)
#3 C:\xampp\htdocs\spm\public\index.php(44): CodeIgniter\CodeIgniter->run()
#4 C:\xampp\htdocs\spm\vendor\codeigniter4\framework\system\Commands\Server\rewrite.php(45): require_once('C:\\xampp\\htdocs...')
#5 {main}
CRITICAL - 2021-07-28 13:38:35 --> Call to undefined function Modules\ManageLayout\Controllers\user()
#0 C:\xampp\htdocs\spm\vendor\codeigniter4\framework\system\CodeIgniter.php(912): Modules\ManageLayout\Controllers\Layout->__construct()
#1 C:\xampp\htdocs\spm\vendor\codeigniter4\framework\system\CodeIgniter.php(426): CodeIgniter\CodeIgniter->createController()
#2 C:\xampp\htdocs\spm\vendor\codeigniter4\framework\system\CodeIgniter.php(337): CodeIgniter\CodeIgniter->handleRequest(NULL, Object(Config\Cache), false)
#3 C:\xampp\htdocs\spm\public\index.php(44): CodeIgniter\CodeIgniter->run()
#4 C:\xampp\htdocs\spm\vendor\codeigniter4\framework\system\Commands\Server\rewrite.php(45): require_once('C:\\xampp\\htdocs...')
#5 {main}
CRITICAL - 2021-07-28 13:38:35 --> Call to undefined function Modules\ManageLayout\Controllers\user()
#0 C:\xampp\htdocs\spm\vendor\codeigniter4\framework\system\CodeIgniter.php(912): Modules\ManageLayout\Controllers\Layout->__construct()
#1 C:\xampp\htdocs\spm\vendor\codeigniter4\framework\system\CodeIgniter.php(426): CodeIgniter\CodeIgniter->createController()
#2 C:\xampp\htdocs\spm\vendor\codeigniter4\framework\system\CodeIgniter.php(337): CodeIgniter\CodeIgniter->handleRequest(NULL, Object(Config\Cache), false)
#3 C:\xampp\htdocs\spm\public\index.php(44): CodeIgniter\CodeIgniter->run()
#4 C:\xampp\htdocs\spm\vendor\codeigniter4\framework\system\Commands\Server\rewrite.php(45): require_once('C:\\xampp\\htdocs...')
#5 {main}
CRITICAL - 2021-07-28 13:38:58 --> Trying to get property 'id' of non-object
#0 C:\xampp\htdocs\spm\modules\ManageLayout\Views\sidebar.php(14): CodeIgniter\Debug\Exceptions->errorHandler(8, 'Trying to get p...', 'C:\\xampp\\htdocs...', 14, Array)
#1 C:\xampp\htdocs\spm\vendor\codeigniter4\framework\system\View\View.php(220): include('C:\\xampp\\htdocs...')
#2 C:\xampp\htdocs\spm\vendor\codeigniter4\framework\system\View\View.php(222): CodeIgniter\View\View->CodeIgniter\View\{closure}()
#3 C:\xampp\htdocs\spm\vendor\codeigniter4\framework\system\View\View.php(468): CodeIgniter\View\View->render('Modules\\ManageL...', NULL, true)
#4 C:\xampp\htdocs\spm\modules\ManageLayout\Views\layout.php(56): CodeIgniter\View\View->include('Modules\\ManageL...')
#5 C:\xampp\htdocs\spm\vendor\codeigniter4\framework\system\View\View.php(220): include('C:\\xampp\\htdocs...')
#6 C:\xampp\htdocs\spm\vendor\codeigniter4\framework\system\View\View.php(222): CodeIgniter\View\View->CodeIgniter\View\{closure}()
#7 C:\xampp\htdocs\spm\vendor\codeigniter4\framework\system\View\View.php(236): CodeIgniter\View\View->render('Modules\\ManageL...', Array, true)
#8 C:\xampp\htdocs\spm\vendor\codeigniter4\framework\system\Common.php(1217): CodeIgniter\View\View->render('Modules\\ManageL...', Array, true)
#9 C:\xampp\htdocs\spm\modules\ManageLayout\Controllers\Layout.php(45): view('Modules\\ManageL...', Array)
#10 C:\xampp\htdocs\spm\vendor\codeigniter4\framework\system\CodeIgniter.php(940): Modules\ManageLayout\Controllers\Layout->index()
#11 C:\xampp\htdocs\spm\vendor\codeigniter4\framework\system\CodeIgniter.php(436): CodeIgniter\CodeIgniter->runController(Object(Modules\ManageLayout\Controllers\Layout))
#12 C:\xampp\htdocs\spm\vendor\codeigniter4\framework\system\CodeIgniter.php(337): CodeIgniter\CodeIgniter->handleRequest(NULL, Object(Config\Cache), false)
#13 C:\xampp\htdocs\spm\public\index.php(44): CodeIgniter\CodeIgniter->run()
#14 C:\xampp\htdocs\spm\vendor\codeigniter4\framework\system\Commands\Server\rewrite.php(45): require_once('C:\\xampp\\htdocs...')
#15 {main}
CRITICAL - 2021-07-28 13:39:03 --> Trying to get property 'id' of non-object
#0 C:\xampp\htdocs\spm\modules\ManageLayout\Views\sidebar.php(14): CodeIgniter\Debug\Exceptions->errorHandler(8, 'Trying to get p...', 'C:\\xampp\\htdocs...', 14, Array)
#1 C:\xampp\htdocs\spm\vendor\codeigniter4\framework\system\View\View.php(220): include('C:\\xampp\\htdocs...')
#2 C:\xampp\htdocs\spm\vendor\codeigniter4\framework\system\View\View.php(222): CodeIgniter\View\View->CodeIgniter\View\{closure}()
#3 C:\xampp\htdocs\spm\vendor\codeigniter4\framework\system\View\View.php(468): CodeIgniter\View\View->render('Modules\\ManageL...', NULL, true)
#4 C:\xampp\htdocs\spm\modules\ManageLayout\Views\layout.php(56): CodeIgniter\View\View->include('Modules\\ManageL...')
#5 C:\xampp\htdocs\spm\vendor\codeigniter4\framework\system\View\View.php(220): include('C:\\xampp\\htdocs...')
#6 C:\xampp\htdocs\spm\vendor\codeigniter4\framework\system\View\View.php(222): CodeIgniter\View\View->CodeIgniter\View\{closure}()
#7 C:\xampp\htdocs\spm\vendor\codeigniter4\framework\system\View\View.php(236): CodeIgniter\View\View->render('Modules\\ManageL...', Array, true)
#8 C:\xampp\htdocs\spm\vendor\codeigniter4\framework\system\Common.php(1217): CodeIgniter\View\View->render('Modules\\ManageL...', Array, true)
#9 C:\xampp\htdocs\spm\modules\ManageLayout\Controllers\Layout.php(45): view('Modules\\ManageL...', Array)
#10 C:\xampp\htdocs\spm\vendor\codeigniter4\framework\system\CodeIgniter.php(940): Modules\ManageLayout\Controllers\Layout->index()
#11 C:\xampp\htdocs\spm\vendor\codeigniter4\framework\system\CodeIgniter.php(436): CodeIgniter\CodeIgniter->runController(Object(Modules\ManageLayout\Controllers\Layout))
#12 C:\xampp\htdocs\spm\vendor\codeigniter4\framework\system\CodeIgniter.php(337): CodeIgniter\CodeIgniter->handleRequest(NULL, Object(Config\Cache), false)
#13 C:\xampp\htdocs\spm\public\index.php(44): CodeIgniter\CodeIgniter->run()
#14 C:\xampp\htdocs\spm\vendor\codeigniter4\framework\system\Commands\Server\rewrite.php(45): require_once('C:\\xampp\\htdocs...')
#15 {main}
CRITICAL - 2021-07-28 13:40:26 --> Trying to get property 'id' of non-object
#0 C:\xampp\htdocs\spm\modules\ManageLayout\Views\sidebar.php(14): CodeIgniter\Debug\Exceptions->errorHandler(8, 'Trying to get p...', 'C:\\xampp\\htdocs...', 14, Array)
#1 C:\xampp\htdocs\spm\vendor\codeigniter4\framework\system\View\View.php(220): include('C:\\xampp\\htdocs...')
#2 C:\xampp\htdocs\spm\vendor\codeigniter4\framework\system\View\View.php(222): CodeIgniter\View\View->CodeIgniter\View\{closure}()
#3 C:\xampp\htdocs\spm\vendor\codeigniter4\framework\system\View\View.php(468): CodeIgniter\View\View->render('Modules\\ManageL...', NULL, true)
#4 C:\xampp\htdocs\spm\modules\ManageLayout\Views\layout.php(56): CodeIgniter\View\View->include('Modules\\ManageL...')
#5 C:\xampp\htdocs\spm\vendor\codeigniter4\framework\system\View\View.php(220): include('C:\\xampp\\htdocs...')
#6 C:\xampp\htdocs\spm\vendor\codeigniter4\framework\system\View\View.php(222): CodeIgniter\View\View->CodeIgniter\View\{closure}()
#7 C:\xampp\htdocs\spm\vendor\codeigniter4\framework\system\View\View.php(236): CodeIgniter\View\View->render('Modules\\ManageL...', Array, true)
#8 C:\xampp\htdocs\spm\vendor\codeigniter4\framework\system\Common.php(1217): CodeIgniter\View\View->render('Modules\\ManageL...', Array, true)
#9 C:\xampp\htdocs\spm\modules\ManageLayout\Controllers\Layout.php(45): view('Modules\\ManageL...', Array)
#10 C:\xampp\htdocs\spm\vendor\codeigniter4\framework\system\CodeIgniter.php(940): Modules\ManageLayout\Controllers\Layout->index()
#11 C:\xampp\htdocs\spm\vendor\codeigniter4\framework\system\CodeIgniter.php(436): CodeIgniter\CodeIgniter->runController(Object(Modules\ManageLayout\Controllers\Layout))
#12 C:\xampp\htdocs\spm\vendor\codeigniter4\framework\system\CodeIgniter.php(337): CodeIgniter\CodeIgniter->handleRequest(NULL, Object(Config\Cache), false)
#13 C:\xampp\htdocs\spm\public\index.php(44): CodeIgniter\CodeIgniter->run()
#14 C:\xampp\htdocs\spm\vendor\codeigniter4\framework\system\Commands\Server\rewrite.php(45): require_once('C:\\xampp\\htdocs...')
#15 {main}
CRITICAL - 2021-07-28 13:40:28 --> Trying to get property 'id' of non-object
#0 C:\xampp\htdocs\spm\modules\ManageLayout\Views\sidebar.php(14): CodeIgniter\Debug\Exceptions->errorHandler(8, 'Trying to get p...', 'C:\\xampp\\htdocs...', 14, Array)
#1 C:\xampp\htdocs\spm\vendor\codeigniter4\framework\system\View\View.php(220): include('C:\\xampp\\htdocs...')
#2 C:\xampp\htdocs\spm\vendor\codeigniter4\framework\system\View\View.php(222): CodeIgniter\View\View->CodeIgniter\View\{closure}()
#3 C:\xampp\htdocs\spm\vendor\codeigniter4\framework\system\View\View.php(468): CodeIgniter\View\View->render('Modules\\ManageL...', NULL, true)
#4 C:\xampp\htdocs\spm\modules\ManageLayout\Views\layout.php(56): CodeIgniter\View\View->include('Modules\\ManageL...')
#5 C:\xampp\htdocs\spm\vendor\codeigniter4\framework\system\View\View.php(220): include('C:\\xampp\\htdocs...')
#6 C:\xampp\htdocs\spm\vendor\codeigniter4\framework\system\View\View.php(222): CodeIgniter\View\View->CodeIgniter\View\{closure}()
#7 C:\xampp\htdocs\spm\vendor\codeigniter4\framework\system\View\View.php(236): CodeIgniter\View\View->render('Modules\\ManageL...', Array, true)
#8 C:\xampp\htdocs\spm\vendor\codeigniter4\framework\system\Common.php(1217): CodeIgniter\View\View->render('Modules\\ManageL...', Array, true)
#9 C:\xampp\htdocs\spm\modules\ManageLayout\Controllers\Layout.php(45): view('Modules\\ManageL...', Array)
#10 C:\xampp\htdocs\spm\vendor\codeigniter4\framework\system\CodeIgniter.php(940): Modules\ManageLayout\Controllers\Layout->index()
#11 C:\xampp\htdocs\spm\vendor\codeigniter4\framework\system\CodeIgniter.php(436): CodeIgniter\CodeIgniter->runController(Object(Modules\ManageLayout\Controllers\Layout))
#12 C:\xampp\htdocs\spm\vendor\codeigniter4\framework\system\CodeIgniter.php(337): CodeIgniter\CodeIgniter->handleRequest(NULL, Object(Config\Cache), false)
#13 C:\xampp\htdocs\spm\public\index.php(44): CodeIgniter\CodeIgniter->run()
#14 C:\xampp\htdocs\spm\vendor\codeigniter4\framework\system\Commands\Server\rewrite.php(45): require_once('C:\\xampp\\htdocs...')
#15 {main}
CRITICAL - 2021-07-28 13:40:29 --> Trying to get property 'id' of non-object
#0 C:\xampp\htdocs\spm\modules\ManageLayout\Views\sidebar.php(14): CodeIgniter\Debug\Exceptions->errorHandler(8, 'Trying to get p...', 'C:\\xampp\\htdocs...', 14, Array)
#1 C:\xampp\htdocs\spm\vendor\codeigniter4\framework\system\View\View.php(220): include('C:\\xampp\\htdocs...')
#2 C:\xampp\htdocs\spm\vendor\codeigniter4\framework\system\View\View.php(222): CodeIgniter\View\View->CodeIgniter\View\{closure}()
#3 C:\xampp\htdocs\spm\vendor\codeigniter4\framework\system\View\View.php(468): CodeIgniter\View\View->render('Modules\\ManageL...', NULL, true)
#4 C:\xampp\htdocs\spm\modules\ManageLayout\Views\layout.php(56): CodeIgniter\View\View->include('Modules\\ManageL...')
#5 C:\xampp\htdocs\spm\vendor\codeigniter4\framework\system\View\View.php(220): include('C:\\xampp\\htdocs...')
#6 C:\xampp\htdocs\spm\vendor\codeigniter4\framework\system\View\View.php(222): CodeIgniter\View\View->CodeIgniter\View\{closure}()
#7 C:\xampp\htdocs\spm\vendor\codeigniter4\framework\system\View\View.php(236): CodeIgniter\View\View->render('Modules\\ManageL...', Array, true)
#8 C:\xampp\htdocs\spm\vendor\codeigniter4\framework\system\Common.php(1217): CodeIgniter\View\View->render('Modules\\ManageL...', Array, true)
#9 C:\xampp\htdocs\spm\modules\ManageLayout\Controllers\Layout.php(45): view('Modules\\ManageL...', Array)
#10 C:\xampp\htdocs\spm\vendor\codeigniter4\framework\system\CodeIgniter.php(940): Modules\ManageLayout\Controllers\Layout->index()
#11 C:\xampp\htdocs\spm\vendor\codeigniter4\framework\system\CodeIgniter.php(436): CodeIgniter\CodeIgniter->runController(Object(Modules\ManageLayout\Controllers\Layout))
#12 C:\xampp\htdocs\spm\vendor\codeigniter4\framework\system\CodeIgniter.php(337): CodeIgniter\CodeIgniter->handleRequest(NULL, Object(Config\Cache), false)
#13 C:\xampp\htdocs\spm\public\index.php(44): CodeIgniter\CodeIgniter->run()
#14 C:\xampp\htdocs\spm\vendor\codeigniter4\framework\system\Commands\Server\rewrite.php(45): require_once('C:\\xampp\\htdocs...')
#15 {main}
CRITICAL - 2021-07-28 13:40:30 --> Trying to get property 'id' of non-object
#0 C:\xampp\htdocs\spm\modules\ManageLayout\Views\sidebar.php(14): CodeIgniter\Debug\Exceptions->errorHandler(8, 'Trying to get p...', 'C:\\xampp\\htdocs...', 14, Array)
#1 C:\xampp\htdocs\spm\vendor\codeigniter4\framework\system\View\View.php(220): include('C:\\xampp\\htdocs...')
#2 C:\xampp\htdocs\spm\vendor\codeigniter4\framework\system\View\View.php(222): CodeIgniter\View\View->CodeIgniter\View\{closure}()
#3 C:\xampp\htdocs\spm\vendor\codeigniter4\framework\system\View\View.php(468): CodeIgniter\View\View->render('Modules\\ManageL...', NULL, true)
#4 C:\xampp\htdocs\spm\modules\ManageLayout\Views\layout.php(56): CodeIgniter\View\View->include('Modules\\ManageL...')
#5 C:\xampp\htdocs\spm\vendor\codeigniter4\framework\system\View\View.php(220): include('C:\\xampp\\htdocs...')
#6 C:\xampp\htdocs\spm\vendor\codeigniter4\framework\system\View\View.php(222): CodeIgniter\View\View->CodeIgniter\View\{closure}()
#7 C:\xampp\htdocs\spm\vendor\codeigniter4\framework\system\View\View.php(236): CodeIgniter\View\View->render('Modules\\ManageL...', Array, true)
#8 C:\xampp\htdocs\spm\vendor\codeigniter4\framework\system\Common.php(1217): CodeIgniter\View\View->render('Modules\\ManageL...', Array, true)
#9 C:\xampp\htdocs\spm\modules\ManageLayout\Controllers\Layout.php(45): view('Modules\\ManageL...', Array)
#10 C:\xampp\htdocs\spm\vendor\codeigniter4\framework\system\CodeIgniter.php(940): Modules\ManageLayout\Controllers\Layout->index()
#11 C:\xampp\htdocs\spm\vendor\codeigniter4\framework\system\CodeIgniter.php(436): CodeIgniter\CodeIgniter->runController(Object(Modules\ManageLayout\Controllers\Layout))
#12 C:\xampp\htdocs\spm\vendor\codeigniter4\framework\system\CodeIgniter.php(337): CodeIgniter\CodeIgniter->handleRequest(NULL, Object(Config\Cache), false)
#13 C:\xampp\htdocs\spm\public\index.php(44): CodeIgniter\CodeIgniter->run()
#14 C:\xampp\htdocs\spm\vendor\codeigniter4\framework\system\Commands\Server\rewrite.php(45): require_once('C:\\xampp\\htdocs...')
#15 {main}
CRITICAL - 2021-07-28 13:40:37 --> Trying to get property 'id' of non-object
#0 C:\xampp\htdocs\spm\modules\ManageLayout\Views\sidebar.php(14): CodeIgniter\Debug\Exceptions->errorHandler(8, 'Trying to get p...', 'C:\\xampp\\htdocs...', 14, Array)
#1 C:\xampp\htdocs\spm\vendor\codeigniter4\framework\system\View\View.php(220): include('C:\\xampp\\htdocs...')
#2 C:\xampp\htdocs\spm\vendor\codeigniter4\framework\system\View\View.php(222): CodeIgniter\View\View->CodeIgniter\View\{closure}()
#3 C:\xampp\htdocs\spm\vendor\codeigniter4\framework\system\View\View.php(468): CodeIgniter\View\View->render('Modules\\ManageL...', NULL, true)
#4 C:\xampp\htdocs\spm\modules\ManageLayout\Views\layout.php(56): CodeIgniter\View\View->include('Modules\\ManageL...')
#5 C:\xampp\htdocs\spm\vendor\codeigniter4\framework\system\View\View.php(220): include('C:\\xampp\\htdocs...')
#6 C:\xampp\htdocs\spm\vendor\codeigniter4\framework\system\View\View.php(222): CodeIgniter\View\View->CodeIgniter\View\{closure}()
#7 C:\xampp\htdocs\spm\vendor\codeigniter4\framework\system\View\View.php(236): CodeIgniter\View\View->render('Modules\\ManageL...', Array, true)
#8 C:\xampp\htdocs\spm\vendor\codeigniter4\framework\system\Common.php(1217): CodeIgniter\View\View->render('Modules\\ManageL...', Array, true)
#9 C:\xampp\htdocs\spm\modules\ManageLayout\Controllers\Layout.php(45): view('Modules\\ManageL...', Array)
#10 C:\xampp\htdocs\spm\vendor\codeigniter4\framework\system\CodeIgniter.php(940): Modules\ManageLayout\Controllers\Layout->index()
#11 C:\xampp\htdocs\spm\vendor\codeigniter4\framework\system\CodeIgniter.php(436): CodeIgniter\CodeIgniter->runController(Object(Modules\ManageLayout\Controllers\Layout))
#12 C:\xampp\htdocs\spm\vendor\codeigniter4\framework\system\CodeIgniter.php(337): CodeIgniter\CodeIgniter->handleRequest(NULL, Object(Config\Cache), false)
#13 C:\xampp\htdocs\spm\public\index.php(44): CodeIgniter\CodeIgniter->run()
#14 C:\xampp\htdocs\spm\vendor\codeigniter4\framework\system\Commands\Server\rewrite.php(45): require_once('C:\\xampp\\htdocs...')
#15 {main}
CRITICAL - 2021-07-28 13:40:38 --> Trying to get property 'id' of non-object
#0 C:\xampp\htdocs\spm\modules\ManageLayout\Views\sidebar.php(14): CodeIgniter\Debug\Exceptions->errorHandler(8, 'Trying to get p...', 'C:\\xampp\\htdocs...', 14, Array)
#1 C:\xampp\htdocs\spm\vendor\codeigniter4\framework\system\View\View.php(220): include('C:\\xampp\\htdocs...')
#2 C:\xampp\htdocs\spm\vendor\codeigniter4\framework\system\View\View.php(222): CodeIgniter\View\View->CodeIgniter\View\{closure}()
#3 C:\xampp\htdocs\spm\vendor\codeigniter4\framework\system\View\View.php(468): CodeIgniter\View\View->render('Modules\\ManageL...', NULL, true)
#4 C:\xampp\htdocs\spm\modules\ManageLayout\Views\layout.php(56): CodeIgniter\View\View->include('Modules\\ManageL...')
#5 C:\xampp\htdocs\spm\vendor\codeigniter4\framework\system\View\View.php(220): include('C:\\xampp\\htdocs...')
#6 C:\xampp\htdocs\spm\vendor\codeigniter4\framework\system\View\View.php(222): CodeIgniter\View\View->CodeIgniter\View\{closure}()
#7 C:\xampp\htdocs\spm\vendor\codeigniter4\framework\system\View\View.php(236): CodeIgniter\View\View->render('Modules\\ManageL...', Array, true)
#8 C:\xampp\htdocs\spm\vendor\codeigniter4\framework\system\Common.php(1217): CodeIgniter\View\View->render('Modules\\ManageL...', Array, true)
#9 C:\xampp\htdocs\spm\modules\ManageLayout\Controllers\Layout.php(45): view('Modules\\ManageL...', Array)
#10 C:\xampp\htdocs\spm\vendor\codeigniter4\framework\system\CodeIgniter.php(940): Modules\ManageLayout\Controllers\Layout->index()
#11 C:\xampp\htdocs\spm\vendor\codeigniter4\framework\system\CodeIgniter.php(436): CodeIgniter\CodeIgniter->runController(Object(Modules\ManageLayout\Controllers\Layout))
#12 C:\xampp\htdocs\spm\vendor\codeigniter4\framework\system\CodeIgniter.php(337): CodeIgniter\CodeIgniter->handleRequest(NULL, Object(Config\Cache), false)
#13 C:\xampp\htdocs\spm\public\index.php(44): CodeIgniter\CodeIgniter->run()
#14 C:\xampp\htdocs\spm\vendor\codeigniter4\framework\system\Commands\Server\rewrite.php(45): require_once('C:\\xampp\\htdocs...')
#15 {main}
CRITICAL - 2021-07-28 13:40:42 --> Trying to get property 'id' of non-object
#0 C:\xampp\htdocs\spm\modules\ManageLayout\Views\sidebar.php(14): CodeIgniter\Debug\Exceptions->errorHandler(8, 'Trying to get p...', 'C:\\xampp\\htdocs...', 14, Array)
#1 C:\xampp\htdocs\spm\vendor\codeigniter4\framework\system\View\View.php(220): include('C:\\xampp\\htdocs...')
#2 C:\xampp\htdocs\spm\vendor\codeigniter4\framework\system\View\View.php(222): CodeIgniter\View\View->CodeIgniter\View\{closure}()
#3 C:\xampp\htdocs\spm\vendor\codeigniter4\framework\system\View\View.php(468): CodeIgniter\View\View->render('Modules\\ManageL...', NULL, true)
#4 C:\xampp\htdocs\spm\modules\ManageLayout\Views\layout.php(56): CodeIgniter\View\View->include('Modules\\ManageL...')
#5 C:\xampp\htdocs\spm\vendor\codeigniter4\framework\system\View\View.php(220): include('C:\\xampp\\htdocs...')
#6 C:\xampp\htdocs\spm\vendor\codeigniter4\framework\system\View\View.php(222): CodeIgniter\View\View->CodeIgniter\View\{closure}()
#7 C:\xampp\htdocs\spm\vendor\codeigniter4\framework\system\View\View.php(236): CodeIgniter\View\View->render('Modules\\ManageL...', Array, true)
#8 C:\xampp\htdocs\spm\vendor\codeigniter4\framework\system\Common.php(1217): CodeIgniter\View\View->render('Modules\\ManageL...', Array, true)
#9 C:\xampp\htdocs\spm\modules\ManageLayout\Controllers\Layout.php(45): view('Modules\\ManageL...', Array)
#10 C:\xampp\htdocs\spm\vendor\codeigniter4\framework\system\CodeIgniter.php(940): Modules\ManageLayout\Controllers\Layout->index()
#11 C:\xampp\htdocs\spm\vendor\codeigniter4\framework\system\CodeIgniter.php(436): CodeIgniter\CodeIgniter->runController(Object(Modules\ManageLayout\Controllers\Layout))
#12 C:\xampp\htdocs\spm\vendor\codeigniter4\framework\system\CodeIgniter.php(337): CodeIgniter\CodeIgniter->handleRequest(NULL, Object(Config\Cache), false)
#13 C:\xampp\htdocs\spm\public\index.php(44): CodeIgniter\CodeIgniter->run()
#14 C:\xampp\htdocs\spm\vendor\codeigniter4\framework\system\Commands\Server\rewrite.php(45): require_once('C:\\xampp\\htdocs...')
#15 {main}
CRITICAL - 2021-07-28 13:40:51 --> Trying to get property 'id' of non-object
#0 C:\xampp\htdocs\spm\modules\ManageLayout\Views\sidebar.php(14): CodeIgniter\Debug\Exceptions->errorHandler(8, 'Trying to get p...', 'C:\\xampp\\htdocs...', 14, Array)
#1 C:\xampp\htdocs\spm\vendor\codeigniter4\framework\system\View\View.php(220): include('C:\\xampp\\htdocs...')
#2 C:\xampp\htdocs\spm\vendor\codeigniter4\framework\system\View\View.php(222): CodeIgniter\View\View->CodeIgniter\View\{closure}()
#3 C:\xampp\htdocs\spm\vendor\codeigniter4\framework\system\View\View.php(468): CodeIgniter\View\View->render('Modules\\ManageL...', NULL, true)
#4 C:\xampp\htdocs\spm\modules\ManageLayout\Views\layout.php(56): CodeIgniter\View\View->include('Modules\\ManageL...')
#5 C:\xampp\htdocs\spm\vendor\codeigniter4\framework\system\View\View.php(220): include('C:\\xampp\\htdocs...')
#6 C:\xampp\htdocs\spm\vendor\codeigniter4\framework\system\View\View.php(222): CodeIgniter\View\View->CodeIgniter\View\{closure}()
#7 C:\xampp\htdocs\spm\vendor\codeigniter4\framework\system\View\View.php(236): CodeIgniter\View\View->render('Modules\\ManageL...', Array, true)
#8 C:\xampp\htdocs\spm\vendor\codeigniter4\framework\system\Common.php(1217): CodeIgniter\View\View->render('Modules\\ManageL...', Array, true)
#9 C:\xampp\htdocs\spm\modules\ManageLayout\Controllers\Layout.php(45): view('Modules\\ManageL...', Array)
#10 C:\xampp\htdocs\spm\vendor\codeigniter4\framework\system\CodeIgniter.php(940): Modules\ManageLayout\Controllers\Layout->index()
#11 C:\xampp\htdocs\spm\vendor\codeigniter4\framework\system\CodeIgniter.php(436): CodeIgniter\CodeIgniter->runController(Object(Modules\ManageLayout\Controllers\Layout))
#12 C:\xampp\htdocs\spm\vendor\codeigniter4\framework\system\CodeIgniter.php(337): CodeIgniter\CodeIgniter->handleRequest(NULL, Object(Config\Cache), false)
#13 C:\xampp\htdocs\spm\public\index.php(44): CodeIgniter\CodeIgniter->run()
#14 C:\xampp\htdocs\spm\vendor\codeigniter4\framework\system\Commands\Server\rewrite.php(45): require_once('C:\\xampp\\htdocs...')
#15 {main}
CRITICAL - 2021-07-28 13:40:52 --> Trying to get property 'id' of non-object
#0 C:\xampp\htdocs\spm\modules\ManageLayout\Views\sidebar.php(14): CodeIgniter\Debug\Exceptions->errorHandler(8, 'Trying to get p...', 'C:\\xampp\\htdocs...', 14, Array)
#1 C:\xampp\htdocs\spm\vendor\codeigniter4\framework\system\View\View.php(220): include('C:\\xampp\\htdocs...')
#2 C:\xampp\htdocs\spm\vendor\codeigniter4\framework\system\View\View.php(222): CodeIgniter\View\View->CodeIgniter\View\{closure}()
#3 C:\xampp\htdocs\spm\vendor\codeigniter4\framework\system\View\View.php(468): CodeIgniter\View\View->render('Modules\\ManageL...', NULL, true)
#4 C:\xampp\htdocs\spm\modules\ManageLayout\Views\layout.php(56): CodeIgniter\View\View->include('Modules\\ManageL...')
#5 C:\xampp\htdocs\spm\vendor\codeigniter4\framework\system\View\View.php(220): include('C:\\xampp\\htdocs...')
#6 C:\xampp\htdocs\spm\vendor\codeigniter4\framework\system\View\View.php(222): CodeIgniter\View\View->CodeIgniter\View\{closure}()
#7 C:\xampp\htdocs\spm\vendor\codeigniter4\framework\system\View\View.php(236): CodeIgniter\View\View->render('Modules\\ManageL...', Array, true)
#8 C:\xampp\htdocs\spm\vendor\codeigniter4\framework\system\Common.php(1217): CodeIgniter\View\View->render('Modules\\ManageL...', Array, true)
#9 C:\xampp\htdocs\spm\modules\ManageLayout\Controllers\Layout.php(45): view('Modules\\ManageL...', Array)
#10 C:\xampp\htdocs\spm\vendor\codeigniter4\framework\system\CodeIgniter.php(940): Modules\ManageLayout\Controllers\Layout->index()
#11 C:\xampp\htdocs\spm\vendor\codeigniter4\framework\system\CodeIgniter.php(436): CodeIgniter\CodeIgniter->runController(Object(Modules\ManageLayout\Controllers\Layout))
#12 C:\xampp\htdocs\spm\vendor\codeigniter4\framework\system\CodeIgniter.php(337): CodeIgniter\CodeIgniter->handleRequest(NULL, Object(Config\Cache), false)
#13 C:\xampp\htdocs\spm\public\index.php(44): CodeIgniter\CodeIgniter->run()
#14 C:\xampp\htdocs\spm\vendor\codeigniter4\framework\system\Commands\Server\rewrite.php(45): require_once('C:\\xampp\\htdocs...')
#15 {main}
CRITICAL - 2021-07-28 13:40:55 --> Trying to get property 'id' of non-object
#0 C:\xampp\htdocs\spm\modules\ManageLayout\Views\sidebar.php(14): CodeIgniter\Debug\Exceptions->errorHandler(8, 'Trying to get p...', 'C:\\xampp\\htdocs...', 14, Array)
#1 C:\xampp\htdocs\spm\vendor\codeigniter4\framework\system\View\View.php(220): include('C:\\xampp\\htdocs...')
#2 C:\xampp\htdocs\spm\vendor\codeigniter4\framework\system\View\View.php(222): CodeIgniter\View\View->CodeIgniter\View\{closure}()
#3 C:\xampp\htdocs\spm\vendor\codeigniter4\framework\system\View\View.php(468): CodeIgniter\View\View->render('Modules\\ManageL...', NULL, true)
#4 C:\xampp\htdocs\spm\modules\ManageLayout\Views\layout.php(56): CodeIgniter\View\View->include('Modules\\ManageL...')
#5 C:\xampp\htdocs\spm\vendor\codeigniter4\framework\system\View\View.php(220): include('C:\\xampp\\htdocs...')
#6 C:\xampp\htdocs\spm\vendor\codeigniter4\framework\system\View\View.php(222): CodeIgniter\View\View->CodeIgniter\View\{closure}()
#7 C:\xampp\htdocs\spm\vendor\codeigniter4\framework\system\View\View.php(236): CodeIgniter\View\View->render('Modules\\ManageL...', Array, true)
#8 C:\xampp\htdocs\spm\vendor\codeigniter4\framework\system\Common.php(1217): CodeIgniter\View\View->render('Modules\\ManageL...', Array, true)
#9 C:\xampp\htdocs\spm\modules\ManageLayout\Controllers\Layout.php(45): view('Modules\\ManageL...', Array)
#10 C:\xampp\htdocs\spm\vendor\codeigniter4\framework\system\CodeIgniter.php(940): Modules\ManageLayout\Controllers\Layout->index()
#11 C:\xampp\htdocs\spm\vendor\codeigniter4\framework\system\CodeIgniter.php(436): CodeIgniter\CodeIgniter->runController(Object(Modules\ManageLayout\Controllers\Layout))
#12 C:\xampp\htdocs\spm\vendor\codeigniter4\framework\system\CodeIgniter.php(337): CodeIgniter\CodeIgniter->handleRequest(NULL, Object(Config\Cache), false)
#13 C:\xampp\htdocs\spm\public\index.php(44): CodeIgniter\CodeIgniter->run()
#14 C:\xampp\htdocs\spm\vendor\codeigniter4\framework\system\Commands\Server\rewrite.php(45): require_once('C:\\xampp\\htdocs...')
#15 {main}
CRITICAL - 2021-07-28 13:43:26 --> Trying to get property 'id' of non-object
#0 C:\xampp\htdocs\spm\modules\ManageLayout\Views\sidebar.php(14): CodeIgniter\Debug\Exceptions->errorHandler(8, 'Trying to get p...', 'C:\\xampp\\htdocs...', 14, Array)
#1 C:\xampp\htdocs\spm\vendor\codeigniter4\framework\system\View\View.php(220): include('C:\\xampp\\htdocs...')
#2 C:\xampp\htdocs\spm\vendor\codeigniter4\framework\system\View\View.php(222): CodeIgniter\View\View->CodeIgniter\View\{closure}()
#3 C:\xampp\htdocs\spm\vendor\codeigniter4\framework\system\View\View.php(468): CodeIgniter\View\View->render('Modules\\ManageL...', NULL, true)
#4 C:\xampp\htdocs\spm\modules\ManageLayout\Views\layout.php(56): CodeIgniter\View\View->include('Modules\\ManageL...')
#5 C:\xampp\htdocs\spm\vendor\codeigniter4\framework\system\View\View.php(220): include('C:\\xampp\\htdocs...')
#6 C:\xampp\htdocs\spm\vendor\codeigniter4\framework\system\View\View.php(222): CodeIgniter\View\View->CodeIgniter\View\{closure}()
#7 C:\xampp\htdocs\spm\vendor\codeigniter4\framework\system\View\View.php(236): CodeIgniter\View\View->render('Modules\\ManageL...', Array, true)
#8 C:\xampp\htdocs\spm\vendor\codeigniter4\framework\system\Common.php(1217): CodeIgniter\View\View->render('Modules\\ManageL...', Array, true)
#9 C:\xampp\htdocs\spm\modules\ManageLayout\Controllers\Layout.php(41): view('Modules\\ManageL...', Array)
#10 C:\xampp\htdocs\spm\vendor\codeigniter4\framework\system\CodeIgniter.php(940): Modules\ManageLayout\Controllers\Layout->index()
#11 C:\xampp\htdocs\spm\vendor\codeigniter4\framework\system\CodeIgniter.php(436): CodeIgniter\CodeIgniter->runController(Object(Modules\ManageLayout\Controllers\Layout))
#12 C:\xampp\htdocs\spm\vendor\codeigniter4\framework\system\CodeIgniter.php(337): CodeIgniter\CodeIgniter->handleRequest(NULL, Object(Config\Cache), false)
#13 C:\xampp\htdocs\spm\public\index.php(44): CodeIgniter\CodeIgniter->run()
#14 C:\xampp\htdocs\spm\vendor\codeigniter4\framework\system\Commands\Server\rewrite.php(45): require_once('C:\\xampp\\htdocs...')
#15 {main}
CRITICAL - 2021-07-28 13:43:29 --> Trying to get property 'id' of non-object
#0 C:\xampp\htdocs\spm\modules\ManageLayout\Views\sidebar.php(14): CodeIgniter\Debug\Exceptions->errorHandler(8, 'Trying to get p...', 'C:\\xampp\\htdocs...', 14, Array)
#1 C:\xampp\htdocs\spm\vendor\codeigniter4\framework\system\View\View.php(220): include('C:\\xampp\\htdocs...')
#2 C:\xampp\htdocs\spm\vendor\codeigniter4\framework\system\View\View.php(222): CodeIgniter\View\View->CodeIgniter\View\{closure}()
#3 C:\xampp\htdocs\spm\vendor\codeigniter4\framework\system\View\View.php(468): CodeIgniter\View\View->render('Modules\\ManageL...', NULL, true)
#4 C:\xampp\htdocs\spm\modules\ManageLayout\Views\layout.php(56): CodeIgniter\View\View->include('Modules\\ManageL...')
#5 C:\xampp\htdocs\spm\vendor\codeigniter4\framework\system\View\View.php(220): include('C:\\xampp\\htdocs...')
#6 C:\xampp\htdocs\spm\vendor\codeigniter4\framework\system\View\View.php(222): CodeIgniter\View\View->CodeIgniter\View\{closure}()
#7 C:\xampp\htdocs\spm\vendor\codeigniter4\framework\system\View\View.php(236): CodeIgniter\View\View->render('Modules\\ManageL...', Array, true)
#8 C:\xampp\htdocs\spm\vendor\codeigniter4\framework\system\Common.php(1217): CodeIgniter\View\View->render('Modules\\ManageL...', Array, true)
#9 C:\xampp\htdocs\spm\modules\ManageLayout\Controllers\Layout.php(41): view('Modules\\ManageL...', Array)
#10 C:\xampp\htdocs\spm\vendor\codeigniter4\framework\system\CodeIgniter.php(940): Modules\ManageLayout\Controllers\Layout->index()
#11 C:\xampp\htdocs\spm\vendor\codeigniter4\framework\system\CodeIgniter.php(436): CodeIgniter\CodeIgniter->runController(Object(Modules\ManageLayout\Controllers\Layout))
#12 C:\xampp\htdocs\spm\vendor\codeigniter4\framework\system\CodeIgniter.php(337): CodeIgniter\CodeIgniter->handleRequest(NULL, Object(Config\Cache), false)
#13 C:\xampp\htdocs\spm\public\index.php(44): CodeIgniter\CodeIgniter->run()
#14 C:\xampp\htdocs\spm\vendor\codeigniter4\framework\system\Commands\Server\rewrite.php(45): require_once('C:\\xampp\\htdocs...')
#15 {main}
CRITICAL - 2021-07-28 13:44:26 --> Class 'Modules\ManageLayout\Controllers\Services' not found
#0 C:\xampp\htdocs\spm\vendor\codeigniter4\framework\system\CodeIgniter.php(940): Modules\ManageLayout\Controllers\Layout->index()
#1 C:\xampp\htdocs\spm\vendor\codeigniter4\framework\system\CodeIgniter.php(436): CodeIgniter\CodeIgniter->runController(Object(Modules\ManageLayout\Controllers\Layout))
#2 C:\xampp\htdocs\spm\vendor\codeigniter4\framework\system\CodeIgniter.php(337): CodeIgniter\CodeIgniter->handleRequest(NULL, Object(Config\Cache), false)
#3 C:\xampp\htdocs\spm\public\index.php(44): CodeIgniter\CodeIgniter->run()
#4 C:\xampp\htdocs\spm\vendor\codeigniter4\framework\system\Commands\Server\rewrite.php(45): require_once('C:\\xampp\\htdocs...')
#5 {main}
CRITICAL - 2021-07-28 13:44:45 --> Class 'Modules\ManageLayout\Controllers\Services' not found
#0 C:\xampp\htdocs\spm\vendor\codeigniter4\framework\system\CodeIgniter.php(940): Modules\ManageLayout\Controllers\Layout->index()
#1 C:\xampp\htdocs\spm\vendor\codeigniter4\framework\system\CodeIgniter.php(436): CodeIgniter\CodeIgniter->runController(Object(Modules\ManageLayout\Controllers\Layout))
#2 C:\xampp\htdocs\spm\vendor\codeigniter4\framework\system\CodeIgniter.php(337): CodeIgniter\CodeIgniter->handleRequest(NULL, Object(Config\Cache), false)
#3 C:\xampp\htdocs\spm\public\index.php(44): CodeIgniter\CodeIgniter->run()
#4 C:\xampp\htdocs\spm\vendor\codeigniter4\framework\system\Commands\Server\rewrite.php(45): require_once('C:\\xampp\\htdocs...')
#5 {main}
CRITICAL - 2021-07-28 13:44:46 --> Class 'Modules\ManageLayout\Controllers\Services' not found
#0 C:\xampp\htdocs\spm\vendor\codeigniter4\framework\system\CodeIgniter.php(940): Modules\ManageLayout\Controllers\Layout->index()
#1 C:\xampp\htdocs\spm\vendor\codeigniter4\framework\system\CodeIgniter.php(436): CodeIgniter\CodeIgniter->runController(Object(Modules\ManageLayout\Controllers\Layout))
#2 C:\xampp\htdocs\spm\vendor\codeigniter4\framework\system\CodeIgniter.php(337): CodeIgniter\CodeIgniter->handleRequest(NULL, Object(Config\Cache), false)
#3 C:\xampp\htdocs\spm\public\index.php(44): CodeIgniter\CodeIgniter->run()
#4 C:\xampp\htdocs\spm\vendor\codeigniter4\framework\system\Commands\Server\rewrite.php(45): require_once('C:\\xampp\\htdocs...')
#5 {main}
CRITICAL - 2021-07-28 13:45:43 --> Trying to get property 'id' of non-object
#0 C:\xampp\htdocs\spm\modules\ManageLayout\Views\sidebar.php(14): CodeIgniter\Debug\Exceptions->errorHandler(8, 'Trying to get p...', 'C:\\xampp\\htdocs...', 14, Array)
#1 C:\xampp\htdocs\spm\vendor\codeigniter4\framework\system\View\View.php(220): include('C:\\xampp\\htdocs...')
#2 C:\xampp\htdocs\spm\vendor\codeigniter4\framework\system\View\View.php(222): CodeIgniter\View\View->CodeIgniter\View\{closure}()
#3 C:\xampp\htdocs\spm\vendor\codeigniter4\framework\system\View\View.php(468): CodeIgniter\View\View->render('Modules\\ManageL...', NULL, true)
#4 C:\xampp\htdocs\spm\modules\ManageLayout\Views\layout.php(56): CodeIgniter\View\View->include('Modules\\ManageL...')
#5 C:\xampp\htdocs\spm\vendor\codeigniter4\framework\system\View\View.php(220): include('C:\\xampp\\htdocs...')
#6 C:\xampp\htdocs\spm\vendor\codeigniter4\framework\system\View\View.php(222): CodeIgniter\View\View->CodeIgniter\View\{closure}()
#7 C:\xampp\htdocs\spm\vendor\codeigniter4\framework\system\View\View.php(236): CodeIgniter\View\View->render('Modules\\ManageL...', Array, true)
#8 C:\xampp\htdocs\spm\vendor\codeigniter4\framework\system\Common.php(1217): CodeIgniter\View\View->render('Modules\\ManageL...', Array, true)
#9 C:\xampp\htdocs\spm\modules\ManageLayout\Controllers\Layout.php(43): view('Modules\\ManageL...', Array)
#10 C:\xampp\htdocs\spm\vendor\codeigniter4\framework\system\CodeIgniter.php(940): Modules\ManageLayout\Controllers\Layout->index()
#11 C:\xampp\htdocs\spm\vendor\codeigniter4\framework\system\CodeIgniter.php(436): CodeIgniter\CodeIgniter->runController(Object(Modules\ManageLayout\Controllers\Layout))
#12 C:\xampp\htdocs\spm\vendor\codeigniter4\framework\system\CodeIgniter.php(337): CodeIgniter\CodeIgniter->handleRequest(NULL, Object(Config\Cache), false)
#13 C:\xampp\htdocs\spm\public\index.php(44): CodeIgniter\CodeIgniter->run()
#14 C:\xampp\htdocs\spm\vendor\codeigniter4\framework\system\Commands\Server\rewrite.php(45): require_once('C:\\xampp\\htdocs...')
#15 {main}
CRITICAL - 2021-07-28 13:45:45 --> Trying to get property 'id' of non-object
#0 C:\xampp\htdocs\spm\modules\ManageLayout\Views\sidebar.php(14): CodeIgniter\Debug\Exceptions->errorHandler(8, 'Trying to get p...', 'C:\\xampp\\htdocs...', 14, Array)
#1 C:\xampp\htdocs\spm\vendor\codeigniter4\framework\system\View\View.php(220): include('C:\\xampp\\htdocs...')
#2 C:\xampp\htdocs\spm\vendor\codeigniter4\framework\system\View\View.php(222): CodeIgniter\View\View->CodeIgniter\View\{closure}()
#3 C:\xampp\htdocs\spm\vendor\codeigniter4\framework\system\View\View.php(468): CodeIgniter\View\View->render('Modules\\ManageL...', NULL, true)
#4 C:\xampp\htdocs\spm\modules\ManageLayout\Views\layout.php(56): CodeIgniter\View\View->include('Modules\\ManageL...')
#5 C:\xampp\htdocs\spm\vendor\codeigniter4\framework\system\View\View.php(220): include('C:\\xampp\\htdocs...')
#6 C:\xampp\htdocs\spm\vendor\codeigniter4\framework\system\View\View.php(222): CodeIgniter\View\View->CodeIgniter\View\{closure}()
#7 C:\xampp\htdocs\spm\vendor\codeigniter4\framework\system\View\View.php(236): CodeIgniter\View\View->render('Modules\\ManageL...', Array, true)
#8 C:\xampp\htdocs\spm\vendor\codeigniter4\framework\system\Common.php(1217): CodeIgniter\View\View->render('Modules\\ManageL...', Array, true)
#9 C:\xampp\htdocs\spm\modules\ManageLayout\Controllers\Layout.php(43): view('Modules\\ManageL...', Array)
#10 C:\xampp\htdocs\spm\vendor\codeigniter4\framework\system\CodeIgniter.php(940): Modules\ManageLayout\Controllers\Layout->index()
#11 C:\xampp\htdocs\spm\vendor\codeigniter4\framework\system\CodeIgniter.php(436): CodeIgniter\CodeIgniter->runController(Object(Modules\ManageLayout\Controllers\Layout))
#12 C:\xampp\htdocs\spm\vendor\codeigniter4\framework\system\CodeIgniter.php(337): CodeIgniter\CodeIgniter->handleRequest(NULL, Object(Config\Cache), false)
#13 C:\xampp\htdocs\spm\public\index.php(44): CodeIgniter\CodeIgniter->run()
#14 C:\xampp\htdocs\spm\vendor\codeigniter4\framework\system\Commands\Server\rewrite.php(45): require_once('C:\\xampp\\htdocs...')
#15 {main}
ERROR - 2021-07-28 14:11:12 --> Error connecting to the database: Unknown database 'database_spm'
CRITICAL - 2021-07-28 14:11:12 --> Unable to connect to the database.
#0 C:\xampp\htdocs\spm\vendor\codeigniter4\framework\system\Database\BaseConnection.php(618): CodeIgniter\Database\BaseConnection->initialize()
#1 C:\xampp\htdocs\spm\vendor\codeigniter4\framework\system\Database\BaseBuilder.php(1866): CodeIgniter\Database\BaseConnection->query('SELECT *\nFROM `...', Array, false)
#2 C:\xampp\htdocs\spm\vendor\codeigniter4\framework\system\Model.php(247): CodeIgniter\Database\BaseBuilder->get()
#3 C:\xampp\htdocs\spm\vendor\codeigniter4\framework\system\BaseModel.php(624): CodeIgniter\Model->doFirst()
#4 C:\xampp\htdocs\spm\vendor\myth\auth\src\Authentication\LocalAuthenticator.php(202): CodeIgniter\BaseModel->first()
#5 C:\xampp\htdocs\spm\vendor\myth\auth\src\Authentication\LocalAuthenticator.php(66): Myth\Auth\Authentication\LocalAuthenticator->validate(Array, true)
#6 C:\xampp\htdocs\spm\vendor\myth\auth\src\Controllers\AuthController.php(88): Myth\Auth\Authentication\LocalAuthenticator->attempt(Array, false)
#7 C:\xampp\htdocs\spm\vendor\codeigniter4\framework\system\CodeIgniter.php(940): Myth\Auth\Controllers\AuthController->attemptLogin()
#8 C:\xampp\htdocs\spm\vendor\codeigniter4\framework\system\CodeIgniter.php(436): CodeIgniter\CodeIgniter->runController(Object(Myth\Auth\Controllers\AuthController))
#9 C:\xampp\htdocs\spm\vendor\codeigniter4\framework\system\CodeIgniter.php(337): CodeIgniter\CodeIgniter->handleRequest(NULL, Object(Config\Cache), false)
#10 C:\xampp\htdocs\spm\public\index.php(44): CodeIgniter\CodeIgniter->run()
#11 C:\xampp\htdocs\spm\vendor\codeigniter4\framework\system\Commands\Server\rewrite.php(45): require_once('C:\\xampp\\htdocs...')
#12 {main}
CRITICAL - 2021-07-28 15:02:53 --> You do not have sufficient permissions to access that page.
#0 C:\xampp\htdocs\spm\vendor\codeigniter4\framework\system\Filters\Filters.php(181): Myth\Auth\Filters\PermissionFilter->before(Object(CodeIgniter\HTTP\IncomingRequest), Array)
#1 C:\xampp\htdocs\spm\vendor\codeigniter4\framework\system\CodeIgniter.php(407): CodeIgniter\Filters\Filters->run('manage-kategori...', 'before')
#2 C:\xampp\htdocs\spm\vendor\codeigniter4\framework\system\CodeIgniter.php(337): CodeIgniter\CodeIgniter->handleRequest(NULL, Object(Config\Cache), false)
#3 C:\xampp\htdocs\spm\public\index.php(44): CodeIgniter\CodeIgniter->run()
#4 C:\xampp\htdocs\spm\vendor\codeigniter4\framework\system\Commands\Server\rewrite.php(45): require_once('C:\\xampp\\htdocs...')
#5 {main}
CRITICAL - 2021-07-28 15:03:30 --> Class 'Modules\ManageBerita\Models\ModelBlog' not found
#0 C:\xampp\htdocs\spm\vendor\codeigniter4\framework\system\CodeIgniter.php(912): Modules\ManageBerita\Controllers\DataTags->__construct()
#1 C:\xampp\htdocs\spm\vendor\codeigniter4\framework\system\CodeIgniter.php(426): CodeIgniter\CodeIgniter->createController()
#2 C:\xampp\htdocs\spm\vendor\codeigniter4\framework\system\CodeIgniter.php(337): CodeIgniter\CodeIgniter->handleRequest(NULL, Object(Config\Cache), false)
#3 C:\xampp\htdocs\spm\public\index.php(44): CodeIgniter\CodeIgniter->run()
#4 C:\xampp\htdocs\spm\vendor\codeigniter4\framework\system\Commands\Server\rewrite.php(45): require_once('C:\\xampp\\htdocs...')
#5 {main}
CRITICAL - 2021-07-28 15:06:31 --> Class 'Modules\ManageBerita\Models\ModelBerita' not found
#0 C:\xampp\htdocs\spm\vendor\codeigniter4\framework\system\CodeIgniter.php(912): Modules\ManageBerita\Controllers\DataKategori->__construct()
#1 C:\xampp\htdocs\spm\vendor\codeigniter4\framework\system\CodeIgniter.php(426): CodeIgniter\CodeIgniter->createController()
#2 C:\xampp\htdocs\spm\vendor\codeigniter4\framework\system\CodeIgniter.php(337): CodeIgniter\CodeIgniter->handleRequest(NULL, Object(Config\Cache), false)
#3 C:\xampp\htdocs\spm\public\index.php(44): CodeIgniter\CodeIgniter->run()
#4 C:\xampp\htdocs\spm\vendor\codeigniter4\framework\system\Commands\Server\rewrite.php(45): require_once('C:\\xampp\\htdocs...')
#5 {main}
CRITICAL - 2021-07-28 15:07:45 --> Undefined variable: title_sub
#0 C:\xampp\htdocs\spm\modules\ManageBerita\Views\kategori.php(23): CodeIgniter\Debug\Exceptions->errorHandler(8, 'Undefined varia...', 'C:\\xampp\\htdocs...', 23, Array)
#1 C:\xampp\htdocs\spm\vendor\codeigniter4\framework\system\View\View.php(220): include('C:\\xampp\\htdocs...')
#2 C:\xampp\htdocs\spm\vendor\codeigniter4\framework\system\View\View.php(222): CodeIgniter\View\View->CodeIgniter\View\{closure}()
#3 C:\xampp\htdocs\spm\vendor\codeigniter4\framework\system\Common.php(1217): CodeIgniter\View\View->render('Modules\\ManageB...', Array, true)
#4 C:\xampp\htdocs\spm\modules\ManageBerita\Controllers\DataKategori.php(33): view('Modules\\ManageB...', Array)
#5 C:\xampp\htdocs\spm\vendor\codeigniter4\framework\system\CodeIgniter.php(940): Modules\ManageBerita\Controllers\DataKategori->kategori_berita()
#6 C:\xampp\htdocs\spm\vendor\codeigniter4\framework\system\CodeIgniter.php(436): CodeIgniter\CodeIgniter->runController(Object(Modules\ManageBerita\Controllers\DataKategori))
#7 C:\xampp\htdocs\spm\vendor\codeigniter4\framework\system\CodeIgniter.php(337): CodeIgniter\CodeIgniter->handleRequest(NULL, Object(Config\Cache), false)
#8 C:\xampp\htdocs\spm\public\index.php(44): CodeIgniter\CodeIgniter->run()
#9 C:\xampp\htdocs\spm\vendor\codeigniter4\framework\system\Commands\Server\rewrite.php(45): require_once('C:\\xampp\\htdocs...')
#10 {main}
CRITICAL - 2021-07-28 15:20:38 --> You do not have sufficient permissions to access that page.
#0 C:\xampp\htdocs\spm\vendor\codeigniter4\framework\system\Filters\Filters.php(181): Myth\Auth\Filters\PermissionFilter->before(Object(CodeIgniter\HTTP\IncomingRequest), Array)
#1 C:\xampp\htdocs\spm\vendor\codeigniter4\framework\system\CodeIgniter.php(407): CodeIgniter\Filters\Filters->run('manage-kategori...', 'before')
#2 C:\xampp\htdocs\spm\vendor\codeigniter4\framework\system\CodeIgniter.php(337): CodeIgniter\CodeIgniter->handleRequest(NULL, Object(Config\Cache), false)
#3 C:\xampp\htdocs\spm\public\index.php(44): CodeIgniter\CodeIgniter->run()
#4 C:\xampp\htdocs\spm\vendor\codeigniter4\framework\system\Commands\Server\rewrite.php(45): require_once('C:\\xampp\\htdocs...')
#5 {main}
CRITICAL - 2021-07-28 15:20:53 --> You do not have sufficient permissions to access that page.
#0 C:\xampp\htdocs\spm\vendor\codeigniter4\framework\system\Filters\Filters.php(181): Myth\Auth\Filters\PermissionFilter->before(Object(CodeIgniter\HTTP\IncomingRequest), Array)
#1 C:\xampp\htdocs\spm\vendor\codeigniter4\framework\system\CodeIgniter.php(407): CodeIgniter\Filters\Filters->run('manage-kategori...', 'before')
#2 C:\xampp\htdocs\spm\vendor\codeigniter4\framework\system\CodeIgniter.php(337): CodeIgniter\CodeIgniter->handleRequest(NULL, Object(Config\Cache), false)
#3 C:\xampp\htdocs\spm\public\index.php(44): CodeIgniter\CodeIgniter->run()
#4 C:\xampp\htdocs\spm\vendor\codeigniter4\framework\system\Commands\Server\rewrite.php(45): require_once('C:\\xampp\\htdocs...')
#5 {main}
CRITICAL - 2021-07-28 15:21:22 --> You do not have sufficient permissions to access that page.
#0 C:\xampp\htdocs\spm\vendor\codeigniter4\framework\system\Filters\Filters.php(181): Myth\Auth\Filters\PermissionFilter->before(Object(CodeIgniter\HTTP\IncomingRequest), Array)
#1 C:\xampp\htdocs\spm\vendor\codeigniter4\framework\system\CodeIgniter.php(407): CodeIgniter\Filters\Filters->run('manage-kategori...', 'before')
#2 C:\xampp\htdocs\spm\vendor\codeigniter4\framework\system\CodeIgniter.php(337): CodeIgniter\CodeIgniter->handleRequest(NULL, Object(Config\Cache), false)
#3 C:\xampp\htdocs\spm\public\index.php(44): CodeIgniter\CodeIgniter->run()
#4 C:\xampp\htdocs\spm\vendor\codeigniter4\framework\system\Commands\Server\rewrite.php(45): require_once('C:\\xampp\\htdocs...')
#5 {main}
CRITICAL - 2021-07-28 15:26:02 --> Class 'Modules\ManageBerita\Models\ModelBlog' not found
#0 C:\xampp\htdocs\spm\vendor\codeigniter4\framework\system\CodeIgniter.php(912): Modules\ManageBerita\Controllers\DataTags->__construct()
#1 C:\xampp\htdocs\spm\vendor\codeigniter4\framework\system\CodeIgniter.php(426): CodeIgniter\CodeIgniter->createController()
#2 C:\xampp\htdocs\spm\vendor\codeigniter4\framework\system\CodeIgniter.php(337): CodeIgniter\CodeIgniter->handleRequest(NULL, Object(Config\Cache), false)
#3 C:\xampp\htdocs\spm\public\index.php(44): CodeIgniter\CodeIgniter->run()
#4 C:\xampp\htdocs\spm\vendor\codeigniter4\framework\system\Commands\Server\rewrite.php(45): require_once('C:\\xampp\\htdocs...')
#5 {main}
CRITICAL - 2021-07-28 15:30:16 --> You must set the database table to be used with your query.
#0 C:\xampp\htdocs\spm\vendor\codeigniter4\framework\system\Model.php(615): CodeIgniter\Database\BaseConnection->table(NULL)
#1 C:\xampp\htdocs\spm\vendor\codeigniter4\framework\system\Model.php(834): CodeIgniter\Model->builder()
#2 C:\xampp\htdocs\spm\modules\ManageBerita\Controllers\DataTags.php(24): CodeIgniter\Model->__call('get_tag', Array)
#3 C:\xampp\htdocs\spm\vendor\codeigniter4\framework\system\CodeIgniter.php(940): Modules\ManageBerita\Controllers\DataTags->tag_berita()
#4 C:\xampp\htdocs\spm\vendor\codeigniter4\framework\system\CodeIgniter.php(436): CodeIgniter\CodeIgniter->runController(Object(Modules\ManageBerita\Controllers\DataTags))
#5 C:\xampp\htdocs\spm\vendor\codeigniter4\framework\system\CodeIgniter.php(337): CodeIgniter\CodeIgniter->handleRequest(NULL, Object(Config\Cache), false)
#6 C:\xampp\htdocs\spm\public\index.php(44): CodeIgniter\CodeIgniter->run()
#7 C:\xampp\htdocs\spm\vendor\codeigniter4\framework\system\Commands\Server\rewrite.php(45): require_once('C:\\xampp\\htdocs...')
#8 {main}
CRITICAL - 2021-07-28 15:30:38 --> Invalid file: Modules\ManageBerita\Views\tag.php
#0 C:\xampp\htdocs\spm\vendor\codeigniter4\framework\system\View\View.php(203): CodeIgniter\Exceptions\FrameworkException::forInvalidFile('Modules\\ManageB...')
#1 C:\xampp\htdocs\spm\vendor\codeigniter4\framework\system\Common.php(1217): CodeIgniter\View\View->render('Modules\\ManageB...', Array, true)
#2 C:\xampp\htdocs\spm\modules\ManageBerita\Controllers\DataTags.php(33): view('Modules\\ManageB...', Array)
#3 C:\xampp\htdocs\spm\vendor\codeigniter4\framework\system\CodeIgniter.php(940): Modules\ManageBerita\Controllers\DataTags->tag_berita()
#4 C:\xampp\htdocs\spm\vendor\codeigniter4\framework\system\CodeIgniter.php(436): CodeIgniter\CodeIgniter->runController(Object(Modules\ManageBerita\Controllers\DataTags))
#5 C:\xampp\htdocs\spm\vendor\codeigniter4\framework\system\CodeIgniter.php(337): CodeIgniter\CodeIgniter->handleRequest(NULL, Object(Config\Cache), false)
#6 C:\xampp\htdocs\spm\public\index.php(44): CodeIgniter\CodeIgniter->run()
#7 C:\xampp\htdocs\spm\vendor\codeigniter4\framework\system\Commands\Server\rewrite.php(45): require_once('C:\\xampp\\htdocs...')
#8 {main}
CRITICAL - 2021-07-28 15:40:27 --> Undefined variable: tags
#0 C:\xampp\htdocs\spm\modules\ManageBerita\Controllers\DataBerita.php(32): CodeIgniter\Debug\Exceptions->errorHandler(8, 'Undefined varia...', 'C:\\xampp\\htdocs...', 32, Array)
#1 C:\xampp\htdocs\spm\vendor\codeigniter4\framework\system\CodeIgniter.php(940): Modules\ManageBerita\Controllers\DataBerita->berita()
#2 C:\xampp\htdocs\spm\vendor\codeigniter4\framework\system\CodeIgniter.php(436): CodeIgniter\CodeIgniter->runController(Object(Modules\ManageBerita\Controllers\DataBerita))
#3 C:\xampp\htdocs\spm\vendor\codeigniter4\framework\system\CodeIgniter.php(337): CodeIgniter\CodeIgniter->handleRequest(NULL, Object(Config\Cache), false)
#4 C:\xampp\htdocs\spm\public\index.php(44): CodeIgniter\CodeIgniter->run()
#5 C:\xampp\htdocs\spm\vendor\codeigniter4\framework\system\Commands\Server\rewrite.php(45): require_once('C:\\xampp\\htdocs...')
#6 {main}
CRITICAL - 2021-07-28 15:40:40 --> Undefined variable: slide
#0 C:\xampp\htdocs\spm\modules\ManageBerita\Views\berita.php(95): CodeIgniter\Debug\Exceptions->errorHandler(8, 'Undefined varia...', 'C:\\xampp\\htdocs...', 95, Array)
#1 C:\xampp\htdocs\spm\vendor\codeigniter4\framework\system\View\View.php(220): include('C:\\xampp\\htdocs...')
#2 C:\xampp\htdocs\spm\vendor\codeigniter4\framework\system\View\View.php(222): CodeIgniter\View\View->CodeIgniter\View\{closure}()
#3 C:\xampp\htdocs\spm\vendor\codeigniter4\framework\system\Common.php(1217): CodeIgniter\View\View->render('Modules\\ManageB...', Array, true)
#4 C:\xampp\htdocs\spm\modules\ManageBerita\Controllers\DataBerita.php(35): view('Modules\\ManageB...', Array)
#5 C:\xampp\htdocs\spm\vendor\codeigniter4\framework\system\CodeIgniter.php(940): Modules\ManageBerita\Controllers\DataBerita->berita()
#6 C:\xampp\htdocs\spm\vendor\codeigniter4\framework\system\CodeIgniter.php(436): CodeIgniter\CodeIgniter->runController(Object(Modules\ManageBerita\Controllers\DataBerita))
#7 C:\xampp\htdocs\spm\vendor\codeigniter4\framework\system\CodeIgniter.php(337): CodeIgniter\CodeIgniter->handleRequest(NULL, Object(Config\Cache), false)
#8 C:\xampp\htdocs\spm\public\index.php(44): CodeIgniter\CodeIgniter->run()
#9 C:\xampp\htdocs\spm\vendor\codeigniter4\framework\system\Commands\Server\rewrite.php(45): require_once('C:\\xampp\\htdocs...')
#10 {main}
CRITICAL - 2021-07-28 15:41:31 --> You must set the database table to be used with your query.
#0 C:\xampp\htdocs\spm\vendor\codeigniter4\framework\system\Model.php(615): CodeIgniter\Database\BaseConnection->table(NULL)
#1 C:\xampp\htdocs\spm\vendor\codeigniter4\framework\system\Model.php(834): CodeIgniter\Model->builder()
#2 C:\xampp\htdocs\spm\modules\ManageBerita\Controllers\DataBerita.php(42): CodeIgniter\Model->__call('get_tags', Array)
#3 C:\xampp\htdocs\spm\vendor\codeigniter4\framework\system\CodeIgniter.php(940): Modules\ManageBerita\Controllers\DataBerita->berita_tambah()
#4 C:\xampp\htdocs\spm\vendor\codeigniter4\framework\system\CodeIgniter.php(436): CodeIgniter\CodeIgniter->runController(Object(Modules\ManageBerita\Controllers\DataBerita))
#5 C:\xampp\htdocs\spm\vendor\codeigniter4\framework\system\CodeIgniter.php(337): CodeIgniter\CodeIgniter->handleRequest(NULL, Object(Config\Cache), false)
#6 C:\xampp\htdocs\spm\public\index.php(44): CodeIgniter\CodeIgniter->run()
#7 C:\xampp\htdocs\spm\vendor\codeigniter4\framework\system\Commands\Server\rewrite.php(45): require_once('C:\\xampp\\htdocs...')
#8 {main}
CRITICAL - 2021-07-28 16:11:11 --> Undefined variable: image_struktur
#0 C:\xampp\htdocs\spm\modules\ManageBerita\Controllers\DataBerita.php(147): CodeIgniter\Debug\Exceptions->errorHandler(8, 'Undefined varia...', 'C:\\xampp\\htdocs...', 147, Array)
#1 C:\xampp\htdocs\spm\vendor\codeigniter4\framework\system\CodeIgniter.php(940): Modules\ManageBerita\Controllers\DataBerita->berita_save()
#2 C:\xampp\htdocs\spm\vendor\codeigniter4\framework\system\CodeIgniter.php(436): CodeIgniter\CodeIgniter->runController(Object(Modules\ManageBerita\Controllers\DataBerita))
#3 C:\xampp\htdocs\spm\vendor\codeigniter4\framework\system\CodeIgniter.php(337): CodeIgniter\CodeIgniter->handleRequest(NULL, Object(Config\Cache), false)
#4 C:\xampp\htdocs\spm\public\index.php(44): CodeIgniter\CodeIgniter->run()
#5 C:\xampp\htdocs\spm\vendor\codeigniter4\framework\system\Commands\Server\rewrite.php(45): require_once('C:\\xampp\\htdocs...')
#6 {main}
CRITICAL - 2021-07-28 16:11:32 --> File not found: C:\xampp\tmp\phpF845.tmp
#0 C:\xampp\htdocs\spm\vendor\codeigniter4\framework\system\Files\File.php(51): CodeIgniter\Files\Exceptions\FileNotFoundException::forFileNotFound('C:\\xampp\\tmp\\ph...')
#1 C:\xampp\htdocs\spm\vendor\codeigniter4\framework\system\Images\Handlers\BaseHandler.php(154): CodeIgniter\Files\File->__construct('C:\\xampp\\tmp\\ph...', true)
#2 C:\xampp\htdocs\spm\modules\ManageBerita\Controllers\DataBerita.php(147): CodeIgniter\Images\Handlers\BaseHandler->withFile('C:\\xampp\\tmp\\ph...')
#3 C:\xampp\htdocs\spm\vendor\codeigniter4\framework\system\CodeIgniter.php(940): Modules\ManageBerita\Controllers\DataBerita->berita_save()
#4 C:\xampp\htdocs\spm\vendor\codeigniter4\framework\system\CodeIgniter.php(436): CodeIgniter\CodeIgniter->runController(Object(Modules\ManageBerita\Controllers\DataBerita))
#5 C:\xampp\htdocs\spm\vendor\codeigniter4\framework\system\CodeIgniter.php(337): CodeIgniter\CodeIgniter->handleRequest(NULL, Object(Config\Cache), false)
#6 C:\xampp\htdocs\spm\public\index.php(44): CodeIgniter\CodeIgniter->run()
#7 C:\xampp\htdocs\spm\vendor\codeigniter4\framework\system\Commands\Server\rewrite.php(45): require_once('C:\\xampp\\htdocs...')
#8 {main}
CRITICAL - 2021-07-28 16:12:45 --> Undefined index: img_slide
#0 C:\xampp\htdocs\spm\modules\ManageBerita\Views\berita.php(149): CodeIgniter\Debug\Exceptions->errorHandler(8, 'Undefined index...', 'C:\\xampp\\htdocs...', 149, Array)
#1 C:\xampp\htdocs\spm\vendor\codeigniter4\framework\system\View\View.php(220): include('C:\\xampp\\htdocs...')
#2 C:\xampp\htdocs\spm\vendor\codeigniter4\framework\system\View\View.php(222): CodeIgniter\View\View->CodeIgniter\View\{closure}()
#3 C:\xampp\htdocs\spm\vendor\codeigniter4\framework\system\Common.php(1217): CodeIgniter\View\View->render('Modules\\ManageB...', Array, true)
#4 C:\xampp\htdocs\spm\modules\ManageBerita\Controllers\DataBerita.php(35): view('Modules\\ManageB...', Array)
#5 C:\xampp\htdocs\spm\vendor\codeigniter4\framework\system\CodeIgniter.php(940): Modules\ManageBerita\Controllers\DataBerita->berita()
#6 C:\xampp\htdocs\spm\vendor\codeigniter4\framework\system\CodeIgniter.php(436): CodeIgniter\CodeIgniter->runController(Object(Modules\ManageBerita\Controllers\DataBerita))
#7 C:\xampp\htdocs\spm\vendor\codeigniter4\framework\system\CodeIgniter.php(337): CodeIgniter\CodeIgniter->handleRequest(NULL, Object(Config\Cache), false)
#8 C:\xampp\htdocs\spm\public\index.php(44): CodeIgniter\CodeIgniter->run()
#9 C:\xampp\htdocs\spm\vendor\codeigniter4\framework\system\Commands\Server\rewrite.php(45): require_once('C:\\xampp\\htdocs...')
#10 {main}
CRITICAL - 2021-07-28 16:16:30 --> The uploaded file has already been moved.
#0 C:\xampp\htdocs\spm\vendor\codeigniter4\framework\system\HTTP\Files\UploadedFile.php(138): CodeIgniter\HTTP\Exceptions\HTTPException::forAlreadyMoved()
#1 C:\xampp\htdocs\spm\modules\ManageBerita\Controllers\DataBerita.php(152): CodeIgniter\HTTP\Files\UploadedFile->move('C:\\xampp\\htdocs...')
#2 C:\xampp\htdocs\spm\vendor\codeigniter4\framework\system\CodeIgniter.php(940): Modules\ManageBerita\Controllers\DataBerita->berita_save()
#3 C:\xampp\htdocs\spm\vendor\codeigniter4\framework\system\CodeIgniter.php(436): CodeIgniter\CodeIgniter->runController(Object(Modules\ManageBerita\Controllers\DataBerita))
#4 C:\xampp\htdocs\spm\vendor\codeigniter4\framework\system\CodeIgniter.php(337): CodeIgniter\CodeIgniter->handleRequest(NULL, Object(Config\Cache), false)
#5 C:\xampp\htdocs\spm\public\index.php(44): CodeIgniter\CodeIgniter->run()
#6 C:\xampp\htdocs\spm\vendor\codeigniter4\framework\system\Commands\Server\rewrite.php(45): require_once('C:\\xampp\\htdocs...')
#7 {main}
CRITICAL - 2021-07-28 16:17:28 --> You must set the database table to be used with your query.
#0 C:\xampp\htdocs\spm\vendor\codeigniter4\framework\system\Model.php(615): CodeIgniter\Database\BaseConnection->table(NULL)
#1 C:\xampp\htdocs\spm\vendor\codeigniter4\framework\system\Model.php(834): CodeIgniter\Model->builder()
#2 C:\xampp\htdocs\spm\modules\ManageBerita\Controllers\DataBerita.php(59): CodeIgniter\Model->__call('get_tags', Array)
#3 C:\xampp\htdocs\spm\vendor\codeigniter4\framework\system\CodeIgniter.php(940): Modules\ManageBerita\Controllers\DataBerita->berita_edit('36510598d011ed1...')
#4 C:\xampp\htdocs\spm\vendor\codeigniter4\framework\system\CodeIgniter.php(436): CodeIgniter\CodeIgniter->runController(Object(Modules\ManageBerita\Controllers\DataBerita))
#5 C:\xampp\htdocs\spm\vendor\codeigniter4\framework\system\CodeIgniter.php(337): CodeIgniter\CodeIgniter->handleRequest(NULL, Object(Config\Cache), false)
#6 C:\xampp\htdocs\spm\public\index.php(44): CodeIgniter\CodeIgniter->run()
#7 C:\xampp\htdocs\spm\vendor\codeigniter4\framework\system\Commands\Server\rewrite.php(45): require_once('C:\\xampp\\htdocs...')
#8 {main}
CRITICAL - 2021-07-28 16:18:16 --> Trying to access array offset on value of type null
#0 C:\xampp\htdocs\spm\modules\ManageBerita\Views\berita_edit.php(83): CodeIgniter\Debug\Exceptions->errorHandler(8, 'Trying to acces...', 'C:\\xampp\\htdocs...', 83, Array)
#1 C:\xampp\htdocs\spm\vendor\codeigniter4\framework\system\View\View.php(220): include('C:\\xampp\\htdocs...')
#2 C:\xampp\htdocs\spm\vendor\codeigniter4\framework\system\View\View.php(222): CodeIgniter\View\View->CodeIgniter\View\{closure}()
#3 C:\xampp\htdocs\spm\vendor\codeigniter4\framework\system\Common.php(1217): CodeIgniter\View\View->render('Modules\\ManageB...', Array, true)
#4 C:\xampp\htdocs\spm\modules\ManageBerita\Controllers\DataBerita.php(70): view('Modules\\ManageB...', Array)
#5 C:\xampp\htdocs\spm\vendor\codeigniter4\framework\system\CodeIgniter.php(940): Modules\ManageBerita\Controllers\DataBerita->berita_edit('36510598d011ed1...')
#6 C:\xampp\htdocs\spm\vendor\codeigniter4\framework\system\CodeIgniter.php(436): CodeIgniter\CodeIgniter->runController(Object(Modules\ManageBerita\Controllers\DataBerita))
#7 C:\xampp\htdocs\spm\vendor\codeigniter4\framework\system\CodeIgniter.php(337): CodeIgniter\CodeIgniter->handleRequest(NULL, Object(Config\Cache), false)
#8 C:\xampp\htdocs\spm\public\index.php(44): CodeIgniter\CodeIgniter->run()
#9 C:\xampp\htdocs\spm\vendor\codeigniter4\framework\system\Commands\Server\rewrite.php(45): require_once('C:\\xampp\\htdocs...')
#10 {main}
CRITICAL - 2021-07-28 16:18:19 --> Trying to access array offset on value of type null
#0 C:\xampp\htdocs\spm\modules\ManageBerita\Views\berita_edit.php(83): CodeIgniter\Debug\Exceptions->errorHandler(8, 'Trying to acces...', 'C:\\xampp\\htdocs...', 83, Array)
#1 C:\xampp\htdocs\spm\vendor\codeigniter4\framework\system\View\View.php(220): include('C:\\xampp\\htdocs...')
#2 C:\xampp\htdocs\spm\vendor\codeigniter4\framework\system\View\View.php(222): CodeIgniter\View\View->CodeIgniter\View\{closure}()
#3 C:\xampp\htdocs\spm\vendor\codeigniter4\framework\system\Common.php(1217): CodeIgniter\View\View->render('Modules\\ManageB...', Array, true)
#4 C:\xampp\htdocs\spm\modules\ManageBerita\Controllers\DataBerita.php(70): view('Modules\\ManageB...', Array)
#5 C:\xampp\htdocs\spm\vendor\codeigniter4\framework\system\CodeIgniter.php(940): Modules\ManageBerita\Controllers\DataBerita->berita_edit('36510598d011ed1...')
#6 C:\xampp\htdocs\spm\vendor\codeigniter4\framework\system\CodeIgniter.php(436): CodeIgniter\CodeIgniter->runController(Object(Modules\ManageBerita\Controllers\DataBerita))
#7 C:\xampp\htdocs\spm\vendor\codeigniter4\framework\system\CodeIgniter.php(337): CodeIgniter\CodeIgniter->handleRequest(NULL, Object(Config\Cache), false)
#8 C:\xampp\htdocs\spm\public\index.php(44): CodeIgniter\CodeIgniter->run()
#9 C:\xampp\htdocs\spm\vendor\codeigniter4\framework\system\Commands\Server\rewrite.php(45): require_once('C:\\xampp\\htdocs...')
#10 {main}
CRITICAL - 2021-07-28 16:18:50 --> Trying to access array offset on value of type null
#0 C:\xampp\htdocs\spm\modules\ManageBerita\Views\berita_edit.php(83): CodeIgniter\Debug\Exceptions->errorHandler(8, 'Trying to acces...', 'C:\\xampp\\htdocs...', 83, Array)
#1 C:\xampp\htdocs\spm\vendor\codeigniter4\framework\system\View\View.php(220): include('C:\\xampp\\htdocs...')
#2 C:\xampp\htdocs\spm\vendor\codeigniter4\framework\system\View\View.php(222): CodeIgniter\View\View->CodeIgniter\View\{closure}()
#3 C:\xampp\htdocs\spm\vendor\codeigniter4\framework\system\Common.php(1217): CodeIgniter\View\View->render('Modules\\ManageB...', Array, true)
#4 C:\xampp\htdocs\spm\modules\ManageBerita\Controllers\DataBerita.php(70): view('Modules\\ManageB...', Array)
#5 C:\xampp\htdocs\spm\vendor\codeigniter4\framework\system\CodeIgniter.php(940): Modules\ManageBerita\Controllers\DataBerita->berita_edit('36510598d011ed1...')
#6 C:\xampp\htdocs\spm\vendor\codeigniter4\framework\system\CodeIgniter.php(436): CodeIgniter\CodeIgniter->runController(Object(Modules\ManageBerita\Controllers\DataBerita))
#7 C:\xampp\htdocs\spm\vendor\codeigniter4\framework\system\CodeIgniter.php(337): CodeIgniter\CodeIgniter->handleRequest(NULL, Object(Config\Cache), false)
#8 C:\xampp\htdocs\spm\public\index.php(44): CodeIgniter\CodeIgniter->run()
#9 C:\xampp\htdocs\spm\vendor\codeigniter4\framework\system\Commands\Server\rewrite.php(45): require_once('C:\\xampp\\htdocs...')
#10 {main}
CRITICAL - 2021-07-28 16:20:52 --> Undefined index: draf
#0 C:\xampp\htdocs\spm\modules\ManageBerita\Views\berita.php(97): CodeIgniter\Debug\Exceptions->errorHandler(8, 'Undefined index...', 'C:\\xampp\\htdocs...', 97, Array)
#1 C:\xampp\htdocs\spm\vendor\codeigniter4\framework\system\View\View.php(220): include('C:\\xampp\\htdocs...')
#2 C:\xampp\htdocs\spm\vendor\codeigniter4\framework\system\View\View.php(222): CodeIgniter\View\View->CodeIgniter\View\{closure}()
#3 C:\xampp\htdocs\spm\vendor\codeigniter4\framework\system\Common.php(1217): CodeIgniter\View\View->render('Modules\\ManageB...', Array, true)
#4 C:\xampp\htdocs\spm\modules\ManageBerita\Controllers\DataBerita.php(35): view('Modules\\ManageB...', Array)
#5 C:\xampp\htdocs\spm\vendor\codeigniter4\framework\system\CodeIgniter.php(940): Modules\ManageBerita\Controllers\DataBerita->berita()
#6 C:\xampp\htdocs\spm\vendor\codeigniter4\framework\system\CodeIgniter.php(436): CodeIgniter\CodeIgniter->runController(Object(Modules\ManageBerita\Controllers\DataBerita))
#7 C:\xampp\htdocs\spm\vendor\codeigniter4\framework\system\CodeIgniter.php(337): CodeIgniter\CodeIgniter->handleRequest(NULL, Object(Config\Cache), false)
#8 C:\xampp\htdocs\spm\public\index.php(44): CodeIgniter\CodeIgniter->run()
#9 C:\xampp\htdocs\spm\vendor\codeigniter4\framework\system\Commands\Server\rewrite.php(45): require_once('C:\\xampp\\htdocs...')
#10 {main}
CRITICAL - 2021-07-28 16:21:11 --> Undefined index: thumbnail
#0 C:\xampp\htdocs\spm\modules\ManageBerita\Views\berita.php(149): CodeIgniter\Debug\Exceptions->errorHandler(8, 'Undefined index...', 'C:\\xampp\\htdocs...', 149, Array)
#1 C:\xampp\htdocs\spm\vendor\codeigniter4\framework\system\View\View.php(220): include('C:\\xampp\\htdocs...')
#2 C:\xampp\htdocs\spm\vendor\codeigniter4\framework\system\View\View.php(222): CodeIgniter\View\View->CodeIgniter\View\{closure}()
#3 C:\xampp\htdocs\spm\vendor\codeigniter4\framework\system\Common.php(1217): CodeIgniter\View\View->render('Modules\\ManageB...', Array, true)
#4 C:\xampp\htdocs\spm\modules\ManageBerita\Controllers\DataBerita.php(35): view('Modules\\ManageB...', Array)
#5 C:\xampp\htdocs\spm\vendor\codeigniter4\framework\system\CodeIgniter.php(940): Modules\ManageBerita\Controllers\DataBerita->berita()
#6 C:\xampp\htdocs\spm\vendor\codeigniter4\framework\system\CodeIgniter.php(436): CodeIgniter\CodeIgniter->runController(Object(Modules\ManageBerita\Controllers\DataBerita))
#7 C:\xampp\htdocs\spm\vendor\codeigniter4\framework\system\CodeIgniter.php(337): CodeIgniter\CodeIgniter->handleRequest(NULL, Object(Config\Cache), false)
#8 C:\xampp\htdocs\spm\public\index.php(44): CodeIgniter\CodeIgniter->run()
#9 C:\xampp\htdocs\spm\vendor\codeigniter4\framework\system\Commands\Server\rewrite.php(45): require_once('C:\\xampp\\htdocs...')
#10 {main}
ERROR - 2021-07-28 16:21:23 --> mysqli_sql_exception: Unknown column 'thubnail' in 'field list' in C:\xampp\htdocs\spm\vendor\codeigniter4\framework\system\Database\MySQLi\Connection.php:314
Stack trace:
#0 C:\xampp\htdocs\spm\vendor\codeigniter4\framework\system\Database\MySQLi\Connection.php(314): mysqli->query('SELECT `thubnai...')
#1 C:\xampp\htdocs\spm\vendor\codeigniter4\framework\system\Database\BaseConnection.php(713): CodeIgniter\Database\MySQLi\Connection->execute('SELECT `thubnai...')
#2 C:\xampp\htdocs\spm\vendor\codeigniter4\framework\system\Database\BaseConnection.php(641): CodeIgniter\Database\BaseConnection->simpleQuery('SELECT `thubnai...')
#3 C:\xampp\htdocs\spm\vendor\codeigniter4\framework\system\Database\BaseBuilder.php(1866): CodeIgniter\Database\BaseConnection->query('SELECT `thubnai...', Array, false)
#4 C:\xampp\htdocs\spm\modules\ManageBerita\Models\ModelBerita.php(26): CodeIgniter\Database\BaseBuilder->get()
#5 C:\xampp\htdocs\spm\modules\ManageBerita\Controllers\DataBerita.php(24): Modules\ManageBerita\Models\ModelBerita->get_berita()
#6 C:\xampp\htdocs\spm\vendor\codeigniter4\framework\system\CodeIgniter.php(940): Modules\ManageBerita\Controllers\DataBerita->berita()
#7 C:\xampp\htdocs\spm\vendor\codeigniter4\framework\system\CodeIgniter.php(436): CodeIgniter\CodeIgniter->runController(Object(Modules\ManageBerita\Controllers\DataBerita))
#8 C:\xampp\htdocs\spm\vendor\codeigniter4\framework\system\CodeIgniter.php(337): CodeIgniter\CodeIgniter->handleRequest(NULL, Object(Config\Cache), false)
#9 C:\xampp\htdocs\spm\public\index.php(44): CodeIgniter\CodeIgniter->run()
#10 C:\xampp\htdocs\spm\vendor\codeigniter4\framework\system\Commands\Server\rewrite.php(45): require_once('C:\\xampp\\htdocs...')
#11 {main}
CRITICAL - 2021-07-28 16:21:23 --> Unknown column 'thubnail' in 'field list'
#0 C:\xampp\htdocs\spm\vendor\codeigniter4\framework\system\Database\MySQLi\Connection.php(314): mysqli->query('SELECT `thubnai...')
#1 C:\xampp\htdocs\spm\vendor\codeigniter4\framework\system\Database\BaseConnection.php(713): CodeIgniter\Database\MySQLi\Connection->execute('SELECT `thubnai...')
#2 C:\xampp\htdocs\spm\vendor\codeigniter4\framework\system\Database\BaseConnection.php(641): CodeIgniter\Database\BaseConnection->simpleQuery('SELECT `thubnai...')
#3 C:\xampp\htdocs\spm\vendor\codeigniter4\framework\system\Database\BaseBuilder.php(1866): CodeIgniter\Database\BaseConnection->query('SELECT `thubnai...', Array, false)
#4 C:\xampp\htdocs\spm\modules\ManageBerita\Models\ModelBerita.php(26): CodeIgniter\Database\BaseBuilder->get()
#5 C:\xampp\htdocs\spm\modules\ManageBerita\Controllers\DataBerita.php(24): Modules\ManageBerita\Models\ModelBerita->get_berita()
#6 C:\xampp\htdocs\spm\vendor\codeigniter4\framework\system\CodeIgniter.php(940): Modules\ManageBerita\Controllers\DataBerita->berita()
#7 C:\xampp\htdocs\spm\vendor\codeigniter4\framework\system\CodeIgniter.php(436): CodeIgniter\CodeIgniter->runController(Object(Modules\ManageBerita\Controllers\DataBerita))
#8 C:\xampp\htdocs\spm\vendor\codeigniter4\framework\system\CodeIgniter.php(337): CodeIgniter\CodeIgniter->handleRequest(NULL, Object(Config\Cache), false)
#9 C:\xampp\htdocs\spm\public\index.php(44): CodeIgniter\CodeIgniter->run()
#10 C:\xampp\htdocs\spm\vendor\codeigniter4\framework\system\Commands\Server\rewrite.php(45): require_once('C:\\xampp\\htdocs...')
#11 {main}
CRITICAL - 2021-07-28 16:21:45 --> Undefined index: kategori
#0 C:\xampp\htdocs\spm\modules\ManageBerita\Views\berita_edit.php(110): CodeIgniter\Debug\Exceptions->errorHandler(8, 'Undefined index...', 'C:\\xampp\\htdocs...', 110, Array)
#1 C:\xampp\htdocs\spm\vendor\codeigniter4\framework\system\View\View.php(220): include('C:\\xampp\\htdocs...')
#2 C:\xampp\htdocs\spm\vendor\codeigniter4\framework\system\View\View.php(222): CodeIgniter\View\View->CodeIgniter\View\{closure}()
#3 C:\xampp\htdocs\spm\vendor\codeigniter4\framework\system\Common.php(1217): CodeIgniter\View\View->render('Modules\\ManageB...', Array, true)
#4 C:\xampp\htdocs\spm\modules\ManageBerita\Controllers\DataBerita.php(70): view('Modules\\ManageB...', Array)
#5 C:\xampp\htdocs\spm\vendor\codeigniter4\framework\system\CodeIgniter.php(940): Modules\ManageBerita\Controllers\DataBerita->berita_edit('873a66ca5a25298...')
#6 C:\xampp\htdocs\spm\vendor\codeigniter4\framework\system\CodeIgniter.php(436): CodeIgniter\CodeIgniter->runController(Object(Modules\ManageBerita\Controllers\DataBerita))
#7 C:\xampp\htdocs\spm\vendor\codeigniter4\framework\system\CodeIgniter.php(337): CodeIgniter\CodeIgniter->handleRequest(NULL, Object(Config\Cache), false)
#8 C:\xampp\htdocs\spm\public\index.php(44): CodeIgniter\CodeIgniter->run()
#9 C:\xampp\htdocs\spm\vendor\codeigniter4\framework\system\Commands\Server\rewrite.php(45): require_once('C:\\xampp\\htdocs...')
#10 {main}
CRITICAL - 2021-07-28 16:22:14 --> Undefined variable: tags
#0 C:\xampp\htdocs\spm\modules\ManageBerita\Views\berita_edit.php(122): CodeIgniter\Debug\Exceptions->errorHandler(8, 'Undefined varia...', 'C:\\xampp\\htdocs...', 122, Array)
#1 C:\xampp\htdocs\spm\vendor\codeigniter4\framework\system\View\View.php(220): include('C:\\xampp\\htdocs...')
#2 C:\xampp\htdocs\spm\vendor\codeigniter4\framework\system\View\View.php(222): CodeIgniter\View\View->CodeIgniter\View\{closure}()
#3 C:\xampp\htdocs\spm\vendor\codeigniter4\framework\system\Common.php(1217): CodeIgniter\View\View->render('Modules\\ManageB...', Array, true)
#4 C:\xampp\htdocs\spm\modules\ManageBerita\Controllers\DataBerita.php(70): view('Modules\\ManageB...', Array)
#5 C:\xampp\htdocs\spm\vendor\codeigniter4\framework\system\CodeIgniter.php(940): Modules\ManageBerita\Controllers\DataBerita->berita_edit('873a66ca5a25298...')
#6 C:\xampp\htdocs\spm\vendor\codeigniter4\framework\system\CodeIgniter.php(436): CodeIgniter\CodeIgniter->runController(Object(Modules\ManageBerita\Controllers\DataBerita))
#7 C:\xampp\htdocs\spm\vendor\codeigniter4\framework\system\CodeIgniter.php(337): CodeIgniter\CodeIgniter->handleRequest(NULL, Object(Config\Cache), false)
#8 C:\xampp\htdocs\spm\public\index.php(44): CodeIgniter\CodeIgniter->run()
#9 C:\xampp\htdocs\spm\vendor\codeigniter4\framework\system\Commands\Server\rewrite.php(45): require_once('C:\\xampp\\htdocs...')
#10 {main}
CRITICAL - 2021-07-28 16:22:59 --> You must set the database table to be used with your query.
#0 C:\xampp\htdocs\spm\vendor\codeigniter4\framework\system\Model.php(615): CodeIgniter\Database\BaseConnection->table(NULL)
#1 C:\xampp\htdocs\spm\vendor\codeigniter4\framework\system\Model.php(834): CodeIgniter\Model->builder()
#2 C:\xampp\htdocs\spm\modules\ManageBerita\Controllers\DataBerita.php(259): CodeIgniter\Model->__call('edit_berita', Array)
#3 C:\xampp\htdocs\spm\vendor\codeigniter4\framework\system\CodeIgniter.php(940): Modules\ManageBerita\Controllers\DataBerita->berita_update()
#4 C:\xampp\htdocs\spm\vendor\codeigniter4\framework\system\CodeIgniter.php(436): CodeIgniter\CodeIgniter->runController(Object(Modules\ManageBerita\Controllers\DataBerita))
#5 C:\xampp\htdocs\spm\vendor\codeigniter4\framework\system\CodeIgniter.php(337): CodeIgniter\CodeIgniter->handleRequest(NULL, Object(Config\Cache), false)
#6 C:\xampp\htdocs\spm\public\index.php(44): CodeIgniter\CodeIgniter->run()
#7 C:\xampp\htdocs\spm\vendor\codeigniter4\framework\system\Commands\Server\rewrite.php(45): require_once('C:\\xampp\\htdocs...')
#8 {main}
CRITICAL - 2021-07-28 16:23:16 --> Undefined variable: id_rand
#0 C:\xampp\htdocs\spm\modules\ManageBerita\Models\ModelBerita.php(118): CodeIgniter\Debug\Exceptions->errorHandler(8, 'Undefined varia...', 'C:\\xampp\\htdocs...', 118, Array)
#1 C:\xampp\htdocs\spm\modules\ManageBerita\Controllers\DataBerita.php(259): Modules\ManageBerita\Models\ModelBerita->edit_berita('873a66ca5a25298...', 'Workshop Koordi...', 'workshop-koordi...', '<p>Pada hari Ra...', '3', '1,2,3', '1', '1627463839_426d...', '2021-07-28 16:2...', '')
#2 C:\xampp\htdocs\spm\vendor\codeigniter4\framework\system\CodeIgniter.php(940): Modules\ManageBerita\Controllers\DataBerita->berita_update()
#3 C:\xampp\htdocs\spm\vendor\codeigniter4\framework\system\CodeIgniter.php(436): CodeIgniter\CodeIgniter->runController(Object(Modules\ManageBerita\Controllers\DataBerita))
#4 C:\xampp\htdocs\spm\vendor\codeigniter4\framework\system\CodeIgniter.php(337): CodeIgniter\CodeIgniter->handleRequest(NULL, Object(Config\Cache), false)
#5 C:\xampp\htdocs\spm\public\index.php(44): CodeIgniter\CodeIgniter->run()
#6 C:\xampp\htdocs\spm\vendor\codeigniter4\framework\system\Commands\Server\rewrite.php(45): require_once('C:\\xampp\\htdocs...')
#7 {main}
CRITICAL - 2021-07-28 16:23:54 --> Undefined variable: imd
#0 C:\xampp\htdocs\spm\modules\ManageBerita\Controllers\DataBerita.php(236): CodeIgniter\Debug\Exceptions->errorHandler(8, 'Undefined varia...', 'C:\\xampp\\htdocs...', 236, Array)
#1 C:\xampp\htdocs\spm\vendor\codeigniter4\framework\system\CodeIgniter.php(940): Modules\ManageBerita\Controllers\DataBerita->berita_update()
#2 C:\xampp\htdocs\spm\vendor\codeigniter4\framework\system\CodeIgniter.php(436): CodeIgniter\CodeIgniter->runController(Object(Modules\ManageBerita\Controllers\DataBerita))
#3 C:\xampp\htdocs\spm\vendor\codeigniter4\framework\system\CodeIgniter.php(337): CodeIgniter\CodeIgniter->handleRequest(NULL, Object(Config\Cache), false)
#4 C:\xampp\htdocs\spm\public\index.php(44): CodeIgniter\CodeIgniter->run()
#5 C:\xampp\htdocs\spm\vendor\codeigniter4\framework\system\Commands\Server\rewrite.php(45): require_once('C:\\xampp\\htdocs...')
#6 {main}
CRITICAL - 2021-07-28 16:24:36 --> File not found: C:\xampp\tmp\phpEEEA.tmp
#0 C:\xampp\htdocs\spm\vendor\codeigniter4\framework\system\Files\File.php(51): CodeIgniter\Files\Exceptions\FileNotFoundException::forFileNotFound('C:\\xampp\\tmp\\ph...')
#1 C:\xampp\htdocs\spm\vendor\codeigniter4\framework\system\Images\Handlers\BaseHandler.php(154): CodeIgniter\Files\File->__construct('C:\\xampp\\tmp\\ph...', true)
#2 C:\xampp\htdocs\spm\modules\ManageBerita\Controllers\DataBerita.php(250): CodeIgniter\Images\Handlers\BaseHandler->withFile('C:\\xampp\\tmp\\ph...')
#3 C:\xampp\htdocs\spm\vendor\codeigniter4\framework\system\CodeIgniter.php(940): Modules\ManageBerita\Controllers\DataBerita->berita_update()
#4 C:\xampp\htdocs\spm\vendor\codeigniter4\framework\system\CodeIgniter.php(436): CodeIgniter\CodeIgniter->runController(Object(Modules\ManageBerita\Controllers\DataBerita))
#5 C:\xampp\htdocs\spm\vendor\codeigniter4\framework\system\CodeIgniter.php(337): CodeIgniter\CodeIgniter->handleRequest(NULL, Object(Config\Cache), false)
#6 C:\xampp\htdocs\spm\public\index.php(44): CodeIgniter\CodeIgniter->run()
#7 C:\xampp\htdocs\spm\vendor\codeigniter4\framework\system\Commands\Server\rewrite.php(45): require_once('C:\\xampp\\htdocs...')
#8 {main}
