CRITICAL - 2022-04-27 15:34:43 --> Undefined index: 
#0 C:\Users\PC Kantor-3\Documents\DOCUMENT KANTOR\PROJECT CI4\tokoonline\modules\Produk\Models\ModelProdukSaya.php(26): CodeIgniter\Debug\Exceptions->errorHandler(8, 'Undefined index...', 'C:\\Users\\PC Kan...', 26, Array)
#1 C:\Users\PC Kantor-3\Documents\DOCUMENT KANTOR\PROJECT CI4\tokoonline\modules\Produk\Models\ModelProdukSaya.php(56): Modules\Produk\Models\ModelProdukSaya->_get_datatables_query()
#2 C:\Users\PC Kantor-3\Documents\DOCUMENT KANTOR\PROJECT CI4\tokoonline\modules\Produk\Controllers\DataProdukSaya.php(40): Modules\Produk\Models\ModelProdukSaya->get_datatables()
#3 C:\Users\PC Kantor-3\Documents\DOCUMENT KANTOR\PROJECT CI4\tokoonline\vendor\codeigniter4\framework\system\CodeIgniter.php(940): Modules\Produk\Controllers\DataProdukSaya->produkjson()
#4 C:\Users\PC Kantor-3\Documents\DOCUMENT KANTOR\PROJECT CI4\tokoonline\vendor\codeigniter4\framework\system\CodeIgniter.php(436): CodeIgniter\CodeIgniter->runController(Object(Modules\Produk\Controllers\DataProdukSaya))
#5 C:\Users\PC Kantor-3\Documents\DOCUMENT KANTOR\PROJECT CI4\tokoonline\vendor\codeigniter4\framework\system\CodeIgniter.php(337): CodeIgniter\CodeIgniter->handleRequest(NULL, Object(Config\Cache), false)
#6 C:\Users\PC Kantor-3\Documents\DOCUMENT KANTOR\PROJECT CI4\tokoonline\public\index.php(44): CodeIgniter\CodeIgniter->run()
#7 C:\Users\PC Kantor-3\Documents\DOCUMENT KANTOR\PROJECT CI4\tokoonline\vendor\codeigniter4\framework\system\Commands\Server\rewrite.php(45): require_once('C:\\Users\\PC Kan...')
#8 {main}
CRITICAL - 2022-04-27 15:34:50 --> Undefined index: 
#0 C:\Users\PC Kantor-3\Documents\DOCUMENT KANTOR\PROJECT CI4\tokoonline\modules\Produk\Models\ModelProdukSaya.php(26): CodeIgniter\Debug\Exceptions->errorHandler(8, 'Undefined index...', 'C:\\Users\\PC Kan...', 26, Array)
#1 C:\Users\PC Kantor-3\Documents\DOCUMENT KANTOR\PROJECT CI4\tokoonline\modules\Produk\Models\ModelProdukSaya.php(56): Modules\Produk\Models\ModelProdukSaya->_get_datatables_query()
#2 C:\Users\PC Kantor-3\Documents\DOCUMENT KANTOR\PROJECT CI4\tokoonline\modules\Produk\Controllers\DataProdukSaya.php(40): Modules\Produk\Models\ModelProdukSaya->get_datatables()
#3 C:\Users\PC Kantor-3\Documents\DOCUMENT KANTOR\PROJECT CI4\tokoonline\vendor\codeigniter4\framework\system\CodeIgniter.php(940): Modules\Produk\Controllers\DataProdukSaya->produkjson()
#4 C:\Users\PC Kantor-3\Documents\DOCUMENT KANTOR\PROJECT CI4\tokoonline\vendor\codeigniter4\framework\system\CodeIgniter.php(436): CodeIgniter\CodeIgniter->runController(Object(Modules\Produk\Controllers\DataProdukSaya))
#5 C:\Users\PC Kantor-3\Documents\DOCUMENT KANTOR\PROJECT CI4\tokoonline\vendor\codeigniter4\framework\system\CodeIgniter.php(337): CodeIgniter\CodeIgniter->handleRequest(NULL, Object(Config\Cache), false)
#6 C:\Users\PC Kantor-3\Documents\DOCUMENT KANTOR\PROJECT CI4\tokoonline\public\index.php(44): CodeIgniter\CodeIgniter->run()
#7 C:\Users\PC Kantor-3\Documents\DOCUMENT KANTOR\PROJECT CI4\tokoonline\vendor\codeigniter4\framework\system\Commands\Server\rewrite.php(45): require_once('C:\\Users\\PC Kan...')
#8 {main}
CRITICAL - 2022-04-27 15:35:27 --> Undefined index: 
#0 C:\Users\PC Kantor-3\Documents\DOCUMENT KANTOR\PROJECT CI4\tokoonline\modules\Produk\Models\ModelProdukSaya.php(26): CodeIgniter\Debug\Exceptions->errorHandler(8, 'Undefined index...', 'C:\\Users\\PC Kan...', 26, Array)
#1 C:\Users\PC Kantor-3\Documents\DOCUMENT KANTOR\PROJECT CI4\tokoonline\modules\Produk\Models\ModelProdukSaya.php(56): Modules\Produk\Models\ModelProdukSaya->_get_datatables_query()
#2 C:\Users\PC Kantor-3\Documents\DOCUMENT KANTOR\PROJECT CI4\tokoonline\modules\Produk\Controllers\DataProdukSaya.php(40): Modules\Produk\Models\ModelProdukSaya->get_datatables()
#3 C:\Users\PC Kantor-3\Documents\DOCUMENT KANTOR\PROJECT CI4\tokoonline\vendor\codeigniter4\framework\system\CodeIgniter.php(940): Modules\Produk\Controllers\DataProdukSaya->produkjson()
#4 C:\Users\PC Kantor-3\Documents\DOCUMENT KANTOR\PROJECT CI4\tokoonline\vendor\codeigniter4\framework\system\CodeIgniter.php(436): CodeIgniter\CodeIgniter->runController(Object(Modules\Produk\Controllers\DataProdukSaya))
#5 C:\Users\PC Kantor-3\Documents\DOCUMENT KANTOR\PROJECT CI4\tokoonline\vendor\codeigniter4\framework\system\CodeIgniter.php(337): CodeIgniter\CodeIgniter->handleRequest(NULL, Object(Config\Cache), false)
#6 C:\Users\PC Kantor-3\Documents\DOCUMENT KANTOR\PROJECT CI4\tokoonline\public\index.php(44): CodeIgniter\CodeIgniter->run()
#7 C:\Users\PC Kantor-3\Documents\DOCUMENT KANTOR\PROJECT CI4\tokoonline\vendor\codeigniter4\framework\system\Commands\Server\rewrite.php(45): require_once('C:\\Users\\PC Kan...')
#8 {main}
CRITICAL - 2022-04-27 15:35:47 --> Undefined index: 
#0 C:\Users\PC Kantor-3\Documents\DOCUMENT KANTOR\PROJECT CI4\tokoonline\modules\Produk\Models\ModelProdukSaya.php(26): CodeIgniter\Debug\Exceptions->errorHandler(8, 'Undefined index...', 'C:\\Users\\PC Kan...', 26, Array)
#1 C:\Users\PC Kantor-3\Documents\DOCUMENT KANTOR\PROJECT CI4\tokoonline\modules\Produk\Models\ModelProdukSaya.php(56): Modules\Produk\Models\ModelProdukSaya->_get_datatables_query()
#2 C:\Users\PC Kantor-3\Documents\DOCUMENT KANTOR\PROJECT CI4\tokoonline\modules\Produk\Controllers\DataProdukSaya.php(40): Modules\Produk\Models\ModelProdukSaya->get_datatables()
#3 C:\Users\PC Kantor-3\Documents\DOCUMENT KANTOR\PROJECT CI4\tokoonline\vendor\codeigniter4\framework\system\CodeIgniter.php(940): Modules\Produk\Controllers\DataProdukSaya->produkjson()
#4 C:\Users\PC Kantor-3\Documents\DOCUMENT KANTOR\PROJECT CI4\tokoonline\vendor\codeigniter4\framework\system\CodeIgniter.php(436): CodeIgniter\CodeIgniter->runController(Object(Modules\Produk\Controllers\DataProdukSaya))
#5 C:\Users\PC Kantor-3\Documents\DOCUMENT KANTOR\PROJECT CI4\tokoonline\vendor\codeigniter4\framework\system\CodeIgniter.php(337): CodeIgniter\CodeIgniter->handleRequest(NULL, Object(Config\Cache), false)
#6 C:\Users\PC Kantor-3\Documents\DOCUMENT KANTOR\PROJECT CI4\tokoonline\public\index.php(44): CodeIgniter\CodeIgniter->run()
#7 C:\Users\PC Kantor-3\Documents\DOCUMENT KANTOR\PROJECT CI4\tokoonline\vendor\codeigniter4\framework\system\Commands\Server\rewrite.php(45): require_once('C:\\Users\\PC Kan...')
#8 {main}
CRITICAL - 2022-04-27 15:53:02 --> array_combine() expects parameter 1 to be array, string given
#0 [internal function]: CodeIgniter\Debug\Exceptions->errorHandler(2, 'array_combine()...', 'C:\\Users\\PC Kan...', 51, Array)
#1 C:\Users\PC Kantor-3\Documents\DOCUMENT KANTOR\PROJECT CI4\tokoonline\modules\Produk\Controllers\DataProdukSaya.php(51): array_combine('Merah,Biru,Ungu', 'S,X,M')
#2 C:\Users\PC Kantor-3\Documents\DOCUMENT KANTOR\PROJECT CI4\tokoonline\vendor\codeigniter4\framework\system\CodeIgniter.php(940): Modules\Produk\Controllers\DataProdukSaya->produkjson()
#3 C:\Users\PC Kantor-3\Documents\DOCUMENT KANTOR\PROJECT CI4\tokoonline\vendor\codeigniter4\framework\system\CodeIgniter.php(436): CodeIgniter\CodeIgniter->runController(Object(Modules\Produk\Controllers\DataProdukSaya))
#4 C:\Users\PC Kantor-3\Documents\DOCUMENT KANTOR\PROJECT CI4\tokoonline\vendor\codeigniter4\framework\system\CodeIgniter.php(337): CodeIgniter\CodeIgniter->handleRequest(NULL, Object(Config\Cache), false)
#5 C:\Users\PC Kantor-3\Documents\DOCUMENT KANTOR\PROJECT CI4\tokoonline\public\index.php(44): CodeIgniter\CodeIgniter->run()
#6 C:\Users\PC Kantor-3\Documents\DOCUMENT KANTOR\PROJECT CI4\tokoonline\vendor\codeigniter4\framework\system\Commands\Server\rewrite.php(45): require_once('C:\\Users\\PC Kan...')
#7 {main}
CRITICAL - 2022-04-27 15:54:40 --> Undefined offset: 0
#0 C:\Users\PC Kantor-3\Documents\DOCUMENT KANTOR\PROJECT CI4\tokoonline\modules\Produk\Controllers\DataProdukSaya.php(55): CodeIgniter\Debug\Exceptions->errorHandler(8, 'Undefined offse...', 'C:\\Users\\PC Kan...', 55, Array)
#1 C:\Users\PC Kantor-3\Documents\DOCUMENT KANTOR\PROJECT CI4\tokoonline\vendor\codeigniter4\framework\system\CodeIgniter.php(940): Modules\Produk\Controllers\DataProdukSaya->produkjson()
#2 C:\Users\PC Kantor-3\Documents\DOCUMENT KANTOR\PROJECT CI4\tokoonline\vendor\codeigniter4\framework\system\CodeIgniter.php(436): CodeIgniter\CodeIgniter->runController(Object(Modules\Produk\Controllers\DataProdukSaya))
#3 C:\Users\PC Kantor-3\Documents\DOCUMENT KANTOR\PROJECT CI4\tokoonline\vendor\codeigniter4\framework\system\CodeIgniter.php(337): CodeIgniter\CodeIgniter->handleRequest(NULL, Object(Config\Cache), false)
#4 C:\Users\PC Kantor-3\Documents\DOCUMENT KANTOR\PROJECT CI4\tokoonline\public\index.php(44): CodeIgniter\CodeIgniter->run()
#5 C:\Users\PC Kantor-3\Documents\DOCUMENT KANTOR\PROJECT CI4\tokoonline\vendor\codeigniter4\framework\system\Commands\Server\rewrite.php(45): require_once('C:\\Users\\PC Kan...')
#6 {main}
CRITICAL - 2022-04-27 15:57:05 --> Array to string conversion
#0 [internal function]: CodeIgniter\Debug\Exceptions->errorHandler(8, 'Array to string...', 'C:\\Users\\PC Kan...', 51, Array)
#1 C:\Users\PC Kantor-3\Documents\DOCUMENT KANTOR\PROJECT CI4\tokoonline\modules\Produk\Controllers\DataProdukSaya.php(51): array_combine(Array, Array)
#2 C:\Users\PC Kantor-3\Documents\DOCUMENT KANTOR\PROJECT CI4\tokoonline\vendor\codeigniter4\framework\system\CodeIgniter.php(940): Modules\Produk\Controllers\DataProdukSaya->produkjson()
#3 C:\Users\PC Kantor-3\Documents\DOCUMENT KANTOR\PROJECT CI4\tokoonline\vendor\codeigniter4\framework\system\CodeIgniter.php(436): CodeIgniter\CodeIgniter->runController(Object(Modules\Produk\Controllers\DataProdukSaya))
#4 C:\Users\PC Kantor-3\Documents\DOCUMENT KANTOR\PROJECT CI4\tokoonline\vendor\codeigniter4\framework\system\CodeIgniter.php(337): CodeIgniter\CodeIgniter->handleRequest(NULL, Object(Config\Cache), false)
#5 C:\Users\PC Kantor-3\Documents\DOCUMENT KANTOR\PROJECT CI4\tokoonline\public\index.php(44): CodeIgniter\CodeIgniter->run()
#6 C:\Users\PC Kantor-3\Documents\DOCUMENT KANTOR\PROJECT CI4\tokoonline\vendor\codeigniter4\framework\system\Commands\Server\rewrite.php(45): require_once('C:\\Users\\PC Kan...')
#7 {main}
CRITICAL - 2022-04-27 15:57:16 --> Array to string conversion
#0 [internal function]: CodeIgniter\Debug\Exceptions->errorHandler(8, 'Array to string...', 'C:\\Users\\PC Kan...', 51, Array)
#1 C:\Users\PC Kantor-3\Documents\DOCUMENT KANTOR\PROJECT CI4\tokoonline\modules\Produk\Controllers\DataProdukSaya.php(51): array_combine(Array, Array)
#2 C:\Users\PC Kantor-3\Documents\DOCUMENT KANTOR\PROJECT CI4\tokoonline\vendor\codeigniter4\framework\system\CodeIgniter.php(940): Modules\Produk\Controllers\DataProdukSaya->produkjson()
#3 C:\Users\PC Kantor-3\Documents\DOCUMENT KANTOR\PROJECT CI4\tokoonline\vendor\codeigniter4\framework\system\CodeIgniter.php(436): CodeIgniter\CodeIgniter->runController(Object(Modules\Produk\Controllers\DataProdukSaya))
#4 C:\Users\PC Kantor-3\Documents\DOCUMENT KANTOR\PROJECT CI4\tokoonline\vendor\codeigniter4\framework\system\CodeIgniter.php(337): CodeIgniter\CodeIgniter->handleRequest(NULL, Object(Config\Cache), false)
#5 C:\Users\PC Kantor-3\Documents\DOCUMENT KANTOR\PROJECT CI4\tokoonline\public\index.php(44): CodeIgniter\CodeIgniter->run()
#6 C:\Users\PC Kantor-3\Documents\DOCUMENT KANTOR\PROJECT CI4\tokoonline\vendor\codeigniter4\framework\system\Commands\Server\rewrite.php(45): require_once('C:\\Users\\PC Kan...')
#7 {main}
CRITICAL - 2022-04-27 16:00:03 --> Undefined offset: 0
#0 C:\Users\PC Kantor-3\Documents\DOCUMENT KANTOR\PROJECT CI4\tokoonline\modules\Produk\Controllers\DataProdukSaya.php(55): CodeIgniter\Debug\Exceptions->errorHandler(8, 'Undefined offse...', 'C:\\Users\\PC Kan...', 55, Array)
#1 C:\Users\PC Kantor-3\Documents\DOCUMENT KANTOR\PROJECT CI4\tokoonline\vendor\codeigniter4\framework\system\CodeIgniter.php(940): Modules\Produk\Controllers\DataProdukSaya->produkjson()
#2 C:\Users\PC Kantor-3\Documents\DOCUMENT KANTOR\PROJECT CI4\tokoonline\vendor\codeigniter4\framework\system\CodeIgniter.php(436): CodeIgniter\CodeIgniter->runController(Object(Modules\Produk\Controllers\DataProdukSaya))
#3 C:\Users\PC Kantor-3\Documents\DOCUMENT KANTOR\PROJECT CI4\tokoonline\vendor\codeigniter4\framework\system\CodeIgniter.php(337): CodeIgniter\CodeIgniter->handleRequest(NULL, Object(Config\Cache), false)
#4 C:\Users\PC Kantor-3\Documents\DOCUMENT KANTOR\PROJECT CI4\tokoonline\public\index.php(44): CodeIgniter\CodeIgniter->run()
#5 C:\Users\PC Kantor-3\Documents\DOCUMENT KANTOR\PROJECT CI4\tokoonline\vendor\codeigniter4\framework\system\Commands\Server\rewrite.php(45): require_once('C:\\Users\\PC Kan...')
#6 {main}
CRITICAL - 2022-04-27 16:01:14 --> explode() expects parameter 2 to be string, array given
#0 [internal function]: CodeIgniter\Debug\Exceptions->errorHandler(2, 'explode() expec...', 'C:\\Users\\PC Kan...', 51, Array)
#1 C:\Users\PC Kantor-3\Documents\DOCUMENT KANTOR\PROJECT CI4\tokoonline\modules\Produk\Controllers\DataProdukSaya.php(51): explode(',', Array)
#2 C:\Users\PC Kantor-3\Documents\DOCUMENT KANTOR\PROJECT CI4\tokoonline\vendor\codeigniter4\framework\system\CodeIgniter.php(940): Modules\Produk\Controllers\DataProdukSaya->produkjson()
#3 C:\Users\PC Kantor-3\Documents\DOCUMENT KANTOR\PROJECT CI4\tokoonline\vendor\codeigniter4\framework\system\CodeIgniter.php(436): CodeIgniter\CodeIgniter->runController(Object(Modules\Produk\Controllers\DataProdukSaya))
#4 C:\Users\PC Kantor-3\Documents\DOCUMENT KANTOR\PROJECT CI4\tokoonline\vendor\codeigniter4\framework\system\CodeIgniter.php(337): CodeIgniter\CodeIgniter->handleRequest(NULL, Object(Config\Cache), false)
#5 C:\Users\PC Kantor-3\Documents\DOCUMENT KANTOR\PROJECT CI4\tokoonline\public\index.php(44): CodeIgniter\CodeIgniter->run()
#6 C:\Users\PC Kantor-3\Documents\DOCUMENT KANTOR\PROJECT CI4\tokoonline\vendor\codeigniter4\framework\system\Commands\Server\rewrite.php(45): require_once('C:\\Users\\PC Kan...')
#7 {main}
CRITICAL - 2022-04-27 16:02:45 --> Undefined offset: 1
#0 C:\Users\PC Kantor-3\Documents\DOCUMENT KANTOR\PROJECT CI4\tokoonline\modules\Produk\Controllers\DataProdukSaya.php(55): CodeIgniter\Debug\Exceptions->errorHandler(8, 'Undefined offse...', 'C:\\Users\\PC Kan...', 55, Array)
#1 C:\Users\PC Kantor-3\Documents\DOCUMENT KANTOR\PROJECT CI4\tokoonline\vendor\codeigniter4\framework\system\CodeIgniter.php(940): Modules\Produk\Controllers\DataProdukSaya->produkjson()
#2 C:\Users\PC Kantor-3\Documents\DOCUMENT KANTOR\PROJECT CI4\tokoonline\vendor\codeigniter4\framework\system\CodeIgniter.php(436): CodeIgniter\CodeIgniter->runController(Object(Modules\Produk\Controllers\DataProdukSaya))
#3 C:\Users\PC Kantor-3\Documents\DOCUMENT KANTOR\PROJECT CI4\tokoonline\vendor\codeigniter4\framework\system\CodeIgniter.php(337): CodeIgniter\CodeIgniter->handleRequest(NULL, Object(Config\Cache), false)
#4 C:\Users\PC Kantor-3\Documents\DOCUMENT KANTOR\PROJECT CI4\tokoonline\public\index.php(44): CodeIgniter\CodeIgniter->run()
#5 C:\Users\PC Kantor-3\Documents\DOCUMENT KANTOR\PROJECT CI4\tokoonline\vendor\codeigniter4\framework\system\Commands\Server\rewrite.php(45): require_once('C:\\Users\\PC Kan...')
#6 {main}
CRITICAL - 2022-04-27 16:08:33 --> Undefined offset: 3
#0 C:\Users\PC Kantor-3\Documents\DOCUMENT KANTOR\PROJECT CI4\tokoonline\modules\Produk\Controllers\DataProdukSaya.php(55): CodeIgniter\Debug\Exceptions->errorHandler(8, 'Undefined offse...', 'C:\\Users\\PC Kan...', 55, Array)
#1 C:\Users\PC Kantor-3\Documents\DOCUMENT KANTOR\PROJECT CI4\tokoonline\vendor\codeigniter4\framework\system\CodeIgniter.php(940): Modules\Produk\Controllers\DataProdukSaya->produkjson()
#2 C:\Users\PC Kantor-3\Documents\DOCUMENT KANTOR\PROJECT CI4\tokoonline\vendor\codeigniter4\framework\system\CodeIgniter.php(436): CodeIgniter\CodeIgniter->runController(Object(Modules\Produk\Controllers\DataProdukSaya))
#3 C:\Users\PC Kantor-3\Documents\DOCUMENT KANTOR\PROJECT CI4\tokoonline\vendor\codeigniter4\framework\system\CodeIgniter.php(337): CodeIgniter\CodeIgniter->handleRequest(NULL, Object(Config\Cache), false)
#4 C:\Users\PC Kantor-3\Documents\DOCUMENT KANTOR\PROJECT CI4\tokoonline\public\index.php(44): CodeIgniter\CodeIgniter->run()
#5 C:\Users\PC Kantor-3\Documents\DOCUMENT KANTOR\PROJECT CI4\tokoonline\vendor\codeigniter4\framework\system\Commands\Server\rewrite.php(45): require_once('C:\\Users\\PC Kan...')
#6 {main}
CRITICAL - 2022-04-27 16:16:55 --> implode(): Invalid arguments passed
#0 [internal function]: CodeIgniter\Debug\Exceptions->errorHandler(2, 'implode(): Inva...', 'C:\\Users\\PC Kan...', 63, Array)
#1 C:\Users\PC Kantor-3\Documents\DOCUMENT KANTOR\PROJECT CI4\tokoonline\modules\Produk\Controllers\DataProdukSaya.php(63): implode('<br>', '25000')
#2 C:\Users\PC Kantor-3\Documents\DOCUMENT KANTOR\PROJECT CI4\tokoonline\vendor\codeigniter4\framework\system\CodeIgniter.php(940): Modules\Produk\Controllers\DataProdukSaya->produkjson()
#3 C:\Users\PC Kantor-3\Documents\DOCUMENT KANTOR\PROJECT CI4\tokoonline\vendor\codeigniter4\framework\system\CodeIgniter.php(436): CodeIgniter\CodeIgniter->runController(Object(Modules\Produk\Controllers\DataProdukSaya))
#4 C:\Users\PC Kantor-3\Documents\DOCUMENT KANTOR\PROJECT CI4\tokoonline\vendor\codeigniter4\framework\system\CodeIgniter.php(337): CodeIgniter\CodeIgniter->handleRequest(NULL, Object(Config\Cache), false)
#5 C:\Users\PC Kantor-3\Documents\DOCUMENT KANTOR\PROJECT CI4\tokoonline\public\index.php(44): CodeIgniter\CodeIgniter->run()
#6 C:\Users\PC Kantor-3\Documents\DOCUMENT KANTOR\PROJECT CI4\tokoonline\vendor\codeigniter4\framework\system\Commands\Server\rewrite.php(45): require_once('C:\\Users\\PC Kan...')
#7 {main}
