ERROR - 2022-01-28 09:03:42 --> mysqli_sql_exception: Unknown column 'x_statusleveltiktok.exp' in 'field list' in C:\xampp\htdocs\github\kebunku\vendor\codeigniter4\framework\system\Database\MySQLi\Connection.php:314
Stack trace:
#0 C:\xampp\htdocs\github\kebunku\vendor\codeigniter4\framework\system\Database\MySQLi\Connection.php(314): mysqli->query('SELECT `x_statu...')
#1 C:\xampp\htdocs\github\kebunku\vendor\codeigniter4\framework\system\Database\BaseConnection.php(713): CodeIgniter\Database\MySQLi\Connection->execute('SELECT `x_statu...')
#2 C:\xampp\htdocs\github\kebunku\vendor\codeigniter4\framework\system\Database\BaseConnection.php(641): CodeIgniter\Database\BaseConnection->simpleQuery('SELECT `x_statu...')
#3 C:\xampp\htdocs\github\kebunku\vendor\codeigniter4\framework\system\Database\BaseBuilder.php(1866): CodeIgniter\Database\BaseConnection->query('SELECT `x_statu...', Array, false)
#4 C:\xampp\htdocs\github\kebunku\modules\TikTok\Controllers\DataProfileTikTok.php(55): CodeIgniter\Database\BaseBuilder->get()
#5 C:\xampp\htdocs\github\kebunku\vendor\codeigniter4\framework\system\CodeIgniter.php(940): Modules\TikTok\Controllers\DataProfileTikTok->index()
#6 C:\xampp\htdocs\github\kebunku\vendor\codeigniter4\framework\system\CodeIgniter.php(436): CodeIgniter\CodeIgniter->runController(Object(Modules\TikTok\Controllers\DataProfileTikTok))
#7 C:\xampp\htdocs\github\kebunku\vendor\codeigniter4\framework\system\CodeIgniter.php(337): CodeIgniter\CodeIgniter->handleRequest(NULL, Object(Config\Cache), false)
#8 C:\xampp\htdocs\github\kebunku\public\index.php(44): CodeIgniter\CodeIgniter->run()
#9 C:\xampp\htdocs\github\kebunku\vendor\codeigniter4\framework\system\Commands\Server\rewrite.php(45): require_once('C:\\xampp\\htdocs...')
#10 {main}
CRITICAL - 2022-01-28 09:03:42 --> Unknown column 'x_statusleveltiktok.exp' in 'field list'
#0 C:\xampp\htdocs\github\kebunku\vendor\codeigniter4\framework\system\Database\MySQLi\Connection.php(314): mysqli->query('SELECT `x_statu...')
#1 C:\xampp\htdocs\github\kebunku\vendor\codeigniter4\framework\system\Database\BaseConnection.php(713): CodeIgniter\Database\MySQLi\Connection->execute('SELECT `x_statu...')
#2 C:\xampp\htdocs\github\kebunku\vendor\codeigniter4\framework\system\Database\BaseConnection.php(641): CodeIgniter\Database\BaseConnection->simpleQuery('SELECT `x_statu...')
#3 C:\xampp\htdocs\github\kebunku\vendor\codeigniter4\framework\system\Database\BaseBuilder.php(1866): CodeIgniter\Database\BaseConnection->query('SELECT `x_statu...', Array, false)
#4 C:\xampp\htdocs\github\kebunku\modules\TikTok\Controllers\DataProfileTikTok.php(55): CodeIgniter\Database\BaseBuilder->get()
#5 C:\xampp\htdocs\github\kebunku\vendor\codeigniter4\framework\system\CodeIgniter.php(940): Modules\TikTok\Controllers\DataProfileTikTok->index()
#6 C:\xampp\htdocs\github\kebunku\vendor\codeigniter4\framework\system\CodeIgniter.php(436): CodeIgniter\CodeIgniter->runController(Object(Modules\TikTok\Controllers\DataProfileTikTok))
#7 C:\xampp\htdocs\github\kebunku\vendor\codeigniter4\framework\system\CodeIgniter.php(337): CodeIgniter\CodeIgniter->handleRequest(NULL, Object(Config\Cache), false)
#8 C:\xampp\htdocs\github\kebunku\public\index.php(44): CodeIgniter\CodeIgniter->run()
#9 C:\xampp\htdocs\github\kebunku\vendor\codeigniter4\framework\system\Commands\Server\rewrite.php(45): require_once('C:\\xampp\\htdocs...')
#10 {main}
CRITICAL - 2022-01-28 09:04:17 --> Trying to access array offset on value of type null
#0 C:\xampp\htdocs\github\kebunku\modules\TikTok\Views\profiletiktok.php(35): CodeIgniter\Debug\Exceptions->errorHandler(8, 'Trying to acces...', 'C:\\xampp\\htdocs...', 35, Array)
#1 C:\xampp\htdocs\github\kebunku\vendor\codeigniter4\framework\system\View\View.php(220): include('C:\\xampp\\htdocs...')
#2 C:\xampp\htdocs\github\kebunku\vendor\codeigniter4\framework\system\View\View.php(222): CodeIgniter\View\View->CodeIgniter\View\{closure}()
#3 C:\xampp\htdocs\github\kebunku\vendor\codeigniter4\framework\system\Common.php(1217): CodeIgniter\View\View->render('Modules\\TikTok\\...', Array, true)
#4 C:\xampp\htdocs\github\kebunku\modules\TikTok\Controllers\DataProfileTikTok.php(70): view('Modules\\TikTok\\...', Array)
#5 C:\xampp\htdocs\github\kebunku\vendor\codeigniter4\framework\system\CodeIgniter.php(940): Modules\TikTok\Controllers\DataProfileTikTok->index()
#6 C:\xampp\htdocs\github\kebunku\vendor\codeigniter4\framework\system\CodeIgniter.php(436): CodeIgniter\CodeIgniter->runController(Object(Modules\TikTok\Controllers\DataProfileTikTok))
#7 C:\xampp\htdocs\github\kebunku\vendor\codeigniter4\framework\system\CodeIgniter.php(337): CodeIgniter\CodeIgniter->handleRequest(NULL, Object(Config\Cache), false)
#8 C:\xampp\htdocs\github\kebunku\public\index.php(44): CodeIgniter\CodeIgniter->run()
#9 C:\xampp\htdocs\github\kebunku\vendor\codeigniter4\framework\system\Commands\Server\rewrite.php(45): require_once('C:\\xampp\\htdocs...')
#10 {main}
CRITICAL - 2022-01-28 09:05:15 --> Trying to access array offset on value of type null
#0 C:\xampp\htdocs\github\kebunku\modules\TikTok\Views\profiletiktok.php(35): CodeIgniter\Debug\Exceptions->errorHandler(8, 'Trying to acces...', 'C:\\xampp\\htdocs...', 35, Array)
#1 C:\xampp\htdocs\github\kebunku\vendor\codeigniter4\framework\system\View\View.php(220): include('C:\\xampp\\htdocs...')
#2 C:\xampp\htdocs\github\kebunku\vendor\codeigniter4\framework\system\View\View.php(222): CodeIgniter\View\View->CodeIgniter\View\{closure}()
#3 C:\xampp\htdocs\github\kebunku\vendor\codeigniter4\framework\system\Common.php(1217): CodeIgniter\View\View->render('Modules\\TikTok\\...', Array, true)
#4 C:\xampp\htdocs\github\kebunku\modules\TikTok\Controllers\DataProfileTikTok.php(70): view('Modules\\TikTok\\...', Array)
#5 C:\xampp\htdocs\github\kebunku\vendor\codeigniter4\framework\system\CodeIgniter.php(940): Modules\TikTok\Controllers\DataProfileTikTok->index()
#6 C:\xampp\htdocs\github\kebunku\vendor\codeigniter4\framework\system\CodeIgniter.php(436): CodeIgniter\CodeIgniter->runController(Object(Modules\TikTok\Controllers\DataProfileTikTok))
#7 C:\xampp\htdocs\github\kebunku\vendor\codeigniter4\framework\system\CodeIgniter.php(337): CodeIgniter\CodeIgniter->handleRequest(NULL, Object(Config\Cache), false)
#8 C:\xampp\htdocs\github\kebunku\public\index.php(44): CodeIgniter\CodeIgniter->run()
#9 C:\xampp\htdocs\github\kebunku\vendor\codeigniter4\framework\system\Commands\Server\rewrite.php(45): require_once('C:\\xampp\\htdocs...')
#10 {main}
CRITICAL - 2022-01-28 09:05:28 --> Trying to access array offset on value of type null
#0 C:\xampp\htdocs\github\kebunku\modules\TikTok\Views\profiletiktok.php(35): CodeIgniter\Debug\Exceptions->errorHandler(8, 'Trying to acces...', 'C:\\xampp\\htdocs...', 35, Array)
#1 C:\xampp\htdocs\github\kebunku\vendor\codeigniter4\framework\system\View\View.php(220): include('C:\\xampp\\htdocs...')
#2 C:\xampp\htdocs\github\kebunku\vendor\codeigniter4\framework\system\View\View.php(222): CodeIgniter\View\View->CodeIgniter\View\{closure}()
#3 C:\xampp\htdocs\github\kebunku\vendor\codeigniter4\framework\system\Common.php(1217): CodeIgniter\View\View->render('Modules\\TikTok\\...', Array, true)
#4 C:\xampp\htdocs\github\kebunku\modules\TikTok\Controllers\DataProfileTikTok.php(70): view('Modules\\TikTok\\...', Array)
#5 C:\xampp\htdocs\github\kebunku\vendor\codeigniter4\framework\system\CodeIgniter.php(940): Modules\TikTok\Controllers\DataProfileTikTok->index()
#6 C:\xampp\htdocs\github\kebunku\vendor\codeigniter4\framework\system\CodeIgniter.php(436): CodeIgniter\CodeIgniter->runController(Object(Modules\TikTok\Controllers\DataProfileTikTok))
#7 C:\xampp\htdocs\github\kebunku\vendor\codeigniter4\framework\system\CodeIgniter.php(337): CodeIgniter\CodeIgniter->handleRequest(NULL, Object(Config\Cache), false)
#8 C:\xampp\htdocs\github\kebunku\public\index.php(44): CodeIgniter\CodeIgniter->run()
#9 C:\xampp\htdocs\github\kebunku\vendor\codeigniter4\framework\system\Commands\Server\rewrite.php(45): require_once('C:\\xampp\\htdocs...')
#10 {main}
ERROR - 2022-01-28 09:06:37 --> mysqli_sql_exception: Unknown column 'x_statusleveltiktok.exp' in 'field list' in C:\xampp\htdocs\github\kebunku\vendor\codeigniter4\framework\system\Database\MySQLi\Connection.php:314
Stack trace:
#0 C:\xampp\htdocs\github\kebunku\vendor\codeigniter4\framework\system\Database\MySQLi\Connection.php(314): mysqli->query('SELECT `x_statu...')
#1 C:\xampp\htdocs\github\kebunku\vendor\codeigniter4\framework\system\Database\BaseConnection.php(713): CodeIgniter\Database\MySQLi\Connection->execute('SELECT `x_statu...')
#2 C:\xampp\htdocs\github\kebunku\vendor\codeigniter4\framework\system\Database\BaseConnection.php(641): CodeIgniter\Database\BaseConnection->simpleQuery('SELECT `x_statu...')
#3 C:\xampp\htdocs\github\kebunku\vendor\codeigniter4\framework\system\Database\BaseBuilder.php(1866): CodeIgniter\Database\BaseConnection->query('SELECT `x_statu...', Array, false)
#4 C:\xampp\htdocs\github\kebunku\modules\InterfaceKu\Controllers\DataInterfaceMagang.php(64): CodeIgniter\Database\BaseBuilder->get()
#5 C:\xampp\htdocs\github\kebunku\vendor\codeigniter4\framework\system\CodeIgniter.php(940): Modules\InterfaceKu\Controllers\DataInterfaceMagang->interfacemagang('4d1849eaf2138c8...')
#6 C:\xampp\htdocs\github\kebunku\vendor\codeigniter4\framework\system\CodeIgniter.php(436): CodeIgniter\CodeIgniter->runController(Object(Modules\InterfaceKu\Controllers\DataInterfaceMagang))
#7 C:\xampp\htdocs\github\kebunku\vendor\codeigniter4\framework\system\CodeIgniter.php(337): CodeIgniter\CodeIgniter->handleRequest(NULL, Object(Config\Cache), false)
#8 C:\xampp\htdocs\github\kebunku\public\index.php(44): CodeIgniter\CodeIgniter->run()
#9 C:\xampp\htdocs\github\kebunku\vendor\codeigniter4\framework\system\Commands\Server\rewrite.php(45): require_once('C:\\xampp\\htdocs...')
#10 {main}
CRITICAL - 2022-01-28 09:06:37 --> Unknown column 'x_statusleveltiktok.exp' in 'field list'
#0 C:\xampp\htdocs\github\kebunku\vendor\codeigniter4\framework\system\Database\MySQLi\Connection.php(314): mysqli->query('SELECT `x_statu...')
#1 C:\xampp\htdocs\github\kebunku\vendor\codeigniter4\framework\system\Database\BaseConnection.php(713): CodeIgniter\Database\MySQLi\Connection->execute('SELECT `x_statu...')
#2 C:\xampp\htdocs\github\kebunku\vendor\codeigniter4\framework\system\Database\BaseConnection.php(641): CodeIgniter\Database\BaseConnection->simpleQuery('SELECT `x_statu...')
#3 C:\xampp\htdocs\github\kebunku\vendor\codeigniter4\framework\system\Database\BaseBuilder.php(1866): CodeIgniter\Database\BaseConnection->query('SELECT `x_statu...', Array, false)
#4 C:\xampp\htdocs\github\kebunku\modules\InterfaceKu\Controllers\DataInterfaceMagang.php(64): CodeIgniter\Database\BaseBuilder->get()
#5 C:\xampp\htdocs\github\kebunku\vendor\codeigniter4\framework\system\CodeIgniter.php(940): Modules\InterfaceKu\Controllers\DataInterfaceMagang->interfacemagang('4d1849eaf2138c8...')
#6 C:\xampp\htdocs\github\kebunku\vendor\codeigniter4\framework\system\CodeIgniter.php(436): CodeIgniter\CodeIgniter->runController(Object(Modules\InterfaceKu\Controllers\DataInterfaceMagang))
#7 C:\xampp\htdocs\github\kebunku\vendor\codeigniter4\framework\system\CodeIgniter.php(337): CodeIgniter\CodeIgniter->handleRequest(NULL, Object(Config\Cache), false)
#8 C:\xampp\htdocs\github\kebunku\public\index.php(44): CodeIgniter\CodeIgniter->run()
#9 C:\xampp\htdocs\github\kebunku\vendor\codeigniter4\framework\system\Commands\Server\rewrite.php(45): require_once('C:\\xampp\\htdocs...')
#10 {main}
ERROR - 2022-01-28 09:06:40 --> mysqli_sql_exception: Unknown column 'x_statusleveltiktok.exp' in 'field list' in C:\xampp\htdocs\github\kebunku\vendor\codeigniter4\framework\system\Database\MySQLi\Connection.php:314
Stack trace:
#0 C:\xampp\htdocs\github\kebunku\vendor\codeigniter4\framework\system\Database\MySQLi\Connection.php(314): mysqli->query('SELECT `x_statu...')
#1 C:\xampp\htdocs\github\kebunku\vendor\codeigniter4\framework\system\Database\BaseConnection.php(713): CodeIgniter\Database\MySQLi\Connection->execute('SELECT `x_statu...')
#2 C:\xampp\htdocs\github\kebunku\vendor\codeigniter4\framework\system\Database\BaseConnection.php(641): CodeIgniter\Database\BaseConnection->simpleQuery('SELECT `x_statu...')
#3 C:\xampp\htdocs\github\kebunku\vendor\codeigniter4\framework\system\Database\BaseBuilder.php(1866): CodeIgniter\Database\BaseConnection->query('SELECT `x_statu...', Array, false)
#4 C:\xampp\htdocs\github\kebunku\modules\InterfaceKu\Controllers\DataInterfaceMagang.php(64): CodeIgniter\Database\BaseBuilder->get()
#5 C:\xampp\htdocs\github\kebunku\vendor\codeigniter4\framework\system\CodeIgniter.php(940): Modules\InterfaceKu\Controllers\DataInterfaceMagang->interfacemagang('4d1849eaf2138c8...')
#6 C:\xampp\htdocs\github\kebunku\vendor\codeigniter4\framework\system\CodeIgniter.php(436): CodeIgniter\CodeIgniter->runController(Object(Modules\InterfaceKu\Controllers\DataInterfaceMagang))
#7 C:\xampp\htdocs\github\kebunku\vendor\codeigniter4\framework\system\CodeIgniter.php(337): CodeIgniter\CodeIgniter->handleRequest(NULL, Object(Config\Cache), false)
#8 C:\xampp\htdocs\github\kebunku\public\index.php(44): CodeIgniter\CodeIgniter->run()
#9 C:\xampp\htdocs\github\kebunku\vendor\codeigniter4\framework\system\Commands\Server\rewrite.php(45): require_once('C:\\xampp\\htdocs...')
#10 {main}
CRITICAL - 2022-01-28 09:06:40 --> Unknown column 'x_statusleveltiktok.exp' in 'field list'
#0 C:\xampp\htdocs\github\kebunku\vendor\codeigniter4\framework\system\Database\MySQLi\Connection.php(314): mysqli->query('SELECT `x_statu...')
#1 C:\xampp\htdocs\github\kebunku\vendor\codeigniter4\framework\system\Database\BaseConnection.php(713): CodeIgniter\Database\MySQLi\Connection->execute('SELECT `x_statu...')
#2 C:\xampp\htdocs\github\kebunku\vendor\codeigniter4\framework\system\Database\BaseConnection.php(641): CodeIgniter\Database\BaseConnection->simpleQuery('SELECT `x_statu...')
#3 C:\xampp\htdocs\github\kebunku\vendor\codeigniter4\framework\system\Database\BaseBuilder.php(1866): CodeIgniter\Database\BaseConnection->query('SELECT `x_statu...', Array, false)
#4 C:\xampp\htdocs\github\kebunku\modules\InterfaceKu\Controllers\DataInterfaceMagang.php(64): CodeIgniter\Database\BaseBuilder->get()
#5 C:\xampp\htdocs\github\kebunku\vendor\codeigniter4\framework\system\CodeIgniter.php(940): Modules\InterfaceKu\Controllers\DataInterfaceMagang->interfacemagang('4d1849eaf2138c8...')
#6 C:\xampp\htdocs\github\kebunku\vendor\codeigniter4\framework\system\CodeIgniter.php(436): CodeIgniter\CodeIgniter->runController(Object(Modules\InterfaceKu\Controllers\DataInterfaceMagang))
#7 C:\xampp\htdocs\github\kebunku\vendor\codeigniter4\framework\system\CodeIgniter.php(337): CodeIgniter\CodeIgniter->handleRequest(NULL, Object(Config\Cache), false)
#8 C:\xampp\htdocs\github\kebunku\public\index.php(44): CodeIgniter\CodeIgniter->run()
#9 C:\xampp\htdocs\github\kebunku\vendor\codeigniter4\framework\system\Commands\Server\rewrite.php(45): require_once('C:\\xampp\\htdocs...')
#10 {main}
CRITICAL - 2022-01-28 09:26:29 --> Trying to access array offset on value of type null
#0 C:\xampp\htdocs\github\kebunku\modules\TikTok\Controllers\DataLaporanVideo.php(365): CodeIgniter\Debug\Exceptions->errorHandler(8, 'Trying to acces...', 'C:\\xampp\\htdocs...', 365, Array)
#1 C:\xampp\htdocs\github\kebunku\vendor\codeigniter4\framework\system\CodeIgniter.php(940): Modules\TikTok\Controllers\DataLaporanVideo->ratingsave()
#2 C:\xampp\htdocs\github\kebunku\vendor\codeigniter4\framework\system\CodeIgniter.php(436): CodeIgniter\CodeIgniter->runController(Object(Modules\TikTok\Controllers\DataLaporanVideo))
#3 C:\xampp\htdocs\github\kebunku\vendor\codeigniter4\framework\system\CodeIgniter.php(337): CodeIgniter\CodeIgniter->handleRequest(NULL, Object(Config\Cache), false)
#4 C:\xampp\htdocs\github\kebunku\public\index.php(44): CodeIgniter\CodeIgniter->run()
#5 C:\xampp\htdocs\github\kebunku\vendor\codeigniter4\framework\system\Commands\Server\rewrite.php(45): require_once('C:\\xampp\\htdocs...')
#6 {main}
CRITICAL - 2022-01-28 09:26:57 --> Trying to access array offset on value of type null
#0 C:\xampp\htdocs\github\kebunku\modules\TikTok\Controllers\DataLaporanVideo.php(365): CodeIgniter\Debug\Exceptions->errorHandler(8, 'Trying to acces...', 'C:\\xampp\\htdocs...', 365, Array)
#1 C:\xampp\htdocs\github\kebunku\vendor\codeigniter4\framework\system\CodeIgniter.php(940): Modules\TikTok\Controllers\DataLaporanVideo->ratingsave()
#2 C:\xampp\htdocs\github\kebunku\vendor\codeigniter4\framework\system\CodeIgniter.php(436): CodeIgniter\CodeIgniter->runController(Object(Modules\TikTok\Controllers\DataLaporanVideo))
#3 C:\xampp\htdocs\github\kebunku\vendor\codeigniter4\framework\system\CodeIgniter.php(337): CodeIgniter\CodeIgniter->handleRequest(NULL, Object(Config\Cache), false)
#4 C:\xampp\htdocs\github\kebunku\public\index.php(44): CodeIgniter\CodeIgniter->run()
#5 C:\xampp\htdocs\github\kebunku\vendor\codeigniter4\framework\system\Commands\Server\rewrite.php(45): require_once('C:\\xampp\\htdocs...')
#6 {main}
CRITICAL - 2022-01-28 09:27:29 --> Trying to access array offset on value of type null
#0 C:\xampp\htdocs\github\kebunku\modules\TikTok\Controllers\DataLaporanVideo.php(365): CodeIgniter\Debug\Exceptions->errorHandler(8, 'Trying to acces...', 'C:\\xampp\\htdocs...', 365, Array)
#1 C:\xampp\htdocs\github\kebunku\vendor\codeigniter4\framework\system\CodeIgniter.php(940): Modules\TikTok\Controllers\DataLaporanVideo->ratingsave()
#2 C:\xampp\htdocs\github\kebunku\vendor\codeigniter4\framework\system\CodeIgniter.php(436): CodeIgniter\CodeIgniter->runController(Object(Modules\TikTok\Controllers\DataLaporanVideo))
#3 C:\xampp\htdocs\github\kebunku\vendor\codeigniter4\framework\system\CodeIgniter.php(337): CodeIgniter\CodeIgniter->handleRequest(NULL, Object(Config\Cache), false)
#4 C:\xampp\htdocs\github\kebunku\public\index.php(44): CodeIgniter\CodeIgniter->run()
#5 C:\xampp\htdocs\github\kebunku\vendor\codeigniter4\framework\system\Commands\Server\rewrite.php(45): require_once('C:\\xampp\\htdocs...')
#6 {main}
CRITICAL - 2022-01-28 09:27:31 --> Trying to access array offset on value of type null
#0 C:\xampp\htdocs\github\kebunku\modules\TikTok\Controllers\DataLaporanVideo.php(365): CodeIgniter\Debug\Exceptions->errorHandler(8, 'Trying to acces...', 'C:\\xampp\\htdocs...', 365, Array)
#1 C:\xampp\htdocs\github\kebunku\vendor\codeigniter4\framework\system\CodeIgniter.php(940): Modules\TikTok\Controllers\DataLaporanVideo->ratingsave()
#2 C:\xampp\htdocs\github\kebunku\vendor\codeigniter4\framework\system\CodeIgniter.php(436): CodeIgniter\CodeIgniter->runController(Object(Modules\TikTok\Controllers\DataLaporanVideo))
#3 C:\xampp\htdocs\github\kebunku\vendor\codeigniter4\framework\system\CodeIgniter.php(337): CodeIgniter\CodeIgniter->handleRequest(NULL, Object(Config\Cache), false)
#4 C:\xampp\htdocs\github\kebunku\public\index.php(44): CodeIgniter\CodeIgniter->run()
#5 C:\xampp\htdocs\github\kebunku\vendor\codeigniter4\framework\system\Commands\Server\rewrite.php(45): require_once('C:\\xampp\\htdocs...')
#6 {main}
CRITICAL - 2022-01-28 09:27:34 --> Trying to access array offset on value of type null
#0 C:\xampp\htdocs\github\kebunku\modules\TikTok\Controllers\DataLaporanVideo.php(365): CodeIgniter\Debug\Exceptions->errorHandler(8, 'Trying to acces...', 'C:\\xampp\\htdocs...', 365, Array)
#1 C:\xampp\htdocs\github\kebunku\vendor\codeigniter4\framework\system\CodeIgniter.php(940): Modules\TikTok\Controllers\DataLaporanVideo->ratingsave()
#2 C:\xampp\htdocs\github\kebunku\vendor\codeigniter4\framework\system\CodeIgniter.php(436): CodeIgniter\CodeIgniter->runController(Object(Modules\TikTok\Controllers\DataLaporanVideo))
#3 C:\xampp\htdocs\github\kebunku\vendor\codeigniter4\framework\system\CodeIgniter.php(337): CodeIgniter\CodeIgniter->handleRequest(NULL, Object(Config\Cache), false)
#4 C:\xampp\htdocs\github\kebunku\public\index.php(44): CodeIgniter\CodeIgniter->run()
#5 C:\xampp\htdocs\github\kebunku\vendor\codeigniter4\framework\system\Commands\Server\rewrite.php(45): require_once('C:\\xampp\\htdocs...')
#6 {main}
ERROR - 2022-01-28 09:31:10 --> mysqli_sql_exception: Unknown column 'cashout' in 'field list' in C:\xampp\htdocs\github\kebunku\vendor\codeigniter4\framework\system\Database\MySQLi\Connection.php:314
Stack trace:
#0 C:\xampp\htdocs\github\kebunku\vendor\codeigniter4\framework\system\Database\MySQLi\Connection.php(314): mysqli->query('UPDATE `x_statu...')
#1 C:\xampp\htdocs\github\kebunku\vendor\codeigniter4\framework\system\Database\BaseConnection.php(713): CodeIgniter\Database\MySQLi\Connection->execute('UPDATE `x_statu...')
#2 C:\xampp\htdocs\github\kebunku\vendor\codeigniter4\framework\system\Database\BaseConnection.php(641): CodeIgniter\Database\BaseConnection->simpleQuery('UPDATE `x_statu...')
#3 C:\xampp\htdocs\github\kebunku\vendor\codeigniter4\framework\system\Database\BaseBuilder.php(2468): CodeIgniter\Database\BaseConnection->query('UPDATE `x_statu...', Array, false)
#4 C:\xampp\htdocs\github\kebunku\app\Models\ModelMaster.php(255): CodeIgniter\Database\BaseBuilder->update(Array)
#5 C:\xampp\htdocs\github\kebunku\modules\TikTok\Controllers\DataLaporanVideo.php(384): App\Models\ModelMaster->dataedit('x_statuslevelti...', Array, Array)
#6 C:\xampp\htdocs\github\kebunku\vendor\codeigniter4\framework\system\CodeIgniter.php(940): Modules\TikTok\Controllers\DataLaporanVideo->ratingsave()
#7 C:\xampp\htdocs\github\kebunku\vendor\codeigniter4\framework\system\CodeIgniter.php(436): CodeIgniter\CodeIgniter->runController(Object(Modules\TikTok\Controllers\DataLaporanVideo))
#8 C:\xampp\htdocs\github\kebunku\vendor\codeigniter4\framework\system\CodeIgniter.php(337): CodeIgniter\CodeIgniter->handleRequest(NULL, Object(Config\Cache), false)
#9 C:\xampp\htdocs\github\kebunku\public\index.php(44): CodeIgniter\CodeIgniter->run()
#10 C:\xampp\htdocs\github\kebunku\vendor\codeigniter4\framework\system\Commands\Server\rewrite.php(45): require_once('C:\\xampp\\htdocs...')
#11 {main}
CRITICAL - 2022-01-28 09:31:10 --> Unknown column 'cashout' in 'field list'
#0 C:\xampp\htdocs\github\kebunku\vendor\codeigniter4\framework\system\Database\MySQLi\Connection.php(314): mysqli->query('UPDATE `x_statu...')
#1 C:\xampp\htdocs\github\kebunku\vendor\codeigniter4\framework\system\Database\BaseConnection.php(713): CodeIgniter\Database\MySQLi\Connection->execute('UPDATE `x_statu...')
#2 C:\xampp\htdocs\github\kebunku\vendor\codeigniter4\framework\system\Database\BaseConnection.php(641): CodeIgniter\Database\BaseConnection->simpleQuery('UPDATE `x_statu...')
#3 C:\xampp\htdocs\github\kebunku\vendor\codeigniter4\framework\system\Database\BaseBuilder.php(2468): CodeIgniter\Database\BaseConnection->query('UPDATE `x_statu...', Array, false)
#4 C:\xampp\htdocs\github\kebunku\app\Models\ModelMaster.php(255): CodeIgniter\Database\BaseBuilder->update(Array)
#5 C:\xampp\htdocs\github\kebunku\modules\TikTok\Controllers\DataLaporanVideo.php(384): App\Models\ModelMaster->dataedit('x_statuslevelti...', Array, Array)
#6 C:\xampp\htdocs\github\kebunku\vendor\codeigniter4\framework\system\CodeIgniter.php(940): Modules\TikTok\Controllers\DataLaporanVideo->ratingsave()
#7 C:\xampp\htdocs\github\kebunku\vendor\codeigniter4\framework\system\CodeIgniter.php(436): CodeIgniter\CodeIgniter->runController(Object(Modules\TikTok\Controllers\DataLaporanVideo))
#8 C:\xampp\htdocs\github\kebunku\vendor\codeigniter4\framework\system\CodeIgniter.php(337): CodeIgniter\CodeIgniter->handleRequest(NULL, Object(Config\Cache), false)
#9 C:\xampp\htdocs\github\kebunku\public\index.php(44): CodeIgniter\CodeIgniter->run()
#10 C:\xampp\htdocs\github\kebunku\vendor\codeigniter4\framework\system\Commands\Server\rewrite.php(45): require_once('C:\\xampp\\htdocs...')
#11 {main}
ERROR - 2022-01-28 09:31:11 --> mysqli_sql_exception: Unknown column 'cashout' in 'field list' in C:\xampp\htdocs\github\kebunku\vendor\codeigniter4\framework\system\Database\MySQLi\Connection.php:314
Stack trace:
#0 C:\xampp\htdocs\github\kebunku\vendor\codeigniter4\framework\system\Database\MySQLi\Connection.php(314): mysqli->query('UPDATE `x_statu...')
#1 C:\xampp\htdocs\github\kebunku\vendor\codeigniter4\framework\system\Database\BaseConnection.php(713): CodeIgniter\Database\MySQLi\Connection->execute('UPDATE `x_statu...')
#2 C:\xampp\htdocs\github\kebunku\vendor\codeigniter4\framework\system\Database\BaseConnection.php(641): CodeIgniter\Database\BaseConnection->simpleQuery('UPDATE `x_statu...')
#3 C:\xampp\htdocs\github\kebunku\vendor\codeigniter4\framework\system\Database\BaseBuilder.php(2468): CodeIgniter\Database\BaseConnection->query('UPDATE `x_statu...', Array, false)
#4 C:\xampp\htdocs\github\kebunku\app\Models\ModelMaster.php(255): CodeIgniter\Database\BaseBuilder->update(Array)
#5 C:\xampp\htdocs\github\kebunku\modules\TikTok\Controllers\DataLaporanVideo.php(384): App\Models\ModelMaster->dataedit('x_statuslevelti...', Array, Array)
#6 C:\xampp\htdocs\github\kebunku\vendor\codeigniter4\framework\system\CodeIgniter.php(940): Modules\TikTok\Controllers\DataLaporanVideo->ratingsave()
#7 C:\xampp\htdocs\github\kebunku\vendor\codeigniter4\framework\system\CodeIgniter.php(436): CodeIgniter\CodeIgniter->runController(Object(Modules\TikTok\Controllers\DataLaporanVideo))
#8 C:\xampp\htdocs\github\kebunku\vendor\codeigniter4\framework\system\CodeIgniter.php(337): CodeIgniter\CodeIgniter->handleRequest(NULL, Object(Config\Cache), false)
#9 C:\xampp\htdocs\github\kebunku\public\index.php(44): CodeIgniter\CodeIgniter->run()
#10 C:\xampp\htdocs\github\kebunku\vendor\codeigniter4\framework\system\Commands\Server\rewrite.php(45): require_once('C:\\xampp\\htdocs...')
#11 {main}
CRITICAL - 2022-01-28 09:31:11 --> Unknown column 'cashout' in 'field list'
#0 C:\xampp\htdocs\github\kebunku\vendor\codeigniter4\framework\system\Database\MySQLi\Connection.php(314): mysqli->query('UPDATE `x_statu...')
#1 C:\xampp\htdocs\github\kebunku\vendor\codeigniter4\framework\system\Database\BaseConnection.php(713): CodeIgniter\Database\MySQLi\Connection->execute('UPDATE `x_statu...')
#2 C:\xampp\htdocs\github\kebunku\vendor\codeigniter4\framework\system\Database\BaseConnection.php(641): CodeIgniter\Database\BaseConnection->simpleQuery('UPDATE `x_statu...')
#3 C:\xampp\htdocs\github\kebunku\vendor\codeigniter4\framework\system\Database\BaseBuilder.php(2468): CodeIgniter\Database\BaseConnection->query('UPDATE `x_statu...', Array, false)
#4 C:\xampp\htdocs\github\kebunku\app\Models\ModelMaster.php(255): CodeIgniter\Database\BaseBuilder->update(Array)
#5 C:\xampp\htdocs\github\kebunku\modules\TikTok\Controllers\DataLaporanVideo.php(384): App\Models\ModelMaster->dataedit('x_statuslevelti...', Array, Array)
#6 C:\xampp\htdocs\github\kebunku\vendor\codeigniter4\framework\system\CodeIgniter.php(940): Modules\TikTok\Controllers\DataLaporanVideo->ratingsave()
#7 C:\xampp\htdocs\github\kebunku\vendor\codeigniter4\framework\system\CodeIgniter.php(436): CodeIgniter\CodeIgniter->runController(Object(Modules\TikTok\Controllers\DataLaporanVideo))
#8 C:\xampp\htdocs\github\kebunku\vendor\codeigniter4\framework\system\CodeIgniter.php(337): CodeIgniter\CodeIgniter->handleRequest(NULL, Object(Config\Cache), false)
#9 C:\xampp\htdocs\github\kebunku\public\index.php(44): CodeIgniter\CodeIgniter->run()
#10 C:\xampp\htdocs\github\kebunku\vendor\codeigniter4\framework\system\Commands\Server\rewrite.php(45): require_once('C:\\xampp\\htdocs...')
#11 {main}
ERROR - 2022-01-28 09:31:18 --> mysqli_sql_exception: Unknown column 'cashout' in 'field list' in C:\xampp\htdocs\github\kebunku\vendor\codeigniter4\framework\system\Database\MySQLi\Connection.php:314
Stack trace:
#0 C:\xampp\htdocs\github\kebunku\vendor\codeigniter4\framework\system\Database\MySQLi\Connection.php(314): mysqli->query('UPDATE `x_statu...')
#1 C:\xampp\htdocs\github\kebunku\vendor\codeigniter4\framework\system\Database\BaseConnection.php(713): CodeIgniter\Database\MySQLi\Connection->execute('UPDATE `x_statu...')
#2 C:\xampp\htdocs\github\kebunku\vendor\codeigniter4\framework\system\Database\BaseConnection.php(641): CodeIgniter\Database\BaseConnection->simpleQuery('UPDATE `x_statu...')
#3 C:\xampp\htdocs\github\kebunku\vendor\codeigniter4\framework\system\Database\BaseBuilder.php(2468): CodeIgniter\Database\BaseConnection->query('UPDATE `x_statu...', Array, false)
#4 C:\xampp\htdocs\github\kebunku\app\Models\ModelMaster.php(255): CodeIgniter\Database\BaseBuilder->update(Array)
#5 C:\xampp\htdocs\github\kebunku\modules\TikTok\Controllers\DataLaporanVideo.php(384): App\Models\ModelMaster->dataedit('x_statuslevelti...', Array, Array)
#6 C:\xampp\htdocs\github\kebunku\vendor\codeigniter4\framework\system\CodeIgniter.php(940): Modules\TikTok\Controllers\DataLaporanVideo->ratingsave()
#7 C:\xampp\htdocs\github\kebunku\vendor\codeigniter4\framework\system\CodeIgniter.php(436): CodeIgniter\CodeIgniter->runController(Object(Modules\TikTok\Controllers\DataLaporanVideo))
#8 C:\xampp\htdocs\github\kebunku\vendor\codeigniter4\framework\system\CodeIgniter.php(337): CodeIgniter\CodeIgniter->handleRequest(NULL, Object(Config\Cache), false)
#9 C:\xampp\htdocs\github\kebunku\public\index.php(44): CodeIgniter\CodeIgniter->run()
#10 C:\xampp\htdocs\github\kebunku\vendor\codeigniter4\framework\system\Commands\Server\rewrite.php(45): require_once('C:\\xampp\\htdocs...')
#11 {main}
CRITICAL - 2022-01-28 09:31:18 --> Unknown column 'cashout' in 'field list'
#0 C:\xampp\htdocs\github\kebunku\vendor\codeigniter4\framework\system\Database\MySQLi\Connection.php(314): mysqli->query('UPDATE `x_statu...')
#1 C:\xampp\htdocs\github\kebunku\vendor\codeigniter4\framework\system\Database\BaseConnection.php(713): CodeIgniter\Database\MySQLi\Connection->execute('UPDATE `x_statu...')
#2 C:\xampp\htdocs\github\kebunku\vendor\codeigniter4\framework\system\Database\BaseConnection.php(641): CodeIgniter\Database\BaseConnection->simpleQuery('UPDATE `x_statu...')
#3 C:\xampp\htdocs\github\kebunku\vendor\codeigniter4\framework\system\Database\BaseBuilder.php(2468): CodeIgniter\Database\BaseConnection->query('UPDATE `x_statu...', Array, false)
#4 C:\xampp\htdocs\github\kebunku\app\Models\ModelMaster.php(255): CodeIgniter\Database\BaseBuilder->update(Array)
#5 C:\xampp\htdocs\github\kebunku\modules\TikTok\Controllers\DataLaporanVideo.php(384): App\Models\ModelMaster->dataedit('x_statuslevelti...', Array, Array)
#6 C:\xampp\htdocs\github\kebunku\vendor\codeigniter4\framework\system\CodeIgniter.php(940): Modules\TikTok\Controllers\DataLaporanVideo->ratingsave()
#7 C:\xampp\htdocs\github\kebunku\vendor\codeigniter4\framework\system\CodeIgniter.php(436): CodeIgniter\CodeIgniter->runController(Object(Modules\TikTok\Controllers\DataLaporanVideo))
#8 C:\xampp\htdocs\github\kebunku\vendor\codeigniter4\framework\system\CodeIgniter.php(337): CodeIgniter\CodeIgniter->handleRequest(NULL, Object(Config\Cache), false)
#9 C:\xampp\htdocs\github\kebunku\public\index.php(44): CodeIgniter\CodeIgniter->run()
#10 C:\xampp\htdocs\github\kebunku\vendor\codeigniter4\framework\system\Commands\Server\rewrite.php(45): require_once('C:\\xampp\\htdocs...')
#11 {main}
CRITICAL - 2022-01-28 10:27:23 --> Undefined offset: 0
#0 C:\xampp\htdocs\github\kebunku\modules\Invoice\Views\invoicetiktok.php(56): CodeIgniter\Debug\Exceptions->errorHandler(8, 'Undefined offse...', 'C:\\xampp\\htdocs...', 56, Array)
#1 C:\xampp\htdocs\github\kebunku\vendor\codeigniter4\framework\system\View\View.php(220): include('C:\\xampp\\htdocs...')
#2 C:\xampp\htdocs\github\kebunku\vendor\codeigniter4\framework\system\View\View.php(222): CodeIgniter\View\View->CodeIgniter\View\{closure}()
#3 C:\xampp\htdocs\github\kebunku\vendor\codeigniter4\framework\system\Common.php(1217): CodeIgniter\View\View->render('Modules\\Invoice...', Array, true)
#4 C:\xampp\htdocs\github\kebunku\modules\Invoice\Controllers\InvoiceTikTok.php(35): view('Modules\\Invoice...', Array)
#5 C:\xampp\htdocs\github\kebunku\vendor\codeigniter4\framework\system\CodeIgniter.php(940): Modules\Invoice\Controllers\InvoiceTIkTok->invoice()
#6 C:\xampp\htdocs\github\kebunku\vendor\codeigniter4\framework\system\CodeIgniter.php(436): CodeIgniter\CodeIgniter->runController(Object(Modules\Invoice\Controllers\InvoiceTIkTok))
#7 C:\xampp\htdocs\github\kebunku\vendor\codeigniter4\framework\system\CodeIgniter.php(337): CodeIgniter\CodeIgniter->handleRequest(NULL, Object(Config\Cache), false)
#8 C:\xampp\htdocs\github\kebunku\public\index.php(44): CodeIgniter\CodeIgniter->run()
#9 C:\xampp\htdocs\github\kebunku\vendor\codeigniter4\framework\system\Commands\Server\rewrite.php(45): require_once('C:\\xampp\\htdocs...')
#10 {main}
CRITICAL - 2022-01-28 10:38:17 --> You do not have sufficient permissions to access that page.
#0 C:\xampp\htdocs\github\kebunku\vendor\codeigniter4\framework\system\Filters\Filters.php(181): Myth\Auth\Filters\PermissionFilter->before(Object(CodeIgniter\HTTP\IncomingRequest), Array)
#1 C:\xampp\htdocs\github\kebunku\vendor\codeigniter4\framework\system\CodeIgniter.php(407): CodeIgniter\Filters\Filters->run('manage-laporan-...', 'before')
#2 C:\xampp\htdocs\github\kebunku\vendor\codeigniter4\framework\system\CodeIgniter.php(337): CodeIgniter\CodeIgniter->handleRequest(NULL, Object(Config\Cache), false)
#3 C:\xampp\htdocs\github\kebunku\public\index.php(44): CodeIgniter\CodeIgniter->run()
#4 C:\xampp\htdocs\github\kebunku\vendor\codeigniter4\framework\system\Commands\Server\rewrite.php(45): require_once('C:\\xampp\\htdocs...')
#5 {main}
CRITICAL - 2022-01-28 10:46:11 --> The action you requested is not allowed.
#0 C:\xampp\htdocs\github\kebunku\vendor\codeigniter4\framework\system\Security\Security.php(231): CodeIgniter\Security\Exceptions\SecurityException::forDisallowedAction()
#1 C:\xampp\htdocs\github\kebunku\vendor\codeigniter4\framework\system\Filters\CSRF.php(57): CodeIgniter\Security\Security->verify(Object(CodeIgniter\HTTP\IncomingRequest))
#2 C:\xampp\htdocs\github\kebunku\vendor\codeigniter4\framework\system\Filters\Filters.php(181): CodeIgniter\Filters\CSRF->before(Object(CodeIgniter\HTTP\IncomingRequest), NULL)
#3 C:\xampp\htdocs\github\kebunku\vendor\codeigniter4\framework\system\CodeIgniter.php(407): CodeIgniter\Filters\Filters->run('manage-invoice-...', 'before')
#4 C:\xampp\htdocs\github\kebunku\vendor\codeigniter4\framework\system\CodeIgniter.php(337): CodeIgniter\CodeIgniter->handleRequest(NULL, Object(Config\Cache), false)
#5 C:\xampp\htdocs\github\kebunku\public\index.php(44): CodeIgniter\CodeIgniter->run()
#6 C:\xampp\htdocs\github\kebunku\vendor\codeigniter4\framework\system\Commands\Server\rewrite.php(45): require_once('C:\\xampp\\htdocs...')
#7 {main}
CRITICAL - 2022-01-28 10:46:20 --> The action you requested is not allowed.
#0 C:\xampp\htdocs\github\kebunku\vendor\codeigniter4\framework\system\Security\Security.php(231): CodeIgniter\Security\Exceptions\SecurityException::forDisallowedAction()
#1 C:\xampp\htdocs\github\kebunku\vendor\codeigniter4\framework\system\Filters\CSRF.php(57): CodeIgniter\Security\Security->verify(Object(CodeIgniter\HTTP\IncomingRequest))
#2 C:\xampp\htdocs\github\kebunku\vendor\codeigniter4\framework\system\Filters\Filters.php(181): CodeIgniter\Filters\CSRF->before(Object(CodeIgniter\HTTP\IncomingRequest), NULL)
#3 C:\xampp\htdocs\github\kebunku\vendor\codeigniter4\framework\system\CodeIgniter.php(407): CodeIgniter\Filters\Filters->run('manage-invoice-...', 'before')
#4 C:\xampp\htdocs\github\kebunku\vendor\codeigniter4\framework\system\CodeIgniter.php(337): CodeIgniter\CodeIgniter->handleRequest(NULL, Object(Config\Cache), false)
#5 C:\xampp\htdocs\github\kebunku\public\index.php(44): CodeIgniter\CodeIgniter->run()
#6 C:\xampp\htdocs\github\kebunku\vendor\codeigniter4\framework\system\Commands\Server\rewrite.php(45): require_once('C:\\xampp\\htdocs...')
#7 {main}
CRITICAL - 2022-01-28 10:59:37 --> Undefined index: totalcashout
#0 C:\xampp\htdocs\github\kebunku\modules\Invoice\Controllers\InvoiceTikTok.php(119): CodeIgniter\Debug\Exceptions->errorHandler(8, 'Undefined index...', 'C:\\xampp\\htdocs...', 119, Array)
#1 C:\xampp\htdocs\github\kebunku\vendor\codeigniter4\framework\system\CodeIgniter.php(940): Modules\Invoice\Controllers\InvoiceTIkTok->invoicesaldojson()
#2 C:\xampp\htdocs\github\kebunku\vendor\codeigniter4\framework\system\CodeIgniter.php(436): CodeIgniter\CodeIgniter->runController(Object(Modules\Invoice\Controllers\InvoiceTIkTok))
#3 C:\xampp\htdocs\github\kebunku\vendor\codeigniter4\framework\system\CodeIgniter.php(337): CodeIgniter\CodeIgniter->handleRequest(NULL, Object(Config\Cache), false)
#4 C:\xampp\htdocs\github\kebunku\public\index.php(44): CodeIgniter\CodeIgniter->run()
#5 C:\xampp\htdocs\github\kebunku\vendor\codeigniter4\framework\system\Commands\Server\rewrite.php(45): require_once('C:\\xampp\\htdocs...')
#6 {main}
CRITICAL - 2022-01-28 11:01:56 --> Undefined variable: iduser
#0 C:\xampp\htdocs\github\kebunku\modules\Invoice\Views\invoicetiktok.php(55): CodeIgniter\Debug\Exceptions->errorHandler(8, 'Undefined varia...', 'C:\\xampp\\htdocs...', 55, Array)
#1 C:\xampp\htdocs\github\kebunku\vendor\codeigniter4\framework\system\View\View.php(220): include('C:\\xampp\\htdocs...')
#2 C:\xampp\htdocs\github\kebunku\vendor\codeigniter4\framework\system\View\View.php(222): CodeIgniter\View\View->CodeIgniter\View\{closure}()
#3 C:\xampp\htdocs\github\kebunku\vendor\codeigniter4\framework\system\Common.php(1217): CodeIgniter\View\View->render('Modules\\Invoice...', Array, true)
#4 C:\xampp\htdocs\github\kebunku\modules\Invoice\Controllers\InvoiceTikTok.php(35): view('Modules\\Invoice...', Array)
#5 C:\xampp\htdocs\github\kebunku\vendor\codeigniter4\framework\system\CodeIgniter.php(940): Modules\Invoice\Controllers\InvoiceTIkTok->invoice()
#6 C:\xampp\htdocs\github\kebunku\vendor\codeigniter4\framework\system\CodeIgniter.php(436): CodeIgniter\CodeIgniter->runController(Object(Modules\Invoice\Controllers\InvoiceTIkTok))
#7 C:\xampp\htdocs\github\kebunku\vendor\codeigniter4\framework\system\CodeIgniter.php(337): CodeIgniter\CodeIgniter->handleRequest(NULL, Object(Config\Cache), false)
#8 C:\xampp\htdocs\github\kebunku\public\index.php(44): CodeIgniter\CodeIgniter->run()
#9 C:\xampp\htdocs\github\kebunku\vendor\codeigniter4\framework\system\Commands\Server\rewrite.php(45): require_once('C:\\xampp\\htdocs...')
#10 {main}
