CRITICAL - 2021-04-26 08:41:37 --> Trying to access array offset on value of type null
#0 D:\WEBSITE\xampp-7.4\htdocs\web-master\modules\FrontEndBlog\Controllers\Blog.php(49): CodeIgniter\Debug\Exceptions->errorHandler(8, 'Trying to acces...', 'D:\\WEBSITE\\xamp...', 49, Array)
#1 D:\WEBSITE\xampp-7.4\htdocs\web-master\vendor\codeigniter4\framework\system\CodeIgniter.php(936): Modules\FrontEndBlog\Controllers\Blog->detail('img', 'blog-avatar2.jp...')
#2 D:\WEBSITE\xampp-7.4\htdocs\web-master\vendor\codeigniter4\framework\system\CodeIgniter.php(432): CodeIgniter\CodeIgniter->runController(Object(Modules\FrontEndBlog\Controllers\Blog))
#3 D:\WEBSITE\xampp-7.4\htdocs\web-master\vendor\codeigniter4\framework\system\CodeIgniter.php(333): CodeIgniter\CodeIgniter->handleRequest(NULL, Object(Config\Cache), false)
#4 D:\WEBSITE\xampp-7.4\htdocs\web-master\public\index.php(44): CodeIgniter\CodeIgniter->run()
#5 D:\WEBSITE\xampp-7.4\htdocs\web-master\vendor\codeigniter4\framework\system\Commands\Server\rewrite.php(45): require_once('D:\\WEBSITE\\xamp...')
#6 {main}
CRITICAL - 2021-04-26 08:41:37 --> Trying to access array offset on value of type null
#0 D:\WEBSITE\xampp-7.4\htdocs\web-master\modules\FrontEndBlog\Controllers\Blog.php(49): CodeIgniter\Debug\Exceptions->errorHandler(8, 'Trying to acces...', 'D:\\WEBSITE\\xamp...', 49, Array)
#1 D:\WEBSITE\xampp-7.4\htdocs\web-master\vendor\codeigniter4\framework\system\CodeIgniter.php(936): Modules\FrontEndBlog\Controllers\Blog->detail('img', 'blog-avatar.jpg')
#2 D:\WEBSITE\xampp-7.4\htdocs\web-master\vendor\codeigniter4\framework\system\CodeIgniter.php(432): CodeIgniter\CodeIgniter->runController(Object(Modules\FrontEndBlog\Controllers\Blog))
#3 D:\WEBSITE\xampp-7.4\htdocs\web-master\vendor\codeigniter4\framework\system\CodeIgniter.php(333): CodeIgniter\CodeIgniter->handleRequest(NULL, Object(Config\Cache), false)
#4 D:\WEBSITE\xampp-7.4\htdocs\web-master\public\index.php(44): CodeIgniter\CodeIgniter->run()
#5 D:\WEBSITE\xampp-7.4\htdocs\web-master\vendor\codeigniter4\framework\system\Commands\Server\rewrite.php(45): require_once('D:\\WEBSITE\\xamp...')
#6 {main}
CRITICAL - 2021-04-26 08:42:10 --> Trying to access array offset on value of type null
#0 D:\WEBSITE\xampp-7.4\htdocs\web-master\modules\FrontEndBlog\Controllers\Blog.php(49): CodeIgniter\Debug\Exceptions->errorHandler(8, 'Trying to acces...', 'D:\\WEBSITE\\xamp...', 49, Array)
#1 D:\WEBSITE\xampp-7.4\htdocs\web-master\vendor\codeigniter4\framework\system\CodeIgniter.php(936): Modules\FrontEndBlog\Controllers\Blog->detail('img', 'blog-avatar2.jp...')
#2 D:\WEBSITE\xampp-7.4\htdocs\web-master\vendor\codeigniter4\framework\system\CodeIgniter.php(432): CodeIgniter\CodeIgniter->runController(Object(Modules\FrontEndBlog\Controllers\Blog))
#3 D:\WEBSITE\xampp-7.4\htdocs\web-master\vendor\codeigniter4\framework\system\CodeIgniter.php(333): CodeIgniter\CodeIgniter->handleRequest(NULL, Object(Config\Cache), false)
#4 D:\WEBSITE\xampp-7.4\htdocs\web-master\public\index.php(44): CodeIgniter\CodeIgniter->run()
#5 D:\WEBSITE\xampp-7.4\htdocs\web-master\vendor\codeigniter4\framework\system\Commands\Server\rewrite.php(45): require_once('D:\\WEBSITE\\xamp...')
#6 {main}
CRITICAL - 2021-04-26 08:42:11 --> Trying to access array offset on value of type null
#0 D:\WEBSITE\xampp-7.4\htdocs\web-master\modules\FrontEndBlog\Controllers\Blog.php(49): CodeIgniter\Debug\Exceptions->errorHandler(8, 'Trying to acces...', 'D:\\WEBSITE\\xamp...', 49, Array)
#1 D:\WEBSITE\xampp-7.4\htdocs\web-master\vendor\codeigniter4\framework\system\CodeIgniter.php(936): Modules\FrontEndBlog\Controllers\Blog->detail('img', 'blog-avatar.jpg')
#2 D:\WEBSITE\xampp-7.4\htdocs\web-master\vendor\codeigniter4\framework\system\CodeIgniter.php(432): CodeIgniter\CodeIgniter->runController(Object(Modules\FrontEndBlog\Controllers\Blog))
#3 D:\WEBSITE\xampp-7.4\htdocs\web-master\vendor\codeigniter4\framework\system\CodeIgniter.php(333): CodeIgniter\CodeIgniter->handleRequest(NULL, Object(Config\Cache), false)
#4 D:\WEBSITE\xampp-7.4\htdocs\web-master\public\index.php(44): CodeIgniter\CodeIgniter->run()
#5 D:\WEBSITE\xampp-7.4\htdocs\web-master\vendor\codeigniter4\framework\system\Commands\Server\rewrite.php(45): require_once('D:\\WEBSITE\\xamp...')
#6 {main}
ERROR - 2021-04-26 11:00:05 --> Error connecting to the database: No connection could be made because the target machine actively refused it.

CRITICAL - 2021-04-26 11:00:05 --> Unable to connect to the database.
#0 D:\WEBSITE\xampp-7.4\htdocs\web-master\vendor\codeigniter4\framework\system\Database\BaseConnection.php(618): CodeIgniter\Database\BaseConnection->initialize()
#1 D:\WEBSITE\xampp-7.4\htdocs\web-master\vendor\codeigniter4\framework\system\Database\BaseBuilder.php(1966): CodeIgniter\Database\BaseConnection->query('SELECT COUNT(*)...', Array, false)
#2 D:\WEBSITE\xampp-7.4\htdocs\web-master\vendor\codeigniter4\framework\system\Model.php(570): CodeIgniter\Database\BaseBuilder->countAllResults(false)
#3 D:\WEBSITE\xampp-7.4\htdocs\web-master\vendor\codeigniter4\framework\system\BaseModel.php(1140): CodeIgniter\Model->countAllResults(false)
#4 D:\WEBSITE\xampp-7.4\htdocs\web-master\modules\FrontEndBlog\Models\ModelBlog.php(21): CodeIgniter\BaseModel->paginate(8, 'blog')
#5 D:\WEBSITE\xampp-7.4\htdocs\web-master\modules\FrontEndLayout\Controllers\Layout.php(22): Modules\FrontEndBlog\Models\ModelBlog->get_blog(8)
#6 D:\WEBSITE\xampp-7.4\htdocs\web-master\vendor\codeigniter4\framework\system\CodeIgniter.php(936): Modules\FrontEndLayout\Controllers\Layout->index()
#7 D:\WEBSITE\xampp-7.4\htdocs\web-master\vendor\codeigniter4\framework\system\CodeIgniter.php(432): CodeIgniter\CodeIgniter->runController(Object(Modules\FrontEndLayout\Controllers\Layout))
#8 D:\WEBSITE\xampp-7.4\htdocs\web-master\vendor\codeigniter4\framework\system\CodeIgniter.php(333): CodeIgniter\CodeIgniter->handleRequest(NULL, Object(Config\Cache), false)
#9 D:\WEBSITE\xampp-7.4\htdocs\web-master\public\index.php(44): CodeIgniter\CodeIgniter->run()
#10 D:\WEBSITE\xampp-7.4\htdocs\web-master\vendor\codeigniter4\framework\system\Commands\Server\rewrite.php(45): require_once('D:\\WEBSITE\\xamp...')
#11 {main}
ERROR - 2021-04-26 11:00:14 --> Error connecting to the database: No connection could be made because the target machine actively refused it.

CRITICAL - 2021-04-26 11:00:14 --> Unable to connect to the database.
#0 D:\WEBSITE\xampp-7.4\htdocs\web-master\vendor\codeigniter4\framework\system\Database\BaseConnection.php(618): CodeIgniter\Database\BaseConnection->initialize()
#1 D:\WEBSITE\xampp-7.4\htdocs\web-master\vendor\codeigniter4\framework\system\Database\BaseBuilder.php(1966): CodeIgniter\Database\BaseConnection->query('SELECT COUNT(*)...', Array, false)
#2 D:\WEBSITE\xampp-7.4\htdocs\web-master\vendor\codeigniter4\framework\system\Model.php(570): CodeIgniter\Database\BaseBuilder->countAllResults(false)
#3 D:\WEBSITE\xampp-7.4\htdocs\web-master\vendor\codeigniter4\framework\system\BaseModel.php(1140): CodeIgniter\Model->countAllResults(false)
#4 D:\WEBSITE\xampp-7.4\htdocs\web-master\modules\FrontEndBlog\Models\ModelBlog.php(21): CodeIgniter\BaseModel->paginate(8, 'blog')
#5 D:\WEBSITE\xampp-7.4\htdocs\web-master\modules\FrontEndLayout\Controllers\Layout.php(22): Modules\FrontEndBlog\Models\ModelBlog->get_blog(8)
#6 D:\WEBSITE\xampp-7.4\htdocs\web-master\vendor\codeigniter4\framework\system\CodeIgniter.php(936): Modules\FrontEndLayout\Controllers\Layout->index()
#7 D:\WEBSITE\xampp-7.4\htdocs\web-master\vendor\codeigniter4\framework\system\CodeIgniter.php(432): CodeIgniter\CodeIgniter->runController(Object(Modules\FrontEndLayout\Controllers\Layout))
#8 D:\WEBSITE\xampp-7.4\htdocs\web-master\vendor\codeigniter4\framework\system\CodeIgniter.php(333): CodeIgniter\CodeIgniter->handleRequest(NULL, Object(Config\Cache), false)
#9 D:\WEBSITE\xampp-7.4\htdocs\web-master\public\index.php(44): CodeIgniter\CodeIgniter->run()
#10 D:\WEBSITE\xampp-7.4\htdocs\web-master\vendor\codeigniter4\framework\system\Commands\Server\rewrite.php(45): require_once('D:\\WEBSITE\\xamp...')
#11 {main}
ERROR - 2021-04-26 11:00:56 --> Error connecting to the database: No connection could be made because the target machine actively refused it.

CRITICAL - 2021-04-26 11:00:56 --> Unable to connect to the database.
#0 D:\WEBSITE\xampp-7.4\htdocs\web-master\vendor\codeigniter4\framework\system\Database\BaseConnection.php(618): CodeIgniter\Database\BaseConnection->initialize()
#1 D:\WEBSITE\xampp-7.4\htdocs\web-master\vendor\codeigniter4\framework\system\Database\BaseBuilder.php(1966): CodeIgniter\Database\BaseConnection->query('SELECT COUNT(*)...', Array, false)
#2 D:\WEBSITE\xampp-7.4\htdocs\web-master\vendor\codeigniter4\framework\system\Model.php(570): CodeIgniter\Database\BaseBuilder->countAllResults(false)
#3 D:\WEBSITE\xampp-7.4\htdocs\web-master\vendor\codeigniter4\framework\system\BaseModel.php(1140): CodeIgniter\Model->countAllResults(false)
#4 D:\WEBSITE\xampp-7.4\htdocs\web-master\modules\FrontEndBlog\Models\ModelBlog.php(21): CodeIgniter\BaseModel->paginate(8, 'blog')
#5 D:\WEBSITE\xampp-7.4\htdocs\web-master\modules\FrontEndLayout\Controllers\Layout.php(22): Modules\FrontEndBlog\Models\ModelBlog->get_blog(8)
#6 D:\WEBSITE\xampp-7.4\htdocs\web-master\vendor\codeigniter4\framework\system\CodeIgniter.php(936): Modules\FrontEndLayout\Controllers\Layout->index()
#7 D:\WEBSITE\xampp-7.4\htdocs\web-master\vendor\codeigniter4\framework\system\CodeIgniter.php(432): CodeIgniter\CodeIgniter->runController(Object(Modules\FrontEndLayout\Controllers\Layout))
#8 D:\WEBSITE\xampp-7.4\htdocs\web-master\vendor\codeigniter4\framework\system\CodeIgniter.php(333): CodeIgniter\CodeIgniter->handleRequest(NULL, Object(Config\Cache), false)
#9 D:\WEBSITE\xampp-7.4\htdocs\web-master\public\index.php(44): CodeIgniter\CodeIgniter->run()
#10 D:\WEBSITE\xampp-7.4\htdocs\web-master\vendor\codeigniter4\framework\system\Commands\Server\rewrite.php(45): require_once('D:\\WEBSITE\\xamp...')
#11 {main}
ERROR - 2021-04-26 11:01:04 --> Error connecting to the database: No connection could be made because the target machine actively refused it.

CRITICAL - 2021-04-26 11:01:04 --> Unable to connect to the database.
#0 D:\WEBSITE\xampp-7.4\htdocs\web-master\vendor\codeigniter4\framework\system\Database\BaseConnection.php(618): CodeIgniter\Database\BaseConnection->initialize()
#1 D:\WEBSITE\xampp-7.4\htdocs\web-master\vendor\codeigniter4\framework\system\Database\BaseBuilder.php(1966): CodeIgniter\Database\BaseConnection->query('SELECT COUNT(*)...', Array, false)
#2 D:\WEBSITE\xampp-7.4\htdocs\web-master\vendor\codeigniter4\framework\system\Model.php(570): CodeIgniter\Database\BaseBuilder->countAllResults(false)
#3 D:\WEBSITE\xampp-7.4\htdocs\web-master\vendor\codeigniter4\framework\system\BaseModel.php(1140): CodeIgniter\Model->countAllResults(false)
#4 D:\WEBSITE\xampp-7.4\htdocs\web-master\modules\FrontEndBlog\Models\ModelBlog.php(21): CodeIgniter\BaseModel->paginate(8, 'blog')
#5 D:\WEBSITE\xampp-7.4\htdocs\web-master\modules\FrontEndBlog\Controllers\Blog.php(25): Modules\FrontEndBlog\Models\ModelBlog->get_blog(8)
#6 D:\WEBSITE\xampp-7.4\htdocs\web-master\vendor\codeigniter4\framework\system\CodeIgniter.php(936): Modules\FrontEndBlog\Controllers\Blog->index()
#7 D:\WEBSITE\xampp-7.4\htdocs\web-master\vendor\codeigniter4\framework\system\CodeIgniter.php(432): CodeIgniter\CodeIgniter->runController(Object(Modules\FrontEndBlog\Controllers\Blog))
#8 D:\WEBSITE\xampp-7.4\htdocs\web-master\vendor\codeigniter4\framework\system\CodeIgniter.php(333): CodeIgniter\CodeIgniter->handleRequest(NULL, Object(Config\Cache), false)
#9 D:\WEBSITE\xampp-7.4\htdocs\web-master\public\index.php(44): CodeIgniter\CodeIgniter->run()
#10 D:\WEBSITE\xampp-7.4\htdocs\web-master\vendor\codeigniter4\framework\system\Commands\Server\rewrite.php(45): require_once('D:\\WEBSITE\\xamp...')
#11 {main}
ERROR - 2021-04-26 11:01:07 --> Error connecting to the database: No connection could be made because the target machine actively refused it.

CRITICAL - 2021-04-26 11:01:07 --> Unable to connect to the database.
#0 D:\WEBSITE\xampp-7.4\htdocs\web-master\vendor\codeigniter4\framework\system\Database\BaseConnection.php(618): CodeIgniter\Database\BaseConnection->initialize()
#1 D:\WEBSITE\xampp-7.4\htdocs\web-master\vendor\codeigniter4\framework\system\Database\BaseBuilder.php(1966): CodeIgniter\Database\BaseConnection->query('SELECT COUNT(*)...', Array, false)
#2 D:\WEBSITE\xampp-7.4\htdocs\web-master\vendor\codeigniter4\framework\system\Model.php(570): CodeIgniter\Database\BaseBuilder->countAllResults(false)
#3 D:\WEBSITE\xampp-7.4\htdocs\web-master\vendor\codeigniter4\framework\system\BaseModel.php(1140): CodeIgniter\Model->countAllResults(false)
#4 D:\WEBSITE\xampp-7.4\htdocs\web-master\modules\FrontEndBlog\Models\ModelBlog.php(21): CodeIgniter\BaseModel->paginate(8, 'blog')
#5 D:\WEBSITE\xampp-7.4\htdocs\web-master\modules\FrontEndBlog\Controllers\Blog.php(25): Modules\FrontEndBlog\Models\ModelBlog->get_blog(8)
#6 D:\WEBSITE\xampp-7.4\htdocs\web-master\vendor\codeigniter4\framework\system\CodeIgniter.php(936): Modules\FrontEndBlog\Controllers\Blog->index()
#7 D:\WEBSITE\xampp-7.4\htdocs\web-master\vendor\codeigniter4\framework\system\CodeIgniter.php(432): CodeIgniter\CodeIgniter->runController(Object(Modules\FrontEndBlog\Controllers\Blog))
#8 D:\WEBSITE\xampp-7.4\htdocs\web-master\vendor\codeigniter4\framework\system\CodeIgniter.php(333): CodeIgniter\CodeIgniter->handleRequest(NULL, Object(Config\Cache), false)
#9 D:\WEBSITE\xampp-7.4\htdocs\web-master\public\index.php(44): CodeIgniter\CodeIgniter->run()
#10 D:\WEBSITE\xampp-7.4\htdocs\web-master\vendor\codeigniter4\framework\system\Commands\Server\rewrite.php(45): require_once('D:\\WEBSITE\\xamp...')
#11 {main}
ERROR - 2021-04-26 11:02:15 --> Error connecting to the database: No connection could be made because the target machine actively refused it.

CRITICAL - 2021-04-26 11:02:15 --> Unable to connect to the database.
#0 D:\WEBSITE\xampp-7.4\htdocs\web-master\vendor\codeigniter4\framework\system\Database\BaseConnection.php(618): CodeIgniter\Database\BaseConnection->initialize()
#1 D:\WEBSITE\xampp-7.4\htdocs\web-master\vendor\codeigniter4\framework\system\Database\BaseBuilder.php(1966): CodeIgniter\Database\BaseConnection->query('SELECT COUNT(*)...', Array, false)
#2 D:\WEBSITE\xampp-7.4\htdocs\web-master\vendor\codeigniter4\framework\system\Model.php(570): CodeIgniter\Database\BaseBuilder->countAllResults(false)
#3 D:\WEBSITE\xampp-7.4\htdocs\web-master\vendor\codeigniter4\framework\system\BaseModel.php(1140): CodeIgniter\Model->countAllResults(false)
#4 D:\WEBSITE\xampp-7.4\htdocs\web-master\modules\FrontEndBlog\Models\ModelBlog.php(21): CodeIgniter\BaseModel->paginate(8, 'blog')
#5 D:\WEBSITE\xampp-7.4\htdocs\web-master\modules\FrontEndBlog\Controllers\Blog.php(25): Modules\FrontEndBlog\Models\ModelBlog->get_blog(8)
#6 D:\WEBSITE\xampp-7.4\htdocs\web-master\vendor\codeigniter4\framework\system\CodeIgniter.php(936): Modules\FrontEndBlog\Controllers\Blog->index()
#7 D:\WEBSITE\xampp-7.4\htdocs\web-master\vendor\codeigniter4\framework\system\CodeIgniter.php(432): CodeIgniter\CodeIgniter->runController(Object(Modules\FrontEndBlog\Controllers\Blog))
#8 D:\WEBSITE\xampp-7.4\htdocs\web-master\vendor\codeigniter4\framework\system\CodeIgniter.php(333): CodeIgniter\CodeIgniter->handleRequest(NULL, Object(Config\Cache), false)
#9 D:\WEBSITE\xampp-7.4\htdocs\web-master\public\index.php(44): CodeIgniter\CodeIgniter->run()
#10 D:\WEBSITE\xampp-7.4\htdocs\web-master\vendor\codeigniter4\framework\system\Commands\Server\rewrite.php(45): require_once('D:\\WEBSITE\\xamp...')
#11 {main}
ERROR - 2021-04-26 11:02:28 --> Error connecting to the database: No connection could be made because the target machine actively refused it.

CRITICAL - 2021-04-26 11:02:28 --> Unable to connect to the database.
#0 D:\WEBSITE\xampp-7.4\htdocs\web-master\vendor\codeigniter4\framework\system\Database\BaseConnection.php(618): CodeIgniter\Database\BaseConnection->initialize()
#1 D:\WEBSITE\xampp-7.4\htdocs\web-master\vendor\codeigniter4\framework\system\Database\BaseBuilder.php(1966): CodeIgniter\Database\BaseConnection->query('SELECT COUNT(*)...', Array, false)
#2 D:\WEBSITE\xampp-7.4\htdocs\web-master\vendor\codeigniter4\framework\system\Model.php(570): CodeIgniter\Database\BaseBuilder->countAllResults(false)
#3 D:\WEBSITE\xampp-7.4\htdocs\web-master\vendor\codeigniter4\framework\system\BaseModel.php(1140): CodeIgniter\Model->countAllResults(false)
#4 D:\WEBSITE\xampp-7.4\htdocs\web-master\modules\FrontEndBlog\Models\ModelBlog.php(21): CodeIgniter\BaseModel->paginate(8, 'blog')
#5 D:\WEBSITE\xampp-7.4\htdocs\web-master\modules\FrontEndBlog\Controllers\Blog.php(25): Modules\FrontEndBlog\Models\ModelBlog->get_blog(8)
#6 D:\WEBSITE\xampp-7.4\htdocs\web-master\vendor\codeigniter4\framework\system\CodeIgniter.php(936): Modules\FrontEndBlog\Controllers\Blog->index()
#7 D:\WEBSITE\xampp-7.4\htdocs\web-master\vendor\codeigniter4\framework\system\CodeIgniter.php(432): CodeIgniter\CodeIgniter->runController(Object(Modules\FrontEndBlog\Controllers\Blog))
#8 D:\WEBSITE\xampp-7.4\htdocs\web-master\vendor\codeigniter4\framework\system\CodeIgniter.php(333): CodeIgniter\CodeIgniter->handleRequest(NULL, Object(Config\Cache), false)
#9 D:\WEBSITE\xampp-7.4\htdocs\web-master\public\index.php(44): CodeIgniter\CodeIgniter->run()
#10 D:\WEBSITE\xampp-7.4\htdocs\web-master\vendor\codeigniter4\framework\system\Commands\Server\rewrite.php(45): require_once('D:\\WEBSITE\\xamp...')
#11 {main}
ERROR - 2021-04-26 11:02:58 --> Error connecting to the database: No connection could be made because the target machine actively refused it.

CRITICAL - 2021-04-26 11:02:58 --> Unable to connect to the database.
#0 D:\WEBSITE\xampp-7.4\htdocs\web-master\vendor\codeigniter4\framework\system\Database\BaseConnection.php(618): CodeIgniter\Database\BaseConnection->initialize()
#1 D:\WEBSITE\xampp-7.4\htdocs\web-master\vendor\codeigniter4\framework\system\Database\BaseBuilder.php(1866): CodeIgniter\Database\BaseConnection->query('SELECT `blog`.`...', Array, false)
#2 D:\WEBSITE\xampp-7.4\htdocs\web-master\vendor\codeigniter4\framework\system\Model.php(836): CodeIgniter\Database\BaseBuilder->get()
#3 D:\WEBSITE\xampp-7.4\htdocs\web-master\modules\FrontEndBlog\Models\ModelBlog.php(34): CodeIgniter\Model->__call('get', Array)
#4 D:\WEBSITE\xampp-7.4\htdocs\web-master\modules\FrontEndBlog\Controllers\Blog.php(43): Modules\FrontEndBlog\Models\ModelBlog->get_detail_blog('fashion-now-3')
#5 D:\WEBSITE\xampp-7.4\htdocs\web-master\vendor\codeigniter4\framework\system\CodeIgniter.php(936): Modules\FrontEndBlog\Controllers\Blog->detail('fashion-now-3')
#6 D:\WEBSITE\xampp-7.4\htdocs\web-master\vendor\codeigniter4\framework\system\CodeIgniter.php(432): CodeIgniter\CodeIgniter->runController(Object(Modules\FrontEndBlog\Controllers\Blog))
#7 D:\WEBSITE\xampp-7.4\htdocs\web-master\vendor\codeigniter4\framework\system\CodeIgniter.php(333): CodeIgniter\CodeIgniter->handleRequest(NULL, Object(Config\Cache), false)
#8 D:\WEBSITE\xampp-7.4\htdocs\web-master\public\index.php(44): CodeIgniter\CodeIgniter->run()
#9 D:\WEBSITE\xampp-7.4\htdocs\web-master\vendor\codeigniter4\framework\system\Commands\Server\rewrite.php(45): require_once('D:\\WEBSITE\\xamp...')
#10 {main}
CRITICAL - 2021-04-26 11:09:14 --> Trying to access array offset on value of type null
#0 D:\WEBSITE\xampp-7.4\htdocs\web-master\modules\FrontEndBlog\Controllers\Blog.php(49): CodeIgniter\Debug\Exceptions->errorHandler(8, 'Trying to acces...', 'D:\\WEBSITE\\xamp...', 49, Array)
#1 D:\WEBSITE\xampp-7.4\htdocs\web-master\vendor\codeigniter4\framework\system\CodeIgniter.php(936): Modules\FrontEndBlog\Controllers\Blog->detail('fashion-now-3')
#2 D:\WEBSITE\xampp-7.4\htdocs\web-master\vendor\codeigniter4\framework\system\CodeIgniter.php(432): CodeIgniter\CodeIgniter->runController(Object(Modules\FrontEndBlog\Controllers\Blog))
#3 D:\WEBSITE\xampp-7.4\htdocs\web-master\vendor\codeigniter4\framework\system\CodeIgniter.php(333): CodeIgniter\CodeIgniter->handleRequest(NULL, Object(Config\Cache), false)
#4 D:\WEBSITE\xampp-7.4\htdocs\web-master\public\index.php(44): CodeIgniter\CodeIgniter->run()
#5 D:\WEBSITE\xampp-7.4\htdocs\web-master\vendor\codeigniter4\framework\system\Commands\Server\rewrite.php(45): require_once('D:\\WEBSITE\\xamp...')
#6 {main}
CRITICAL - 2021-04-26 11:09:36 --> Trying to access array offset on value of type null
#0 D:\WEBSITE\xampp-7.4\htdocs\web-master\modules\FrontEndBlog\Controllers\Blog.php(49): CodeIgniter\Debug\Exceptions->errorHandler(8, 'Trying to acces...', 'D:\\WEBSITE\\xamp...', 49, Array)
#1 D:\WEBSITE\xampp-7.4\htdocs\web-master\vendor\codeigniter4\framework\system\CodeIgniter.php(936): Modules\FrontEndBlog\Controllers\Blog->detail('fashion-now-3')
#2 D:\WEBSITE\xampp-7.4\htdocs\web-master\vendor\codeigniter4\framework\system\CodeIgniter.php(432): CodeIgniter\CodeIgniter->runController(Object(Modules\FrontEndBlog\Controllers\Blog))
#3 D:\WEBSITE\xampp-7.4\htdocs\web-master\vendor\codeigniter4\framework\system\CodeIgniter.php(333): CodeIgniter\CodeIgniter->handleRequest(NULL, Object(Config\Cache), false)
#4 D:\WEBSITE\xampp-7.4\htdocs\web-master\public\index.php(44): CodeIgniter\CodeIgniter->run()
#5 D:\WEBSITE\xampp-7.4\htdocs\web-master\vendor\codeigniter4\framework\system\Commands\Server\rewrite.php(45): require_once('D:\\WEBSITE\\xamp...')
#6 {main}
CRITICAL - 2021-04-26 11:10:05 --> Trying to access array offset on value of type null
#0 D:\WEBSITE\xampp-7.4\htdocs\web-master\modules\FrontEndBlog\Controllers\Blog.php(49): CodeIgniter\Debug\Exceptions->errorHandler(8, 'Trying to acces...', 'D:\\WEBSITE\\xamp...', 49, Array)
#1 D:\WEBSITE\xampp-7.4\htdocs\web-master\vendor\codeigniter4\framework\system\CodeIgniter.php(936): Modules\FrontEndBlog\Controllers\Blog->detail('fashion-now-3')
#2 D:\WEBSITE\xampp-7.4\htdocs\web-master\vendor\codeigniter4\framework\system\CodeIgniter.php(432): CodeIgniter\CodeIgniter->runController(Object(Modules\FrontEndBlog\Controllers\Blog))
#3 D:\WEBSITE\xampp-7.4\htdocs\web-master\vendor\codeigniter4\framework\system\CodeIgniter.php(333): CodeIgniter\CodeIgniter->handleRequest(NULL, Object(Config\Cache), false)
#4 D:\WEBSITE\xampp-7.4\htdocs\web-master\public\index.php(44): CodeIgniter\CodeIgniter->run()
#5 D:\WEBSITE\xampp-7.4\htdocs\web-master\vendor\codeigniter4\framework\system\Commands\Server\rewrite.php(45): require_once('D:\\WEBSITE\\xamp...')
#6 {main}
CRITICAL - 2021-04-26 11:11:03 --> Trying to access array offset on value of type null
#0 D:\WEBSITE\xampp-7.4\htdocs\web-master\modules\FrontEndBlog\Controllers\Blog.php(49): CodeIgniter\Debug\Exceptions->errorHandler(8, 'Trying to acces...', 'D:\\WEBSITE\\xamp...', 49, Array)
#1 D:\WEBSITE\xampp-7.4\htdocs\web-master\vendor\codeigniter4\framework\system\CodeIgniter.php(936): Modules\FrontEndBlog\Controllers\Blog->detail('img', 'blog-avatar2.jp...')
#2 D:\WEBSITE\xampp-7.4\htdocs\web-master\vendor\codeigniter4\framework\system\CodeIgniter.php(432): CodeIgniter\CodeIgniter->runController(Object(Modules\FrontEndBlog\Controllers\Blog))
#3 D:\WEBSITE\xampp-7.4\htdocs\web-master\vendor\codeigniter4\framework\system\CodeIgniter.php(333): CodeIgniter\CodeIgniter->handleRequest(NULL, Object(Config\Cache), false)
#4 D:\WEBSITE\xampp-7.4\htdocs\web-master\public\index.php(44): CodeIgniter\CodeIgniter->run()
#5 D:\WEBSITE\xampp-7.4\htdocs\web-master\vendor\codeigniter4\framework\system\Commands\Server\rewrite.php(45): require_once('D:\\WEBSITE\\xamp...')
#6 {main}
CRITICAL - 2021-04-26 11:11:03 --> Trying to access array offset on value of type null
#0 D:\WEBSITE\xampp-7.4\htdocs\web-master\modules\FrontEndBlog\Controllers\Blog.php(49): CodeIgniter\Debug\Exceptions->errorHandler(8, 'Trying to acces...', 'D:\\WEBSITE\\xamp...', 49, Array)
#1 D:\WEBSITE\xampp-7.4\htdocs\web-master\vendor\codeigniter4\framework\system\CodeIgniter.php(936): Modules\FrontEndBlog\Controllers\Blog->detail('img', 'blog-avatar.jpg')
#2 D:\WEBSITE\xampp-7.4\htdocs\web-master\vendor\codeigniter4\framework\system\CodeIgniter.php(432): CodeIgniter\CodeIgniter->runController(Object(Modules\FrontEndBlog\Controllers\Blog))
#3 D:\WEBSITE\xampp-7.4\htdocs\web-master\vendor\codeigniter4\framework\system\CodeIgniter.php(333): CodeIgniter\CodeIgniter->handleRequest(NULL, Object(Config\Cache), false)
#4 D:\WEBSITE\xampp-7.4\htdocs\web-master\public\index.php(44): CodeIgniter\CodeIgniter->run()
#5 D:\WEBSITE\xampp-7.4\htdocs\web-master\vendor\codeigniter4\framework\system\Commands\Server\rewrite.php(45): require_once('D:\\WEBSITE\\xamp...')
#6 {main}
ERROR - 2021-04-26 16:07:23 --> Error connecting to the database: Unknown database 'database_web_master'
CRITICAL - 2021-04-26 16:07:23 --> Unable to connect to the database.
#0 D:\WEBSITE\xampp-7.4\htdocs\web-master\vendor\codeigniter4\framework\system\Database\BaseConnection.php(618): CodeIgniter\Database\BaseConnection->initialize()
#1 D:\WEBSITE\xampp-7.4\htdocs\web-master\vendor\codeigniter4\framework\system\Database\BaseBuilder.php(1966): CodeIgniter\Database\BaseConnection->query('SELECT COUNT(*)...', Array, false)
#2 D:\WEBSITE\xampp-7.4\htdocs\web-master\vendor\codeigniter4\framework\system\Model.php(570): CodeIgniter\Database\BaseBuilder->countAllResults(false)
#3 D:\WEBSITE\xampp-7.4\htdocs\web-master\vendor\codeigniter4\framework\system\BaseModel.php(1140): CodeIgniter\Model->countAllResults(false)
#4 D:\WEBSITE\xampp-7.4\htdocs\web-master\modules\FrontEndBlog\Models\ModelBlog.php(22): CodeIgniter\BaseModel->paginate(8, 'blog')
#5 D:\WEBSITE\xampp-7.4\htdocs\web-master\modules\FrontEndLayout\Controllers\Layout.php(22): Modules\FrontEndBlog\Models\ModelBlog->get_blog(8)
#6 D:\WEBSITE\xampp-7.4\htdocs\web-master\vendor\codeigniter4\framework\system\CodeIgniter.php(936): Modules\FrontEndLayout\Controllers\Layout->index()
#7 D:\WEBSITE\xampp-7.4\htdocs\web-master\vendor\codeigniter4\framework\system\CodeIgniter.php(432): CodeIgniter\CodeIgniter->runController(Object(Modules\FrontEndLayout\Controllers\Layout))
#8 D:\WEBSITE\xampp-7.4\htdocs\web-master\vendor\codeigniter4\framework\system\CodeIgniter.php(333): CodeIgniter\CodeIgniter->handleRequest(NULL, Object(Config\Cache), false)
#9 D:\WEBSITE\xampp-7.4\htdocs\web-master\public\index.php(44): CodeIgniter\CodeIgniter->run()
#10 D:\WEBSITE\xampp-7.4\htdocs\web-master\vendor\codeigniter4\framework\system\Commands\Server\rewrite.php(45): require_once('D:\\WEBSITE\\xamp...')
#11 {main}
ERROR - 2021-04-26 19:57:18 --> mysqli_sql_exception: Unknown column 'blog.deleted_at' in 'where clause' in D:\WEBSITE\xampp-7.4\htdocs\web-master\vendor\codeigniter4\framework\system\Database\MySQLi\Connection.php:314
Stack trace:
#0 D:\WEBSITE\xampp-7.4\htdocs\web-master\vendor\codeigniter4\framework\system\Database\MySQLi\Connection.php(314): mysqli->query('SELECT `nama_me...')
#1 D:\WEBSITE\xampp-7.4\htdocs\web-master\vendor\codeigniter4\framework\system\Database\BaseConnection.php(713): CodeIgniter\Database\MySQLi\Connection->execute('SELECT `nama_me...')
#2 D:\WEBSITE\xampp-7.4\htdocs\web-master\vendor\codeigniter4\framework\system\Database\BaseConnection.php(641): CodeIgniter\Database\BaseConnection->simpleQuery('SELECT `nama_me...')
#3 D:\WEBSITE\xampp-7.4\htdocs\web-master\vendor\codeigniter4\framework\system\Database\BaseBuilder.php(1866): CodeIgniter\Database\BaseConnection->query('SELECT `nama_me...', Array, false)
#4 D:\WEBSITE\xampp-7.4\htdocs\web-master\modules\AdminMenu\Models\ModelMenu.php(24): CodeIgniter\Database\BaseBuilder->get()
#5 D:\WEBSITE\xampp-7.4\htdocs\web-master\modules\AdminMenu\Controllers\DataMenu.php(24): Modules\AdminMenu\Models\ModelMenu->get_menu()
#6 D:\WEBSITE\xampp-7.4\htdocs\web-master\vendor\codeigniter4\framework\system\CodeIgniter.php(936): Modules\AdminMenu\Controllers\DataMenu->menu()
#7 D:\WEBSITE\xampp-7.4\htdocs\web-master\vendor\codeigniter4\framework\system\CodeIgniter.php(432): CodeIgniter\CodeIgniter->runController(Object(Modules\AdminMenu\Controllers\DataMenu))
#8 D:\WEBSITE\xampp-7.4\htdocs\web-master\vendor\codeigniter4\framework\system\CodeIgniter.php(333): CodeIgniter\CodeIgniter->handleRequest(NULL, Object(Config\Cache), false)
#9 D:\WEBSITE\xampp-7.4\htdocs\web-master\public\index.php(44): CodeIgniter\CodeIgniter->run()
#10 D:\WEBSITE\xampp-7.4\htdocs\web-master\vendor\codeigniter4\framework\system\Commands\Server\rewrite.php(45): require_once('D:\\WEBSITE\\xamp...')
#11 {main}
CRITICAL - 2021-04-26 19:57:18 --> Unknown column 'blog.deleted_at' in 'where clause'
#0 D:\WEBSITE\xampp-7.4\htdocs\web-master\vendor\codeigniter4\framework\system\Database\MySQLi\Connection.php(314): mysqli->query('SELECT `nama_me...')
#1 D:\WEBSITE\xampp-7.4\htdocs\web-master\vendor\codeigniter4\framework\system\Database\BaseConnection.php(713): CodeIgniter\Database\MySQLi\Connection->execute('SELECT `nama_me...')
#2 D:\WEBSITE\xampp-7.4\htdocs\web-master\vendor\codeigniter4\framework\system\Database\BaseConnection.php(641): CodeIgniter\Database\BaseConnection->simpleQuery('SELECT `nama_me...')
#3 D:\WEBSITE\xampp-7.4\htdocs\web-master\vendor\codeigniter4\framework\system\Database\BaseBuilder.php(1866): CodeIgniter\Database\BaseConnection->query('SELECT `nama_me...', Array, false)
#4 D:\WEBSITE\xampp-7.4\htdocs\web-master\modules\AdminMenu\Models\ModelMenu.php(24): CodeIgniter\Database\BaseBuilder->get()
#5 D:\WEBSITE\xampp-7.4\htdocs\web-master\modules\AdminMenu\Controllers\DataMenu.php(24): Modules\AdminMenu\Models\ModelMenu->get_menu()
#6 D:\WEBSITE\xampp-7.4\htdocs\web-master\vendor\codeigniter4\framework\system\CodeIgniter.php(936): Modules\AdminMenu\Controllers\DataMenu->menu()
#7 D:\WEBSITE\xampp-7.4\htdocs\web-master\vendor\codeigniter4\framework\system\CodeIgniter.php(432): CodeIgniter\CodeIgniter->runController(Object(Modules\AdminMenu\Controllers\DataMenu))
#8 D:\WEBSITE\xampp-7.4\htdocs\web-master\vendor\codeigniter4\framework\system\CodeIgniter.php(333): CodeIgniter\CodeIgniter->handleRequest(NULL, Object(Config\Cache), false)
#9 D:\WEBSITE\xampp-7.4\htdocs\web-master\public\index.php(44): CodeIgniter\CodeIgniter->run()
#10 D:\WEBSITE\xampp-7.4\htdocs\web-master\vendor\codeigniter4\framework\system\Commands\Server\rewrite.php(45): require_once('D:\\WEBSITE\\xamp...')
#11 {main}
CRITICAL - 2021-04-26 19:57:28 --> Undefined variable: kategori
#0 D:\WEBSITE\xampp-7.4\htdocs\web-master\modules\AdminMenu\Views\menu.php(90): CodeIgniter\Debug\Exceptions->errorHandler(8, 'Undefined varia...', 'D:\\WEBSITE\\xamp...', 90, Array)
#1 D:\WEBSITE\xampp-7.4\htdocs\web-master\vendor\codeigniter4\framework\system\View\View.php(220): include('D:\\WEBSITE\\xamp...')
#2 D:\WEBSITE\xampp-7.4\htdocs\web-master\vendor\codeigniter4\framework\system\View\View.php(222): CodeIgniter\View\View->CodeIgniter\View\{closure}()
#3 D:\WEBSITE\xampp-7.4\htdocs\web-master\vendor\codeigniter4\framework\system\Common.php(1217): CodeIgniter\View\View->render('Modules\\AdminMe...', Array, true)
#4 D:\WEBSITE\xampp-7.4\htdocs\web-master\modules\AdminMenu\Controllers\DataMenu.php(33): view('Modules\\AdminMe...', Array)
#5 D:\WEBSITE\xampp-7.4\htdocs\web-master\vendor\codeigniter4\framework\system\CodeIgniter.php(936): Modules\AdminMenu\Controllers\DataMenu->menu()
#6 D:\WEBSITE\xampp-7.4\htdocs\web-master\vendor\codeigniter4\framework\system\CodeIgniter.php(432): CodeIgniter\CodeIgniter->runController(Object(Modules\AdminMenu\Controllers\DataMenu))
#7 D:\WEBSITE\xampp-7.4\htdocs\web-master\vendor\codeigniter4\framework\system\CodeIgniter.php(333): CodeIgniter\CodeIgniter->handleRequest(NULL, Object(Config\Cache), false)
#8 D:\WEBSITE\xampp-7.4\htdocs\web-master\public\index.php(44): CodeIgniter\CodeIgniter->run()
#9 D:\WEBSITE\xampp-7.4\htdocs\web-master\vendor\codeigniter4\framework\system\Commands\Server\rewrite.php(45): require_once('D:\\WEBSITE\\xamp...')
#10 {main}
CRITICAL - 2021-04-26 20:19:37 --> Undefined index: status
#0 D:\WEBSITE\xampp-7.4\htdocs\web-master\modules\AdminMenu\Views\menu.php(122): CodeIgniter\Debug\Exceptions->errorHandler(8, 'Undefined index...', 'D:\\WEBSITE\\xamp...', 122, Array)
#1 D:\WEBSITE\xampp-7.4\htdocs\web-master\vendor\codeigniter4\framework\system\View\View.php(220): include('D:\\WEBSITE\\xamp...')
#2 D:\WEBSITE\xampp-7.4\htdocs\web-master\vendor\codeigniter4\framework\system\View\View.php(222): CodeIgniter\View\View->CodeIgniter\View\{closure}()
#3 D:\WEBSITE\xampp-7.4\htdocs\web-master\vendor\codeigniter4\framework\system\Common.php(1217): CodeIgniter\View\View->render('Modules\\AdminMe...', Array, true)
#4 D:\WEBSITE\xampp-7.4\htdocs\web-master\modules\AdminMenu\Controllers\DataMenu.php(33): view('Modules\\AdminMe...', Array)
#5 D:\WEBSITE\xampp-7.4\htdocs\web-master\vendor\codeigniter4\framework\system\CodeIgniter.php(936): Modules\AdminMenu\Controllers\DataMenu->menu()
#6 D:\WEBSITE\xampp-7.4\htdocs\web-master\vendor\codeigniter4\framework\system\CodeIgniter.php(432): CodeIgniter\CodeIgniter->runController(Object(Modules\AdminMenu\Controllers\DataMenu))
#7 D:\WEBSITE\xampp-7.4\htdocs\web-master\vendor\codeigniter4\framework\system\CodeIgniter.php(333): CodeIgniter\CodeIgniter->handleRequest(NULL, Object(Config\Cache), false)
#8 D:\WEBSITE\xampp-7.4\htdocs\web-master\public\index.php(44): CodeIgniter\CodeIgniter->run()
#9 D:\WEBSITE\xampp-7.4\htdocs\web-master\vendor\codeigniter4\framework\system\Commands\Server\rewrite.php(45): require_once('D:\\WEBSITE\\xamp...')
#10 {main}
CRITICAL - 2021-04-26 20:23:36 --> Undefined index: no_urut
#0 D:\WEBSITE\xampp-7.4\htdocs\web-master\modules\AdminMenu\Views\menu.php(201): CodeIgniter\Debug\Exceptions->errorHandler(8, 'Undefined index...', 'D:\\WEBSITE\\xamp...', 201, Array)
#1 D:\WEBSITE\xampp-7.4\htdocs\web-master\vendor\codeigniter4\framework\system\View\View.php(220): include('D:\\WEBSITE\\xamp...')
#2 D:\WEBSITE\xampp-7.4\htdocs\web-master\vendor\codeigniter4\framework\system\View\View.php(222): CodeIgniter\View\View->CodeIgniter\View\{closure}()
#3 D:\WEBSITE\xampp-7.4\htdocs\web-master\vendor\codeigniter4\framework\system\Common.php(1217): CodeIgniter\View\View->render('Modules\\AdminMe...', Array, true)
#4 D:\WEBSITE\xampp-7.4\htdocs\web-master\modules\AdminMenu\Controllers\DataMenu.php(33): view('Modules\\AdminMe...', Array)
#5 D:\WEBSITE\xampp-7.4\htdocs\web-master\vendor\codeigniter4\framework\system\CodeIgniter.php(936): Modules\AdminMenu\Controllers\DataMenu->menu()
#6 D:\WEBSITE\xampp-7.4\htdocs\web-master\vendor\codeigniter4\framework\system\CodeIgniter.php(432): CodeIgniter\CodeIgniter->runController(Object(Modules\AdminMenu\Controllers\DataMenu))
#7 D:\WEBSITE\xampp-7.4\htdocs\web-master\vendor\codeigniter4\framework\system\CodeIgniter.php(333): CodeIgniter\CodeIgniter->handleRequest(NULL, Object(Config\Cache), false)
#8 D:\WEBSITE\xampp-7.4\htdocs\web-master\public\index.php(44): CodeIgniter\CodeIgniter->run()
#9 D:\WEBSITE\xampp-7.4\htdocs\web-master\vendor\codeigniter4\framework\system\Commands\Server\rewrite.php(45): require_once('D:\\WEBSITE\\xamp...')
#10 {main}
CRITICAL - 2021-04-26 20:38:50 --> You do not have sufficient permissions to access that page.
#0 D:\WEBSITE\xampp-7.4\htdocs\web-master\vendor\codeigniter4\framework\system\Filters\Filters.php(181): Myth\Auth\Filters\PermissionFilter->before(Object(CodeIgniter\HTTP\IncomingRequest), Array)
#1 D:\WEBSITE\xampp-7.4\htdocs\web-master\vendor\codeigniter4\framework\system\CodeIgniter.php(403): CodeIgniter\Filters\Filters->run('admin-menu', 'before')
#2 D:\WEBSITE\xampp-7.4\htdocs\web-master\vendor\codeigniter4\framework\system\CodeIgniter.php(333): CodeIgniter\CodeIgniter->handleRequest(NULL, Object(Config\Cache), false)
#3 D:\WEBSITE\xampp-7.4\htdocs\web-master\public\index.php(44): CodeIgniter\CodeIgniter->run()
#4 D:\WEBSITE\xampp-7.4\htdocs\web-master\vendor\codeigniter4\framework\system\Commands\Server\rewrite.php(45): require_once('D:\\WEBSITE\\xamp...')
#5 {main}
